2024-09-10 14:10:32,738 - Module(logger):Line(76) INFO - --------------------------------------------------
2024-09-10 14:10:32,759 - Module(logger):Line(77) INFO - --------------------------------------------------
2024-09-10 14:10:32,760 - Module(convert_video):Line(22) INFO - ::: Processing camera G5Bullet_07 with MAC address F4E2C678CCA0 :::
2024-09-10 14:10:32,761 - Module(convert_video):Line(23) INFO - Source directory: /srv/unifi-protect/video/2024/08/23
2024-09-10 14:10:32,761 - Module(convert_video):Line(24) INFO - Destination directory: /volume1/videos/2024-08-23/G5Bullet_07
2024-09-10 14:10:32,762 - Module(logger):Line(76) INFO - --------------------------------------------------
2024-09-10 14:10:32,762 - Module(logger):Line(77) INFO - --------------------------------------------------
2024-09-10 14:10:54,761 - Module(convert_video):Line(47) INFO - Successfully converted /srv/unifi-protect/video/2024/08/23/F4E2C678CCA0_0_rotating_1724403324282.ubv to /volume1/videos/2024-08-23/G5Bullet_07/G5Bullet_07_F4E2C678CCA0_2024-08-23_1
2024-09-10 14:11:19,267 - Module(convert_video):Line(47) INFO - Successfully converted /srv/unifi-protect/video/2024/08/23/F4E2C678CCA0_0_rotating_1724404752413.ubv to /volume1/videos/2024-08-23/G5Bullet_07/G5Bullet_07_F4E2C678CCA0_2024-08-23_2
2024-09-10 14:11:34,529 - Module(convert_video):Line(47) INFO - Successfully converted /srv/unifi-protect/video/2024/08/23/F4E2C678CCA0_0_rotating_1724406185030.ubv to /volume1/videos/2024-08-23/G5Bullet_07/G5Bullet_07_F4E2C678CCA0_2024-08-23_3
2024-09-10 14:11:53,546 - Module(convert_video):Line(47) INFO - Successfully converted /srv/unifi-protect/video/2024/08/23/F4E2C678CCA0_0_rotating_1724407711611.ubv to /volume1/videos/2024-08-23/G5Bullet_07/G5Bullet_07_F4E2C678CCA0_2024-08-23_4
2024-09-10 14:12:10,049 - Module(convert_video):Line(47) INFO - Successfully converted /srv/unifi-protect/video/2024/08/23/F4E2C678CCA0_0_rotating_1724409182095.ubv to /volume1/videos/2024-08-23/G5Bullet_07/G5Bullet_07_F4E2C678CCA0_2024-08-23_5
2024-09-10 14:12:28,595 - Module(convert_video):Line(47) INFO - Successfully converted /srv/unifi-protect/video/2024/08/23/F4E2C678CCA0_0_rotating_1724410685489.ubv to /volume1/videos/2024-08-23/G5Bullet_07/G5Bullet_07_F4E2C678CCA0_2024-08-23_6
2024-09-10 14:12:47,209 - Module(convert_video):Line(47) INFO - Successfully converted /srv/unifi-protect/video/2024/08/23/F4E2C678CCA0_0_rotating_1724412186036.ubv to /volume1/videos/2024-08-23/G5Bullet_07/G5Bullet_07_F4E2C678CCA0_2024-08-23_7
2024-09-10 14:13:08,924 - Module(convert_video):Line(47) INFO - Successfully converted /srv/unifi-protect/video/2024/08/23/F4E2C678CCA0_0_rotating_1724413694528.ubv to /volume1/videos/2024-08-23/G5Bullet_07/G5Bullet_07_F4E2C678CCA0_2024-08-23_8
2024-09-10 14:13:26,761 - Module(convert_video):Line(47) INFO - Successfully converted /srv/unifi-protect/video/2024/08/23/F4E2C678CCA0_0_rotating_1724415221580.ubv to /volume1/videos/2024-08-23/G5Bullet_07/G5Bullet_07_F4E2C678CCA0_2024-08-23_9
2024-09-10 14:13:46,811 - Module(convert_video):Line(47) INFO - Successfully converted /srv/unifi-protect/video/2024/08/23/F4E2C678CCA0_0_rotating_1724416709557.ubv to /volume1/videos/2024-08-23/G5Bullet_07/G5Bullet_07_F4E2C678CCA0_2024-08-23_10
2024-09-10 14:14:08,703 - Module(convert_video):Line(47) INFO - Successfully converted /srv/unifi-protect/video/2024/08/23/F4E2C678CCA0_0_rotating_1724418173322.ubv to /volume1/videos/2024-08-23/G5Bullet_07/G5Bullet_07_F4E2C678CCA0_2024-08-23_11
2024-09-10 14:14:26,512 - Module(convert_video):Line(47) INFO - Successfully converted /srv/unifi-protect/video/2024/08/23/F4E2C678CCA0_0_rotating_1724419711463.ubv to /volume1/videos/2024-08-23/G5Bullet_07/G5Bullet_07_F4E2C678CCA0_2024-08-23_12
2024-09-10 14:14:47,226 - Module(convert_video):Line(47) INFO - Successfully converted /srv/unifi-protect/video/2024/08/23/F4E2C678CCA0_0_rotating_1724421283254.ubv to /volume1/videos/2024-08-23/G5Bullet_07/G5Bullet_07_F4E2C678CCA0_2024-08-23_13
2024-09-10 14:15:07,541 - Module(convert_video):Line(47) INFO - Successfully converted /srv/unifi-protect/video/2024/08/23/F4E2C678CCA0_0_rotating_1724422862855.ubv to /volume1/videos/2024-08-23/G5Bullet_07/G5Bullet_07_F4E2C678CCA0_2024-08-23_14
2024-09-10 14:15:31,293 - Module(convert_video):Line(47) INFO - Successfully converted /srv/unifi-protect/video/2024/08/23/F4E2C678CCA0_0_rotating_1724424372618.ubv to /volume1/videos/2024-08-23/G5Bullet_07/G5Bullet_07_F4E2C678CCA0_2024-08-23_15
2024-09-10 14:15:56,526 - Module(convert_video):Line(47) INFO - Successfully converted /srv/unifi-protect/video/2024/08/23/F4E2C678CCA0_0_rotating_1724425782844.ubv to /volume1/videos/2024-08-23/G5Bullet_07/G5Bullet_07_F4E2C678CCA0_2024-08-23_16
2024-09-10 14:16:19,882 - Module(convert_video):Line(47) INFO - Successfully converted /srv/unifi-protect/video/2024/08/23/F4E2C678CCA0_0_rotating_1724427248305.ubv to /volume1/videos/2024-08-23/G5Bullet_07/G5Bullet_07_F4E2C678CCA0_2024-08-23_17
2024-09-10 14:16:37,042 - Module(convert_video):Line(47) INFO - Successfully converted /srv/unifi-protect/video/2024/08/23/F4E2C678CCA0_0_rotating_1724428659006.ubv to /volume1/videos/2024-08-23/G5Bullet_07/G5Bullet_07_F4E2C678CCA0_2024-08-23_18
2024-09-10 14:16:58,436 - Module(convert_video):Line(47) INFO - Successfully converted /srv/unifi-protect/video/2024/08/23/F4E2C678CCA0_0_rotating_1724430166652.ubv to /volume1/videos/2024-08-23/G5Bullet_07/G5Bullet_07_F4E2C678CCA0_2024-08-23_19
2024-09-10 14:17:18,188 - Module(convert_video):Line(47) INFO - Successfully converted /srv/unifi-protect/video/2024/08/23/F4E2C678CCA0_0_rotating_1724431547420.ubv to /volume1/videos/2024-08-23/G5Bullet_07/G5Bullet_07_F4E2C678CCA0_2024-08-23_20
2024-09-10 14:17:42,760 - Module(convert_video):Line(47) INFO - Successfully converted /srv/unifi-protect/video/2024/08/23/F4E2C678CCA0_0_rotating_1724433043380.ubv to /volume1/videos/2024-08-23/G5Bullet_07/G5Bullet_07_F4E2C678CCA0_2024-08-23_21
2024-09-10 14:18:06,607 - Module(convert_video):Line(47) INFO - Successfully converted /srv/unifi-protect/video/2024/08/23/F4E2C678CCA0_0_rotating_1724434469445.ubv to /volume1/videos/2024-08-23/G5Bullet_07/G5Bullet_07_F4E2C678CCA0_2024-08-23_22
2024-09-10 14:18:25,129 - Module(convert_video):Line(47) INFO - Successfully converted /srv/unifi-protect/video/2024/08/23/F4E2C678CCA0_0_rotating_1724435818188.ubv to /volume1/videos/2024-08-23/G5Bullet_07/G5Bullet_07_F4E2C678CCA0_2024-08-23_23
2024-09-10 14:18:45,827 - Module(convert_video):Line(47) INFO - Successfully converted /srv/unifi-protect/video/2024/08/23/F4E2C678CCA0_0_rotating_1724437358711.ubv to /volume1/videos/2024-08-23/G5Bullet_07/G5Bullet_07_F4E2C678CCA0_2024-08-23_24
2024-09-10 14:19:11,121 - Module(convert_video):Line(47) INFO - Successfully converted /srv/unifi-protect/video/2024/08/23/F4E2C678CCA0_0_rotating_1724439059158.ubv to /volume1/videos/2024-08-23/G5Bullet_07/G5Bullet_07_F4E2C678CCA0_2024-08-23_25
2024-09-10 14:19:31,284 - Module(convert_video):Line(47) INFO - Successfully converted /srv/unifi-protect/video/2024/08/23/F4E2C678CCA0_0_rotating_1724440595912.ubv to /volume1/videos/2024-08-23/G5Bullet_07/G5Bullet_07_F4E2C678CCA0_2024-08-23_26
2024-09-10 14:19:54,928 - Module(convert_video):Line(47) INFO - Successfully converted /srv/unifi-protect/video/2024/08/23/F4E2C678CCA0_0_rotating_1724442135516.ubv to /volume1/videos/2024-08-23/G5Bullet_07/G5Bullet_07_F4E2C678CCA0_2024-08-23_27
2024-09-10 14:20:23,076 - Module(convert_video):Line(47) INFO - Successfully converted /srv/unifi-protect/video/2024/08/23/F4E2C678CCA0_0_rotating_1724443641020.ubv to /volume1/videos/2024-08-23/G5Bullet_07/G5Bullet_07_F4E2C678CCA0_2024-08-23_28
2024-09-10 14:20:47,618 - Module(convert_video):Line(47) INFO - Successfully converted /srv/unifi-protect/video/2024/08/23/F4E2C678CCA0_0_rotating_1724445226313.ubv to /volume1/videos/2024-08-23/G5Bullet_07/G5Bullet_07_F4E2C678CCA0_2024-08-23_29
2024-09-10 14:21:11,890 - Module(convert_video):Line(47) INFO - Successfully converted /srv/unifi-protect/video/2024/08/23/F4E2C678CCA0_0_rotating_1724446841456.ubv to /volume1/videos/2024-08-23/G5Bullet_07/G5Bullet_07_F4E2C678CCA0_2024-08-23_30
2024-09-10 14:21:29,911 - Module(convert_video):Line(47) INFO - Successfully converted /srv/unifi-protect/video/2024/08/23/F4E2C678CCA0_0_rotating_1724448452341.ubv to /volume1/videos/2024-08-23/G5Bullet_07/G5Bullet_07_F4E2C678CCA0_2024-08-23_31
2024-09-10 14:21:48,635 - Module(convert_video):Line(47) INFO - Successfully converted /srv/unifi-protect/video/2024/08/23/F4E2C678CCA0_0_rotating_1724450083196.ubv to /volume1/videos/2024-08-23/G5Bullet_07/G5Bullet_07_F4E2C678CCA0_2024-08-23_32
2024-09-10 14:21:48,637 - Module(logger):Line(76) INFO - --------------------------------------------------
2024-09-10 14:21:48,638 - Module(logger):Line(77) INFO - --------------------------------------------------
2024-09-10 14:21:48,638 - Module(convert_video):Line(22) INFO - ::: Processing camera G5Bullet_26 with MAC address F4E2C678D12A :::
2024-09-10 14:21:48,647 - Module(convert_video):Line(23) INFO - Source directory: /srv/unifi-protect/video/2024/08/23
2024-09-10 14:21:48,648 - Module(convert_video):Line(24) INFO - Destination directory: /volume1/videos/2024-08-23/G5Bullet_26
2024-09-10 14:21:48,648 - Module(logger):Line(76) INFO - --------------------------------------------------
2024-09-10 14:21:48,649 - Module(logger):Line(77) INFO - --------------------------------------------------
2024-09-10 14:22:09,870 - Module(convert_video):Line(47) INFO - Successfully converted /srv/unifi-protect/video/2024/08/23/F4E2C678D12A_0_rotating_1724403016853.ubv to /volume1/videos/2024-08-23/G5Bullet_26/G5Bullet_26_F4E2C678D12A_2024-08-23_1
2024-09-10 14:22:28,319 - Module(convert_video):Line(47) INFO - Successfully converted /srv/unifi-protect/video/2024/08/23/F4E2C678D12A_0_rotating_1724404657363.ubv to /volume1/videos/2024-08-23/G5Bullet_26/G5Bullet_26_F4E2C678D12A_2024-08-23_2
2024-09-10 14:22:42,595 - Module(convert_video):Line(47) INFO - Successfully converted /srv/unifi-protect/video/2024/08/23/F4E2C678D12A_0_rotating_1724406109834.ubv to /volume1/videos/2024-08-23/G5Bullet_26/G5Bullet_26_F4E2C678D12A_2024-08-23_3
2024-09-10 14:23:00,918 - Module(convert_video):Line(47) INFO - Successfully converted /srv/unifi-protect/video/2024/08/23/F4E2C678D12A_0_rotating_1724407700341.ubv to /volume1/videos/2024-08-23/G5Bullet_26/G5Bullet_26_F4E2C678D12A_2024-08-23_4
2024-09-10 14:23:22,290 - Module(convert_video):Line(47) INFO - Successfully converted /srv/unifi-protect/video/2024/08/23/F4E2C678D12A_0_rotating_1724409244026.ubv to /volume1/videos/2024-08-23/G5Bullet_26/G5Bullet_26_F4E2C678D12A_2024-08-23_5
2024-09-10 14:23:39,501 - Module(convert_video):Line(47) INFO - Successfully converted /srv/unifi-protect/video/2024/08/23/F4E2C678D12A_0_rotating_1724410804396.ubv to /volume1/videos/2024-08-23/G5Bullet_26/G5Bullet_26_F4E2C678D12A_2024-08-23_6
2024-09-10 14:24:00,893 - Module(convert_video):Line(47) INFO - Successfully converted /srv/unifi-protect/video/2024/08/23/F4E2C678D12A_0_rotating_1724412384892.ubv to /volume1/videos/2024-08-23/G5Bullet_26/G5Bullet_26_F4E2C678D12A_2024-08-23_7
2024-09-10 14:24:19,610 - Module(convert_video):Line(47) INFO - Successfully converted /srv/unifi-protect/video/2024/08/23/F4E2C678D12A_0_rotating_1724413855483.ubv to /volume1/videos/2024-08-23/G5Bullet_26/G5Bullet_26_F4E2C678D12A_2024-08-23_8
2024-09-10 14:24:41,050 - Module(convert_video):Line(47) INFO - Successfully converted /srv/unifi-protect/video/2024/08/23/F4E2C678D12A_0_rotating_1724415319275.ubv to /volume1/videos/2024-08-23/G5Bullet_26/G5Bullet_26_F4E2C678D12A_2024-08-23_9
2024-09-10 14:25:03,629 - Module(convert_video):Line(47) INFO - Successfully converted /srv/unifi-protect/video/2024/08/23/F4E2C678D12A_0_rotating_1724416816213.ubv to /volume1/videos/2024-08-23/G5Bullet_26/G5Bullet_26_F4E2C678D12A_2024-08-23_10
2024-09-10 14:25:21,787 - Module(convert_video):Line(47) INFO - Successfully converted /srv/unifi-protect/video/2024/08/23/F4E2C678D12A_0_rotating_1724418164761.ubv to /volume1/videos/2024-08-23/G5Bullet_26/G5Bullet_26_F4E2C678D12A_2024-08-23_11
2024-09-10 14:25:47,737 - Module(convert_video):Line(47) INFO - Successfully converted /srv/unifi-protect/video/2024/08/23/F4E2C678D12A_0_rotating_1724419696802.ubv to /volume1/videos/2024-08-23/G5Bullet_26/G5Bullet_26_F4E2C678D12A_2024-08-23_12
2024-09-10 14:26:08,818 - Module(convert_video):Line(47) INFO - Successfully converted /srv/unifi-protect/video/2024/08/23/F4E2C678D12A_0_rotating_1724421190225.ubv to /volume1/videos/2024-08-23/G5Bullet_26/G5Bullet_26_F4E2C678D12A_2024-08-23_13
2024-09-10 14:26:28,641 - Module(convert_video):Line(47) INFO - Successfully converted /srv/unifi-protect/video/2024/08/23/F4E2C678D12A_0_rotating_1724422672393.ubv to /volume1/videos/2024-08-23/G5Bullet_26/G5Bullet_26_F4E2C678D12A_2024-08-23_14
2024-09-10 14:26:45,929 - Module(convert_video):Line(47) INFO - Successfully converted /srv/unifi-protect/video/2024/08/23/F4E2C678D12A_0_rotating_1724424220841.ubv to /volume1/videos/2024-08-23/G5Bullet_26/G5Bullet_26_F4E2C678D12A_2024-08-23_15
2024-09-10 14:27:06,295 - Module(convert_video):Line(47) INFO - Successfully converted /srv/unifi-protect/video/2024/08/23/F4E2C678D12A_0_rotating_1724425746411.ubv to /volume1/videos/2024-08-23/G5Bullet_26/G5Bullet_26_F4E2C678D12A_2024-08-23_16
2024-09-10 14:27:24,146 - Module(convert_video):Line(47) INFO - Successfully converted /srv/unifi-protect/video/2024/08/23/F4E2C678D12A_0_rotating_1724427158726.ubv to /volume1/videos/2024-08-23/G5Bullet_26/G5Bullet_26_F4E2C678D12A_2024-08-23_17
2024-09-10 14:27:45,518 - Module(convert_video):Line(47) INFO - Successfully converted /srv/unifi-protect/video/2024/08/23/F4E2C678D12A_0_rotating_1724428599497.ubv to /volume1/videos/2024-08-23/G5Bullet_26/G5Bullet_26_F4E2C678D12A_2024-08-23_18
2024-09-10 14:28:06,495 - Module(convert_video):Line(47) INFO - Successfully converted /srv/unifi-protect/video/2024/08/23/F4E2C678D12A_0_rotating_1724430089701.ubv to /volume1/videos/2024-08-23/G5Bullet_26/G5Bullet_26_F4E2C678D12A_2024-08-23_19
2024-09-10 14:28:26,881 - Module(convert_video):Line(47) INFO - Successfully converted /srv/unifi-protect/video/2024/08/23/F4E2C678D12A_0_rotating_1724431635632.ubv to /volume1/videos/2024-08-23/G5Bullet_26/G5Bullet_26_F4E2C678D12A_2024-08-23_20
2024-09-10 14:28:46,064 - Module(convert_video):Line(47) INFO - Successfully converted /srv/unifi-protect/video/2024/08/23/F4E2C678D12A_0_rotating_1724433265862.ubv to /volume1/videos/2024-08-23/G5Bullet_26/G5Bullet_26_F4E2C678D12A_2024-08-23_21
2024-09-10 14:29:05,050 - Module(convert_video):Line(47) INFO - Successfully converted /srv/unifi-protect/video/2024/08/23/F4E2C678D12A_0_rotating_1724434778503.ubv to /volume1/videos/2024-08-23/G5Bullet_26/G5Bullet_26_F4E2C678D12A_2024-08-23_22
2024-09-10 14:29:26,880 - Module(convert_video):Line(47) INFO - Successfully converted /srv/unifi-protect/video/2024/08/23/F4E2C678D12A_0_rotating_1724436396839.ubv to /volume1/videos/2024-08-23/G5Bullet_26/G5Bullet_26_F4E2C678D12A_2024-08-23_23
2024-09-10 14:29:51,740 - Module(convert_video):Line(47) INFO - Successfully converted /srv/unifi-protect/video/2024/08/23/F4E2C678D12A_0_rotating_1724438286364.ubv to /volume1/videos/2024-08-23/G5Bullet_26/G5Bullet_26_F4E2C678D12A_2024-08-23_24
2024-09-10 14:30:16,188 - Module(convert_video):Line(47) INFO - Successfully converted /srv/unifi-protect/video/2024/08/23/F4E2C678D12A_0_rotating_1724439981937.ubv to /volume1/videos/2024-08-23/G5Bullet_26/G5Bullet_26_F4E2C678D12A_2024-08-23_25
2024-09-10 14:30:33,978 - Module(convert_video):Line(47) INFO - Successfully converted /srv/unifi-protect/video/2024/08/23/F4E2C678D12A_0_rotating_1724441599661.ubv to /volume1/videos/2024-08-23/G5Bullet_26/G5Bullet_26_F4E2C678D12A_2024-08-23_26
2024-09-10 14:30:55,522 - Module(convert_video):Line(47) INFO - Successfully converted /srv/unifi-protect/video/2024/08/23/F4E2C678D12A_0_rotating_1724443298199.ubv to /volume1/videos/2024-08-23/G5Bullet_26/G5Bullet_26_F4E2C678D12A_2024-08-23_27
2024-09-10 14:31:15,987 - Module(convert_video):Line(47) INFO - Successfully converted /srv/unifi-protect/video/2024/08/23/F4E2C678D12A_0_rotating_1724444963800.ubv to /volume1/videos/2024-08-23/G5Bullet_26/G5Bullet_26_F4E2C678D12A_2024-08-23_28
2024-09-10 14:31:36,815 - Module(convert_video):Line(47) INFO - Successfully converted /srv/unifi-protect/video/2024/08/23/F4E2C678D12A_0_rotating_1724446734247.ubv to /volume1/videos/2024-08-23/G5Bullet_26/G5Bullet_26_F4E2C678D12A_2024-08-23_29
2024-09-10 14:31:56,078 - Module(convert_video):Line(47) INFO - Successfully converted /srv/unifi-protect/video/2024/08/23/F4E2C678D12A_0_rotating_1724448479678.ubv to /volume1/videos/2024-08-23/G5Bullet_26/G5Bullet_26_F4E2C678D12A_2024-08-23_30
2024-09-10 14:32:16,102 - Module(convert_video):Line(47) INFO - Successfully converted /srv/unifi-protect/video/2024/08/23/F4E2C678D12A_0_rotating_1724450240767.ubv to /volume1/videos/2024-08-23/G5Bullet_26/G5Bullet_26_F4E2C678D12A_2024-08-23_31
2024-09-10 14:32:16,128 - Module(logger):Line(76) INFO - --------------------------------------------------
2024-09-10 14:32:16,128 - Module(logger):Line(77) INFO - --------------------------------------------------
2024-09-10 14:32:16,128 - Module(convert_video):Line(22) INFO - ::: Processing camera G5Bullet_27 with MAC address F4E2C678D10D :::
2024-09-10 14:32:16,129 - Module(convert_video):Line(23) INFO - Source directory: /srv/unifi-protect/video/2024/08/23
2024-09-10 14:32:16,129 - Module(convert_video):Line(24) INFO - Destination directory: /volume1/videos/2024-08-23/G5Bullet_27
2024-09-10 14:32:16,129 - Module(logger):Line(76) INFO - --------------------------------------------------
2024-09-10 14:32:16,129 - Module(logger):Line(77) INFO - --------------------------------------------------
2024-09-10 14:32:38,102 - Module(convert_video):Line(47) INFO - Successfully converted /srv/unifi-protect/video/2024/08/23/F4E2C678D10D_0_rotating_1724404516348.ubv to /volume1/videos/2024-08-23/G5Bullet_27/G5Bullet_27_F4E2C678D10D_2024-08-23_1
2024-09-10 14:32:55,861 - Module(convert_video):Line(47) INFO - Successfully converted /srv/unifi-protect/video/2024/08/23/F4E2C678D10D_0_rotating_1724406382808.ubv to /volume1/videos/2024-08-23/G5Bullet_27/G5Bullet_27_F4E2C678D10D_2024-08-23_2
2024-09-10 14:33:13,203 - Module(convert_video):Line(47) INFO - Successfully converted /srv/unifi-protect/video/2024/08/23/F4E2C678D10D_0_rotating_1724407903426.ubv to /volume1/videos/2024-08-23/G5Bullet_27/G5Bullet_27_F4E2C678D10D_2024-08-23_3
2024-09-10 14:33:30,940 - Module(convert_video):Line(47) INFO - Successfully converted /srv/unifi-protect/video/2024/08/23/F4E2C678D10D_0_rotating_1724409431160.ubv to /volume1/videos/2024-08-23/G5Bullet_27/G5Bullet_27_F4E2C678D10D_2024-08-23_4
2024-09-10 14:33:51,252 - Module(convert_video):Line(47) INFO - Successfully converted /srv/unifi-protect/video/2024/08/23/F4E2C678D10D_0_rotating_1724410940064.ubv to /volume1/videos/2024-08-23/G5Bullet_27/G5Bullet_27_F4E2C678D10D_2024-08-23_5
2024-09-10 14:34:09,387 - Module(convert_video):Line(47) INFO - Successfully converted /srv/unifi-protect/video/2024/08/23/F4E2C678D10D_0_rotating_1724412564881.ubv to /volume1/videos/2024-08-23/G5Bullet_27/G5Bullet_27_F4E2C678D10D_2024-08-23_6
2024-09-10 14:34:30,709 - Module(convert_video):Line(47) INFO - Successfully converted /srv/unifi-protect/video/2024/08/23/F4E2C678D10D_0_rotating_1724414222698.ubv to /volume1/videos/2024-08-23/G5Bullet_27/G5Bullet_27_F4E2C678D10D_2024-08-23_7
2024-09-10 14:34:56,771 - Module(convert_video):Line(47) INFO - Successfully converted /srv/unifi-protect/video/2024/08/23/F4E2C678D10D_0_rotating_1724415826814.ubv to /volume1/videos/2024-08-23/G5Bullet_27/G5Bullet_27_F4E2C678D10D_2024-08-23_8
2024-09-10 14:35:30,091 - Module(convert_video):Line(47) INFO - Successfully converted /srv/unifi-protect/video/2024/08/23/F4E2C678D10D_0_rotating_1724417359383.ubv to /volume1/videos/2024-08-23/G5Bullet_27/G5Bullet_27_F4E2C678D10D_2024-08-23_9
2024-09-10 14:36:04,815 - Module(convert_video):Line(47) INFO - Successfully converted /srv/unifi-protect/video/2024/08/23/F4E2C678D10D_0_rotating_1724419009936.ubv to /volume1/videos/2024-08-23/G5Bullet_27/G5Bullet_27_F4E2C678D10D_2024-08-23_10
2024-09-10 14:36:37,507 - Module(convert_video):Line(47) INFO - Successfully converted /srv/unifi-protect/video/2024/08/23/F4E2C678D10D_0_rotating_1724420605576.ubv to /volume1/videos/2024-08-23/G5Bullet_27/G5Bullet_27_F4E2C678D10D_2024-08-23_11
2024-09-10 14:37:11,704 - Module(convert_video):Line(47) INFO - Successfully converted /srv/unifi-protect/video/2024/08/23/F4E2C678D10D_0_rotating_1724422122475.ubv to /volume1/videos/2024-08-23/G5Bullet_27/G5Bullet_27_F4E2C678D10D_2024-08-23_12
2024-09-10 14:37:45,985 - Module(convert_video):Line(47) INFO - Successfully converted /srv/unifi-protect/video/2024/08/23/F4E2C678D10D_0_rotating_1724423641425.ubv to /volume1/videos/2024-08-23/G5Bullet_27/G5Bullet_27_F4E2C678D10D_2024-08-23_13
2024-09-10 14:38:18,666 - Module(convert_video):Line(47) INFO - Successfully converted /srv/unifi-protect/video/2024/08/23/F4E2C678D10D_0_rotating_1724425269511.ubv to /volume1/videos/2024-08-23/G5Bullet_27/G5Bullet_27_F4E2C678D10D_2024-08-23_14
2024-09-10 14:38:54,398 - Module(convert_video):Line(47) INFO - Successfully converted /srv/unifi-protect/video/2024/08/23/F4E2C678D10D_0_rotating_1724426814818.ubv to /volume1/videos/2024-08-23/G5Bullet_27/G5Bullet_27_F4E2C678D10D_2024-08-23_15
2024-09-10 14:39:27,545 - Module(convert_video):Line(47) INFO - Successfully converted /srv/unifi-protect/video/2024/08/23/F4E2C678D10D_0_rotating_1724428340713.ubv to /volume1/videos/2024-08-23/G5Bullet_27/G5Bullet_27_F4E2C678D10D_2024-08-23_16
2024-09-10 14:40:05,603 - Module(convert_video):Line(47) INFO - Successfully converted /srv/unifi-protect/video/2024/08/23/F4E2C678D10D_0_rotating_1724430044638.ubv to /volume1/videos/2024-08-23/G5Bullet_27/G5Bullet_27_F4E2C678D10D_2024-08-23_17
2024-09-10 14:40:39,441 - Module(convert_video):Line(47) INFO - Successfully converted /srv/unifi-protect/video/2024/08/23/F4E2C678D10D_0_rotating_1724431705182.ubv to /volume1/videos/2024-08-23/G5Bullet_27/G5Bullet_27_F4E2C678D10D_2024-08-23_18
2024-09-10 14:41:15,946 - Module(convert_video):Line(47) INFO - Successfully converted /srv/unifi-protect/video/2024/08/23/F4E2C678D10D_0_rotating_1724433573988.ubv to /volume1/videos/2024-08-23/G5Bullet_27/G5Bullet_27_F4E2C678D10D_2024-08-23_19
2024-09-10 14:41:47,580 - Module(convert_video):Line(47) INFO - Successfully converted /srv/unifi-protect/video/2024/08/23/F4E2C678D10D_0_rotating_1724435381762.ubv to /volume1/videos/2024-08-23/G5Bullet_27/G5Bullet_27_F4E2C678D10D_2024-08-23_20
2024-09-10 14:42:19,868 - Module(convert_video):Line(47) INFO - Successfully converted /srv/unifi-protect/video/2024/08/23/F4E2C678D10D_0_rotating_1724437157410.ubv to /volume1/videos/2024-08-23/G5Bullet_27/G5Bullet_27_F4E2C678D10D_2024-08-23_21
2024-09-10 14:42:55,795 - Module(convert_video):Line(47) INFO - Successfully converted /srv/unifi-protect/video/2024/08/23/F4E2C678D10D_0_rotating_1724439602594.ubv to /volume1/videos/2024-08-23/G5Bullet_27/G5Bullet_27_F4E2C678D10D_2024-08-23_22
2024-09-10 14:43:30,772 - Module(convert_video):Line(47) INFO - Successfully converted /srv/unifi-protect/video/2024/08/23/F4E2C678D10D_0_rotating_1724441863266.ubv to /volume1/videos/2024-08-23/G5Bullet_27/G5Bullet_27_F4E2C678D10D_2024-08-23_23
2024-09-10 14:44:07,799 - Module(convert_video):Line(47) INFO - Successfully converted /srv/unifi-protect/video/2024/08/23/F4E2C678D10D_0_rotating_1724444163716.ubv to /volume1/videos/2024-08-23/G5Bullet_27/G5Bullet_27_F4E2C678D10D_2024-08-23_24
2024-09-10 14:44:41,236 - Module(convert_video):Line(47) INFO - Successfully converted /srv/unifi-protect/video/2024/08/23/F4E2C678D10D_0_rotating_1724446469918.ubv to /volume1/videos/2024-08-23/G5Bullet_27/G5Bullet_27_F4E2C678D10D_2024-08-23_25
2024-09-10 14:45:20,172 - Module(convert_video):Line(47) INFO - Successfully converted /srv/unifi-protect/video/2024/08/23/F4E2C678D10D_0_rotating_1724448740436.ubv to /volume1/videos/2024-08-23/G5Bullet_27/G5Bullet_27_F4E2C678D10D_2024-08-23_26
2024-09-10 14:45:20,187 - Module(logger):Line(76) INFO - --------------------------------------------------
2024-09-10 14:45:20,188 - Module(logger):Line(77) INFO - --------------------------------------------------
2024-09-10 14:45:20,188 - Module(convert_video):Line(22) INFO - ::: Processing camera G5Bullet_31 with MAC address F4E2C678CB5A :::
2024-09-10 14:45:20,188 - Module(convert_video):Line(23) INFO - Source directory: /srv/unifi-protect/video/2024/08/23
2024-09-10 14:45:20,189 - Module(convert_video):Line(24) INFO - Destination directory: /volume1/videos/2024-08-23/G5Bullet_31
2024-09-10 14:45:20,189 - Module(logger):Line(76) INFO - --------------------------------------------------
2024-09-10 14:45:20,190 - Module(logger):Line(77) INFO - --------------------------------------------------
2024-09-10 14:46:00,649 - Module(convert_video):Line(47) INFO - Successfully converted /srv/unifi-protect/video/2024/08/23/F4E2C678CB5A_0_rotating_1724404400726.ubv to /volume1/videos/2024-08-23/G5Bullet_31/G5Bullet_31_F4E2C678CB5A_2024-08-23_1
2024-09-10 14:46:31,291 - Module(convert_video):Line(47) INFO - Successfully converted /srv/unifi-protect/video/2024/08/23/F4E2C678CB5A_0_rotating_1724406825598.ubv to /volume1/videos/2024-08-23/G5Bullet_31/G5Bullet_31_F4E2C678CB5A_2024-08-23_2
2024-09-10 14:47:03,005 - Module(convert_video):Line(47) INFO - Successfully converted /srv/unifi-protect/video/2024/08/23/F4E2C678CB5A_0_rotating_1724409371870.ubv to /volume1/videos/2024-08-23/G5Bullet_31/G5Bullet_31_F4E2C678CB5A_2024-08-23_3
2024-09-10 14:47:33,082 - Module(convert_video):Line(47) INFO - Successfully converted /srv/unifi-protect/video/2024/08/23/F4E2C678CB5A_0_rotating_1724411870362.ubv to /volume1/videos/2024-08-23/G5Bullet_31/G5Bullet_31_F4E2C678CB5A_2024-08-23_4
2024-09-10 14:48:06,682 - Module(convert_video):Line(47) INFO - Successfully converted /srv/unifi-protect/video/2024/08/23/F4E2C678CB5A_0_rotating_1724413504571.ubv to /volume1/videos/2024-08-23/G5Bullet_31/G5Bullet_31_F4E2C678CB5A_2024-08-23_5
2024-09-10 14:48:37,860 - Module(convert_video):Line(47) INFO - Successfully converted /srv/unifi-protect/video/2024/08/23/F4E2C678CB5A_0_rotating_1724415359042.ubv to /volume1/videos/2024-08-23/G5Bullet_31/G5Bullet_31_F4E2C678CB5A_2024-08-23_6
2024-09-10 14:49:09,516 - Module(convert_video):Line(47) INFO - Successfully converted /srv/unifi-protect/video/2024/08/23/F4E2C678CB5A_0_rotating_1724417375772.ubv to /volume1/videos/2024-08-23/G5Bullet_31/G5Bullet_31_F4E2C678CB5A_2024-08-23_7
2024-09-10 14:49:40,939 - Module(convert_video):Line(47) INFO - Successfully converted /srv/unifi-protect/video/2024/08/23/F4E2C678CB5A_0_rotating_1724419172843.ubv to /volume1/videos/2024-08-23/G5Bullet_31/G5Bullet_31_F4E2C678CB5A_2024-08-23_8
2024-09-10 14:50:16,535 - Module(convert_video):Line(47) INFO - Successfully converted /srv/unifi-protect/video/2024/08/23/F4E2C678CB5A_0_rotating_1724421068894.ubv to /volume1/videos/2024-08-23/G5Bullet_31/G5Bullet_31_F4E2C678CB5A_2024-08-23_9
2024-09-10 14:50:55,618 - Module(convert_video):Line(47) INFO - Successfully converted /srv/unifi-protect/video/2024/08/23/F4E2C678CB5A_0_rotating_1724423267389.ubv to /volume1/videos/2024-08-23/G5Bullet_31/G5Bullet_31_F4E2C678CB5A_2024-08-23_10
2024-09-10 14:51:29,174 - Module(convert_video):Line(47) INFO - Successfully converted /srv/unifi-protect/video/2024/08/23/F4E2C678CB5A_0_rotating_1724425518147.ubv to /volume1/videos/2024-08-23/G5Bullet_31/G5Bullet_31_F4E2C678CB5A_2024-08-23_11
2024-09-10 14:52:04,892 - Module(convert_video):Line(47) INFO - Successfully converted /srv/unifi-protect/video/2024/08/23/F4E2C678CB5A_0_rotating_1724428189412.ubv to /volume1/videos/2024-08-23/G5Bullet_31/G5Bullet_31_F4E2C678CB5A_2024-08-23_12
2024-09-10 14:52:35,161 - Module(convert_video):Line(47) INFO - Successfully converted /srv/unifi-protect/video/2024/08/23/F4E2C678CB5A_0_rotating_1724430045374.ubv to /volume1/videos/2024-08-23/G5Bullet_31/G5Bullet_31_F4E2C678CB5A_2024-08-23_13
2024-09-10 14:53:12,175 - Module(convert_video):Line(47) INFO - Successfully converted /srv/unifi-protect/video/2024/08/23/F4E2C678CB5A_0_rotating_1724432028850.ubv to /volume1/videos/2024-08-23/G5Bullet_31/G5Bullet_31_F4E2C678CB5A_2024-08-23_14
2024-09-10 14:53:44,111 - Module(convert_video):Line(47) INFO - Successfully converted /srv/unifi-protect/video/2024/08/23/F4E2C678CB5A_0_rotating_1724434421030.ubv to /volume1/videos/2024-08-23/G5Bullet_31/G5Bullet_31_F4E2C678CB5A_2024-08-23_15
2024-09-10 14:54:18,653 - Module(convert_video):Line(47) INFO - Successfully converted /srv/unifi-protect/video/2024/08/23/F4E2C678CB5A_0_rotating_1724436731139.ubv to /volume1/videos/2024-08-23/G5Bullet_31/G5Bullet_31_F4E2C678CB5A_2024-08-23_16
2024-09-10 14:54:53,227 - Module(convert_video):Line(47) INFO - Successfully converted /srv/unifi-protect/video/2024/08/23/F4E2C678CB5A_0_rotating_1724439288665.ubv to /volume1/videos/2024-08-23/G5Bullet_31/G5Bullet_31_F4E2C678CB5A_2024-08-23_17
2024-09-10 14:55:30,317 - Module(convert_video):Line(47) INFO - Successfully converted /srv/unifi-protect/video/2024/08/23/F4E2C678CB5A_0_rotating_1724441564437.ubv to /volume1/videos/2024-08-23/G5Bullet_31/G5Bullet_31_F4E2C678CB5A_2024-08-23_18
2024-09-10 14:56:09,242 - Module(convert_video):Line(47) INFO - Successfully converted /srv/unifi-protect/video/2024/08/23/F4E2C678CB5A_0_rotating_1724444051228.ubv to /volume1/videos/2024-08-23/G5Bullet_31/G5Bullet_31_F4E2C678CB5A_2024-08-23_19
2024-09-10 14:56:41,308 - Module(convert_video):Line(47) INFO - Successfully converted /srv/unifi-protect/video/2024/08/23/F4E2C678CB5A_0_rotating_1724446445913.ubv to /volume1/videos/2024-08-23/G5Bullet_31/G5Bullet_31_F4E2C678CB5A_2024-08-23_20
2024-09-10 14:57:12,977 - Module(convert_video):Line(47) INFO - Successfully converted /srv/unifi-protect/video/2024/08/23/F4E2C678CB5A_0_rotating_1724448827771.ubv to /volume1/videos/2024-08-23/G5Bullet_31/G5Bullet_31_F4E2C678CB5A_2024-08-23_21
2024-09-10 14:57:13,001 - Module(logger):Line(76) INFO - --------------------------------------------------
2024-09-10 14:57:13,001 - Module(logger):Line(77) INFO - --------------------------------------------------
2024-09-10 14:57:13,002 - Module(convert_video):Line(22) INFO - ::: Processing camera G5Bullet_32 with MAC address F4E2C678CCB4 :::
2024-09-10 14:57:13,003 - Module(convert_video):Line(23) INFO - Source directory: /srv/unifi-protect/video/2024/08/23
2024-09-10 14:57:13,003 - Module(convert_video):Line(24) INFO - Destination directory: /volume1/videos/2024-08-23/G5Bullet_32
2024-09-10 14:57:13,004 - Module(logger):Line(76) INFO - --------------------------------------------------
2024-09-10 14:57:13,005 - Module(logger):Line(77) INFO - --------------------------------------------------
2024-09-10 14:57:43,870 - Module(convert_video):Line(47) INFO - Successfully converted /srv/unifi-protect/video/2024/08/23/F4E2C678CCB4_0_rotating_1724404387784.ubv to /volume1/videos/2024-08-23/G5Bullet_32/G5Bullet_32_F4E2C678CCB4_2024-08-23_1
2024-09-10 14:58:14,675 - Module(convert_video):Line(47) INFO - Successfully converted /srv/unifi-protect/video/2024/08/23/F4E2C678CCB4_0_rotating_1724405975217.ubv to /volume1/videos/2024-08-23/G5Bullet_32/G5Bullet_32_F4E2C678CCB4_2024-08-23_2
2024-09-10 14:58:45,027 - Module(convert_video):Line(47) INFO - Successfully converted /srv/unifi-protect/video/2024/08/23/F4E2C678CCB4_0_rotating_1724407502399.ubv to /volume1/videos/2024-08-23/G5Bullet_32/G5Bullet_32_F4E2C678CCB4_2024-08-23_3
2024-09-10 14:59:18,101 - Module(convert_video):Line(47) INFO - Successfully converted /srv/unifi-protect/video/2024/08/23/F4E2C678CCB4_0_rotating_1724409017405.ubv to /volume1/videos/2024-08-23/G5Bullet_32/G5Bullet_32_F4E2C678CCB4_2024-08-23_4
2024-09-10 14:59:48,218 - Module(convert_video):Line(47) INFO - Successfully converted /srv/unifi-protect/video/2024/08/23/F4E2C678CCB4_0_rotating_1724410623698.ubv to /volume1/videos/2024-08-23/G5Bullet_32/G5Bullet_32_F4E2C678CCB4_2024-08-23_5
2024-09-10 15:00:19,699 - Module(convert_video):Line(47) INFO - Successfully converted /srv/unifi-protect/video/2024/08/23/F4E2C678CCB4_0_rotating_1724412167685.ubv to /volume1/videos/2024-08-23/G5Bullet_32/G5Bullet_32_F4E2C678CCB4_2024-08-23_6
2024-09-10 15:00:56,041 - Module(convert_video):Line(47) INFO - Successfully converted /srv/unifi-protect/video/2024/08/23/F4E2C678CCB4_0_rotating_1724413728901.ubv to /volume1/videos/2024-08-23/G5Bullet_32/G5Bullet_32_F4E2C678CCB4_2024-08-23_7
2024-09-10 15:01:26,921 - Module(convert_video):Line(47) INFO - Successfully converted /srv/unifi-protect/video/2024/08/23/F4E2C678CCB4_0_rotating_1724415354764.ubv to /volume1/videos/2024-08-23/G5Bullet_32/G5Bullet_32_F4E2C678CCB4_2024-08-23_8
2024-09-10 15:01:59,251 - Module(convert_video):Line(47) INFO - Successfully converted /srv/unifi-protect/video/2024/08/23/F4E2C678CCB4_0_rotating_1724416984985.ubv to /volume1/videos/2024-08-23/G5Bullet_32/G5Bullet_32_F4E2C678CCB4_2024-08-23_9
2024-09-10 15:02:33,654 - Module(convert_video):Line(47) INFO - Successfully converted /srv/unifi-protect/video/2024/08/23/F4E2C678CCB4_0_rotating_1724418621562.ubv to /volume1/videos/2024-08-23/G5Bullet_32/G5Bullet_32_F4E2C678CCB4_2024-08-23_10
2024-09-10 15:03:04,343 - Module(convert_video):Line(47) INFO - Successfully converted /srv/unifi-protect/video/2024/08/23/F4E2C678CCB4_0_rotating_1724420237237.ubv to /volume1/videos/2024-08-23/G5Bullet_32/G5Bullet_32_F4E2C678CCB4_2024-08-23_11
2024-09-10 15:03:35,756 - Module(convert_video):Line(47) INFO - Successfully converted /srv/unifi-protect/video/2024/08/23/F4E2C678CCB4_0_rotating_1724421754847.ubv to /volume1/videos/2024-08-23/G5Bullet_32/G5Bullet_32_F4E2C678CCB4_2024-08-23_12
2024-09-10 15:04:09,759 - Module(convert_video):Line(47) INFO - Successfully converted /srv/unifi-protect/video/2024/08/23/F4E2C678CCB4_0_rotating_1724423351471.ubv to /volume1/videos/2024-08-23/G5Bullet_32/G5Bullet_32_F4E2C678CCB4_2024-08-23_13
2024-09-10 15:04:41,484 - Module(convert_video):Line(47) INFO - Successfully converted /srv/unifi-protect/video/2024/08/23/F4E2C678CCB4_0_rotating_1724424937058.ubv to /volume1/videos/2024-08-23/G5Bullet_32/G5Bullet_32_F4E2C678CCB4_2024-08-23_14
2024-09-10 15:05:16,097 - Module(convert_video):Line(47) INFO - Successfully converted /srv/unifi-protect/video/2024/08/23/F4E2C678CCB4_0_rotating_1724426502716.ubv to /volume1/videos/2024-08-23/G5Bullet_32/G5Bullet_32_F4E2C678CCB4_2024-08-23_15
2024-09-10 15:05:53,709 - Module(convert_video):Line(47) INFO - Successfully converted /srv/unifi-protect/video/2024/08/23/F4E2C678CCB4_0_rotating_1724427986494.ubv to /volume1/videos/2024-08-23/G5Bullet_32/G5Bullet_32_F4E2C678CCB4_2024-08-23_16
2024-09-10 15:06:33,014 - Module(convert_video):Line(47) INFO - Successfully converted /srv/unifi-protect/video/2024/08/23/F4E2C678CCB4_0_rotating_1724429615462.ubv to /volume1/videos/2024-08-23/G5Bullet_32/G5Bullet_32_F4E2C678CCB4_2024-08-23_17
2024-09-10 15:07:07,384 - Module(convert_video):Line(47) INFO - Successfully converted /srv/unifi-protect/video/2024/08/23/F4E2C678CCB4_0_rotating_1724431237935.ubv to /volume1/videos/2024-08-23/G5Bullet_32/G5Bullet_32_F4E2C678CCB4_2024-08-23_18
2024-09-10 15:07:38,938 - Module(convert_video):Line(47) INFO - Successfully converted /srv/unifi-protect/video/2024/08/23/F4E2C678CCB4_0_rotating_1724433030243.ubv to /volume1/videos/2024-08-23/G5Bullet_32/G5Bullet_32_F4E2C678CCB4_2024-08-23_19
2024-09-10 15:08:13,585 - Module(convert_video):Line(47) INFO - Successfully converted /srv/unifi-protect/video/2024/08/23/F4E2C678CCB4_0_rotating_1724434747202.ubv to /volume1/videos/2024-08-23/G5Bullet_32/G5Bullet_32_F4E2C678CCB4_2024-08-23_20
2024-09-10 15:08:46,789 - Module(convert_video):Line(47) INFO - Successfully converted /srv/unifi-protect/video/2024/08/23/F4E2C678CCB4_0_rotating_1724436575167.ubv to /volume1/videos/2024-08-23/G5Bullet_32/G5Bullet_32_F4E2C678CCB4_2024-08-23_21
2024-09-10 15:09:24,442 - Module(convert_video):Line(47) INFO - Successfully converted /srv/unifi-protect/video/2024/08/23/F4E2C678CCB4_0_rotating_1724439470630.ubv to /volume1/videos/2024-08-23/G5Bullet_32/G5Bullet_32_F4E2C678CCB4_2024-08-23_22
2024-09-10 15:10:07,320 - Module(convert_video):Line(47) INFO - Successfully converted /srv/unifi-protect/video/2024/08/23/F4E2C678CCB4_0_rotating_1724442642395.ubv to /volume1/videos/2024-08-23/G5Bullet_32/G5Bullet_32_F4E2C678CCB4_2024-08-23_23
2024-09-10 15:10:40,954 - Module(convert_video):Line(47) INFO - Successfully converted /srv/unifi-protect/video/2024/08/23/F4E2C678CCB4_0_rotating_1724445782691.ubv to /volume1/videos/2024-08-23/G5Bullet_32/G5Bullet_32_F4E2C678CCB4_2024-08-23_24
2024-09-10 15:11:19,386 - Module(convert_video):Line(47) INFO - Successfully converted /srv/unifi-protect/video/2024/08/23/F4E2C678CCB4_0_rotating_1724448843626.ubv to /volume1/videos/2024-08-23/G5Bullet_32/G5Bullet_32_F4E2C678CCB4_2024-08-23_25
2024-09-10 15:11:19,526 - Module(logger):Line(76) INFO - --------------------------------------------------
2024-09-10 15:11:19,526 - Module(logger):Line(77) INFO - --------------------------------------------------
2024-09-10 15:11:19,527 - Module(convert_video):Line(22) INFO - ::: Processing camera G5Bullet_34 with MAC address F4E2C678CBF2 :::
2024-09-10 15:11:19,527 - Module(convert_video):Line(23) INFO - Source directory: /srv/unifi-protect/video/2024/08/23
2024-09-10 15:11:19,527 - Module(convert_video):Line(24) INFO - Destination directory: /volume1/videos/2024-08-23/G5Bullet_34
2024-09-10 15:11:19,527 - Module(logger):Line(76) INFO - --------------------------------------------------
2024-09-10 15:11:19,528 - Module(logger):Line(77) INFO - --------------------------------------------------
2024-09-10 15:11:51,852 - Module(convert_video):Line(47) INFO - Successfully converted /srv/unifi-protect/video/2024/08/23/F4E2C678CBF2_0_rotating_1724403088606.ubv to /volume1/videos/2024-08-23/G5Bullet_34/G5Bullet_34_F4E2C678CBF2_2024-08-23_1
2024-09-10 15:12:29,151 - Module(convert_video):Line(47) INFO - Successfully converted /srv/unifi-protect/video/2024/08/23/F4E2C678CBF2_0_rotating_1724404761990.ubv to /volume1/videos/2024-08-23/G5Bullet_34/G5Bullet_34_F4E2C678CBF2_2024-08-23_2
2024-09-10 15:13:04,332 - Module(convert_video):Line(47) INFO - Successfully converted /srv/unifi-protect/video/2024/08/23/F4E2C678CBF2_0_rotating_1724406394953.ubv to /volume1/videos/2024-08-23/G5Bullet_34/G5Bullet_34_F4E2C678CBF2_2024-08-23_3
2024-09-10 15:13:40,874 - Module(convert_video):Line(47) INFO - Successfully converted /srv/unifi-protect/video/2024/08/23/F4E2C678CBF2_0_rotating_1724408125097.ubv to /volume1/videos/2024-08-23/G5Bullet_34/G5Bullet_34_F4E2C678CBF2_2024-08-23_4
2024-09-10 15:14:19,406 - Module(convert_video):Line(47) INFO - Successfully converted /srv/unifi-protect/video/2024/08/23/F4E2C678CBF2_0_rotating_1724409807999.ubv to /volume1/videos/2024-08-23/G5Bullet_34/G5Bullet_34_F4E2C678CBF2_2024-08-23_5
2024-09-10 15:14:50,486 - Module(convert_video):Line(47) INFO - Successfully converted /srv/unifi-protect/video/2024/08/23/F4E2C678CBF2_0_rotating_1724411387973.ubv to /volume1/videos/2024-08-23/G5Bullet_34/G5Bullet_34_F4E2C678CBF2_2024-08-23_6
2024-09-10 15:15:27,204 - Module(convert_video):Line(47) INFO - Successfully converted /srv/unifi-protect/video/2024/08/23/F4E2C678CBF2_0_rotating_1724412994185.ubv to /volume1/videos/2024-08-23/G5Bullet_34/G5Bullet_34_F4E2C678CBF2_2024-08-23_7
2024-09-10 15:16:02,400 - Module(convert_video):Line(47) INFO - Successfully converted /srv/unifi-protect/video/2024/08/23/F4E2C678CBF2_0_rotating_1724415132608.ubv to /volume1/videos/2024-08-23/G5Bullet_34/G5Bullet_34_F4E2C678CBF2_2024-08-23_8
2024-09-10 15:16:35,145 - Module(convert_video):Line(47) INFO - Successfully converted /srv/unifi-protect/video/2024/08/23/F4E2C678CBF2_0_rotating_1724417482490.ubv to /volume1/videos/2024-08-23/G5Bullet_34/G5Bullet_34_F4E2C678CBF2_2024-08-23_9
2024-09-10 15:17:07,698 - Module(convert_video):Line(47) INFO - Successfully converted /srv/unifi-protect/video/2024/08/23/F4E2C678CBF2_0_rotating_1724419253010.ubv to /volume1/videos/2024-08-23/G5Bullet_34/G5Bullet_34_F4E2C678CBF2_2024-08-23_10
2024-09-10 15:17:43,989 - Module(convert_video):Line(47) INFO - Successfully converted /srv/unifi-protect/video/2024/08/23/F4E2C678CBF2_0_rotating_1724421542569.ubv to /volume1/videos/2024-08-23/G5Bullet_34/G5Bullet_34_F4E2C678CBF2_2024-08-23_11
2024-09-10 15:18:17,402 - Module(convert_video):Line(47) INFO - Successfully converted /srv/unifi-protect/video/2024/08/23/F4E2C678CBF2_0_rotating_1724423602102.ubv to /volume1/videos/2024-08-23/G5Bullet_34/G5Bullet_34_F4E2C678CBF2_2024-08-23_12
2024-09-10 15:18:49,399 - Module(convert_video):Line(47) INFO - Successfully converted /srv/unifi-protect/video/2024/08/23/F4E2C678CBF2_0_rotating_1724425243345.ubv to /volume1/videos/2024-08-23/G5Bullet_34/G5Bullet_34_F4E2C678CBF2_2024-08-23_13
2024-09-10 15:19:12,307 - Module(convert_video):Line(47) INFO - Successfully converted /srv/unifi-protect/video/2024/08/23/F4E2C678CBF2_0_rotating_1724427103107.ubv to /volume1/videos/2024-08-23/G5Bullet_34/G5Bullet_34_F4E2C678CBF2_2024-08-23_14
2024-09-10 15:19:31,501 - Module(convert_video):Line(47) INFO - Successfully converted /srv/unifi-protect/video/2024/08/23/F4E2C678CBF2_0_rotating_1724428636650.ubv to /volume1/videos/2024-08-23/G5Bullet_34/G5Bullet_34_F4E2C678CBF2_2024-08-23_15
2024-09-10 15:19:58,340 - Module(convert_video):Line(47) INFO - Successfully converted /srv/unifi-protect/video/2024/08/23/F4E2C678CBF2_0_rotating_1724430755112.ubv to /volume1/videos/2024-08-23/G5Bullet_34/G5Bullet_34_F4E2C678CBF2_2024-08-23_16
2024-09-10 15:20:24,689 - Module(convert_video):Line(47) INFO - Successfully converted /srv/unifi-protect/video/2024/08/23/F4E2C678CBF2_0_rotating_1724432423676.ubv to /volume1/videos/2024-08-23/G5Bullet_34/G5Bullet_34_F4E2C678CBF2_2024-08-23_17
2024-09-10 15:20:52,327 - Module(convert_video):Line(47) INFO - Successfully converted /srv/unifi-protect/video/2024/08/23/F4E2C678CBF2_0_rotating_1724434103227.ubv to /volume1/videos/2024-08-23/G5Bullet_34/G5Bullet_34_F4E2C678CBF2_2024-08-23_18
2024-09-10 15:21:15,978 - Module(convert_video):Line(47) INFO - Successfully converted /srv/unifi-protect/video/2024/08/23/F4E2C678CBF2_0_rotating_1724435839637.ubv to /volume1/videos/2024-08-23/G5Bullet_34/G5Bullet_34_F4E2C678CBF2_2024-08-23_19
2024-09-10 15:21:40,107 - Module(convert_video):Line(47) INFO - Successfully converted /srv/unifi-protect/video/2024/08/23/F4E2C678CBF2_0_rotating_1724438332001.ubv to /volume1/videos/2024-08-23/G5Bullet_34/G5Bullet_34_F4E2C678CBF2_2024-08-23_20
2024-09-10 15:22:06,036 - Module(convert_video):Line(47) INFO - Successfully converted /srv/unifi-protect/video/2024/08/23/F4E2C678CBF2_0_rotating_1724441215917.ubv to /volume1/videos/2024-08-23/G5Bullet_34/G5Bullet_34_F4E2C678CBF2_2024-08-23_21
2024-09-10 15:22:28,210 - Module(convert_video):Line(47) INFO - Successfully converted /srv/unifi-protect/video/2024/08/23/F4E2C678CBF2_0_rotating_1724444259860.ubv to /volume1/videos/2024-08-23/G5Bullet_34/G5Bullet_34_F4E2C678CBF2_2024-08-23_22
2024-09-10 15:22:52,372 - Module(convert_video):Line(47) INFO - Successfully converted /srv/unifi-protect/video/2024/08/23/F4E2C678CBF2_0_rotating_1724447078669.ubv to /volume1/videos/2024-08-23/G5Bullet_34/G5Bullet_34_F4E2C678CBF2_2024-08-23_23
2024-09-10 15:23:19,607 - Module(convert_video):Line(47) INFO - Successfully converted /srv/unifi-protect/video/2024/08/23/F4E2C678CBF2_0_rotating_1724449985313.ubv to /volume1/videos/2024-08-23/G5Bullet_34/G5Bullet_34_F4E2C678CBF2_2024-08-23_24
2024-09-10 15:23:19,610 - Module(logger):Line(76) INFO - --------------------------------------------------
2024-09-10 15:23:19,611 - Module(logger):Line(77) INFO - --------------------------------------------------
2024-09-10 15:23:19,611 - Module(convert_video):Line(22) INFO - ::: Processing camera G5Bullet_36 with MAC address F4E2C678CBBE :::
2024-09-10 15:23:19,611 - Module(convert_video):Line(23) INFO - Source directory: /srv/unifi-protect/video/2024/08/23
2024-09-10 15:23:19,612 - Module(convert_video):Line(24) INFO - Destination directory: /volume1/videos/2024-08-23/G5Bullet_36
2024-09-10 15:23:19,612 - Module(logger):Line(76) INFO - --------------------------------------------------
2024-09-10 15:23:19,612 - Module(logger):Line(77) INFO - --------------------------------------------------
2024-09-10 15:23:40,505 - Module(convert_video):Line(47) INFO - Successfully converted /srv/unifi-protect/video/2024/08/23/F4E2C678CBBE_0_rotating_1724404480770.ubv to /volume1/videos/2024-08-23/G5Bullet_36/G5Bullet_36_F4E2C678CBBE_2024-08-23_1
2024-09-10 15:24:05,404 - Module(convert_video):Line(47) INFO - Successfully converted /srv/unifi-protect/video/2024/08/23/F4E2C678CBBE_0_rotating_1724406162196.ubv to /volume1/videos/2024-08-23/G5Bullet_36/G5Bullet_36_F4E2C678CBBE_2024-08-23_2
2024-09-10 15:24:26,209 - Module(convert_video):Line(47) INFO - Successfully converted /srv/unifi-protect/video/2024/08/23/F4E2C678CBBE_0_rotating_1724407890193.ubv to /volume1/videos/2024-08-23/G5Bullet_36/G5Bullet_36_F4E2C678CBBE_2024-08-23_3
2024-09-10 15:24:49,110 - Module(convert_video):Line(47) INFO - Successfully converted /srv/unifi-protect/video/2024/08/23/F4E2C678CBBE_0_rotating_1724409550562.ubv to /volume1/videos/2024-08-23/G5Bullet_36/G5Bullet_36_F4E2C678CBBE_2024-08-23_4
2024-09-10 15:25:15,104 - Module(convert_video):Line(47) INFO - Successfully converted /srv/unifi-protect/video/2024/08/23/F4E2C678CBBE_0_rotating_1724411139140.ubv to /volume1/videos/2024-08-23/G5Bullet_36/G5Bullet_36_F4E2C678CBBE_2024-08-23_5
2024-09-10 15:25:39,264 - Module(convert_video):Line(47) INFO - Successfully converted /srv/unifi-protect/video/2024/08/23/F4E2C678CBBE_0_rotating_1724412725008.ubv to /volume1/videos/2024-08-23/G5Bullet_36/G5Bullet_36_F4E2C678CBBE_2024-08-23_6
2024-09-10 15:26:06,047 - Module(convert_video):Line(47) INFO - Successfully converted /srv/unifi-protect/video/2024/08/23/F4E2C678CBBE_0_rotating_1724414201351.ubv to /volume1/videos/2024-08-23/G5Bullet_36/G5Bullet_36_F4E2C678CBBE_2024-08-23_7
2024-09-10 15:26:29,772 - Module(convert_video):Line(47) INFO - Successfully converted /srv/unifi-protect/video/2024/08/23/F4E2C678CBBE_0_rotating_1724415645107.ubv to /volume1/videos/2024-08-23/G5Bullet_36/G5Bullet_36_F4E2C678CBBE_2024-08-23_8
2024-09-10 15:26:54,724 - Module(convert_video):Line(47) INFO - Successfully converted /srv/unifi-protect/video/2024/08/23/F4E2C678CBBE_0_rotating_1724417438442.ubv to /volume1/videos/2024-08-23/G5Bullet_36/G5Bullet_36_F4E2C678CBBE_2024-08-23_9
2024-09-10 15:27:21,171 - Module(convert_video):Line(47) INFO - Successfully converted /srv/unifi-protect/video/2024/08/23/F4E2C678CBBE_0_rotating_1724419032217.ubv to /volume1/videos/2024-08-23/G5Bullet_36/G5Bullet_36_F4E2C678CBBE_2024-08-23_10
2024-09-10 15:27:43,858 - Module(convert_video):Line(47) INFO - Successfully converted /srv/unifi-protect/video/2024/08/23/F4E2C678CBBE_0_rotating_1724420650810.ubv to /volume1/videos/2024-08-23/G5Bullet_36/G5Bullet_36_F4E2C678CBBE_2024-08-23_11
2024-09-10 15:28:07,233 - Module(convert_video):Line(47) INFO - Successfully converted /srv/unifi-protect/video/2024/08/23/F4E2C678CBBE_0_rotating_1724422198146.ubv to /volume1/videos/2024-08-23/G5Bullet_36/G5Bullet_36_F4E2C678CBBE_2024-08-23_12
2024-09-10 15:28:27,333 - Module(convert_video):Line(47) INFO - Successfully converted /srv/unifi-protect/video/2024/08/23/F4E2C678CBBE_0_rotating_1724423935735.ubv to /volume1/videos/2024-08-23/G5Bullet_36/G5Bullet_36_F4E2C678CBBE_2024-08-23_13
2024-09-10 15:28:48,060 - Module(convert_video):Line(47) INFO - Successfully converted /srv/unifi-protect/video/2024/08/23/F4E2C678CBBE_0_rotating_1724425558453.ubv to /volume1/videos/2024-08-23/G5Bullet_36/G5Bullet_36_F4E2C678CBBE_2024-08-23_14
2024-09-10 15:29:14,251 - Module(convert_video):Line(47) INFO - Successfully converted /srv/unifi-protect/video/2024/08/23/F4E2C678CBBE_0_rotating_1724427026510.ubv to /volume1/videos/2024-08-23/G5Bullet_36/G5Bullet_36_F4E2C678CBBE_2024-08-23_15
2024-09-10 15:29:35,526 - Module(convert_video):Line(47) INFO - Successfully converted /srv/unifi-protect/video/2024/08/23/F4E2C678CBBE_0_rotating_1724428888235.ubv to /volume1/videos/2024-08-23/G5Bullet_36/G5Bullet_36_F4E2C678CBBE_2024-08-23_16
2024-09-10 15:30:06,092 - Module(convert_video):Line(47) INFO - Successfully converted /srv/unifi-protect/video/2024/08/23/F4E2C678CBBE_0_rotating_1724430632819.ubv to /volume1/videos/2024-08-23/G5Bullet_36/G5Bullet_36_F4E2C678CBBE_2024-08-23_17
2024-09-10 15:30:24,648 - Module(convert_video):Line(47) INFO - Successfully converted /srv/unifi-protect/video/2024/08/23/F4E2C678CBBE_0_rotating_1724432232802.ubv to /volume1/videos/2024-08-23/G5Bullet_36/G5Bullet_36_F4E2C678CBBE_2024-08-23_18
2024-09-10 15:30:52,620 - Module(convert_video):Line(47) INFO - Successfully converted /srv/unifi-protect/video/2024/08/23/F4E2C678CBBE_0_rotating_1724433778145.ubv to /volume1/videos/2024-08-23/G5Bullet_36/G5Bullet_36_F4E2C678CBBE_2024-08-23_19
2024-09-10 15:31:19,715 - Module(convert_video):Line(47) INFO - Successfully converted /srv/unifi-protect/video/2024/08/23/F4E2C678CBBE_0_rotating_1724435692958.ubv to /volume1/videos/2024-08-23/G5Bullet_36/G5Bullet_36_F4E2C678CBBE_2024-08-23_20
2024-09-10 15:31:38,276 - Module(convert_video):Line(47) INFO - Successfully converted /srv/unifi-protect/video/2024/08/23/F4E2C678CBBE_0_rotating_1724437223353.ubv to /volume1/videos/2024-08-23/G5Bullet_36/G5Bullet_36_F4E2C678CBBE_2024-08-23_21
2024-09-10 15:32:02,191 - Module(convert_video):Line(47) INFO - Successfully converted /srv/unifi-protect/video/2024/08/23/F4E2C678CBBE_0_rotating_1724439041278.ubv to /volume1/videos/2024-08-23/G5Bullet_36/G5Bullet_36_F4E2C678CBBE_2024-08-23_22
2024-09-10 15:32:24,662 - Module(convert_video):Line(47) INFO - Successfully converted /srv/unifi-protect/video/2024/08/23/F4E2C678CBBE_0_rotating_1724440945166.ubv to /volume1/videos/2024-08-23/G5Bullet_36/G5Bullet_36_F4E2C678CBBE_2024-08-23_23
2024-09-10 15:32:43,597 - Module(convert_video):Line(47) INFO - Successfully converted /srv/unifi-protect/video/2024/08/23/F4E2C678CBBE_0_rotating_1724443140027.ubv to /volume1/videos/2024-08-23/G5Bullet_36/G5Bullet_36_F4E2C678CBBE_2024-08-23_24
2024-09-10 15:33:07,271 - Module(convert_video):Line(47) INFO - Successfully converted /srv/unifi-protect/video/2024/08/23/F4E2C678CBBE_0_rotating_1724445265560.ubv to /volume1/videos/2024-08-23/G5Bullet_36/G5Bullet_36_F4E2C678CBBE_2024-08-23_25
2024-09-10 15:33:31,495 - Module(convert_video):Line(47) INFO - Successfully converted /srv/unifi-protect/video/2024/08/23/F4E2C678CBBE_0_rotating_1724447481217.ubv to /volume1/videos/2024-08-23/G5Bullet_36/G5Bullet_36_F4E2C678CBBE_2024-08-23_26
2024-09-10 15:33:56,167 - Module(convert_video):Line(47) INFO - Successfully converted /srv/unifi-protect/video/2024/08/23/F4E2C678CBBE_0_rotating_1724449718962.ubv to /volume1/videos/2024-08-23/G5Bullet_36/G5Bullet_36_F4E2C678CBBE_2024-08-23_27
2024-09-10 15:33:56,168 - Module(logger):Line(76) INFO - --------------------------------------------------
2024-09-10 15:33:56,169 - Module(logger):Line(77) INFO - --------------------------------------------------
2024-09-10 15:33:56,169 - Module(convert_video):Line(22) INFO - ::: Processing camera G5Bullet_39 with MAC address F4E2C678CBC7 :::
2024-09-10 15:33:56,169 - Module(convert_video):Line(23) INFO - Source directory: /srv/unifi-protect/video/2024/08/23
2024-09-10 15:33:56,170 - Module(convert_video):Line(24) INFO - Destination directory: /volume1/videos/2024-08-23/G5Bullet_39
2024-09-10 15:33:56,170 - Module(logger):Line(76) INFO - --------------------------------------------------
2024-09-10 15:33:56,170 - Module(logger):Line(77) INFO - --------------------------------------------------
2024-09-10 15:34:17,195 - Module(convert_video):Line(47) INFO - Successfully converted /srv/unifi-protect/video/2024/08/23/F4E2C678CBC7_0_rotating_1724404206039.ubv to /volume1/videos/2024-08-23/G5Bullet_39/G5Bullet_39_F4E2C678CBC7_2024-08-23_1
2024-09-10 15:34:34,086 - Module(convert_video):Line(47) INFO - Successfully converted /srv/unifi-protect/video/2024/08/23/F4E2C678CBC7_0_rotating_1724405625512.ubv to /volume1/videos/2024-08-23/G5Bullet_39/G5Bullet_39_F4E2C678CBC7_2024-08-23_2
2024-09-10 15:34:56,861 - Module(convert_video):Line(47) INFO - Successfully converted /srv/unifi-protect/video/2024/08/23/F4E2C678CBC7_0_rotating_1724407021079.ubv to /volume1/videos/2024-08-23/G5Bullet_39/G5Bullet_39_F4E2C678CBC7_2024-08-23_3
2024-09-10 15:35:22,794 - Module(convert_video):Line(47) INFO - Successfully converted /srv/unifi-protect/video/2024/08/23/F4E2C678CBC7_0_rotating_1724408386228.ubv to /volume1/videos/2024-08-23/G5Bullet_39/G5Bullet_39_F4E2C678CBC7_2024-08-23_4
2024-09-10 15:35:45,745 - Module(convert_video):Line(47) INFO - Successfully converted /srv/unifi-protect/video/2024/08/23/F4E2C678CBC7_0_rotating_1724409797001.ubv to /volume1/videos/2024-08-23/G5Bullet_39/G5Bullet_39_F4E2C678CBC7_2024-08-23_5
2024-09-10 15:36:08,739 - Module(convert_video):Line(47) INFO - Successfully converted /srv/unifi-protect/video/2024/08/23/F4E2C678CBC7_0_rotating_1724411202606.ubv to /volume1/videos/2024-08-23/G5Bullet_39/G5Bullet_39_F4E2C678CBC7_2024-08-23_6
2024-09-10 15:36:31,824 - Module(convert_video):Line(47) INFO - Successfully converted /srv/unifi-protect/video/2024/08/23/F4E2C678CBC7_0_rotating_1724412597990.ubv to /volume1/videos/2024-08-23/G5Bullet_39/G5Bullet_39_F4E2C678CBC7_2024-08-23_7
2024-09-10 15:36:50,648 - Module(convert_video):Line(47) INFO - Successfully converted /srv/unifi-protect/video/2024/08/23/F4E2C678CBC7_0_rotating_1724414003961.ubv to /volume1/videos/2024-08-23/G5Bullet_39/G5Bullet_39_F4E2C678CBC7_2024-08-23_8
2024-09-10 15:37:18,192 - Module(convert_video):Line(47) INFO - Successfully converted /srv/unifi-protect/video/2024/08/23/F4E2C678CBC7_0_rotating_1724415414685.ubv to /volume1/videos/2024-08-23/G5Bullet_39/G5Bullet_39_F4E2C678CBC7_2024-08-23_9
2024-09-10 15:37:34,821 - Module(convert_video):Line(47) INFO - Successfully converted /srv/unifi-protect/video/2024/08/23/F4E2C678CBC7_0_rotating_1724416840484.ubv to /volume1/videos/2024-08-23/G5Bullet_39/G5Bullet_39_F4E2C678CBC7_2024-08-23_10
2024-09-10 15:37:53,395 - Module(convert_video):Line(47) INFO - Successfully converted /srv/unifi-protect/video/2024/08/23/F4E2C678CBC7_0_rotating_1724418395718.ubv to /volume1/videos/2024-08-23/G5Bullet_39/G5Bullet_39_F4E2C678CBC7_2024-08-23_11
2024-09-10 15:38:16,205 - Module(convert_video):Line(47) INFO - Successfully converted /srv/unifi-protect/video/2024/08/23/F4E2C678CBC7_0_rotating_1724419961352.ubv to /volume1/videos/2024-08-23/G5Bullet_39/G5Bullet_39_F4E2C678CBC7_2024-08-23_12
2024-09-10 15:38:33,053 - Module(convert_video):Line(47) INFO - Successfully converted /srv/unifi-protect/video/2024/08/23/F4E2C678CBC7_0_rotating_1724421457150.ubv to /volume1/videos/2024-08-23/G5Bullet_39/G5Bullet_39_F4E2C678CBC7_2024-08-23_13
2024-09-10 15:38:53,302 - Module(convert_video):Line(47) INFO - Successfully converted /srv/unifi-protect/video/2024/08/23/F4E2C678CBC7_0_rotating_1724422897163.ubv to /volume1/videos/2024-08-23/G5Bullet_39/G5Bullet_39_F4E2C678CBC7_2024-08-23_14
2024-09-10 15:39:13,947 - Module(convert_video):Line(47) INFO - Successfully converted /srv/unifi-protect/video/2024/08/23/F4E2C678CBC7_0_rotating_1724424362996.ubv to /volume1/videos/2024-08-23/G5Bullet_39/G5Bullet_39_F4E2C678CBC7_2024-08-23_15
2024-09-10 15:39:32,255 - Module(convert_video):Line(47) INFO - Successfully converted /srv/unifi-protect/video/2024/08/23/F4E2C678CBC7_0_rotating_1724425770468.ubv to /volume1/videos/2024-08-23/G5Bullet_39/G5Bullet_39_F4E2C678CBC7_2024-08-23_16
2024-09-10 15:39:50,390 - Module(convert_video):Line(47) INFO - Successfully converted /srv/unifi-protect/video/2024/08/23/F4E2C678CBC7_0_rotating_1724427110179.ubv to /volume1/videos/2024-08-23/G5Bullet_39/G5Bullet_39_F4E2C678CBC7_2024-08-23_17
2024-09-10 15:40:13,605 - Module(convert_video):Line(47) INFO - Successfully converted /srv/unifi-protect/video/2024/08/23/F4E2C678CBC7_0_rotating_1724428472282.ubv to /volume1/videos/2024-08-23/G5Bullet_39/G5Bullet_39_F4E2C678CBC7_2024-08-23_18
2024-09-10 15:40:34,750 - Module(convert_video):Line(47) INFO - Successfully converted /srv/unifi-protect/video/2024/08/23/F4E2C678CBC7_0_rotating_1724429901165.ubv to /volume1/videos/2024-08-23/G5Bullet_39/G5Bullet_39_F4E2C678CBC7_2024-08-23_19
2024-09-10 15:40:58,126 - Module(convert_video):Line(47) INFO - Successfully converted /srv/unifi-protect/video/2024/08/23/F4E2C678CBC7_0_rotating_1724431311965.ubv to /volume1/videos/2024-08-23/G5Bullet_39/G5Bullet_39_F4E2C678CBC7_2024-08-23_20
2024-09-10 15:41:20,464 - Module(convert_video):Line(47) INFO - Successfully converted /srv/unifi-protect/video/2024/08/23/F4E2C678CBC7_0_rotating_1724432834520.ubv to /volume1/videos/2024-08-23/G5Bullet_39/G5Bullet_39_F4E2C678CBC7_2024-08-23_21
2024-09-10 15:41:35,867 - Module(convert_video):Line(47) INFO - Successfully converted /srv/unifi-protect/video/2024/08/23/F4E2C678CBC7_0_rotating_1724434346319.ubv to /volume1/videos/2024-08-23/G5Bullet_39/G5Bullet_39_F4E2C678CBC7_2024-08-23_22
2024-09-10 15:41:58,177 - Module(convert_video):Line(47) INFO - Successfully converted /srv/unifi-protect/video/2024/08/23/F4E2C678CBC7_0_rotating_1724435792610.ubv to /volume1/videos/2024-08-23/G5Bullet_39/G5Bullet_39_F4E2C678CBC7_2024-08-23_23
2024-09-10 15:42:17,266 - Module(convert_video):Line(47) INFO - Successfully converted /srv/unifi-protect/video/2024/08/23/F4E2C678CBC7_0_rotating_1724437472890.ubv to /volume1/videos/2024-08-23/G5Bullet_39/G5Bullet_39_F4E2C678CBC7_2024-08-23_24
2024-09-10 15:42:50,210 - Module(convert_video):Line(47) INFO - Successfully converted /srv/unifi-protect/video/2024/08/23/F4E2C678CBC7_0_rotating_1724439733632.ubv to /volume1/videos/2024-08-23/G5Bullet_39/G5Bullet_39_F4E2C678CBC7_2024-08-23_25
2024-09-10 15:43:27,212 - Module(convert_video):Line(47) INFO - Successfully converted /srv/unifi-protect/video/2024/08/23/F4E2C678CBC7_0_rotating_1724441911189.ubv to /volume1/videos/2024-08-23/G5Bullet_39/G5Bullet_39_F4E2C678CBC7_2024-08-23_26
2024-09-10 15:44:01,577 - Module(convert_video):Line(47) INFO - Successfully converted /srv/unifi-protect/video/2024/08/23/F4E2C678CBC7_0_rotating_1724444190181.ubv to /volume1/videos/2024-08-23/G5Bullet_39/G5Bullet_39_F4E2C678CBC7_2024-08-23_27
2024-09-10 15:44:31,996 - Module(convert_video):Line(47) INFO - Successfully converted /srv/unifi-protect/video/2024/08/23/F4E2C678CBC7_0_rotating_1724446525790.ubv to /volume1/videos/2024-08-23/G5Bullet_39/G5Bullet_39_F4E2C678CBC7_2024-08-23_28
2024-09-10 15:45:08,866 - Module(convert_video):Line(47) INFO - Successfully converted /srv/unifi-protect/video/2024/08/23/F4E2C678CBC7_0_rotating_1724448896696.ubv to /volume1/videos/2024-08-23/G5Bullet_39/G5Bullet_39_F4E2C678CBC7_2024-08-23_29
2024-09-10 15:45:08,869 - Module(logger):Line(76) INFO - --------------------------------------------------
2024-09-10 15:45:08,869 - Module(logger):Line(77) INFO - --------------------------------------------------
2024-09-10 15:45:08,869 - Module(convert_video):Line(22) INFO - ::: Processing camera G5Bullet_40 with MAC address F4E2C678CCB5 :::
2024-09-10 15:45:08,869 - Module(convert_video):Line(23) INFO - Source directory: /srv/unifi-protect/video/2024/08/23
2024-09-10 15:45:08,870 - Module(convert_video):Line(24) INFO - Destination directory: /volume1/videos/2024-08-23/G5Bullet_40
2024-09-10 15:45:08,870 - Module(logger):Line(76) INFO - --------------------------------------------------
2024-09-10 15:45:08,871 - Module(logger):Line(77) INFO - --------------------------------------------------
2024-09-10 15:45:45,655 - Module(convert_video):Line(47) INFO - Successfully converted /srv/unifi-protect/video/2024/08/23/F4E2C678CCB5_0_rotating_1724403278908.ubv to /volume1/videos/2024-08-23/G5Bullet_40/G5Bullet_40_F4E2C678CCB5_2024-08-23_1
2024-09-10 15:46:21,935 - Module(convert_video):Line(47) INFO - Successfully converted /srv/unifi-protect/video/2024/08/23/F4E2C678CCB5_0_rotating_1724404681674.ubv to /volume1/videos/2024-08-23/G5Bullet_40/G5Bullet_40_F4E2C678CCB5_2024-08-23_2
2024-09-10 15:46:54,881 - Module(convert_video):Line(47) INFO - Successfully converted /srv/unifi-protect/video/2024/08/23/F4E2C678CCB5_0_rotating_1724406060257.ubv to /volume1/videos/2024-08-23/G5Bullet_40/G5Bullet_40_F4E2C678CCB5_2024-08-23_3
2024-09-10 15:47:30,674 - Module(convert_video):Line(47) INFO - Successfully converted /srv/unifi-protect/video/2024/08/23/F4E2C678CCB5_0_rotating_1724407429946.ubv to /volume1/videos/2024-08-23/G5Bullet_40/G5Bullet_40_F4E2C678CCB5_2024-08-23_4
2024-09-10 15:48:05,533 - Module(convert_video):Line(47) INFO - Successfully converted /srv/unifi-protect/video/2024/08/23/F4E2C678CCB5_0_rotating_1724408770433.ubv to /volume1/videos/2024-08-23/G5Bullet_40/G5Bullet_40_F4E2C678CCB5_2024-08-23_5
2024-09-10 15:48:36,146 - Module(convert_video):Line(47) INFO - Successfully converted /srv/unifi-protect/video/2024/08/23/F4E2C678CCB5_0_rotating_1724410165957.ubv to /volume1/videos/2024-08-23/G5Bullet_40/G5Bullet_40_F4E2C678CCB5_2024-08-23_6
2024-09-10 15:49:08,008 - Module(convert_video):Line(47) INFO - Successfully converted /srv/unifi-protect/video/2024/08/23/F4E2C678CCB5_0_rotating_1724411521617.ubv to /volume1/videos/2024-08-23/G5Bullet_40/G5Bullet_40_F4E2C678CCB5_2024-08-23_7
2024-09-10 15:49:36,146 - Module(convert_video):Line(47) INFO - Successfully converted /srv/unifi-protect/video/2024/08/23/F4E2C678CCB5_0_rotating_1724412856892.ubv to /volume1/videos/2024-08-23/G5Bullet_40/G5Bullet_40_F4E2C678CCB5_2024-08-23_8
2024-09-10 15:50:17,598 - Module(convert_video):Line(47) INFO - Successfully converted /srv/unifi-protect/video/2024/08/23/F4E2C678CCB5_0_rotating_1724414212641.ubv to /volume1/videos/2024-08-23/G5Bullet_40/G5Bullet_40_F4E2C678CCB5_2024-08-23_9
2024-09-10 15:50:51,213 - Module(convert_video):Line(47) INFO - Successfully converted /srv/unifi-protect/video/2024/08/23/F4E2C678CCB5_0_rotating_1724415581124.ubv to /volume1/videos/2024-08-23/G5Bullet_40/G5Bullet_40_F4E2C678CCB5_2024-08-23_10
2024-09-10 15:51:24,608 - Module(convert_video):Line(47) INFO - Successfully converted /srv/unifi-protect/video/2024/08/23/F4E2C678CCB5_0_rotating_1724416932458.ubv to /volume1/videos/2024-08-23/G5Bullet_40/G5Bullet_40_F4E2C678CCB5_2024-08-23_11
2024-09-10 15:51:59,960 - Module(convert_video):Line(47) INFO - Successfully converted /srv/unifi-protect/video/2024/08/23/F4E2C678CCB5_0_rotating_1724418330784.ubv to /volume1/videos/2024-08-23/G5Bullet_40/G5Bullet_40_F4E2C678CCB5_2024-08-23_12
2024-09-10 15:52:32,085 - Module(convert_video):Line(47) INFO - Successfully converted /srv/unifi-protect/video/2024/08/23/F4E2C678CCB5_0_rotating_1724419718290.ubv to /volume1/videos/2024-08-23/G5Bullet_40/G5Bullet_40_F4E2C678CCB5_2024-08-23_13
2024-09-10 15:53:04,770 - Module(convert_video):Line(47) INFO - Successfully converted /srv/unifi-protect/video/2024/08/23/F4E2C678CCB5_0_rotating_1724421069135.ubv to /volume1/videos/2024-08-23/G5Bullet_40/G5Bullet_40_F4E2C678CCB5_2024-08-23_14
2024-09-10 15:53:34,835 - Module(convert_video):Line(47) INFO - Successfully converted /srv/unifi-protect/video/2024/08/23/F4E2C678CCB5_0_rotating_1724422413949.ubv to /volume1/videos/2024-08-23/G5Bullet_40/G5Bullet_40_F4E2C678CCB5_2024-08-23_15
2024-09-10 15:54:05,521 - Module(convert_video):Line(47) INFO - Successfully converted /srv/unifi-protect/video/2024/08/23/F4E2C678CCB5_0_rotating_1724423794616.ubv to /volume1/videos/2024-08-23/G5Bullet_40/G5Bullet_40_F4E2C678CCB5_2024-08-23_16
2024-09-10 15:54:35,638 - Module(convert_video):Line(47) INFO - Successfully converted /srv/unifi-protect/video/2024/08/23/F4E2C678CCB5_0_rotating_1724425151892.ubv to /volume1/videos/2024-08-23/G5Bullet_40/G5Bullet_40_F4E2C678CCB5_2024-08-23_17
2024-09-10 15:55:15,095 - Module(convert_video):Line(47) INFO - Successfully converted /srv/unifi-protect/video/2024/08/23/F4E2C678CCB5_0_rotating_1724426524139.ubv to /volume1/videos/2024-08-23/G5Bullet_40/G5Bullet_40_F4E2C678CCB5_2024-08-23_18
2024-09-10 15:55:53,727 - Module(convert_video):Line(47) INFO - Successfully converted /srv/unifi-protect/video/2024/08/23/F4E2C678CCB5_0_rotating_1724427868024.ubv to /volume1/videos/2024-08-23/G5Bullet_40/G5Bullet_40_F4E2C678CCB5_2024-08-23_19
2024-09-10 15:56:23,934 - Module(convert_video):Line(47) INFO - Successfully converted /srv/unifi-protect/video/2024/08/23/F4E2C678CCB5_0_rotating_1724429272361.ubv to /volume1/videos/2024-08-23/G5Bullet_40/G5Bullet_40_F4E2C678CCB5_2024-08-23_20
2024-09-10 15:57:00,397 - Module(convert_video):Line(47) INFO - Successfully converted /srv/unifi-protect/video/2024/08/23/F4E2C678CCB5_0_rotating_1724430632989.ubv to /volume1/videos/2024-08-23/G5Bullet_40/G5Bullet_40_F4E2C678CCB5_2024-08-23_21
2024-09-10 15:57:33,483 - Module(convert_video):Line(47) INFO - Successfully converted /srv/unifi-protect/video/2024/08/23/F4E2C678CCB5_0_rotating_1724432053170.ubv to /volume1/videos/2024-08-23/G5Bullet_40/G5Bullet_40_F4E2C678CCB5_2024-08-23_22
2024-09-10 15:58:08,939 - Module(convert_video):Line(47) INFO - Successfully converted /srv/unifi-protect/video/2024/08/23/F4E2C678CCB5_0_rotating_1724433524057.ubv to /volume1/videos/2024-08-23/G5Bullet_40/G5Bullet_40_F4E2C678CCB5_2024-08-23_23
2024-09-10 15:58:38,217 - Module(convert_video):Line(47) INFO - Successfully converted /srv/unifi-protect/video/2024/08/23/F4E2C678CCB5_0_rotating_1724434904314.ubv to /volume1/videos/2024-08-23/G5Bullet_40/G5Bullet_40_F4E2C678CCB5_2024-08-23_24
2024-09-10 15:59:10,070 - Module(convert_video):Line(47) INFO - Successfully converted /srv/unifi-protect/video/2024/08/23/F4E2C678CCB5_0_rotating_1724436358287.ubv to /volume1/videos/2024-08-23/G5Bullet_40/G5Bullet_40_F4E2C678CCB5_2024-08-23_25
2024-09-10 15:59:42,991 - Module(convert_video):Line(47) INFO - Successfully converted /srv/unifi-protect/video/2024/08/23/F4E2C678CCB5_0_rotating_1724438125673.ubv to /volume1/videos/2024-08-23/G5Bullet_40/G5Bullet_40_F4E2C678CCB5_2024-08-23_26
2024-09-10 16:00:21,814 - Module(convert_video):Line(47) INFO - Successfully converted /srv/unifi-protect/video/2024/08/23/F4E2C678CCB5_0_rotating_1724439935786.ubv to /volume1/videos/2024-08-23/G5Bullet_40/G5Bullet_40_F4E2C678CCB5_2024-08-23_27
2024-09-10 16:00:55,068 - Module(convert_video):Line(47) INFO - Successfully converted /srv/unifi-protect/video/2024/08/23/F4E2C678CCB5_0_rotating_1724442223514.ubv to /volume1/videos/2024-08-23/G5Bullet_40/G5Bullet_40_F4E2C678CCB5_2024-08-23_28
2024-09-10 16:01:31,502 - Module(convert_video):Line(47) INFO - Successfully converted /srv/unifi-protect/video/2024/08/23/F4E2C678CCB5_0_rotating_1724444602493.ubv to /volume1/videos/2024-08-23/G5Bullet_40/G5Bullet_40_F4E2C678CCB5_2024-08-23_29
2024-09-10 16:02:07,119 - Module(convert_video):Line(47) INFO - Successfully converted /srv/unifi-protect/video/2024/08/23/F4E2C678CCB5_0_rotating_1724447088406.ubv to /volume1/videos/2024-08-23/G5Bullet_40/G5Bullet_40_F4E2C678CCB5_2024-08-23_30
2024-09-10 16:02:42,181 - Module(convert_video):Line(47) INFO - Successfully converted /srv/unifi-protect/video/2024/08/23/F4E2C678CCB5_0_rotating_1724449574103.ubv to /volume1/videos/2024-08-23/G5Bullet_40/G5Bullet_40_F4E2C678CCB5_2024-08-23_31
2024-09-10 16:02:42,210 - Module(logger):Line(76) INFO - --------------------------------------------------
2024-09-10 16:02:42,211 - Module(logger):Line(77) INFO - --------------------------------------------------
2024-09-10 16:02:42,211 - Module(convert_video):Line(22) INFO - ::: Processing camera G5Bullet_43 with MAC address F4E2C679D61A :::
2024-09-10 16:02:42,211 - Module(convert_video):Line(23) INFO - Source directory: /srv/unifi-protect/video/2024/08/23
2024-09-10 16:02:42,212 - Module(convert_video):Line(24) INFO - Destination directory: /volume1/videos/2024-08-23/G5Bullet_43
2024-09-10 16:02:42,212 - Module(logger):Line(76) INFO - --------------------------------------------------
2024-09-10 16:02:42,212 - Module(logger):Line(77) INFO - --------------------------------------------------
2024-09-10 16:03:13,865 - Module(convert_video):Line(47) INFO - Successfully converted /srv/unifi-protect/video/2024/08/23/F4E2C679D61A_0_rotating_1724404065867.ubv to /volume1/videos/2024-08-23/G5Bullet_43/G5Bullet_43_F4E2C679D61A_2024-08-23_1
2024-09-10 16:03:42,406 - Module(convert_video):Line(47) INFO - Successfully converted /srv/unifi-protect/video/2024/08/23/F4E2C679D61A_0_rotating_1724405455994.ubv to /volume1/videos/2024-08-23/G5Bullet_43/G5Bullet_43_F4E2C679D61A_2024-08-23_2
2024-09-10 16:04:13,492 - Module(convert_video):Line(47) INFO - Successfully converted /srv/unifi-protect/video/2024/08/23/F4E2C679D61A_0_rotating_1724406828706.ubv to /volume1/videos/2024-08-23/G5Bullet_43/G5Bullet_43_F4E2C679D61A_2024-08-23_3
2024-09-10 16:04:46,053 - Module(convert_video):Line(47) INFO - Successfully converted /srv/unifi-protect/video/2024/08/23/F4E2C679D61A_0_rotating_1724408141130.ubv to /volume1/videos/2024-08-23/G5Bullet_43/G5Bullet_43_F4E2C679D61A_2024-08-23_4
2024-09-10 16:05:18,991 - Module(convert_video):Line(47) INFO - Successfully converted /srv/unifi-protect/video/2024/08/23/F4E2C679D61A_0_rotating_1724409457571.ubv to /volume1/videos/2024-08-23/G5Bullet_43/G5Bullet_43_F4E2C679D61A_2024-08-23_5
2024-09-10 16:05:57,711 - Module(convert_video):Line(47) INFO - Successfully converted /srv/unifi-protect/video/2024/08/23/F4E2C679D61A_0_rotating_1724410787477.ubv to /volume1/videos/2024-08-23/G5Bullet_43/G5Bullet_43_F4E2C679D61A_2024-08-23_6
2024-09-10 16:06:33,866 - Module(convert_video):Line(47) INFO - Successfully converted /srv/unifi-protect/video/2024/08/23/F4E2C679D61A_0_rotating_1724412082656.ubv to /volume1/videos/2024-08-23/G5Bullet_43/G5Bullet_43_F4E2C679D61A_2024-08-23_7
2024-09-10 16:07:07,742 - Module(convert_video):Line(47) INFO - Successfully converted /srv/unifi-protect/video/2024/08/23/F4E2C679D61A_0_rotating_1724413407896.ubv to /volume1/videos/2024-08-23/G5Bullet_43/G5Bullet_43_F4E2C679D61A_2024-08-23_8
2024-09-10 16:07:38,597 - Module(convert_video):Line(47) INFO - Successfully converted /srv/unifi-protect/video/2024/08/23/F4E2C679D61A_0_rotating_1724414707549.ubv to /volume1/videos/2024-08-23/G5Bullet_43/G5Bullet_43_F4E2C679D61A_2024-08-23_9
2024-09-10 16:08:09,413 - Module(convert_video):Line(47) INFO - Successfully converted /srv/unifi-protect/video/2024/08/23/F4E2C679D61A_0_rotating_1724416034797.ubv to /volume1/videos/2024-08-23/G5Bullet_43/G5Bullet_43_F4E2C679D61A_2024-08-23_10
2024-09-10 16:08:42,690 - Module(convert_video):Line(47) INFO - Successfully converted /srv/unifi-protect/video/2024/08/23/F4E2C679D61A_0_rotating_1724417367475.ubv to /volume1/videos/2024-08-23/G5Bullet_43/G5Bullet_43_F4E2C679D61A_2024-08-23_11
2024-09-10 16:09:13,804 - Module(convert_video):Line(47) INFO - Successfully converted /srv/unifi-protect/video/2024/08/23/F4E2C679D61A_0_rotating_1724418699011.ubv to /volume1/videos/2024-08-23/G5Bullet_43/G5Bullet_43_F4E2C679D61A_2024-08-23_12
2024-09-10 16:09:42,420 - Module(convert_video):Line(47) INFO - Successfully converted /srv/unifi-protect/video/2024/08/23/F4E2C679D61A_0_rotating_1724420056305.ubv to /volume1/videos/2024-08-23/G5Bullet_43/G5Bullet_43_F4E2C679D61A_2024-08-23_13
2024-09-10 16:10:21,622 - Module(convert_video):Line(47) INFO - Successfully converted /srv/unifi-protect/video/2024/08/23/F4E2C679D61A_0_rotating_1724421374559.ubv to /volume1/videos/2024-08-23/G5Bullet_43/G5Bullet_43_F4E2C679D61A_2024-08-23_14
2024-09-10 16:10:55,606 - Module(convert_video):Line(47) INFO - Successfully converted /srv/unifi-protect/video/2024/08/23/F4E2C679D61A_0_rotating_1724422750414.ubv to /volume1/videos/2024-08-23/G5Bullet_43/G5Bullet_43_F4E2C679D61A_2024-08-23_15
2024-09-10 16:11:31,821 - Module(convert_video):Line(47) INFO - Successfully converted /srv/unifi-protect/video/2024/08/23/F4E2C679D61A_0_rotating_1724424120557.ubv to /volume1/videos/2024-08-23/G5Bullet_43/G5Bullet_43_F4E2C679D61A_2024-08-23_16
2024-09-10 16:12:06,649 - Module(convert_video):Line(47) INFO - Successfully converted /srv/unifi-protect/video/2024/08/23/F4E2C679D61A_0_rotating_1724425580965.ubv to /volume1/videos/2024-08-23/G5Bullet_43/G5Bullet_43_F4E2C679D61A_2024-08-23_17
2024-09-10 16:12:39,632 - Module(convert_video):Line(47) INFO - Successfully converted /srv/unifi-protect/video/2024/08/23/F4E2C679D61A_0_rotating_1724426986850.ubv to /volume1/videos/2024-08-23/G5Bullet_43/G5Bullet_43_F4E2C679D61A_2024-08-23_18
2024-09-10 16:13:11,517 - Module(convert_video):Line(47) INFO - Successfully converted /srv/unifi-protect/video/2024/08/23/F4E2C679D61A_0_rotating_1724428386984.ubv to /volume1/videos/2024-08-23/G5Bullet_43/G5Bullet_43_F4E2C679D61A_2024-08-23_19
2024-09-10 16:13:41,251 - Module(convert_video):Line(47) INFO - Successfully converted /srv/unifi-protect/video/2024/08/23/F4E2C679D61A_0_rotating_1724429773352.ubv to /volume1/videos/2024-08-23/G5Bullet_43/G5Bullet_43_F4E2C679D61A_2024-08-23_20
2024-09-10 16:14:14,382 - Module(convert_video):Line(47) INFO - Successfully converted /srv/unifi-protect/video/2024/08/23/F4E2C679D61A_0_rotating_1724431154617.ubv to /volume1/videos/2024-08-23/G5Bullet_43/G5Bullet_43_F4E2C679D61A_2024-08-23_21
2024-09-10 16:14:48,090 - Module(convert_video):Line(47) INFO - Successfully converted /srv/unifi-protect/video/2024/08/23/F4E2C679D61A_0_rotating_1724432560220.ubv to /volume1/videos/2024-08-23/G5Bullet_43/G5Bullet_43_F4E2C679D61A_2024-08-23_22
2024-09-10 16:15:22,372 - Module(convert_video):Line(47) INFO - Successfully converted /srv/unifi-protect/video/2024/08/23/F4E2C679D61A_0_rotating_1724433965013.ubv to /volume1/videos/2024-08-23/G5Bullet_43/G5Bullet_43_F4E2C679D61A_2024-08-23_23
2024-09-10 16:16:00,136 - Module(convert_video):Line(47) INFO - Successfully converted /srv/unifi-protect/video/2024/08/23/F4E2C679D61A_0_rotating_1724435400433.ubv to /volume1/videos/2024-08-23/G5Bullet_43/G5Bullet_43_F4E2C679D61A_2024-08-23_24
2024-09-10 16:16:36,375 - Module(convert_video):Line(47) INFO - Successfully converted /srv/unifi-protect/video/2024/08/23/F4E2C679D61A_0_rotating_1724436888653.ubv to /volume1/videos/2024-08-23/G5Bullet_43/G5Bullet_43_F4E2C679D61A_2024-08-23_25
2024-09-10 16:17:09,783 - Module(convert_video):Line(47) INFO - Successfully converted /srv/unifi-protect/video/2024/08/23/F4E2C679D61A_0_rotating_1724438606309.ubv to /volume1/videos/2024-08-23/G5Bullet_43/G5Bullet_43_F4E2C679D61A_2024-08-23_26
2024-09-10 16:17:42,003 - Module(convert_video):Line(47) INFO - Successfully converted /srv/unifi-protect/video/2024/08/23/F4E2C679D61A_0_rotating_1724440346944.ubv to /volume1/videos/2024-08-23/G5Bullet_43/G5Bullet_43_F4E2C679D61A_2024-08-23_27
2024-09-10 16:18:15,775 - Module(convert_video):Line(47) INFO - Successfully converted /srv/unifi-protect/video/2024/08/23/F4E2C679D61A_0_rotating_1724441992432.ubv to /volume1/videos/2024-08-23/G5Bullet_43/G5Bullet_43_F4E2C679D61A_2024-08-23_28
2024-09-10 16:18:49,951 - Module(convert_video):Line(47) INFO - Successfully converted /srv/unifi-protect/video/2024/08/23/F4E2C679D61A_0_rotating_1724443997985.ubv to /volume1/videos/2024-08-23/G5Bullet_43/G5Bullet_43_F4E2C679D61A_2024-08-23_29
2024-09-10 16:19:23,090 - Module(convert_video):Line(47) INFO - Successfully converted /srv/unifi-protect/video/2024/08/23/F4E2C679D61A_0_rotating_1724445843545.ubv to /volume1/videos/2024-08-23/G5Bullet_43/G5Bullet_43_F4E2C679D61A_2024-08-23_30
2024-09-10 16:19:56,063 - Module(convert_video):Line(47) INFO - Successfully converted /srv/unifi-protect/video/2024/08/23/F4E2C679D61A_0_rotating_1724447654400.ubv to /volume1/videos/2024-08-23/G5Bullet_43/G5Bullet_43_F4E2C679D61A_2024-08-23_31
2024-09-10 16:20:31,672 - Module(convert_video):Line(47) INFO - Successfully converted /srv/unifi-protect/video/2024/08/23/F4E2C679D61A_0_rotating_1724449417470.ubv to /volume1/videos/2024-08-23/G5Bullet_43/G5Bullet_43_F4E2C679D61A_2024-08-23_32
