[2024-09-05 01:09:14,270][main][INFO] - --------------------------------------------------
[2024-09-05 01:09:14,270][main][INFO] - --------------------------------------------------
[2024-09-05 01:09:14,270][main][INFO] - ::: Processing camera G5Bullet_27 :::
[2024-09-05 01:09:14,270][main][INFO] - --------------------------------------------------
[2024-09-05 01:09:14,271][main][INFO] - --------------------------------------------------
[2024-09-05 01:09:14,271][main][INFO] - Transfering data from NVR (/volume1/videos/G5Bullet_27/*0.mp4) to VM (/mnt/geosense/cameras/G5Bullet_27/mp4)...
[2024-09-05 01:22:10,192][main][INFO] - Extract frames...
[2024-09-05 01:22:10,193][main][INFO] - Renaming .mp4 files...
[2024-09-05 01:22:10,193][main][INFO] - Renamed /mnt/geosense/cameras/G5Bullet_27/mp4/G5Bullet_27_F4E2C678D10D_2024-09-03_1_0.mp4 to /mnt/geosense/cameras/G5Bullet_27/mp4/File_000_G5Bullet_27_F4E2C678D10D_2024-09-03_1_0.mp4
[2024-09-05 01:22:10,193][main][INFO] - Renamed /mnt/geosense/cameras/G5Bullet_27/mp4/G5Bullet_27_F4E2C678D10D_2024-09-03_2_0.mp4 to /mnt/geosense/cameras/G5Bullet_27/mp4/File_001_G5Bullet_27_F4E2C678D10D_2024-09-03_2_0.mp4
[2024-09-05 01:22:10,194][main][INFO] - Renamed /mnt/geosense/cameras/G5Bullet_27/mp4/G5Bullet_27_F4E2C678D10D_2024-09-03_3_0.mp4 to /mnt/geosense/cameras/G5Bullet_27/mp4/File_002_G5Bullet_27_F4E2C678D10D_2024-09-03_3_0.mp4
[2024-09-05 01:22:10,194][main][INFO] - Renamed /mnt/geosense/cameras/G5Bullet_27/mp4/G5Bullet_27_F4E2C678D10D_2024-09-03_10_0.mp4 to /mnt/geosense/cameras/G5Bullet_27/mp4/File_003_G5Bullet_27_F4E2C678D10D_2024-09-03_10_0.mp4
[2024-09-05 01:22:10,194][main][INFO] - Renamed /mnt/geosense/cameras/G5Bullet_27/mp4/G5Bullet_27_F4E2C678D10D_2024-09-03_11_0.mp4 to /mnt/geosense/cameras/G5Bullet_27/mp4/File_004_G5Bullet_27_F4E2C678D10D_2024-09-03_11_0.mp4
[2024-09-05 01:22:10,194][main][INFO] - Renamed /mnt/geosense/cameras/G5Bullet_27/mp4/G5Bullet_27_F4E2C678D10D_2024-09-03_12_0.mp4 to /mnt/geosense/cameras/G5Bullet_27/mp4/File_005_G5Bullet_27_F4E2C678D10D_2024-09-03_12_0.mp4
[2024-09-05 01:22:10,194][main][INFO] - Renamed /mnt/geosense/cameras/G5Bullet_27/mp4/G5Bullet_27_F4E2C678D10D_2024-09-03_13_0.mp4 to /mnt/geosense/cameras/G5Bullet_27/mp4/File_006_G5Bullet_27_F4E2C678D10D_2024-09-03_13_0.mp4
[2024-09-05 01:22:10,194][main][INFO] - Renamed /mnt/geosense/cameras/G5Bullet_27/mp4/G5Bullet_27_F4E2C678D10D_2024-09-03_14_0.mp4 to /mnt/geosense/cameras/G5Bullet_27/mp4/File_007_G5Bullet_27_F4E2C678D10D_2024-09-03_14_0.mp4
[2024-09-05 01:22:10,194][main][INFO] - Renamed /mnt/geosense/cameras/G5Bullet_27/mp4/G5Bullet_27_F4E2C678D10D_2024-09-03_15_0.mp4 to /mnt/geosense/cameras/G5Bullet_27/mp4/File_008_G5Bullet_27_F4E2C678D10D_2024-09-03_15_0.mp4
[2024-09-05 01:22:10,194][main][INFO] - Renamed /mnt/geosense/cameras/G5Bullet_27/mp4/G5Bullet_27_F4E2C678D10D_2024-09-03_16_0.mp4 to /mnt/geosense/cameras/G5Bullet_27/mp4/File_009_G5Bullet_27_F4E2C678D10D_2024-09-03_16_0.mp4
[2024-09-05 01:22:10,196][main][INFO] - Renamed /mnt/geosense/cameras/G5Bullet_27/mp4/G5Bullet_27_F4E2C678D10D_2024-09-03_17_0.mp4 to /mnt/geosense/cameras/G5Bullet_27/mp4/File_010_G5Bullet_27_F4E2C678D10D_2024-09-03_17_0.mp4
[2024-09-05 01:22:10,197][main][INFO] - Renamed /mnt/geosense/cameras/G5Bullet_27/mp4/G5Bullet_27_F4E2C678D10D_2024-09-03_18_0.mp4 to /mnt/geosense/cameras/G5Bullet_27/mp4/File_011_G5Bullet_27_F4E2C678D10D_2024-09-03_18_0.mp4
[2024-09-05 01:22:10,197][main][INFO] - Renamed /mnt/geosense/cameras/G5Bullet_27/mp4/G5Bullet_27_F4E2C678D10D_2024-09-03_19_0.mp4 to /mnt/geosense/cameras/G5Bullet_27/mp4/File_012_G5Bullet_27_F4E2C678D10D_2024-09-03_19_0.mp4
[2024-09-05 01:22:10,198][main][INFO] - Renamed /mnt/geosense/cameras/G5Bullet_27/mp4/G5Bullet_27_F4E2C678D10D_2024-09-03_20_0.mp4 to /mnt/geosense/cameras/G5Bullet_27/mp4/File_013_G5Bullet_27_F4E2C678D10D_2024-09-03_20_0.mp4
[2024-09-05 01:22:10,198][main][INFO] - Renamed /mnt/geosense/cameras/G5Bullet_27/mp4/G5Bullet_27_F4E2C678D10D_2024-09-03_21_0.mp4 to /mnt/geosense/cameras/G5Bullet_27/mp4/File_014_G5Bullet_27_F4E2C678D10D_2024-09-03_21_0.mp4
[2024-09-05 01:22:10,198][main][INFO] - Renamed /mnt/geosense/cameras/G5Bullet_27/mp4/G5Bullet_27_F4E2C678D10D_2024-09-03_22_0.mp4 to /mnt/geosense/cameras/G5Bullet_27/mp4/File_015_G5Bullet_27_F4E2C678D10D_2024-09-03_22_0.mp4
[2024-09-05 01:22:10,198][main][INFO] - Renamed /mnt/geosense/cameras/G5Bullet_27/mp4/G5Bullet_27_F4E2C678D10D_2024-09-03_23_0.mp4 to /mnt/geosense/cameras/G5Bullet_27/mp4/File_016_G5Bullet_27_F4E2C678D10D_2024-09-03_23_0.mp4
[2024-09-05 01:22:10,200][main][INFO] - Renamed /mnt/geosense/cameras/G5Bullet_27/mp4/G5Bullet_27_F4E2C678D10D_2024-09-03_24_0.mp4 to /mnt/geosense/cameras/G5Bullet_27/mp4/File_017_G5Bullet_27_F4E2C678D10D_2024-09-03_24_0.mp4
[2024-09-05 01:22:10,200][main][INFO] - Renamed /mnt/geosense/cameras/G5Bullet_27/mp4/G5Bullet_27_F4E2C678D10D_2024-09-03_25_0.mp4 to /mnt/geosense/cameras/G5Bullet_27/mp4/File_018_G5Bullet_27_F4E2C678D10D_2024-09-03_25_0.mp4
[2024-09-05 01:22:10,200][main][INFO] - Renamed /mnt/geosense/cameras/G5Bullet_27/mp4/G5Bullet_27_F4E2C678D10D_2024-09-03_26_0.mp4 to /mnt/geosense/cameras/G5Bullet_27/mp4/File_019_G5Bullet_27_F4E2C678D10D_2024-09-03_26_0.mp4
[2024-09-05 01:22:10,200][main][INFO] - Renamed /mnt/geosense/cameras/G5Bullet_27/mp4/G5Bullet_27_F4E2C678D10D_2024-09-03_27_0.mp4 to /mnt/geosense/cameras/G5Bullet_27/mp4/File_020_G5Bullet_27_F4E2C678D10D_2024-09-03_27_0.mp4
[2024-09-05 01:22:10,201][main][INFO] - Renamed /mnt/geosense/cameras/G5Bullet_27/mp4/G5Bullet_27_F4E2C678D10D_2024-09-03_28_0.mp4 to /mnt/geosense/cameras/G5Bullet_27/mp4/File_021_G5Bullet_27_F4E2C678D10D_2024-09-03_28_0.mp4
[2024-09-05 01:22:10,201][main][INFO] - Renamed /mnt/geosense/cameras/G5Bullet_27/mp4/G5Bullet_27_F4E2C678D10D_2024-09-03_29_0.mp4 to /mnt/geosense/cameras/G5Bullet_27/mp4/File_022_G5Bullet_27_F4E2C678D10D_2024-09-03_29_0.mp4
[2024-09-05 01:22:10,201][main][INFO] - Renamed /mnt/geosense/cameras/G5Bullet_27/mp4/G5Bullet_27_F4E2C678D10D_2024-09-03_30_0.mp4 to /mnt/geosense/cameras/G5Bullet_27/mp4/File_023_G5Bullet_27_F4E2C678D10D_2024-09-03_30_0.mp4
[2024-09-05 01:22:10,201][main][INFO] - Renamed /mnt/geosense/cameras/G5Bullet_27/mp4/G5Bullet_27_F4E2C678D10D_2024-09-03_31_0.mp4 to /mnt/geosense/cameras/G5Bullet_27/mp4/File_024_G5Bullet_27_F4E2C678D10D_2024-09-03_31_0.mp4
[2024-09-05 01:22:10,201][main][INFO] - Renamed /mnt/geosense/cameras/G5Bullet_27/mp4/G5Bullet_27_F4E2C678D10D_2024-09-03_32_0.mp4 to /mnt/geosense/cameras/G5Bullet_27/mp4/File_025_G5Bullet_27_F4E2C678D10D_2024-09-03_32_0.mp4
[2024-09-05 01:22:10,203][main][INFO] - Renamed /mnt/geosense/cameras/G5Bullet_27/mp4/G5Bullet_27_F4E2C678D10D_2024-09-03_33_0.mp4 to /mnt/geosense/cameras/G5Bullet_27/mp4/File_026_G5Bullet_27_F4E2C678D10D_2024-09-03_33_0.mp4
[2024-09-05 01:22:10,204][main][INFO] - Renamed /mnt/geosense/cameras/G5Bullet_27/mp4/G5Bullet_27_F4E2C678D10D_2024-09-03_34_0.mp4 to /mnt/geosense/cameras/G5Bullet_27/mp4/File_027_G5Bullet_27_F4E2C678D10D_2024-09-03_34_0.mp4
[2024-09-05 01:22:10,204][main][INFO] - Renamed /mnt/geosense/cameras/G5Bullet_27/mp4/G5Bullet_27_F4E2C678D10D_2024-09-03_35_0.mp4 to /mnt/geosense/cameras/G5Bullet_27/mp4/File_028_G5Bullet_27_F4E2C678D10D_2024-09-03_35_0.mp4
[2024-09-05 01:22:10,204][main][INFO] - Renamed /mnt/geosense/cameras/G5Bullet_27/mp4/G5Bullet_27_F4E2C678D10D_2024-09-03_36_0.mp4 to /mnt/geosense/cameras/G5Bullet_27/mp4/File_029_G5Bullet_27_F4E2C678D10D_2024-09-03_36_0.mp4
[2024-09-05 01:22:10,205][main][INFO] - Renamed /mnt/geosense/cameras/G5Bullet_27/mp4/G5Bullet_27_F4E2C678D10D_2024-09-03_37_0.mp4 to /mnt/geosense/cameras/G5Bullet_27/mp4/File_030_G5Bullet_27_F4E2C678D10D_2024-09-03_37_0.mp4
[2024-09-05 01:22:10,205][main][INFO] - Renamed /mnt/geosense/cameras/G5Bullet_27/mp4/G5Bullet_27_F4E2C678D10D_2024-09-03_38_0.mp4 to /mnt/geosense/cameras/G5Bullet_27/mp4/File_031_G5Bullet_27_F4E2C678D10D_2024-09-03_38_0.mp4
[2024-09-05 01:22:10,205][main][INFO] - Processing file /mnt/geosense/cameras/G5Bullet_27/mp4/File_000_G5Bullet_27_F4E2C678D10D_2024-09-03_1_0.mp4...
[2024-09-05 01:37:40,896][main][INFO] - All frames extracted.
[2024-09-05 01:37:40,897][main][INFO] - Total frames extracted: 10980
[2024-09-05 01:37:40,898][main][INFO] - Enhance frames...
[2024-09-05 01:37:40,898][main][INFO] - Grouping files in sets...
[2024-09-05 01:37:41,036][main][INFO] - Moving files to staging directory...
[2024-09-05 01:37:41,084][main][INFO] - Keeping every third file and removing the others...
[2024-09-05 01:37:41,555][main][INFO] - Processing file /mnt/geosense/cameras/G5Bullet_27/mp4/File_001_G5Bullet_27_F4E2C678D10D_2024-09-03_2_0.mp4...
[2024-09-05 01:53:29,205][main][INFO] - All frames extracted.
[2024-09-05 01:53:29,206][main][INFO] - Total frames extracted: 22110
[2024-09-05 01:53:29,207][main][INFO] - Enhance frames...
[2024-09-05 01:53:29,207][main][INFO] - Grouping files in sets...
[2024-09-05 01:53:29,354][main][INFO] - Moving files to staging directory...
[2024-09-05 01:53:29,404][main][INFO] - Keeping every third file and removing the others...
[2024-09-05 01:53:29,988][main][INFO] - Processing file /mnt/geosense/cameras/G5Bullet_27/mp4/File_002_G5Bullet_27_F4E2C678D10D_2024-09-03_3_0.mp4...
[2024-09-05 02:07:49,779][main][INFO] - All frames extracted.
[2024-09-05 02:07:49,785][main][INFO] - Total frames extracted: 32040
[2024-09-05 02:07:49,785][main][INFO] - Enhance frames...
[2024-09-05 02:07:49,785][main][INFO] - Grouping files in sets...
[2024-09-05 02:07:49,987][main][INFO] - Moving files to staging directory...
[2024-09-05 02:07:50,029][main][INFO] - Keeping every third file and removing the others...
[2024-09-05 02:07:50,515][main][INFO] - Processing file /mnt/geosense/cameras/G5Bullet_27/mp4/File_003_G5Bullet_27_F4E2C678D10D_2024-09-03_10_0.mp4...
[2024-09-05 02:16:42,573][main][INFO] - All frames extracted.
[2024-09-05 02:16:42,574][main][INFO] - Total frames extracted: 37007
[2024-09-05 02:16:42,574][main][INFO] - Enhance frames...
[2024-09-05 02:16:42,574][main][INFO] - Grouping files in sets...
[2024-09-05 02:16:42,633][main][INFO] - Moving files to staging directory...
[2024-09-05 02:16:42,653][main][INFO] - Keeping every third file and removing the others...
[2024-09-05 02:16:43,037][main][INFO] - Processing file /mnt/geosense/cameras/G5Bullet_27/mp4/File_004_G5Bullet_27_F4E2C678D10D_2024-09-03_11_0.mp4...
[2024-09-05 02:24:49,028][main][INFO] - All frames extracted.
[2024-09-05 02:24:49,029][main][INFO] - Total frames extracted: 41367
[2024-09-05 02:24:49,030][main][INFO] - Enhance frames...
[2024-09-05 02:24:49,030][main][INFO] - Grouping files in sets...
[2024-09-05 02:24:49,083][main][INFO] - Moving files to staging directory...
[2024-09-05 02:24:49,099][main][INFO] - Keeping every third file and removing the others...
[2024-09-05 02:24:49,467][main][INFO] - Processing file /mnt/geosense/cameras/G5Bullet_27/mp4/File_005_G5Bullet_27_F4E2C678D10D_2024-09-03_12_0.mp4...
[2024-09-05 02:33:39,847][main][INFO] - All frames extracted.
[2024-09-05 02:33:39,849][main][INFO] - Total frames extracted: 46222
[2024-09-05 02:33:39,849][main][INFO] - Enhance frames...
[2024-09-05 02:33:39,849][main][INFO] - Grouping files in sets...
[2024-09-05 02:33:39,909][main][INFO] - Moving files to staging directory...
[2024-09-05 02:33:39,930][main][INFO] - Keeping every third file and removing the others...
[2024-09-05 02:33:40,328][main][INFO] - Processing file /mnt/geosense/cameras/G5Bullet_27/mp4/File_006_G5Bullet_27_F4E2C678D10D_2024-09-03_13_0.mp4...
[2024-09-05 02:42:38,625][main][INFO] - All frames extracted.
[2024-09-05 02:42:38,626][main][INFO] - Total frames extracted: 51232
[2024-09-05 02:42:38,626][main][INFO] - Enhance frames...
[2024-09-05 02:42:38,626][main][INFO] - Grouping files in sets...
[2024-09-05 02:42:38,685][main][INFO] - Moving files to staging directory...
[2024-09-05 02:42:38,704][main][INFO] - Keeping every third file and removing the others...
[2024-09-05 02:42:39,129][main][INFO] - Processing file /mnt/geosense/cameras/G5Bullet_27/mp4/File_007_G5Bullet_27_F4E2C678D10D_2024-09-03_14_0.mp4...
[2024-09-05 02:52:38,723][main][INFO] - All frames extracted.
[2024-09-05 02:52:38,724][main][INFO] - Total frames extracted: 57187
[2024-09-05 02:52:38,724][main][INFO] - Enhance frames...
[2024-09-05 02:52:38,724][main][INFO] - Grouping files in sets...
[2024-09-05 02:52:38,799][main][INFO] - Moving files to staging directory...
[2024-09-05 02:52:38,823][main][INFO] - Keeping every third file and removing the others...
[2024-09-05 02:52:39,278][main][INFO] - Processing file /mnt/geosense/cameras/G5Bullet_27/mp4/File_008_G5Bullet_27_F4E2C678D10D_2024-09-03_15_0.mp4...
[2024-09-05 03:02:41,595][main][INFO] - All frames extracted.
[2024-09-05 03:02:41,596][main][INFO] - Total frames extracted: 62962
[2024-09-05 03:02:41,596][main][INFO] - Enhance frames...
[2024-09-05 03:02:41,596][main][INFO] - Grouping files in sets...
[2024-09-05 03:02:41,667][main][INFO] - Moving files to staging directory...
[2024-09-05 03:02:41,691][main][INFO] - Keeping every third file and removing the others...
[2024-09-05 03:02:42,131][main][INFO] - Processing file /mnt/geosense/cameras/G5Bullet_27/mp4/File_009_G5Bullet_27_F4E2C678D10D_2024-09-03_16_0.mp4...
[2024-09-05 03:12:52,655][main][INFO] - All frames extracted.
[2024-09-05 03:12:52,655][main][INFO] - Total frames extracted: 68932
[2024-09-05 03:12:52,656][main][INFO] - Enhance frames...
[2024-09-05 03:12:52,656][main][INFO] - Grouping files in sets...
[2024-09-05 03:12:52,729][main][INFO] - Moving files to staging directory...
[2024-09-05 03:12:52,752][main][INFO] - Keeping every third file and removing the others...
[2024-09-05 03:12:53,198][main][INFO] - Processing file /mnt/geosense/cameras/G5Bullet_27/mp4/File_010_G5Bullet_27_F4E2C678D10D_2024-09-03_17_0.mp4...
[2024-09-05 03:22:56,103][main][INFO] - All frames extracted.
[2024-09-05 03:22:56,104][main][INFO] - Total frames extracted: 74722
[2024-09-05 03:22:56,104][main][INFO] - Enhance frames...
[2024-09-05 03:22:56,104][main][INFO] - Grouping files in sets...
[2024-09-05 03:22:56,183][main][INFO] - Moving files to staging directory...
[2024-09-05 03:22:56,207][main][INFO] - Keeping every third file and removing the others...
[2024-09-05 03:22:57,068][main][INFO] - Processing file /mnt/geosense/cameras/G5Bullet_27/mp4/File_011_G5Bullet_27_F4E2C678D10D_2024-09-03_18_0.mp4...
[2024-09-05 03:32:10,142][main][INFO] - All frames extracted.
[2024-09-05 03:32:10,143][main][INFO] - Total frames extracted: 79858
[2024-09-05 03:32:10,143][main][INFO] - Enhance frames...
[2024-09-05 03:32:10,143][main][INFO] - Grouping files in sets...
[2024-09-05 03:32:10,202][main][INFO] - Moving files to staging directory...
[2024-09-05 03:32:10,222][main][INFO] - Keeping every third file and removing the others...
[2024-09-05 03:32:10,616][main][INFO] - Processing file /mnt/geosense/cameras/G5Bullet_27/mp4/File_012_G5Bullet_27_F4E2C678D10D_2024-09-03_19_0.mp4...
[2024-09-05 03:41:37,925][main][INFO] - All frames extracted.
[2024-09-05 03:41:37,926][main][INFO] - Total frames extracted: 85303
[2024-09-05 03:41:37,927][main][INFO] - Enhance frames...
[2024-09-05 03:41:37,927][main][INFO] - Grouping files in sets...
[2024-09-05 03:41:37,991][main][INFO] - Moving files to staging directory...
[2024-09-05 03:41:38,013][main][INFO] - Keeping every third file and removing the others...
[2024-09-05 03:41:38,426][main][INFO] - Processing file /mnt/geosense/cameras/G5Bullet_27/mp4/File_013_G5Bullet_27_F4E2C678D10D_2024-09-03_20_0.mp4...
[2024-09-05 03:50:42,984][main][INFO] - All frames extracted.
[2024-09-05 03:50:42,985][main][INFO] - Total frames extracted: 90347
[2024-09-05 03:50:42,985][main][INFO] - Enhance frames...
[2024-09-05 03:50:42,985][main][INFO] - Grouping files in sets...
[2024-09-05 03:50:43,117][main][INFO] - Moving files to staging directory...
[2024-09-05 03:50:43,139][main][INFO] - Keeping every third file and removing the others...
[2024-09-05 03:50:43,545][main][INFO] - Processing file /mnt/geosense/cameras/G5Bullet_27/mp4/File_014_G5Bullet_27_F4E2C678D10D_2024-09-03_21_0.mp4...
[2024-09-05 03:59:30,048][main][INFO] - All frames extracted.
[2024-09-05 03:59:30,048][main][INFO] - Total frames extracted: 95369
[2024-09-05 03:59:30,049][main][INFO] - Enhance frames...
[2024-09-05 03:59:30,049][main][INFO] - Grouping files in sets...
[2024-09-05 03:59:30,110][main][INFO] - Moving files to staging directory...
[2024-09-05 03:59:30,138][main][INFO] - Keeping every third file and removing the others...
[2024-09-05 03:59:30,547][main][INFO] - Processing file /mnt/geosense/cameras/G5Bullet_27/mp4/File_015_G5Bullet_27_F4E2C678D10D_2024-09-03_22_0.mp4...
[2024-09-05 04:08:29,475][main][INFO] - All frames extracted.
[2024-09-05 04:08:29,476][main][INFO] - Total frames extracted: 100310
[2024-09-05 04:08:29,476][main][INFO] - Enhance frames...
[2024-09-05 04:08:29,476][main][INFO] - Grouping files in sets...
[2024-09-05 04:08:29,533][main][INFO] - Moving files to staging directory...
[2024-09-05 04:08:29,552][main][INFO] - Keeping every third file and removing the others...
[2024-09-05 04:08:29,939][main][INFO] - Processing file /mnt/geosense/cameras/G5Bullet_27/mp4/File_016_G5Bullet_27_F4E2C678D10D_2024-09-03_23_0.mp4...
[2024-09-05 04:16:52,669][main][INFO] - All frames extracted.
[2024-09-05 04:16:52,670][main][INFO] - Total frames extracted: 104785
[2024-09-05 04:16:52,671][main][INFO] - Enhance frames...
[2024-09-05 04:16:52,671][main][INFO] - Grouping files in sets...
[2024-09-05 04:16:52,722][main][INFO] - Moving files to staging directory...
[2024-09-05 04:16:52,739][main][INFO] - Keeping every third file and removing the others...
[2024-09-05 04:16:53,104][main][INFO] - Processing file /mnt/geosense/cameras/G5Bullet_27/mp4/File_017_G5Bullet_27_F4E2C678D10D_2024-09-03_24_0.mp4...
[2024-09-05 04:25:57,278][main][INFO] - All frames extracted.
[2024-09-05 04:25:57,279][main][INFO] - Total frames extracted: 109753
[2024-09-05 04:25:57,280][main][INFO] - Enhance frames...
[2024-09-05 04:25:57,280][main][INFO] - Grouping files in sets...
[2024-09-05 04:25:57,340][main][INFO] - Moving files to staging directory...
[2024-09-05 04:25:57,360][main][INFO] - Keeping every third file and removing the others...
[2024-09-05 04:25:57,743][main][INFO] - Processing file /mnt/geosense/cameras/G5Bullet_27/mp4/File_018_G5Bullet_27_F4E2C678D10D_2024-09-03_25_0.mp4...
[2024-09-05 04:35:32,400][main][INFO] - All frames extracted.
[2024-09-05 04:35:32,401][main][INFO] - Total frames extracted: 115193
[2024-09-05 04:35:32,401][main][INFO] - Enhance frames...
[2024-09-05 04:35:32,401][main][INFO] - Grouping files in sets...
[2024-09-05 04:35:32,470][main][INFO] - Moving files to staging directory...
[2024-09-05 04:35:32,491][main][INFO] - Keeping every third file and removing the others...
[2024-09-05 04:35:32,898][main][INFO] - Processing file /mnt/geosense/cameras/G5Bullet_27/mp4/File_019_G5Bullet_27_F4E2C678D10D_2024-09-03_26_0.mp4...
[2024-09-05 04:44:56,409][main][INFO] - All frames extracted.
[2024-09-05 04:44:56,410][main][INFO] - Total frames extracted: 120518
[2024-09-05 04:44:56,410][main][INFO] - Enhance frames...
[2024-09-05 04:44:56,410][main][INFO] - Grouping files in sets...
[2024-09-05 04:44:56,474][main][INFO] - Moving files to staging directory...
[2024-09-05 04:44:56,495][main][INFO] - Keeping every third file and removing the others...
[2024-09-05 04:44:56,967][main][INFO] - Processing file /mnt/geosense/cameras/G5Bullet_27/mp4/File_020_G5Bullet_27_F4E2C678D10D_2024-09-03_27_0.mp4...
[2024-09-05 04:55:25,712][main][INFO] - All frames extracted.
[2024-09-05 04:55:25,712][main][INFO] - Total frames extracted: 126678
[2024-09-05 04:55:25,713][main][INFO] - Enhance frames...
[2024-09-05 04:55:25,713][main][INFO] - Grouping files in sets...
[2024-09-05 04:55:25,786][main][INFO] - Moving files to staging directory...
[2024-09-05 04:55:25,811][main][INFO] - Keeping every third file and removing the others...
[2024-09-05 04:55:26,334][main][INFO] - Processing file /mnt/geosense/cameras/G5Bullet_27/mp4/File_021_G5Bullet_27_F4E2C678D10D_2024-09-03_28_0.mp4...
[2024-09-05 05:06:19,717][main][INFO] - All frames extracted.
[2024-09-05 05:06:19,718][main][INFO] - Total frames extracted: 133233
[2024-09-05 05:06:19,718][main][INFO] - Enhance frames...
[2024-09-05 05:06:19,718][main][INFO] - Grouping files in sets...
[2024-09-05 05:06:19,798][main][INFO] - Moving files to staging directory...
[2024-09-05 05:06:19,825][main][INFO] - Keeping every third file and removing the others...
[2024-09-05 05:06:20,398][main][INFO] - Processing file /mnt/geosense/cameras/G5Bullet_27/mp4/File_022_G5Bullet_27_F4E2C678D10D_2024-09-03_29_0.mp4...
[2024-09-05 05:16:56,610][main][INFO] - All frames extracted.
[2024-09-05 05:16:56,611][main][INFO] - Total frames extracted: 139533
[2024-09-05 05:16:56,612][main][INFO] - Enhance frames...
[2024-09-05 05:16:56,612][main][INFO] - Grouping files in sets...
[2024-09-05 05:16:56,753][main][INFO] - Moving files to staging directory...
[2024-09-05 05:16:56,778][main][INFO] - Keeping every third file and removing the others...
[2024-09-05 05:16:57,307][main][INFO] - Processing file /mnt/geosense/cameras/G5Bullet_27/mp4/File_023_G5Bullet_27_F4E2C678D10D_2024-09-03_30_0.mp4...
[2024-09-05 05:26:45,639][main][INFO] - All frames extracted.
[2024-09-05 05:26:45,640][main][INFO] - Total frames extracted: 145263
[2024-09-05 05:26:45,640][main][INFO] - Enhance frames...
[2024-09-05 05:26:45,640][main][INFO] - Grouping files in sets...
[2024-09-05 05:26:45,710][main][INFO] - Moving files to staging directory...
[2024-09-05 05:26:45,733][main][INFO] - Keeping every third file and removing the others...
[2024-09-05 05:26:46,249][main][INFO] - Processing file /mnt/geosense/cameras/G5Bullet_27/mp4/File_024_G5Bullet_27_F4E2C678D10D_2024-09-03_31_0.mp4...
[2024-09-05 05:36:40,227][main][INFO] - All frames extracted.
[2024-09-05 05:36:40,228][main][INFO] - Total frames extracted: 151023
[2024-09-05 05:36:40,229][main][INFO] - Enhance frames...
[2024-09-05 05:36:40,229][main][INFO] - Grouping files in sets...
[2024-09-05 05:36:40,312][main][INFO] - Moving files to staging directory...
[2024-09-05 05:36:40,336][main][INFO] - Keeping every third file and removing the others...
[2024-09-05 05:36:40,820][main][INFO] - Processing file /mnt/geosense/cameras/G5Bullet_27/mp4/File_025_G5Bullet_27_F4E2C678D10D_2024-09-03_32_0.mp4...
[2024-09-05 05:45:46,465][main][INFO] - All frames extracted.
[2024-09-05 05:45:46,466][main][INFO] - Total frames extracted: 156199
[2024-09-05 05:45:46,466][main][INFO] - Enhance frames...
[2024-09-05 05:45:46,467][main][INFO] - Grouping files in sets...
[2024-09-05 05:45:46,530][main][INFO] - Moving files to staging directory...
[2024-09-05 05:45:46,550][main][INFO] - Keeping every third file and removing the others...
[2024-09-05 05:45:46,983][main][INFO] - Processing file /mnt/geosense/cameras/G5Bullet_27/mp4/File_026_G5Bullet_27_F4E2C678D10D_2024-09-03_33_0.mp4...
[2024-09-05 05:57:04,285][main][INFO] - All frames extracted.
[2024-09-05 05:57:04,286][main][INFO] - Total frames extracted: 163204
[2024-09-05 05:57:04,287][main][INFO] - Enhance frames...
[2024-09-05 05:57:04,287][main][INFO] - Grouping files in sets...
[2024-09-05 05:57:04,378][main][INFO] - Moving files to staging directory...
[2024-09-05 05:57:04,407][main][INFO] - Keeping every third file and removing the others...
[2024-09-05 05:57:04,899][main][INFO] - Processing file /mnt/geosense/cameras/G5Bullet_27/mp4/File_027_G5Bullet_27_F4E2C678D10D_2024-09-03_34_0.mp4...
[2024-09-05 06:07:10,459][main][INFO] - All frames extracted.
[2024-09-05 06:07:10,460][main][INFO] - Total frames extracted: 169309
[2024-09-05 06:07:10,460][main][INFO] - Enhance frames...
[2024-09-05 06:07:10,460][main][INFO] - Grouping files in sets...
[2024-09-05 06:07:10,534][main][INFO] - Moving files to staging directory...
[2024-09-05 06:07:10,559][main][INFO] - Keeping every third file and removing the others...
[2024-09-05 06:07:10,938][main][INFO] - Processing file /mnt/geosense/cameras/G5Bullet_27/mp4/File_028_G5Bullet_27_F4E2C678D10D_2024-09-03_35_0.mp4...
[2024-09-05 06:18:25,311][main][INFO] - All frames extracted.
[2024-09-05 06:18:25,312][main][INFO] - Total frames extracted: 176539
[2024-09-05 06:18:25,312][main][INFO] - Enhance frames...
[2024-09-05 06:18:25,313][main][INFO] - Grouping files in sets...
[2024-09-05 06:18:25,400][main][INFO] - Moving files to staging directory...
[2024-09-05 06:18:25,432][main][INFO] - Keeping every third file and removing the others...
[2024-09-05 06:18:25,881][main][INFO] - Processing file /mnt/geosense/cameras/G5Bullet_27/mp4/File_029_G5Bullet_27_F4E2C678D10D_2024-09-03_36_0.mp4...
[2024-09-05 06:29:03,025][main][INFO] - All frames extracted.
[2024-09-05 06:29:03,026][main][INFO] - Total frames extracted: 183169
[2024-09-05 06:29:03,026][main][INFO] - Enhance frames...
[2024-09-05 06:29:03,027][main][INFO] - Grouping files in sets...
[2024-09-05 06:29:03,109][main][INFO] - Moving files to staging directory...
[2024-09-05 06:29:03,137][main][INFO] - Keeping every third file and removing the others...
[2024-09-05 06:29:03,552][main][INFO] - Processing file /mnt/geosense/cameras/G5Bullet_27/mp4/File_030_G5Bullet_27_F4E2C678D10D_2024-09-03_37_0.mp4...
[2024-09-05 06:40:47,658][main][INFO] - All frames extracted.
[2024-09-05 06:40:47,659][main][INFO] - Total frames extracted: 190519
[2024-09-05 06:40:47,659][main][INFO] - Enhance frames...
[2024-09-05 06:40:47,659][main][INFO] - Grouping files in sets...
[2024-09-05 06:40:47,817][main][INFO] - Moving files to staging directory...
[2024-09-05 06:40:47,847][main][INFO] - Keeping every third file and removing the others...
[2024-09-05 06:40:48,278][main][INFO] - Processing file /mnt/geosense/cameras/G5Bullet_27/mp4/File_031_G5Bullet_27_F4E2C678D10D_2024-09-03_38_0.mp4...
[2024-09-05 06:56:29,980][main][INFO] - All frames extracted.
[2024-09-05 06:56:29,982][main][INFO] - Total frames extracted: 201365
[2024-09-05 06:56:29,982][main][INFO] - Enhance frames...
[2024-09-05 06:56:29,982][main][INFO] - Grouping files in sets...
[2024-09-05 06:56:30,123][main][INFO] - Moving files to staging directory...
[2024-09-05 06:56:30,176][main][INFO] - Keeping every third file and removing the others...
[2024-09-05 06:56:30,761][main][INFO] - Generate video...
[2024-09-05 06:56:30,762][main][INFO] - Exporting video to /mnt/geosense/cameras/G5Bullet_27/video_timelapse_export/G5Bullet_27_2024-09-03_fr30.mp4...
[2024-09-05 07:35:58,424][main][INFO] - Transfering video to Pylos...
[2024-09-05 08:01:02,856][main][INFO] - ::: Successfull transfer of video to Pylos. :::
[2024-09-05 08:01:02,858][main][INFO] - --------------------------------------------------
[2024-09-05 08:01:02,858][main][INFO] - --------------------------------------------------
[2024-09-05 08:01:02,858][main][INFO] - --------------------------------------------------
[2024-09-05 08:01:02,858][main][INFO] - --------------------------------------------------
[2024-09-05 08:01:02,858][main][INFO] - ::: Processing camera G5Bullet_31 :::
[2024-09-05 08:01:02,858][main][INFO] - --------------------------------------------------
[2024-09-05 08:01:02,858][main][INFO] - --------------------------------------------------
[2024-09-05 08:01:02,858][main][INFO] - Transfering data from NVR (/volume1/videos/G5Bullet_31/*0.mp4) to VM (/mnt/geosense/cameras/G5Bullet_31/mp4)...
[2024-09-05 08:11:36,802][main][INFO] - Extract frames...
[2024-09-05 08:11:36,802][main][INFO] - Renaming .mp4 files...
[2024-09-05 08:11:36,803][main][INFO] - Renamed /mnt/geosense/cameras/G5Bullet_31/mp4/G5Bullet_31_F4E2C678CB5A_2024-09-03_1_0.mp4 to /mnt/geosense/cameras/G5Bullet_31/mp4/File_000_G5Bullet_31_F4E2C678CB5A_2024-09-03_1_0.mp4
[2024-09-05 08:11:36,803][main][INFO] - Renamed /mnt/geosense/cameras/G5Bullet_31/mp4/G5Bullet_31_F4E2C678CB5A_2024-09-03_2_0.mp4 to /mnt/geosense/cameras/G5Bullet_31/mp4/File_001_G5Bullet_31_F4E2C678CB5A_2024-09-03_2_0.mp4
[2024-09-05 08:11:36,803][main][INFO] - Renamed /mnt/geosense/cameras/G5Bullet_31/mp4/G5Bullet_31_F4E2C678CB5A_2024-09-03_3_0.mp4 to /mnt/geosense/cameras/G5Bullet_31/mp4/File_002_G5Bullet_31_F4E2C678CB5A_2024-09-03_3_0.mp4
[2024-09-05 08:11:36,803][main][INFO] - Renamed /mnt/geosense/cameras/G5Bullet_31/mp4/G5Bullet_31_F4E2C678CB5A_2024-09-03_4_0.mp4 to /mnt/geosense/cameras/G5Bullet_31/mp4/File_003_G5Bullet_31_F4E2C678CB5A_2024-09-03_4_0.mp4
[2024-09-05 08:11:36,803][main][INFO] - Renamed /mnt/geosense/cameras/G5Bullet_31/mp4/G5Bullet_31_F4E2C678CB5A_2024-09-03_5_0.mp4 to /mnt/geosense/cameras/G5Bullet_31/mp4/File_004_G5Bullet_31_F4E2C678CB5A_2024-09-03_5_0.mp4
[2024-09-05 08:11:36,803][main][INFO] - Renamed /mnt/geosense/cameras/G5Bullet_31/mp4/G5Bullet_31_F4E2C678CB5A_2024-09-03_6_0.mp4 to /mnt/geosense/cameras/G5Bullet_31/mp4/File_005_G5Bullet_31_F4E2C678CB5A_2024-09-03_6_0.mp4
[2024-09-05 08:11:36,803][main][INFO] - Renamed /mnt/geosense/cameras/G5Bullet_31/mp4/G5Bullet_31_F4E2C678CB5A_2024-09-03_7_0.mp4 to /mnt/geosense/cameras/G5Bullet_31/mp4/File_006_G5Bullet_31_F4E2C678CB5A_2024-09-03_7_0.mp4
[2024-09-05 08:11:36,804][main][INFO] - Renamed /mnt/geosense/cameras/G5Bullet_31/mp4/G5Bullet_31_F4E2C678CB5A_2024-09-03_8_0.mp4 to /mnt/geosense/cameras/G5Bullet_31/mp4/File_007_G5Bullet_31_F4E2C678CB5A_2024-09-03_8_0.mp4
[2024-09-05 08:11:36,804][main][INFO] - Renamed /mnt/geosense/cameras/G5Bullet_31/mp4/G5Bullet_31_F4E2C678CB5A_2024-09-03_9_0.mp4 to /mnt/geosense/cameras/G5Bullet_31/mp4/File_008_G5Bullet_31_F4E2C678CB5A_2024-09-03_9_0.mp4
[2024-09-05 08:11:36,804][main][INFO] - Renamed /mnt/geosense/cameras/G5Bullet_31/mp4/G5Bullet_31_F4E2C678CB5A_2024-09-03_10_0.mp4 to /mnt/geosense/cameras/G5Bullet_31/mp4/File_009_G5Bullet_31_F4E2C678CB5A_2024-09-03_10_0.mp4
[2024-09-05 08:11:36,804][main][INFO] - Renamed /mnt/geosense/cameras/G5Bullet_31/mp4/G5Bullet_31_F4E2C678CB5A_2024-09-03_11_0.mp4 to /mnt/geosense/cameras/G5Bullet_31/mp4/File_010_G5Bullet_31_F4E2C678CB5A_2024-09-03_11_0.mp4
[2024-09-05 08:11:36,804][main][INFO] - Renamed /mnt/geosense/cameras/G5Bullet_31/mp4/G5Bullet_31_F4E2C678CB5A_2024-09-03_12_0.mp4 to /mnt/geosense/cameras/G5Bullet_31/mp4/File_011_G5Bullet_31_F4E2C678CB5A_2024-09-03_12_0.mp4
[2024-09-05 08:11:36,804][main][INFO] - Renamed /mnt/geosense/cameras/G5Bullet_31/mp4/G5Bullet_31_F4E2C678CB5A_2024-09-03_13_0.mp4 to /mnt/geosense/cameras/G5Bullet_31/mp4/File_012_G5Bullet_31_F4E2C678CB5A_2024-09-03_13_0.mp4
[2024-09-05 08:11:36,804][main][INFO] - Renamed /mnt/geosense/cameras/G5Bullet_31/mp4/G5Bullet_31_F4E2C678CB5A_2024-09-03_14_0.mp4 to /mnt/geosense/cameras/G5Bullet_31/mp4/File_013_G5Bullet_31_F4E2C678CB5A_2024-09-03_14_0.mp4
[2024-09-05 08:11:36,804][main][INFO] - Renamed /mnt/geosense/cameras/G5Bullet_31/mp4/G5Bullet_31_F4E2C678CB5A_2024-09-03_15_0.mp4 to /mnt/geosense/cameras/G5Bullet_31/mp4/File_014_G5Bullet_31_F4E2C678CB5A_2024-09-03_15_0.mp4
[2024-09-05 08:11:36,804][main][INFO] - Renamed /mnt/geosense/cameras/G5Bullet_31/mp4/G5Bullet_31_F4E2C678CB5A_2024-09-03_16_0.mp4 to /mnt/geosense/cameras/G5Bullet_31/mp4/File_015_G5Bullet_31_F4E2C678CB5A_2024-09-03_16_0.mp4
[2024-09-05 08:11:36,805][main][INFO] - Renamed /mnt/geosense/cameras/G5Bullet_31/mp4/G5Bullet_31_F4E2C678CB5A_2024-09-03_17_0.mp4 to /mnt/geosense/cameras/G5Bullet_31/mp4/File_016_G5Bullet_31_F4E2C678CB5A_2024-09-03_17_0.mp4
[2024-09-05 08:11:36,805][main][INFO] - Renamed /mnt/geosense/cameras/G5Bullet_31/mp4/G5Bullet_31_F4E2C678CB5A_2024-09-03_18_0.mp4 to /mnt/geosense/cameras/G5Bullet_31/mp4/File_017_G5Bullet_31_F4E2C678CB5A_2024-09-03_18_0.mp4
[2024-09-05 08:11:36,805][main][INFO] - Renamed /mnt/geosense/cameras/G5Bullet_31/mp4/G5Bullet_31_F4E2C678CB5A_2024-09-03_19_0.mp4 to /mnt/geosense/cameras/G5Bullet_31/mp4/File_018_G5Bullet_31_F4E2C678CB5A_2024-09-03_19_0.mp4
[2024-09-05 08:11:36,805][main][INFO] - Renamed /mnt/geosense/cameras/G5Bullet_31/mp4/G5Bullet_31_F4E2C678CB5A_2024-09-03_20_0.mp4 to /mnt/geosense/cameras/G5Bullet_31/mp4/File_019_G5Bullet_31_F4E2C678CB5A_2024-09-03_20_0.mp4
[2024-09-05 08:11:36,805][main][INFO] - Renamed /mnt/geosense/cameras/G5Bullet_31/mp4/G5Bullet_31_F4E2C678CB5A_2024-09-03_21_0.mp4 to /mnt/geosense/cameras/G5Bullet_31/mp4/File_020_G5Bullet_31_F4E2C678CB5A_2024-09-03_21_0.mp4
[2024-09-05 08:11:36,805][main][INFO] - Renamed /mnt/geosense/cameras/G5Bullet_31/mp4/G5Bullet_31_F4E2C678CB5A_2024-09-03_22_0.mp4 to /mnt/geosense/cameras/G5Bullet_31/mp4/File_021_G5Bullet_31_F4E2C678CB5A_2024-09-03_22_0.mp4
[2024-09-05 08:11:36,805][main][INFO] - Renamed /mnt/geosense/cameras/G5Bullet_31/mp4/G5Bullet_31_F4E2C678CB5A_2024-09-03_23_0.mp4 to /mnt/geosense/cameras/G5Bullet_31/mp4/File_022_G5Bullet_31_F4E2C678CB5A_2024-09-03_23_0.mp4
[2024-09-05 08:11:36,805][main][INFO] - Renamed /mnt/geosense/cameras/G5Bullet_31/mp4/G5Bullet_31_F4E2C678CB5A_2024-09-03_24_0.mp4 to /mnt/geosense/cameras/G5Bullet_31/mp4/File_023_G5Bullet_31_F4E2C678CB5A_2024-09-03_24_0.mp4
[2024-09-05 08:11:36,805][main][INFO] - Renamed /mnt/geosense/cameras/G5Bullet_31/mp4/G5Bullet_31_F4E2C678CB5A_2024-09-03_25_0.mp4 to /mnt/geosense/cameras/G5Bullet_31/mp4/File_024_G5Bullet_31_F4E2C678CB5A_2024-09-03_25_0.mp4
[2024-09-05 08:11:36,805][main][INFO] - Renamed /mnt/geosense/cameras/G5Bullet_31/mp4/G5Bullet_31_F4E2C678CB5A_2024-09-03_26_0.mp4 to /mnt/geosense/cameras/G5Bullet_31/mp4/File_025_G5Bullet_31_F4E2C678CB5A_2024-09-03_26_0.mp4
[2024-09-05 08:11:36,806][main][INFO] - Renamed /mnt/geosense/cameras/G5Bullet_31/mp4/G5Bullet_31_F4E2C678CB5A_2024-09-03_27_0.mp4 to /mnt/geosense/cameras/G5Bullet_31/mp4/File_026_G5Bullet_31_F4E2C678CB5A_2024-09-03_27_0.mp4
[2024-09-05 08:11:36,806][main][INFO] - Renamed /mnt/geosense/cameras/G5Bullet_31/mp4/G5Bullet_31_F4E2C678CB5A_2024-09-03_28_0.mp4 to /mnt/geosense/cameras/G5Bullet_31/mp4/File_027_G5Bullet_31_F4E2C678CB5A_2024-09-03_28_0.mp4
[2024-09-05 08:11:36,806][main][INFO] - Renamed /mnt/geosense/cameras/G5Bullet_31/mp4/G5Bullet_31_F4E2C678CB5A_2024-09-03_29_0.mp4 to /mnt/geosense/cameras/G5Bullet_31/mp4/File_028_G5Bullet_31_F4E2C678CB5A_2024-09-03_29_0.mp4
[2024-09-05 08:11:36,806][main][INFO] - Renamed /mnt/geosense/cameras/G5Bullet_31/mp4/G5Bullet_31_F4E2C678CB5A_2024-09-03_30_0.mp4 to /mnt/geosense/cameras/G5Bullet_31/mp4/File_029_G5Bullet_31_F4E2C678CB5A_2024-09-03_30_0.mp4
[2024-09-05 08:11:36,806][main][INFO] - Processing file /mnt/geosense/cameras/G5Bullet_31/mp4/File_000_G5Bullet_31_F4E2C678CB5A_2024-09-03_1_0.mp4...
[2024-09-05 08:30:46,218][main][INFO] - All frames extracted.
[2024-09-05 08:30:46,219][main][INFO] - Total frames extracted: 14160
[2024-09-05 08:30:46,219][main][INFO] - Enhance frames...
[2024-09-05 08:30:46,219][main][INFO] - Grouping files in sets...
[2024-09-05 08:30:46,405][main][INFO] - Moving files to staging directory...
[2024-09-05 08:30:46,479][main][INFO] - Keeping every third file and removing the others...
[2024-09-05 08:30:47,171][main][INFO] - Processing file /mnt/geosense/cameras/G5Bullet_31/mp4/File_001_G5Bullet_31_F4E2C678CB5A_2024-09-03_2_0.mp4...
[2024-09-05 08:48:47,845][main][INFO] - All frames extracted.
[2024-09-05 08:48:47,846][main][INFO] - Total frames extracted: 27855
[2024-09-05 08:48:47,847][main][INFO] - Enhance frames...
[2024-09-05 08:48:47,847][main][INFO] - Grouping files in sets...
[2024-09-05 08:48:48,089][main][INFO] - Moving files to staging directory...
[2024-09-05 08:48:48,151][main][INFO] - Keeping every third file and removing the others...
[2024-09-05 08:48:48,792][main][INFO] - Processing file /mnt/geosense/cameras/G5Bullet_31/mp4/File_002_G5Bullet_31_F4E2C678CB5A_2024-09-03_3_0.mp4...
[2024-09-05 09:07:30,681][main][INFO] - All frames extracted.
[2024-09-05 09:07:30,682][main][INFO] - Total frames extracted: 41625
[2024-09-05 09:07:30,682][main][INFO] - Enhance frames...
[2024-09-05 09:07:30,682][main][INFO] - Grouping files in sets...
[2024-09-05 09:07:30,863][main][INFO] - Moving files to staging directory...
[2024-09-05 09:07:30,924][main][INFO] - Keeping every third file and removing the others...
[2024-09-05 09:07:31,597][main][INFO] - Processing file /mnt/geosense/cameras/G5Bullet_31/mp4/File_003_G5Bullet_31_F4E2C678CB5A_2024-09-03_4_0.mp4...
[2024-09-05 09:26:06,367][main][INFO] - All frames extracted.
[2024-09-05 09:26:06,368][main][INFO] - Total frames extracted: 55470
[2024-09-05 09:26:06,368][main][INFO] - Enhance frames...
[2024-09-05 09:26:06,368][main][INFO] - Grouping files in sets...
[2024-09-05 09:26:06,549][main][INFO] - Moving files to staging directory...
[2024-09-05 09:26:06,612][main][INFO] - Keeping every third file and removing the others...
[2024-09-05 09:26:07,264][main][INFO] - Processing file /mnt/geosense/cameras/G5Bullet_31/mp4/File_004_G5Bullet_31_F4E2C678CB5A_2024-09-03_5_0.mp4...
[2024-09-05 09:44:13,346][main][INFO] - All frames extracted.
[2024-09-05 09:44:13,348][main][INFO] - Total frames extracted: 68595
[2024-09-05 09:44:13,348][main][INFO] - Enhance frames...
[2024-09-05 09:44:13,348][main][INFO] - Grouping files in sets...
[2024-09-05 09:44:13,600][main][INFO] - Moving files to staging directory...
[2024-09-05 09:44:13,679][main][INFO] - Keeping every third file and removing the others...
[2024-09-05 09:44:14,297][main][INFO] - Processing file /mnt/geosense/cameras/G5Bullet_31/mp4/File_005_G5Bullet_31_F4E2C678CB5A_2024-09-03_6_0.mp4...
[2024-09-05 09:58:15,619][main][INFO] - All frames extracted.
[2024-09-05 09:58:15,620][main][INFO] - Total frames extracted: 77865
[2024-09-05 09:58:15,620][main][INFO] - Enhance frames...
[2024-09-05 09:58:15,620][main][INFO] - Grouping files in sets...
[2024-09-05 09:58:15,732][main][INFO] - Moving files to staging directory...
[2024-09-05 09:58:15,770][main][INFO] - Keeping every third file and removing the others...
[2024-09-05 09:58:16,322][main][INFO] - Processing file /mnt/geosense/cameras/G5Bullet_31/mp4/File_006_G5Bullet_31_F4E2C678CB5A_2024-09-03_7_0.mp4...
[2024-09-05 10:11:07,189][main][INFO] - All frames extracted.
[2024-09-05 10:11:07,190][main][INFO] - Total frames extracted: 85633
[2024-09-05 10:11:07,190][main][INFO] - Enhance frames...
[2024-09-05 10:11:07,190][main][INFO] - Grouping files in sets...
[2024-09-05 10:11:07,287][main][INFO] - Moving files to staging directory...
[2024-09-05 10:11:07,319][main][INFO] - Keeping every third file and removing the others...
[2024-09-05 10:11:07,828][main][INFO] - Processing file /mnt/geosense/cameras/G5Bullet_31/mp4/File_007_G5Bullet_31_F4E2C678CB5A_2024-09-03_8_0.mp4...
