[2024-09-03 14:18:23,623][main][INFO] - Transfering data...
[2024-09-03 14:18:23,623][main][INFO] - Extract frames...
[2024-09-03 14:18:23,624][main][INFO] - Processing file /mnt/geosense/cameras/G5Bullet_07/mp4/File_000_File_000_File_000_G5Bullet_07_F4E2C678CCA0_1_0.mp4...
[2024-09-03 14:19:47,122][main][INFO] - All frames extracted.
[2024-09-03 14:19:47,123][main][INFO] - Total frames extracted: 163
[2024-09-03 14:19:47,123][main][INFO] - Processing file /mnt/geosense/cameras/G5Bullet_07/mp4/File_001_File_001_File_001_G5Bullet_07_F4E2C678CCA0_2_0.mp4...
[2024-09-03 14:21:21,084][main][INFO] - All frames extracted.
[2024-09-03 14:21:21,085][main][INFO] - Total frames extracted: 314
[2024-09-03 14:21:21,085][main][INFO] - Processing file /mnt/geosense/cameras/G5Bullet_07/mp4/File_002_File_002_File_002_G5Bullet_07_F4E2C678CCA0_3_0.mp4...
[2024-09-03 14:22:45,563][main][INFO] - All frames extracted.
[2024-09-03 14:22:45,564][main][INFO] - Total frames extracted: 477
[2024-09-03 14:22:45,564][main][INFO] - Processing file /mnt/geosense/cameras/G5Bullet_07/mp4/File_003_File_003_File_003_G5Bullet_07_F4E2C678CCA0_4_0.mp4...
[2024-09-03 14:24:11,564][main][INFO] - All frames extracted.
[2024-09-03 14:24:11,566][main][INFO] - Total frames extracted: 645
[2024-09-03 14:24:11,566][main][INFO] - Processing file /mnt/geosense/cameras/G5Bullet_07/mp4/File_004_File_004_File_004_G5Bullet_07_F4E2C678CCA0_5_0.mp4...
[2024-09-03 14:25:43,012][main][INFO] - All frames extracted.
[2024-09-03 14:25:43,013][main][INFO] - Total frames extracted: 838
[2024-09-03 14:25:43,013][main][INFO] - Processing file /mnt/geosense/cameras/G5Bullet_07/mp4/File_005_File_005_File_005_G5Bullet_07_F4E2C678CCA0_6_0.mp4...
[2024-09-03 14:27:04,232][main][INFO] - All frames extracted.
[2024-09-03 14:27:04,234][main][INFO] - Total frames extracted: 993
[2024-09-03 14:27:04,234][main][INFO] - Processing file /mnt/geosense/cameras/G5Bullet_07/mp4/File_006_File_006_File_006_G5Bullet_07_F4E2C678CCA0_7_0.mp4...
[2024-09-03 14:28:19,083][main][INFO] - All frames extracted.
[2024-09-03 14:28:19,085][main][INFO] - Total frames extracted: 1129
[2024-09-03 14:28:19,085][main][INFO] - Processing file /mnt/geosense/cameras/G5Bullet_07/mp4/File_007_File_007_File_007_G5Bullet_07_F4E2C678CCA0_8_0.mp4...
[2024-09-03 14:29:47,574][main][INFO] - All frames extracted.
[2024-09-03 14:29:47,575][main][INFO] - Total frames extracted: 1307
[2024-09-03 14:29:47,575][main][INFO] - Processing file /mnt/geosense/cameras/G5Bullet_07/mp4/File_008_File_008_File_008_G5Bullet_07_F4E2C678CCA0_9_0.mp4...
[2024-09-03 14:31:34,787][main][INFO] - All frames extracted.
[2024-09-03 14:31:34,789][main][INFO] - Total frames extracted: 1462
[2024-09-03 14:31:34,789][main][INFO] - Processing file /mnt/geosense/cameras/G5Bullet_07/mp4/File_009_File_009_File_009_G5Bullet_07_F4E2C678CCA0_10_0.mp4...
[2024-09-03 14:32:48,844][main][INFO] - All frames extracted.
[2024-09-03 14:32:48,846][main][INFO] - Total frames extracted: 1593
[2024-09-03 14:32:48,846][main][INFO] - Processing file /mnt/geosense/cameras/G5Bullet_07/mp4/File_010_File_010_File_010_G5Bullet_07_F4E2C678CCA0_11_0.mp4...
[2024-09-03 14:34:04,020][main][INFO] - All frames extracted.
[2024-09-03 14:34:04,021][main][INFO] - Total frames extracted: 1732
[2024-09-03 14:34:04,021][main][INFO] - Processing file /mnt/geosense/cameras/G5Bullet_07/mp4/File_011_File_011_File_011_G5Bullet_07_F4E2C678CCA0_12_0.mp4...
[2024-09-03 14:35:30,497][main][INFO] - All frames extracted.
[2024-09-03 14:35:30,497][main][INFO] - Total frames extracted: 1914
[2024-09-03 14:35:30,497][main][INFO] - Processing file /mnt/geosense/cameras/G5Bullet_07/mp4/File_012_File_012_File_012_G5Bullet_07_F4E2C678CCA0_13_0.mp4...
[2024-09-03 14:36:45,747][main][INFO] - All frames extracted.
[2024-09-03 14:36:45,749][main][INFO] - Total frames extracted: 2058
[2024-09-03 14:36:45,749][main][INFO] - Processing file /mnt/geosense/cameras/G5Bullet_07/mp4/File_013_File_013_File_013_G5Bullet_07_F4E2C678CCA0_14_0.mp4...
[2024-09-03 14:38:00,887][main][INFO] - All frames extracted.
[2024-09-03 14:38:00,888][main][INFO] - Total frames extracted: 2201
[2024-09-03 14:38:00,888][main][INFO] - Processing file /mnt/geosense/cameras/G5Bullet_07/mp4/File_014_File_014_File_014_G5Bullet_07_F4E2C678CCA0_15_0.mp4...
[2024-09-03 14:39:20,470][main][INFO] - All frames extracted.
[2024-09-03 14:39:20,471][main][INFO] - Total frames extracted: 2356
[2024-09-03 14:39:20,472][main][INFO] - Processing file /mnt/geosense/cameras/G5Bullet_07/mp4/File_015_File_015_File_015_G5Bullet_07_F4E2C678CCA0_16_0.mp4...
[2024-09-03 14:40:44,484][main][INFO] - All frames extracted.
[2024-09-03 14:40:44,485][main][INFO] - Total frames extracted: 2494
[2024-09-03 14:40:44,485][main][INFO] - Processing file /mnt/geosense/cameras/G5Bullet_07/mp4/File_016_File_016_File_016_G5Bullet_07_F4E2C678CCA0_17_0.mp4...
[2024-09-03 14:42:11,100][main][INFO] - All frames extracted.
[2024-09-03 14:42:11,101][main][INFO] - Total frames extracted: 2660
[2024-09-03 14:42:11,101][main][INFO] - Processing file /mnt/geosense/cameras/G5Bullet_07/mp4/File_017_File_017_File_017_G5Bullet_07_F4E2C678CCA0_18_0.mp4...
[2024-09-03 14:43:14,488][main][INFO] - All frames extracted.
[2024-09-03 14:43:14,489][main][INFO] - Total frames extracted: 2806
[2024-09-03 14:43:14,489][main][INFO] - Processing file /mnt/geosense/cameras/G5Bullet_07/mp4/File_018_File_018_File_018_G5Bullet_07_F4E2C678CCA0_19_0.mp4...
[2024-09-03 14:44:38,081][main][INFO] - All frames extracted.
[2024-09-03 14:44:38,082][main][INFO] - Total frames extracted: 2962
[2024-09-03 14:44:38,083][main][INFO] - Processing file /mnt/geosense/cameras/G5Bullet_07/mp4/File_019_File_019_File_019_G5Bullet_07_F4E2C678CCA0_20_0.mp4...
[2024-09-03 14:45:56,295][main][INFO] - All frames extracted.
[2024-09-03 14:45:56,297][main][INFO] - Total frames extracted: 3105
[2024-09-03 14:45:56,297][main][INFO] - Processing file /mnt/geosense/cameras/G5Bullet_07/mp4/File_020_File_020_File_020_G5Bullet_07_F4E2C678CCA0_21_0.mp4...
[2024-09-03 14:47:20,174][main][INFO] - All frames extracted.
[2024-09-03 14:47:20,175][main][INFO] - Total frames extracted: 3267
[2024-09-03 14:47:20,175][main][INFO] - Processing file /mnt/geosense/cameras/G5Bullet_07/mp4/File_021_File_021_File_021_G5Bullet_07_F4E2C678CCA0_22_0.mp4...
[2024-09-03 14:48:45,290][main][INFO] - All frames extracted.
[2024-09-03 14:48:45,292][main][INFO] - Total frames extracted: 3433
[2024-09-03 14:48:45,292][main][INFO] - Processing file /mnt/geosense/cameras/G5Bullet_07/mp4/File_022_File_022_File_022_G5Bullet_07_F4E2C678CCA0_23_0.mp4...
[2024-09-03 14:50:27,429][main][INFO] - All frames extracted.
[2024-09-03 14:50:27,486][main][INFO] - Total frames extracted: 3608
[2024-09-03 14:50:27,486][main][INFO] - Processing file /mnt/geosense/cameras/G5Bullet_07/mp4/File_023_File_023_File_023_G5Bullet_07_F4E2C678CCA0_24_0.mp4...
[2024-09-03 14:52:01,829][main][INFO] - All frames extracted.
[2024-09-03 14:52:01,830][main][INFO] - Total frames extracted: 3788
[2024-09-03 14:52:01,831][main][INFO] - Processing file /mnt/geosense/cameras/G5Bullet_07/mp4/File_024_File_024_File_024_G5Bullet_07_F4E2C678CCA0_25_0.mp4...
[2024-09-03 14:53:29,188][main][INFO] - All frames extracted.
[2024-09-03 14:53:29,189][main][INFO] - Total frames extracted: 3965
[2024-09-03 14:53:29,190][main][INFO] - Processing file /mnt/geosense/cameras/G5Bullet_07/mp4/File_025_File_025_File_025_G5Bullet_07_F4E2C678CCA0_26_0.mp4...
[2024-09-03 14:54:58,229][main][INFO] - All frames extracted.
[2024-09-03 14:54:58,230][main][INFO] - Total frames extracted: 4154
[2024-09-03 14:54:58,230][main][INFO] - Processing file /mnt/geosense/cameras/G5Bullet_07/mp4/File_026_File_026_File_026_G5Bullet_07_F4E2C678CCA0_27_0.mp4...
[2024-09-03 14:56:22,895][main][INFO] - All frames extracted.
[2024-09-03 14:56:22,896][main][INFO] - Total frames extracted: 4314
[2024-09-03 14:56:22,896][main][INFO] - Processing file /mnt/geosense/cameras/G5Bullet_07/mp4/File_027_File_027_File_027_G5Bullet_07_F4E2C678CCA0_28_0.mp4...
[2024-09-03 14:57:50,473][main][INFO] - All frames extracted.
[2024-09-03 14:57:50,474][main][INFO] - Total frames extracted: 4485
[2024-09-03 14:57:50,474][main][INFO] - Processing file /mnt/geosense/cameras/G5Bullet_07/mp4/File_028_File_028_File_028_G5Bullet_07_F4E2C678CCA0_29_0.mp4...
[2024-09-03 14:59:15,752][main][INFO] - All frames extracted.
[2024-09-03 14:59:15,753][main][INFO] - Total frames extracted: 4654
[2024-09-03 14:59:15,753][main][INFO] - Processing file /mnt/geosense/cameras/G5Bullet_07/mp4/File_029_File_029_File_029_G5Bullet_07_F4E2C678CCA0_30_0.mp4...
[2024-09-03 15:01:12,024][main][INFO] - All frames extracted.
[2024-09-03 15:01:12,025][main][INFO] - Total frames extracted: 4832
[2024-09-03 15:01:12,025][main][INFO] - Processing file /mnt/geosense/cameras/G5Bullet_07/mp4/File_030_File_030_File_030_G5Bullet_07_F4E2C678CCA0_31_0.mp4...
[2024-09-03 15:02:30,047][main][INFO] - All frames extracted.
[2024-09-03 15:02:30,049][main][INFO] - Total frames extracted: 4979
[2024-09-03 15:02:30,049][main][INFO] - Processing file /mnt/geosense/cameras/G5Bullet_07/mp4/File_031_File_031_File_031_G5Bullet_07_F4E2C678CCA0_32_0.mp4...
[2024-09-03 15:03:52,100][main][INFO] - All frames extracted.
[2024-09-03 15:03:52,102][main][INFO] - Total frames extracted: 5148
[2024-09-03 15:03:52,103][main][INFO] - Processing file /mnt/geosense/cameras/G5Bullet_07/mp4/File_032_File_032_File_032_G5Bullet_07_F4E2C678CCA0_33_0.mp4...
[2024-09-03 15:05:07,502][main][INFO] - All frames extracted.
[2024-09-03 15:05:07,503][main][INFO] - Total frames extracted: 5287
[2024-09-03 15:05:07,503][main][INFO] - Processing file /mnt/geosense/cameras/G5Bullet_07/mp4/File_033_File_033_File_033_G5Bullet_07_F4E2C678CCA0_34_0.mp4...
[2024-09-03 15:06:35,597][main][INFO] - All frames extracted.
[2024-09-03 15:06:35,599][main][INFO] - Total frames extracted: 5472
[2024-09-03 15:06:35,599][main][INFO] - Processing file /mnt/geosense/cameras/G5Bullet_07/mp4/File_034_File_034_File_034_G5Bullet_07_F4E2C678CCA0_35_0.mp4...
[2024-09-03 15:08:04,309][main][INFO] - All frames extracted.
[2024-09-03 15:08:04,310][main][INFO] - Total frames extracted: 5658
[2024-09-03 15:08:04,310][main][INFO] - Processing file /mnt/geosense/cameras/G5Bullet_07/mp4/File_035_File_035_File_035_G5Bullet_07_F4E2C678CCA0_36_0.mp4...
[2024-09-03 15:09:19,457][main][INFO] - All frames extracted.
[2024-09-03 15:09:19,458][main][INFO] - Total frames extracted: 5796
[2024-09-03 15:09:19,458][main][INFO] - Processing file /mnt/geosense/cameras/G5Bullet_07/mp4/File_036_File_036_File_036_G5Bullet_07_F4E2C678CCA0_37_0.mp4...
[2024-09-03 15:10:58,674][main][INFO] - All frames extracted.
[2024-09-03 15:10:58,675][main][INFO] - Total frames extracted: 5945
[2024-09-03 15:10:58,675][main][INFO] - Processing file /mnt/geosense/cameras/G5Bullet_07/mp4/File_037_File_037_File_037_G5Bullet_07_F4E2C678CCA0_38_0.mp4...
[2024-09-03 15:12:28,505][main][INFO] - All frames extracted.
[2024-09-03 15:12:28,506][main][INFO] - Total frames extracted: 6121
