[2024-09-02 17:12:40,969][main][INFO] - -----------------------------------
[2024-09-02 17:12:40,970][main][INFO] - Processing camera G5Bullet_07 with MAC address F4E2C678CCA0
[2024-09-02 17:12:40,970][main][INFO] - Source directory: /srv/unifi-protect/video/2024/09/02
[2024-09-02 17:12:40,971][main][INFO] - Destination directory: /volume1/videos/G5Bullet_07
[2024-09-02 17:12:40,971][main][INFO] - -----------------------------------
[2024-09-02 17:12:54,769][main][INFO] - Successfully converted /srv/unifi-protect/video/2024/09/02/F4E2C678CCA0_0_rotating_1725262150052.ubv to /volume1/videos/G5Bullet_07/G5Bullet_07_F4E2C678CCA0_1
[2024-09-02 17:13:16,254][main][INFO] - Successfully converted /srv/unifi-protect/video/2024/09/02/F4E2C678CCA0_0_rotating_1725247786242.ubv to /volume1/videos/G5Bullet_07/G5Bullet_07_F4E2C678CCA0_2
[2024-09-02 17:13:36,784][main][INFO] - Successfully converted /srv/unifi-protect/video/2024/09/02/F4E2C678CCA0_0_rotating_1725250847197.ubv to /volume1/videos/G5Bullet_07/G5Bullet_07_F4E2C678CCA0_3
[2024-09-02 17:13:50,394][main][INFO] - Successfully converted /srv/unifi-protect/video/2024/09/02/F4E2C678CCA0_0_rotating_1725257256600.ubv to /volume1/videos/G5Bullet_07/G5Bullet_07_F4E2C678CCA0_4
[2024-09-02 17:14:10,744][main][INFO] - Successfully converted /srv/unifi-protect/video/2024/09/02/F4E2C678CCA0_0_rotating_1725286906339.ubv to /volume1/videos/G5Bullet_07/G5Bullet_07_F4E2C678CCA0_5
[2024-09-02 17:14:29,810][main][INFO] - Successfully converted /srv/unifi-protect/video/2024/09/02/F4E2C678CCA0_0_rotating_1725236440081.ubv to /volume1/videos/G5Bullet_07/G5Bullet_07_F4E2C678CCA0_6
[2024-09-02 17:14:49,573][main][INFO] - Successfully converted /srv/unifi-protect/video/2024/09/02/F4E2C678CCA0_0_rotating_1725242224205.ubv to /volume1/videos/G5Bullet_07/G5Bullet_07_F4E2C678CCA0_7
[2024-09-02 17:15:09,512][main][INFO] - Successfully converted /srv/unifi-protect/video/2024/09/02/F4E2C678CCA0_0_rotating_1725285131198.ubv to /volume1/videos/G5Bullet_07/G5Bullet_07_F4E2C678CCA0_8
[2024-09-02 17:15:31,345][main][INFO] - Successfully converted /srv/unifi-protect/video/2024/09/02/F4E2C678CCA0_0_rotating_1725254044664.ubv to /volume1/videos/G5Bullet_07/G5Bullet_07_F4E2C678CCA0_9
[2024-09-02 17:15:46,253][main][INFO] - Successfully converted /srv/unifi-protect/video/2024/09/02/F4E2C678CCA0_0_rotating_1725229084805.ubv to /volume1/videos/G5Bullet_07/G5Bullet_07_F4E2C678CCA0_10
[2024-09-02 17:16:03,474][main][INFO] - Successfully converted /srv/unifi-protect/video/2024/09/02/F4E2C678CCA0_0_rotating_1725243589871.ubv to /volume1/videos/G5Bullet_07/G5Bullet_07_F4E2C678CCA0_11
[2024-09-02 17:16:21,981][main][INFO] - Successfully converted /srv/unifi-protect/video/2024/09/02/F4E2C678CCA0_0_rotating_1725279598344.ubv to /volume1/videos/G5Bullet_07/G5Bullet_07_F4E2C678CCA0_12
[2024-09-02 17:16:41,158][main][INFO] - Successfully converted /srv/unifi-protect/video/2024/09/02/F4E2C678CCA0_0_rotating_1725237983132.ubv to /volume1/videos/G5Bullet_07/G5Bullet_07_F4E2C678CCA0_13
[2024-09-02 17:17:00,058][main][INFO] - Successfully converted /srv/unifi-protect/video/2024/09/02/F4E2C678CCA0_0_rotating_1725239423158.ubv to /volume1/videos/G5Bullet_07/G5Bullet_07_F4E2C678CCA0_14
[2024-09-02 17:17:21,906][main][INFO] - Successfully converted /srv/unifi-protect/video/2024/09/02/F4E2C678CCA0_0_rotating_1725249296793.ubv to /volume1/videos/G5Bullet_07/G5Bullet_07_F4E2C678CCA0_15
[2024-09-02 17:17:40,584][main][INFO] - Successfully converted /srv/unifi-protect/video/2024/09/02/F4E2C678CCA0_0_rotating_1725244975262.ubv to /volume1/videos/G5Bullet_07/G5Bullet_07_F4E2C678CCA0_16
[2024-09-02 17:17:55,438][main][INFO] - Successfully converted /srv/unifi-protect/video/2024/09/02/F4E2C678CCA0_0_rotating_1725263780746.ubv to /volume1/videos/G5Bullet_07/G5Bullet_07_F4E2C678CCA0_17
[2024-09-02 17:18:14,802][main][INFO] - Successfully converted /srv/unifi-protect/video/2024/09/02/F4E2C678CCA0_0_rotating_1725288837160.ubv to /volume1/videos/G5Bullet_07/G5Bullet_07_F4E2C678CCA0_18
[2024-09-02 17:18:37,622][main][INFO] - Successfully converted /srv/unifi-protect/video/2024/09/02/F4E2C678CCA0_0_rotating_1725252482791.ubv to /volume1/videos/G5Bullet_07/G5Bullet_07_F4E2C678CCA0_19
[2024-09-02 17:18:57,055][main][INFO] - Successfully converted /srv/unifi-protect/video/2024/09/02/F4E2C678CCA0_0_rotating_1725246350817.ubv to /volume1/videos/G5Bullet_07/G5Bullet_07_F4E2C678CCA0_20
[2024-09-02 17:19:14,473][main][INFO] - Successfully converted /srv/unifi-protect/video/2024/09/02/F4E2C678CCA0_0_rotating_1725258935065.ubv to /volume1/videos/G5Bullet_07/G5Bullet_07_F4E2C678CCA0_21
[2024-09-02 17:19:37,490][main][INFO] - Successfully converted /srv/unifi-protect/video/2024/09/02/F4E2C678CCA0_0_rotating_1725255595665.ubv to /volume1/videos/G5Bullet_07/G5Bullet_07_F4E2C678CCA0_22
[2024-09-02 17:19:54,471][main][INFO] - Successfully converted /srv/unifi-protect/video/2024/09/02/F4E2C678CCA0_0_rotating_1725268909277.ubv to /volume1/videos/G5Bullet_07/G5Bullet_07_F4E2C678CCA0_23
[2024-09-02 17:20:11,012][main][INFO] - Successfully converted /srv/unifi-protect/video/2024/09/02/F4E2C678CCA0_0_rotating_1725270659848.ubv to /volume1/videos/G5Bullet_07/G5Bullet_07_F4E2C678CCA0_24
[2024-09-02 17:20:28,710][main][INFO] - Successfully converted /srv/unifi-protect/video/2024/09/02/F4E2C678CCA0_0_rotating_1725267131789.ubv to /volume1/videos/G5Bullet_07/G5Bullet_07_F4E2C678CCA0_25
[2024-09-02 17:20:47,606][main][INFO] - Successfully converted /srv/unifi-protect/video/2024/09/02/F4E2C678CCA0_0_rotating_1725274216136.ubv to /volume1/videos/G5Bullet_07/G5Bullet_07_F4E2C678CCA0_26
[2024-09-02 17:21:03,260][main][INFO] - Successfully converted /srv/unifi-protect/video/2024/09/02/F4E2C678CCA0_0_rotating_1725260552545.ubv to /volume1/videos/G5Bullet_07/G5Bullet_07_F4E2C678CCA0_27
[2024-09-02 17:21:25,511][main][INFO] - Successfully converted /srv/unifi-protect/video/2024/09/02/F4E2C678CCA0_0_rotating_1725277882527.ubv to /volume1/videos/G5Bullet_07/G5Bullet_07_F4E2C678CCA0_28
[2024-09-02 17:21:42,800][main][INFO] - Successfully converted /srv/unifi-protect/video/2024/09/02/F4E2C678CCA0_0_rotating_1725265441404.ubv to /volume1/videos/G5Bullet_07/G5Bullet_07_F4E2C678CCA0_29
[2024-09-02 17:22:04,305][main][INFO] - Successfully converted /srv/unifi-protect/video/2024/09/02/F4E2C678CCA0_0_rotating_1725276103011.ubv to /volume1/videos/G5Bullet_07/G5Bullet_07_F4E2C678CCA0_30
[2024-09-02 17:22:26,459][main][INFO] - Successfully converted /srv/unifi-protect/video/2024/09/02/F4E2C678CCA0_0_rotating_1725230400307.ubv to /volume1/videos/G5Bullet_07/G5Bullet_07_F4E2C678CCA0_31
[2024-09-02 17:22:42,126][main][INFO] - Successfully converted /srv/unifi-protect/video/2024/09/02/F4E2C678CCA0_0_rotating_1725233251084.ubv to /volume1/videos/G5Bullet_07/G5Bullet_07_F4E2C678CCA0_32
[2024-09-02 17:22:56,541][main][INFO] - Successfully converted /srv/unifi-protect/video/2024/09/02/F4E2C678CCA0_0_rotating_1725231860683.ubv to /volume1/videos/G5Bullet_07/G5Bullet_07_F4E2C678CCA0_33
[2024-09-02 17:23:16,942][main][INFO] - Successfully converted /srv/unifi-protect/video/2024/09/02/F4E2C678CCA0_0_rotating_1725283278984.ubv to /volume1/videos/G5Bullet_07/G5Bullet_07_F4E2C678CCA0_34
[2024-09-02 17:23:29,087][main][INFO] - Successfully converted /srv/unifi-protect/video/2024/09/02/F4E2C678CCA0_0_rotating_1725281418370.ubv to /volume1/videos/G5Bullet_07/G5Bullet_07_F4E2C678CCA0_35
[2024-09-02 17:23:45,528][main][INFO] - Successfully converted /srv/unifi-protect/video/2024/09/02/F4E2C678CCA0_0_rotating_1725240850849.ubv to /volume1/videos/G5Bullet_07/G5Bullet_07_F4E2C678CCA0_36
[2024-09-02 17:24:01,020][main][INFO] - Successfully converted /srv/unifi-protect/video/2024/09/02/F4E2C678CCA0_0_rotating_1725234946732.ubv to /volume1/videos/G5Bullet_07/G5Bullet_07_F4E2C678CCA0_37
[2024-09-02 17:24:20,480][main][INFO] - Successfully converted /srv/unifi-protect/video/2024/09/02/F4E2C678CCA0_0_rotating_1725272455430.ubv to /volume1/videos/G5Bullet_07/G5Bullet_07_F4E2C678CCA0_38
