[2024-09-05 15:38:50,706][main][INFO] - --------------------------------------------------
[2024-09-05 15:38:50,706][main][INFO] - --------------------------------------------------
[2024-09-05 15:38:50,706][main][INFO] - ::: Processing camera G5Bullet_31 :::
[2024-09-05 15:38:50,706][main][INFO] - --------------------------------------------------
[2024-09-05 15:38:50,706][main][INFO] - --------------------------------------------------
[2024-09-05 15:38:50,706][main][INFO] - Transfering data from NVR (/volume1/videos/G5Bullet_31/*0.mp4) to VM (/mnt/geosense/cameras/G5Bullet_31/mp4)...
[2024-09-05 15:38:50,706][main][INFO] - Extract frames...
[2024-09-05 15:38:50,707][main][INFO] - Processing file /mnt/geosense/cameras/G5Bullet_31/mp4/File_000_File_000_File_000_File_000_File_000_File_000_File_000_File_000_File_000_G5Bullet_31_F4E2C678CB5A_2024-09-03_1_0.mp4...
[2024-09-05 15:38:50,778][main][INFO] - Frame rate: 29.999695
[2024-09-05 15:38:50,778][main][INFO] - Extracting frames from video '/mnt/geosense/cameras/G5Bullet_31/mp4/File_000_File_000_File_000_File_000_File_000_File_000_File_000_File_000_File_000_G5Bullet_31_F4E2C678CB5A_2024-09-03_1_0.mp4'...
[2024-09-05 15:42:28,484][main][INFO] - All frames extracted.
[2024-09-05 15:42:28,485][main][INFO] - frame_number: 141726
[2024-09-05 15:42:28,485][main][INFO] - Enhance frames...
[2024-09-05 15:42:28,485][main][INFO] - Grouping files in sets...
[2024-09-05 15:42:28,491][main][INFO] - Moving files to staging directory...
[2024-09-05 15:42:28,493][main][INFO] - Keeping every third file and removing the others...
[2024-09-05 15:42:28,562][main][INFO] - Processing file /mnt/geosense/cameras/G5Bullet_31/mp4/File_001_File_001_File_001_File_001_File_001_File_001_File_001_File_001_File_001_G5Bullet_31_F4E2C678CB5A_2024-09-03_2_0.mp4...
[2024-09-05 15:42:28,619][main][INFO] - Frame rate: 29.999948
[2024-09-05 15:42:28,619][main][INFO] - Extracting frames from video '/mnt/geosense/cameras/G5Bullet_31/mp4/File_001_File_001_File_001_File_001_File_001_File_001_File_001_File_001_File_001_G5Bullet_31_F4E2C678CB5A_2024-09-03_2_0.mp4'...
[2024-09-05 15:42:29,249][main][INFO] - All frames extracted.
[2024-09-05 15:42:29,250][main][INFO] - frame_number: 141726
[2024-09-05 15:42:29,250][main][INFO] - Enhance frames...
[2024-09-05 15:42:29,250][main][INFO] - Grouping files in sets...
[2024-09-05 15:42:29,250][main][INFO] - Moving files to staging directory...
[2024-09-05 15:42:29,250][main][INFO] - Keeping every third file and removing the others...
[2024-09-05 15:42:29,251][main][INFO] - Processing file /mnt/geosense/cameras/G5Bullet_31/mp4/File_002_File_002_File_002_File_002_File_002_File_002_File_002_File_002_File_002_G5Bullet_31_F4E2C678CB5A_2024-09-03_3_0.mp4...
[2024-09-05 15:42:29,299][main][INFO] - Frame rate: 29.999778
[2024-09-05 15:42:29,299][main][INFO] - Extracting frames from video '/mnt/geosense/cameras/G5Bullet_31/mp4/File_002_File_002_File_002_File_002_File_002_File_002_File_002_File_002_File_002_G5Bullet_31_F4E2C678CB5A_2024-09-03_3_0.mp4'...
[2024-09-05 15:42:29,941][main][INFO] - All frames extracted.
[2024-09-05 15:42:29,941][main][INFO] - frame_number: 141726
[2024-09-05 15:42:29,941][main][INFO] - Enhance frames...
[2024-09-05 15:42:29,941][main][INFO] - Grouping files in sets...
[2024-09-05 15:42:29,942][main][INFO] - Moving files to staging directory...
[2024-09-05 15:42:29,942][main][INFO] - Keeping every third file and removing the others...
[2024-09-05 15:42:29,942][main][INFO] - Processing file /mnt/geosense/cameras/G5Bullet_31/mp4/File_003_File_003_File_003_File_003_File_003_File_003_File_003_File_003_File_003_G5Bullet_31_F4E2C678CB5A_2024-09-03_4_0.mp4...
[2024-09-05 15:42:29,996][main][INFO] - Frame rate: 29.999909
[2024-09-05 15:42:29,997][main][INFO] - Extracting frames from video '/mnt/geosense/cameras/G5Bullet_31/mp4/File_003_File_003_File_003_File_003_File_003_File_003_File_003_File_003_File_003_G5Bullet_31_F4E2C678CB5A_2024-09-03_4_0.mp4'...
[2024-09-05 15:42:30,655][main][INFO] - All frames extracted.
[2024-09-05 15:42:30,655][main][INFO] - frame_number: 141726
[2024-09-05 15:42:30,655][main][INFO] - Enhance frames...
[2024-09-05 15:42:30,655][main][INFO] - Grouping files in sets...
[2024-09-05 15:42:30,656][main][INFO] - Moving files to staging directory...
[2024-09-05 15:42:30,656][main][INFO] - Keeping every third file and removing the others...
[2024-09-05 15:42:30,656][main][INFO] - Processing file /mnt/geosense/cameras/G5Bullet_31/mp4/File_004_File_004_File_004_File_004_File_004_File_004_File_004_File_004_File_004_G5Bullet_31_F4E2C678CB5A_2024-09-03_5_0.mp4...
[2024-09-05 15:42:30,711][main][INFO] - Frame rate: 29.999849
[2024-09-05 15:42:30,711][main][INFO] - Extracting frames from video '/mnt/geosense/cameras/G5Bullet_31/mp4/File_004_File_004_File_004_File_004_File_004_File_004_File_004_File_004_File_004_G5Bullet_31_F4E2C678CB5A_2024-09-03_5_0.mp4'...
[2024-09-05 15:42:31,379][main][INFO] - All frames extracted.
[2024-09-05 15:42:31,379][main][INFO] - frame_number: 141726
[2024-09-05 15:42:31,380][main][INFO] - Enhance frames...
[2024-09-05 15:42:31,380][main][INFO] - Grouping files in sets...
[2024-09-05 15:42:31,380][main][INFO] - Moving files to staging directory...
[2024-09-05 15:42:31,380][main][INFO] - Keeping every third file and removing the others...
[2024-09-05 15:42:31,380][main][INFO] - Processing file /mnt/geosense/cameras/G5Bullet_31/mp4/File_005_File_005_File_005_File_005_File_005_File_005_File_005_File_005_File_005_G5Bullet_31_F4E2C678CB5A_2024-09-03_6_0.mp4...
[2024-09-05 15:42:31,446][main][INFO] - Frame rate: 29.999806
[2024-09-05 15:42:31,446][main][INFO] - Extracting frames from video '/mnt/geosense/cameras/G5Bullet_31/mp4/File_005_File_005_File_005_File_005_File_005_File_005_File_005_File_005_File_005_G5Bullet_31_F4E2C678CB5A_2024-09-03_6_0.mp4'...
[2024-09-05 15:42:32,359][main][INFO] - All frames extracted.
[2024-09-05 15:42:32,359][main][INFO] - frame_number: 141726
[2024-09-05 15:42:32,359][main][INFO] - Enhance frames...
[2024-09-05 15:42:32,359][main][INFO] - Grouping files in sets...
[2024-09-05 15:42:32,360][main][INFO] - Moving files to staging directory...
[2024-09-05 15:42:32,360][main][INFO] - Keeping every third file and removing the others...
[2024-09-05 15:42:32,360][main][INFO] - Processing file /mnt/geosense/cameras/G5Bullet_31/mp4/File_006_File_006_File_006_File_006_File_006_File_006_File_006_File_006_File_006_G5Bullet_31_F4E2C678CB5A_2024-09-03_7_0.mp4...
[2024-09-05 15:42:32,422][main][INFO] - Frame rate: 29.242253
[2024-09-05 15:42:32,422][main][INFO] - Extracting frames from video '/mnt/geosense/cameras/G5Bullet_31/mp4/File_006_File_006_File_006_File_006_File_006_File_006_File_006_File_006_File_006_G5Bullet_31_F4E2C678CB5A_2024-09-03_7_0.mp4'...
