[2024-09-05 17:33:47,276][main][INFO] - --------------------------------------------------
[2024-09-05 17:33:47,276][main][INFO] - --------------------------------------------------
[2024-09-05 17:33:47,276][main][INFO] - ::: Processing camera G5Bullet_07 :::
[2024-09-05 17:33:47,276][main][INFO] - --------------------------------------------------
[2024-09-05 17:33:47,276][main][INFO] - --------------------------------------------------
[2024-09-05 17:33:47,276][main][INFO] - Transfering data from NVR (/volume1/videos/G5Bullet_07/*0.mp4) to VM (/mnt/geosense/cameras/G5Bullet_07/mp4)...
[2024-09-05 17:47:46,802][main][INFO] - Extract frames...
[2024-09-05 17:47:46,803][main][INFO] - Renaming .mp4 files...
[2024-09-05 17:47:46,804][main][INFO] - Renamed /mnt/geosense/cameras/G5Bullet_07/mp4/G5Bullet_07_F4E2C678CCA0_1_0.mp4 to /mnt/geosense/cameras/G5Bullet_07/mp4/File_000_G5Bullet_07_F4E2C678CCA0_1_0.mp4
[2024-09-05 17:47:46,804][main][INFO] - Renamed /mnt/geosense/cameras/G5Bullet_07/mp4/G5Bullet_07_F4E2C678CCA0_2024-09-03_1_0.mp4 to /mnt/geosense/cameras/G5Bullet_07/mp4/File_001_G5Bullet_07_F4E2C678CCA0_2024-09-03_1_0.mp4
[2024-09-05 17:47:46,804][main][INFO] - Renamed /mnt/geosense/cameras/G5Bullet_07/mp4/G5Bullet_07_F4E2C678CCA0_2024-09-03_2_0.mp4 to /mnt/geosense/cameras/G5Bullet_07/mp4/File_002_G5Bullet_07_F4E2C678CCA0_2024-09-03_2_0.mp4
[2024-09-05 17:47:46,805][main][INFO] - Renamed /mnt/geosense/cameras/G5Bullet_07/mp4/G5Bullet_07_F4E2C678CCA0_2_0.mp4 to /mnt/geosense/cameras/G5Bullet_07/mp4/File_003_G5Bullet_07_F4E2C678CCA0_2_0.mp4
[2024-09-05 17:47:46,805][main][INFO] - Renamed /mnt/geosense/cameras/G5Bullet_07/mp4/G5Bullet_07_F4E2C678CCA0_3_0.mp4 to /mnt/geosense/cameras/G5Bullet_07/mp4/File_004_G5Bullet_07_F4E2C678CCA0_3_0.mp4
[2024-09-05 17:47:46,805][main][INFO] - Renamed /mnt/geosense/cameras/G5Bullet_07/mp4/G5Bullet_07_F4E2C678CCA0_4_0.mp4 to /mnt/geosense/cameras/G5Bullet_07/mp4/File_005_G5Bullet_07_F4E2C678CCA0_4_0.mp4
[2024-09-05 17:47:46,805][main][INFO] - Renamed /mnt/geosense/cameras/G5Bullet_07/mp4/G5Bullet_07_F4E2C678CCA0_5_0.mp4 to /mnt/geosense/cameras/G5Bullet_07/mp4/File_006_G5Bullet_07_F4E2C678CCA0_5_0.mp4
[2024-09-05 17:47:46,805][main][INFO] - Renamed /mnt/geosense/cameras/G5Bullet_07/mp4/G5Bullet_07_F4E2C678CCA0_6_0.mp4 to /mnt/geosense/cameras/G5Bullet_07/mp4/File_007_G5Bullet_07_F4E2C678CCA0_6_0.mp4
[2024-09-05 17:47:46,805][main][INFO] - Renamed /mnt/geosense/cameras/G5Bullet_07/mp4/G5Bullet_07_F4E2C678CCA0_7_0.mp4 to /mnt/geosense/cameras/G5Bullet_07/mp4/File_008_G5Bullet_07_F4E2C678CCA0_7_0.mp4
[2024-09-05 17:47:46,805][main][INFO] - Renamed /mnt/geosense/cameras/G5Bullet_07/mp4/G5Bullet_07_F4E2C678CCA0_8_0.mp4 to /mnt/geosense/cameras/G5Bullet_07/mp4/File_009_G5Bullet_07_F4E2C678CCA0_8_0.mp4
[2024-09-05 17:47:46,805][main][INFO] - Renamed /mnt/geosense/cameras/G5Bullet_07/mp4/G5Bullet_07_F4E2C678CCA0_9_0.mp4 to /mnt/geosense/cameras/G5Bullet_07/mp4/File_010_G5Bullet_07_F4E2C678CCA0_9_0.mp4
[2024-09-05 17:47:46,806][main][INFO] - Renamed /mnt/geosense/cameras/G5Bullet_07/mp4/G5Bullet_07_F4E2C678CCA0_10_0.mp4 to /mnt/geosense/cameras/G5Bullet_07/mp4/File_011_G5Bullet_07_F4E2C678CCA0_10_0.mp4
[2024-09-05 17:47:46,806][main][INFO] - Renamed /mnt/geosense/cameras/G5Bullet_07/mp4/G5Bullet_07_F4E2C678CCA0_11_0.mp4 to /mnt/geosense/cameras/G5Bullet_07/mp4/File_012_G5Bullet_07_F4E2C678CCA0_11_0.mp4
[2024-09-05 17:47:46,806][main][INFO] - Renamed /mnt/geosense/cameras/G5Bullet_07/mp4/G5Bullet_07_F4E2C678CCA0_12_0.mp4 to /mnt/geosense/cameras/G5Bullet_07/mp4/File_013_G5Bullet_07_F4E2C678CCA0_12_0.mp4
[2024-09-05 17:47:46,806][main][INFO] - Renamed /mnt/geosense/cameras/G5Bullet_07/mp4/G5Bullet_07_F4E2C678CCA0_13_0.mp4 to /mnt/geosense/cameras/G5Bullet_07/mp4/File_014_G5Bullet_07_F4E2C678CCA0_13_0.mp4
[2024-09-05 17:47:46,806][main][INFO] - Renamed /mnt/geosense/cameras/G5Bullet_07/mp4/G5Bullet_07_F4E2C678CCA0_14_0.mp4 to /mnt/geosense/cameras/G5Bullet_07/mp4/File_015_G5Bullet_07_F4E2C678CCA0_14_0.mp4
[2024-09-05 17:47:46,806][main][INFO] - Renamed /mnt/geosense/cameras/G5Bullet_07/mp4/G5Bullet_07_F4E2C678CCA0_15_0.mp4 to /mnt/geosense/cameras/G5Bullet_07/mp4/File_016_G5Bullet_07_F4E2C678CCA0_15_0.mp4
[2024-09-05 17:47:46,806][main][INFO] - Renamed /mnt/geosense/cameras/G5Bullet_07/mp4/G5Bullet_07_F4E2C678CCA0_16_0.mp4 to /mnt/geosense/cameras/G5Bullet_07/mp4/File_017_G5Bullet_07_F4E2C678CCA0_16_0.mp4
[2024-09-05 17:47:46,806][main][INFO] - Renamed /mnt/geosense/cameras/G5Bullet_07/mp4/G5Bullet_07_F4E2C678CCA0_17_0.mp4 to /mnt/geosense/cameras/G5Bullet_07/mp4/File_018_G5Bullet_07_F4E2C678CCA0_17_0.mp4
[2024-09-05 17:47:46,806][main][INFO] - Renamed /mnt/geosense/cameras/G5Bullet_07/mp4/G5Bullet_07_F4E2C678CCA0_18_0.mp4 to /mnt/geosense/cameras/G5Bullet_07/mp4/File_019_G5Bullet_07_F4E2C678CCA0_18_0.mp4
[2024-09-05 17:47:46,807][main][INFO] - Renamed /mnt/geosense/cameras/G5Bullet_07/mp4/G5Bullet_07_F4E2C678CCA0_19_0.mp4 to /mnt/geosense/cameras/G5Bullet_07/mp4/File_020_G5Bullet_07_F4E2C678CCA0_19_0.mp4
[2024-09-05 17:47:46,807][main][INFO] - Renamed /mnt/geosense/cameras/G5Bullet_07/mp4/G5Bullet_07_F4E2C678CCA0_20_0.mp4 to /mnt/geosense/cameras/G5Bullet_07/mp4/File_021_G5Bullet_07_F4E2C678CCA0_20_0.mp4
[2024-09-05 17:47:46,807][main][INFO] - Renamed /mnt/geosense/cameras/G5Bullet_07/mp4/G5Bullet_07_F4E2C678CCA0_21_0.mp4 to /mnt/geosense/cameras/G5Bullet_07/mp4/File_022_G5Bullet_07_F4E2C678CCA0_21_0.mp4
[2024-09-05 17:47:46,807][main][INFO] - Renamed /mnt/geosense/cameras/G5Bullet_07/mp4/G5Bullet_07_F4E2C678CCA0_22_0.mp4 to /mnt/geosense/cameras/G5Bullet_07/mp4/File_023_G5Bullet_07_F4E2C678CCA0_22_0.mp4
[2024-09-05 17:47:46,807][main][INFO] - Renamed /mnt/geosense/cameras/G5Bullet_07/mp4/G5Bullet_07_F4E2C678CCA0_23_0.mp4 to /mnt/geosense/cameras/G5Bullet_07/mp4/File_024_G5Bullet_07_F4E2C678CCA0_23_0.mp4
[2024-09-05 17:47:46,807][main][INFO] - Renamed /mnt/geosense/cameras/G5Bullet_07/mp4/G5Bullet_07_F4E2C678CCA0_24_0.mp4 to /mnt/geosense/cameras/G5Bullet_07/mp4/File_025_G5Bullet_07_F4E2C678CCA0_24_0.mp4
[2024-09-05 17:47:46,807][main][INFO] - Renamed /mnt/geosense/cameras/G5Bullet_07/mp4/G5Bullet_07_F4E2C678CCA0_25_0.mp4 to /mnt/geosense/cameras/G5Bullet_07/mp4/File_026_G5Bullet_07_F4E2C678CCA0_25_0.mp4
[2024-09-05 17:47:46,807][main][INFO] - Renamed /mnt/geosense/cameras/G5Bullet_07/mp4/G5Bullet_07_F4E2C678CCA0_26_0.mp4 to /mnt/geosense/cameras/G5Bullet_07/mp4/File_027_G5Bullet_07_F4E2C678CCA0_26_0.mp4
[2024-09-05 17:47:46,808][main][INFO] - Renamed /mnt/geosense/cameras/G5Bullet_07/mp4/G5Bullet_07_F4E2C678CCA0_27_0.mp4 to /mnt/geosense/cameras/G5Bullet_07/mp4/File_028_G5Bullet_07_F4E2C678CCA0_27_0.mp4
[2024-09-05 17:47:46,808][main][INFO] - Renamed /mnt/geosense/cameras/G5Bullet_07/mp4/G5Bullet_07_F4E2C678CCA0_28_0.mp4 to /mnt/geosense/cameras/G5Bullet_07/mp4/File_029_G5Bullet_07_F4E2C678CCA0_28_0.mp4
[2024-09-05 17:47:46,808][main][INFO] - Renamed /mnt/geosense/cameras/G5Bullet_07/mp4/G5Bullet_07_F4E2C678CCA0_29_0.mp4 to /mnt/geosense/cameras/G5Bullet_07/mp4/File_030_G5Bullet_07_F4E2C678CCA0_29_0.mp4
[2024-09-05 17:47:46,808][main][INFO] - Renamed /mnt/geosense/cameras/G5Bullet_07/mp4/G5Bullet_07_F4E2C678CCA0_30_0.mp4 to /mnt/geosense/cameras/G5Bullet_07/mp4/File_031_G5Bullet_07_F4E2C678CCA0_30_0.mp4
[2024-09-05 17:47:46,808][main][INFO] - Renamed /mnt/geosense/cameras/G5Bullet_07/mp4/G5Bullet_07_F4E2C678CCA0_31_0.mp4 to /mnt/geosense/cameras/G5Bullet_07/mp4/File_032_G5Bullet_07_F4E2C678CCA0_31_0.mp4
[2024-09-05 17:47:46,808][main][INFO] - Renamed /mnt/geosense/cameras/G5Bullet_07/mp4/G5Bullet_07_F4E2C678CCA0_32_0.mp4 to /mnt/geosense/cameras/G5Bullet_07/mp4/File_033_G5Bullet_07_F4E2C678CCA0_32_0.mp4
[2024-09-05 17:47:46,808][main][INFO] - Renamed /mnt/geosense/cameras/G5Bullet_07/mp4/G5Bullet_07_F4E2C678CCA0_33_0.mp4 to /mnt/geosense/cameras/G5Bullet_07/mp4/File_034_G5Bullet_07_F4E2C678CCA0_33_0.mp4
[2024-09-05 17:47:46,809][main][INFO] - Renamed /mnt/geosense/cameras/G5Bullet_07/mp4/G5Bullet_07_F4E2C678CCA0_34_0.mp4 to /mnt/geosense/cameras/G5Bullet_07/mp4/File_035_G5Bullet_07_F4E2C678CCA0_34_0.mp4
[2024-09-05 17:47:46,809][main][INFO] - Renamed /mnt/geosense/cameras/G5Bullet_07/mp4/G5Bullet_07_F4E2C678CCA0_35_0.mp4 to /mnt/geosense/cameras/G5Bullet_07/mp4/File_036_G5Bullet_07_F4E2C678CCA0_35_0.mp4
[2024-09-05 17:47:46,809][main][INFO] - Renamed /mnt/geosense/cameras/G5Bullet_07/mp4/G5Bullet_07_F4E2C678CCA0_36_0.mp4 to /mnt/geosense/cameras/G5Bullet_07/mp4/File_037_G5Bullet_07_F4E2C678CCA0_36_0.mp4
[2024-09-05 17:47:46,809][main][INFO] - Renamed /mnt/geosense/cameras/G5Bullet_07/mp4/G5Bullet_07_F4E2C678CCA0_37_0.mp4 to /mnt/geosense/cameras/G5Bullet_07/mp4/File_038_G5Bullet_07_F4E2C678CCA0_37_0.mp4
[2024-09-05 17:47:46,809][main][INFO] - Renamed /mnt/geosense/cameras/G5Bullet_07/mp4/G5Bullet_07_F4E2C678CCA0_38_0.mp4 to /mnt/geosense/cameras/G5Bullet_07/mp4/File_039_G5Bullet_07_F4E2C678CCA0_38_0.mp4
[2024-09-05 17:47:46,810][main][INFO] - Processing file /mnt/geosense/cameras/G5Bullet_07/mp4/File_000_G5Bullet_07_F4E2C678CCA0_1_0.mp4...
[2024-09-05 17:47:46,938][main][INFO] - Frame rate: 0.999677911663511
[2024-09-05 17:47:46,938][main][INFO] - Extracting frames from video '/mnt/geosense/cameras/G5Bullet_07/mp4/File_000_G5Bullet_07_F4E2C678CCA0_1_0.mp4'...
[2024-09-05 17:47:47,248][main][INFO] - Extracting frame 0...
[2024-09-05 17:47:48,251][main][INFO] - Extracting frame 1...
[2024-09-05 17:47:49,154][main][INFO] - Extracting frame 2...
[2024-09-05 17:47:50,037][main][INFO] - Extracting frame 3...
[2024-09-05 17:47:50,806][main][INFO] - Extracting frame 4...
[2024-09-05 17:47:51,861][main][INFO] - Extracting frame 5...
[2024-09-05 17:47:52,803][main][INFO] - Extracting frame 6...
[2024-09-05 17:47:53,733][main][INFO] - Extracting frame 7...
[2024-09-05 17:47:54,557][main][INFO] - Extracting frame 8...
[2024-09-05 17:47:55,338][main][INFO] - Extracting frame 9...
[2024-09-05 17:47:56,396][main][INFO] - Extracting frame 10...
[2024-09-05 17:47:57,269][main][INFO] - Extracting frame 11...
[2024-09-05 17:47:58,220][main][INFO] - Extracting frame 12...
[2024-09-05 17:47:59,065][main][INFO] - Extracting frame 13...
[2024-09-05 17:47:59,839][main][INFO] - Extracting frame 14...
[2024-09-05 17:48:00,966][main][INFO] - Extracting frame 15...
[2024-09-05 17:48:00,966][main][INFO] - Break: frame_number_internal exceeds total number of frames.
[2024-09-05 17:48:00,967][main][INFO] - All frames extracted.
[2024-09-05 17:48:00,967][main][INFO] - Frame number: 0
[2024-09-05 17:48:00,968][main][INFO] - Enhance frames...
[2024-09-05 17:48:00,968][main][INFO] - Grouping files in sets...
[2024-09-05 17:48:00,968][main][INFO] - Moving files to staging directory...
[2024-09-05 17:48:00,969][main][INFO] - Keeping every third file and removing the others...
[2024-09-05 17:48:00,969][main][INFO] - Processing file /mnt/geosense/cameras/G5Bullet_07/mp4/File_001_G5Bullet_07_F4E2C678CCA0_2024-09-03_1_0.mp4...
[2024-09-05 17:48:01,086][main][INFO] - Frame rate: 0.999677911663511
[2024-09-05 17:48:01,087][main][INFO] - Extracting frames from video '/mnt/geosense/cameras/G5Bullet_07/mp4/File_001_G5Bullet_07_F4E2C678CCA0_2024-09-03_1_0.mp4'...
[2024-09-05 17:48:01,369][main][INFO] - Extracting frame 16...
[2024-09-05 17:48:02,353][main][INFO] - Extracting frame 17...
[2024-09-05 17:48:03,258][main][INFO] - Extracting frame 18...
[2024-09-05 17:48:04,152][main][INFO] - Extracting frame 19...
[2024-09-05 17:48:04,919][main][INFO] - Extracting frame 20...
[2024-09-05 17:48:05,982][main][INFO] - Extracting frame 21...
[2024-09-05 17:48:06,937][main][INFO] - Extracting frame 22...
[2024-09-05 17:48:07,882][main][INFO] - Extracting frame 23...
[2024-09-05 17:48:08,697][main][INFO] - Extracting frame 24...
[2024-09-05 17:48:09,473][main][INFO] - Extracting frame 25...
[2024-09-05 17:48:10,560][main][INFO] - Extracting frame 26...
[2024-09-05 17:48:11,684][main][INFO] - Extracting frame 27...
[2024-09-05 17:48:12,608][main][INFO] - Extracting frame 28...
[2024-09-05 17:48:13,472][main][INFO] - Extracting frame 29...
[2024-09-05 17:48:14,243][main][INFO] - Extracting frame 30...
[2024-09-05 17:48:15,351][main][INFO] - Extracting frame 31...
[2024-09-05 17:48:15,351][main][INFO] - Break: frame_number_internal exceeds total number of frames.
[2024-09-05 17:48:15,351][main][INFO] - All frames extracted.
[2024-09-05 17:48:15,351][main][INFO] - Frame number: 16
[2024-09-05 17:48:15,352][main][INFO] - Enhance frames...
[2024-09-05 17:48:15,352][main][INFO] - Grouping files in sets...
[2024-09-05 17:48:15,353][main][INFO] - Moving files to staging directory...
[2024-09-05 17:48:15,353][main][INFO] - Keeping every third file and removing the others...
[2024-09-05 17:48:15,353][main][INFO] - Processing file /mnt/geosense/cameras/G5Bullet_07/mp4/File_002_G5Bullet_07_F4E2C678CCA0_2024-09-03_2_0.mp4...
[2024-09-05 17:48:15,360][main][INFO] - Error: Could not open video.
[2024-09-05 17:48:15,360][main][INFO] - Enhance frames...
[2024-09-05 17:48:15,360][main][INFO] - Grouping files in sets...
[2024-09-05 17:48:15,360][main][INFO] - Moving files to staging directory...
[2024-09-05 17:48:15,360][main][INFO] - Keeping every third file and removing the others...
[2024-09-05 17:48:15,361][main][INFO] - Processing file /mnt/geosense/cameras/G5Bullet_07/mp4/File_003_G5Bullet_07_F4E2C678CCA0_2_0.mp4...
[2024-09-05 17:48:15,361][main][INFO] - Error: Could not open video.
[2024-09-05 17:48:15,362][main][INFO] - Enhance frames...
[2024-09-05 17:48:15,362][main][INFO] - Grouping files in sets...
[2024-09-05 17:48:15,362][main][INFO] - Moving files to staging directory...
[2024-09-05 17:48:15,362][main][INFO] - Keeping every third file and removing the others...
[2024-09-05 17:48:15,362][main][INFO] - Processing file /mnt/geosense/cameras/G5Bullet_07/mp4/File_004_G5Bullet_07_F4E2C678CCA0_3_0.mp4...
[2024-09-05 17:48:15,449][main][INFO] - Frame rate: 0.999663524738588
[2024-09-05 17:48:15,449][main][INFO] - Extracting frames from video '/mnt/geosense/cameras/G5Bullet_07/mp4/File_004_G5Bullet_07_F4E2C678CCA0_3_0.mp4'...
