[2024-09-05 11:17:42,688][main][INFO] - --------------------------------------------------
[2024-09-05 11:17:42,688][main][INFO] - --------------------------------------------------
[2024-09-05 11:17:42,689][main][INFO] - ::: Processing camera G5Bullet_31 :::
[2024-09-05 11:17:42,689][main][INFO] - --------------------------------------------------
[2024-09-05 11:17:42,689][main][INFO] - --------------------------------------------------
[2024-09-05 11:17:42,689][main][INFO] - Transfering data from NVR (/volume1/videos/G5Bullet_31/*0.mp4) to VM (/mnt/geosense/cameras/G5Bullet_31/mp4)...
[2024-09-05 11:17:42,689][main][INFO] - Extract frames...
[2024-09-05 11:17:42,689][main][INFO] - Renaming .mp4 files...
[2024-09-05 11:17:42,689][main][INFO] - Renamed /mnt/geosense/cameras/G5Bullet_31/mp4/File_000_File_000_File_000_File_000_File_000_File_000_G5Bullet_31_F4E2C678CB5A_2024-09-03_1_0.mp4 to /mnt/geosense/cameras/G5Bullet_31/mp4/File_000_File_000_File_000_File_000_File_000_File_000_File_000_G5Bullet_31_F4E2C678CB5A_2024-09-03_1_0.mp4
[2024-09-05 11:17:42,689][main][INFO] - Renamed /mnt/geosense/cameras/G5Bullet_31/mp4/File_001_File_001_File_001_File_001_File_001_File_001_G5Bullet_31_F4E2C678CB5A_2024-09-03_2_0.mp4 to /mnt/geosense/cameras/G5Bullet_31/mp4/File_001_File_001_File_001_File_001_File_001_File_001_File_001_G5Bullet_31_F4E2C678CB5A_2024-09-03_2_0.mp4
[2024-09-05 11:17:42,690][main][INFO] - Renamed /mnt/geosense/cameras/G5Bullet_31/mp4/File_002_File_002_File_002_File_002_File_002_File_002_G5Bullet_31_F4E2C678CB5A_2024-09-03_3_0.mp4 to /mnt/geosense/cameras/G5Bullet_31/mp4/File_002_File_002_File_002_File_002_File_002_File_002_File_002_G5Bullet_31_F4E2C678CB5A_2024-09-03_3_0.mp4
[2024-09-05 11:17:42,690][main][INFO] - Renamed /mnt/geosense/cameras/G5Bullet_31/mp4/File_003_File_003_File_003_File_003_File_003_File_003_G5Bullet_31_F4E2C678CB5A_2024-09-03_4_0.mp4 to /mnt/geosense/cameras/G5Bullet_31/mp4/File_003_File_003_File_003_File_003_File_003_File_003_File_003_G5Bullet_31_F4E2C678CB5A_2024-09-03_4_0.mp4
[2024-09-05 11:17:42,690][main][INFO] - Renamed /mnt/geosense/cameras/G5Bullet_31/mp4/File_004_File_004_File_004_File_004_File_004_File_004_G5Bullet_31_F4E2C678CB5A_2024-09-03_5_0.mp4 to /mnt/geosense/cameras/G5Bullet_31/mp4/File_004_File_004_File_004_File_004_File_004_File_004_File_004_G5Bullet_31_F4E2C678CB5A_2024-09-03_5_0.mp4
[2024-09-05 11:17:42,690][main][INFO] - Renamed /mnt/geosense/cameras/G5Bullet_31/mp4/File_005_File_005_File_005_File_005_File_005_File_005_G5Bullet_31_F4E2C678CB5A_2024-09-03_6_0.mp4 to /mnt/geosense/cameras/G5Bullet_31/mp4/File_005_File_005_File_005_File_005_File_005_File_005_File_005_G5Bullet_31_F4E2C678CB5A_2024-09-03_6_0.mp4
[2024-09-05 11:17:42,690][main][INFO] - Renamed /mnt/geosense/cameras/G5Bullet_31/mp4/File_006_File_006_File_006_File_006_File_006_File_006_G5Bullet_31_F4E2C678CB5A_2024-09-03_7_0.mp4 to /mnt/geosense/cameras/G5Bullet_31/mp4/File_006_File_006_File_006_File_006_File_006_File_006_File_006_G5Bullet_31_F4E2C678CB5A_2024-09-03_7_0.mp4
[2024-09-05 11:17:42,690][main][INFO] - Renamed /mnt/geosense/cameras/G5Bullet_31/mp4/File_007_File_007_File_007_File_007_File_007_File_007_G5Bullet_31_F4E2C678CB5A_2024-09-03_8_0.mp4 to /mnt/geosense/cameras/G5Bullet_31/mp4/File_007_File_007_File_007_File_007_File_007_File_007_File_007_G5Bullet_31_F4E2C678CB5A_2024-09-03_8_0.mp4
[2024-09-05 11:17:42,690][main][INFO] - Renamed /mnt/geosense/cameras/G5Bullet_31/mp4/File_008_File_008_File_008_File_008_File_008_File_008_G5Bullet_31_F4E2C678CB5A_2024-09-03_9_0.mp4 to /mnt/geosense/cameras/G5Bullet_31/mp4/File_008_File_008_File_008_File_008_File_008_File_008_File_008_G5Bullet_31_F4E2C678CB5A_2024-09-03_9_0.mp4
[2024-09-05 11:17:42,691][main][INFO] - Renamed /mnt/geosense/cameras/G5Bullet_31/mp4/File_009_File_009_File_009_File_009_File_009_File_009_G5Bullet_31_F4E2C678CB5A_2024-09-03_10_0.mp4 to /mnt/geosense/cameras/G5Bullet_31/mp4/File_009_File_009_File_009_File_009_File_009_File_009_File_009_G5Bullet_31_F4E2C678CB5A_2024-09-03_10_0.mp4
[2024-09-05 11:17:42,691][main][INFO] - Renamed /mnt/geosense/cameras/G5Bullet_31/mp4/File_010_File_010_File_010_File_010_File_010_File_010_G5Bullet_31_F4E2C678CB5A_2024-09-03_11_0.mp4 to /mnt/geosense/cameras/G5Bullet_31/mp4/File_010_File_010_File_010_File_010_File_010_File_010_File_010_G5Bullet_31_F4E2C678CB5A_2024-09-03_11_0.mp4
[2024-09-05 11:17:42,691][main][INFO] - Renamed /mnt/geosense/cameras/G5Bullet_31/mp4/File_011_File_011_File_011_File_011_File_011_File_011_G5Bullet_31_F4E2C678CB5A_2024-09-03_12_0.mp4 to /mnt/geosense/cameras/G5Bullet_31/mp4/File_011_File_011_File_011_File_011_File_011_File_011_File_011_G5Bullet_31_F4E2C678CB5A_2024-09-03_12_0.mp4
[2024-09-05 11:17:42,691][main][INFO] - Renamed /mnt/geosense/cameras/G5Bullet_31/mp4/File_012_File_012_File_012_File_012_File_012_File_012_G5Bullet_31_F4E2C678CB5A_2024-09-03_13_0.mp4 to /mnt/geosense/cameras/G5Bullet_31/mp4/File_012_File_012_File_012_File_012_File_012_File_012_File_012_G5Bullet_31_F4E2C678CB5A_2024-09-03_13_0.mp4
[2024-09-05 11:17:42,691][main][INFO] - Renamed /mnt/geosense/cameras/G5Bullet_31/mp4/File_013_File_013_File_013_File_013_File_013_File_013_G5Bullet_31_F4E2C678CB5A_2024-09-03_14_0.mp4 to /mnt/geosense/cameras/G5Bullet_31/mp4/File_013_File_013_File_013_File_013_File_013_File_013_File_013_G5Bullet_31_F4E2C678CB5A_2024-09-03_14_0.mp4
[2024-09-05 11:17:42,691][main][INFO] - Renamed /mnt/geosense/cameras/G5Bullet_31/mp4/File_014_File_014_File_014_File_014_File_014_File_014_G5Bullet_31_F4E2C678CB5A_2024-09-03_15_0.mp4 to /mnt/geosense/cameras/G5Bullet_31/mp4/File_014_File_014_File_014_File_014_File_014_File_014_File_014_G5Bullet_31_F4E2C678CB5A_2024-09-03_15_0.mp4
[2024-09-05 11:17:42,692][main][INFO] - Renamed /mnt/geosense/cameras/G5Bullet_31/mp4/File_015_File_015_File_015_File_015_File_015_File_015_G5Bullet_31_F4E2C678CB5A_2024-09-03_16_0.mp4 to /mnt/geosense/cameras/G5Bullet_31/mp4/File_015_File_015_File_015_File_015_File_015_File_015_File_015_G5Bullet_31_F4E2C678CB5A_2024-09-03_16_0.mp4
[2024-09-05 11:17:42,692][main][INFO] - Renamed /mnt/geosense/cameras/G5Bullet_31/mp4/File_016_File_016_File_016_File_016_File_016_File_016_G5Bullet_31_F4E2C678CB5A_2024-09-03_17_0.mp4 to /mnt/geosense/cameras/G5Bullet_31/mp4/File_016_File_016_File_016_File_016_File_016_File_016_File_016_G5Bullet_31_F4E2C678CB5A_2024-09-03_17_0.mp4
[2024-09-05 11:17:42,692][main][INFO] - Renamed /mnt/geosense/cameras/G5Bullet_31/mp4/File_017_File_017_File_017_File_017_File_017_File_017_G5Bullet_31_F4E2C678CB5A_2024-09-03_18_0.mp4 to /mnt/geosense/cameras/G5Bullet_31/mp4/File_017_File_017_File_017_File_017_File_017_File_017_File_017_G5Bullet_31_F4E2C678CB5A_2024-09-03_18_0.mp4
[2024-09-05 11:17:42,692][main][INFO] - Renamed /mnt/geosense/cameras/G5Bullet_31/mp4/File_018_File_018_File_018_File_018_File_018_File_018_G5Bullet_31_F4E2C678CB5A_2024-09-03_19_0.mp4 to /mnt/geosense/cameras/G5Bullet_31/mp4/File_018_File_018_File_018_File_018_File_018_File_018_File_018_G5Bullet_31_F4E2C678CB5A_2024-09-03_19_0.mp4
[2024-09-05 11:17:42,692][main][INFO] - Renamed /mnt/geosense/cameras/G5Bullet_31/mp4/File_019_File_019_File_019_File_019_File_019_File_019_G5Bullet_31_F4E2C678CB5A_2024-09-03_20_0.mp4 to /mnt/geosense/cameras/G5Bullet_31/mp4/File_019_File_019_File_019_File_019_File_019_File_019_File_019_G5Bullet_31_F4E2C678CB5A_2024-09-03_20_0.mp4
[2024-09-05 11:17:42,692][main][INFO] - Renamed /mnt/geosense/cameras/G5Bullet_31/mp4/File_020_File_020_File_020_File_020_File_020_File_020_G5Bullet_31_F4E2C678CB5A_2024-09-03_21_0.mp4 to /mnt/geosense/cameras/G5Bullet_31/mp4/File_020_File_020_File_020_File_020_File_020_File_020_File_020_G5Bullet_31_F4E2C678CB5A_2024-09-03_21_0.mp4
[2024-09-05 11:17:42,692][main][INFO] - Renamed /mnt/geosense/cameras/G5Bullet_31/mp4/File_021_File_021_File_021_File_021_File_021_File_021_G5Bullet_31_F4E2C678CB5A_2024-09-03_22_0.mp4 to /mnt/geosense/cameras/G5Bullet_31/mp4/File_021_File_021_File_021_File_021_File_021_File_021_File_021_G5Bullet_31_F4E2C678CB5A_2024-09-03_22_0.mp4
[2024-09-05 11:17:42,693][main][INFO] - Renamed /mnt/geosense/cameras/G5Bullet_31/mp4/File_022_File_022_File_022_File_022_File_022_File_022_G5Bullet_31_F4E2C678CB5A_2024-09-03_23_0.mp4 to /mnt/geosense/cameras/G5Bullet_31/mp4/File_022_File_022_File_022_File_022_File_022_File_022_File_022_G5Bullet_31_F4E2C678CB5A_2024-09-03_23_0.mp4
[2024-09-05 11:17:42,693][main][INFO] - Renamed /mnt/geosense/cameras/G5Bullet_31/mp4/File_023_File_023_File_023_File_023_File_023_File_023_G5Bullet_31_F4E2C678CB5A_2024-09-03_24_0.mp4 to /mnt/geosense/cameras/G5Bullet_31/mp4/File_023_File_023_File_023_File_023_File_023_File_023_File_023_G5Bullet_31_F4E2C678CB5A_2024-09-03_24_0.mp4
[2024-09-05 11:17:42,693][main][INFO] - Renamed /mnt/geosense/cameras/G5Bullet_31/mp4/File_024_File_024_File_024_File_024_File_024_File_024_G5Bullet_31_F4E2C678CB5A_2024-09-03_25_0.mp4 to /mnt/geosense/cameras/G5Bullet_31/mp4/File_024_File_024_File_024_File_024_File_024_File_024_File_024_G5Bullet_31_F4E2C678CB5A_2024-09-03_25_0.mp4
[2024-09-05 11:17:42,693][main][INFO] - Renamed /mnt/geosense/cameras/G5Bullet_31/mp4/File_025_File_025_File_025_File_025_File_025_File_025_G5Bullet_31_F4E2C678CB5A_2024-09-03_26_0.mp4 to /mnt/geosense/cameras/G5Bullet_31/mp4/File_025_File_025_File_025_File_025_File_025_File_025_File_025_G5Bullet_31_F4E2C678CB5A_2024-09-03_26_0.mp4
[2024-09-05 11:17:42,693][main][INFO] - Renamed /mnt/geosense/cameras/G5Bullet_31/mp4/File_026_File_026_File_026_File_026_File_026_File_026_G5Bullet_31_F4E2C678CB5A_2024-09-03_27_0.mp4 to /mnt/geosense/cameras/G5Bullet_31/mp4/File_026_File_026_File_026_File_026_File_026_File_026_File_026_G5Bullet_31_F4E2C678CB5A_2024-09-03_27_0.mp4
[2024-09-05 11:17:42,693][main][INFO] - Renamed /mnt/geosense/cameras/G5Bullet_31/mp4/File_027_File_027_File_027_File_027_File_027_File_027_G5Bullet_31_F4E2C678CB5A_2024-09-03_28_0.mp4 to /mnt/geosense/cameras/G5Bullet_31/mp4/File_027_File_027_File_027_File_027_File_027_File_027_File_027_G5Bullet_31_F4E2C678CB5A_2024-09-03_28_0.mp4
[2024-09-05 11:17:42,693][main][INFO] - Renamed /mnt/geosense/cameras/G5Bullet_31/mp4/File_028_File_028_File_028_File_028_File_028_File_028_G5Bullet_31_F4E2C678CB5A_2024-09-03_29_0.mp4 to /mnt/geosense/cameras/G5Bullet_31/mp4/File_028_File_028_File_028_File_028_File_028_File_028_File_028_G5Bullet_31_F4E2C678CB5A_2024-09-03_29_0.mp4
[2024-09-05 11:17:42,694][main][INFO] - Renamed /mnt/geosense/cameras/G5Bullet_31/mp4/File_029_File_029_File_029_File_029_File_029_File_029_G5Bullet_31_F4E2C678CB5A_2024-09-03_30_0.mp4 to /mnt/geosense/cameras/G5Bullet_31/mp4/File_029_File_029_File_029_File_029_File_029_File_029_File_029_G5Bullet_31_F4E2C678CB5A_2024-09-03_30_0.mp4
[2024-09-05 11:17:42,694][main][INFO] - Processing file /mnt/geosense/cameras/G5Bullet_31/mp4/File_000_File_000_File_000_File_000_File_000_File_000_File_000_G5Bullet_31_F4E2C678CB5A_2024-09-03_1_0.mp4...
[2024-09-05 11:17:42,775][main][INFO] - Frame rate: 29.999694988976795
[2024-09-05 11:17:42,775][main][INFO] - Extracting frames from video '/mnt/geosense/cameras/G5Bullet_31/mp4/File_000_File_000_File_000_File_000_File_000_File_000_File_000_G5Bullet_31_F4E2C678CB5A_2024-09-03_1_0.mp4'...
[2024-09-05 11:17:42,833][main][INFO] - Extracting frame 0...
[2024-09-05 11:17:42,858][main][INFO] - Extracting frame 1...
[2024-09-05 11:17:42,884][main][INFO] - Extracting frame 2...
[2024-09-05 11:17:42,909][main][INFO] - Extracting frame 3...
[2024-09-05 11:17:42,931][main][INFO] - Extracting frame 4...
[2024-09-05 11:17:42,954][main][INFO] - Extracting frame 5...
[2024-09-05 11:17:42,976][main][INFO] - Extracting frame 6...
[2024-09-05 11:17:42,999][main][INFO] - Extracting frame 7...
[2024-09-05 11:17:43,021][main][INFO] - Extracting frame 8...
[2024-09-05 11:17:43,044][main][INFO] - Extracting frame 9...
[2024-09-05 11:17:43,068][main][INFO] - Extracting frame 10...
[2024-09-05 11:17:43,090][main][INFO] - Extracting frame 11...
[2024-09-05 11:17:43,114][main][INFO] - Extracting frame 12...
[2024-09-05 11:17:43,137][main][INFO] - Extracting frame 13...
[2024-09-05 11:17:43,159][main][INFO] - Extracting frame 14...
[2024-09-05 11:17:43,181][main][INFO] - Extracting frame 15...
[2024-09-05 11:17:43,203][main][INFO] - Extracting frame 16...
[2024-09-05 11:17:43,225][main][INFO] - Extracting frame 17...
[2024-09-05 11:17:43,247][main][INFO] - Extracting frame 18...
[2024-09-05 11:17:43,270][main][INFO] - Extracting frame 19...
[2024-09-05 11:17:43,292][main][INFO] - Extracting frame 20...
[2024-09-05 11:17:43,319][main][INFO] - Extracting frame 21...
[2024-09-05 11:17:43,342][main][INFO] - Extracting frame 22...
[2024-09-05 11:17:43,364][main][INFO] - Extracting frame 23...
[2024-09-05 11:17:43,386][main][INFO] - Extracting frame 24...
[2024-09-05 11:17:43,409][main][INFO] - Extracting frame 25...
[2024-09-05 11:17:43,432][main][INFO] - Extracting frame 26...
[2024-09-05 11:17:43,455][main][INFO] - Extracting frame 27...
[2024-09-05 11:17:43,477][main][INFO] - Extracting frame 28...
[2024-09-05 11:17:43,500][main][INFO] - Extracting frame 29...
[2024-09-05 11:17:43,522][main][INFO] - Extracting frame 30...
[2024-09-05 11:17:43,545][main][INFO] - Extracting frame 31...
[2024-09-05 11:17:43,567][main][INFO] - Extracting frame 32...
[2024-09-05 11:17:43,590][main][INFO] - Extracting frame 33...
[2024-09-05 11:17:43,612][main][INFO] - Extracting frame 34...
[2024-09-05 11:17:43,635][main][INFO] - Extracting frame 35...
[2024-09-05 11:17:43,657][main][INFO] - Extracting frame 36...
[2024-09-05 11:17:43,679][main][INFO] - Extracting frame 37...
[2024-09-05 11:17:43,702][main][INFO] - Extracting frame 38...
[2024-09-05 11:17:43,725][main][INFO] - Extracting frame 39...
[2024-09-05 11:17:43,747][main][INFO] - Extracting frame 40...
[2024-09-05 11:17:43,768][main][INFO] - Extracting frame 41...
[2024-09-05 11:17:43,790][main][INFO] - Extracting frame 42...
[2024-09-05 11:17:43,812][main][INFO] - Extracting frame 43...
[2024-09-05 11:17:43,834][main][INFO] - Extracting frame 44...
[2024-09-05 11:17:43,855][main][INFO] - Extracting frame 45...
[2024-09-05 11:17:43,878][main][INFO] - Extracting frame 46...
[2024-09-05 11:17:43,900][main][INFO] - Extracting frame 47...
[2024-09-05 11:17:43,922][main][INFO] - Extracting frame 48...
[2024-09-05 11:17:43,944][main][INFO] - Extracting frame 49...
[2024-09-05 11:17:43,966][main][INFO] - Extracting frame 50...
[2024-09-05 11:17:43,988][main][INFO] - Extracting frame 51...
[2024-09-05 11:17:44,011][main][INFO] - Extracting frame 52...
[2024-09-05 11:17:44,034][main][INFO] - Extracting frame 53...
[2024-09-05 11:17:44,057][main][INFO] - Extracting frame 54...
[2024-09-05 11:17:44,079][main][INFO] - Extracting frame 55...
[2024-09-05 11:17:44,102][main][INFO] - Extracting frame 56...
[2024-09-05 11:17:44,124][main][INFO] - Extracting frame 57...
[2024-09-05 11:17:44,147][main][INFO] - Extracting frame 58...
[2024-09-05 11:17:44,168][main][INFO] - Extracting frame 59...
[2024-09-05 11:17:44,191][main][INFO] - Extracting frame 60...
[2024-09-05 11:17:44,213][main][INFO] - Extracting frame 61...
[2024-09-05 11:17:44,236][main][INFO] - Extracting frame 62...
[2024-09-05 11:17:44,258][main][INFO] - Extracting frame 63...
[2024-09-05 11:17:44,280][main][INFO] - Extracting frame 64...
[2024-09-05 11:17:44,302][main][INFO] - Extracting frame 65...
[2024-09-05 11:17:44,325][main][INFO] - Extracting frame 66...
[2024-09-05 11:17:44,348][main][INFO] - Extracting frame 67...
[2024-09-05 11:17:44,370][main][INFO] - Extracting frame 68...
[2024-09-05 11:17:44,392][main][INFO] - Extracting frame 69...
[2024-09-05 11:17:44,415][main][INFO] - Extracting frame 70...
[2024-09-05 11:17:44,438][main][INFO] - Extracting frame 71...
[2024-09-05 11:17:44,460][main][INFO] - Extracting frame 72...
[2024-09-05 11:17:44,483][main][INFO] - Extracting frame 73...
[2024-09-05 11:17:44,505][main][INFO] - Extracting frame 74...
[2024-09-05 11:17:44,528][main][INFO] - Extracting frame 75...
[2024-09-05 11:17:44,550][main][INFO] - Extracting frame 76...
[2024-09-05 11:17:44,571][main][INFO] - Extracting frame 77...
[2024-09-05 11:17:44,593][main][INFO] - Extracting frame 78...
[2024-09-05 11:17:44,615][main][INFO] - Extracting frame 79...
[2024-09-05 11:17:44,637][main][INFO] - Extracting frame 80...
[2024-09-05 11:17:44,659][main][INFO] - Extracting frame 81...
[2024-09-05 11:17:44,681][main][INFO] - Extracting frame 82...
[2024-09-05 11:17:44,703][main][INFO] - Extracting frame 83...
[2024-09-05 11:17:44,725][main][INFO] - Extracting frame 84...
[2024-09-05 11:17:44,748][main][INFO] - Extracting frame 85...
[2024-09-05 11:17:44,769][main][INFO] - Extracting frame 86...
[2024-09-05 11:17:44,791][main][INFO] - Extracting frame 87...
[2024-09-05 11:17:44,813][main][INFO] - Extracting frame 88...
[2024-09-05 11:17:44,836][main][INFO] - Extracting frame 89...
[2024-09-05 11:17:44,859][main][INFO] - Extracting frame 90...
[2024-09-05 11:17:44,881][main][INFO] - Extracting frame 91...
[2024-09-05 11:17:44,903][main][INFO] - Extracting frame 92...
[2024-09-05 11:17:44,926][main][INFO] - Extracting frame 93...
[2024-09-05 11:17:44,948][main][INFO] - Extracting frame 94...
[2024-09-05 11:17:44,971][main][INFO] - Extracting frame 95...
[2024-09-05 11:17:44,993][main][INFO] - Extracting frame 96...
[2024-09-05 11:17:45,015][main][INFO] - Extracting frame 97...
[2024-09-05 11:17:45,038][main][INFO] - Extracting frame 98...
[2024-09-05 11:17:45,061][main][INFO] - Extracting frame 99...
[2024-09-05 11:17:45,083][main][INFO] - Extracting frame 100...
[2024-09-05 11:17:45,106][main][INFO] - Extracting frame 101...
[2024-09-05 11:17:45,127][main][INFO] - Extracting frame 102...
[2024-09-05 11:17:45,150][main][INFO] - Extracting frame 103...
[2024-09-05 11:17:45,172][main][INFO] - Extracting frame 104...
[2024-09-05 11:17:45,194][main][INFO] - Extracting frame 105...
[2024-09-05 11:17:45,217][main][INFO] - Extracting frame 106...
[2024-09-05 11:17:45,239][main][INFO] - Extracting frame 107...
[2024-09-05 11:17:45,262][main][INFO] - Extracting frame 108...
[2024-09-05 11:17:45,284][main][INFO] - Extracting frame 109...
[2024-09-05 11:17:45,306][main][INFO] - Extracting frame 110...
[2024-09-05 11:17:45,328][main][INFO] - Extracting frame 111...
[2024-09-05 11:17:45,351][main][INFO] - Extracting frame 112...
[2024-09-05 11:17:45,374][main][INFO] - Extracting frame 113...
[2024-09-05 11:17:45,395][main][INFO] - Extracting frame 114...
[2024-09-05 11:17:45,418][main][INFO] - Extracting frame 115...
[2024-09-05 11:17:45,440][main][INFO] - Extracting frame 116...
[2024-09-05 11:17:45,462][main][INFO] - Extracting frame 117...
[2024-09-05 11:17:45,485][main][INFO] - Extracting frame 118...
[2024-09-05 11:17:45,507][main][INFO] - Extracting frame 119...
[2024-09-05 11:17:45,529][main][INFO] - Extracting frame 120...
[2024-09-05 11:17:45,552][main][INFO] - Extracting frame 121...
[2024-09-05 11:17:45,574][main][INFO] - Extracting frame 122...
[2024-09-05 11:17:45,597][main][INFO] - Extracting frame 123...
[2024-09-05 11:17:45,620][main][INFO] - Extracting frame 124...
[2024-09-05 11:17:45,643][main][INFO] - Extracting frame 125...
[2024-09-05 11:17:45,666][main][INFO] - Extracting frame 126...
[2024-09-05 11:17:45,688][main][INFO] - Extracting frame 127...
[2024-09-05 11:17:45,710][main][INFO] - Extracting frame 128...
[2024-09-05 11:17:45,732][main][INFO] - Extracting frame 129...
[2024-09-05 11:17:45,756][main][INFO] - Extracting frame 130...
[2024-09-05 11:17:45,778][main][INFO] - Extracting frame 131...
[2024-09-05 11:17:45,801][main][INFO] - Extracting frame 132...
[2024-09-05 11:17:45,823][main][INFO] - Extracting frame 133...
[2024-09-05 11:17:45,846][main][INFO] - Extracting frame 134...
[2024-09-05 11:17:45,868][main][INFO] - Extracting frame 135...
[2024-09-05 11:17:45,901][main][INFO] - Extracting frame 136...
[2024-09-05 11:17:45,922][main][INFO] - Extracting frame 137...
[2024-09-05 11:17:45,946][main][INFO] - Extracting frame 138...
[2024-09-05 11:17:45,968][main][INFO] - Extracting frame 139...
[2024-09-05 11:17:45,991][main][INFO] - Extracting frame 140...
[2024-09-05 11:17:46,013][main][INFO] - Extracting frame 141...
[2024-09-05 11:17:46,036][main][INFO] - Extracting frame 142...
[2024-09-05 11:17:46,058][main][INFO] - Extracting frame 143...
[2024-09-05 11:17:46,081][main][INFO] - Extracting frame 144...
[2024-09-05 11:17:46,103][main][INFO] - Extracting frame 145...
[2024-09-05 11:17:46,126][main][INFO] - Extracting frame 146...
[2024-09-05 11:17:46,148][main][INFO] - Extracting frame 147...
[2024-09-05 11:17:46,170][main][INFO] - Extracting frame 148...
[2024-09-05 11:17:46,193][main][INFO] - Extracting frame 149...
[2024-09-05 11:17:46,239][main][INFO] - Extracting frame 150...
[2024-09-05 11:17:46,260][main][INFO] - Extracting frame 151...
[2024-09-05 11:17:46,282][main][INFO] - Extracting frame 152...
[2024-09-05 11:17:46,304][main][INFO] - Extracting frame 153...
[2024-09-05 11:17:46,327][main][INFO] - Extracting frame 154...
[2024-09-05 11:17:46,349][main][INFO] - Extracting frame 155...
[2024-09-05 11:17:46,371][main][INFO] - Extracting frame 156...
[2024-09-05 11:17:46,393][main][INFO] - Extracting frame 157...
[2024-09-05 11:17:46,415][main][INFO] - Extracting frame 158...
[2024-09-05 11:17:46,438][main][INFO] - Extracting frame 159...
[2024-09-05 11:17:46,460][main][INFO] - Extracting frame 160...
[2024-09-05 11:17:46,482][main][INFO] - Extracting frame 161...
[2024-09-05 11:17:46,504][main][INFO] - Extracting frame 162...
[2024-09-05 11:17:46,526][main][INFO] - Extracting frame 163...
[2024-09-05 11:17:46,548][main][INFO] - Extracting frame 164...
[2024-09-05 11:17:46,570][main][INFO] - Extracting frame 165...
[2024-09-05 11:17:46,596][main][INFO] - Extracting frame 166...
[2024-09-05 11:17:46,618][main][INFO] - Extracting frame 167...
[2024-09-05 11:17:46,640][main][INFO] - Extracting frame 168...
[2024-09-05 11:17:46,661][main][INFO] - Extracting frame 169...
[2024-09-05 11:17:46,683][main][INFO] - Extracting frame 170...
[2024-09-05 11:17:46,705][main][INFO] - Extracting frame 171...
[2024-09-05 11:17:46,726][main][INFO] - Extracting frame 172...
[2024-09-05 11:17:46,747][main][INFO] - Extracting frame 173...
[2024-09-05 11:17:46,769][main][INFO] - Extracting frame 174...
[2024-09-05 11:17:46,790][main][INFO] - Extracting frame 175...
[2024-09-05 11:17:46,812][main][INFO] - Extracting frame 176...
[2024-09-05 11:17:46,834][main][INFO] - Extracting frame 177...
[2024-09-05 11:17:46,855][main][INFO] - Extracting frame 178...
[2024-09-05 11:17:46,877][main][INFO] - Extracting frame 179...
[2024-09-05 11:17:46,899][main][INFO] - Extracting frame 180...
[2024-09-05 11:17:46,923][main][INFO] - Extracting frame 181...
[2024-09-05 11:17:46,945][main][INFO] - Extracting frame 182...
[2024-09-05 11:17:46,967][main][INFO] - Extracting frame 183...
[2024-09-05 11:17:46,988][main][INFO] - Extracting frame 184...
[2024-09-05 11:17:47,010][main][INFO] - Extracting frame 185...
[2024-09-05 11:17:47,031][main][INFO] - Extracting frame 186...
[2024-09-05 11:17:47,053][main][INFO] - Extracting frame 187...
[2024-09-05 11:17:47,075][main][INFO] - Extracting frame 188...
[2024-09-05 11:17:47,097][main][INFO] - Extracting frame 189...
[2024-09-05 11:17:47,118][main][INFO] - Extracting frame 190...
[2024-09-05 11:17:47,140][main][INFO] - Extracting frame 191...
[2024-09-05 11:17:47,161][main][INFO] - Extracting frame 192...
[2024-09-05 11:17:47,183][main][INFO] - Extracting frame 193...
[2024-09-05 11:17:47,204][main][INFO] - Extracting frame 194...
[2024-09-05 11:17:47,226][main][INFO] - Extracting frame 195...
[2024-09-05 11:17:47,247][main][INFO] - Extracting frame 196...
[2024-09-05 11:17:47,269][main][INFO] - Extracting frame 197...
[2024-09-05 11:17:47,290][main][INFO] - Extracting frame 198...
[2024-09-05 11:17:47,312][main][INFO] - Extracting frame 199...
[2024-09-05 11:17:47,333][main][INFO] - Extracting frame 200...
[2024-09-05 11:17:47,355][main][INFO] - Extracting frame 201...
[2024-09-05 11:17:47,377][main][INFO] - Extracting frame 202...
[2024-09-05 11:17:47,398][main][INFO] - Extracting frame 203...
[2024-09-05 11:17:47,420][main][INFO] - Extracting frame 204...
[2024-09-05 11:17:47,441][main][INFO] - Extracting frame 205...
[2024-09-05 11:17:47,463][main][INFO] - Extracting frame 206...
[2024-09-05 11:17:47,485][main][INFO] - Extracting frame 207...
[2024-09-05 11:17:47,506][main][INFO] - Extracting frame 208...
[2024-09-05 11:17:47,527][main][INFO] - Extracting frame 209...
[2024-09-05 11:17:47,549][main][INFO] - Extracting frame 210...
[2024-09-05 11:17:47,571][main][INFO] - Extracting frame 211...
[2024-09-05 11:17:47,592][main][INFO] - Extracting frame 212...
[2024-09-05 11:17:47,614][main][INFO] - Extracting frame 213...
[2024-09-05 11:17:47,635][main][INFO] - Extracting frame 214...
[2024-09-05 11:17:47,657][main][INFO] - Extracting frame 215...
[2024-09-05 11:17:47,678][main][INFO] - Extracting frame 216...
[2024-09-05 11:17:47,700][main][INFO] - Extracting frame 217...
[2024-09-05 11:17:47,721][main][INFO] - Extracting frame 218...
[2024-09-05 11:17:47,742][main][INFO] - Extracting frame 219...
[2024-09-05 11:17:47,763][main][INFO] - Extracting frame 220...
[2024-09-05 11:17:47,785][main][INFO] - Extracting frame 221...
[2024-09-05 11:17:47,808][main][INFO] - Extracting frame 222...
[2024-09-05 11:17:47,830][main][INFO] - Extracting frame 223...
[2024-09-05 11:17:47,852][main][INFO] - Extracting frame 224...
[2024-09-05 11:17:47,874][main][INFO] - Extracting frame 225...
[2024-09-05 11:17:47,895][main][INFO] - Extracting frame 226...
[2024-09-05 11:17:47,917][main][INFO] - Extracting frame 227...
[2024-09-05 11:17:47,939][main][INFO] - Extracting frame 228...
[2024-09-05 11:17:47,960][main][INFO] - Extracting frame 229...
[2024-09-05 11:17:47,981][main][INFO] - Extracting frame 230...
[2024-09-05 11:17:48,003][main][INFO] - Extracting frame 231...
[2024-09-05 11:17:48,024][main][INFO] - Extracting frame 232...
[2024-09-05 11:17:48,047][main][INFO] - Extracting frame 233...
[2024-09-05 11:17:48,068][main][INFO] - Extracting frame 234...
[2024-09-05 11:17:48,090][main][INFO] - Extracting frame 235...
[2024-09-05 11:17:48,111][main][INFO] - Extracting frame 236...
[2024-09-05 11:17:48,133][main][INFO] - Extracting frame 237...
[2024-09-05 11:17:48,155][main][INFO] - Extracting frame 238...
[2024-09-05 11:17:48,177][main][INFO] - Extracting frame 239...
[2024-09-05 11:17:48,199][main][INFO] - Extracting frame 240...
[2024-09-05 11:17:48,220][main][INFO] - Extracting frame 241...
[2024-09-05 11:17:48,242][main][INFO] - Extracting frame 242...
[2024-09-05 11:17:48,264][main][INFO] - Extracting frame 243...
[2024-09-05 11:17:48,286][main][INFO] - Extracting frame 244...
[2024-09-05 11:17:48,308][main][INFO] - Extracting frame 245...
[2024-09-05 11:17:48,331][main][INFO] - Extracting frame 246...
[2024-09-05 11:17:48,353][main][INFO] - Extracting frame 247...
[2024-09-05 11:17:48,375][main][INFO] - Extracting frame 248...
[2024-09-05 11:17:48,396][main][INFO] - Extracting frame 249...
[2024-09-05 11:17:48,419][main][INFO] - Extracting frame 250...
[2024-09-05 11:17:48,440][main][INFO] - Extracting frame 251...
[2024-09-05 11:17:48,473][main][INFO] - Extracting frame 252...
[2024-09-05 11:17:48,498][main][INFO] - Extracting frame 253...
[2024-09-05 11:17:48,526][main][INFO] - Extracting frame 254...
[2024-09-05 11:17:48,551][main][INFO] - Extracting frame 255...
[2024-09-05 11:17:48,574][main][INFO] - Extracting frame 256...
[2024-09-05 11:17:48,595][main][INFO] - Extracting frame 257...
[2024-09-05 11:17:48,618][main][INFO] - Extracting frame 258...
[2024-09-05 11:17:48,640][main][INFO] - Extracting frame 259...
[2024-09-05 11:17:48,662][main][INFO] - Extracting frame 260...
[2024-09-05 11:17:48,683][main][INFO] - Extracting frame 261...
[2024-09-05 11:17:48,705][main][INFO] - Extracting frame 262...
[2024-09-05 11:17:48,727][main][INFO] - Extracting frame 263...
[2024-09-05 11:17:48,749][main][INFO] - Extracting frame 264...
[2024-09-05 11:17:48,771][main][INFO] - Extracting frame 265...
[2024-09-05 11:17:48,793][main][INFO] - Extracting frame 266...
[2024-09-05 11:17:48,815][main][INFO] - Extracting frame 267...
[2024-09-05 11:17:48,838][main][INFO] - Extracting frame 268...
[2024-09-05 11:17:48,860][main][INFO] - Extracting frame 269...
[2024-09-05 11:17:48,882][main][INFO] - Extracting frame 270...
