[2024-09-05 15:57:50,250][main][INFO] - --------------------------------------------------
[2024-09-05 15:57:50,250][main][INFO] - --------------------------------------------------
[2024-09-05 15:57:50,250][main][INFO] - ::: Processing camera G5Bullet_31 :::
[2024-09-05 15:57:50,250][main][INFO] - --------------------------------------------------
[2024-09-05 15:57:50,251][main][INFO] - --------------------------------------------------
[2024-09-05 15:57:50,251][main][INFO] - Transfering data from NVR (/volume1/videos/G5Bullet_31/*0.mp4) to VM (/mnt/geosense/cameras/G5Bullet_31/mp4)...
[2024-09-05 15:57:50,251][main][INFO] - Extract frames...
[2024-09-05 15:57:50,251][main][INFO] - Processing file /mnt/geosense/cameras/G5Bullet_31/mp4/File_000_File_000_File_000_File_000_File_000_File_000_File_000_File_000_File_000_G5Bullet_31_F4E2C678CB5A_2024-09-03_1_0.mp4...
[2024-09-05 15:57:50,323][main][INFO] - Frame rate: 29.999694988976795
[2024-09-05 15:57:50,323][main][INFO] - Extracting frames from video '/mnt/geosense/cameras/G5Bullet_31/mp4/File_000_File_000_File_000_File_000_File_000_File_000_File_000_File_000_File_000_G5Bullet_31_F4E2C678CB5A_2024-09-03_1_0.mp4'...
[2024-09-05 15:57:50,438][main][INFO] - Extracting frame 0...
[2024-09-05 15:57:51,077][main][INFO] - Extracting frame 899...
[2024-09-05 15:57:51,703][main][INFO] - Extracting frame 1798...
[2024-09-05 15:57:52,311][main][INFO] - Extracting frame 2697...
[2024-09-05 15:57:52,915][main][INFO] - Extracting frame 3596...
[2024-09-05 15:57:53,607][main][INFO] - Extracting frame 4495...
[2024-09-05 15:57:54,232][main][INFO] - Extracting frame 5394...
[2024-09-05 15:57:54,856][main][INFO] - Extracting frame 6293...
[2024-09-05 15:57:55,427][main][INFO] - Extracting frame 7192...
[2024-09-05 15:57:56,015][main][INFO] - Extracting frame 8091...
[2024-09-05 15:57:56,602][main][INFO] - Extracting frame 8990...
[2024-09-05 15:57:57,237][main][INFO] - Extracting frame 9889...
[2024-09-05 15:57:57,786][main][INFO] - Extracting frame 10788...
[2024-09-05 15:57:58,366][main][INFO] - Extracting frame 11687...
[2024-09-05 15:57:58,910][main][INFO] - Extracting frame 12586...
[2024-09-05 15:57:59,468][main][INFO] - Extracting frame 13485...
[2024-09-05 15:58:00,060][main][INFO] - Extracting frame 14384...
[2024-09-05 15:58:00,596][main][INFO] - Extracting frame 15283...
[2024-09-05 15:58:01,228][main][INFO] - Extracting frame 16182...
[2024-09-05 15:58:01,902][main][INFO] - Extracting frame 17081...
[2024-09-05 15:58:02,458][main][INFO] - Extracting frame 17980...
[2024-09-05 15:58:03,000][main][INFO] - Extracting frame 18879...
[2024-09-05 15:58:03,524][main][INFO] - Extracting frame 19778...
[2024-09-05 15:58:04,050][main][INFO] - Extracting frame 20677...
[2024-09-05 15:58:04,611][main][INFO] - Extracting frame 21576...
[2024-09-05 15:58:05,160][main][INFO] - Extracting frame 22475...
[2024-09-05 15:58:05,692][main][INFO] - Extracting frame 23374...
[2024-09-05 15:58:06,211][main][INFO] - Extracting frame 24273...
[2024-09-05 15:58:06,767][main][INFO] - Extracting frame 25172...
[2024-09-05 15:58:07,294][main][INFO] - Extracting frame 26071...
[2024-09-05 15:58:07,817][main][INFO] - Extracting frame 26970...
[2024-09-05 15:58:08,316][main][INFO] - Extracting frame 27869...
[2024-09-05 15:58:08,795][main][INFO] - Extracting frame 28768...
[2024-09-05 15:58:09,271][main][INFO] - Extracting frame 29667...
[2024-09-05 15:58:09,762][main][INFO] - Extracting frame 30566...
[2024-09-05 15:58:10,277][main][INFO] - Extracting frame 31465...
[2024-09-05 15:58:10,777][main][INFO] - Extracting frame 32364...
[2024-09-05 15:58:11,262][main][INFO] - Extracting frame 33263...
[2024-09-05 15:58:11,735][main][INFO] - Extracting frame 34162...
[2024-09-05 15:58:12,209][main][INFO] - Extracting frame 35061...
[2024-09-05 15:58:12,679][main][INFO] - Extracting frame 35960...
[2024-09-05 15:58:13,168][main][INFO] - Extracting frame 36859...
[2024-09-05 15:58:13,659][main][INFO] - Extracting frame 37758...
[2024-09-05 15:58:14,121][main][INFO] - Extracting frame 38657...
[2024-09-05 15:58:14,589][main][INFO] - Extracting frame 39556...
[2024-09-05 15:58:15,054][main][INFO] - Extracting frame 40455...
[2024-09-05 15:58:15,557][main][INFO] - Extracting frame 41354...
[2024-09-05 15:58:16,020][main][INFO] - Extracting frame 42253...
[2024-09-05 15:58:16,484][main][INFO] - Extracting frame 43152...
[2024-09-05 15:58:16,946][main][INFO] - Extracting frame 44051...
[2024-09-05 15:58:17,366][main][INFO] - Extracting frame 44950...
[2024-09-05 15:58:17,785][main][INFO] - Extracting frame 45849...
[2024-09-05 15:58:18,198][main][INFO] - Extracting frame 46748...
[2024-09-05 15:58:18,652][main][INFO] - Extracting frame 47647...
[2024-09-05 15:58:19,084][main][INFO] - Extracting frame 48546...
[2024-09-05 15:58:19,514][main][INFO] - Extracting frame 49445...
[2024-09-05 15:58:19,916][main][INFO] - Extracting frame 50344...
[2024-09-05 15:58:20,321][main][INFO] - Extracting frame 51243...
[2024-09-05 15:58:20,721][main][INFO] - Extracting frame 52142...
[2024-09-05 15:58:21,143][main][INFO] - Extracting frame 53041...
[2024-09-05 15:58:21,565][main][INFO] - Extracting frame 53940...
[2024-09-05 15:58:21,942][main][INFO] - Extracting frame 54839...
[2024-09-05 15:58:22,315][main][INFO] - Extracting frame 55738...
[2024-09-05 15:58:22,698][main][INFO] - Extracting frame 56637...
[2024-09-05 15:58:23,071][main][INFO] - Extracting frame 57536...
[2024-09-05 15:58:23,438][main][INFO] - Extracting frame 58435...
[2024-09-05 15:58:23,802][main][INFO] - Extracting frame 59334...
[2024-09-05 15:58:24,188][main][INFO] - Extracting frame 60233...
[2024-09-05 15:58:24,536][main][INFO] - Extracting frame 61132...
[2024-09-05 15:58:24,881][main][INFO] - Extracting frame 62031...
[2024-09-05 15:58:25,227][main][INFO] - Extracting frame 62930...
[2024-09-05 15:58:25,584][main][INFO] - Extracting frame 63829...
[2024-09-05 15:58:25,921][main][INFO] - Extracting frame 64728...
[2024-09-05 15:58:26,266][main][INFO] - Extracting frame 65627...
[2024-09-05 15:58:26,622][main][INFO] - Extracting frame 66526...
[2024-09-05 15:58:26,976][main][INFO] - Extracting frame 67425...
[2024-09-05 15:58:27,312][main][INFO] - Extracting frame 68324...
[2024-09-05 15:58:27,641][main][INFO] - Extracting frame 69223...
[2024-09-05 15:58:27,973][main][INFO] - Extracting frame 70122...
[2024-09-05 15:58:28,286][main][INFO] - Extracting frame 71021...
[2024-09-05 15:58:28,593][main][INFO] - Extracting frame 71920...
[2024-09-05 15:58:28,905][main][INFO] - Extracting frame 72819...
[2024-09-05 15:58:29,209][main][INFO] - Extracting frame 73718...
[2024-09-05 15:58:29,521][main][INFO] - Extracting frame 74617...
[2024-09-05 15:58:29,848][main][INFO] - Extracting frame 75516...
[2024-09-05 15:58:30,162][main][INFO] - Extracting frame 76415...
[2024-09-05 15:58:30,457][main][INFO] - Extracting frame 77314...
[2024-09-05 15:58:30,742][main][INFO] - Extracting frame 78213...
[2024-09-05 15:58:31,024][main][INFO] - Extracting frame 79112...
[2024-09-05 15:58:31,302][main][INFO] - Extracting frame 80011...
[2024-09-05 15:58:31,602][main][INFO] - Extracting frame 80910...
[2024-09-05 15:58:31,872][main][INFO] - Extracting frame 81809...
[2024-09-05 15:58:32,152][main][INFO] - Extracting frame 82708...
[2024-09-05 15:58:32,425][main][INFO] - Extracting frame 83607...
[2024-09-05 15:58:32,689][main][INFO] - Extracting frame 84506...
[2024-09-05 15:58:32,953][main][INFO] - Extracting frame 85405...
[2024-09-05 15:58:33,220][main][INFO] - Extracting frame 86304...
[2024-09-05 15:58:33,480][main][INFO] - Extracting frame 87203...
[2024-09-05 15:58:33,745][main][INFO] - Extracting frame 88102...
[2024-09-05 15:58:33,994][main][INFO] - Extracting frame 89001...
[2024-09-05 15:58:34,247][main][INFO] - Extracting frame 89900...
[2024-09-05 15:58:34,485][main][INFO] - Extracting frame 90799...
[2024-09-05 15:58:34,723][main][INFO] - Extracting frame 91698...
[2024-09-05 15:58:34,964][main][INFO] - Extracting frame 92597...
[2024-09-05 15:58:35,198][main][INFO] - Extracting frame 93496...
[2024-09-05 15:58:35,423][main][INFO] - Extracting frame 94395...
[2024-09-05 15:58:35,647][main][INFO] - Extracting frame 95294...
[2024-09-05 15:58:35,862][main][INFO] - Extracting frame 96193...
[2024-09-05 15:58:36,073][main][INFO] - Extracting frame 97092...
[2024-09-05 15:58:36,287][main][INFO] - Extracting frame 97991...
[2024-09-05 15:58:36,513][main][INFO] - Extracting frame 98890...
[2024-09-05 15:58:36,723][main][INFO] - Extracting frame 99789...
[2024-09-05 15:58:36,939][main][INFO] - Extracting frame 100688...
[2024-09-05 15:58:37,139][main][INFO] - Extracting frame 101587...
[2024-09-05 15:58:37,322][main][INFO] - Extracting frame 102486...
[2024-09-05 15:58:37,523][main][INFO] - Extracting frame 103385...
[2024-09-05 15:58:37,708][main][INFO] - Extracting frame 104284...
[2024-09-05 15:58:37,889][main][INFO] - Extracting frame 105183...
[2024-09-05 15:58:38,066][main][INFO] - Extracting frame 106082...
[2024-09-05 15:58:38,252][main][INFO] - Extracting frame 106981...
[2024-09-05 15:58:38,415][main][INFO] - Extracting frame 107880...
[2024-09-05 15:58:38,580][main][INFO] - Extracting frame 108779...
[2024-09-05 15:58:38,739][main][INFO] - Extracting frame 109678...
[2024-09-05 15:58:38,898][main][INFO] - Extracting frame 110577...
[2024-09-05 15:58:39,046][main][INFO] - Extracting frame 111476...
[2024-09-05 15:58:39,192][main][INFO] - Extracting frame 112375...
[2024-09-05 15:58:39,335][main][INFO] - Extracting frame 113274...
[2024-09-05 15:58:39,476][main][INFO] - Extracting frame 114173...
[2024-09-05 15:58:39,613][main][INFO] - Extracting frame 115072...
[2024-09-05 15:58:39,749][main][INFO] - Extracting frame 115971...
[2024-09-05 15:58:39,881][main][INFO] - Extracting frame 116870...
[2024-09-05 15:58:40,010][main][INFO] - Extracting frame 117769...
[2024-09-05 15:58:40,140][main][INFO] - Extracting frame 118668...
[2024-09-05 15:58:40,260][main][INFO] - Extracting frame 119567...
[2024-09-05 15:58:40,376][main][INFO] - Extracting frame 120466...
[2024-09-05 15:58:41,092][main][INFO] - Extracting frame 121365...
[2024-09-05 15:58:41,854][main][INFO] - Extracting frame 122264...
[2024-09-05 15:58:42,538][main][INFO] - Extracting frame 123163...
[2024-09-05 15:58:43,293][main][INFO] - Extracting frame 124062...
[2024-09-05 15:58:43,980][main][INFO] - Extracting frame 124961...
[2024-09-05 15:58:44,705][main][INFO] - Extracting frame 125860...
[2024-09-05 15:58:45,379][main][INFO] - Extracting frame 126759...
[2024-09-05 15:58:46,054][main][INFO] - Extracting frame 127658...
[2024-09-05 15:58:46,757][main][INFO] - Extracting frame 128557...
[2024-09-05 15:58:47,443][main][INFO] - Extracting frame 129456...
[2024-09-05 15:58:48,094][main][INFO] - Extracting frame 130355...
[2024-09-05 15:58:48,728][main][INFO] - Extracting frame 131254...
[2024-09-05 15:58:49,404][main][INFO] - Extracting frame 132153...
[2024-09-05 15:58:50,057][main][INFO] - Extracting frame 133052...
[2024-09-05 15:58:50,685][main][INFO] - Extracting frame 133951...
[2024-09-05 15:58:51,317][main][INFO] - Extracting frame 134850...
[2024-09-05 15:58:51,967][main][INFO] - Extracting frame 135749...
[2024-09-05 15:58:52,594][main][INFO] - Extracting frame 136648...
[2024-09-05 15:58:53,177][main][INFO] - Extracting frame 137547...
[2024-09-05 15:58:53,805][main][INFO] - Extracting frame 138446...
[2024-09-05 15:58:54,412][main][INFO] - Extracting frame 139345...
[2024-09-05 15:58:55,020][main][INFO] - Extracting frame 140244...
[2024-09-05 15:58:55,591][main][INFO] - Extracting frame 141143...
[2024-09-05 15:58:56,176][main][INFO] - All frames extracted.
[2024-09-05 15:58:56,176][main][INFO] - Frame number: 142042
[2024-09-05 15:58:56,177][main][INFO] - Enhance frames...
[2024-09-05 15:58:56,177][main][INFO] - Grouping files in sets...
[2024-09-05 15:58:56,179][main][INFO] - Moving files to staging directory...
[2024-09-05 15:58:56,181][main][INFO] - Keeping every third file and removing the others...
[2024-09-05 15:58:56,202][main][INFO] - Processing file /mnt/geosense/cameras/G5Bullet_31/mp4/File_001_File_001_File_001_File_001_File_001_File_001_File_001_File_001_File_001_G5Bullet_31_F4E2C678CB5A_2024-09-03_2_0.mp4...
[2024-09-05 15:58:56,256][main][INFO] - Frame rate: 29.999947645217325
[2024-09-05 15:58:56,256][main][INFO] - Extracting frames from video '/mnt/geosense/cameras/G5Bullet_31/mp4/File_001_File_001_File_001_File_001_File_001_File_001_File_001_File_001_File_001_G5Bullet_31_F4E2C678CB5A_2024-09-03_2_0.mp4'...
[2024-09-05 15:58:56,921][main][INFO] - All frames extracted.
[2024-09-05 15:58:56,922][main][INFO] - Frame number: 142042
[2024-09-05 15:58:56,922][main][INFO] - Enhance frames...
[2024-09-05 15:58:56,922][main][INFO] - Grouping files in sets...
[2024-09-05 15:58:56,922][main][INFO] - Moving files to staging directory...
[2024-09-05 15:58:56,923][main][INFO] - Keeping every third file and removing the others...
[2024-09-05 15:58:56,923][main][INFO] - Processing file /mnt/geosense/cameras/G5Bullet_31/mp4/File_002_File_002_File_002_File_002_File_002_File_002_File_002_File_002_File_002_G5Bullet_31_F4E2C678CB5A_2024-09-03_3_0.mp4...
[2024-09-05 15:58:56,973][main][INFO] - Frame rate: 29.999777997285555
[2024-09-05 15:58:56,973][main][INFO] - Extracting frames from video '/mnt/geosense/cameras/G5Bullet_31/mp4/File_002_File_002_File_002_File_002_File_002_File_002_File_002_File_002_File_002_G5Bullet_31_F4E2C678CB5A_2024-09-03_3_0.mp4'...
[2024-09-05 15:58:57,637][main][INFO] - All frames extracted.
[2024-09-05 15:58:57,637][main][INFO] - Frame number: 142042
[2024-09-05 15:58:57,638][main][INFO] - Enhance frames...
[2024-09-05 15:58:57,638][main][INFO] - Grouping files in sets...
[2024-09-05 15:58:57,638][main][INFO] - Moving files to staging directory...
[2024-09-05 15:58:57,638][main][INFO] - Keeping every third file and removing the others...
[2024-09-05 15:58:57,639][main][INFO] - Processing file /mnt/geosense/cameras/G5Bullet_31/mp4/File_003_File_003_File_003_File_003_File_003_File_003_File_003_File_003_File_003_G5Bullet_31_F4E2C678CB5A_2024-09-03_4_0.mp4...
[2024-09-05 15:58:57,690][main][INFO] - Frame rate: 29.999909064919912
[2024-09-05 15:58:57,690][main][INFO] - Extracting frames from video '/mnt/geosense/cameras/G5Bullet_31/mp4/File_003_File_003_File_003_File_003_File_003_File_003_File_003_File_003_File_003_G5Bullet_31_F4E2C678CB5A_2024-09-03_4_0.mp4'...
[2024-09-05 15:58:58,339][main][INFO] - All frames extracted.
[2024-09-05 15:58:58,340][main][INFO] - Frame number: 142042
[2024-09-05 15:58:58,340][main][INFO] - Enhance frames...
[2024-09-05 15:58:58,340][main][INFO] - Grouping files in sets...
[2024-09-05 15:58:58,340][main][INFO] - Moving files to staging directory...
[2024-09-05 15:58:58,340][main][INFO] - Keeping every third file and removing the others...
[2024-09-05 15:58:58,341][main][INFO] - Processing file /mnt/geosense/cameras/G5Bullet_31/mp4/File_004_File_004_File_004_File_004_File_004_File_004_File_004_File_004_File_004_G5Bullet_31_F4E2C678CB5A_2024-09-03_5_0.mp4...
[2024-09-05 15:58:58,395][main][INFO] - Frame rate: 29.999849295995155
[2024-09-05 15:58:58,396][main][INFO] - Extracting frames from video '/mnt/geosense/cameras/G5Bullet_31/mp4/File_004_File_004_File_004_File_004_File_004_File_004_File_004_File_004_File_004_G5Bullet_31_F4E2C678CB5A_2024-09-03_5_0.mp4'...
[2024-09-05 15:58:59,062][main][INFO] - All frames extracted.
[2024-09-05 15:58:59,062][main][INFO] - Frame number: 142042
[2024-09-05 15:58:59,062][main][INFO] - Enhance frames...
[2024-09-05 15:58:59,063][main][INFO] - Grouping files in sets...
[2024-09-05 15:58:59,063][main][INFO] - Moving files to staging directory...
[2024-09-05 15:58:59,063][main][INFO] - Keeping every third file and removing the others...
[2024-09-05 15:58:59,064][main][INFO] - Processing file /mnt/geosense/cameras/G5Bullet_31/mp4/File_005_File_005_File_005_File_005_File_005_File_005_File_005_File_005_File_005_G5Bullet_31_F4E2C678CB5A_2024-09-03_6_0.mp4...
[2024-09-05 15:58:59,124][main][INFO] - Frame rate: 29.999805934372976
[2024-09-05 15:58:59,125][main][INFO] - Extracting frames from video '/mnt/geosense/cameras/G5Bullet_31/mp4/File_005_File_005_File_005_File_005_File_005_File_005_File_005_File_005_File_005_G5Bullet_31_F4E2C678CB5A_2024-09-03_6_0.mp4'...
[2024-09-05 15:59:00,041][main][INFO] - All frames extracted.
[2024-09-05 15:59:00,042][main][INFO] - Frame number: 142042
[2024-09-05 15:59:00,042][main][INFO] - Enhance frames...
[2024-09-05 15:59:00,042][main][INFO] - Grouping files in sets...
[2024-09-05 15:59:00,043][main][INFO] - Moving files to staging directory...
[2024-09-05 15:59:00,043][main][INFO] - Keeping every third file and removing the others...
[2024-09-05 15:59:00,043][main][INFO] - Processing file /mnt/geosense/cameras/G5Bullet_31/mp4/File_006_File_006_File_006_File_006_File_006_File_006_File_006_File_006_File_006_G5Bullet_31_F4E2C678CB5A_2024-09-03_7_0.mp4...
[2024-09-05 15:59:00,122][main][INFO] - Frame rate: 29.24225256857395
[2024-09-05 15:59:00,122][main][INFO] - Extracting frames from video '/mnt/geosense/cameras/G5Bullet_31/mp4/File_006_File_006_File_006_File_006_File_006_File_006_File_006_File_006_File_006_G5Bullet_31_F4E2C678CB5A_2024-09-03_7_0.mp4'...
