[2024-09-03 17:22:46,548][main][INFO] - Transfering data...
[2024-09-03 17:22:46,548][main][INFO] - Extract frames...
[2024-09-03 17:22:46,549][main][INFO] - Processing file /mnt/geosense/cameras/G5Bullet_07/mp4/File_000_File_000_File_000_G5Bullet_07_F4E2C678CCA0_1_0.mp4...
[2024-09-03 17:22:46,549][main][INFO] - Grouping files in sets...
[2024-09-03 17:22:46,670][main][INFO] - Removed /mnt/geosense/cameras/G5Bullet_07/frames/hq_frames/frame_000006.jpg
[2024-09-03 17:22:46,671][main][INFO] - Removed /mnt/geosense/cameras/G5Bullet_07/frames/hq_frames/frame_000012.jpg
[2024-09-03 17:22:46,672][main][INFO] - Removed /mnt/geosense/cameras/G5Bullet_07/frames/hq_frames/frame_000026.jpg
[2024-09-03 17:22:46,672][main][INFO] - Removed /mnt/geosense/cameras/G5Bullet_07/frames/hq_frames/frame_000034.jpg
[2024-09-03 17:22:46,673][main][INFO] - Removed /mnt/geosense/cameras/G5Bullet_07/frames/hq_frames/frame_000045.jpg
[2024-09-03 17:22:46,673][main][INFO] - Removed /mnt/geosense/cameras/G5Bullet_07/frames/hq_frames/frame_000051.jpg
[2024-09-03 17:22:46,673][main][INFO] - Removed /mnt/geosense/cameras/G5Bullet_07/frames/hq_frames/frame_000066.jpg
[2024-09-03 17:22:46,674][main][INFO] - Removed /mnt/geosense/cameras/G5Bullet_07/frames/hq_frames/frame_000067.jpg
[2024-09-03 17:22:46,675][main][INFO] - Removed /mnt/geosense/cameras/G5Bullet_07/frames/hq_frames/frame_000082.jpg
[2024-09-03 17:22:46,675][main][INFO] - Removed /mnt/geosense/cameras/G5Bullet_07/frames/hq_frames/frame_000087.jpg
[2024-09-03 17:22:46,675][main][INFO] - Removed /mnt/geosense/cameras/G5Bullet_07/frames/hq_frames/frame_000098.jpg
[2024-09-03 17:22:46,676][main][INFO] - Removed /mnt/geosense/cameras/G5Bullet_07/frames/hq_frames/frame_000107.jpg
[2024-09-03 17:22:46,676][main][INFO] - Removed /mnt/geosense/cameras/G5Bullet_07/frames/hq_frames/frame_000118.jpg
[2024-09-03 17:22:46,677][main][INFO] - Removed /mnt/geosense/cameras/G5Bullet_07/frames/hq_frames/frame_000123.jpg
[2024-09-03 17:22:46,677][main][INFO] - Removed /mnt/geosense/cameras/G5Bullet_07/frames/hq_frames/frame_000139.jpg
[2024-09-03 17:22:46,678][main][INFO] - Removed /mnt/geosense/cameras/G5Bullet_07/frames/hq_frames/frame_000140.jpg
[2024-09-03 17:22:46,678][main][INFO] - Removed /mnt/geosense/cameras/G5Bullet_07/frames/hq_frames/frame_000155.jpg
[2024-09-03 17:22:46,679][main][INFO] - Removed /mnt/geosense/cameras/G5Bullet_07/frames/hq_frames/frame_000161.jpg
[2024-09-03 17:22:46,679][main][INFO] - Removed /mnt/geosense/cameras/G5Bullet_07/frames/hq_frames/frame_000172.jpg
[2024-09-03 17:22:46,680][main][INFO] - Removed /mnt/geosense/cameras/G5Bullet_07/frames/hq_frames/frame_000180.jpg
[2024-09-03 17:22:46,680][main][INFO] - Removed /mnt/geosense/cameras/G5Bullet_07/frames/hq_frames/frame_000191.jpg
[2024-09-03 17:22:46,680][main][INFO] - Removed /mnt/geosense/cameras/G5Bullet_07/frames/hq_frames/frame_000200.jpg
[2024-09-03 17:22:46,681][main][INFO] - Removed /mnt/geosense/cameras/G5Bullet_07/frames/hq_frames/frame_000212.jpg
[2024-09-03 17:22:46,681][main][INFO] - Removed /mnt/geosense/cameras/G5Bullet_07/frames/hq_frames/frame_000219.jpg
[2024-09-03 17:22:46,681][main][INFO] - Removed /mnt/geosense/cameras/G5Bullet_07/frames/hq_frames/frame_000230.jpg
[2024-09-03 17:22:46,682][main][INFO] - Removed /mnt/geosense/cameras/G5Bullet_07/frames/hq_frames/frame_000234.jpg
[2024-09-03 17:22:46,682][main][INFO] - Removed /mnt/geosense/cameras/G5Bullet_07/frames/hq_frames/frame_000244.jpg
[2024-09-03 17:22:46,682][main][INFO] - Removed /mnt/geosense/cameras/G5Bullet_07/frames/hq_frames/frame_000252.jpg
[2024-09-03 17:22:46,683][main][INFO] - Removed /mnt/geosense/cameras/G5Bullet_07/frames/hq_frames/frame_000262.jpg
[2024-09-03 17:22:46,683][main][INFO] - Removed /mnt/geosense/cameras/G5Bullet_07/frames/hq_frames/frame_000269.jpg
[2024-09-03 17:22:46,683][main][INFO] - Removed /mnt/geosense/cameras/G5Bullet_07/frames/hq_frames/frame_000282.jpg
[2024-09-03 17:22:46,684][main][INFO] - Removed /mnt/geosense/cameras/G5Bullet_07/frames/hq_frames/frame_000289.jpg
[2024-09-03 17:22:46,684][main][INFO] - Removed /mnt/geosense/cameras/G5Bullet_07/frames/hq_frames/frame_000301.jpg
[2024-09-03 17:22:46,684][main][INFO] - Removed /mnt/geosense/cameras/G5Bullet_07/frames/hq_frames/frame_000304.jpg
[2024-09-03 17:22:46,685][main][INFO] - Removed /mnt/geosense/cameras/G5Bullet_07/frames/hq_frames/frame_000318.jpg
[2024-09-03 17:22:46,685][main][INFO] - Removed /mnt/geosense/cameras/G5Bullet_07/frames/hq_frames/frame_000324.jpg
[2024-09-03 17:22:46,685][main][INFO] - Removed /mnt/geosense/cameras/G5Bullet_07/frames/hq_frames/frame_000340.jpg
[2024-09-03 17:22:46,685][main][INFO] - Removed /mnt/geosense/cameras/G5Bullet_07/frames/hq_frames/frame_000341.jpg
[2024-09-03 17:22:46,686][main][INFO] - Removed /mnt/geosense/cameras/G5Bullet_07/frames/hq_frames/frame_000353.jpg
[2024-09-03 17:22:46,686][main][INFO] - Removed /mnt/geosense/cameras/G5Bullet_07/frames/hq_frames/frame_000364.jpg
[2024-09-03 17:22:46,687][main][INFO] - Removed /mnt/geosense/cameras/G5Bullet_07/frames/hq_frames/frame_000376.jpg
[2024-09-03 17:22:46,687][main][INFO] - Removed /mnt/geosense/cameras/G5Bullet_07/frames/hq_frames/frame_000381.jpg
[2024-09-03 17:22:46,687][main][INFO] - Removed /mnt/geosense/cameras/G5Bullet_07/frames/hq_frames/frame_000393.jpg
[2024-09-03 17:22:46,688][main][INFO] - Removed /mnt/geosense/cameras/G5Bullet_07/frames/hq_frames/frame_000401.jpg
[2024-09-03 17:22:46,688][main][INFO] - Removed /mnt/geosense/cameras/G5Bullet_07/frames/hq_frames/frame_000412.jpg
[2024-09-03 17:22:46,688][main][INFO] - Removed /mnt/geosense/cameras/G5Bullet_07/frames/hq_frames/frame_000417.jpg
[2024-09-03 17:22:46,689][main][INFO] - Removed /mnt/geosense/cameras/G5Bullet_07/frames/hq_frames/frame_000433.jpg
[2024-09-03 17:22:46,690][main][INFO] - Removed /mnt/geosense/cameras/G5Bullet_07/frames/hq_frames/frame_000434.jpg
[2024-09-03 17:22:46,690][main][INFO] - Removed /mnt/geosense/cameras/G5Bullet_07/frames/hq_frames/frame_000446.jpg
[2024-09-03 17:22:46,690][main][INFO] - Removed /mnt/geosense/cameras/G5Bullet_07/frames/hq_frames/frame_000457.jpg
[2024-09-03 17:22:46,691][main][INFO] - Removed /mnt/geosense/cameras/G5Bullet_07/frames/hq_frames/frame_000468.jpg
[2024-09-03 17:22:46,691][main][INFO] - Removed /mnt/geosense/cameras/G5Bullet_07/frames/hq_frames/frame_000474.jpg
[2024-09-03 17:22:46,691][main][INFO] - Removed /mnt/geosense/cameras/G5Bullet_07/frames/hq_frames/frame_000487.jpg
[2024-09-03 17:22:46,691][main][INFO] - Removed /mnt/geosense/cameras/G5Bullet_07/frames/hq_frames/frame_000489.jpg
[2024-09-03 17:22:46,691][main][INFO] - Removed /mnt/geosense/cameras/G5Bullet_07/frames/hq_frames/frame_000506.jpg
[2024-09-03 17:22:46,691][main][INFO] - Removed /mnt/geosense/cameras/G5Bullet_07/frames/hq_frames/frame_000511.jpg
[2024-09-03 17:22:46,692][main][INFO] - Removed /mnt/geosense/cameras/G5Bullet_07/frames/hq_frames/frame_000526.jpg
[2024-09-03 17:22:46,692][main][INFO] - Removed /mnt/geosense/cameras/G5Bullet_07/frames/hq_frames/frame_000532.jpg
[2024-09-03 17:22:46,692][main][INFO] - Removed /mnt/geosense/cameras/G5Bullet_07/frames/hq_frames/frame_000545.jpg
[2024-09-03 17:22:46,692][main][INFO] - Removed /mnt/geosense/cameras/G5Bullet_07/frames/hq_frames/frame_000546.jpg
[2024-09-03 17:22:46,692][main][INFO] - Removed /mnt/geosense/cameras/G5Bullet_07/frames/hq_frames/frame_000559.jpg
[2024-09-03 17:22:46,692][main][INFO] - Removed /mnt/geosense/cameras/G5Bullet_07/frames/hq_frames/frame_000567.jpg
[2024-09-03 17:22:46,693][main][INFO] - Removed /mnt/geosense/cameras/G5Bullet_07/frames/hq_frames/frame_000579.jpg
[2024-09-03 17:22:46,693][main][INFO] - Removed /mnt/geosense/cameras/G5Bullet_07/frames/hq_frames/frame_000585.jpg
[2024-09-03 17:22:46,693][main][INFO] - Removed /mnt/geosense/cameras/G5Bullet_07/frames/hq_frames/frame_000599.jpg
[2024-09-03 17:22:46,693][main][INFO] - Removed /mnt/geosense/cameras/G5Bullet_07/frames/hq_frames/frame_000602.jpg
[2024-09-03 17:22:46,694][main][INFO] - Removed /mnt/geosense/cameras/G5Bullet_07/frames/hq_frames/frame_000614.jpg
[2024-09-03 17:22:46,694][main][INFO] - Removed /mnt/geosense/cameras/G5Bullet_07/frames/hq_frames/frame_000622.jpg
[2024-09-03 17:22:46,694][main][INFO] - Removed /mnt/geosense/cameras/G5Bullet_07/frames/hq_frames/frame_000636.jpg
[2024-09-03 17:22:46,694][main][INFO] - Removed /mnt/geosense/cameras/G5Bullet_07/frames/hq_frames/frame_000641.jpg
[2024-09-03 17:22:46,695][main][INFO] - Removed /mnt/geosense/cameras/G5Bullet_07/frames/hq_frames/frame_000655.jpg
[2024-09-03 17:22:46,695][main][INFO] - Removed /mnt/geosense/cameras/G5Bullet_07/frames/hq_frames/frame_000661.jpg
[2024-09-03 17:22:46,696][main][INFO] - Removed /mnt/geosense/cameras/G5Bullet_07/frames/hq_frames/frame_000668.jpg
[2024-09-03 17:22:46,696][main][INFO] - Removed /mnt/geosense/cameras/G5Bullet_07/frames/hq_frames/frame_000674.jpg
[2024-09-03 17:22:46,696][main][INFO] - Removed /mnt/geosense/cameras/G5Bullet_07/frames/hq_frames/frame_000690.jpg
[2024-09-03 17:22:46,696][main][INFO] - Removed /mnt/geosense/cameras/G5Bullet_07/frames/hq_frames/frame_000694.jpg
[2024-09-03 17:22:46,696][main][INFO] - Removed /mnt/geosense/cameras/G5Bullet_07/frames/hq_frames/frame_000705.jpg
[2024-09-03 17:22:46,698][main][INFO] - Removed /mnt/geosense/cameras/G5Bullet_07/frames/hq_frames/frame_000714.jpg
[2024-09-03 17:22:46,698][main][INFO] - Removed /mnt/geosense/cameras/G5Bullet_07/frames/hq_frames/frame_000723.jpg
[2024-09-03 17:22:46,698][main][INFO] - Removed /mnt/geosense/cameras/G5Bullet_07/frames/hq_frames/frame_000728.jpg
[2024-09-03 17:22:46,698][main][INFO] - Removed /mnt/geosense/cameras/G5Bullet_07/frames/hq_frames/frame_000741.jpg
[2024-09-03 17:22:46,698][main][INFO] - Removed /mnt/geosense/cameras/G5Bullet_07/frames/hq_frames/frame_000748.jpg
[2024-09-03 17:22:46,699][main][INFO] - Removed /mnt/geosense/cameras/G5Bullet_07/frames/hq_frames/frame_000761.jpg
[2024-09-03 17:22:46,699][main][INFO] - Removed /mnt/geosense/cameras/G5Bullet_07/frames/hq_frames/frame_000767.jpg
[2024-09-03 17:22:46,700][main][INFO] - Removed /mnt/geosense/cameras/G5Bullet_07/frames/hq_frames/frame_000777.jpg
[2024-09-03 17:22:46,700][main][INFO] - Removed /mnt/geosense/cameras/G5Bullet_07/frames/hq_frames/frame_000783.jpg
[2024-09-03 17:22:46,700][main][INFO] - Removed /mnt/geosense/cameras/G5Bullet_07/frames/hq_frames/frame_000799.jpg
[2024-09-03 17:22:46,700][main][INFO] - Removed /mnt/geosense/cameras/G5Bullet_07/frames/hq_frames/frame_000805.jpg
[2024-09-03 17:22:46,700][main][INFO] - Removed /mnt/geosense/cameras/G5Bullet_07/frames/hq_frames/frame_000814.jpg
[2024-09-03 17:22:46,701][main][INFO] - Removed /mnt/geosense/cameras/G5Bullet_07/frames/hq_frames/frame_000824.jpg
[2024-09-03 17:22:46,701][main][INFO] - Removed /mnt/geosense/cameras/G5Bullet_07/frames/hq_frames/frame_000831.jpg
[2024-09-03 17:22:46,701][main][INFO] - Removed /mnt/geosense/cameras/G5Bullet_07/frames/hq_frames/frame_000838.jpg
[2024-09-03 17:22:46,702][main][INFO] - Removed /mnt/geosense/cameras/G5Bullet_07/frames/hq_frames/frame_000852.jpg
[2024-09-03 17:22:46,702][main][INFO] - Removed /mnt/geosense/cameras/G5Bullet_07/frames/hq_frames/frame_000860.jpg
[2024-09-03 17:22:46,702][main][INFO] - Removed /mnt/geosense/cameras/G5Bullet_07/frames/hq_frames/frame_000870.jpg
[2024-09-03 17:22:46,702][main][INFO] - Removed /mnt/geosense/cameras/G5Bullet_07/frames/hq_frames/frame_000878.jpg
[2024-09-03 17:22:46,702][main][INFO] - Removed /mnt/geosense/cameras/G5Bullet_07/frames/hq_frames/frame_000888.jpg
[2024-09-03 17:22:46,702][main][INFO] - Removed /mnt/geosense/cameras/G5Bullet_07/frames/hq_frames/frame_000900.jpg
[2024-09-03 17:22:46,703][main][INFO] - Removed /mnt/geosense/cameras/G5Bullet_07/frames/hq_frames/frame_000911.jpg
[2024-09-03 17:22:46,703][main][INFO] - Removed /mnt/geosense/cameras/G5Bullet_07/frames/hq_frames/frame_000918.jpg
[2024-09-03 17:22:46,704][main][INFO] - Removed /mnt/geosense/cameras/G5Bullet_07/frames/hq_frames/frame_000928.jpg
[2024-09-03 17:22:46,704][main][INFO] - Removed /mnt/geosense/cameras/G5Bullet_07/frames/hq_frames/frame_000935.jpg
[2024-09-03 17:22:46,705][main][INFO] - Removed /mnt/geosense/cameras/G5Bullet_07/frames/hq_frames/frame_000945.jpg
[2024-09-03 17:22:46,705][main][INFO] - Removed /mnt/geosense/cameras/G5Bullet_07/frames/hq_frames/frame_000952.jpg
[2024-09-03 17:22:46,705][main][INFO] - Removed /mnt/geosense/cameras/G5Bullet_07/frames/hq_frames/frame_000961.jpg
[2024-09-03 17:22:46,706][main][INFO] - Removed /mnt/geosense/cameras/G5Bullet_07/frames/hq_frames/frame_000971.jpg
[2024-09-03 17:22:46,706][main][INFO] - Removed /mnt/geosense/cameras/G5Bullet_07/frames/hq_frames/frame_000983.jpg
[2024-09-03 17:22:46,706][main][INFO] - Removed /mnt/geosense/cameras/G5Bullet_07/frames/hq_frames/frame_000985.jpg
[2024-09-03 17:22:46,706][main][INFO] - Removed /mnt/geosense/cameras/G5Bullet_07/frames/hq_frames/frame_001003.jpg
[2024-09-03 17:22:46,707][main][INFO] - Removed /mnt/geosense/cameras/G5Bullet_07/frames/hq_frames/frame_001004.jpg
[2024-09-03 17:22:46,707][main][INFO] - Removed /mnt/geosense/cameras/G5Bullet_07/frames/hq_frames/frame_001017.jpg
[2024-09-03 17:22:46,707][main][INFO] - Removed /mnt/geosense/cameras/G5Bullet_07/frames/hq_frames/frame_001025.jpg
[2024-09-03 17:22:46,708][main][INFO] - Removed /mnt/geosense/cameras/G5Bullet_07/frames/hq_frames/frame_001037.jpg
[2024-09-03 17:22:46,708][main][INFO] - Removed /mnt/geosense/cameras/G5Bullet_07/frames/hq_frames/frame_001041.jpg
[2024-09-03 17:22:46,708][main][INFO] - Removed /mnt/geosense/cameras/G5Bullet_07/frames/hq_frames/frame_001058.jpg
[2024-09-03 17:22:46,709][main][INFO] - Removed /mnt/geosense/cameras/G5Bullet_07/frames/hq_frames/frame_001063.jpg
[2024-09-03 17:22:46,709][main][INFO] - Removed /mnt/geosense/cameras/G5Bullet_07/frames/hq_frames/frame_001071.jpg
[2024-09-03 17:22:46,709][main][INFO] - Removed /mnt/geosense/cameras/G5Bullet_07/frames/hq_frames/frame_001078.jpg
[2024-09-03 17:22:46,709][main][INFO] - Removed /mnt/geosense/cameras/G5Bullet_07/frames/hq_frames/frame_001090.jpg
[2024-09-03 17:22:46,710][main][INFO] - Removed /mnt/geosense/cameras/G5Bullet_07/frames/hq_frames/frame_001095.jpg
[2024-09-03 17:22:46,710][main][INFO] - Removed /mnt/geosense/cameras/G5Bullet_07/frames/hq_frames/frame_001107.jpg
[2024-09-03 17:22:46,710][main][INFO] - Removed /mnt/geosense/cameras/G5Bullet_07/frames/hq_frames/frame_001118.jpg
[2024-09-03 17:22:46,710][main][INFO] - Removed /mnt/geosense/cameras/G5Bullet_07/frames/hq_frames/frame_001130.jpg
[2024-09-03 17:22:46,710][main][INFO] - Removed /mnt/geosense/cameras/G5Bullet_07/frames/hq_frames/frame_001136.jpg
[2024-09-03 17:22:46,710][main][INFO] - Removed /mnt/geosense/cameras/G5Bullet_07/frames/hq_frames/frame_001143.jpg
[2024-09-03 17:22:46,710][main][INFO] - Removed /mnt/geosense/cameras/G5Bullet_07/frames/hq_frames/frame_001155.jpg
[2024-09-03 17:22:46,711][main][INFO] - Removed /mnt/geosense/cameras/G5Bullet_07/frames/hq_frames/frame_001164.jpg
[2024-09-03 17:22:46,711][main][INFO] - Removed /mnt/geosense/cameras/G5Bullet_07/frames/hq_frames/frame_001173.jpg
[2024-09-03 17:22:46,711][main][INFO] - Removed /mnt/geosense/cameras/G5Bullet_07/frames/hq_frames/frame_001181.jpg
[2024-09-03 17:22:46,711][main][INFO] - Removed /mnt/geosense/cameras/G5Bullet_07/frames/hq_frames/frame_001191.jpg
[2024-09-03 17:22:46,711][main][INFO] - Removed /mnt/geosense/cameras/G5Bullet_07/frames/hq_frames/frame_001203.jpg
[2024-09-03 17:22:46,711][main][INFO] - Removed /mnt/geosense/cameras/G5Bullet_07/frames/hq_frames/frame_001209.jpg
[2024-09-03 17:22:46,711][main][INFO] - Removed /mnt/geosense/cameras/G5Bullet_07/frames/hq_frames/frame_001218.jpg
[2024-09-03 17:22:46,711][main][INFO] - Removed /mnt/geosense/cameras/G5Bullet_07/frames/hq_frames/frame_001228.jpg
[2024-09-03 17:22:46,711][main][INFO] - Removed /mnt/geosense/cameras/G5Bullet_07/frames/hq_frames/frame_001241.jpg
[2024-09-03 17:22:46,713][main][INFO] - Removed /mnt/geosense/cameras/G5Bullet_07/frames/hq_frames/frame_001247.jpg
[2024-09-03 17:22:46,713][main][INFO] - Removed /mnt/geosense/cameras/G5Bullet_07/frames/hq_frames/frame_001258.jpg
[2024-09-03 17:22:46,713][main][INFO] - Removed /mnt/geosense/cameras/G5Bullet_07/frames/hq_frames/frame_001261.jpg
[2024-09-03 17:22:46,714][main][INFO] - Removed /mnt/geosense/cameras/G5Bullet_07/frames/hq_frames/frame_001278.jpg
[2024-09-03 17:22:46,714][main][INFO] - Removed /mnt/geosense/cameras/G5Bullet_07/frames/hq_frames/frame_001280.jpg
[2024-09-03 17:22:46,714][main][INFO] - Removed /mnt/geosense/cameras/G5Bullet_07/frames/hq_frames/frame_001297.jpg
[2024-09-03 17:22:46,714][main][INFO] - Removed /mnt/geosense/cameras/G5Bullet_07/frames/hq_frames/frame_001298.jpg
[2024-09-03 17:22:46,714][main][INFO] - Removed /mnt/geosense/cameras/G5Bullet_07/frames/hq_frames/frame_001313.jpg
[2024-09-03 17:22:46,714][main][INFO] - Removed /mnt/geosense/cameras/G5Bullet_07/frames/hq_frames/frame_001318.jpg
[2024-09-03 17:22:46,715][main][INFO] - Removed /mnt/geosense/cameras/G5Bullet_07/frames/hq_frames/frame_001334.jpg
[2024-09-03 17:22:46,716][main][INFO] - Removed /mnt/geosense/cameras/G5Bullet_07/frames/hq_frames/frame_001337.jpg
[2024-09-03 17:22:46,716][main][INFO] - Removed /mnt/geosense/cameras/G5Bullet_07/frames/hq_frames/frame_001348.jpg
[2024-09-03 17:22:46,716][main][INFO] - Removed /mnt/geosense/cameras/G5Bullet_07/frames/hq_frames/frame_001353.jpg
[2024-09-03 17:22:46,716][main][INFO] - Removed /mnt/geosense/cameras/G5Bullet_07/frames/hq_frames/frame_001370.jpg
[2024-09-03 17:22:46,716][main][INFO] - Removed /mnt/geosense/cameras/G5Bullet_07/frames/hq_frames/frame_001374.jpg
[2024-09-03 17:22:46,716][main][INFO] - Removed /mnt/geosense/cameras/G5Bullet_07/frames/hq_frames/frame_001385.jpg
[2024-09-03 17:22:46,716][main][INFO] - Removed /mnt/geosense/cameras/G5Bullet_07/frames/hq_frames/frame_001391.jpg
[2024-09-03 17:22:46,716][main][INFO] - Removed /mnt/geosense/cameras/G5Bullet_07/frames/hq_frames/frame_001405.jpg
[2024-09-03 17:22:46,716][main][INFO] - Removed /mnt/geosense/cameras/G5Bullet_07/frames/hq_frames/frame_001411.jpg
[2024-09-03 17:22:46,717][main][INFO] - Removed /mnt/geosense/cameras/G5Bullet_07/frames/hq_frames/frame_001425.jpg
[2024-09-03 17:22:46,717][main][INFO] - Removed /mnt/geosense/cameras/G5Bullet_07/frames/hq_frames/frame_001432.jpg
[2024-09-03 17:22:46,718][main][INFO] - Removed /mnt/geosense/cameras/G5Bullet_07/frames/hq_frames/frame_001444.jpg
[2024-09-03 17:22:46,718][main][INFO] - Removed /mnt/geosense/cameras/G5Bullet_07/frames/hq_frames/frame_001449.jpg
[2024-09-03 17:22:46,718][main][INFO] - Removed /mnt/geosense/cameras/G5Bullet_07/frames/hq_frames/frame_001460.jpg
[2024-09-03 17:22:46,719][main][INFO] - Removed /mnt/geosense/cameras/G5Bullet_07/frames/hq_frames/frame_001465.jpg
[2024-09-03 17:22:46,719][main][INFO] - Removed /mnt/geosense/cameras/G5Bullet_07/frames/hq_frames/frame_001481.jpg
[2024-09-03 17:22:46,719][main][INFO] - Removed /mnt/geosense/cameras/G5Bullet_07/frames/hq_frames/frame_001483.jpg
[2024-09-03 17:22:46,719][main][INFO] - Removed /mnt/geosense/cameras/G5Bullet_07/frames/hq_frames/frame_001498.jpg
[2024-09-03 17:22:46,719][main][INFO] - Removed /mnt/geosense/cameras/G5Bullet_07/frames/hq_frames/frame_001502.jpg
[2024-09-03 17:22:46,720][main][INFO] - Removed /mnt/geosense/cameras/G5Bullet_07/frames/hq_frames/frame_001516.jpg
[2024-09-03 17:22:46,720][main][INFO] - Removed /mnt/geosense/cameras/G5Bullet_07/frames/hq_frames/frame_001521.jpg
[2024-09-03 17:22:46,720][main][INFO] - Removed /mnt/geosense/cameras/G5Bullet_07/frames/hq_frames/frame_001535.jpg
[2024-09-03 17:22:46,720][main][INFO] - Removed /mnt/geosense/cameras/G5Bullet_07/frames/hq_frames/frame_001537.jpg
[2024-09-03 17:22:46,721][main][INFO] - Removed /mnt/geosense/cameras/G5Bullet_07/frames/hq_frames/frame_001549.jpg
[2024-09-03 17:22:46,721][main][INFO] - Removed /mnt/geosense/cameras/G5Bullet_07/frames/hq_frames/frame_001558.jpg
[2024-09-03 17:22:46,721][main][INFO] - Removed /mnt/geosense/cameras/G5Bullet_07/frames/hq_frames/frame_001568.jpg
[2024-09-03 17:22:46,721][main][INFO] - Removed /mnt/geosense/cameras/G5Bullet_07/frames/hq_frames/frame_001577.jpg
[2024-09-03 17:22:46,721][main][INFO] - Removed /mnt/geosense/cameras/G5Bullet_07/frames/hq_frames/frame_001591.jpg
[2024-09-03 17:22:46,722][main][INFO] - Removed /mnt/geosense/cameras/G5Bullet_07/frames/hq_frames/frame_001594.jpg
[2024-09-03 17:22:46,722][main][INFO] - Removed /mnt/geosense/cameras/G5Bullet_07/frames/hq_frames/frame_001609.jpg
[2024-09-03 17:22:46,722][main][INFO] - Removed /mnt/geosense/cameras/G5Bullet_07/frames/hq_frames/frame_001612.jpg
[2024-09-03 17:22:46,722][main][INFO] - Removed /mnt/geosense/cameras/G5Bullet_07/frames/hq_frames/frame_001623.jpg
[2024-09-03 17:22:46,722][main][INFO] - Removed /mnt/geosense/cameras/G5Bullet_07/frames/hq_frames/frame_001628.jpg
[2024-09-03 17:22:46,722][main][INFO] - Removed /mnt/geosense/cameras/G5Bullet_07/frames/hq_frames/frame_001643.jpg
[2024-09-03 17:22:46,723][main][INFO] - Removed /mnt/geosense/cameras/G5Bullet_07/frames/hq_frames/frame_001652.jpg
[2024-09-03 17:22:46,723][main][INFO] - Removed /mnt/geosense/cameras/G5Bullet_07/frames/hq_frames/frame_001665.jpg
[2024-09-03 17:22:46,723][main][INFO] - Removed /mnt/geosense/cameras/G5Bullet_07/frames/hq_frames/frame_001669.jpg
[2024-09-03 17:22:46,723][main][INFO] - Removed /mnt/geosense/cameras/G5Bullet_07/frames/hq_frames/frame_001679.jpg
[2024-09-03 17:22:46,723][main][INFO] - Removed /mnt/geosense/cameras/G5Bullet_07/frames/hq_frames/frame_001689.jpg
[2024-09-03 17:22:46,723][main][INFO] - Removed /mnt/geosense/cameras/G5Bullet_07/frames/hq_frames/frame_001699.jpg
[2024-09-03 17:22:46,724][main][INFO] - Removed /mnt/geosense/cameras/G5Bullet_07/frames/hq_frames/frame_001704.jpg
[2024-09-03 17:22:46,724][main][INFO] - Removed /mnt/geosense/cameras/G5Bullet_07/frames/hq_frames/frame_001717.jpg
[2024-09-03 17:22:46,724][main][INFO] - Removed /mnt/geosense/cameras/G5Bullet_07/frames/hq_frames/frame_001720.jpg
[2024-09-03 17:22:46,724][main][INFO] - Removed /mnt/geosense/cameras/G5Bullet_07/frames/hq_frames/frame_001735.jpg
[2024-09-03 17:22:46,724][main][INFO] - Removed /mnt/geosense/cameras/G5Bullet_07/frames/hq_frames/frame_001742.jpg
[2024-09-03 17:22:46,725][main][INFO] - Removed /mnt/geosense/cameras/G5Bullet_07/frames/hq_frames/frame_001754.jpg
[2024-09-03 17:22:46,725][main][INFO] - Removed /mnt/geosense/cameras/G5Bullet_07/frames/hq_frames/frame_001761.jpg
[2024-09-03 17:22:46,725][main][INFO] - Removed /mnt/geosense/cameras/G5Bullet_07/frames/hq_frames/frame_001772.jpg
[2024-09-03 17:22:46,725][main][INFO] - Removed /mnt/geosense/cameras/G5Bullet_07/frames/hq_frames/frame_001779.jpg
[2024-09-03 17:22:46,725][main][INFO] - Removed /mnt/geosense/cameras/G5Bullet_07/frames/hq_frames/frame_001792.jpg
[2024-09-03 17:22:46,726][main][INFO] - Removed /mnt/geosense/cameras/G5Bullet_07/frames/hq_frames/frame_001793.jpg
[2024-09-03 17:22:46,726][main][INFO] - Removed /mnt/geosense/cameras/G5Bullet_07/frames/hq_frames/frame_001808.jpg
[2024-09-03 17:22:46,726][main][INFO] - Removed /mnt/geosense/cameras/G5Bullet_07/frames/hq_frames/frame_001814.jpg
[2024-09-03 17:22:46,727][main][INFO] - Removed /mnt/geosense/cameras/G5Bullet_07/frames/hq_frames/frame_001824.jpg
[2024-09-03 17:22:46,727][main][INFO] - Removed /mnt/geosense/cameras/G5Bullet_07/frames/hq_frames/frame_001835.jpg
[2024-09-03 17:22:46,727][main][INFO] - Removed /mnt/geosense/cameras/G5Bullet_07/frames/hq_frames/frame_001844.jpg
[2024-09-03 17:22:46,728][main][INFO] - Removed /mnt/geosense/cameras/G5Bullet_07/frames/hq_frames/frame_001848.jpg
[2024-09-03 17:22:46,728][main][INFO] - Removed /mnt/geosense/cameras/G5Bullet_07/frames/hq_frames/frame_001863.jpg
[2024-09-03 17:22:46,728][main][INFO] - Removed /mnt/geosense/cameras/G5Bullet_07/frames/hq_frames/frame_001871.jpg
[2024-09-03 17:22:46,728][main][INFO] - Removed /mnt/geosense/cameras/G5Bullet_07/frames/hq_frames/frame_001878.jpg
[2024-09-03 17:22:46,729][main][INFO] - Removed /mnt/geosense/cameras/G5Bullet_07/frames/hq_frames/frame_001889.jpg
[2024-09-03 17:22:46,730][main][INFO] - Removed /mnt/geosense/cameras/G5Bullet_07/frames/hq_frames/frame_001898.jpg
[2024-09-03 17:22:46,730][main][INFO] - Removed /mnt/geosense/cameras/G5Bullet_07/frames/hq_frames/frame_001904.jpg
[2024-09-03 17:22:46,730][main][INFO] - Removed /mnt/geosense/cameras/G5Bullet_07/frames/hq_frames/frame_001914.jpg
[2024-09-03 17:22:46,730][main][INFO] - Removed /mnt/geosense/cameras/G5Bullet_07/frames/hq_frames/frame_001924.jpg
[2024-09-03 17:22:46,730][main][INFO] - Removed /mnt/geosense/cameras/G5Bullet_07/frames/hq_frames/frame_001935.jpg
[2024-09-03 17:22:46,731][main][INFO] - Removed /mnt/geosense/cameras/G5Bullet_07/frames/hq_frames/frame_001940.jpg
[2024-09-03 17:22:46,731][main][INFO] - Removed /mnt/geosense/cameras/G5Bullet_07/frames/hq_frames/frame_001950.jpg
[2024-09-03 17:22:46,731][main][INFO] - Removed /mnt/geosense/cameras/G5Bullet_07/frames/hq_frames/frame_001959.jpg
[2024-09-03 17:22:46,731][main][INFO] - Removed /mnt/geosense/cameras/G5Bullet_07/frames/hq_frames/frame_001970.jpg
[2024-09-03 17:22:46,731][main][INFO] - Removed /mnt/geosense/cameras/G5Bullet_07/frames/hq_frames/frame_001975.jpg
[2024-09-03 17:22:46,732][main][INFO] - Removed /mnt/geosense/cameras/G5Bullet_07/frames/hq_frames/frame_001989.jpg
[2024-09-03 17:22:46,732][main][INFO] - Removed /mnt/geosense/cameras/G5Bullet_07/frames/hq_frames/frame_001998.jpg
[2024-09-03 17:22:46,733][main][INFO] - Removed /mnt/geosense/cameras/G5Bullet_07/frames/hq_frames/frame_002011.jpg
[2024-09-03 17:22:46,733][main][INFO] - Removed /mnt/geosense/cameras/G5Bullet_07/frames/hq_frames/frame_002015.jpg
[2024-09-03 17:22:46,733][main][INFO] - Removed /mnt/geosense/cameras/G5Bullet_07/frames/hq_frames/frame_002024.jpg
[2024-09-03 17:22:46,734][main][INFO] - Removed /mnt/geosense/cameras/G5Bullet_07/frames/hq_frames/frame_002034.jpg
[2024-09-03 17:22:46,734][main][INFO] - Removed /mnt/geosense/cameras/G5Bullet_07/frames/hq_frames/frame_002046.jpg
[2024-09-03 17:22:46,735][main][INFO] - Removed /mnt/geosense/cameras/G5Bullet_07/frames/hq_frames/frame_002048.jpg
[2024-09-03 17:22:46,735][main][INFO] - Removed /mnt/geosense/cameras/G5Bullet_07/frames/hq_frames/frame_002062.jpg
[2024-09-03 17:22:46,735][main][INFO] - Removed /mnt/geosense/cameras/G5Bullet_07/frames/hq_frames/frame_002072.jpg
[2024-09-03 17:22:46,735][main][INFO] - Removed /mnt/geosense/cameras/G5Bullet_07/frames/hq_frames/frame_002082.jpg
[2024-09-03 17:22:46,735][main][INFO] - Removed /mnt/geosense/cameras/G5Bullet_07/frames/hq_frames/frame_002088.jpg
[2024-09-03 17:22:46,735][main][INFO] - Removed /mnt/geosense/cameras/G5Bullet_07/frames/hq_frames/frame_002100.jpg
[2024-09-03 17:22:46,736][main][INFO] - Removed /mnt/geosense/cameras/G5Bullet_07/frames/hq_frames/frame_002106.jpg
[2024-09-03 17:22:46,736][main][INFO] - Removed /mnt/geosense/cameras/G5Bullet_07/frames/hq_frames/frame_002118.jpg
[2024-09-03 17:22:46,736][main][INFO] - Removed /mnt/geosense/cameras/G5Bullet_07/frames/hq_frames/frame_002125.jpg
[2024-09-03 17:22:46,736][main][INFO] - Removed /mnt/geosense/cameras/G5Bullet_07/frames/hq_frames/frame_002134.jpg
[2024-09-03 17:22:46,736][main][INFO] - Removed /mnt/geosense/cameras/G5Bullet_07/frames/hq_frames/frame_002144.jpg
[2024-09-03 17:22:46,737][main][INFO] - Removed /mnt/geosense/cameras/G5Bullet_07/frames/hq_frames/frame_002156.jpg
[2024-09-03 17:22:46,738][main][INFO] - Removed /mnt/geosense/cameras/G5Bullet_07/frames/hq_frames/frame_002163.jpg
[2024-09-03 17:22:46,738][main][INFO] - Removed /mnt/geosense/cameras/G5Bullet_07/frames/hq_frames/frame_002175.jpg
[2024-09-03 17:22:46,738][main][INFO] - Removed /mnt/geosense/cameras/G5Bullet_07/frames/hq_frames/frame_002182.jpg
[2024-09-03 17:22:46,738][main][INFO] - Removed /mnt/geosense/cameras/G5Bullet_07/frames/hq_frames/frame_002194.jpg
[2024-09-03 17:22:46,739][main][INFO] - Removed /mnt/geosense/cameras/G5Bullet_07/frames/hq_frames/frame_002202.jpg
[2024-09-03 17:22:46,739][main][INFO] - Removed /mnt/geosense/cameras/G5Bullet_07/frames/hq_frames/frame_002211.jpg
[2024-09-03 17:22:46,739][main][INFO] - Removed /mnt/geosense/cameras/G5Bullet_07/frames/hq_frames/frame_002217.jpg
[2024-09-03 17:22:46,739][main][INFO] - Removed /mnt/geosense/cameras/G5Bullet_07/frames/hq_frames/frame_002229.jpg
[2024-09-03 17:22:46,739][main][INFO] - Removed /mnt/geosense/cameras/G5Bullet_07/frames/hq_frames/frame_002235.jpg
[2024-09-03 17:22:46,739][main][INFO] - Removed /mnt/geosense/cameras/G5Bullet_07/frames/hq_frames/frame_002250.jpg
[2024-09-03 17:22:46,740][main][INFO] - Removed /mnt/geosense/cameras/G5Bullet_07/frames/hq_frames/frame_002252.jpg
[2024-09-03 17:22:46,740][main][INFO] - Removed /mnt/geosense/cameras/G5Bullet_07/frames/hq_frames/frame_002265.jpg
[2024-09-03 17:22:46,741][main][INFO] - Removed /mnt/geosense/cameras/G5Bullet_07/frames/hq_frames/frame_002274.jpg
[2024-09-03 17:22:46,741][main][INFO] - Removed /mnt/geosense/cameras/G5Bullet_07/frames/hq_frames/frame_002284.jpg
[2024-09-03 17:22:46,741][main][INFO] - Removed /mnt/geosense/cameras/G5Bullet_07/frames/hq_frames/frame_002294.jpg
[2024-09-03 17:22:46,742][main][INFO] - Removed /mnt/geosense/cameras/G5Bullet_07/frames/hq_frames/frame_002306.jpg
[2024-09-03 17:22:46,742][main][INFO] - Removed /mnt/geosense/cameras/G5Bullet_07/frames/hq_frames/frame_002308.jpg
[2024-09-03 17:22:46,742][main][INFO] - Removed /mnt/geosense/cameras/G5Bullet_07/frames/hq_frames/frame_002323.jpg
[2024-09-03 17:22:46,742][main][INFO] - Removed /mnt/geosense/cameras/G5Bullet_07/frames/hq_frames/frame_002332.jpg
[2024-09-03 17:22:46,742][main][INFO] - Removed /mnt/geosense/cameras/G5Bullet_07/frames/hq_frames/frame_002343.jpg
[2024-09-03 17:22:46,743][main][INFO] - Removed /mnt/geosense/cameras/G5Bullet_07/frames/hq_frames/frame_002349.jpg
[2024-09-03 17:22:46,743][main][INFO] - Removed /mnt/geosense/cameras/G5Bullet_07/frames/hq_frames/frame_002361.jpg
[2024-09-03 17:22:46,744][main][INFO] - Removed /mnt/geosense/cameras/G5Bullet_07/frames/hq_frames/frame_002363.jpg
[2024-09-03 17:22:46,744][main][INFO] - Removed /mnt/geosense/cameras/G5Bullet_07/frames/hq_frames/frame_002378.jpg
[2024-09-03 17:22:46,744][main][INFO] - Removed /mnt/geosense/cameras/G5Bullet_07/frames/hq_frames/frame_002382.jpg
[2024-09-03 17:22:46,744][main][INFO] - Removed /mnt/geosense/cameras/G5Bullet_07/frames/hq_frames/frame_002397.jpg
[2024-09-03 17:22:46,744][main][INFO] - Removed /mnt/geosense/cameras/G5Bullet_07/frames/hq_frames/frame_002405.jpg
[2024-09-03 17:22:46,745][main][INFO] - Removed /mnt/geosense/cameras/G5Bullet_07/frames/hq_frames/frame_002415.jpg
[2024-09-03 17:22:46,745][main][INFO] - Removed /mnt/geosense/cameras/G5Bullet_07/frames/hq_frames/frame_002420.jpg
[2024-09-03 17:22:46,745][main][INFO] - Removed /mnt/geosense/cameras/G5Bullet_07/frames/hq_frames/frame_002430.jpg
[2024-09-03 17:22:46,746][main][INFO] - Removed /mnt/geosense/cameras/G5Bullet_07/frames/hq_frames/frame_002437.jpg
[2024-09-03 17:22:46,746][main][INFO] - Removed /mnt/geosense/cameras/G5Bullet_07/frames/hq_frames/frame_002452.jpg
[2024-09-03 17:22:46,746][main][INFO] - Removed /mnt/geosense/cameras/G5Bullet_07/frames/hq_frames/frame_002455.jpg
[2024-09-03 17:22:46,746][main][INFO] - Removed /mnt/geosense/cameras/G5Bullet_07/frames/hq_frames/frame_002470.jpg
[2024-09-03 17:22:46,746][main][INFO] - Removed /mnt/geosense/cameras/G5Bullet_07/frames/hq_frames/frame_002475.jpg
[2024-09-03 17:22:46,747][main][INFO] - Removed /mnt/geosense/cameras/G5Bullet_07/frames/hq_frames/frame_002489.jpg
[2024-09-03 17:22:46,747][main][INFO] - Removed /mnt/geosense/cameras/G5Bullet_07/frames/hq_frames/frame_002495.jpg
[2024-09-03 17:22:46,747][main][INFO] - Removed /mnt/geosense/cameras/G5Bullet_07/frames/hq_frames/frame_002506.jpg
[2024-09-03 17:22:46,747][main][INFO] - Removed /mnt/geosense/cameras/G5Bullet_07/frames/hq_frames/frame_002511.jpg
[2024-09-03 17:22:46,747][main][INFO] - Removed /mnt/geosense/cameras/G5Bullet_07/frames/hq_frames/frame_002524.jpg
[2024-09-03 17:22:46,748][main][INFO] - Removed /mnt/geosense/cameras/G5Bullet_07/frames/hq_frames/frame_002529.jpg
[2024-09-03 17:22:46,749][main][INFO] - Removed /mnt/geosense/cameras/G5Bullet_07/frames/hq_frames/frame_002541.jpg
[2024-09-03 17:22:46,749][main][INFO] - Removed /mnt/geosense/cameras/G5Bullet_07/frames/hq_frames/frame_002549.jpg
[2024-09-03 17:22:46,749][main][INFO] - Removed /mnt/geosense/cameras/G5Bullet_07/frames/hq_frames/frame_002564.jpg
[2024-09-03 17:22:46,749][main][INFO] - Removed /mnt/geosense/cameras/G5Bullet_07/frames/hq_frames/frame_002572.jpg
[2024-09-03 17:22:46,749][main][INFO] - Removed /mnt/geosense/cameras/G5Bullet_07/frames/hq_frames/frame_002581.jpg
[2024-09-03 17:22:46,750][main][INFO] - Removed /mnt/geosense/cameras/G5Bullet_07/frames/hq_frames/frame_002590.jpg
[2024-09-03 17:22:46,751][main][INFO] - Removed /mnt/geosense/cameras/G5Bullet_07/frames/hq_frames/frame_002602.jpg
[2024-09-03 17:22:46,751][main][INFO] - Removed /mnt/geosense/cameras/G5Bullet_07/frames/hq_frames/frame_002608.jpg
[2024-09-03 17:22:46,751][main][INFO] - Removed /mnt/geosense/cameras/G5Bullet_07/frames/hq_frames/frame_002617.jpg
[2024-09-03 17:22:46,751][main][INFO] - Removed /mnt/geosense/cameras/G5Bullet_07/frames/hq_frames/frame_002624.jpg
[2024-09-03 17:22:46,751][main][INFO] - Removed /mnt/geosense/cameras/G5Bullet_07/frames/hq_frames/frame_002638.jpg
[2024-09-03 17:22:46,752][main][INFO] - Removed /mnt/geosense/cameras/G5Bullet_07/frames/hq_frames/frame_002640.jpg
[2024-09-03 17:22:46,752][main][INFO] - Removed /mnt/geosense/cameras/G5Bullet_07/frames/hq_frames/frame_002658.jpg
[2024-09-03 17:22:46,752][main][INFO] - Removed /mnt/geosense/cameras/G5Bullet_07/frames/hq_frames/frame_002661.jpg
[2024-09-03 17:22:46,753][main][INFO] - Removed /mnt/geosense/cameras/G5Bullet_07/frames/hq_frames/frame_002671.jpg
[2024-09-03 17:22:46,753][main][INFO] - Removed /mnt/geosense/cameras/G5Bullet_07/frames/hq_frames/frame_002682.jpg
[2024-09-03 17:22:46,753][main][INFO] - Removed /mnt/geosense/cameras/G5Bullet_07/frames/hq_frames/frame_002694.jpg
[2024-09-03 17:22:46,753][main][INFO] - Removed /mnt/geosense/cameras/G5Bullet_07/frames/hq_frames/frame_002699.jpg
[2024-09-03 17:22:46,754][main][INFO] - Removed /mnt/geosense/cameras/G5Bullet_07/frames/hq_frames/frame_002707.jpg
[2024-09-03 17:22:46,754][main][INFO] - Removed /mnt/geosense/cameras/G5Bullet_07/frames/hq_frames/frame_002714.jpg
[2024-09-03 17:22:46,754][main][INFO] - Removed /mnt/geosense/cameras/G5Bullet_07/frames/hq_frames/frame_002731.jpg
[2024-09-03 17:22:46,755][main][INFO] - Removed /mnt/geosense/cameras/G5Bullet_07/frames/hq_frames/frame_002735.jpg
[2024-09-03 17:22:46,755][main][INFO] - Removed /mnt/geosense/cameras/G5Bullet_07/frames/hq_frames/frame_002746.jpg
[2024-09-03 17:22:46,755][main][INFO] - Removed /mnt/geosense/cameras/G5Bullet_07/frames/hq_frames/frame_002754.jpg
[2024-09-03 17:22:46,755][main][INFO] - Removed /mnt/geosense/cameras/G5Bullet_07/frames/hq_frames/frame_002766.jpg
[2024-09-03 17:22:46,756][main][INFO] - Removed /mnt/geosense/cameras/G5Bullet_07/frames/hq_frames/frame_002775.jpg
[2024-09-03 17:22:46,757][main][INFO] - Removed /mnt/geosense/cameras/G5Bullet_07/frames/hq_frames/frame_002783.jpg
[2024-09-03 17:22:46,757][main][INFO] - Removed /mnt/geosense/cameras/G5Bullet_07/frames/hq_frames/frame_002788.jpg
[2024-09-03 17:22:46,757][main][INFO] - Removed /mnt/geosense/cameras/G5Bullet_07/frames/hq_frames/frame_002801.jpg
[2024-09-03 17:22:46,758][main][INFO] - Removed /mnt/geosense/cameras/G5Bullet_07/frames/hq_frames/frame_002807.jpg
[2024-09-03 17:22:46,758][main][INFO] - Removed /mnt/geosense/cameras/G5Bullet_07/frames/hq_frames/frame_002820.jpg
[2024-09-03 17:22:46,758][main][INFO] - Removed /mnt/geosense/cameras/G5Bullet_07/frames/hq_frames/frame_002826.jpg
[2024-09-03 17:22:46,759][main][INFO] - Removed /mnt/geosense/cameras/G5Bullet_07/frames/hq_frames/frame_002839.jpg
[2024-09-03 17:22:46,759][main][INFO] - Removed /mnt/geosense/cameras/G5Bullet_07/frames/hq_frames/frame_002846.jpg
[2024-09-03 17:22:46,759][main][INFO] - Removed /mnt/geosense/cameras/G5Bullet_07/frames/hq_frames/frame_002861.jpg
[2024-09-03 17:22:46,759][main][INFO] - Removed /mnt/geosense/cameras/G5Bullet_07/frames/hq_frames/frame_002862.jpg
[2024-09-03 17:22:46,760][main][INFO] - Removed /mnt/geosense/cameras/G5Bullet_07/frames/hq_frames/frame_002878.jpg
[2024-09-03 17:22:46,760][main][INFO] - Removed /mnt/geosense/cameras/G5Bullet_07/frames/hq_frames/frame_002883.jpg
[2024-09-03 17:22:46,760][main][INFO] - Removed /mnt/geosense/cameras/G5Bullet_07/frames/hq_frames/frame_002897.jpg
[2024-09-03 17:22:46,760][main][INFO] - Removed /mnt/geosense/cameras/G5Bullet_07/frames/hq_frames/frame_002900.jpg
[2024-09-03 17:22:46,761][main][INFO] - Removed /mnt/geosense/cameras/G5Bullet_07/frames/hq_frames/frame_002915.jpg
[2024-09-03 17:22:46,761][main][INFO] - Removed /mnt/geosense/cameras/G5Bullet_07/frames/hq_frames/frame_002919.jpg
[2024-09-03 17:22:46,761][main][INFO] - Removed /mnt/geosense/cameras/G5Bullet_07/frames/hq_frames/frame_002929.jpg
[2024-09-03 17:22:46,762][main][INFO] - Removed /mnt/geosense/cameras/G5Bullet_07/frames/hq_frames/frame_002938.jpg
[2024-09-03 17:22:46,762][main][INFO] - Removed /mnt/geosense/cameras/G5Bullet_07/frames/hq_frames/frame_002950.jpg
[2024-09-03 17:22:46,762][main][INFO] - Removed /mnt/geosense/cameras/G5Bullet_07/frames/hq_frames/frame_002956.jpg
[2024-09-03 17:22:46,762][main][INFO] - Removed /mnt/geosense/cameras/G5Bullet_07/frames/hq_frames/frame_002966.jpg
[2024-09-03 17:22:46,762][main][INFO] - Removed /mnt/geosense/cameras/G5Bullet_07/frames/hq_frames/frame_002972.jpg
[2024-09-03 17:22:46,763][main][INFO] - Removed /mnt/geosense/cameras/G5Bullet_07/frames/hq_frames/frame_002985.jpg
[2024-09-03 17:22:46,763][main][INFO] - Removed /mnt/geosense/cameras/G5Bullet_07/frames/hq_frames/frame_002993.jpg
[2024-09-03 17:22:46,764][main][INFO] - Removed /mnt/geosense/cameras/G5Bullet_07/frames/hq_frames/frame_003002.jpg
[2024-09-03 17:22:46,764][main][INFO] - Removed /mnt/geosense/cameras/G5Bullet_07/frames/hq_frames/frame_003009.jpg
[2024-09-03 17:22:46,764][main][INFO] - Removed /mnt/geosense/cameras/G5Bullet_07/frames/hq_frames/frame_003021.jpg
[2024-09-03 17:22:46,764][main][INFO] - Removed /mnt/geosense/cameras/G5Bullet_07/frames/hq_frames/frame_003030.jpg
[2024-09-03 17:22:46,764][main][INFO] - Removed /mnt/geosense/cameras/G5Bullet_07/frames/hq_frames/frame_003038.jpg
[2024-09-03 17:22:46,765][main][INFO] - Removed /mnt/geosense/cameras/G5Bullet_07/frames/hq_frames/frame_003049.jpg
[2024-09-03 17:22:46,765][main][INFO] - Removed /mnt/geosense/cameras/G5Bullet_07/frames/hq_frames/frame_003057.jpg
[2024-09-03 17:22:46,765][main][INFO] - Removed /mnt/geosense/cameras/G5Bullet_07/frames/hq_frames/frame_003064.jpg
[2024-09-03 17:22:46,766][main][INFO] - Removed /mnt/geosense/cameras/G5Bullet_07/frames/hq_frames/frame_003076.jpg
[2024-09-03 17:22:46,766][main][INFO] - Removed /mnt/geosense/cameras/G5Bullet_07/frames/hq_frames/frame_003081.jpg
[2024-09-03 17:22:46,766][main][INFO] - Removed /mnt/geosense/cameras/G5Bullet_07/frames/hq_frames/frame_003094.jpg
[2024-09-03 17:22:46,766][main][INFO] - Removed /mnt/geosense/cameras/G5Bullet_07/frames/hq_frames/frame_003102.jpg
[2024-09-03 17:22:46,766][main][INFO] - Removed /mnt/geosense/cameras/G5Bullet_07/frames/hq_frames/frame_003115.jpg
[2024-09-03 17:22:46,767][main][INFO] - Removed /mnt/geosense/cameras/G5Bullet_07/frames/hq_frames/frame_003118.jpg
[2024-09-03 17:22:46,767][main][INFO] - Removed /mnt/geosense/cameras/G5Bullet_07/frames/hq_frames/frame_003131.jpg
[2024-09-03 17:22:46,768][main][INFO] - Removed /mnt/geosense/cameras/G5Bullet_07/frames/hq_frames/frame_003138.jpg
[2024-09-03 17:22:46,768][main][INFO] - Removed /mnt/geosense/cameras/G5Bullet_07/frames/hq_frames/frame_003149.jpg
[2024-09-03 17:22:46,768][main][INFO] - Removed /mnt/geosense/cameras/G5Bullet_07/frames/hq_frames/frame_003157.jpg
[2024-09-03 17:22:46,768][main][INFO] - Removed /mnt/geosense/cameras/G5Bullet_07/frames/hq_frames/frame_003165.jpg
[2024-09-03 17:22:46,769][main][INFO] - Removed /mnt/geosense/cameras/G5Bullet_07/frames/hq_frames/frame_003176.jpg
[2024-09-03 17:22:46,769][main][INFO] - Removed /mnt/geosense/cameras/G5Bullet_07/frames/hq_frames/frame_003188.jpg
[2024-09-03 17:22:46,769][main][INFO] - Removed /mnt/geosense/cameras/G5Bullet_07/frames/hq_frames/frame_003191.jpg
[2024-09-03 17:22:46,770][main][INFO] - Removed /mnt/geosense/cameras/G5Bullet_07/frames/hq_frames/frame_003206.jpg
[2024-09-03 17:22:46,770][main][INFO] - Removed /mnt/geosense/cameras/G5Bullet_07/frames/hq_frames/frame_003208.jpg
[2024-09-03 17:22:46,770][main][INFO] - Removed /mnt/geosense/cameras/G5Bullet_07/frames/hq_frames/frame_003221.jpg
[2024-09-03 17:22:46,771][main][INFO] - Removed /mnt/geosense/cameras/G5Bullet_07/frames/hq_frames/frame_003226.jpg
[2024-09-03 17:22:46,771][main][INFO] - Removed /mnt/geosense/cameras/G5Bullet_07/frames/hq_frames/frame_003239.jpg
[2024-09-03 17:22:46,771][main][INFO] - Removed /mnt/geosense/cameras/G5Bullet_07/frames/hq_frames/frame_003244.jpg
[2024-09-03 17:22:46,771][main][INFO] - Removed /mnt/geosense/cameras/G5Bullet_07/frames/hq_frames/frame_003262.jpg
[2024-09-03 17:22:46,772][main][INFO] - Removed /mnt/geosense/cameras/G5Bullet_07/frames/hq_frames/frame_003266.jpg
[2024-09-03 17:22:46,773][main][INFO] - Removed /mnt/geosense/cameras/G5Bullet_07/frames/hq_frames/frame_003278.jpg
[2024-09-03 17:22:46,773][main][INFO] - Removed /mnt/geosense/cameras/G5Bullet_07/frames/hq_frames/frame_003283.jpg
[2024-09-03 17:22:46,773][main][INFO] - Removed /mnt/geosense/cameras/G5Bullet_07/frames/hq_frames/frame_003297.jpg
[2024-09-03 17:22:46,773][main][INFO] - Removed /mnt/geosense/cameras/G5Bullet_07/frames/hq_frames/frame_003299.jpg
[2024-09-03 17:22:46,774][main][INFO] - Removed /mnt/geosense/cameras/G5Bullet_07/frames/hq_frames/frame_003316.jpg
[2024-09-03 17:22:46,775][main][INFO] - Removed /mnt/geosense/cameras/G5Bullet_07/frames/hq_frames/frame_003321.jpg
[2024-09-03 17:22:46,775][main][INFO] - Removed /mnt/geosense/cameras/G5Bullet_07/frames/hq_frames/frame_003330.jpg
[2024-09-03 17:22:46,775][main][INFO] - Removed /mnt/geosense/cameras/G5Bullet_07/frames/hq_frames/frame_003340.jpg
[2024-09-03 17:22:46,775][main][INFO] - Removed /mnt/geosense/cameras/G5Bullet_07/frames/hq_frames/frame_003348.jpg
[2024-09-03 17:22:46,776][main][INFO] - Removed /mnt/geosense/cameras/G5Bullet_07/frames/hq_frames/frame_003354.jpg
[2024-09-03 17:22:46,776][main][INFO] - Removed /mnt/geosense/cameras/G5Bullet_07/frames/hq_frames/frame_003369.jpg
[2024-09-03 17:22:46,777][main][INFO] - Removed /mnt/geosense/cameras/G5Bullet_07/frames/hq_frames/frame_003377.jpg
[2024-09-03 17:22:46,777][main][INFO] - Removed /mnt/geosense/cameras/G5Bullet_07/frames/hq_frames/frame_003386.jpg
[2024-09-03 17:22:46,777][main][INFO] - Removed /mnt/geosense/cameras/G5Bullet_07/frames/hq_frames/frame_003393.jpg
[2024-09-03 17:22:46,777][main][INFO] - Removed /mnt/geosense/cameras/G5Bullet_07/frames/hq_frames/frame_003402.jpg
[2024-09-03 17:22:46,778][main][INFO] - Removed /mnt/geosense/cameras/G5Bullet_07/frames/hq_frames/frame_003408.jpg
[2024-09-03 17:22:46,778][main][INFO] - Removed /mnt/geosense/cameras/G5Bullet_07/frames/hq_frames/frame_003420.jpg
[2024-09-03 17:22:46,778][main][INFO] - Removed /mnt/geosense/cameras/G5Bullet_07/frames/hq_frames/frame_003428.jpg
[2024-09-03 17:22:46,779][main][INFO] - Removed /mnt/geosense/cameras/G5Bullet_07/frames/hq_frames/frame_003439.jpg
[2024-09-03 17:22:46,779][main][INFO] - Removed /mnt/geosense/cameras/G5Bullet_07/frames/hq_frames/frame_003450.jpg
[2024-09-03 17:22:46,779][main][INFO] - Removed /mnt/geosense/cameras/G5Bullet_07/frames/hq_frames/frame_003458.jpg
[2024-09-03 17:22:46,780][main][INFO] - Removed /mnt/geosense/cameras/G5Bullet_07/frames/hq_frames/frame_003463.jpg
[2024-09-03 17:22:46,780][main][INFO] - Removed /mnt/geosense/cameras/G5Bullet_07/frames/hq_frames/frame_003480.jpg
[2024-09-03 17:22:46,780][main][INFO] - Removed /mnt/geosense/cameras/G5Bullet_07/frames/hq_frames/frame_003484.jpg
[2024-09-03 17:22:46,780][main][INFO] - Removed /mnt/geosense/cameras/G5Bullet_07/frames/hq_frames/frame_003493.jpg
[2024-09-03 17:22:46,781][main][INFO] - Removed /mnt/geosense/cameras/G5Bullet_07/frames/hq_frames/frame_003500.jpg
[2024-09-03 17:22:46,781][main][INFO] - Removed /mnt/geosense/cameras/G5Bullet_07/frames/hq_frames/frame_003513.jpg
[2024-09-03 17:22:46,781][main][INFO] - Removed /mnt/geosense/cameras/G5Bullet_07/frames/hq_frames/frame_003523.jpg
[2024-09-03 17:22:46,782][main][INFO] - Removed /mnt/geosense/cameras/G5Bullet_07/frames/hq_frames/frame_003536.jpg
[2024-09-03 17:22:46,782][main][INFO] - Removed /mnt/geosense/cameras/G5Bullet_07/frames/hq_frames/frame_003538.jpg
[2024-09-03 17:22:46,782][main][INFO] - Removed /mnt/geosense/cameras/G5Bullet_07/frames/hq_frames/frame_003549.jpg
[2024-09-03 17:22:46,782][main][INFO] - Removed /mnt/geosense/cameras/G5Bullet_07/frames/hq_frames/frame_003558.jpg
[2024-09-03 17:22:46,782][main][INFO] - Removed /mnt/geosense/cameras/G5Bullet_07/frames/hq_frames/frame_003569.jpg
[2024-09-03 17:22:46,784][main][INFO] - Removed /mnt/geosense/cameras/G5Bullet_07/frames/hq_frames/frame_003578.jpg
[2024-09-03 17:22:46,784][main][INFO] - Removed /mnt/geosense/cameras/G5Bullet_07/frames/hq_frames/frame_003588.jpg
[2024-09-03 17:22:46,784][main][INFO] - Removed /mnt/geosense/cameras/G5Bullet_07/frames/hq_frames/frame_003595.jpg
[2024-09-03 17:22:46,784][main][INFO] - Removed /mnt/geosense/cameras/G5Bullet_07/frames/hq_frames/frame_003607.jpg
[2024-09-03 17:22:46,785][main][INFO] - Removed /mnt/geosense/cameras/G5Bullet_07/frames/hq_frames/frame_003610.jpg
[2024-09-03 17:22:46,785][main][INFO] - Removed /mnt/geosense/cameras/G5Bullet_07/frames/hq_frames/frame_003622.jpg
[2024-09-03 17:22:46,786][main][INFO] - Removed /mnt/geosense/cameras/G5Bullet_07/frames/hq_frames/frame_003632.jpg
[2024-09-03 17:22:46,786][main][INFO] - Removed /mnt/geosense/cameras/G5Bullet_07/frames/hq_frames/frame_003639.jpg
[2024-09-03 17:22:46,786][main][INFO] - Removed /mnt/geosense/cameras/G5Bullet_07/frames/hq_frames/frame_003645.jpg
[2024-09-03 17:22:46,786][main][INFO] - Removed /mnt/geosense/cameras/G5Bullet_07/frames/hq_frames/frame_003660.jpg
[2024-09-03 17:22:46,787][main][INFO] - Removed /mnt/geosense/cameras/G5Bullet_07/frames/hq_frames/frame_003667.jpg
[2024-09-03 17:22:46,788][main][INFO] - Removed /mnt/geosense/cameras/G5Bullet_07/frames/hq_frames/frame_003676.jpg
[2024-09-03 17:22:46,788][main][INFO] - Removed /mnt/geosense/cameras/G5Bullet_07/frames/hq_frames/frame_003683.jpg
[2024-09-03 17:22:46,788][main][INFO] - Removed /mnt/geosense/cameras/G5Bullet_07/frames/hq_frames/frame_003695.jpg
[2024-09-03 17:22:46,789][main][INFO] - Removed /mnt/geosense/cameras/G5Bullet_07/frames/hq_frames/frame_003700.jpg
[2024-09-03 17:22:46,789][main][INFO] - Removed /mnt/geosense/cameras/G5Bullet_07/frames/hq_frames/frame_003717.jpg
[2024-09-03 17:22:46,789][main][INFO] - Removed /mnt/geosense/cameras/G5Bullet_07/frames/hq_frames/frame_003720.jpg
[2024-09-03 17:22:46,790][main][INFO] - Removed /mnt/geosense/cameras/G5Bullet_07/frames/hq_frames/frame_003732.jpg
[2024-09-03 17:22:46,790][main][INFO] - Removed /mnt/geosense/cameras/G5Bullet_07/frames/hq_frames/frame_003739.jpg
[2024-09-03 17:22:46,790][main][INFO] - Removed /mnt/geosense/cameras/G5Bullet_07/frames/hq_frames/frame_003751.jpg
[2024-09-03 17:22:46,790][main][INFO] - Removed /mnt/geosense/cameras/G5Bullet_07/frames/hq_frames/frame_003757.jpg
[2024-09-03 17:22:46,791][main][INFO] - Removed /mnt/geosense/cameras/G5Bullet_07/frames/hq_frames/frame_003771.jpg
[2024-09-03 17:22:46,791][main][INFO] - Removed /mnt/geosense/cameras/G5Bullet_07/frames/hq_frames/frame_003772.jpg
[2024-09-03 17:22:46,791][main][INFO] - Removed /mnt/geosense/cameras/G5Bullet_07/frames/hq_frames/frame_003786.jpg
[2024-09-03 17:22:46,792][main][INFO] - Removed /mnt/geosense/cameras/G5Bullet_07/frames/hq_frames/frame_003793.jpg
[2024-09-03 17:22:46,792][main][INFO] - Removed /mnt/geosense/cameras/G5Bullet_07/frames/hq_frames/frame_003804.jpg
[2024-09-03 17:22:46,793][main][INFO] - Removed /mnt/geosense/cameras/G5Bullet_07/frames/hq_frames/frame_003811.jpg
[2024-09-03 17:22:46,793][main][INFO] - Removed /mnt/geosense/cameras/G5Bullet_07/frames/hq_frames/frame_003827.jpg
[2024-09-03 17:22:46,793][main][INFO] - Removed /mnt/geosense/cameras/G5Bullet_07/frames/hq_frames/frame_003833.jpg
[2024-09-03 17:22:46,794][main][INFO] - Removed /mnt/geosense/cameras/G5Bullet_07/frames/hq_frames/frame_003844.jpg
[2024-09-03 17:22:46,794][main][INFO] - Removed /mnt/geosense/cameras/G5Bullet_07/frames/hq_frames/frame_003849.jpg
[2024-09-03 17:22:46,795][main][INFO] - Removed /mnt/geosense/cameras/G5Bullet_07/frames/hq_frames/frame_003860.jpg
[2024-09-03 17:22:46,795][main][INFO] - Removed /mnt/geosense/cameras/G5Bullet_07/frames/hq_frames/frame_003867.jpg
[2024-09-03 17:22:46,796][main][INFO] - Removed /mnt/geosense/cameras/G5Bullet_07/frames/hq_frames/frame_003881.jpg
[2024-09-03 17:22:46,796][main][INFO] - Removed /mnt/geosense/cameras/G5Bullet_07/frames/hq_frames/frame_003883.jpg
[2024-09-03 17:22:46,796][main][INFO] - Removed /mnt/geosense/cameras/G5Bullet_07/frames/hq_frames/frame_003899.jpg
[2024-09-03 17:22:46,796][main][INFO] - Removed /mnt/geosense/cameras/G5Bullet_07/frames/hq_frames/frame_003901.jpg
[2024-09-03 17:22:46,797][main][INFO] - Removed /mnt/geosense/cameras/G5Bullet_07/frames/hq_frames/frame_003917.jpg
[2024-09-03 17:22:46,797][main][INFO] - Removed /mnt/geosense/cameras/G5Bullet_07/frames/hq_frames/frame_003922.jpg
[2024-09-03 17:22:46,798][main][INFO] - Removed /mnt/geosense/cameras/G5Bullet_07/frames/hq_frames/frame_003935.jpg
[2024-09-03 17:22:46,798][main][INFO] - Removed /mnt/geosense/cameras/G5Bullet_07/frames/hq_frames/frame_003941.jpg
[2024-09-03 17:22:46,799][main][INFO] - Removed /mnt/geosense/cameras/G5Bullet_07/frames/hq_frames/frame_003953.jpg
[2024-09-03 17:22:46,799][main][INFO] - Removed /mnt/geosense/cameras/G5Bullet_07/frames/hq_frames/frame_003961.jpg
[2024-09-03 17:22:46,799][main][INFO] - Removed /mnt/geosense/cameras/G5Bullet_07/frames/hq_frames/frame_003972.jpg
[2024-09-03 17:22:46,799][main][INFO] - Removed /mnt/geosense/cameras/G5Bullet_07/frames/hq_frames/frame_003978.jpg
[2024-09-03 17:22:46,799][main][INFO] - Removed /mnt/geosense/cameras/G5Bullet_07/frames/hq_frames/frame_003989.jpg
[2024-09-03 17:22:46,801][main][INFO] - Removed /mnt/geosense/cameras/G5Bullet_07/frames/hq_frames/frame_003996.jpg
[2024-09-03 17:22:46,801][main][INFO] - Removed /mnt/geosense/cameras/G5Bullet_07/frames/hq_frames/frame_004010.jpg
[2024-09-03 17:22:46,801][main][INFO] - Removed /mnt/geosense/cameras/G5Bullet_07/frames/hq_frames/frame_004012.jpg
[2024-09-03 17:22:46,801][main][INFO] - Removed /mnt/geosense/cameras/G5Bullet_07/frames/hq_frames/frame_004026.jpg
[2024-09-03 17:22:46,801][main][INFO] - Removed /mnt/geosense/cameras/G5Bullet_07/frames/hq_frames/frame_004035.jpg
[2024-09-03 17:22:46,802][main][INFO] - Removed /mnt/geosense/cameras/G5Bullet_07/frames/hq_frames/frame_004047.jpg
[2024-09-03 17:22:46,802][main][INFO] - Removed /mnt/geosense/cameras/G5Bullet_07/frames/hq_frames/frame_004048.jpg
[2024-09-03 17:22:46,803][main][INFO] - Removed /mnt/geosense/cameras/G5Bullet_07/frames/hq_frames/frame_004063.jpg
[2024-09-03 17:22:46,803][main][INFO] - Removed /mnt/geosense/cameras/G5Bullet_07/frames/hq_frames/frame_004066.jpg
[2024-09-03 17:22:46,803][main][INFO] - Removed /mnt/geosense/cameras/G5Bullet_07/frames/hq_frames/frame_004083.jpg
[2024-09-03 17:22:46,803][main][INFO] - Removed /mnt/geosense/cameras/G5Bullet_07/frames/hq_frames/frame_004088.jpg
[2024-09-03 17:22:46,804][main][INFO] - Removed /mnt/geosense/cameras/G5Bullet_07/frames/hq_frames/frame_004099.jpg
[2024-09-03 17:22:46,804][main][INFO] - Removed /mnt/geosense/cameras/G5Bullet_07/frames/hq_frames/frame_004105.jpg
[2024-09-03 17:22:46,804][main][INFO] - Removed /mnt/geosense/cameras/G5Bullet_07/frames/hq_frames/frame_004115.jpg
[2024-09-03 17:22:46,805][main][INFO] - Removed /mnt/geosense/cameras/G5Bullet_07/frames/hq_frames/frame_004121.jpg
[2024-09-03 17:22:46,805][main][INFO] - Removed /mnt/geosense/cameras/G5Bullet_07/frames/hq_frames/frame_004137.jpg
[2024-09-03 17:22:46,806][main][INFO] - Removed /mnt/geosense/cameras/G5Bullet_07/frames/hq_frames/frame_004143.jpg
[2024-09-03 17:22:46,806][main][INFO] - Removed /mnt/geosense/cameras/G5Bullet_07/frames/hq_frames/frame_004154.jpg
[2024-09-03 17:22:46,806][main][INFO] - Removed /mnt/geosense/cameras/G5Bullet_07/frames/hq_frames/frame_004162.jpg
[2024-09-03 17:22:46,806][main][INFO] - Removed /mnt/geosense/cameras/G5Bullet_07/frames/hq_frames/frame_004169.jpg
[2024-09-03 17:22:46,807][main][INFO] - Removed /mnt/geosense/cameras/G5Bullet_07/frames/hq_frames/frame_004178.jpg
[2024-09-03 17:22:46,807][main][INFO] - Removed /mnt/geosense/cameras/G5Bullet_07/frames/hq_frames/frame_004192.jpg
[2024-09-03 17:22:46,807][main][INFO] - Removed /mnt/geosense/cameras/G5Bullet_07/frames/hq_frames/frame_004194.jpg
[2024-09-03 17:22:46,807][main][INFO] - Removed /mnt/geosense/cameras/G5Bullet_07/frames/hq_frames/frame_004208.jpg
[2024-09-03 17:22:46,808][main][INFO] - Removed /mnt/geosense/cameras/G5Bullet_07/frames/hq_frames/frame_004213.jpg
[2024-09-03 17:22:46,808][main][INFO] - Removed /mnt/geosense/cameras/G5Bullet_07/frames/hq_frames/frame_004223.jpg
[2024-09-03 17:22:46,808][main][INFO] - Removed /mnt/geosense/cameras/G5Bullet_07/frames/hq_frames/frame_004234.jpg
[2024-09-03 17:22:46,809][main][INFO] - Removed /mnt/geosense/cameras/G5Bullet_07/frames/hq_frames/frame_004244.jpg
[2024-09-03 17:22:46,809][main][INFO] - Removed /mnt/geosense/cameras/G5Bullet_07/frames/hq_frames/frame_004252.jpg
[2024-09-03 17:22:46,809][main][INFO] - Removed /mnt/geosense/cameras/G5Bullet_07/frames/hq_frames/frame_004264.jpg
[2024-09-03 17:22:46,809][main][INFO] - Removed /mnt/geosense/cameras/G5Bullet_07/frames/hq_frames/frame_004265.jpg
[2024-09-03 17:22:46,810][main][INFO] - Removed /mnt/geosense/cameras/G5Bullet_07/frames/hq_frames/frame_004282.jpg
[2024-09-03 17:22:46,810][main][INFO] - Removed /mnt/geosense/cameras/G5Bullet_07/frames/hq_frames/frame_004284.jpg
[2024-09-03 17:22:46,810][main][INFO] - Removed /mnt/geosense/cameras/G5Bullet_07/frames/hq_frames/frame_004299.jpg
[2024-09-03 17:22:46,811][main][INFO] - Removed /mnt/geosense/cameras/G5Bullet_07/frames/hq_frames/frame_004305.jpg
[2024-09-03 17:22:46,811][main][INFO] - Removed /mnt/geosense/cameras/G5Bullet_07/frames/hq_frames/frame_004315.jpg
[2024-09-03 17:22:46,813][main][INFO] - Removed /mnt/geosense/cameras/G5Bullet_07/frames/hq_frames/frame_004320.jpg
[2024-09-03 17:22:46,813][main][INFO] - Removed /mnt/geosense/cameras/G5Bullet_07/frames/hq_frames/frame_004334.jpg
[2024-09-03 17:22:46,813][main][INFO] - Removed /mnt/geosense/cameras/G5Bullet_07/frames/hq_frames/frame_004341.jpg
[2024-09-03 17:22:46,813][main][INFO] - Removed /mnt/geosense/cameras/G5Bullet_07/frames/hq_frames/frame_004356.jpg
[2024-09-03 17:22:46,814][main][INFO] - Removed /mnt/geosense/cameras/G5Bullet_07/frames/hq_frames/frame_004361.jpg
[2024-09-03 17:22:46,815][main][INFO] - Removed /mnt/geosense/cameras/G5Bullet_07/frames/hq_frames/frame_004371.jpg
[2024-09-03 17:22:46,815][main][INFO] - Removed /mnt/geosense/cameras/G5Bullet_07/frames/hq_frames/frame_004377.jpg
[2024-09-03 17:22:46,815][main][INFO] - Removed /mnt/geosense/cameras/G5Bullet_07/frames/hq_frames/frame_004393.jpg
[2024-09-03 17:22:46,815][main][INFO] - Removed /mnt/geosense/cameras/G5Bullet_07/frames/hq_frames/frame_004399.jpg
[2024-09-03 17:22:46,816][main][INFO] - Removed /mnt/geosense/cameras/G5Bullet_07/frames/hq_frames/frame_004411.jpg
[2024-09-03 17:22:46,816][main][INFO] - Removed /mnt/geosense/cameras/G5Bullet_07/frames/hq_frames/frame_004414.jpg
[2024-09-03 17:22:46,817][main][INFO] - Removed /mnt/geosense/cameras/G5Bullet_07/frames/hq_frames/frame_004428.jpg
[2024-09-03 17:22:46,817][main][INFO] - Removed /mnt/geosense/cameras/G5Bullet_07/frames/hq_frames/frame_004433.jpg
[2024-09-03 17:22:46,817][main][INFO] - Removed /mnt/geosense/cameras/G5Bullet_07/frames/hq_frames/frame_004448.jpg
[2024-09-03 17:22:46,817][main][INFO] - Removed /mnt/geosense/cameras/G5Bullet_07/frames/hq_frames/frame_004454.jpg
[2024-09-03 17:22:46,818][main][INFO] - Removed /mnt/geosense/cameras/G5Bullet_07/frames/hq_frames/frame_004465.jpg
[2024-09-03 17:22:46,818][main][INFO] - Removed /mnt/geosense/cameras/G5Bullet_07/frames/hq_frames/frame_004469.jpg
[2024-09-03 17:22:46,818][main][INFO] - Removed /mnt/geosense/cameras/G5Bullet_07/frames/hq_frames/frame_004479.jpg
[2024-09-03 17:22:46,818][main][INFO] - Removed /mnt/geosense/cameras/G5Bullet_07/frames/hq_frames/frame_004485.jpg
[2024-09-03 17:22:46,819][main][INFO] - Removed /mnt/geosense/cameras/G5Bullet_07/frames/hq_frames/frame_004499.jpg
[2024-09-03 17:22:46,820][main][INFO] - Removed /mnt/geosense/cameras/G5Bullet_07/frames/hq_frames/frame_004503.jpg
[2024-09-03 17:22:46,820][main][INFO] - Removed /mnt/geosense/cameras/G5Bullet_07/frames/hq_frames/frame_004517.jpg
[2024-09-03 17:22:46,820][main][INFO] - Removed /mnt/geosense/cameras/G5Bullet_07/frames/hq_frames/frame_004526.jpg
[2024-09-03 17:22:46,820][main][INFO] - Removed /mnt/geosense/cameras/G5Bullet_07/frames/hq_frames/frame_004537.jpg
[2024-09-03 17:22:46,821][main][INFO] - Removed /mnt/geosense/cameras/G5Bullet_07/frames/hq_frames/frame_004542.jpg
[2024-09-03 17:22:46,821][main][INFO] - Removed /mnt/geosense/cameras/G5Bullet_07/frames/hq_frames/frame_004557.jpg
[2024-09-03 17:22:46,822][main][INFO] - Removed /mnt/geosense/cameras/G5Bullet_07/frames/hq_frames/frame_004558.jpg
[2024-09-03 17:22:46,822][main][INFO] - Removed /mnt/geosense/cameras/G5Bullet_07/frames/hq_frames/frame_004574.jpg
[2024-09-03 17:22:46,822][main][INFO] - Removed /mnt/geosense/cameras/G5Bullet_07/frames/hq_frames/frame_004583.jpg
[2024-09-03 17:22:46,822][main][INFO] - Removed /mnt/geosense/cameras/G5Bullet_07/frames/hq_frames/frame_004595.jpg
[2024-09-03 17:22:46,823][main][INFO] - Removed /mnt/geosense/cameras/G5Bullet_07/frames/hq_frames/frame_004598.jpg
[2024-09-03 17:22:46,823][main][INFO] - Removed /mnt/geosense/cameras/G5Bullet_07/frames/hq_frames/frame_004608.jpg
[2024-09-03 17:22:46,823][main][INFO] - Removed /mnt/geosense/cameras/G5Bullet_07/frames/hq_frames/frame_004619.jpg
[2024-09-03 17:22:46,823][main][INFO] - Removed /mnt/geosense/cameras/G5Bullet_07/frames/hq_frames/frame_004626.jpg
[2024-09-03 17:22:46,824][main][INFO] - Removed /mnt/geosense/cameras/G5Bullet_07/frames/hq_frames/frame_004633.jpg
[2024-09-03 17:22:46,824][main][INFO] - Removed /mnt/geosense/cameras/G5Bullet_07/frames/hq_frames/frame_004647.jpg
[2024-09-03 17:22:46,824][main][INFO] - Removed /mnt/geosense/cameras/G5Bullet_07/frames/hq_frames/frame_004655.jpg
[2024-09-03 17:22:46,825][main][INFO] - Removed /mnt/geosense/cameras/G5Bullet_07/frames/hq_frames/frame_004664.jpg
[2024-09-03 17:22:46,825][main][INFO] - Removed /mnt/geosense/cameras/G5Bullet_07/frames/hq_frames/frame_004675.jpg
[2024-09-03 17:22:46,825][main][INFO] - Removed /mnt/geosense/cameras/G5Bullet_07/frames/hq_frames/frame_004688.jpg
[2024-09-03 17:22:46,825][main][INFO] - Removed /mnt/geosense/cameras/G5Bullet_07/frames/hq_frames/frame_004690.jpg
[2024-09-03 17:22:46,826][main][INFO] - Removed /mnt/geosense/cameras/G5Bullet_07/frames/hq_frames/frame_004704.jpg
[2024-09-03 17:22:46,826][main][INFO] - Removed /mnt/geosense/cameras/G5Bullet_07/frames/hq_frames/frame_004712.jpg
[2024-09-03 17:22:46,827][main][INFO] - Removed /mnt/geosense/cameras/G5Bullet_07/frames/hq_frames/frame_004725.jpg
[2024-09-03 17:22:46,827][main][INFO] - Removed /mnt/geosense/cameras/G5Bullet_07/frames/hq_frames/frame_004726.jpg
[2024-09-03 17:22:46,827][main][INFO] - Removed /mnt/geosense/cameras/G5Bullet_07/frames/hq_frames/frame_004745.jpg
[2024-09-03 17:22:46,827][main][INFO] - Removed /mnt/geosense/cameras/G5Bullet_07/frames/hq_frames/frame_004748.jpg
[2024-09-03 17:22:46,828][main][INFO] - Removed /mnt/geosense/cameras/G5Bullet_07/frames/hq_frames/frame_004764.jpg
[2024-09-03 17:22:46,828][main][INFO] - Removed /mnt/geosense/cameras/G5Bullet_07/frames/hq_frames/frame_004770.jpg
[2024-09-03 17:22:46,829][main][INFO] - Removed /mnt/geosense/cameras/G5Bullet_07/frames/hq_frames/frame_004779.jpg
[2024-09-03 17:22:46,829][main][INFO] - Removed /mnt/geosense/cameras/G5Bullet_07/frames/hq_frames/frame_004788.jpg
[2024-09-03 17:22:46,829][main][INFO] - Removed /mnt/geosense/cameras/G5Bullet_07/frames/hq_frames/frame_004801.jpg
[2024-09-03 17:22:46,829][main][INFO] - Removed /mnt/geosense/cameras/G5Bullet_07/frames/hq_frames/frame_004803.jpg
[2024-09-03 17:22:46,830][main][INFO] - Removed /mnt/geosense/cameras/G5Bullet_07/frames/hq_frames/frame_004817.jpg
[2024-09-03 17:22:46,830][main][INFO] - Removed /mnt/geosense/cameras/G5Bullet_07/frames/hq_frames/frame_004826.jpg
[2024-09-03 17:22:46,830][main][INFO] - Removed /mnt/geosense/cameras/G5Bullet_07/frames/hq_frames/frame_004838.jpg
[2024-09-03 17:22:46,830][main][INFO] - Removed /mnt/geosense/cameras/G5Bullet_07/frames/hq_frames/frame_004841.jpg
[2024-09-03 17:22:46,830][main][INFO] - Removed /mnt/geosense/cameras/G5Bullet_07/frames/hq_frames/frame_004855.jpg
[2024-09-03 17:22:46,830][main][INFO] - Removed /mnt/geosense/cameras/G5Bullet_07/frames/hq_frames/frame_004862.jpg
[2024-09-03 17:22:46,831][main][INFO] - Removed /mnt/geosense/cameras/G5Bullet_07/frames/hq_frames/frame_004872.jpg
[2024-09-03 17:22:46,831][main][INFO] - Removed /mnt/geosense/cameras/G5Bullet_07/frames/hq_frames/frame_004876.jpg
[2024-09-03 17:22:46,831][main][INFO] - Removed /mnt/geosense/cameras/G5Bullet_07/frames/hq_frames/frame_004888.jpg
[2024-09-03 17:22:46,832][main][INFO] - Removed /mnt/geosense/cameras/G5Bullet_07/frames/hq_frames/frame_004897.jpg
[2024-09-03 17:22:46,832][main][INFO] - Removed /mnt/geosense/cameras/G5Bullet_07/frames/hq_frames/frame_004905.jpg
[2024-09-03 17:22:46,832][main][INFO] - Removed /mnt/geosense/cameras/G5Bullet_07/frames/hq_frames/frame_004914.jpg
[2024-09-03 17:22:46,832][main][INFO] - Removed /mnt/geosense/cameras/G5Bullet_07/frames/hq_frames/frame_004927.jpg
[2024-09-03 17:22:46,833][main][INFO] - Removed /mnt/geosense/cameras/G5Bullet_07/frames/hq_frames/frame_004933.jpg
[2024-09-03 17:22:46,833][main][INFO] - Removed /mnt/geosense/cameras/G5Bullet_07/frames/hq_frames/frame_004946.jpg
[2024-09-03 17:22:46,833][main][INFO] - Removed /mnt/geosense/cameras/G5Bullet_07/frames/hq_frames/frame_004947.jpg
[2024-09-03 17:22:46,833][main][INFO] - Removed /mnt/geosense/cameras/G5Bullet_07/frames/hq_frames/frame_004962.jpg
[2024-09-03 17:22:46,833][main][INFO] - Removed /mnt/geosense/cameras/G5Bullet_07/frames/hq_frames/frame_004968.jpg
[2024-09-03 17:22:46,835][main][INFO] - Removed /mnt/geosense/cameras/G5Bullet_07/frames/hq_frames/frame_004982.jpg
[2024-09-03 17:22:46,835][main][INFO] - Removed /mnt/geosense/cameras/G5Bullet_07/frames/hq_frames/frame_004990.jpg
[2024-09-03 17:22:46,835][main][INFO] - Removed /mnt/geosense/cameras/G5Bullet_07/frames/hq_frames/frame_005000.jpg
[2024-09-03 17:22:46,835][main][INFO] - Removed /mnt/geosense/cameras/G5Bullet_07/frames/hq_frames/frame_005003.jpg
[2024-09-03 17:22:46,836][main][INFO] - Removed /mnt/geosense/cameras/G5Bullet_07/frames/hq_frames/frame_005020.jpg
[2024-09-03 17:22:46,836][main][INFO] - Removed /mnt/geosense/cameras/G5Bullet_07/frames/hq_frames/frame_005023.jpg
[2024-09-03 17:22:46,836][main][INFO] - Removed /mnt/geosense/cameras/G5Bullet_07/frames/hq_frames/frame_005034.jpg
[2024-09-03 17:22:46,836][main][INFO] - Removed /mnt/geosense/cameras/G5Bullet_07/frames/hq_frames/frame_005040.jpg
[2024-09-03 17:22:46,836][main][INFO] - Removed /mnt/geosense/cameras/G5Bullet_07/frames/hq_frames/frame_005052.jpg
[2024-09-03 17:22:46,836][main][INFO] - Removed /mnt/geosense/cameras/G5Bullet_07/frames/hq_frames/frame_005062.jpg
[2024-09-03 17:22:46,838][main][INFO] - Removed /mnt/geosense/cameras/G5Bullet_07/frames/hq_frames/frame_005070.jpg
[2024-09-03 17:22:46,839][main][INFO] - Removed /mnt/geosense/cameras/G5Bullet_07/frames/hq_frames/frame_005077.jpg
[2024-09-03 17:22:46,839][main][INFO] - Removed /mnt/geosense/cameras/G5Bullet_07/frames/hq_frames/frame_005091.jpg
[2024-09-03 17:22:46,839][main][INFO] - Removed /mnt/geosense/cameras/G5Bullet_07/frames/hq_frames/frame_005098.jpg
[2024-09-03 17:22:46,840][main][INFO] - Removed /mnt/geosense/cameras/G5Bullet_07/frames/hq_frames/frame_005110.jpg
[2024-09-03 17:22:46,840][main][INFO] - Removed /mnt/geosense/cameras/G5Bullet_07/frames/hq_frames/frame_005111.jpg
[2024-09-03 17:22:46,840][main][INFO] - Removed /mnt/geosense/cameras/G5Bullet_07/frames/hq_frames/frame_005127.jpg
[2024-09-03 17:22:46,840][main][INFO] - Removed /mnt/geosense/cameras/G5Bullet_07/frames/hq_frames/frame_005133.jpg
[2024-09-03 17:22:46,841][main][INFO] - Removed /mnt/geosense/cameras/G5Bullet_07/frames/hq_frames/frame_005144.jpg
[2024-09-03 17:22:46,841][main][INFO] - Removed /mnt/geosense/cameras/G5Bullet_07/frames/hq_frames/frame_005151.jpg
[2024-09-03 17:22:46,841][main][INFO] - Removed /mnt/geosense/cameras/G5Bullet_07/frames/hq_frames/frame_005161.jpg
[2024-09-03 17:22:46,842][main][INFO] - Removed /mnt/geosense/cameras/G5Bullet_07/frames/hq_frames/frame_005166.jpg
[2024-09-03 17:22:46,842][main][INFO] - Removed /mnt/geosense/cameras/G5Bullet_07/frames/hq_frames/frame_005178.jpg
[2024-09-03 17:22:46,842][main][INFO] - Removed /mnt/geosense/cameras/G5Bullet_07/frames/hq_frames/frame_005189.jpg
[2024-09-03 17:22:46,842][main][INFO] - Removed /mnt/geosense/cameras/G5Bullet_07/frames/hq_frames/frame_005197.jpg
[2024-09-03 17:22:46,842][main][INFO] - Removed /mnt/geosense/cameras/G5Bullet_07/frames/hq_frames/frame_005206.jpg
[2024-09-03 17:22:46,842][main][INFO] - Removed /mnt/geosense/cameras/G5Bullet_07/frames/hq_frames/frame_005215.jpg
[2024-09-03 17:22:46,843][main][INFO] - Removed /mnt/geosense/cameras/G5Bullet_07/frames/hq_frames/frame_005225.jpg
[2024-09-03 17:22:46,843][main][INFO] - Removed /mnt/geosense/cameras/G5Bullet_07/frames/hq_frames/frame_005232.jpg
[2024-09-03 17:22:46,844][main][INFO] - Removed /mnt/geosense/cameras/G5Bullet_07/frames/hq_frames/frame_005238.jpg
[2024-09-03 17:22:46,844][main][INFO] - Removed /mnt/geosense/cameras/G5Bullet_07/frames/hq_frames/frame_005255.jpg
[2024-09-03 17:22:46,844][main][INFO] - Removed /mnt/geosense/cameras/G5Bullet_07/frames/hq_frames/frame_005257.jpg
[2024-09-03 17:22:46,845][main][INFO] - Removed /mnt/geosense/cameras/G5Bullet_07/frames/hq_frames/frame_005270.jpg
[2024-09-03 17:22:46,845][main][INFO] - Removed /mnt/geosense/cameras/G5Bullet_07/frames/hq_frames/frame_005276.jpg
[2024-09-03 17:22:46,846][main][INFO] - Removed /mnt/geosense/cameras/G5Bullet_07/frames/hq_frames/frame_005291.jpg
[2024-09-03 17:22:46,846][main][INFO] - Removed /mnt/geosense/cameras/G5Bullet_07/frames/hq_frames/frame_005292.jpg
[2024-09-03 17:22:46,847][main][INFO] - Removed /mnt/geosense/cameras/G5Bullet_07/frames/hq_frames/frame_005309.jpg
[2024-09-03 17:22:46,847][main][INFO] - Removed /mnt/geosense/cameras/G5Bullet_07/frames/hq_frames/frame_005310.jpg
[2024-09-03 17:22:46,848][main][INFO] - Removed /mnt/geosense/cameras/G5Bullet_07/frames/hq_frames/frame_005325.jpg
[2024-09-03 17:22:46,848][main][INFO] - Removed /mnt/geosense/cameras/G5Bullet_07/frames/hq_frames/frame_005330.jpg
[2024-09-03 17:22:46,848][main][INFO] - Removed /mnt/geosense/cameras/G5Bullet_07/frames/hq_frames/frame_005340.jpg
[2024-09-03 17:22:46,849][main][INFO] - Removed /mnt/geosense/cameras/G5Bullet_07/frames/hq_frames/frame_005352.jpg
[2024-09-03 17:22:46,849][main][INFO] - Removed /mnt/geosense/cameras/G5Bullet_07/frames/hq_frames/frame_005363.jpg
[2024-09-03 17:22:46,849][main][INFO] - Removed /mnt/geosense/cameras/G5Bullet_07/frames/hq_frames/frame_005366.jpg
[2024-09-03 17:22:46,849][main][INFO] - Removed /mnt/geosense/cameras/G5Bullet_07/frames/hq_frames/frame_005377.jpg
[2024-09-03 17:22:46,849][main][INFO] - Removed /mnt/geosense/cameras/G5Bullet_07/frames/hq_frames/frame_005383.jpg
[2024-09-03 17:22:46,850][main][INFO] - Removed /mnt/geosense/cameras/G5Bullet_07/frames/hq_frames/frame_005400.jpg
[2024-09-03 17:22:46,850][main][INFO] - Removed /mnt/geosense/cameras/G5Bullet_07/frames/hq_frames/frame_005401.jpg
[2024-09-03 17:22:46,850][main][INFO] - Removed /mnt/geosense/cameras/G5Bullet_07/frames/hq_frames/frame_005413.jpg
[2024-09-03 17:22:46,850][main][INFO] - Removed /mnt/geosense/cameras/G5Bullet_07/frames/hq_frames/frame_005420.jpg
[2024-09-03 17:22:46,850][main][INFO] - Removed /mnt/geosense/cameras/G5Bullet_07/frames/hq_frames/frame_005437.jpg
[2024-09-03 17:22:46,850][main][INFO] - Removed /mnt/geosense/cameras/G5Bullet_07/frames/hq_frames/frame_005438.jpg
[2024-09-03 17:22:46,850][main][INFO] - Removed /mnt/geosense/cameras/G5Bullet_07/frames/hq_frames/frame_005450.jpg
[2024-09-03 17:22:46,850][main][INFO] - Removed /mnt/geosense/cameras/G5Bullet_07/frames/hq_frames/frame_005459.jpg
[2024-09-03 17:22:46,850][main][INFO] - Removed /mnt/geosense/cameras/G5Bullet_07/frames/hq_frames/frame_005470.jpg
[2024-09-03 17:22:46,851][main][INFO] - Removed /mnt/geosense/cameras/G5Bullet_07/frames/hq_frames/frame_005478.jpg
[2024-09-03 17:22:46,851][main][INFO] - Removed /mnt/geosense/cameras/G5Bullet_07/frames/hq_frames/frame_005490.jpg
[2024-09-03 17:22:46,851][main][INFO] - Removed /mnt/geosense/cameras/G5Bullet_07/frames/hq_frames/frame_005498.jpg
[2024-09-03 17:22:46,851][main][INFO] - Removed /mnt/geosense/cameras/G5Bullet_07/frames/hq_frames/frame_005510.jpg
[2024-09-03 17:22:46,851][main][INFO] - Removed /mnt/geosense/cameras/G5Bullet_07/frames/hq_frames/frame_005511.jpg
[2024-09-03 17:22:46,852][main][INFO] - Removed /mnt/geosense/cameras/G5Bullet_07/frames/hq_frames/frame_005528.jpg
[2024-09-03 17:22:46,852][main][INFO] - Removed /mnt/geosense/cameras/G5Bullet_07/frames/hq_frames/frame_005533.jpg
[2024-09-03 17:22:46,852][main][INFO] - Removed /mnt/geosense/cameras/G5Bullet_07/frames/hq_frames/frame_005541.jpg
[2024-09-03 17:22:46,852][main][INFO] - Removed /mnt/geosense/cameras/G5Bullet_07/frames/hq_frames/frame_005550.jpg
[2024-09-03 17:22:46,853][main][INFO] - Removed /mnt/geosense/cameras/G5Bullet_07/frames/hq_frames/frame_005560.jpg
[2024-09-03 17:22:46,853][main][INFO] - Removed /mnt/geosense/cameras/G5Bullet_07/frames/hq_frames/frame_005565.jpg
[2024-09-03 17:22:46,853][main][INFO] - Removed /mnt/geosense/cameras/G5Bullet_07/frames/hq_frames/frame_005582.jpg
[2024-09-03 17:22:46,853][main][INFO] - Removed /mnt/geosense/cameras/G5Bullet_07/frames/hq_frames/frame_005586.jpg
[2024-09-03 17:22:46,853][main][INFO] - Removed /mnt/geosense/cameras/G5Bullet_07/frames/hq_frames/frame_005600.jpg
[2024-09-03 17:22:46,853][main][INFO] - Removed /mnt/geosense/cameras/G5Bullet_07/frames/hq_frames/frame_005604.jpg
[2024-09-03 17:22:46,854][main][INFO] - Removed /mnt/geosense/cameras/G5Bullet_07/frames/hq_frames/frame_005614.jpg
[2024-09-03 17:22:46,854][main][INFO] - Removed /mnt/geosense/cameras/G5Bullet_07/frames/hq_frames/frame_005625.jpg
[2024-09-03 17:22:46,854][main][INFO] - Removed /mnt/geosense/cameras/G5Bullet_07/frames/hq_frames/frame_005634.jpg
[2024-09-03 17:22:46,855][main][INFO] - Removed /mnt/geosense/cameras/G5Bullet_07/frames/hq_frames/frame_005640.jpg
[2024-09-03 17:22:46,855][main][INFO] - Removed /mnt/geosense/cameras/G5Bullet_07/frames/hq_frames/frame_005653.jpg
[2024-09-03 17:22:46,855][main][INFO] - Removed /mnt/geosense/cameras/G5Bullet_07/frames/hq_frames/frame_005657.jpg
[2024-09-03 17:22:46,856][main][INFO] - Removed /mnt/geosense/cameras/G5Bullet_07/frames/hq_frames/frame_005672.jpg
[2024-09-03 17:22:46,856][main][INFO] - Removed /mnt/geosense/cameras/G5Bullet_07/frames/hq_frames/frame_005680.jpg
[2024-09-03 17:22:46,856][main][INFO] - Removed /mnt/geosense/cameras/G5Bullet_07/frames/hq_frames/frame_005690.jpg
[2024-09-03 17:22:46,856][main][INFO] - Removed /mnt/geosense/cameras/G5Bullet_07/frames/hq_frames/frame_005695.jpg
[2024-09-03 17:22:46,856][main][INFO] - Removed /mnt/geosense/cameras/G5Bullet_07/frames/hq_frames/frame_005706.jpg
[2024-09-03 17:22:46,857][main][INFO] - Removed /mnt/geosense/cameras/G5Bullet_07/frames/hq_frames/frame_005712.jpg
[2024-09-03 17:22:46,857][main][INFO] - Removed /mnt/geosense/cameras/G5Bullet_07/frames/hq_frames/frame_005726.jpg
[2024-09-03 17:22:46,857][main][INFO] - Removed /mnt/geosense/cameras/G5Bullet_07/frames/hq_frames/frame_005732.jpg
[2024-09-03 17:22:46,857][main][INFO] - Removed /mnt/geosense/cameras/G5Bullet_07/frames/hq_frames/frame_005743.jpg
[2024-09-03 17:22:46,858][main][INFO] - Removed /mnt/geosense/cameras/G5Bullet_07/frames/hq_frames/frame_005750.jpg
[2024-09-03 17:22:46,858][main][INFO] - Removed /mnt/geosense/cameras/G5Bullet_07/frames/hq_frames/frame_005762.jpg
[2024-09-03 17:22:46,858][main][INFO] - Removed /mnt/geosense/cameras/G5Bullet_07/frames/hq_frames/frame_005767.jpg
[2024-09-03 17:22:46,858][main][INFO] - Removed /mnt/geosense/cameras/G5Bullet_07/frames/hq_frames/frame_005782.jpg
[2024-09-03 17:22:46,858][main][INFO] - Removed /mnt/geosense/cameras/G5Bullet_07/frames/hq_frames/frame_005784.jpg
[2024-09-03 17:22:46,859][main][INFO] - Removed /mnt/geosense/cameras/G5Bullet_07/frames/hq_frames/frame_005796.jpg
[2024-09-03 17:22:46,859][main][INFO] - Removed /mnt/geosense/cameras/G5Bullet_07/frames/hq_frames/frame_005803.jpg
[2024-09-03 17:22:46,859][main][INFO] - Removed /mnt/geosense/cameras/G5Bullet_07/frames/hq_frames/frame_005814.jpg
[2024-09-03 17:22:46,860][main][INFO] - Removed /mnt/geosense/cameras/G5Bullet_07/frames/hq_frames/frame_005823.jpg
[2024-09-03 17:22:46,860][main][INFO] - Removed /mnt/geosense/cameras/G5Bullet_07/frames/hq_frames/frame_005837.jpg
[2024-09-03 17:22:46,860][main][INFO] - Removed /mnt/geosense/cameras/G5Bullet_07/frames/hq_frames/frame_005838.jpg
[2024-09-03 17:22:46,860][main][INFO] - Removed /mnt/geosense/cameras/G5Bullet_07/frames/hq_frames/frame_005851.jpg
[2024-09-03 17:22:46,860][main][INFO] - Removed /mnt/geosense/cameras/G5Bullet_07/frames/hq_frames/frame_005860.jpg
[2024-09-03 17:22:46,861][main][INFO] - Removed /mnt/geosense/cameras/G5Bullet_07/frames/hq_frames/frame_005868.jpg
[2024-09-03 17:22:46,861][main][INFO] - Removed /mnt/geosense/cameras/G5Bullet_07/frames/hq_frames/frame_005879.jpg
[2024-09-03 17:22:46,861][main][INFO] - Removed /mnt/geosense/cameras/G5Bullet_07/frames/hq_frames/frame_005886.jpg
[2024-09-03 17:22:46,862][main][INFO] - Removed /mnt/geosense/cameras/G5Bullet_07/frames/hq_frames/frame_005893.jpg
[2024-09-03 17:22:46,862][main][INFO] - Removed /mnt/geosense/cameras/G5Bullet_07/frames/hq_frames/frame_005907.jpg
[2024-09-03 17:22:46,862][main][INFO] - Removed /mnt/geosense/cameras/G5Bullet_07/frames/hq_frames/frame_005914.jpg
[2024-09-03 17:22:46,863][main][INFO] - Removed /mnt/geosense/cameras/G5Bullet_07/frames/hq_frames/frame_005927.jpg
[2024-09-03 17:22:46,863][main][INFO] - Removed /mnt/geosense/cameras/G5Bullet_07/frames/hq_frames/frame_005934.jpg
[2024-09-03 17:22:46,863][main][INFO] - Removed /mnt/geosense/cameras/G5Bullet_07/frames/hq_frames/frame_005946.jpg
[2024-09-03 17:22:46,863][main][INFO] - Removed /mnt/geosense/cameras/G5Bullet_07/frames/hq_frames/frame_005949.jpg
[2024-09-03 17:22:46,864][main][INFO] - Removed /mnt/geosense/cameras/G5Bullet_07/frames/hq_frames/frame_005959.jpg
[2024-09-03 17:22:46,864][main][INFO] - Removed /mnt/geosense/cameras/G5Bullet_07/frames/hq_frames/frame_005965.jpg
[2024-09-03 17:22:46,864][main][INFO] - Removed /mnt/geosense/cameras/G5Bullet_07/frames/hq_frames/frame_005983.jpg
[2024-09-03 17:22:46,864][main][INFO] - Removed /mnt/geosense/cameras/G5Bullet_07/frames/hq_frames/frame_005987.jpg
[2024-09-03 17:22:46,864][main][INFO] - Removed /mnt/geosense/cameras/G5Bullet_07/frames/hq_frames/frame_005997.jpg
[2024-09-03 17:22:46,865][main][INFO] - Removed /mnt/geosense/cameras/G5Bullet_07/frames/hq_frames/frame_006005.jpg
[2024-09-03 17:22:46,865][main][INFO] - Removed /mnt/geosense/cameras/G5Bullet_07/frames/hq_frames/frame_006014.jpg
[2024-09-03 17:22:46,866][main][INFO] - Removed /mnt/geosense/cameras/G5Bullet_07/frames/hq_frames/frame_006025.jpg
[2024-09-03 17:22:46,866][main][INFO] - Removed /mnt/geosense/cameras/G5Bullet_07/frames/hq_frames/frame_006036.jpg
[2024-09-03 17:22:46,866][main][INFO] - Removed /mnt/geosense/cameras/G5Bullet_07/frames/hq_frames/frame_006038.jpg
[2024-09-03 17:22:46,866][main][INFO] - Removed /mnt/geosense/cameras/G5Bullet_07/frames/hq_frames/frame_006055.jpg
[2024-09-03 17:22:46,866][main][INFO] - Removed /mnt/geosense/cameras/G5Bullet_07/frames/hq_frames/frame_006056.jpg
[2024-09-03 17:22:46,867][main][INFO] - Removed /mnt/geosense/cameras/G5Bullet_07/frames/hq_frames/frame_006070.jpg
[2024-09-03 17:22:46,867][main][INFO] - Removed /mnt/geosense/cameras/G5Bullet_07/frames/hq_frames/frame_006074.jpg
[2024-09-03 17:22:46,867][main][INFO] - Removed /mnt/geosense/cameras/G5Bullet_07/frames/hq_frames/frame_006090.jpg
[2024-09-03 17:22:46,867][main][INFO] - Removed /mnt/geosense/cameras/G5Bullet_07/frames/hq_frames/frame_006092.jpg
[2024-09-03 17:22:46,868][main][INFO] - Removed /mnt/geosense/cameras/G5Bullet_07/frames/hq_frames/frame_006109.jpg
[2024-09-03 17:22:46,868][main][INFO] - Removed /mnt/geosense/cameras/G5Bullet_07/frames/hq_frames/frame_006112.jpg
[2024-09-03 17:22:46,868][main][INFO] - Generate video...
[2024-09-03 17:22:46,868][main][INFO] - Exporting video to /mnt/geosense/cameras/G5Bullet_07/video_timelapse_export/G5Bullet_07_2024-09-03_fr30.mp4...
