[2024-09-05 17:04:22,440][main][INFO] - --------------------------------------------------
[2024-09-05 17:04:22,440][main][INFO] - --------------------------------------------------
[2024-09-05 17:04:22,440][main][INFO] - ::: Processing camera G5Bullet_31 :::
[2024-09-05 17:04:22,440][main][INFO] - --------------------------------------------------
[2024-09-05 17:04:22,440][main][INFO] - --------------------------------------------------
[2024-09-05 17:04:22,440][main][INFO] - Transfering data from NVR (/volume1/videos/G5Bullet_31/*0.mp4) to VM (/mnt/geosense/cameras/G5Bullet_31/mp4)...
[2024-09-05 17:04:22,440][main][INFO] - Extract frames...
[2024-09-05 17:04:22,441][main][INFO] - Processing file /mnt/geosense/cameras/G5Bullet_31/mp4/File_000_File_000_File_000_File_000_File_000_File_000_File_000_File_000_File_000_G5Bullet_31_F4E2C678CB5A_2024-09-03_1_0.mp4...
[2024-09-05 17:04:22,510][main][INFO] - Frame rate: 29.999694988976795
[2024-09-05 17:04:22,510][main][INFO] - Extracting frames from video '/mnt/geosense/cameras/G5Bullet_31/mp4/File_000_File_000_File_000_File_000_File_000_File_000_File_000_File_000_File_000_G5Bullet_31_F4E2C678CB5A_2024-09-03_1_0.mp4'...
[2024-09-05 17:04:22,625][main][INFO] - Extracting frame 0...
[2024-09-05 17:04:23,262][main][INFO] - Extracting frame 1...
[2024-09-05 17:04:23,877][main][INFO] - Extracting frame 2...
[2024-09-05 17:04:24,476][main][INFO] - Extracting frame 3...
[2024-09-05 17:04:25,086][main][INFO] - Extracting frame 4...
[2024-09-05 17:04:25,702][main][INFO] - Extracting frame 5...
[2024-09-05 17:04:26,339][main][INFO] - Extracting frame 6...
[2024-09-05 17:04:26,952][main][INFO] - Extracting frame 7...
[2024-09-05 17:04:27,527][main][INFO] - Extracting frame 8...
[2024-09-05 17:04:28,139][main][INFO] - Extracting frame 9...
[2024-09-05 17:04:28,720][main][INFO] - Extracting frame 10...
[2024-09-05 17:04:29,344][main][INFO] - Extracting frame 11...
[2024-09-05 17:04:29,950][main][INFO] - Extracting frame 12...
[2024-09-05 17:04:30,570][main][INFO] - Extracting frame 13...
[2024-09-05 17:04:31,145][main][INFO] - Extracting frame 14...
[2024-09-05 17:04:31,739][main][INFO] - Extracting frame 15...
[2024-09-05 17:04:32,322][main][INFO] - Extracting frame 16...
[2024-09-05 17:04:32,872][main][INFO] - Extracting frame 17...
[2024-09-05 17:04:33,422][main][INFO] - Extracting frame 18...
[2024-09-05 17:04:33,989][main][INFO] - Extracting frame 19...
[2024-09-05 17:04:34,531][main][INFO] - Extracting frame 20...
[2024-09-05 17:04:35,169][main][INFO] - Extracting frame 21...
[2024-09-05 17:04:35,805][main][INFO] - Extracting frame 22...
[2024-09-05 17:04:36,376][main][INFO] - Extracting frame 23...
[2024-09-05 17:04:36,971][main][INFO] - Extracting frame 24...
[2024-09-05 17:04:37,504][main][INFO] - Extracting frame 25...
[2024-09-05 17:04:38,065][main][INFO] - Extracting frame 26...
[2024-09-05 17:04:38,587][main][INFO] - Extracting frame 27...
[2024-09-05 17:04:39,127][main][INFO] - Extracting frame 28...
[2024-09-05 17:04:39,687][main][INFO] - Extracting frame 29...
[2024-09-05 17:04:40,217][main][INFO] - Extracting frame 30...
[2024-09-05 17:04:40,733][main][INFO] - Extracting frame 31...
[2024-09-05 17:04:41,231][main][INFO] - Extracting frame 32...
[2024-09-05 17:04:41,715][main][INFO] - Extracting frame 33...
[2024-09-05 17:04:42,224][main][INFO] - Extracting frame 34...
[2024-09-05 17:04:42,740][main][INFO] - Extracting frame 35...
[2024-09-05 17:04:43,256][main][INFO] - Extracting frame 36...
[2024-09-05 17:04:43,740][main][INFO] - Extracting frame 37...
[2024-09-05 17:04:44,217][main][INFO] - Extracting frame 38...
[2024-09-05 17:04:44,692][main][INFO] - Extracting frame 39...
[2024-09-05 17:04:44,692][main][INFO] - Break: frame_number_internal exceeds total number of frames.
[2024-09-05 17:04:44,693][main][INFO] - All frames extracted.
[2024-09-05 17:04:44,693][main][INFO] - Frame number: 0
[2024-09-05 17:04:44,694][main][INFO] - Enhance frames...
[2024-09-05 17:04:44,694][main][INFO] - Grouping files in sets...
[2024-09-05 17:04:44,695][main][INFO] - Moving files to staging directory...
[2024-09-05 17:04:44,696][main][INFO] - Keeping every third file and removing the others...
[2024-09-05 17:04:44,697][main][INFO] - Processing file /mnt/geosense/cameras/G5Bullet_31/mp4/File_001_File_001_File_001_File_001_File_001_File_001_File_001_File_001_File_001_G5Bullet_31_F4E2C678CB5A_2024-09-03_2_0.mp4...
[2024-09-05 17:04:44,749][main][INFO] - Frame rate: 29.999947645217325
[2024-09-05 17:04:44,750][main][INFO] - Extracting frames from video '/mnt/geosense/cameras/G5Bullet_31/mp4/File_001_File_001_File_001_File_001_File_001_File_001_File_001_File_001_File_001_G5Bullet_31_F4E2C678CB5A_2024-09-03_2_0.mp4'...
[2024-09-05 17:04:44,858][main][INFO] - Extracting frame 40...
[2024-09-05 17:04:45,475][main][INFO] - Extracting frame 41...
[2024-09-05 17:04:46,072][main][INFO] - Extracting frame 42...
[2024-09-05 17:04:46,669][main][INFO] - Extracting frame 43...
[2024-09-05 17:04:47,274][main][INFO] - Extracting frame 44...
[2024-09-05 17:04:47,872][main][INFO] - Extracting frame 45...
[2024-09-05 17:04:48,470][main][INFO] - Extracting frame 46...
[2024-09-05 17:04:49,097][main][INFO] - Extracting frame 47...
[2024-09-05 17:04:49,723][main][INFO] - Extracting frame 48...
[2024-09-05 17:04:50,345][main][INFO] - Extracting frame 49...
[2024-09-05 17:04:50,956][main][INFO] - Extracting frame 50...
[2024-09-05 17:04:51,542][main][INFO] - Extracting frame 51...
[2024-09-05 17:04:52,220][main][INFO] - Extracting frame 52...
[2024-09-05 17:04:52,827][main][INFO] - Extracting frame 53...
[2024-09-05 17:04:53,439][main][INFO] - Extracting frame 54...
[2024-09-05 17:04:54,074][main][INFO] - Extracting frame 55...
[2024-09-05 17:04:54,673][main][INFO] - Extracting frame 56...
[2024-09-05 17:04:55,248][main][INFO] - Extracting frame 57...
[2024-09-05 17:04:55,822][main][INFO] - Extracting frame 58...
[2024-09-05 17:04:56,362][main][INFO] - Extracting frame 59...
[2024-09-05 17:04:56,911][main][INFO] - Extracting frame 60...
[2024-09-05 17:04:57,443][main][INFO] - Extracting frame 61...
[2024-09-05 17:04:58,020][main][INFO] - Extracting frame 62...
[2024-09-05 17:04:58,535][main][INFO] - Extracting frame 63...
[2024-09-05 17:04:59,095][main][INFO] - Extracting frame 64...
[2024-09-05 17:04:59,708][main][INFO] - Extracting frame 65...
[2024-09-05 17:05:00,267][main][INFO] - Extracting frame 66...
[2024-09-05 17:05:00,800][main][INFO] - Extracting frame 67...
[2024-09-05 17:05:01,305][main][INFO] - Extracting frame 68...
[2024-09-05 17:05:01,852][main][INFO] - Extracting frame 69...
[2024-09-05 17:05:02,445][main][INFO] - Extracting frame 70...
[2024-09-05 17:05:02,982][main][INFO] - Extracting frame 71...
[2024-09-05 17:05:03,572][main][INFO] - Extracting frame 72...
[2024-09-05 17:05:04,185][main][INFO] - Extracting frame 73...
[2024-09-05 17:05:04,673][main][INFO] - Extracting frame 74...
[2024-09-05 17:05:05,202][main][INFO] - Extracting frame 75...
[2024-09-05 17:05:05,672][main][INFO] - Extracting frame 76...
[2024-09-05 17:05:06,163][main][INFO] - Extracting frame 77...
[2024-09-05 17:05:06,648][main][INFO] - Extracting frame 78...
[2024-09-05 17:05:06,648][main][INFO] - Break: frame_number_internal exceeds total number of frames.
[2024-09-05 17:05:06,648][main][INFO] - All frames extracted.
[2024-09-05 17:05:06,648][main][INFO] - Frame number: 40
[2024-09-05 17:05:06,649][main][INFO] - Enhance frames...
[2024-09-05 17:05:06,650][main][INFO] - Grouping files in sets...
[2024-09-05 17:05:06,650][main][INFO] - Moving files to staging directory...
[2024-09-05 17:05:06,651][main][INFO] - Keeping every third file and removing the others...
[2024-09-05 17:05:06,652][main][INFO] - Processing file /mnt/geosense/cameras/G5Bullet_31/mp4/File_002_File_002_File_002_File_002_File_002_File_002_File_002_File_002_File_002_G5Bullet_31_F4E2C678CB5A_2024-09-03_3_0.mp4...
[2024-09-05 17:05:06,702][main][INFO] - Frame rate: 29.999777997285555
[2024-09-05 17:05:06,703][main][INFO] - Extracting frames from video '/mnt/geosense/cameras/G5Bullet_31/mp4/File_002_File_002_File_002_File_002_File_002_File_002_File_002_File_002_File_002_G5Bullet_31_F4E2C678CB5A_2024-09-03_3_0.mp4'...
[2024-09-05 17:05:06,803][main][INFO] - Extracting frame 79...
[2024-09-05 17:05:07,412][main][INFO] - Extracting frame 80...
[2024-09-05 17:05:08,044][main][INFO] - Extracting frame 81...
[2024-09-05 17:05:08,635][main][INFO] - Extracting frame 82...
[2024-09-05 17:05:09,354][main][INFO] - Extracting frame 83...
[2024-09-05 17:05:10,233][main][INFO] - Extracting frame 84...
[2024-09-05 17:05:10,918][main][INFO] - Extracting frame 85...
[2024-09-05 17:05:11,498][main][INFO] - Extracting frame 86...
[2024-09-05 17:05:12,092][main][INFO] - Extracting frame 87...
[2024-09-05 17:05:12,712][main][INFO] - Extracting frame 88...
[2024-09-05 17:05:13,306][main][INFO] - Extracting frame 89...
[2024-09-05 17:05:13,894][main][INFO] - Extracting frame 90...
[2024-09-05 17:05:14,466][main][INFO] - Extracting frame 91...
[2024-09-05 17:05:15,054][main][INFO] - Extracting frame 92...
[2024-09-05 17:05:15,642][main][INFO] - Extracting frame 93...
[2024-09-05 17:05:16,255][main][INFO] - Extracting frame 94...
[2024-09-05 17:05:16,836][main][INFO] - Extracting frame 95...
[2024-09-05 17:05:17,386][main][INFO] - Extracting frame 96...
[2024-09-05 17:05:17,934][main][INFO] - Extracting frame 97...
[2024-09-05 17:05:18,476][main][INFO] - Extracting frame 98...
[2024-09-05 17:05:19,043][main][INFO] - Extracting frame 99...
[2024-09-05 17:05:19,595][main][INFO] - Extracting frame 100...
[2024-09-05 17:05:20,146][main][INFO] - Extracting frame 101...
[2024-09-05 17:05:20,692][main][INFO] - Extracting frame 102...
[2024-09-05 17:05:21,212][main][INFO] - Extracting frame 103...
[2024-09-05 17:05:21,738][main][INFO] - Extracting frame 104...
[2024-09-05 17:05:22,273][main][INFO] - Extracting frame 105...
[2024-09-05 17:05:22,778][main][INFO] - Extracting frame 106...
[2024-09-05 17:05:23,318][main][INFO] - Extracting frame 107...
[2024-09-05 17:05:23,839][main][INFO] - Extracting frame 108...
[2024-09-05 17:05:24,347][main][INFO] - Extracting frame 109...
[2024-09-05 17:05:24,856][main][INFO] - Extracting frame 110...
[2024-09-05 17:05:25,353][main][INFO] - Extracting frame 111...
[2024-09-05 17:05:25,878][main][INFO] - Extracting frame 112...
[2024-09-05 17:05:26,383][main][INFO] - Extracting frame 113...
[2024-09-05 17:05:26,863][main][INFO] - Extracting frame 114...
[2024-09-05 17:05:27,363][main][INFO] - Extracting frame 115...
[2024-09-05 17:05:27,859][main][INFO] - Extracting frame 116...
[2024-09-05 17:05:28,368][main][INFO] - Extracting frame 117...
[2024-09-05 17:05:28,368][main][INFO] - Break: frame_number_internal exceeds total number of frames.
[2024-09-05 17:05:28,369][main][INFO] - All frames extracted.
[2024-09-05 17:05:28,369][main][INFO] - Frame number: 79
[2024-09-05 17:05:28,370][main][INFO] - Enhance frames...
[2024-09-05 17:05:28,370][main][INFO] - Grouping files in sets...
[2024-09-05 17:05:28,370][main][INFO] - Moving files to staging directory...
[2024-09-05 17:05:28,371][main][INFO] - Keeping every third file and removing the others...
[2024-09-05 17:05:28,372][main][INFO] - Processing file /mnt/geosense/cameras/G5Bullet_31/mp4/File_003_File_003_File_003_File_003_File_003_File_003_File_003_File_003_File_003_G5Bullet_31_F4E2C678CB5A_2024-09-03_4_0.mp4...
[2024-09-05 17:05:28,423][main][INFO] - Frame rate: 29.999909064919912
[2024-09-05 17:05:28,423][main][INFO] - Extracting frames from video '/mnt/geosense/cameras/G5Bullet_31/mp4/File_003_File_003_File_003_File_003_File_003_File_003_File_003_File_003_File_003_G5Bullet_31_F4E2C678CB5A_2024-09-03_4_0.mp4'...
[2024-09-05 17:05:28,523][main][INFO] - Extracting frame 118...
[2024-09-05 17:05:29,194][main][INFO] - Extracting frame 119...
[2024-09-05 17:05:29,848][main][INFO] - Extracting frame 120...
[2024-09-05 17:05:30,470][main][INFO] - Extracting frame 121...
[2024-09-05 17:05:31,074][main][INFO] - Extracting frame 122...
[2024-09-05 17:05:31,662][main][INFO] - Extracting frame 123...
[2024-09-05 17:05:32,286][main][INFO] - Extracting frame 124...
[2024-09-05 17:05:32,890][main][INFO] - Extracting frame 125...
[2024-09-05 17:05:33,515][main][INFO] - Extracting frame 126...
[2024-09-05 17:05:34,091][main][INFO] - Extracting frame 127...
[2024-09-05 17:05:34,655][main][INFO] - Extracting frame 128...
[2024-09-05 17:05:35,254][main][INFO] - Extracting frame 129...
[2024-09-05 17:05:35,855][main][INFO] - Extracting frame 130...
[2024-09-05 17:05:36,434][main][INFO] - Extracting frame 131...
[2024-09-05 17:05:37,017][main][INFO] - Extracting frame 132...
[2024-09-05 17:05:37,608][main][INFO] - Extracting frame 133...
[2024-09-05 17:05:38,173][main][INFO] - Extracting frame 134...
[2024-09-05 17:05:38,740][main][INFO] - Extracting frame 135...
[2024-09-05 17:05:39,313][main][INFO] - Extracting frame 136...
[2024-09-05 17:05:39,859][main][INFO] - Extracting frame 137...
[2024-09-05 17:05:40,451][main][INFO] - Extracting frame 138...
[2024-09-05 17:05:41,010][main][INFO] - Extracting frame 139...
[2024-09-05 17:05:41,555][main][INFO] - Extracting frame 140...
[2024-09-05 17:05:42,092][main][INFO] - Extracting frame 141...
[2024-09-05 17:05:42,627][main][INFO] - Extracting frame 142...
[2024-09-05 17:05:43,186][main][INFO] - Extracting frame 143...
[2024-09-05 17:05:43,705][main][INFO] - Extracting frame 144...
[2024-09-05 17:05:44,245][main][INFO] - Extracting frame 145...
[2024-09-05 17:05:44,742][main][INFO] - Extracting frame 146...
[2024-09-05 17:05:45,245][main][INFO] - Extracting frame 147...
[2024-09-05 17:05:45,752][main][INFO] - Extracting frame 148...
[2024-09-05 17:05:46,270][main][INFO] - Extracting frame 149...
[2024-09-05 17:05:46,750][main][INFO] - Extracting frame 150...
[2024-09-05 17:05:47,251][main][INFO] - Extracting frame 151...
[2024-09-05 17:05:47,771][main][INFO] - Extracting frame 152...
[2024-09-05 17:05:48,253][main][INFO] - Extracting frame 153...
[2024-09-05 17:05:48,742][main][INFO] - Extracting frame 154...
[2024-09-05 17:05:49,230][main][INFO] - Extracting frame 155...
[2024-09-05 17:05:49,739][main][INFO] - Extracting frame 156...
[2024-09-05 17:05:49,740][main][INFO] - Break: frame_number_internal exceeds total number of frames.
[2024-09-05 17:05:49,740][main][INFO] - All frames extracted.
[2024-09-05 17:05:49,740][main][INFO] - Frame number: 118
[2024-09-05 17:05:49,741][main][INFO] - Enhance frames...
[2024-09-05 17:05:49,741][main][INFO] - Grouping files in sets...
[2024-09-05 17:05:49,742][main][INFO] - Moving files to staging directory...
[2024-09-05 17:05:49,743][main][INFO] - Keeping every third file and removing the others...
[2024-09-05 17:05:49,744][main][INFO] - Processing file /mnt/geosense/cameras/G5Bullet_31/mp4/File_004_File_004_File_004_File_004_File_004_File_004_File_004_File_004_File_004_G5Bullet_31_F4E2C678CB5A_2024-09-03_5_0.mp4...
[2024-09-05 17:05:49,796][main][INFO] - Frame rate: 29.999849295995155
[2024-09-05 17:05:49,796][main][INFO] - Extracting frames from video '/mnt/geosense/cameras/G5Bullet_31/mp4/File_004_File_004_File_004_File_004_File_004_File_004_File_004_File_004_File_004_G5Bullet_31_F4E2C678CB5A_2024-09-03_5_0.mp4'...
[2024-09-05 17:05:49,904][main][INFO] - Extracting frame 157...
[2024-09-05 17:05:50,545][main][INFO] - Extracting frame 158...
[2024-09-05 17:05:51,204][main][INFO] - Extracting frame 159...
[2024-09-05 17:05:51,796][main][INFO] - Extracting frame 160...
[2024-09-05 17:05:52,417][main][INFO] - Extracting frame 161...
[2024-09-05 17:05:53,043][main][INFO] - Extracting frame 162...
[2024-09-05 17:05:53,653][main][INFO] - Extracting frame 163...
[2024-09-05 17:05:54,225][main][INFO] - Extracting frame 164...
[2024-09-05 17:05:54,817][main][INFO] - Extracting frame 165...
[2024-09-05 17:05:55,408][main][INFO] - Extracting frame 166...
[2024-09-05 17:05:56,015][main][INFO] - Extracting frame 167...
[2024-09-05 17:05:56,599][main][INFO] - Extracting frame 168...
[2024-09-05 17:05:57,175][main][INFO] - Extracting frame 169...
[2024-09-05 17:05:57,779][main][INFO] - Extracting frame 170...
[2024-09-05 17:05:58,383][main][INFO] - Extracting frame 171...
[2024-09-05 17:05:58,936][main][INFO] - Extracting frame 172...
[2024-09-05 17:05:59,506][main][INFO] - Extracting frame 173...
[2024-09-05 17:06:00,127][main][INFO] - Extracting frame 174...
[2024-09-05 17:06:00,741][main][INFO] - Extracting frame 175...
[2024-09-05 17:06:01,318][main][INFO] - Extracting frame 176...
[2024-09-05 17:06:01,906][main][INFO] - Extracting frame 177...
[2024-09-05 17:06:02,474][main][INFO] - Extracting frame 178...
[2024-09-05 17:06:03,048][main][INFO] - Extracting frame 179...
[2024-09-05 17:06:03,593][main][INFO] - Extracting frame 180...
[2024-09-05 17:06:04,197][main][INFO] - Extracting frame 181...
[2024-09-05 17:06:04,737][main][INFO] - Extracting frame 182...
[2024-09-05 17:06:05,291][main][INFO] - Extracting frame 183...
[2024-09-05 17:06:05,815][main][INFO] - Extracting frame 184...
[2024-09-05 17:06:06,379][main][INFO] - Extracting frame 185...
[2024-09-05 17:06:07,000][main][INFO] - Extracting frame 186...
[2024-09-05 17:06:07,520][main][INFO] - Extracting frame 187...
[2024-09-05 17:06:08,095][main][INFO] - Extracting frame 188...
[2024-09-05 17:06:08,653][main][INFO] - Extracting frame 189...
[2024-09-05 17:06:09,165][main][INFO] - Extracting frame 190...
[2024-09-05 17:06:09,702][main][INFO] - Extracting frame 191...
[2024-09-05 17:06:10,235][main][INFO] - Extracting frame 192...
[2024-09-05 17:06:10,742][main][INFO] - Extracting frame 193...
[2024-09-05 17:06:10,743][main][INFO] - Break: frame_number_internal exceeds total number of frames.
[2024-09-05 17:06:10,743][main][INFO] - All frames extracted.
[2024-09-05 17:06:10,743][main][INFO] - Frame number: 157
[2024-09-05 17:06:10,744][main][INFO] - Enhance frames...
[2024-09-05 17:06:10,744][main][INFO] - Grouping files in sets...
[2024-09-05 17:06:10,745][main][INFO] - Moving files to staging directory...
[2024-09-05 17:06:10,746][main][INFO] - Keeping every third file and removing the others...
[2024-09-05 17:06:10,747][main][INFO] - Processing file /mnt/geosense/cameras/G5Bullet_31/mp4/File_005_File_005_File_005_File_005_File_005_File_005_File_005_File_005_File_005_G5Bullet_31_F4E2C678CB5A_2024-09-03_6_0.mp4...
[2024-09-05 17:06:10,810][main][INFO] - Frame rate: 29.999805934372976
[2024-09-05 17:06:10,810][main][INFO] - Extracting frames from video '/mnt/geosense/cameras/G5Bullet_31/mp4/File_005_File_005_File_005_File_005_File_005_File_005_File_005_File_005_File_005_G5Bullet_31_F4E2C678CB5A_2024-09-03_6_0.mp4'...
[2024-09-05 17:06:10,931][main][INFO] - Extracting frame 194...
[2024-09-05 17:06:11,621][main][INFO] - Extracting frame 195...
[2024-09-05 17:06:12,291][main][INFO] - Extracting frame 196...
[2024-09-05 17:06:12,954][main][INFO] - Extracting frame 197...
[2024-09-05 17:06:13,666][main][INFO] - Extracting frame 198...
[2024-09-05 17:06:14,311][main][INFO] - Extracting frame 199...
[2024-09-05 17:06:14,896][main][INFO] - Extracting frame 200...
[2024-09-05 17:06:15,512][main][INFO] - Extracting frame 201...
[2024-09-05 17:06:16,073][main][INFO] - Extracting frame 202...
[2024-09-05 17:06:16,795][main][INFO] - Extracting frame 203...
[2024-09-05 17:06:17,496][main][INFO] - Extracting frame 204...
[2024-09-05 17:06:18,211][main][INFO] - Extracting frame 205...
[2024-09-05 17:06:18,985][main][INFO] - Extracting frame 206...
[2024-09-05 17:06:19,859][main][INFO] - Extracting frame 207...
[2024-09-05 17:06:20,619][main][INFO] - Extracting frame 208...
[2024-09-05 17:06:21,380][main][INFO] - Extracting frame 209...
[2024-09-05 17:06:22,082][main][INFO] - Extracting frame 210...
[2024-09-05 17:06:22,746][main][INFO] - Extracting frame 211...
[2024-09-05 17:06:23,463][main][INFO] - Extracting frame 212...
[2024-09-05 17:06:24,224][main][INFO] - Extracting frame 213...
[2024-09-05 17:06:24,888][main][INFO] - Extracting frame 214...
[2024-09-05 17:06:25,605][main][INFO] - Extracting frame 215...
[2024-09-05 17:06:26,330][main][INFO] - Extracting frame 216...
[2024-09-05 17:06:27,027][main][INFO] - Extracting frame 217...
[2024-09-05 17:06:27,633][main][INFO] - Extracting frame 218...
[2024-09-05 17:06:28,280][main][INFO] - Extracting frame 219...
[2024-09-05 17:06:28,281][main][INFO] - Break: frame_number_internal exceeds total number of frames.
[2024-09-05 17:06:28,281][main][INFO] - All frames extracted.
[2024-09-05 17:06:28,281][main][INFO] - Frame number: 194
[2024-09-05 17:06:28,282][main][INFO] - Enhance frames...
[2024-09-05 17:06:28,283][main][INFO] - Grouping files in sets...
[2024-09-05 17:06:28,283][main][INFO] - Moving files to staging directory...
[2024-09-05 17:06:28,284][main][INFO] - Keeping every third file and removing the others...
[2024-09-05 17:06:28,285][main][INFO] - Processing file /mnt/geosense/cameras/G5Bullet_31/mp4/File_006_File_006_File_006_File_006_File_006_File_006_File_006_File_006_File_006_G5Bullet_31_F4E2C678CB5A_2024-09-03_7_0.mp4...
[2024-09-05 17:06:28,343][main][INFO] - Frame rate: 29.24225256857395
[2024-09-05 17:06:28,343][main][INFO] - Extracting frames from video '/mnt/geosense/cameras/G5Bullet_31/mp4/File_006_File_006_File_006_File_006_File_006_File_006_File_006_File_006_File_006_G5Bullet_31_F4E2C678CB5A_2024-09-03_7_0.mp4'...
[2024-09-05 17:06:28,484][main][INFO] - Extracting frame 220...
[2024-09-05 17:06:29,229][main][INFO] - Extracting frame 221...
[2024-09-05 17:06:30,030][main][INFO] - Extracting frame 222...
[2024-09-05 17:06:30,807][main][INFO] - Extracting frame 223...
[2024-09-05 17:06:31,474][main][INFO] - Extracting frame 224...
[2024-09-05 17:06:32,230][main][INFO] - Extracting frame 225...
[2024-09-05 17:06:32,857][main][INFO] - Extracting frame 226...
[2024-09-05 17:06:33,594][main][INFO] - Extracting frame 227...
[2024-09-05 17:06:34,263][main][INFO] - Extracting frame 228...
[2024-09-05 17:06:34,934][main][INFO] - Extracting frame 229...
[2024-09-05 17:06:35,653][main][INFO] - Extracting frame 230...
[2024-09-05 17:06:36,403][main][INFO] - Extracting frame 231...
[2024-09-05 17:06:37,139][main][INFO] - Extracting frame 232...
[2024-09-05 17:06:38,014][main][INFO] - Extracting frame 233...
[2024-09-05 17:06:38,734][main][INFO] - Extracting frame 234...
[2024-09-05 17:06:41,494][main][INFO] - Extracting frame 235...
[2024-09-05 17:06:42,038][main][INFO] - Extracting frame 236...
[2024-09-05 17:06:42,637][main][INFO] - Extracting frame 237...
[2024-09-05 17:06:43,255][main][INFO] - Extracting frame 238...
[2024-09-05 17:06:43,866][main][INFO] - Extracting frame 239...
[2024-09-05 17:06:44,426][main][INFO] - Extracting frame 240...
[2024-09-05 17:06:45,130][main][INFO] - Extracting frame 241...
[2024-09-05 17:06:45,807][main][INFO] - Extracting frame 242...
[2024-09-05 17:06:45,807][main][INFO] - Break: frame_number_internal exceeds total number of frames.
[2024-09-05 17:06:45,808][main][INFO] - All frames extracted.
[2024-09-05 17:06:45,808][main][INFO] - Frame number: 220
[2024-09-05 17:06:45,808][main][INFO] - Enhance frames...
[2024-09-05 17:06:45,809][main][INFO] - Grouping files in sets...
[2024-09-05 17:06:45,809][main][INFO] - Moving files to staging directory...
[2024-09-05 17:06:45,810][main][INFO] - Keeping every third file and removing the others...
[2024-09-05 17:06:45,811][main][INFO] - Processing file /mnt/geosense/cameras/G5Bullet_31/mp4/File_007_File_007_File_007_File_007_File_007_File_007_File_007_File_007_File_007_G5Bullet_31_F4E2C678CB5A_2024-09-03_8_0.mp4...
[2024-09-05 17:06:45,863][main][INFO] - Frame rate: 29.085844395772817
[2024-09-05 17:06:45,863][main][INFO] - Extracting frames from video '/mnt/geosense/cameras/G5Bullet_31/mp4/File_007_File_007_File_007_File_007_File_007_File_007_File_007_File_007_File_007_G5Bullet_31_F4E2C678CB5A_2024-09-03_8_0.mp4'...
[2024-09-05 17:06:45,986][main][INFO] - Extracting frame 243...
[2024-09-05 17:06:46,768][main][INFO] - Extracting frame 244...
[2024-09-05 17:06:47,533][main][INFO] - Extracting frame 245...
[2024-09-05 17:06:48,247][main][INFO] - Extracting frame 246...
[2024-09-05 17:06:48,953][main][INFO] - Extracting frame 247...
[2024-09-05 17:06:49,728][main][INFO] - Extracting frame 248...
[2024-09-05 17:06:50,555][main][INFO] - Extracting frame 249...
[2024-09-05 17:06:51,311][main][INFO] - Extracting frame 250...
[2024-09-05 17:06:53,904][main][INFO] - Extracting frame 251...
[2024-09-05 17:06:54,588][main][INFO] - Extracting frame 252...
[2024-09-05 17:06:56,325][main][INFO] - Extracting frame 253...
[2024-09-05 17:06:56,717][main][INFO] - Extracting frame 254...
[2024-09-05 17:06:56,950][main][INFO] - Extracting frame 255...
[2024-09-05 17:06:57,185][main][INFO] - Extracting frame 256...
[2024-09-05 17:06:57,651][main][INFO] - Extracting frame 257...
[2024-09-05 17:06:57,989][main][INFO] - Extracting frame 258...
[2024-09-05 17:06:58,301][main][INFO] - Extracting frame 259...
[2024-09-05 17:06:58,688][main][INFO] - Extracting frame 260...
[2024-09-05 17:06:58,999][main][INFO] - Extracting frame 261...
[2024-09-05 17:06:58,999][main][INFO] - Break: frame_number_internal exceeds total number of frames.
[2024-09-05 17:06:59,000][main][INFO] - All frames extracted.
[2024-09-05 17:06:59,000][main][INFO] - Frame number: 243
[2024-09-05 17:06:59,001][main][INFO] - Enhance frames...
[2024-09-05 17:06:59,001][main][INFO] - Grouping files in sets...
[2024-09-05 17:06:59,001][main][INFO] - Moving files to staging directory...
[2024-09-05 17:06:59,002][main][INFO] - Keeping every third file and removing the others...
[2024-09-05 17:06:59,002][main][INFO] - Processing file /mnt/geosense/cameras/G5Bullet_31/mp4/File_008_File_008_File_008_File_008_File_008_File_008_File_008_File_008_File_008_G5Bullet_31_F4E2C678CB5A_2024-09-03_9_0.mp4...
[2024-09-05 17:06:59,059][main][INFO] - Frame rate: 27.43558795321243
[2024-09-05 17:06:59,059][main][INFO] - Extracting frames from video '/mnt/geosense/cameras/G5Bullet_31/mp4/File_008_File_008_File_008_File_008_File_008_File_008_File_008_File_008_File_008_G5Bullet_31_F4E2C678CB5A_2024-09-03_9_0.mp4'...
[2024-09-05 17:06:59,195][main][INFO] - Extracting frame 262...
[2024-09-05 17:07:03,486][main][INFO] - Extracting frame 263...
[2024-09-05 17:07:04,254][main][INFO] - Extracting frame 264...
[2024-09-05 17:07:05,015][main][INFO] - Extracting frame 265...
[2024-09-05 17:07:05,646][main][INFO] - Extracting frame 266...
[2024-09-05 17:07:06,408][main][INFO] - Extracting frame 267...
[2024-09-05 17:07:06,638][main][INFO] - Extracting frame 268...
[2024-09-05 17:07:06,821][main][INFO] - Extracting frame 269...
[2024-09-05 17:07:07,039][main][INFO] - Extracting frame 270...
[2024-09-05 17:07:07,953][main][INFO] - Extracting frame 271...
[2024-09-05 17:07:08,852][main][INFO] - Extracting frame 272...
[2024-09-05 17:07:09,736][main][INFO] - Extracting frame 273...
[2024-09-05 17:07:14,665][main][INFO] - Extracting frame 274...
[2024-09-05 17:07:15,680][main][INFO] - Extracting frame 275...
[2024-09-05 17:07:16,686][main][INFO] - Extracting frame 276...
[2024-09-05 17:07:17,533][main][INFO] - Extracting frame 277...
[2024-09-05 17:07:18,285][main][INFO] - Extracting frame 278...
[2024-09-05 17:07:19,077][main][INFO] - Extracting frame 279...
[2024-09-05 17:07:20,160][main][INFO] - Extracting frame 280...
[2024-09-05 17:07:21,158][main][INFO] - Extracting frame 281...
[2024-09-05 17:07:21,158][main][INFO] - Break: frame_number_internal exceeds total number of frames.
[2024-09-05 17:07:21,159][main][INFO] - All frames extracted.
[2024-09-05 17:07:21,159][main][INFO] - Frame number: 262
[2024-09-05 17:07:21,160][main][INFO] - Enhance frames...
[2024-09-05 17:07:21,160][main][INFO] - Grouping files in sets...
[2024-09-05 17:07:21,160][main][INFO] - Moving files to staging directory...
[2024-09-05 17:07:21,161][main][INFO] - Keeping every third file and removing the others...
[2024-09-05 17:07:21,162][main][INFO] - Processing file /mnt/geosense/cameras/G5Bullet_31/mp4/File_009_File_009_File_009_File_009_File_009_File_009_File_009_File_009_File_009_G5Bullet_31_F4E2C678CB5A_2024-09-03_10_0.mp4...
[2024-09-05 17:07:21,253][main][INFO] - Frame rate: 29.271065797483075
[2024-09-05 17:07:21,253][main][INFO] - Extracting frames from video '/mnt/geosense/cameras/G5Bullet_31/mp4/File_009_File_009_File_009_File_009_File_009_File_009_File_009_File_009_File_009_G5Bullet_31_F4E2C678CB5A_2024-09-03_10_0.mp4'...
[2024-09-05 17:07:21,386][main][INFO] - Extracting frame 282...
[2024-09-05 17:07:22,129][main][INFO] - Extracting frame 283...
[2024-09-05 17:07:22,747][main][INFO] - Extracting frame 284...
[2024-09-05 17:07:23,626][main][INFO] - Extracting frame 285...
[2024-09-05 17:07:24,554][main][INFO] - Extracting frame 286...
[2024-09-05 17:07:25,310][main][INFO] - Extracting frame 287...
[2024-09-05 17:07:25,975][main][INFO] - Extracting frame 288...
[2024-09-05 17:07:26,721][main][INFO] - Extracting frame 289...
[2024-09-05 17:07:27,311][main][INFO] - Extracting frame 290...
[2024-09-05 17:07:27,876][main][INFO] - Extracting frame 291...
[2024-09-05 17:07:28,450][main][INFO] - Extracting frame 292...
[2024-09-05 17:07:29,052][main][INFO] - Extracting frame 293...
[2024-09-05 17:07:29,857][main][INFO] - Extracting frame 294...
[2024-09-05 17:07:30,480][main][INFO] - Extracting frame 295...
[2024-09-05 17:07:31,069][main][INFO] - Extracting frame 296...
[2024-09-05 17:07:31,672][main][INFO] - Extracting frame 297...
[2024-09-05 17:07:32,257][main][INFO] - Extracting frame 298...
[2024-09-05 17:07:33,063][main][INFO] - Extracting frame 299...
[2024-09-05 17:07:33,708][main][INFO] - Extracting frame 300...
[2024-09-05 17:07:34,343][main][INFO] - Extracting frame 301...
[2024-09-05 17:07:34,859][main][INFO] - Extracting frame 302...
[2024-09-05 17:07:35,381][main][INFO] - Extracting frame 303...
[2024-09-05 17:07:35,381][main][INFO] - Break: frame_number_internal exceeds total number of frames.
[2024-09-05 17:07:35,381][main][INFO] - All frames extracted.
[2024-09-05 17:07:35,381][main][INFO] - Frame number: 282
[2024-09-05 17:07:35,383][main][INFO] - Enhance frames...
[2024-09-05 17:07:35,383][main][INFO] - Grouping files in sets...
[2024-09-05 17:07:35,383][main][INFO] - Moving files to staging directory...
[2024-09-05 17:07:35,384][main][INFO] - Keeping every third file and removing the others...
[2024-09-05 17:07:35,385][main][INFO] - Processing file /mnt/geosense/cameras/G5Bullet_31/mp4/File_010_File_010_File_010_File_010_File_010_File_010_File_010_File_010_File_010_G5Bullet_31_F4E2C678CB5A_2024-09-03_11_0.mp4...
[2024-09-05 17:07:35,450][main][INFO] - Frame rate: 29.998752200566617
[2024-09-05 17:07:35,450][main][INFO] - Extracting frames from video '/mnt/geosense/cameras/G5Bullet_31/mp4/File_010_File_010_File_010_File_010_File_010_File_010_File_010_File_010_File_010_G5Bullet_31_F4E2C678CB5A_2024-09-03_11_0.mp4'...
[2024-09-05 17:07:35,596][main][INFO] - Extracting frame 304...
[2024-09-05 17:07:36,285][main][INFO] - Extracting frame 305...
[2024-09-05 17:07:37,031][main][INFO] - Extracting frame 306...
[2024-09-05 17:07:37,899][main][INFO] - Extracting frame 307...
[2024-09-05 17:07:38,604][main][INFO] - Extracting frame 308...
[2024-09-05 17:07:39,376][main][INFO] - Extracting frame 309...
[2024-09-05 17:07:40,065][main][INFO] - Extracting frame 310...
[2024-09-05 17:07:40,731][main][INFO] - Extracting frame 311...
[2024-09-05 17:07:41,351][main][INFO] - Extracting frame 312...
[2024-09-05 17:07:42,213][main][INFO] - Extracting frame 313...
[2024-09-05 17:07:43,033][main][INFO] - Extracting frame 314...
[2024-09-05 17:07:43,832][main][INFO] - Extracting frame 315...
[2024-09-05 17:07:44,574][main][INFO] - Extracting frame 316...
[2024-09-05 17:07:45,262][main][INFO] - Extracting frame 317...
[2024-09-05 17:07:45,939][main][INFO] - Extracting frame 318...
[2024-09-05 17:07:46,699][main][INFO] - Extracting frame 319...
[2024-09-05 17:07:47,352][main][INFO] - Extracting frame 320...
[2024-09-05 17:07:47,993][main][INFO] - Extracting frame 321...
[2024-09-05 17:07:48,627][main][INFO] - Extracting frame 322...
[2024-09-05 17:07:49,315][main][INFO] - Extracting frame 323...
[2024-09-05 17:07:49,933][main][INFO] - Extracting frame 324...
[2024-09-05 17:07:50,632][main][INFO] - Extracting frame 325...
[2024-09-05 17:07:51,272][main][INFO] - Extracting frame 326...
[2024-09-05 17:07:51,938][main][INFO] - Extracting frame 327...
[2024-09-05 17:07:51,939][main][INFO] - Break: frame_number_internal exceeds total number of frames.
[2024-09-05 17:07:51,939][main][INFO] - All frames extracted.
[2024-09-05 17:07:51,939][main][INFO] - Frame number: 304
[2024-09-05 17:07:51,940][main][INFO] - Enhance frames...
[2024-09-05 17:07:51,940][main][INFO] - Grouping files in sets...
[2024-09-05 17:07:51,941][main][INFO] - Moving files to staging directory...
[2024-09-05 17:07:51,942][main][INFO] - Keeping every third file and removing the others...
[2024-09-05 17:07:51,942][main][INFO] - Processing file /mnt/geosense/cameras/G5Bullet_31/mp4/File_011_File_011_File_011_File_011_File_011_File_011_File_011_File_011_File_011_G5Bullet_31_F4E2C678CB5A_2024-09-03_12_0.mp4...
[2024-09-05 17:07:52,041][main][INFO] - Frame rate: 29.6100567888099
[2024-09-05 17:07:52,042][main][INFO] - Extracting frames from video '/mnt/geosense/cameras/G5Bullet_31/mp4/File_011_File_011_File_011_File_011_File_011_File_011_File_011_File_011_File_011_G5Bullet_31_F4E2C678CB5A_2024-09-03_12_0.mp4'...
[2024-09-05 17:07:52,202][main][INFO] - Extracting frame 328...
[2024-09-05 17:07:52,945][main][INFO] - Extracting frame 329...
[2024-09-05 17:07:53,652][main][INFO] - Extracting frame 330...
[2024-09-05 17:07:54,420][main][INFO] - Extracting frame 331...
[2024-09-05 17:07:55,151][main][INFO] - Extracting frame 332...
[2024-09-05 17:07:55,868][main][INFO] - Extracting frame 333...
[2024-09-05 17:07:56,594][main][INFO] - Extracting frame 334...
[2024-09-05 17:07:57,266][main][INFO] - Extracting frame 335...
[2024-09-05 17:07:58,069][main][INFO] - Extracting frame 336...
[2024-09-05 17:07:58,765][main][INFO] - Extracting frame 337...
[2024-09-05 17:07:59,610][main][INFO] - Extracting frame 338...
[2024-09-05 17:08:00,474][main][INFO] - Extracting frame 339...
[2024-09-05 17:08:01,184][main][INFO] - Extracting frame 340...
[2024-09-05 17:08:01,901][main][INFO] - Extracting frame 341...
[2024-09-05 17:08:02,829][main][INFO] - Extracting frame 342...
[2024-09-05 17:08:03,532][main][INFO] - Extracting frame 343...
[2024-09-05 17:08:04,390][main][INFO] - Extracting frame 344...
[2024-09-05 17:08:05,042][main][INFO] - Extracting frame 345...
[2024-09-05 17:08:05,936][main][INFO] - Extracting frame 346...
[2024-09-05 17:08:06,694][main][INFO] - Extracting frame 347...
[2024-09-05 17:08:07,445][main][INFO] - Extracting frame 348...
[2024-09-05 17:08:08,268][main][INFO] - Extracting frame 349...
[2024-09-05 17:08:08,984][main][INFO] - Extracting frame 350...
[2024-09-05 17:08:08,985][main][INFO] - Break: frame_number_internal exceeds total number of frames.
[2024-09-05 17:08:08,985][main][INFO] - All frames extracted.
[2024-09-05 17:08:08,985][main][INFO] - Frame number: 328
[2024-09-05 17:08:08,987][main][INFO] - Enhance frames...
[2024-09-05 17:08:08,987][main][INFO] - Grouping files in sets...
[2024-09-05 17:08:08,987][main][INFO] - Moving files to staging directory...
[2024-09-05 17:08:08,988][main][INFO] - Keeping every third file and removing the others...
[2024-09-05 17:08:08,989][main][INFO] - Processing file /mnt/geosense/cameras/G5Bullet_31/mp4/File_012_File_012_File_012_File_012_File_012_File_012_File_012_File_012_File_012_G5Bullet_31_F4E2C678CB5A_2024-09-03_13_0.mp4...
[2024-09-05 17:08:09,056][main][INFO] - Frame rate: 29.185400104537397
[2024-09-05 17:08:09,056][main][INFO] - Extracting frames from video '/mnt/geosense/cameras/G5Bullet_31/mp4/File_012_File_012_File_012_File_012_File_012_File_012_File_012_File_012_File_012_G5Bullet_31_F4E2C678CB5A_2024-09-03_13_0.mp4'...
[2024-09-05 17:08:09,208][main][INFO] - Extracting frame 351...
[2024-09-05 17:08:09,913][main][INFO] - Extracting frame 352...
[2024-09-05 17:08:10,604][main][INFO] - Extracting frame 353...
[2024-09-05 17:08:11,291][main][INFO] - Extracting frame 354...
[2024-09-05 17:08:12,038][main][INFO] - Extracting frame 355...
[2024-09-05 17:08:12,690][main][INFO] - Extracting frame 356...
[2024-09-05 17:08:13,473][main][INFO] - Extracting frame 357...
[2024-09-05 17:08:14,261][main][INFO] - Extracting frame 358...
[2024-09-05 17:08:15,106][main][INFO] - Extracting frame 359...
[2024-09-05 17:08:15,887][main][INFO] - Extracting frame 360...
[2024-09-05 17:08:16,732][main][INFO] - Extracting frame 361...
[2024-09-05 17:08:17,513][main][INFO] - Extracting frame 362...
[2024-09-05 17:08:18,365][main][INFO] - Extracting frame 363...
[2024-09-05 17:08:24,311][main][INFO] - Extracting frame 364...
[2024-09-05 17:08:25,055][main][INFO] - Extracting frame 365...
[2024-09-05 17:08:25,942][main][INFO] - Extracting frame 366...
[2024-09-05 17:08:26,639][main][INFO] - Extracting frame 367...
[2024-09-05 17:08:27,195][main][INFO] - Extracting frame 368...
[2024-09-05 17:08:27,978][main][INFO] - Extracting frame 369...
[2024-09-05 17:08:28,596][main][INFO] - Extracting frame 370...
[2024-09-05 17:08:29,278][main][INFO] - Extracting frame 371...
[2024-09-05 17:08:29,278][main][INFO] - Break: frame_number_internal exceeds total number of frames.
[2024-09-05 17:08:29,279][main][INFO] - All frames extracted.
[2024-09-05 17:08:29,279][main][INFO] - Frame number: 351
[2024-09-05 17:08:29,280][main][INFO] - Enhance frames...
[2024-09-05 17:08:29,280][main][INFO] - Grouping files in sets...
[2024-09-05 17:08:29,281][main][INFO] - Moving files to staging directory...
[2024-09-05 17:08:29,281][main][INFO] - Keeping every third file and removing the others...
[2024-09-05 17:08:29,282][main][INFO] - Processing file /mnt/geosense/cameras/G5Bullet_31/mp4/File_013_File_013_File_013_File_013_File_013_File_013_File_013_File_013_File_013_G5Bullet_31_F4E2C678CB5A_2024-09-03_14_0.mp4...
[2024-09-05 17:08:29,345][main][INFO] - Frame rate: 29.999828700529694
[2024-09-05 17:08:29,346][main][INFO] - Extracting frames from video '/mnt/geosense/cameras/G5Bullet_31/mp4/File_013_File_013_File_013_File_013_File_013_File_013_File_013_File_013_File_013_G5Bullet_31_F4E2C678CB5A_2024-09-03_14_0.mp4'...
[2024-09-05 17:08:29,492][main][INFO] - Extracting frame 372...
[2024-09-05 17:08:30,308][main][INFO] - Extracting frame 373...
[2024-09-05 17:08:31,273][main][INFO] - Extracting frame 374...
[2024-09-05 17:08:32,157][main][INFO] - Extracting frame 375...
[2024-09-05 17:08:32,954][main][INFO] - Extracting frame 376...
[2024-09-05 17:08:33,738][main][INFO] - Extracting frame 377...
[2024-09-05 17:08:34,578][main][INFO] - Extracting frame 378...
[2024-09-05 17:08:35,260][main][INFO] - Extracting frame 379...
[2024-09-05 17:08:35,928][main][INFO] - Extracting frame 380...
[2024-09-05 17:08:36,591][main][INFO] - Extracting frame 381...
[2024-09-05 17:08:37,463][main][INFO] - Extracting frame 382...
[2024-09-05 17:08:38,113][main][INFO] - Extracting frame 383...
[2024-09-05 17:08:38,731][main][INFO] - Extracting frame 384...
[2024-09-05 17:08:39,399][main][INFO] - Extracting frame 385...
[2024-09-05 17:08:40,089][main][INFO] - Extracting frame 386...
[2024-09-05 17:08:40,806][main][INFO] - Extracting frame 387...
[2024-09-05 17:08:41,648][main][INFO] - Extracting frame 388...
[2024-09-05 17:08:42,715][main][INFO] - Extracting frame 389...
[2024-09-05 17:08:43,675][main][INFO] - Extracting frame 390...
[2024-09-05 17:08:43,676][main][INFO] - Break: frame_number_internal exceeds total number of frames.
[2024-09-05 17:08:43,676][main][INFO] - All frames extracted.
[2024-09-05 17:08:43,676][main][INFO] - Frame number: 372
[2024-09-05 17:08:43,677][main][INFO] - Enhance frames...
[2024-09-05 17:08:43,677][main][INFO] - Grouping files in sets...
[2024-09-05 17:08:43,678][main][INFO] - Moving files to staging directory...
[2024-09-05 17:08:43,679][main][INFO] - Keeping every third file and removing the others...
[2024-09-05 17:08:43,679][main][INFO] - Processing file /mnt/geosense/cameras/G5Bullet_31/mp4/File_014_File_014_File_014_File_014_File_014_File_014_File_014_File_014_File_014_G5Bullet_31_F4E2C678CB5A_2024-09-03_15_0.mp4...
[2024-09-05 17:08:43,736][main][INFO] - Frame rate: 28.670082645615533
[2024-09-05 17:08:43,736][main][INFO] - Extracting frames from video '/mnt/geosense/cameras/G5Bullet_31/mp4/File_014_File_014_File_014_File_014_File_014_File_014_File_014_File_014_File_014_G5Bullet_31_F4E2C678CB5A_2024-09-03_15_0.mp4'...
[2024-09-05 17:08:43,869][main][INFO] - Extracting frame 391...
[2024-09-05 17:08:44,761][main][INFO] - Extracting frame 392...
[2024-09-05 17:08:45,475][main][INFO] - Extracting frame 393...
[2024-09-05 17:08:46,394][main][INFO] - Extracting frame 394...
[2024-09-05 17:08:47,251][main][INFO] - Extracting frame 395...
[2024-09-05 17:08:48,177][main][INFO] - Extracting frame 396...
[2024-09-05 17:08:48,907][main][INFO] - Extracting frame 397...
[2024-09-05 17:08:49,626][main][INFO] - Extracting frame 398...
[2024-09-05 17:08:50,742][main][INFO] - Extracting frame 399...
[2024-09-05 17:08:51,319][main][INFO] - Extracting frame 400...
[2024-09-05 17:08:52,017][main][INFO] - Extracting frame 401...
[2024-09-05 17:08:52,352][main][INFO] - Extracting frame 402...
[2024-09-05 17:08:52,571][main][INFO] - Extracting frame 403...
[2024-09-05 17:08:52,972][main][INFO] - Extracting frame 404...
[2024-09-05 17:08:53,228][main][INFO] - Extracting frame 405...
[2024-09-05 17:08:53,530][main][INFO] - Extracting frame 406...
[2024-09-05 17:08:53,761][main][INFO] - Extracting frame 407...
[2024-09-05 17:08:54,086][main][INFO] - Extracting frame 408...
[2024-09-05 17:08:54,389][main][INFO] - Extracting frame 409...
[2024-09-05 17:08:54,390][main][INFO] - Break: frame_number_internal exceeds total number of frames.
[2024-09-05 17:08:54,390][main][INFO] - All frames extracted.
[2024-09-05 17:08:54,390][main][INFO] - Frame number: 391
[2024-09-05 17:08:54,391][main][INFO] - Enhance frames...
[2024-09-05 17:08:54,392][main][INFO] - Grouping files in sets...
[2024-09-05 17:08:54,392][main][INFO] - Moving files to staging directory...
[2024-09-05 17:08:54,394][main][INFO] - Keeping every third file and removing the others...
[2024-09-05 17:08:54,394][main][INFO] - Processing file /mnt/geosense/cameras/G5Bullet_31/mp4/File_015_File_015_File_015_File_015_File_015_File_015_File_015_File_015_File_015_G5Bullet_31_F4E2C678CB5A_2024-09-03_16_0.mp4...
[2024-09-05 17:08:54,452][main][INFO] - Frame rate: 28.602562914579742
[2024-09-05 17:08:54,452][main][INFO] - Extracting frames from video '/mnt/geosense/cameras/G5Bullet_31/mp4/File_015_File_015_File_015_File_015_File_015_File_015_File_015_File_015_File_015_G5Bullet_31_F4E2C678CB5A_2024-09-03_16_0.mp4'...
[2024-09-05 17:08:54,553][main][INFO] - Extracting frame 410...
[2024-09-05 17:08:55,387][main][INFO] - Extracting frame 411...
[2024-09-05 17:08:56,426][main][INFO] - Extracting frame 412...
[2024-09-05 17:08:57,135][main][INFO] - Extracting frame 413...
[2024-09-05 17:08:58,005][main][INFO] - Extracting frame 414...
[2024-09-05 17:08:58,234][main][INFO] - Extracting frame 415...
[2024-09-05 17:08:58,494][main][INFO] - Extracting frame 416...
[2024-09-05 17:08:58,696][main][INFO] - Extracting frame 417...
[2024-09-05 17:08:58,877][main][INFO] - Extracting frame 418...
[2024-09-05 17:08:59,117][main][INFO] - Extracting frame 419...
[2024-09-05 17:08:59,321][main][INFO] - Extracting frame 420...
[2024-09-05 17:09:06,056][main][INFO] - Extracting frame 421...
[2024-09-05 17:09:07,175][main][INFO] - Extracting frame 422...
[2024-09-05 17:09:07,924][main][INFO] - Extracting frame 423...
[2024-09-05 17:09:08,706][main][INFO] - Extracting frame 424...
[2024-09-05 17:09:09,585][main][INFO] - Extracting frame 425...
[2024-09-05 17:09:10,439][main][INFO] - Extracting frame 426...
[2024-09-05 17:09:10,440][main][INFO] - Break: frame_number_internal exceeds total number of frames.
[2024-09-05 17:09:10,440][main][INFO] - All frames extracted.
[2024-09-05 17:09:10,440][main][INFO] - Frame number: 410
[2024-09-05 17:09:10,441][main][INFO] - Enhance frames...
[2024-09-05 17:09:10,441][main][INFO] - Grouping files in sets...
[2024-09-05 17:09:10,442][main][INFO] - Moving files to staging directory...
[2024-09-05 17:09:10,442][main][INFO] - Keeping every third file and removing the others...
[2024-09-05 17:09:10,443][main][INFO] - Processing file /mnt/geosense/cameras/G5Bullet_31/mp4/File_016_File_016_File_016_File_016_File_016_File_016_File_016_File_016_File_016_G5Bullet_31_F4E2C678CB5A_2024-09-03_17_0.mp4...
[2024-09-05 17:09:10,501][main][INFO] - Frame rate: 28.42812785931804
[2024-09-05 17:09:10,501][main][INFO] - Extracting frames from video '/mnt/geosense/cameras/G5Bullet_31/mp4/File_016_File_016_File_016_File_016_File_016_File_016_File_016_File_016_File_016_G5Bullet_31_F4E2C678CB5A_2024-09-03_17_0.mp4'...
[2024-09-05 17:09:10,634][main][INFO] - Extracting frame 427...
[2024-09-05 17:09:16,725][main][INFO] - Extracting frame 428...
[2024-09-05 17:09:17,357][main][INFO] - Extracting frame 429...
[2024-09-05 17:09:18,201][main][INFO] - Extracting frame 430...
[2024-09-05 17:09:18,743][main][INFO] - Extracting frame 431...
[2024-09-05 17:09:19,358][main][INFO] - Extracting frame 432...
[2024-09-05 17:09:19,735][main][INFO] - Extracting frame 433...
[2024-09-05 17:09:20,045][main][INFO] - Extracting frame 434...
[2024-09-05 17:09:20,423][main][INFO] - Extracting frame 435...
[2024-09-05 17:09:20,740][main][INFO] - Extracting frame 436...
[2024-09-05 17:09:21,037][main][INFO] - Extracting frame 437...
[2024-09-05 17:09:21,346][main][INFO] - Extracting frame 438...
[2024-09-05 17:09:21,548][main][INFO] - Extracting frame 439...
[2024-09-05 17:09:21,830][main][INFO] - Extracting frame 440...
[2024-09-05 17:09:22,157][main][INFO] - Extracting frame 441...
[2024-09-05 17:09:22,438][main][INFO] - Extracting frame 442...
[2024-09-05 17:09:22,438][main][INFO] - Break: frame_number_internal exceeds total number of frames.
[2024-09-05 17:09:22,439][main][INFO] - All frames extracted.
[2024-09-05 17:09:22,439][main][INFO] - Frame number: 427
[2024-09-05 17:09:22,440][main][INFO] - Enhance frames...
[2024-09-05 17:09:22,440][main][INFO] - Grouping files in sets...
[2024-09-05 17:09:22,440][main][INFO] - Moving files to staging directory...
[2024-09-05 17:09:22,441][main][INFO] - Keeping every third file and removing the others...
[2024-09-05 17:09:22,441][main][INFO] - Processing file /mnt/geosense/cameras/G5Bullet_31/mp4/File_017_File_017_File_017_File_017_File_017_File_017_File_017_File_017_File_017_G5Bullet_31_F4E2C678CB5A_2024-09-03_18_0.mp4...
[2024-09-05 17:09:22,470][main][INFO] - Frame rate: 27.675485732096067
[2024-09-05 17:09:22,470][main][INFO] - Extracting frames from video '/mnt/geosense/cameras/G5Bullet_31/mp4/File_017_File_017_File_017_File_017_File_017_File_017_File_017_File_017_File_017_G5Bullet_31_F4E2C678CB5A_2024-09-03_18_0.mp4'...
[2024-09-05 17:09:22,545][main][INFO] - Extracting frame 443...
[2024-09-05 17:09:23,492][main][INFO] - Extracting frame 444...
[2024-09-05 17:09:24,186][main][INFO] - Extracting frame 445...
[2024-09-05 17:09:25,248][main][INFO] - Extracting frame 446...
[2024-09-05 17:09:25,458][main][INFO] - Extracting frame 447...
[2024-09-05 17:09:25,790][main][INFO] - Extracting frame 448...
[2024-09-05 17:09:26,115][main][INFO] - Extracting frame 449...
[2024-09-05 17:09:26,461][main][INFO] - Extracting frame 450...
[2024-09-05 17:09:28,904][main][INFO] - Extracting frame 451...
[2024-09-05 17:09:29,072][main][INFO] - Extracting frame 452...
[2024-09-05 17:09:29,239][main][INFO] - Extracting frame 453...
[2024-09-05 17:09:29,433][main][INFO] - Extracting frame 454...
[2024-09-05 17:09:29,641][main][INFO] - Extracting frame 455...
[2024-09-05 17:09:29,853][main][INFO] - Extracting frame 456...
[2024-09-05 17:09:30,021][main][INFO] - Extracting frame 457...
[2024-09-05 17:09:30,236][main][INFO] - Extracting frame 458...
[2024-09-05 17:09:31,502][main][INFO] - Extracting frame 459...
[2024-09-05 17:09:32,296][main][INFO] - Extracting frame 460...
[2024-09-05 17:09:32,296][main][INFO] - Break: frame_number_internal exceeds total number of frames.
[2024-09-05 17:09:32,297][main][INFO] - All frames extracted.
[2024-09-05 17:09:32,297][main][INFO] - Frame number: 443
[2024-09-05 17:09:32,298][main][INFO] - Enhance frames...
[2024-09-05 17:09:32,298][main][INFO] - Grouping files in sets...
[2024-09-05 17:09:32,299][main][INFO] - Moving files to staging directory...
[2024-09-05 17:09:32,299][main][INFO] - Keeping every third file and removing the others...
[2024-09-05 17:09:32,300][main][INFO] - Processing file /mnt/geosense/cameras/G5Bullet_31/mp4/File_018_File_018_File_018_File_018_File_018_File_018_File_018_File_018_File_018_G5Bullet_31_F4E2C678CB5A_2024-09-03_19_0.mp4...
[2024-09-05 17:09:32,354][main][INFO] - Frame rate: 24.257270163893192
[2024-09-05 17:09:32,355][main][INFO] - Extracting frames from video '/mnt/geosense/cameras/G5Bullet_31/mp4/File_018_File_018_File_018_File_018_File_018_File_018_File_018_File_018_File_018_G5Bullet_31_F4E2C678CB5A_2024-09-03_19_0.mp4'...
[2024-09-05 17:09:32,492][main][INFO] - Extracting frame 461...
[2024-09-05 17:09:33,117][main][INFO] - Extracting frame 462...
[2024-09-05 17:09:35,432][main][INFO] - Extracting frame 463...
[2024-09-05 17:09:35,432][main][INFO] - Break: frame_number_internal exceeds total number of frames.
[2024-09-05 17:09:35,433][main][INFO] - All frames extracted.
[2024-09-05 17:09:35,433][main][INFO] - Frame number: 461
[2024-09-05 17:09:35,434][main][INFO] - Enhance frames...
[2024-09-05 17:09:35,434][main][INFO] - Grouping files in sets...
[2024-09-05 17:09:35,434][main][INFO] - Moving files to staging directory...
[2024-09-05 17:09:35,434][main][INFO] - Keeping every third file and removing the others...
[2024-09-05 17:09:35,435][main][INFO] - Processing file /mnt/geosense/cameras/G5Bullet_31/mp4/File_019_File_019_File_019_File_019_File_019_File_019_File_019_File_019_File_019_G5Bullet_31_F4E2C678CB5A_2024-09-03_20_0.mp4...
[2024-09-05 17:09:35,480][main][INFO] - Frame rate: 29.99966612849543
[2024-09-05 17:09:35,480][main][INFO] - Extracting frames from video '/mnt/geosense/cameras/G5Bullet_31/mp4/File_019_File_019_File_019_File_019_File_019_File_019_File_019_File_019_File_019_G5Bullet_31_F4E2C678CB5A_2024-09-03_20_0.mp4'...
[2024-09-05 17:09:35,586][main][INFO] - Extracting frame 464...
[2024-09-05 17:09:36,408][main][INFO] - Extracting frame 465...
[2024-09-05 17:09:37,157][main][INFO] - Extracting frame 466...
[2024-09-05 17:09:37,926][main][INFO] - Extracting frame 467...
[2024-09-05 17:09:38,699][main][INFO] - Extracting frame 468...
[2024-09-05 17:09:39,366][main][INFO] - Extracting frame 469...
[2024-09-05 17:09:40,219][main][INFO] - Extracting frame 470...
[2024-09-05 17:09:41,144][main][INFO] - Extracting frame 471...
[2024-09-05 17:09:41,834][main][INFO] - Extracting frame 472...
[2024-09-05 17:09:42,626][main][INFO] - Extracting frame 473...
[2024-09-05 17:09:43,582][main][INFO] - Extracting frame 474...
[2024-09-05 17:09:44,409][main][INFO] - Extracting frame 475...
[2024-09-05 17:09:45,076][main][INFO] - Extracting frame 476...
[2024-09-05 17:09:45,762][main][INFO] - Extracting frame 477...
[2024-09-05 17:09:46,450][main][INFO] - Extracting frame 478...
[2024-09-05 17:09:47,085][main][INFO] - Extracting frame 479...
[2024-09-05 17:09:47,805][main][INFO] - Extracting frame 480...
[2024-09-05 17:09:48,501][main][INFO] - Extracting frame 481...
[2024-09-05 17:09:49,206][main][INFO] - Extracting frame 482...
[2024-09-05 17:09:49,846][main][INFO] - Extracting frame 483...
[2024-09-05 17:09:50,508][main][INFO] - Extracting frame 484...
[2024-09-05 17:09:50,509][main][INFO] - Break: frame_number_internal exceeds total number of frames.
[2024-09-05 17:09:50,509][main][INFO] - All frames extracted.
[2024-09-05 17:09:50,509][main][INFO] - Frame number: 464
[2024-09-05 17:09:50,510][main][INFO] - Enhance frames...
[2024-09-05 17:09:50,510][main][INFO] - Grouping files in sets...
[2024-09-05 17:09:50,511][main][INFO] - Moving files to staging directory...
[2024-09-05 17:09:50,512][main][INFO] - Keeping every third file and removing the others...
[2024-09-05 17:09:50,512][main][INFO] - Processing file /mnt/geosense/cameras/G5Bullet_31/mp4/File_020_File_020_File_020_File_020_File_020_File_020_File_020_File_020_File_020_G5Bullet_31_F4E2C678CB5A_2024-09-03_21_0.mp4...
[2024-09-05 17:09:50,566][main][INFO] - Frame rate: 29.9998091014011
[2024-09-05 17:09:50,566][main][INFO] - Extracting frames from video '/mnt/geosense/cameras/G5Bullet_31/mp4/File_020_File_020_File_020_File_020_File_020_File_020_File_020_File_020_File_020_G5Bullet_31_F4E2C678CB5A_2024-09-03_21_0.mp4'...
[2024-09-05 17:09:50,690][main][INFO] - Extracting frame 485...
[2024-09-05 17:09:51,707][main][INFO] - Extracting frame 486...
[2024-09-05 17:09:52,432][main][INFO] - Extracting frame 487...
[2024-09-05 17:09:53,124][main][INFO] - Extracting frame 488...
[2024-09-05 17:09:53,883][main][INFO] - Extracting frame 489...
[2024-09-05 17:09:54,638][main][INFO] - Extracting frame 490...
[2024-09-05 17:09:55,340][main][INFO] - Extracting frame 491...
[2024-09-05 17:09:56,006][main][INFO] - Extracting frame 492...
[2024-09-05 17:09:56,676][main][INFO] - Extracting frame 493...
[2024-09-05 17:09:57,354][main][INFO] - Extracting frame 494...
[2024-09-05 17:09:58,081][main][INFO] - Extracting frame 495...
[2024-09-05 17:09:58,805][main][INFO] - Extracting frame 496...
[2024-09-05 17:09:59,427][main][INFO] - Extracting frame 497...
[2024-09-05 17:10:00,094][main][INFO] - Extracting frame 498...
[2024-09-05 17:10:00,823][main][INFO] - Extracting frame 499...
[2024-09-05 17:10:01,976][main][INFO] - Extracting frame 500...
[2024-09-05 17:10:03,089][main][INFO] - Extracting frame 501...
[2024-09-05 17:10:04,826][main][INFO] - Extracting frame 502...
[2024-09-05 17:10:06,015][main][INFO] - Extracting frame 503...
[2024-09-05 17:10:07,074][main][INFO] - Extracting frame 504...
[2024-09-05 17:10:08,364][main][INFO] - Extracting frame 505...
[2024-09-05 17:10:09,538][main][INFO] - Extracting frame 506...
[2024-09-05 17:10:10,676][main][INFO] - Extracting frame 507...
[2024-09-05 17:10:11,980][main][INFO] - Extracting frame 508...
[2024-09-05 17:10:13,065][main][INFO] - Extracting frame 509...
[2024-09-05 17:10:14,183][main][INFO] - Extracting frame 510...
[2024-09-05 17:10:14,183][main][INFO] - Break: frame_number_internal exceeds total number of frames.
[2024-09-05 17:10:14,184][main][INFO] - All frames extracted.
[2024-09-05 17:10:14,184][main][INFO] - Frame number: 485
[2024-09-05 17:10:14,185][main][INFO] - Enhance frames...
[2024-09-05 17:10:14,189][main][INFO] - Grouping files in sets...
[2024-09-05 17:10:14,190][main][INFO] - Moving files to staging directory...
[2024-09-05 17:10:14,191][main][INFO] - Keeping every third file and removing the others...
[2024-09-05 17:10:14,192][main][INFO] - Processing file /mnt/geosense/cameras/G5Bullet_31/mp4/File_021_File_021_File_021_File_021_File_021_File_021_File_021_File_021_File_021_G5Bullet_31_F4E2C678CB5A_2024-09-03_22_0.mp4...
[2024-09-05 17:10:14,409][main][INFO] - Frame rate: 29.999565313530695
[2024-09-05 17:10:14,409][main][INFO] - Extracting frames from video '/mnt/geosense/cameras/G5Bullet_31/mp4/File_021_File_021_File_021_File_021_File_021_File_021_File_021_File_021_File_021_G5Bullet_31_F4E2C678CB5A_2024-09-03_22_0.mp4'...
[2024-09-05 17:10:14,673][main][INFO] - Extracting frame 511...
[2024-09-05 17:10:15,771][main][INFO] - Extracting frame 512...
[2024-09-05 17:10:16,873][main][INFO] - Extracting frame 513...
[2024-09-05 17:10:18,200][main][INFO] - Extracting frame 514...
[2024-09-05 17:10:20,037][main][INFO] - Extracting frame 515...
[2024-09-05 17:10:21,876][main][INFO] - Extracting frame 516...
[2024-09-05 17:10:23,125][main][INFO] - Extracting frame 517...
[2024-09-05 17:10:23,776][main][INFO] - Extracting frame 518...
[2024-09-05 17:10:24,460][main][INFO] - Extracting frame 519...
[2024-09-05 17:10:25,106][main][INFO] - Extracting frame 520...
[2024-09-05 17:10:25,734][main][INFO] - Extracting frame 521...
[2024-09-05 17:10:26,626][main][INFO] - Extracting frame 522...
[2024-09-05 17:10:27,245][main][INFO] - Extracting frame 523...
[2024-09-05 17:10:27,874][main][INFO] - Extracting frame 524...
[2024-09-05 17:10:28,504][main][INFO] - Extracting frame 525...
[2024-09-05 17:10:29,074][main][INFO] - Extracting frame 526...
[2024-09-05 17:10:29,670][main][INFO] - Extracting frame 527...
[2024-09-05 17:10:30,354][main][INFO] - Extracting frame 528...
[2024-09-05 17:10:30,980][main][INFO] - Extracting frame 529...
[2024-09-05 17:10:31,644][main][INFO] - Extracting frame 530...
[2024-09-05 17:10:32,342][main][INFO] - Extracting frame 531...
[2024-09-05 17:10:32,952][main][INFO] - Extracting frame 532...
[2024-09-05 17:10:33,610][main][INFO] - Extracting frame 533...
[2024-09-05 17:10:34,273][main][INFO] - Extracting frame 534...
[2024-09-05 17:10:34,891][main][INFO] - Extracting frame 535...
[2024-09-05 17:10:35,516][main][INFO] - Extracting frame 536...
[2024-09-05 17:10:35,516][main][INFO] - Break: frame_number_internal exceeds total number of frames.
[2024-09-05 17:10:35,517][main][INFO] - All frames extracted.
[2024-09-05 17:10:35,517][main][INFO] - Frame number: 511
[2024-09-05 17:10:35,518][main][INFO] - Enhance frames...
[2024-09-05 17:10:35,518][main][INFO] - Grouping files in sets...
[2024-09-05 17:10:35,519][main][INFO] - Moving files to staging directory...
[2024-09-05 17:10:35,520][main][INFO] - Keeping every third file and removing the others...
[2024-09-05 17:10:35,520][main][INFO] - Processing file /mnt/geosense/cameras/G5Bullet_31/mp4/File_022_File_022_File_022_File_022_File_022_File_022_File_022_File_022_File_022_G5Bullet_31_F4E2C678CB5A_2024-09-03_23_0.mp4...
[2024-09-05 17:10:35,586][main][INFO] - Frame rate: 29.9998760656749
[2024-09-05 17:10:35,586][main][INFO] - Extracting frames from video '/mnt/geosense/cameras/G5Bullet_31/mp4/File_022_File_022_File_022_File_022_File_022_File_022_File_022_File_022_File_022_G5Bullet_31_F4E2C678CB5A_2024-09-03_23_0.mp4'...
[2024-09-05 17:10:35,735][main][INFO] - Extracting frame 537...
[2024-09-05 17:10:36,548][main][INFO] - Extracting frame 538...
[2024-09-05 17:10:37,355][main][INFO] - Extracting frame 539...
[2024-09-05 17:10:38,191][main][INFO] - Extracting frame 540...
[2024-09-05 17:10:38,906][main][INFO] - Extracting frame 541...
[2024-09-05 17:10:39,686][main][INFO] - Extracting frame 542...
[2024-09-05 17:10:40,516][main][INFO] - Extracting frame 543...
[2024-09-05 17:10:41,285][main][INFO] - Extracting frame 544...
[2024-09-05 17:10:41,993][main][INFO] - Extracting frame 545...
[2024-09-05 17:10:42,697][main][INFO] - Extracting frame 546...
[2024-09-05 17:10:43,415][main][INFO] - Extracting frame 547...
[2024-09-05 17:10:44,155][main][INFO] - Extracting frame 548...
[2024-09-05 17:10:44,923][main][INFO] - Extracting frame 549...
[2024-09-05 17:10:45,588][main][INFO] - Extracting frame 550...
[2024-09-05 17:10:46,251][main][INFO] - Extracting frame 551...
[2024-09-05 17:10:46,932][main][INFO] - Extracting frame 552...
[2024-09-05 17:10:47,677][main][INFO] - Extracting frame 553...
[2024-09-05 17:10:48,520][main][INFO] - Extracting frame 554...
[2024-09-05 17:10:49,193][main][INFO] - Extracting frame 555...
[2024-09-05 17:10:50,030][main][INFO] - Extracting frame 556...
[2024-09-05 17:10:50,820][main][INFO] - Extracting frame 557...
[2024-09-05 17:10:51,717][main][INFO] - Extracting frame 558...
[2024-09-05 17:10:52,435][main][INFO] - Extracting frame 559...
[2024-09-05 17:10:52,436][main][INFO] - Break: frame_number_internal exceeds total number of frames.
[2024-09-05 17:10:52,436][main][INFO] - All frames extracted.
[2024-09-05 17:10:52,436][main][INFO] - Frame number: 537
[2024-09-05 17:10:52,437][main][INFO] - Enhance frames...
[2024-09-05 17:10:52,437][main][INFO] - Grouping files in sets...
[2024-09-05 17:10:52,438][main][INFO] - Moving files to staging directory...
[2024-09-05 17:10:52,439][main][INFO] - Keeping every third file and removing the others...
[2024-09-05 17:10:52,439][main][INFO] - Processing file /mnt/geosense/cameras/G5Bullet_31/mp4/File_023_File_023_File_023_File_023_File_023_File_023_File_023_File_023_File_023_G5Bullet_31_F4E2C678CB5A_2024-09-03_24_0.mp4...
[2024-09-05 17:10:52,497][main][INFO] - Frame rate: 28.84466048378023
[2024-09-05 17:10:52,497][main][INFO] - Extracting frames from video '/mnt/geosense/cameras/G5Bullet_31/mp4/File_023_File_023_File_023_File_023_File_023_File_023_File_023_File_023_File_023_G5Bullet_31_F4E2C678CB5A_2024-09-03_24_0.mp4'...
[2024-09-05 17:10:52,634][main][INFO] - Extracting frame 560...
[2024-09-05 17:10:53,369][main][INFO] - Extracting frame 561...
[2024-09-05 17:10:54,149][main][INFO] - Extracting frame 562...
[2024-09-05 17:10:54,935][main][INFO] - Extracting frame 563...
[2024-09-05 17:10:55,762][main][INFO] - Extracting frame 564...
[2024-09-05 17:10:56,597][main][INFO] - Extracting frame 565...
[2024-09-05 17:10:57,351][main][INFO] - Extracting frame 566...
[2024-09-05 17:10:58,242][main][INFO] - Extracting frame 567...
[2024-09-05 17:10:59,005][main][INFO] - Extracting frame 568...
[2024-09-05 17:10:59,749][main][INFO] - Extracting frame 569...
[2024-09-05 17:11:00,533][main][INFO] - Extracting frame 570...
[2024-09-05 17:11:01,283][main][INFO] - Extracting frame 571...
[2024-09-05 17:11:02,114][main][INFO] - Extracting frame 572...
[2024-09-05 17:11:02,886][main][INFO] - Extracting frame 573...
[2024-09-05 17:11:03,579][main][INFO] - Extracting frame 574...
[2024-09-05 17:11:06,892][main][INFO] - Extracting frame 575...
[2024-09-05 17:11:07,041][main][INFO] - Extracting frame 576...
[2024-09-05 17:11:07,183][main][INFO] - Extracting frame 577...
[2024-09-05 17:11:07,341][main][INFO] - Extracting frame 578...
[2024-09-05 17:11:07,491][main][INFO] - Extracting frame 579...
[2024-09-05 17:11:07,695][main][INFO] - Extracting frame 580...
[2024-09-05 17:11:07,695][main][INFO] - Break: frame_number_internal exceeds total number of frames.
[2024-09-05 17:11:07,696][main][INFO] - All frames extracted.
[2024-09-05 17:11:07,696][main][INFO] - Frame number: 560
[2024-09-05 17:11:07,697][main][INFO] - Enhance frames...
[2024-09-05 17:11:07,697][main][INFO] - Grouping files in sets...
[2024-09-05 17:11:07,698][main][INFO] - Moving files to staging directory...
[2024-09-05 17:11:07,698][main][INFO] - Keeping every third file and removing the others...
[2024-09-05 17:11:07,699][main][INFO] - Processing file /mnt/geosense/cameras/G5Bullet_31/mp4/File_024_File_024_File_024_File_024_File_024_File_024_File_024_File_024_File_024_G5Bullet_31_F4E2C678CB5A_2024-09-03_25_0.mp4...
[2024-09-05 17:11:07,761][main][INFO] - Frame rate: 29.65381703208821
[2024-09-05 17:11:07,761][main][INFO] - Extracting frames from video '/mnt/geosense/cameras/G5Bullet_31/mp4/File_024_File_024_File_024_File_024_File_024_File_024_File_024_File_024_File_024_G5Bullet_31_F4E2C678CB5A_2024-09-03_25_0.mp4'...
[2024-09-05 17:11:07,901][main][INFO] - Extracting frame 581...
[2024-09-05 17:11:08,643][main][INFO] - Extracting frame 582...
[2024-09-05 17:11:09,207][main][INFO] - Extracting frame 583...
[2024-09-05 17:11:09,657][main][INFO] - Extracting frame 584...
[2024-09-05 17:11:10,247][main][INFO] - Extracting frame 585...
[2024-09-05 17:11:10,865][main][INFO] - Extracting frame 586...
[2024-09-05 17:11:11,524][main][INFO] - Extracting frame 587...
[2024-09-05 17:11:12,246][main][INFO] - Extracting frame 588...
[2024-09-05 17:11:12,973][main][INFO] - Extracting frame 589...
[2024-09-05 17:11:13,631][main][INFO] - Extracting frame 590...
[2024-09-05 17:11:14,089][main][INFO] - Extracting frame 591...
[2024-09-05 17:11:14,577][main][INFO] - Extracting frame 592...
[2024-09-05 17:11:15,064][main][INFO] - Extracting frame 593...
[2024-09-05 17:11:15,475][main][INFO] - Extracting frame 594...
[2024-09-05 17:11:15,838][main][INFO] - Extracting frame 595...
[2024-09-05 17:11:16,346][main][INFO] - Extracting frame 596...
[2024-09-05 17:11:16,784][main][INFO] - Extracting frame 597...
[2024-09-05 17:11:17,179][main][INFO] - Extracting frame 598...
[2024-09-05 17:11:17,545][main][INFO] - Extracting frame 599...
[2024-09-05 17:11:17,914][main][INFO] - Extracting frame 600...
[2024-09-05 17:11:18,337][main][INFO] - Extracting frame 601...
[2024-09-05 17:11:18,696][main][INFO] - Extracting frame 602...
[2024-09-05 17:11:19,050][main][INFO] - Extracting frame 603...
[2024-09-05 17:11:19,050][main][INFO] - Break: frame_number_internal exceeds total number of frames.
[2024-09-05 17:11:19,051][main][INFO] - All frames extracted.
[2024-09-05 17:11:19,051][main][INFO] - Frame number: 581
[2024-09-05 17:11:19,054][main][INFO] - Enhance frames...
[2024-09-05 17:11:19,054][main][INFO] - Grouping files in sets...
[2024-09-05 17:11:19,055][main][INFO] - Moving files to staging directory...
[2024-09-05 17:11:19,056][main][INFO] - Keeping every third file and removing the others...
[2024-09-05 17:11:19,057][main][INFO] - Processing file /mnt/geosense/cameras/G5Bullet_31/mp4/File_025_File_025_File_025_File_025_File_025_File_025_File_025_File_025_File_025_G5Bullet_31_F4E2C678CB5A_2024-09-03_26_0.mp4...
[2024-09-05 17:11:19,114][main][INFO] - Frame rate: 30.00021028953989
[2024-09-05 17:11:19,114][main][INFO] - Extracting frames from video '/mnt/geosense/cameras/G5Bullet_31/mp4/File_025_File_025_File_025_File_025_File_025_File_025_File_025_File_025_File_025_G5Bullet_31_F4E2C678CB5A_2024-09-03_26_0.mp4'...
[2024-09-05 17:11:19,239][main][INFO] - Extracting frame 604...
[2024-09-05 17:11:19,921][main][INFO] - Extracting frame 605...
[2024-09-05 17:11:20,710][main][INFO] - Extracting frame 606...
[2024-09-05 17:11:21,437][main][INFO] - Extracting frame 607...
[2024-09-05 17:11:22,308][main][INFO] - Extracting frame 608...
[2024-09-05 17:11:23,435][main][INFO] - Extracting frame 609...
[2024-09-05 17:11:24,505][main][INFO] - Extracting frame 610...
[2024-09-05 17:11:25,498][main][INFO] - Extracting frame 611...
[2024-09-05 17:11:26,563][main][INFO] - Extracting frame 612...
[2024-09-05 17:11:27,652][main][INFO] - Extracting frame 613...
[2024-09-05 17:11:28,754][main][INFO] - Extracting frame 614...
[2024-09-05 17:11:29,550][main][INFO] - Extracting frame 615...
[2024-09-05 17:11:30,666][main][INFO] - Extracting frame 616...
[2024-09-05 17:11:31,559][main][INFO] - Extracting frame 617...
[2024-09-05 17:11:32,341][main][INFO] - Extracting frame 618...
[2024-09-05 17:11:33,344][main][INFO] - Extracting frame 619...
[2024-09-05 17:11:34,165][main][INFO] - Extracting frame 620...
[2024-09-05 17:11:34,889][main][INFO] - Extracting frame 621...
[2024-09-05 17:11:35,777][main][INFO] - Extracting frame 622...
[2024-09-05 17:11:36,693][main][INFO] - Extracting frame 623...
[2024-09-05 17:11:37,493][main][INFO] - Extracting frame 624...
[2024-09-05 17:11:37,493][main][INFO] - Break: frame_number_internal exceeds total number of frames.
[2024-09-05 17:11:37,494][main][INFO] - All frames extracted.
[2024-09-05 17:11:37,494][main][INFO] - Frame number: 604
[2024-09-05 17:11:37,495][main][INFO] - Enhance frames...
[2024-09-05 17:11:37,495][main][INFO] - Grouping files in sets...
[2024-09-05 17:11:37,495][main][INFO] - Moving files to staging directory...
[2024-09-05 17:11:37,496][main][INFO] - Keeping every third file and removing the others...
[2024-09-05 17:11:37,497][main][INFO] - Processing file /mnt/geosense/cameras/G5Bullet_31/mp4/File_026_File_026_File_026_File_026_File_026_File_026_File_026_File_026_File_026_G5Bullet_31_F4E2C678CB5A_2024-09-03_27_0.mp4...
[2024-09-05 17:11:37,539][main][INFO] - Frame rate: 30.000096989560877
[2024-09-05 17:11:37,540][main][INFO] - Extracting frames from video '/mnt/geosense/cameras/G5Bullet_31/mp4/File_026_File_026_File_026_File_026_File_026_File_026_File_026_File_026_File_026_G5Bullet_31_F4E2C678CB5A_2024-09-03_27_0.mp4'...
[2024-09-05 17:11:37,630][main][INFO] - Extracting frame 625...
[2024-09-05 17:11:38,656][main][INFO] - Extracting frame 626...
[2024-09-05 17:11:39,473][main][INFO] - Extracting frame 627...
[2024-09-05 17:11:40,128][main][INFO] - Extracting frame 628...
[2024-09-05 17:11:40,793][main][INFO] - Extracting frame 629...
[2024-09-05 17:11:41,488][main][INFO] - Extracting frame 630...
[2024-09-05 17:11:42,270][main][INFO] - Extracting frame 631...
[2024-09-05 17:11:43,183][main][INFO] - Extracting frame 632...
[2024-09-05 17:11:43,976][main][INFO] - Extracting frame 633...
[2024-09-05 17:11:44,692][main][INFO] - Extracting frame 634...
[2024-09-05 17:11:45,398][main][INFO] - Extracting frame 635...
[2024-09-05 17:11:46,233][main][INFO] - Extracting frame 636...
[2024-09-05 17:11:46,972][main][INFO] - Extracting frame 637...
[2024-09-05 17:11:47,717][main][INFO] - Extracting frame 638...
[2024-09-05 17:11:48,517][main][INFO] - Extracting frame 639...
[2024-09-05 17:11:49,355][main][INFO] - Extracting frame 640...
[2024-09-05 17:11:50,146][main][INFO] - Extracting frame 641...
[2024-09-05 17:11:50,942][main][INFO] - Extracting frame 642...
[2024-09-05 17:11:51,691][main][INFO] - Extracting frame 643...
[2024-09-05 17:11:52,553][main][INFO] - Extracting frame 644...
[2024-09-05 17:11:53,372][main][INFO] - Extracting frame 645...
[2024-09-05 17:11:54,174][main][INFO] - Extracting frame 646...
[2024-09-05 17:11:55,062][main][INFO] - Extracting frame 647...
[2024-09-05 17:11:55,869][main][INFO] - Extracting frame 648...
[2024-09-05 17:11:56,620][main][INFO] - Extracting frame 649...
[2024-09-05 17:11:57,458][main][INFO] - Extracting frame 650...
[2024-09-05 17:11:57,458][main][INFO] - Break: frame_number_internal exceeds total number of frames.
[2024-09-05 17:11:57,459][main][INFO] - All frames extracted.
[2024-09-05 17:11:57,459][main][INFO] - Frame number: 625
[2024-09-05 17:11:57,460][main][INFO] - Enhance frames...
[2024-09-05 17:11:57,460][main][INFO] - Grouping files in sets...
[2024-09-05 17:11:57,461][main][INFO] - Moving files to staging directory...
[2024-09-05 17:11:57,462][main][INFO] - Keeping every third file and removing the others...
[2024-09-05 17:11:57,462][main][INFO] - Processing file /mnt/geosense/cameras/G5Bullet_31/mp4/File_027_File_027_File_027_File_027_File_027_File_027_File_027_File_027_File_027_G5Bullet_31_F4E2C678CB5A_2024-09-03_28_0.mp4...
[2024-09-05 17:11:57,511][main][INFO] - Frame rate: 29.99926201245663
[2024-09-05 17:11:57,511][main][INFO] - Extracting frames from video '/mnt/geosense/cameras/G5Bullet_31/mp4/File_027_File_027_File_027_File_027_File_027_File_027_File_027_File_027_File_027_G5Bullet_31_F4E2C678CB5A_2024-09-03_28_0.mp4'...
[2024-09-05 17:11:57,613][main][INFO] - Extracting frame 651...
[2024-09-05 17:11:58,405][main][INFO] - Extracting frame 652...
[2024-09-05 17:11:59,117][main][INFO] - Extracting frame 653...
[2024-09-05 17:11:59,889][main][INFO] - Extracting frame 654...
[2024-09-05 17:12:00,648][main][INFO] - Extracting frame 655...
[2024-09-05 17:12:01,414][main][INFO] - Extracting frame 656...
[2024-09-05 17:12:02,187][main][INFO] - Extracting frame 657...
[2024-09-05 17:12:02,889][main][INFO] - Extracting frame 658...
[2024-09-05 17:12:03,592][main][INFO] - Extracting frame 659...
[2024-09-05 17:12:04,379][main][INFO] - Extracting frame 660...
[2024-09-05 17:12:05,077][main][INFO] - Extracting frame 661...
[2024-09-05 17:12:05,807][main][INFO] - Extracting frame 662...
[2024-09-05 17:12:06,613][main][INFO] - Extracting frame 663...
[2024-09-05 17:12:07,300][main][INFO] - Extracting frame 664...
[2024-09-05 17:12:08,027][main][INFO] - Extracting frame 665...
[2024-09-05 17:12:08,699][main][INFO] - Extracting frame 666...
[2024-09-05 17:12:09,387][main][INFO] - Extracting frame 667...
[2024-09-05 17:12:10,231][main][INFO] - Extracting frame 668...
[2024-09-05 17:12:11,040][main][INFO] - Extracting frame 669...
[2024-09-05 17:12:11,766][main][INFO] - Extracting frame 670...
[2024-09-05 17:12:12,436][main][INFO] - Extracting frame 671...
[2024-09-05 17:12:13,089][main][INFO] - Extracting frame 672...
[2024-09-05 17:12:13,739][main][INFO] - Extracting frame 673...
[2024-09-05 17:12:14,417][main][INFO] - Extracting frame 674...
[2024-09-05 17:12:15,018][main][INFO] - Extracting frame 675...
[2024-09-05 17:12:15,018][main][INFO] - Break: frame_number_internal exceeds total number of frames.
[2024-09-05 17:12:15,019][main][INFO] - All frames extracted.
[2024-09-05 17:12:15,019][main][INFO] - Frame number: 651
[2024-09-05 17:12:15,020][main][INFO] - Enhance frames...
[2024-09-05 17:12:15,020][main][INFO] - Grouping files in sets...
[2024-09-05 17:12:15,021][main][INFO] - Moving files to staging directory...
[2024-09-05 17:12:15,021][main][INFO] - Keeping every third file and removing the others...
[2024-09-05 17:12:15,022][main][INFO] - Processing file /mnt/geosense/cameras/G5Bullet_31/mp4/File_028_File_028_File_028_File_028_File_028_File_028_File_028_File_028_File_028_G5Bullet_31_F4E2C678CB5A_2024-09-03_29_0.mp4...
[2024-09-05 17:12:15,076][main][INFO] - Frame rate: 29.999830961404452
[2024-09-05 17:12:15,076][main][INFO] - Extracting frames from video '/mnt/geosense/cameras/G5Bullet_31/mp4/File_028_File_028_File_028_File_028_File_028_File_028_File_028_File_028_File_028_G5Bullet_31_F4E2C678CB5A_2024-09-03_29_0.mp4'...
[2024-09-05 17:12:15,177][main][INFO] - Extracting frame 676...
[2024-09-05 17:12:16,017][main][INFO] - Extracting frame 677...
[2024-09-05 17:12:16,662][main][INFO] - Extracting frame 678...
[2024-09-05 17:12:17,303][main][INFO] - Extracting frame 679...
[2024-09-05 17:12:17,956][main][INFO] - Extracting frame 680...
[2024-09-05 17:12:18,601][main][INFO] - Extracting frame 681...
[2024-09-05 17:12:19,208][main][INFO] - Extracting frame 682...
[2024-09-05 17:12:19,797][main][INFO] - Extracting frame 683...
[2024-09-05 17:12:20,400][main][INFO] - Extracting frame 684...
[2024-09-05 17:12:21,001][main][INFO] - Extracting frame 685...
[2024-09-05 17:12:21,618][main][INFO] - Extracting frame 686...
[2024-09-05 17:12:22,198][main][INFO] - Extracting frame 687...
[2024-09-05 17:12:22,787][main][INFO] - Extracting frame 688...
[2024-09-05 17:12:23,373][main][INFO] - Extracting frame 689...
[2024-09-05 17:12:23,951][main][INFO] - Extracting frame 690...
[2024-09-05 17:12:24,551][main][INFO] - Extracting frame 691...
[2024-09-05 17:12:25,141][main][INFO] - Extracting frame 692...
[2024-09-05 17:12:25,745][main][INFO] - Extracting frame 693...
[2024-09-05 17:12:26,356][main][INFO] - Extracting frame 694...
[2024-09-05 17:12:26,964][main][INFO] - Extracting frame 695...
[2024-09-05 17:12:27,584][main][INFO] - Extracting frame 696...
[2024-09-05 17:12:28,178][main][INFO] - Extracting frame 697...
[2024-09-05 17:12:28,713][main][INFO] - Extracting frame 698...
[2024-09-05 17:12:29,249][main][INFO] - Extracting frame 699...
[2024-09-05 17:12:29,784][main][INFO] - Extracting frame 700...
[2024-09-05 17:12:30,350][main][INFO] - Extracting frame 701...
[2024-09-05 17:12:30,921][main][INFO] - Extracting frame 702...
[2024-09-05 17:12:31,470][main][INFO] - Extracting frame 703...
[2024-09-05 17:12:31,987][main][INFO] - Extracting frame 704...
[2024-09-05 17:12:32,506][main][INFO] - Extracting frame 705...
[2024-09-05 17:12:33,024][main][INFO] - Extracting frame 706...
[2024-09-05 17:12:33,545][main][INFO] - Extracting frame 707...
[2024-09-05 17:12:34,052][main][INFO] - Extracting frame 708...
[2024-09-05 17:12:34,545][main][INFO] - Extracting frame 709...
[2024-09-05 17:12:35,046][main][INFO] - Extracting frame 710...
[2024-09-05 17:12:35,522][main][INFO] - Extracting frame 711...
[2024-09-05 17:12:36,053][main][INFO] - Extracting frame 712...
[2024-09-05 17:12:36,053][main][INFO] - Break: frame_number_internal exceeds total number of frames.
[2024-09-05 17:12:36,055][main][INFO] - All frames extracted.
[2024-09-05 17:12:36,055][main][INFO] - Frame number: 676
[2024-09-05 17:12:36,058][main][INFO] - Enhance frames...
[2024-09-05 17:12:36,058][main][INFO] - Grouping files in sets...
[2024-09-05 17:12:36,059][main][INFO] - Moving files to staging directory...
[2024-09-05 17:12:36,061][main][INFO] - Keeping every third file and removing the others...
[2024-09-05 17:12:36,063][main][INFO] - Processing file /mnt/geosense/cameras/G5Bullet_31/mp4/File_029_File_029_File_029_File_029_File_029_File_029_File_029_File_029_File_029_G5Bullet_31_F4E2C678CB5A_2024-09-03_30_0.mp4...
[2024-09-05 17:12:36,122][main][INFO] - Frame rate: 29.999558435304646
[2024-09-05 17:12:36,122][main][INFO] - Extracting frames from video '/mnt/geosense/cameras/G5Bullet_31/mp4/File_029_File_029_File_029_File_029_File_029_File_029_File_029_File_029_File_029_G5Bullet_31_F4E2C678CB5A_2024-09-03_30_0.mp4'...
[2024-09-05 17:12:36,221][main][INFO] - Extracting frame 713...
[2024-09-05 17:12:36,865][main][INFO] - Extracting frame 714...
[2024-09-05 17:12:37,476][main][INFO] - Extracting frame 715...
[2024-09-05 17:12:38,105][main][INFO] - Extracting frame 716...
[2024-09-05 17:12:38,720][main][INFO] - Extracting frame 717...
[2024-09-05 17:12:39,341][main][INFO] - Extracting frame 718...
[2024-09-05 17:12:39,940][main][INFO] - Extracting frame 719...
[2024-09-05 17:12:40,574][main][INFO] - Extracting frame 720...
[2024-09-05 17:12:41,173][main][INFO] - Extracting frame 721...
[2024-09-05 17:12:41,817][main][INFO] - Extracting frame 722...
[2024-09-05 17:12:42,422][main][INFO] - Extracting frame 723...
[2024-09-05 17:12:43,098][main][INFO] - Extracting frame 724...
[2024-09-05 17:12:44,002][main][INFO] - Extracting frame 725...
[2024-09-05 17:12:44,920][main][INFO] - Extracting frame 726...
[2024-09-05 17:12:45,823][main][INFO] - Extracting frame 727...
[2024-09-05 17:12:46,660][main][INFO] - Extracting frame 728...
[2024-09-05 17:12:47,295][main][INFO] - Extracting frame 729...
[2024-09-05 17:12:48,143][main][INFO] - Extracting frame 730...
[2024-09-05 17:12:48,789][main][INFO] - Extracting frame 731...
[2024-09-05 17:12:49,357][main][INFO] - Extracting frame 732...
[2024-09-05 17:12:50,112][main][INFO] - Extracting frame 733...
[2024-09-05 17:12:50,816][main][INFO] - Extracting frame 734...
[2024-09-05 17:12:51,510][main][INFO] - Extracting frame 735...
[2024-09-05 17:12:52,264][main][INFO] - Extracting frame 736...
[2024-09-05 17:12:52,925][main][INFO] - Extracting frame 737...
[2024-09-05 17:12:53,875][main][INFO] - Extracting frame 738...
[2024-09-05 17:12:53,875][main][INFO] - Break: frame_number_internal exceeds total number of frames.
[2024-09-05 17:12:53,875][main][INFO] - All frames extracted.
[2024-09-05 17:12:53,876][main][INFO] - Frame number: 713
[2024-09-05 17:12:53,877][main][INFO] - Enhance frames...
[2024-09-05 17:12:53,877][main][INFO] - Grouping files in sets...
[2024-09-05 17:12:53,877][main][INFO] - Moving files to staging directory...
[2024-09-05 17:12:53,878][main][INFO] - Keeping every third file and removing the others...
[2024-09-05 17:12:53,879][main][INFO] - Generate video...
[2024-09-05 17:12:53,879][main][INFO] - Exporting video to /mnt/geosense/cameras/G5Bullet_31/video_timelapse_export/G5Bullet_31_2024-09-03_fr30.mp4...
[2024-09-05 17:17:12,812][main][INFO] - Transfering video to Pylos...
[2024-09-05 17:20:09,267][main][INFO] - ::: Successfull transfer of video to Pylos. :::
[2024-09-05 17:20:09,267][main][INFO] - --------------------------------------------------
[2024-09-05 17:20:09,267][main][INFO] - --------------------------------------------------
[2024-09-05 17:20:09,268][main][INFO] - --------------------------------------------------
[2024-09-05 17:20:09,268][main][INFO] - --------------------------------------------------
[2024-09-05 17:20:09,268][main][INFO] - ::: Processing camera G5Bullet_32 :::
[2024-09-05 17:20:09,268][main][INFO] - --------------------------------------------------
[2024-09-05 17:20:09,268][main][INFO] - --------------------------------------------------
[2024-09-05 17:20:09,268][main][INFO] - Transfering data from NVR (/volume1/videos/G5Bullet_32/*0.mp4) to VM (/mnt/geosense/cameras/G5Bullet_32/mp4)...
[2024-09-05 17:20:09,268][main][INFO] - Extract frames...
[2024-09-05 17:20:09,268][main][INFO] - Generate video...
[2024-09-05 17:20:09,268][main][INFO] - Exporting video to /mnt/geosense/cameras/G5Bullet_32/video_timelapse_export/G5Bullet_32_2024-09-03_fr30.mp4...
