[2024-09-05 01:20:26,557][main][INFO] - --------------------------------------------------
[2024-09-05 01:20:26,577][main][INFO] - --------------------------------------------------
[2024-09-05 01:20:26,578][main][INFO] - ::: Processing camera G5Bullet_07 with MAC address F4E2C678CCA0 :::
[2024-09-05 01:20:26,580][main][INFO] - Source directory: /srv/unifi-protect/video/2024/08/31
[2024-09-05 01:20:26,581][main][INFO] - Destination directory: /volume1/videos/2024-08-31/G5Bullet_07
[2024-09-05 01:20:26,582][main][INFO] - --------------------------------------------------
[2024-09-05 01:20:26,583][main][INFO] - --------------------------------------------------
[2024-09-05 01:20:56,851][main][INFO] - Successfully converted /srv/unifi-protect/video/2024/08/31/F4E2C678CCA0_0_rotating_1725057182847.ubv to /volume1/videos/2024-08-31/G5Bullet_07/G5Bullet_07_F4E2C678CCA0_2024-08-31_1
[2024-09-05 01:21:19,490][main][INFO] - Successfully converted /srv/unifi-protect/video/2024/08/31/F4E2C678CCA0_0_rotating_1725059104584.ubv to /volume1/videos/2024-08-31/G5Bullet_07/G5Bullet_07_F4E2C678CCA0_2024-08-31_2
[2024-09-05 01:21:46,399][main][INFO] - Successfully converted /srv/unifi-protect/video/2024/08/31/F4E2C678CCA0_0_rotating_1725060559077.ubv to /volume1/videos/2024-08-31/G5Bullet_07/G5Bullet_07_F4E2C678CCA0_2024-08-31_3
[2024-09-05 01:22:09,881][main][INFO] - Successfully converted /srv/unifi-protect/video/2024/08/31/F4E2C678CCA0_0_rotating_1725062329674.ubv to /volume1/videos/2024-08-31/G5Bullet_07/G5Bullet_07_F4E2C678CCA0_2024-08-31_4
[2024-09-05 01:22:26,899][main][INFO] - Successfully converted /srv/unifi-protect/video/2024/08/31/F4E2C678CCA0_0_rotating_1725064265541.ubv to /volume1/videos/2024-08-31/G5Bullet_07/G5Bullet_07_F4E2C678CCA0_2024-08-31_5
[2024-09-05 01:22:45,539][main][INFO] - Successfully converted /srv/unifi-protect/video/2024/08/31/F4E2C678CCA0_0_rotating_1725066293608.ubv to /volume1/videos/2024-08-31/G5Bullet_07/G5Bullet_07_F4E2C678CCA0_2024-08-31_6
[2024-09-05 01:23:00,262][main][INFO] - Successfully converted /srv/unifi-protect/video/2024/08/31/F4E2C678CCA0_0_rotating_1725068211437.ubv to /volume1/videos/2024-08-31/G5Bullet_07/G5Bullet_07_F4E2C678CCA0_2024-08-31_7
[2024-09-05 01:23:20,600][main][INFO] - Successfully converted /srv/unifi-protect/video/2024/08/31/F4E2C678CCA0_0_rotating_1725070002111.ubv to /volume1/videos/2024-08-31/G5Bullet_07/G5Bullet_07_F4E2C678CCA0_2024-08-31_8
[2024-09-05 01:23:38,876][main][INFO] - Successfully converted /srv/unifi-protect/video/2024/08/31/F4E2C678CCA0_0_rotating_1725071614493.ubv to /volume1/videos/2024-08-31/G5Bullet_07/G5Bullet_07_F4E2C678CCA0_2024-08-31_9
[2024-09-05 01:23:51,852][main][INFO] - Successfully converted /srv/unifi-protect/video/2024/08/31/F4E2C678CCA0_0_rotating_1725073205298.ubv to /volume1/videos/2024-08-31/G5Bullet_07/G5Bullet_07_F4E2C678CCA0_2024-08-31_10
[2024-09-05 01:24:05,057][main][INFO] - Successfully converted /srv/unifi-protect/video/2024/08/31/F4E2C678CCA0_0_rotating_1725074943797.ubv to /volume1/videos/2024-08-31/G5Bullet_07/G5Bullet_07_F4E2C678CCA0_2024-08-31_11
[2024-09-05 01:24:20,930][main][INFO] - Successfully converted /srv/unifi-protect/video/2024/08/31/F4E2C678CCA0_0_rotating_1725077074468.ubv to /volume1/videos/2024-08-31/G5Bullet_07/G5Bullet_07_F4E2C678CCA0_2024-08-31_12
[2024-09-05 01:24:36,256][main][INFO] - Successfully converted /srv/unifi-protect/video/2024/08/31/F4E2C678CCA0_0_rotating_1725080020389.ubv to /volume1/videos/2024-08-31/G5Bullet_07/G5Bullet_07_F4E2C678CCA0_2024-08-31_13
[2024-09-05 01:24:56,409][main][INFO] - Successfully converted /srv/unifi-protect/video/2024/08/31/F4E2C678CCA0_0_rotating_1725082396358.ubv to /volume1/videos/2024-08-31/G5Bullet_07/G5Bullet_07_F4E2C678CCA0_2024-08-31_14
[2024-09-05 01:25:15,651][main][INFO] - Successfully converted /srv/unifi-protect/video/2024/08/31/F4E2C678CCA0_0_rotating_1725084821040.ubv to /volume1/videos/2024-08-31/G5Bullet_07/G5Bullet_07_F4E2C678CCA0_2024-08-31_15
[2024-09-05 01:25:31,575][main][INFO] - Successfully converted /srv/unifi-protect/video/2024/08/31/F4E2C678CCA0_0_rotating_1725086527920.ubv to /volume1/videos/2024-08-31/G5Bullet_07/G5Bullet_07_F4E2C678CCA0_2024-08-31_16
[2024-09-05 01:25:48,335][main][INFO] - Successfully converted /srv/unifi-protect/video/2024/08/31/F4E2C678CCA0_0_rotating_1725088178096.ubv to /volume1/videos/2024-08-31/G5Bullet_07/G5Bullet_07_F4E2C678CCA0_2024-08-31_17
[2024-09-05 01:26:05,845][main][INFO] - Successfully converted /srv/unifi-protect/video/2024/08/31/F4E2C678CCA0_0_rotating_1725090184789.ubv to /volume1/videos/2024-08-31/G5Bullet_07/G5Bullet_07_F4E2C678CCA0_2024-08-31_18
[2024-09-05 01:26:24,934][main][INFO] - Successfully converted /srv/unifi-protect/video/2024/08/31/F4E2C678CCA0_0_rotating_1725092054765.ubv to /volume1/videos/2024-08-31/G5Bullet_07/G5Bullet_07_F4E2C678CCA0_2024-08-31_19
[2024-09-05 01:26:42,088][main][INFO] - Successfully converted /srv/unifi-protect/video/2024/08/31/F4E2C678CCA0_0_rotating_1725093890158.ubv to /volume1/videos/2024-08-31/G5Bullet_07/G5Bullet_07_F4E2C678CCA0_2024-08-31_20
[2024-09-05 01:26:58,552][main][INFO] - Successfully converted /srv/unifi-protect/video/2024/08/31/F4E2C678CCA0_0_rotating_1725095648883.ubv to /volume1/videos/2024-08-31/G5Bullet_07/G5Bullet_07_F4E2C678CCA0_2024-08-31_21
[2024-09-05 01:27:21,213][main][INFO] - Successfully converted /srv/unifi-protect/video/2024/08/31/F4E2C678CCA0_0_rotating_1725097321455.ubv to /volume1/videos/2024-08-31/G5Bullet_07/G5Bullet_07_F4E2C678CCA0_2024-08-31_22
[2024-09-05 01:27:39,641][main][INFO] - Successfully converted /srv/unifi-protect/video/2024/08/31/F4E2C678CCA0_0_rotating_1725099079029.ubv to /volume1/videos/2024-08-31/G5Bullet_07/G5Bullet_07_F4E2C678CCA0_2024-08-31_23
[2024-09-05 01:27:58,721][main][INFO] - Successfully converted /srv/unifi-protect/video/2024/08/31/F4E2C678CCA0_0_rotating_1725100910744.ubv to /volume1/videos/2024-08-31/G5Bullet_07/G5Bullet_07_F4E2C678CCA0_2024-08-31_24
[2024-09-05 01:28:13,754][main][INFO] - Successfully converted /srv/unifi-protect/video/2024/08/31/F4E2C678CCA0_0_rotating_1725102685205.ubv to /volume1/videos/2024-08-31/G5Bullet_07/G5Bullet_07_F4E2C678CCA0_2024-08-31_25
[2024-09-05 01:28:33,552][main][INFO] - Successfully converted /srv/unifi-protect/video/2024/08/31/F4E2C678CCA0_0_rotating_1725104460892.ubv to /volume1/videos/2024-08-31/G5Bullet_07/G5Bullet_07_F4E2C678CCA0_2024-08-31_26
[2024-09-05 01:28:56,613][main][INFO] - Successfully converted /srv/unifi-protect/video/2024/08/31/F4E2C678CCA0_0_rotating_1725106156330.ubv to /volume1/videos/2024-08-31/G5Bullet_07/G5Bullet_07_F4E2C678CCA0_2024-08-31_27
[2024-09-05 01:29:11,404][main][INFO] - Successfully converted /srv/unifi-protect/video/2024/08/31/F4E2C678CCA0_0_rotating_1725107925268.ubv to /volume1/videos/2024-08-31/G5Bullet_07/G5Bullet_07_F4E2C678CCA0_2024-08-31_28
[2024-09-05 01:29:31,168][main][INFO] - Successfully converted /srv/unifi-protect/video/2024/08/31/F4E2C678CCA0_0_rotating_1725109592790.ubv to /volume1/videos/2024-08-31/G5Bullet_07/G5Bullet_07_F4E2C678CCA0_2024-08-31_29
[2024-09-05 01:29:49,839][main][INFO] - Successfully converted /srv/unifi-protect/video/2024/08/31/F4E2C678CCA0_0_rotating_1725111327962.ubv to /volume1/videos/2024-08-31/G5Bullet_07/G5Bullet_07_F4E2C678CCA0_2024-08-31_30
[2024-09-05 01:30:08,469][main][INFO] - Successfully converted /srv/unifi-protect/video/2024/08/31/F4E2C678CCA0_0_rotating_1725113043858.ubv to /volume1/videos/2024-08-31/G5Bullet_07/G5Bullet_07_F4E2C678CCA0_2024-08-31_31
[2024-09-05 01:30:31,260][main][INFO] - Successfully converted /srv/unifi-protect/video/2024/08/31/F4E2C678CCA0_0_rotating_1725114799333.ubv to /volume1/videos/2024-08-31/G5Bullet_07/G5Bullet_07_F4E2C678CCA0_2024-08-31_32
[2024-09-05 01:30:48,494][main][INFO] - Successfully converted /srv/unifi-protect/video/2024/08/31/F4E2C678CCA0_0_rotating_1725116477869.ubv to /volume1/videos/2024-08-31/G5Bullet_07/G5Bullet_07_F4E2C678CCA0_2024-08-31_33
[2024-09-05 01:31:08,427][main][INFO] - Successfully converted /srv/unifi-protect/video/2024/08/31/F4E2C678CCA0_0_rotating_1725118134224.ubv to /volume1/videos/2024-08-31/G5Bullet_07/G5Bullet_07_F4E2C678CCA0_2024-08-31_34
[2024-09-05 01:31:30,172][main][INFO] - Successfully converted /srv/unifi-protect/video/2024/08/31/F4E2C678CCA0_0_rotating_1725119579993.ubv to /volume1/videos/2024-08-31/G5Bullet_07/G5Bullet_07_F4E2C678CCA0_2024-08-31_35
[2024-09-05 01:31:50,095][main][INFO] - Successfully converted /srv/unifi-protect/video/2024/08/31/F4E2C678CCA0_0_rotating_1725121153379.ubv to /volume1/videos/2024-08-31/G5Bullet_07/G5Bullet_07_F4E2C678CCA0_2024-08-31_36
[2024-09-05 01:32:07,190][main][INFO] - Successfully converted /srv/unifi-protect/video/2024/08/31/F4E2C678CCA0_0_rotating_1725122789164.ubv to /volume1/videos/2024-08-31/G5Bullet_07/G5Bullet_07_F4E2C678CCA0_2024-08-31_37
[2024-09-05 01:32:28,365][main][INFO] - Successfully converted /srv/unifi-protect/video/2024/08/31/F4E2C678CCA0_0_rotating_1725124674738.ubv to /volume1/videos/2024-08-31/G5Bullet_07/G5Bullet_07_F4E2C678CCA0_2024-08-31_38
[2024-09-05 01:32:52,801][main][INFO] - Successfully converted /srv/unifi-protect/video/2024/08/31/F4E2C678CCA0_0_rotating_1725126985242.ubv to /volume1/videos/2024-08-31/G5Bullet_07/G5Bullet_07_F4E2C678CCA0_2024-08-31_39
[2024-09-05 01:33:15,206][main][INFO] - Successfully converted /srv/unifi-protect/video/2024/08/31/F4E2C678CCA0_0_rotating_1725129206009.ubv to /volume1/videos/2024-08-31/G5Bullet_07/G5Bullet_07_F4E2C678CCA0_2024-08-31_40
[2024-09-05 01:33:36,046][main][INFO] - Successfully converted /srv/unifi-protect/video/2024/08/31/F4E2C678CCA0_0_rotating_1725130916707.ubv to /volume1/videos/2024-08-31/G5Bullet_07/G5Bullet_07_F4E2C678CCA0_2024-08-31_41
[2024-09-05 01:33:55,591][main][INFO] - Successfully converted /srv/unifi-protect/video/2024/08/31/F4E2C678CCA0_0_rotating_1725132397222.ubv to /volume1/videos/2024-08-31/G5Bullet_07/G5Bullet_07_F4E2C678CCA0_2024-08-31_42
[2024-09-05 01:34:18,332][main][INFO] - Successfully converted /srv/unifi-protect/video/2024/08/31/F4E2C678CCA0_0_rotating_1725134117819.ubv to /volume1/videos/2024-08-31/G5Bullet_07/G5Bullet_07_F4E2C678CCA0_2024-08-31_43
[2024-09-05 01:34:38,870][main][INFO] - Successfully converted /srv/unifi-protect/video/2024/08/31/F4E2C678CCA0_0_rotating_1725135988280.ubv to /volume1/videos/2024-08-31/G5Bullet_07/G5Bullet_07_F4E2C678CCA0_2024-08-31_44
[2024-09-05 01:34:54,078][main][INFO] - Successfully converted /srv/unifi-protect/video/2024/08/31/F4E2C678CCA0_0_rotating_1725138839262.ubv to /volume1/videos/2024-08-31/G5Bullet_07/G5Bullet_07_F4E2C678CCA0_2024-08-31_45
[2024-09-05 01:35:10,890][main][INFO] - Successfully converted /srv/unifi-protect/video/2024/08/31/F4E2C678CCA0_0_rotating_1725141335212.ubv to /volume1/videos/2024-08-31/G5Bullet_07/G5Bullet_07_F4E2C678CCA0_2024-08-31_46
[2024-09-05 01:35:10,892][main][INFO] - --------------------------------------------------
[2024-09-05 01:35:10,893][main][INFO] - --------------------------------------------------
[2024-09-05 01:35:10,893][main][INFO] - ::: Processing camera G5Bullet_26 with MAC address F4E2C678D12A :::
[2024-09-05 01:35:10,893][main][INFO] - Source directory: /srv/unifi-protect/video/2024/08/31
[2024-09-05 01:35:10,894][main][INFO] - Destination directory: /volume1/videos/2024-08-31/G5Bullet_26
[2024-09-05 01:35:10,894][main][INFO] - --------------------------------------------------
[2024-09-05 01:35:10,895][main][INFO] - --------------------------------------------------
[2024-09-05 01:35:35,368][main][INFO] - Successfully converted /srv/unifi-protect/video/2024/08/31/F4E2C678D12A_0_rotating_1725056952883.ubv to /volume1/videos/2024-08-31/G5Bullet_26/G5Bullet_26_F4E2C678D12A_2024-08-31_1
[2024-09-05 01:35:49,960][main][INFO] - Successfully converted /srv/unifi-protect/video/2024/08/31/F4E2C678D12A_0_rotating_1725059248573.ubv to /volume1/videos/2024-08-31/G5Bullet_26/G5Bullet_26_F4E2C678D12A_2024-08-31_2
[2024-09-05 01:36:07,916][main][INFO] - Successfully converted /srv/unifi-protect/video/2024/08/31/F4E2C678D12A_0_rotating_1725060808851.ubv to /volume1/videos/2024-08-31/G5Bullet_26/G5Bullet_26_F4E2C678D12A_2024-08-31_3
[2024-09-05 01:36:24,179][main][INFO] - Successfully converted /srv/unifi-protect/video/2024/08/31/F4E2C678D12A_0_rotating_1725062889682.ubv to /volume1/videos/2024-08-31/G5Bullet_26/G5Bullet_26_F4E2C678D12A_2024-08-31_4
[2024-09-05 01:36:42,721][main][INFO] - Successfully converted /srv/unifi-protect/video/2024/08/31/F4E2C678D12A_0_rotating_1725065000363.ubv to /volume1/videos/2024-08-31/G5Bullet_26/G5Bullet_26_F4E2C678D12A_2024-08-31_5
[2024-09-05 01:37:01,972][main][INFO] - Successfully converted /srv/unifi-protect/video/2024/08/31/F4E2C678D12A_0_rotating_1725067125904.ubv to /volume1/videos/2024-08-31/G5Bullet_26/G5Bullet_26_F4E2C678D12A_2024-08-31_6
[2024-09-05 01:37:19,162][main][INFO] - Successfully converted /srv/unifi-protect/video/2024/08/31/F4E2C678D12A_0_rotating_1725069311614.ubv to /volume1/videos/2024-08-31/G5Bullet_26/G5Bullet_26_F4E2C678D12A_2024-08-31_7
[2024-09-05 01:37:38,449][main][INFO] - Successfully converted /srv/unifi-protect/video/2024/08/31/F4E2C678D12A_0_rotating_1725070987136.ubv to /volume1/videos/2024-08-31/G5Bullet_26/G5Bullet_26_F4E2C678D12A_2024-08-31_8
[2024-09-05 01:37:54,850][main][INFO] - Successfully converted /srv/unifi-protect/video/2024/08/31/F4E2C678D12A_0_rotating_1725072797563.ubv to /volume1/videos/2024-08-31/G5Bullet_26/G5Bullet_26_F4E2C678D12A_2024-08-31_9
[2024-09-05 01:38:09,776][main][INFO] - Successfully converted /srv/unifi-protect/video/2024/08/31/F4E2C678D12A_0_rotating_1725074608672.ubv to /volume1/videos/2024-08-31/G5Bullet_26/G5Bullet_26_F4E2C678D12A_2024-08-31_10
[2024-09-05 01:38:27,379][main][INFO] - Successfully converted /srv/unifi-protect/video/2024/08/31/F4E2C678D12A_0_rotating_1725076968992.ubv to /volume1/videos/2024-08-31/G5Bullet_26/G5Bullet_26_F4E2C678D12A_2024-08-31_11
[2024-09-05 01:38:43,556][main][INFO] - Successfully converted /srv/unifi-protect/video/2024/08/31/F4E2C678D12A_0_rotating_1725080227292.ubv to /volume1/videos/2024-08-31/G5Bullet_26/G5Bullet_26_F4E2C678D12A_2024-08-31_12
[2024-09-05 01:39:00,327][main][INFO] - Successfully converted /srv/unifi-protect/video/2024/08/31/F4E2C678D12A_0_rotating_1725083209697.ubv to /volume1/videos/2024-08-31/G5Bullet_26/G5Bullet_26_F4E2C678D12A_2024-08-31_13
[2024-09-05 01:39:17,210][main][INFO] - Successfully converted /srv/unifi-protect/video/2024/08/31/F4E2C678D12A_0_rotating_1725085602634.ubv to /volume1/videos/2024-08-31/G5Bullet_26/G5Bullet_26_F4E2C678D12A_2024-08-31_14
[2024-09-05 01:39:33,906][main][INFO] - Successfully converted /srv/unifi-protect/video/2024/08/31/F4E2C678D12A_0_rotating_1725087201107.ubv to /volume1/videos/2024-08-31/G5Bullet_26/G5Bullet_26_F4E2C678D12A_2024-08-31_15
[2024-09-05 01:39:47,647][main][INFO] - Successfully converted /srv/unifi-protect/video/2024/08/31/F4E2C678D12A_0_rotating_1725089236624.ubv to /volume1/videos/2024-08-31/G5Bullet_26/G5Bullet_26_F4E2C678D12A_2024-08-31_16
[2024-09-05 01:40:07,208][main][INFO] - Successfully converted /srv/unifi-protect/video/2024/08/31/F4E2C678D12A_0_rotating_1725091121944.ubv to /volume1/videos/2024-08-31/G5Bullet_26/G5Bullet_26_F4E2C678D12A_2024-08-31_17
[2024-09-05 01:40:25,878][main][INFO] - Successfully converted /srv/unifi-protect/video/2024/08/31/F4E2C678D12A_0_rotating_1725093008946.ubv to /volume1/videos/2024-08-31/G5Bullet_26/G5Bullet_26_F4E2C678D12A_2024-08-31_18
[2024-09-05 01:40:42,079][main][INFO] - Successfully converted /srv/unifi-protect/video/2024/08/31/F4E2C678D12A_0_rotating_1725094805576.ubv to /volume1/videos/2024-08-31/G5Bullet_26/G5Bullet_26_F4E2C678D12A_2024-08-31_19
[2024-09-05 01:40:58,814][main][INFO] - Successfully converted /srv/unifi-protect/video/2024/08/31/F4E2C678D12A_0_rotating_1725096544620.ubv to /volume1/videos/2024-08-31/G5Bullet_26/G5Bullet_26_F4E2C678D12A_2024-08-31_20
[2024-09-05 01:41:16,944][main][INFO] - Successfully converted /srv/unifi-protect/video/2024/08/31/F4E2C678D12A_0_rotating_1725098323060.ubv to /volume1/videos/2024-08-31/G5Bullet_26/G5Bullet_26_F4E2C678D12A_2024-08-31_21
[2024-09-05 01:41:32,315][main][INFO] - Successfully converted /srv/unifi-protect/video/2024/08/31/F4E2C678D12A_0_rotating_1725100086566.ubv to /volume1/videos/2024-08-31/G5Bullet_26/G5Bullet_26_F4E2C678D12A_2024-08-31_22
[2024-09-05 01:41:47,062][main][INFO] - Successfully converted /srv/unifi-protect/video/2024/08/31/F4E2C678D12A_0_rotating_1725101816139.ubv to /volume1/videos/2024-08-31/G5Bullet_26/G5Bullet_26_F4E2C678D12A_2024-08-31_23
[2024-09-05 01:42:03,072][main][INFO] - Successfully converted /srv/unifi-protect/video/2024/08/31/F4E2C678D12A_0_rotating_1725103561719.ubv to /volume1/videos/2024-08-31/G5Bullet_26/G5Bullet_26_F4E2C678D12A_2024-08-31_24
[2024-09-05 01:42:20,672][main][INFO] - Successfully converted /srv/unifi-protect/video/2024/08/31/F4E2C678D12A_0_rotating_1725105322207.ubv to /volume1/videos/2024-08-31/G5Bullet_26/G5Bullet_26_F4E2C678D12A_2024-08-31_25
[2024-09-05 01:42:39,794][main][INFO] - Successfully converted /srv/unifi-protect/video/2024/08/31/F4E2C678D12A_0_rotating_1725107072873.ubv to /volume1/videos/2024-08-31/G5Bullet_26/G5Bullet_26_F4E2C678D12A_2024-08-31_26
[2024-09-05 01:42:56,556][main][INFO] - Successfully converted /srv/unifi-protect/video/2024/08/31/F4E2C678D12A_0_rotating_1725108768507.ubv to /volume1/videos/2024-08-31/G5Bullet_26/G5Bullet_26_F4E2C678D12A_2024-08-31_27
[2024-09-05 01:43:14,235][main][INFO] - Successfully converted /srv/unifi-protect/video/2024/08/31/F4E2C678D12A_0_rotating_1725110448992.ubv to /volume1/videos/2024-08-31/G5Bullet_26/G5Bullet_26_F4E2C678D12A_2024-08-31_28
[2024-09-05 01:43:32,419][main][INFO] - Successfully converted /srv/unifi-protect/video/2024/08/31/F4E2C678D12A_0_rotating_1725112134697.ubv to /volume1/videos/2024-08-31/G5Bullet_26/G5Bullet_26_F4E2C678D12A_2024-08-31_29
[2024-09-05 01:43:48,481][main][INFO] - Successfully converted /srv/unifi-protect/video/2024/08/31/F4E2C678D12A_0_rotating_1725113875394.ubv to /volume1/videos/2024-08-31/G5Bullet_26/G5Bullet_26_F4E2C678D12A_2024-08-31_30
[2024-09-05 01:44:05,653][main][INFO] - Successfully converted /srv/unifi-protect/video/2024/08/31/F4E2C678D12A_0_rotating_1725115612988.ubv to /volume1/videos/2024-08-31/G5Bullet_26/G5Bullet_26_F4E2C678D12A_2024-08-31_31
[2024-09-05 01:44:23,939][main][INFO] - Successfully converted /srv/unifi-protect/video/2024/08/31/F4E2C678D12A_0_rotating_1725117333334.ubv to /volume1/videos/2024-08-31/G5Bullet_26/G5Bullet_26_F4E2C678D12A_2024-08-31_32
[2024-09-05 01:44:42,329][main][INFO] - Successfully converted /srv/unifi-protect/video/2024/08/31/F4E2C678D12A_0_rotating_1725118981024.ubv to /volume1/videos/2024-08-31/G5Bullet_26/G5Bullet_26_F4E2C678D12A_2024-08-31_33
[2024-09-05 01:45:01,532][main][INFO] - Successfully converted /srv/unifi-protect/video/2024/08/31/F4E2C678D12A_0_rotating_1725120616521.ubv to /volume1/videos/2024-08-31/G5Bullet_26/G5Bullet_26_F4E2C678D12A_2024-08-31_34
[2024-09-05 01:45:18,688][main][INFO] - Successfully converted /srv/unifi-protect/video/2024/08/31/F4E2C678D12A_0_rotating_1725122342280.ubv to /volume1/videos/2024-08-31/G5Bullet_26/G5Bullet_26_F4E2C678D12A_2024-08-31_35
[2024-09-05 01:45:40,386][main][INFO] - Successfully converted /srv/unifi-protect/video/2024/08/31/F4E2C678D12A_0_rotating_1725124197666.ubv to /volume1/videos/2024-08-31/G5Bullet_26/G5Bullet_26_F4E2C678D12A_2024-08-31_36
[2024-09-05 01:45:57,505][main][INFO] - Successfully converted /srv/unifi-protect/video/2024/08/31/F4E2C678D12A_0_rotating_1725126563335.ubv to /volume1/videos/2024-08-31/G5Bullet_26/G5Bullet_26_F4E2C678D12A_2024-08-31_37
[2024-09-05 01:46:16,087][main][INFO] - Successfully converted /srv/unifi-protect/video/2024/08/31/F4E2C678D12A_0_rotating_1725129124265.ubv to /volume1/videos/2024-08-31/G5Bullet_26/G5Bullet_26_F4E2C678D12A_2024-08-31_38
[2024-09-05 01:46:39,593][main][INFO] - Successfully converted /srv/unifi-protect/video/2024/08/31/F4E2C678D12A_0_rotating_1725130981121.ubv to /volume1/videos/2024-08-31/G5Bullet_26/G5Bullet_26_F4E2C678D12A_2024-08-31_39
[2024-09-05 01:47:00,278][main][INFO] - Successfully converted /srv/unifi-protect/video/2024/08/31/F4E2C678D12A_0_rotating_1725132580337.ubv to /volume1/videos/2024-08-31/G5Bullet_26/G5Bullet_26_F4E2C678D12A_2024-08-31_40
[2024-09-05 01:47:24,079][main][INFO] - Successfully converted /srv/unifi-protect/video/2024/08/31/F4E2C678D12A_0_rotating_1725134361321.ubv to /volume1/videos/2024-08-31/G5Bullet_26/G5Bullet_26_F4E2C678D12A_2024-08-31_41
[2024-09-05 01:47:46,202][main][INFO] - Successfully converted /srv/unifi-protect/video/2024/08/31/F4E2C678D12A_0_rotating_1725136666702.ubv to /volume1/videos/2024-08-31/G5Bullet_26/G5Bullet_26_F4E2C678D12A_2024-08-31_42
[2024-09-05 01:47:58,888][main][INFO] - Successfully converted /srv/unifi-protect/video/2024/08/31/F4E2C678D12A_0_rotating_1725140032798.ubv to /volume1/videos/2024-08-31/G5Bullet_26/G5Bullet_26_F4E2C678D12A_2024-08-31_43
[2024-09-05 01:47:58,890][main][INFO] - --------------------------------------------------
[2024-09-05 01:47:58,890][main][INFO] - --------------------------------------------------
[2024-09-05 01:47:58,890][main][INFO] - ::: Processing camera G5Bullet_27 with MAC address F4E2C678D10D :::
[2024-09-05 01:47:58,891][main][INFO] - Source directory: /srv/unifi-protect/video/2024/08/31
[2024-09-05 01:47:58,891][main][INFO] - Destination directory: /volume1/videos/2024-08-31/G5Bullet_27
[2024-09-05 01:47:58,891][main][INFO] - --------------------------------------------------
[2024-09-05 01:47:58,892][main][INFO] - --------------------------------------------------
[2024-09-05 01:48:15,715][main][INFO] - Successfully converted /srv/unifi-protect/video/2024/08/31/F4E2C678D10D_0_rotating_1725057727372.ubv to /volume1/videos/2024-08-31/G5Bullet_27/G5Bullet_27_F4E2C678D10D_2024-08-31_1
[2024-09-05 01:48:34,610][main][INFO] - Successfully converted /srv/unifi-protect/video/2024/08/31/F4E2C678D10D_0_rotating_1725059702152.ubv to /volume1/videos/2024-08-31/G5Bullet_27/G5Bullet_27_F4E2C678D10D_2024-08-31_2
[2024-09-05 01:48:52,670][main][INFO] - Successfully converted /srv/unifi-protect/video/2024/08/31/F4E2C678D10D_0_rotating_1725061522784.ubv to /volume1/videos/2024-08-31/G5Bullet_27/G5Bullet_27_F4E2C678D10D_2024-08-31_3
[2024-09-05 01:49:06,893][main][INFO] - Successfully converted /srv/unifi-protect/video/2024/08/31/F4E2C678D10D_0_rotating_1725063613783.ubv to /volume1/videos/2024-08-31/G5Bullet_27/G5Bullet_27_F4E2C678D10D_2024-08-31_4
[2024-09-05 01:49:26,081][main][INFO] - Successfully converted /srv/unifi-protect/video/2024/08/31/F4E2C678D10D_0_rotating_1725065924151.ubv to /volume1/videos/2024-08-31/G5Bullet_27/G5Bullet_27_F4E2C678D10D_2024-08-31_5
[2024-09-05 01:49:47,536][main][INFO] - Successfully converted /srv/unifi-protect/video/2024/08/31/F4E2C678D10D_0_rotating_1725068074972.ubv to /volume1/videos/2024-08-31/G5Bullet_27/G5Bullet_27_F4E2C678D10D_2024-08-31_6
[2024-09-05 01:50:07,467][main][INFO] - Successfully converted /srv/unifi-protect/video/2024/08/31/F4E2C678D10D_0_rotating_1725070161562.ubv to /volume1/videos/2024-08-31/G5Bullet_27/G5Bullet_27_F4E2C678D10D_2024-08-31_7
[2024-09-05 01:50:21,340][main][INFO] - Successfully converted /srv/unifi-protect/video/2024/08/31/F4E2C678D10D_0_rotating_1725072159757.ubv to /volume1/videos/2024-08-31/G5Bullet_27/G5Bullet_27_F4E2C678D10D_2024-08-31_8
[2024-09-05 01:50:37,202][main][INFO] - Successfully converted /srv/unifi-protect/video/2024/08/31/F4E2C678D10D_0_rotating_1725074091271.ubv to /volume1/videos/2024-08-31/G5Bullet_27/G5Bullet_27_F4E2C678D10D_2024-08-31_9
[2024-09-05 01:50:50,972][main][INFO] - Successfully converted /srv/unifi-protect/video/2024/08/31/F4E2C678D10D_0_rotating_1725076313231.ubv to /volume1/videos/2024-08-31/G5Bullet_27/G5Bullet_27_F4E2C678D10D_2024-08-31_10
[2024-09-05 01:51:06,350][main][INFO] - Successfully converted /srv/unifi-protect/video/2024/08/31/F4E2C678D10D_0_rotating_1725079232032.ubv to /volume1/videos/2024-08-31/G5Bullet_27/G5Bullet_27_F4E2C678D10D_2024-08-31_11
[2024-09-05 01:51:25,076][main][INFO] - Successfully converted /srv/unifi-protect/video/2024/08/31/F4E2C678D10D_0_rotating_1725081972726.ubv to /volume1/videos/2024-08-31/G5Bullet_27/G5Bullet_27_F4E2C678D10D_2024-08-31_12
[2024-09-05 01:51:39,924][main][INFO] - Successfully converted /srv/unifi-protect/video/2024/08/31/F4E2C678D10D_0_rotating_1725084590290.ubv to /volume1/videos/2024-08-31/G5Bullet_27/G5Bullet_27_F4E2C678D10D_2024-08-31_13
[2024-09-05 01:51:54,961][main][INFO] - Successfully converted /srv/unifi-protect/video/2024/08/31/F4E2C678D10D_0_rotating_1725086700970.ubv to /volume1/videos/2024-08-31/G5Bullet_27/G5Bullet_27_F4E2C678D10D_2024-08-31_14
[2024-09-05 01:52:11,551][main][INFO] - Successfully converted /srv/unifi-protect/video/2024/08/31/F4E2C678D10D_0_rotating_1725088715399.ubv to /volume1/videos/2024-08-31/G5Bullet_27/G5Bullet_27_F4E2C678D10D_2024-08-31_15
[2024-09-05 01:52:33,698][main][INFO] - Successfully converted /srv/unifi-protect/video/2024/08/31/F4E2C678D10D_0_rotating_1725090696504.ubv to /volume1/videos/2024-08-31/G5Bullet_27/G5Bullet_27_F4E2C678D10D_2024-08-31_16
[2024-09-05 01:52:49,131][main][INFO] - Successfully converted /srv/unifi-protect/video/2024/08/31/F4E2C678D10D_0_rotating_1725092611489.ubv to /volume1/videos/2024-08-31/G5Bullet_27/G5Bullet_27_F4E2C678D10D_2024-08-31_17
[2024-09-05 01:53:10,040][main][INFO] - Successfully converted /srv/unifi-protect/video/2024/08/31/F4E2C678D10D_0_rotating_1725094449762.ubv to /volume1/videos/2024-08-31/G5Bullet_27/G5Bullet_27_F4E2C678D10D_2024-08-31_18
[2024-09-05 01:53:29,065][main][INFO] - Successfully converted /srv/unifi-protect/video/2024/08/31/F4E2C678D10D_0_rotating_1725096203115.ubv to /volume1/videos/2024-08-31/G5Bullet_27/G5Bullet_27_F4E2C678D10D_2024-08-31_19
[2024-09-05 01:53:44,847][main][INFO] - Successfully converted /srv/unifi-protect/video/2024/08/31/F4E2C678D10D_0_rotating_1725097988337.ubv to /volume1/videos/2024-08-31/G5Bullet_27/G5Bullet_27_F4E2C678D10D_2024-08-31_20
[2024-09-05 01:54:02,077][main][INFO] - Successfully converted /srv/unifi-protect/video/2024/08/31/F4E2C678D10D_0_rotating_1725099758715.ubv to /volume1/videos/2024-08-31/G5Bullet_27/G5Bullet_27_F4E2C678D10D_2024-08-31_21
[2024-09-05 01:54:18,367][main][INFO] - Successfully converted /srv/unifi-protect/video/2024/08/31/F4E2C678D10D_0_rotating_1725101573953.ubv to /volume1/videos/2024-08-31/G5Bullet_27/G5Bullet_27_F4E2C678D10D_2024-08-31_22
[2024-09-05 01:54:34,960][main][INFO] - Successfully converted /srv/unifi-protect/video/2024/08/31/F4E2C678D10D_0_rotating_1725103354488.ubv to /volume1/videos/2024-08-31/G5Bullet_27/G5Bullet_27_F4E2C678D10D_2024-08-31_23
[2024-09-05 01:54:53,797][main][INFO] - Successfully converted /srv/unifi-protect/video/2024/08/31/F4E2C678D10D_0_rotating_1725105312863.ubv to /volume1/videos/2024-08-31/G5Bullet_27/G5Bullet_27_F4E2C678D10D_2024-08-31_24
[2024-09-05 01:55:10,076][main][INFO] - Successfully converted /srv/unifi-protect/video/2024/08/31/F4E2C678D10D_0_rotating_1725107499151.ubv to /volume1/videos/2024-08-31/G5Bullet_27/G5Bullet_27_F4E2C678D10D_2024-08-31_25
[2024-09-05 01:55:31,048][main][INFO] - Successfully converted /srv/unifi-protect/video/2024/08/31/F4E2C678D10D_0_rotating_1725109179518.ubv to /volume1/videos/2024-08-31/G5Bullet_27/G5Bullet_27_F4E2C678D10D_2024-08-31_26
[2024-09-05 01:55:51,586][main][INFO] - Successfully converted /srv/unifi-protect/video/2024/08/31/F4E2C678D10D_0_rotating_1725110679658.ubv to /volume1/videos/2024-08-31/G5Bullet_27/G5Bullet_27_F4E2C678D10D_2024-08-31_27
[2024-09-05 01:56:14,612][main][INFO] - Successfully converted /srv/unifi-protect/video/2024/08/31/F4E2C678D10D_0_rotating_1725112380610.ubv to /volume1/videos/2024-08-31/G5Bullet_27/G5Bullet_27_F4E2C678D10D_2024-08-31_28
[2024-09-05 01:56:34,108][main][INFO] - Successfully converted /srv/unifi-protect/video/2024/08/31/F4E2C678D10D_0_rotating_1725114033878.ubv to /volume1/videos/2024-08-31/G5Bullet_27/G5Bullet_27_F4E2C678D10D_2024-08-31_29
[2024-09-05 01:56:53,010][main][INFO] - Successfully converted /srv/unifi-protect/video/2024/08/31/F4E2C678D10D_0_rotating_1725115682072.ubv to /volume1/videos/2024-08-31/G5Bullet_27/G5Bullet_27_F4E2C678D10D_2024-08-31_30
[2024-09-05 01:57:13,603][main][INFO] - Successfully converted /srv/unifi-protect/video/2024/08/31/F4E2C678D10D_0_rotating_1725117440291.ubv to /volume1/videos/2024-08-31/G5Bullet_27/G5Bullet_27_F4E2C678D10D_2024-08-31_31
[2024-09-05 01:57:36,665][main][INFO] - Successfully converted /srv/unifi-protect/video/2024/08/31/F4E2C678D10D_0_rotating_1725118844383.ubv to /volume1/videos/2024-08-31/G5Bullet_27/G5Bullet_27_F4E2C678D10D_2024-08-31_32
[2024-09-05 01:57:58,857][main][INFO] - Successfully converted /srv/unifi-protect/video/2024/08/31/F4E2C678D10D_0_rotating_1725120844038.ubv to /volume1/videos/2024-08-31/G5Bullet_27/G5Bullet_27_F4E2C678D10D_2024-08-31_33
[2024-09-05 01:58:22,371][main][INFO] - Successfully converted /srv/unifi-protect/video/2024/08/31/F4E2C678D10D_0_rotating_1725122408603.ubv to /volume1/videos/2024-08-31/G5Bullet_27/G5Bullet_27_F4E2C678D10D_2024-08-31_34
[2024-09-05 01:58:41,283][main][INFO] - Successfully converted /srv/unifi-protect/video/2024/08/31/F4E2C678D10D_0_rotating_1725124278923.ubv to /volume1/videos/2024-08-31/G5Bullet_27/G5Bullet_27_F4E2C678D10D_2024-08-31_35
[2024-09-05 01:59:01,146][main][INFO] - Successfully converted /srv/unifi-protect/video/2024/08/31/F4E2C678D10D_0_rotating_1725126852225.ubv to /volume1/videos/2024-08-31/G5Bullet_27/G5Bullet_27_F4E2C678D10D_2024-08-31_36
[2024-09-05 01:59:24,972][main][INFO] - Successfully converted /srv/unifi-protect/video/2024/08/31/F4E2C678D10D_0_rotating_1725130102398.ubv to /volume1/videos/2024-08-31/G5Bullet_27/G5Bullet_27_F4E2C678D10D_2024-08-31_37
[2024-09-05 01:59:48,259][main][INFO] - Successfully converted /srv/unifi-protect/video/2024/08/31/F4E2C678D10D_0_rotating_1725132207295.ubv to /volume1/videos/2024-08-31/G5Bullet_27/G5Bullet_27_F4E2C678D10D_2024-08-31_38
[2024-09-05 02:00:11,923][main][INFO] - Successfully converted /srv/unifi-protect/video/2024/08/31/F4E2C678D10D_0_rotating_1725134615818.ubv to /volume1/videos/2024-08-31/G5Bullet_27/G5Bullet_27_F4E2C678D10D_2024-08-31_39
[2024-09-05 02:00:28,466][main][INFO] - Successfully converted /srv/unifi-protect/video/2024/08/31/F4E2C678D10D_0_rotating_1725137927478.ubv to /volume1/videos/2024-08-31/G5Bullet_27/G5Bullet_27_F4E2C678D10D_2024-08-31_40
[2024-09-05 02:00:48,702][main][INFO] - Successfully converted /srv/unifi-protect/video/2024/08/31/F4E2C678D10D_0_rotating_1725140707295.ubv to /volume1/videos/2024-08-31/G5Bullet_27/G5Bullet_27_F4E2C678D10D_2024-08-31_41
[2024-09-05 02:00:48,706][main][INFO] - --------------------------------------------------
[2024-09-05 02:00:48,707][main][INFO] - --------------------------------------------------
[2024-09-05 02:00:48,708][main][INFO] - ::: Processing camera G5Bullet_31 with MAC address F4E2C678CB5A :::
[2024-09-05 02:00:48,709][main][INFO] - Source directory: /srv/unifi-protect/video/2024/08/31
[2024-09-05 02:00:48,710][main][INFO] - Destination directory: /volume1/videos/2024-08-31/G5Bullet_31
[2024-09-05 02:00:48,711][main][INFO] - --------------------------------------------------
[2024-09-05 02:00:48,712][main][INFO] - --------------------------------------------------
[2024-09-05 02:01:08,524][main][INFO] - Successfully converted /srv/unifi-protect/video/2024/08/31/F4E2C678CB5A_0_rotating_1725057586677.ubv to /volume1/videos/2024-08-31/G5Bullet_31/G5Bullet_31_F4E2C678CB5A_2024-08-31_1
[2024-09-05 02:01:31,839][main][INFO] - Successfully converted /srv/unifi-protect/video/2024/08/31/F4E2C678CB5A_0_rotating_1725059754889.ubv to /volume1/videos/2024-08-31/G5Bullet_31/G5Bullet_31_F4E2C678CB5A_2024-08-31_2
[2024-09-05 02:01:48,362][main][INFO] - Successfully converted /srv/unifi-protect/video/2024/08/31/F4E2C678CB5A_0_rotating_1725062104454.ubv to /volume1/videos/2024-08-31/G5Bullet_31/G5Bullet_31_F4E2C678CB5A_2024-08-31_3
[2024-09-05 02:02:05,689][main][INFO] - Successfully converted /srv/unifi-protect/video/2024/08/31/F4E2C678CB5A_0_rotating_1725064114151.ubv to /volume1/videos/2024-08-31/G5Bullet_31/G5Bullet_31_F4E2C678CB5A_2024-08-31_4
[2024-09-05 02:02:26,298][main][INFO] - Successfully converted /srv/unifi-protect/video/2024/08/31/F4E2C678CB5A_0_rotating_1725066687404.ubv to /volume1/videos/2024-08-31/G5Bullet_31/G5Bullet_31_F4E2C678CB5A_2024-08-31_5
[2024-09-05 02:02:43,692][main][INFO] - Successfully converted /srv/unifi-protect/video/2024/08/31/F4E2C678CB5A_0_rotating_1725069074261.ubv to /volume1/videos/2024-08-31/G5Bullet_31/G5Bullet_31_F4E2C678CB5A_2024-08-31_6
[2024-09-05 02:03:04,316][main][INFO] - Successfully converted /srv/unifi-protect/video/2024/08/31/F4E2C678CB5A_0_rotating_1725070793319.ubv to /volume1/videos/2024-08-31/G5Bullet_31/G5Bullet_31_F4E2C678CB5A_2024-08-31_7
[2024-09-05 02:03:22,301][main][INFO] - Successfully converted /srv/unifi-protect/video/2024/08/31/F4E2C678CB5A_0_rotating_1725072338267.ubv to /volume1/videos/2024-08-31/G5Bullet_31/G5Bullet_31_F4E2C678CB5A_2024-08-31_8
[2024-09-05 02:03:40,212][main][INFO] - Successfully converted /srv/unifi-protect/video/2024/08/31/F4E2C678CB5A_0_rotating_1725074215367.ubv to /volume1/videos/2024-08-31/G5Bullet_31/G5Bullet_31_F4E2C678CB5A_2024-08-31_9
[2024-09-05 02:03:58,496][main][INFO] - Successfully converted /srv/unifi-protect/video/2024/08/31/F4E2C678CB5A_0_rotating_1725076680242.ubv to /volume1/videos/2024-08-31/G5Bullet_31/G5Bullet_31_F4E2C678CB5A_2024-08-31_10
[2024-09-05 02:04:16,649][main][INFO] - Successfully converted /srv/unifi-protect/video/2024/08/31/F4E2C678CB5A_0_rotating_1725079980496.ubv to /volume1/videos/2024-08-31/G5Bullet_31/G5Bullet_31_F4E2C678CB5A_2024-08-31_11
[2024-09-05 02:04:37,499][main][INFO] - Successfully converted /srv/unifi-protect/video/2024/08/31/F4E2C678CB5A_0_rotating_1725083260351.ubv to /volume1/videos/2024-08-31/G5Bullet_31/G5Bullet_31_F4E2C678CB5A_2024-08-31_12
[2024-09-05 02:04:54,635][main][INFO] - Successfully converted /srv/unifi-protect/video/2024/08/31/F4E2C678CB5A_0_rotating_1725086595029.ubv to /volume1/videos/2024-08-31/G5Bullet_31/G5Bullet_31_F4E2C678CB5A_2024-08-31_13
[2024-09-05 02:05:12,922][main][INFO] - Successfully converted /srv/unifi-protect/video/2024/08/31/F4E2C678CB5A_0_rotating_1725088755845.ubv to /volume1/videos/2024-08-31/G5Bullet_31/G5Bullet_31_F4E2C678CB5A_2024-08-31_14
[2024-09-05 02:05:32,731][main][INFO] - Successfully converted /srv/unifi-protect/video/2024/08/31/F4E2C678CB5A_0_rotating_1725090953166.ubv to /volume1/videos/2024-08-31/G5Bullet_31/G5Bullet_31_F4E2C678CB5A_2024-08-31_15
[2024-09-05 02:05:54,335][main][INFO] - Successfully converted /srv/unifi-protect/video/2024/08/31/F4E2C678CB5A_0_rotating_1725093122585.ubv to /volume1/videos/2024-08-31/G5Bullet_31/G5Bullet_31_F4E2C678CB5A_2024-08-31_16
[2024-09-05 02:06:16,129][main][INFO] - Successfully converted /srv/unifi-protect/video/2024/08/31/F4E2C678CB5A_0_rotating_1725095439202.ubv to /volume1/videos/2024-08-31/G5Bullet_31/G5Bullet_31_F4E2C678CB5A_2024-08-31_17
[2024-09-05 02:06:35,116][main][INFO] - Successfully converted /srv/unifi-protect/video/2024/08/31/F4E2C678CB5A_0_rotating_1725097271551.ubv to /volume1/videos/2024-08-31/G5Bullet_31/G5Bullet_31_F4E2C678CB5A_2024-08-31_18
[2024-09-05 02:06:54,653][main][INFO] - Successfully converted /srv/unifi-protect/video/2024/08/31/F4E2C678CB5A_0_rotating_1725098986161.ubv to /volume1/videos/2024-08-31/G5Bullet_31/G5Bullet_31_F4E2C678CB5A_2024-08-31_19
[2024-09-05 02:07:15,946][main][INFO] - Successfully converted /srv/unifi-protect/video/2024/08/31/F4E2C678CB5A_0_rotating_1725100696671.ubv to /volume1/videos/2024-08-31/G5Bullet_31/G5Bullet_31_F4E2C678CB5A_2024-08-31_20
[2024-09-05 02:07:36,646][main][INFO] - Successfully converted /srv/unifi-protect/video/2024/08/31/F4E2C678CB5A_0_rotating_1725102455963.ubv to /volume1/videos/2024-08-31/G5Bullet_31/G5Bullet_31_F4E2C678CB5A_2024-08-31_21
[2024-09-05 02:07:58,545][main][INFO] - Successfully converted /srv/unifi-protect/video/2024/08/31/F4E2C678CB5A_0_rotating_1725104522853.ubv to /volume1/videos/2024-08-31/G5Bullet_31/G5Bullet_31_F4E2C678CB5A_2024-08-31_22
[2024-09-05 02:08:18,185][main][INFO] - Successfully converted /srv/unifi-protect/video/2024/08/31/F4E2C678CB5A_0_rotating_1725106357228.ubv to /volume1/videos/2024-08-31/G5Bullet_31/G5Bullet_31_F4E2C678CB5A_2024-08-31_23
[2024-09-05 02:08:41,444][main][INFO] - Successfully converted /srv/unifi-protect/video/2024/08/31/F4E2C678CB5A_0_rotating_1725108042453.ubv to /volume1/videos/2024-08-31/G5Bullet_31/G5Bullet_31_F4E2C678CB5A_2024-08-31_24
[2024-09-05 02:09:01,871][main][INFO] - Successfully converted /srv/unifi-protect/video/2024/08/31/F4E2C678CB5A_0_rotating_1725109875923.ubv to /volume1/videos/2024-08-31/G5Bullet_31/G5Bullet_31_F4E2C678CB5A_2024-08-31_25
[2024-09-05 02:09:22,498][main][INFO] - Successfully converted /srv/unifi-protect/video/2024/08/31/F4E2C678CB5A_0_rotating_1725111663106.ubv to /volume1/videos/2024-08-31/G5Bullet_31/G5Bullet_31_F4E2C678CB5A_2024-08-31_26
[2024-09-05 02:09:40,430][main][INFO] - Successfully converted /srv/unifi-protect/video/2024/08/31/F4E2C678CB5A_0_rotating_1725113816659.ubv to /volume1/videos/2024-08-31/G5Bullet_31/G5Bullet_31_F4E2C678CB5A_2024-08-31_27
[2024-09-05 02:09:56,976][main][INFO] - Successfully converted /srv/unifi-protect/video/2024/08/31/F4E2C678CB5A_0_rotating_1725115720744.ubv to /volume1/videos/2024-08-31/G5Bullet_31/G5Bullet_31_F4E2C678CB5A_2024-08-31_28
[2024-09-05 02:10:18,019][main][INFO] - Successfully converted /srv/unifi-protect/video/2024/08/31/F4E2C678CB5A_0_rotating_1725118253984.ubv to /volume1/videos/2024-08-31/G5Bullet_31/G5Bullet_31_F4E2C678CB5A_2024-08-31_29
[2024-09-05 02:10:42,033][main][INFO] - Successfully converted /srv/unifi-protect/video/2024/08/31/F4E2C678CB5A_0_rotating_1725119863919.ubv to /volume1/videos/2024-08-31/G5Bullet_31/G5Bullet_31_F4E2C678CB5A_2024-08-31_30
[2024-09-05 02:10:59,435][main][INFO] - Successfully converted /srv/unifi-protect/video/2024/08/31/F4E2C678CB5A_0_rotating_1725121596828.ubv to /volume1/videos/2024-08-31/G5Bullet_31/G5Bullet_31_F4E2C678CB5A_2024-08-31_31
[2024-09-05 02:11:25,050][main][INFO] - Successfully converted /srv/unifi-protect/video/2024/08/31/F4E2C678CB5A_0_rotating_1725124177094.ubv to /volume1/videos/2024-08-31/G5Bullet_31/G5Bullet_31_F4E2C678CB5A_2024-08-31_32
[2024-09-05 02:11:46,007][main][INFO] - Successfully converted /srv/unifi-protect/video/2024/08/31/F4E2C678CB5A_0_rotating_1725127587050.ubv to /volume1/videos/2024-08-31/G5Bullet_31/G5Bullet_31_F4E2C678CB5A_2024-08-31_33
[2024-09-05 02:12:08,390][main][INFO] - Successfully converted /srv/unifi-protect/video/2024/08/31/F4E2C678CB5A_0_rotating_1725131047402.ubv to /volume1/videos/2024-08-31/G5Bullet_31/G5Bullet_31_F4E2C678CB5A_2024-08-31_34
[2024-09-05 02:12:31,454][main][INFO] - Successfully converted /srv/unifi-protect/video/2024/08/31/F4E2C678CB5A_0_rotating_1725133705768.ubv to /volume1/videos/2024-08-31/G5Bullet_31/G5Bullet_31_F4E2C678CB5A_2024-08-31_35
[2024-09-05 02:12:52,607][main][INFO] - Successfully converted /srv/unifi-protect/video/2024/08/31/F4E2C678CB5A_0_rotating_1725137387180.ubv to /volume1/videos/2024-08-31/G5Bullet_31/G5Bullet_31_F4E2C678CB5A_2024-08-31_36
[2024-09-05 02:13:14,848][main][INFO] - Successfully converted /srv/unifi-protect/video/2024/08/31/F4E2C678CB5A_0_rotating_1725141077112.ubv to /volume1/videos/2024-08-31/G5Bullet_31/G5Bullet_31_F4E2C678CB5A_2024-08-31_37
[2024-09-05 02:13:14,850][main][INFO] - --------------------------------------------------
[2024-09-05 02:13:14,850][main][INFO] - --------------------------------------------------
[2024-09-05 02:13:14,850][main][INFO] - ::: Processing camera G5Bullet_32 with MAC address F4E2C678CCB4 :::
[2024-09-05 02:13:14,850][main][INFO] - Source directory: /srv/unifi-protect/video/2024/08/31
[2024-09-05 02:13:14,851][main][INFO] - Destination directory: /volume1/videos/2024-08-31/G5Bullet_32
[2024-09-05 02:13:14,851][main][INFO] - --------------------------------------------------
[2024-09-05 02:13:14,851][main][INFO] - --------------------------------------------------
[2024-09-05 02:13:36,938][main][INFO] - Successfully converted /srv/unifi-protect/video/2024/08/31/F4E2C678CCB4_0_rotating_1725057125098.ubv to /volume1/videos/2024-08-31/G5Bullet_32/G5Bullet_32_F4E2C678CCB4_2024-08-31_1
[2024-09-05 02:13:54,659][main][INFO] - Successfully converted /srv/unifi-protect/video/2024/08/31/F4E2C678CCB4_0_rotating_1725059688353.ubv to /volume1/videos/2024-08-31/G5Bullet_32/G5Bullet_32_F4E2C678CCB4_2024-08-31_2
[2024-09-05 02:14:11,300][main][INFO] - Successfully converted /srv/unifi-protect/video/2024/08/31/F4E2C678CCB4_0_rotating_1725061926318.ubv to /volume1/videos/2024-08-31/G5Bullet_32/G5Bullet_32_F4E2C678CCB4_2024-08-31_3
[2024-09-05 02:14:33,057][main][INFO] - Successfully converted /srv/unifi-protect/video/2024/08/31/F4E2C678CCB4_0_rotating_1725064927400.ubv to /volume1/videos/2024-08-31/G5Bullet_32/G5Bullet_32_F4E2C678CCB4_2024-08-31_4
[2024-09-05 02:14:50,792][main][INFO] - Successfully converted /srv/unifi-protect/video/2024/08/31/F4E2C678CCB4_0_rotating_1725068183424.ubv to /volume1/videos/2024-08-31/G5Bullet_32/G5Bullet_32_F4E2C678CCB4_2024-08-31_5
[2024-09-05 02:15:05,899][main][INFO] - Successfully converted /srv/unifi-protect/video/2024/08/31/F4E2C678CCB4_0_rotating_1725070806725.ubv to /volume1/videos/2024-08-31/G5Bullet_32/G5Bullet_32_F4E2C678CCB4_2024-08-31_6
[2024-09-05 02:15:28,849][main][INFO] - Successfully converted /srv/unifi-protect/video/2024/08/31/F4E2C678CCB4_0_rotating_1725073079911.ubv to /volume1/videos/2024-08-31/G5Bullet_32/G5Bullet_32_F4E2C678CCB4_2024-08-31_7
[2024-09-05 02:15:44,907][main][INFO] - Successfully converted /srv/unifi-protect/video/2024/08/31/F4E2C678CCB4_0_rotating_1725075775769.ubv to /volume1/videos/2024-08-31/G5Bullet_32/G5Bullet_32_F4E2C678CCB4_2024-08-31_8
[2024-09-05 02:16:03,344][main][INFO] - Successfully converted /srv/unifi-protect/video/2024/08/31/F4E2C678CCB4_0_rotating_1725079286820.ubv to /volume1/videos/2024-08-31/G5Bullet_32/G5Bullet_32_F4E2C678CCB4_2024-08-31_9
[2024-09-05 02:16:25,925][main][INFO] - Successfully converted /srv/unifi-protect/video/2024/08/31/F4E2C678CCB4_0_rotating_1725082427947.ubv to /volume1/videos/2024-08-31/G5Bullet_32/G5Bullet_32_F4E2C678CCB4_2024-08-31_10
[2024-09-05 02:16:43,236][main][INFO] - Successfully converted /srv/unifi-protect/video/2024/08/31/F4E2C678CCB4_0_rotating_1725085419030.ubv to /volume1/videos/2024-08-31/G5Bullet_32/G5Bullet_32_F4E2C678CCB4_2024-08-31_11
[2024-09-05 02:16:56,025][main][INFO] - Successfully converted /srv/unifi-protect/video/2024/08/31/F4E2C678CCB4_0_rotating_1725087235881.ubv to /volume1/videos/2024-08-31/G5Bullet_32/G5Bullet_32_F4E2C678CCB4_2024-08-31_12
[2024-09-05 02:17:15,324][main][INFO] - Successfully converted /srv/unifi-protect/video/2024/08/31/F4E2C678CCB4_0_rotating_1725089671533.ubv to /volume1/videos/2024-08-31/G5Bullet_32/G5Bullet_32_F4E2C678CCB4_2024-08-31_13
[2024-09-05 02:17:36,273][main][INFO] - Successfully converted /srv/unifi-protect/video/2024/08/31/F4E2C678CCB4_0_rotating_1725091767515.ubv to /volume1/videos/2024-08-31/G5Bullet_32/G5Bullet_32_F4E2C678CCB4_2024-08-31_14
[2024-09-05 02:17:59,382][main][INFO] - Successfully converted /srv/unifi-protect/video/2024/08/31/F4E2C678CCB4_0_rotating_1725093983002.ubv to /volume1/videos/2024-08-31/G5Bullet_32/G5Bullet_32_F4E2C678CCB4_2024-08-31_15
[2024-09-05 02:18:22,817][main][INFO] - Successfully converted /srv/unifi-protect/video/2024/08/31/F4E2C678CCB4_0_rotating_1725095893593.ubv to /volume1/videos/2024-08-31/G5Bullet_32/G5Bullet_32_F4E2C678CCB4_2024-08-31_16
[2024-09-05 02:18:43,917][main][INFO] - Successfully converted /srv/unifi-protect/video/2024/08/31/F4E2C678CCB4_0_rotating_1725097807084.ubv to /volume1/videos/2024-08-31/G5Bullet_32/G5Bullet_32_F4E2C678CCB4_2024-08-31_17
[2024-09-05 02:19:04,034][main][INFO] - Successfully converted /srv/unifi-protect/video/2024/08/31/F4E2C678CCB4_0_rotating_1725099675216.ubv to /volume1/videos/2024-08-31/G5Bullet_32/G5Bullet_32_F4E2C678CCB4_2024-08-31_18
[2024-09-05 02:19:23,540][main][INFO] - Successfully converted /srv/unifi-protect/video/2024/08/31/F4E2C678CCB4_0_rotating_1725101513936.ubv to /volume1/videos/2024-08-31/G5Bullet_32/G5Bullet_32_F4E2C678CCB4_2024-08-31_19
[2024-09-05 02:19:42,459][main][INFO] - Successfully converted /srv/unifi-protect/video/2024/08/31/F4E2C678CCB4_0_rotating_1725103347205.ubv to /volume1/videos/2024-08-31/G5Bullet_32/G5Bullet_32_F4E2C678CCB4_2024-08-31_20
[2024-09-05 02:20:00,148][main][INFO] - Successfully converted /srv/unifi-protect/video/2024/08/31/F4E2C678CCB4_0_rotating_1725105213562.ubv to /volume1/videos/2024-08-31/G5Bullet_32/G5Bullet_32_F4E2C678CCB4_2024-08-31_21
[2024-09-05 02:20:22,193][main][INFO] - Successfully converted /srv/unifi-protect/video/2024/08/31/F4E2C678CCB4_0_rotating_1725107168485.ubv to /volume1/videos/2024-08-31/G5Bullet_32/G5Bullet_32_F4E2C678CCB4_2024-08-31_22
[2024-09-05 02:20:40,436][main][INFO] - Successfully converted /srv/unifi-protect/video/2024/08/31/F4E2C678CCB4_0_rotating_1725108924170.ubv to /volume1/videos/2024-08-31/G5Bullet_32/G5Bullet_32_F4E2C678CCB4_2024-08-31_23
[2024-09-05 02:21:02,864][main][INFO] - Successfully converted /srv/unifi-protect/video/2024/08/31/F4E2C678CCB4_0_rotating_1725110729543.ubv to /volume1/videos/2024-08-31/G5Bullet_32/G5Bullet_32_F4E2C678CCB4_2024-08-31_24
[2024-09-05 02:21:19,176][main][INFO] - Successfully converted /srv/unifi-protect/video/2024/08/31/F4E2C678CCB4_0_rotating_1725112570455.ubv to /volume1/videos/2024-08-31/G5Bullet_32/G5Bullet_32_F4E2C678CCB4_2024-08-31_25
[2024-09-05 02:21:42,812][main][INFO] - Successfully converted /srv/unifi-protect/video/2024/08/31/F4E2C678CCB4_0_rotating_1725114530895.ubv to /volume1/videos/2024-08-31/G5Bullet_32/G5Bullet_32_F4E2C678CCB4_2024-08-31_26
[2024-09-05 02:22:00,640][main][INFO] - Successfully converted /srv/unifi-protect/video/2024/08/31/F4E2C678CCB4_0_rotating_1725116461470.ubv to /volume1/videos/2024-08-31/G5Bullet_32/G5Bullet_32_F4E2C678CCB4_2024-08-31_27
[2024-09-05 02:22:20,048][main][INFO] - Successfully converted /srv/unifi-protect/video/2024/08/31/F4E2C678CCB4_0_rotating_1725118404095.ubv to /volume1/videos/2024-08-31/G5Bullet_32/G5Bullet_32_F4E2C678CCB4_2024-08-31_28
[2024-09-05 02:22:43,387][main][INFO] - Successfully converted /srv/unifi-protect/video/2024/08/31/F4E2C678CCB4_0_rotating_1725120297774.ubv to /volume1/videos/2024-08-31/G5Bullet_32/G5Bullet_32_F4E2C678CCB4_2024-08-31_29
[2024-09-05 02:23:03,797][main][INFO] - Successfully converted /srv/unifi-protect/video/2024/08/31/F4E2C678CCB4_0_rotating_1725122388389.ubv to /volume1/videos/2024-08-31/G5Bullet_32/G5Bullet_32_F4E2C678CCB4_2024-08-31_30
[2024-09-05 02:23:25,717][main][INFO] - Successfully converted /srv/unifi-protect/video/2024/08/31/F4E2C678CCB4_0_rotating_1725125519377.ubv to /volume1/videos/2024-08-31/G5Bullet_32/G5Bullet_32_F4E2C678CCB4_2024-08-31_31
[2024-09-05 02:23:45,588][main][INFO] - Successfully converted /srv/unifi-protect/video/2024/08/31/F4E2C678CCB4_0_rotating_1725129080554.ubv to /volume1/videos/2024-08-31/G5Bullet_32/G5Bullet_32_F4E2C678CCB4_2024-08-31_32
[2024-09-05 02:24:04,802][main][INFO] - Successfully converted /srv/unifi-protect/video/2024/08/31/F4E2C678CCB4_0_rotating_1725132246543.ubv to /volume1/videos/2024-08-31/G5Bullet_32/G5Bullet_32_F4E2C678CCB4_2024-08-31_33
[2024-09-05 02:24:28,552][main][INFO] - Successfully converted /srv/unifi-protect/video/2024/08/31/F4E2C678CCB4_0_rotating_1725136047727.ubv to /volume1/videos/2024-08-31/G5Bullet_32/G5Bullet_32_F4E2C678CCB4_2024-08-31_34
[2024-09-05 02:24:45,761][main][INFO] - Successfully converted /srv/unifi-protect/video/2024/08/31/F4E2C678CCB4_0_rotating_1725140269155.ubv to /volume1/videos/2024-08-31/G5Bullet_32/G5Bullet_32_F4E2C678CCB4_2024-08-31_35
[2024-09-05 02:24:45,762][main][INFO] - --------------------------------------------------
[2024-09-05 02:24:45,763][main][INFO] - --------------------------------------------------
[2024-09-05 02:24:45,763][main][INFO] - ::: Processing camera G5Bullet_34 with MAC address F4E2C678CBF2 :::
[2024-09-05 02:24:45,763][main][INFO] - Source directory: /srv/unifi-protect/video/2024/08/31
[2024-09-05 02:24:45,764][main][INFO] - Destination directory: /volume1/videos/2024-08-31/G5Bullet_34
[2024-09-05 02:24:45,764][main][INFO] - --------------------------------------------------
[2024-09-05 02:24:45,764][main][INFO] - --------------------------------------------------
[2024-09-05 02:25:05,514][main][INFO] - Successfully converted /srv/unifi-protect/video/2024/08/31/F4E2C678CBF2_0_rotating_1725055355957.ubv to /volume1/videos/2024-08-31/G5Bullet_34/G5Bullet_34_F4E2C678CBF2_2024-08-31_1
[2024-09-05 02:25:25,696][main][INFO] - Successfully converted /srv/unifi-protect/video/2024/08/31/F4E2C678CBF2_0_rotating_1725058151139.ubv to /volume1/videos/2024-08-31/G5Bullet_34/G5Bullet_34_F4E2C678CBF2_2024-08-31_2
[2024-09-05 02:25:44,713][main][INFO] - Successfully converted /srv/unifi-protect/video/2024/08/31/F4E2C678CBF2_0_rotating_1725060033522.ubv to /volume1/videos/2024-08-31/G5Bullet_34/G5Bullet_34_F4E2C678CBF2_2024-08-31_3
[2024-09-05 02:26:04,095][main][INFO] - Successfully converted /srv/unifi-protect/video/2024/08/31/F4E2C678CBF2_0_rotating_1725061573441.ubv to /volume1/videos/2024-08-31/G5Bullet_34/G5Bullet_34_F4E2C678CBF2_2024-08-31_4
[2024-09-05 02:26:23,937][main][INFO] - Successfully converted /srv/unifi-protect/video/2024/08/31/F4E2C678CBF2_0_rotating_1725063563614.ubv to /volume1/videos/2024-08-31/G5Bullet_34/G5Bullet_34_F4E2C678CBF2_2024-08-31_5
[2024-09-05 02:26:42,721][main][INFO] - Successfully converted /srv/unifi-protect/video/2024/08/31/F4E2C678CBF2_0_rotating_1725066233548.ubv to /volume1/videos/2024-08-31/G5Bullet_34/G5Bullet_34_F4E2C678CBF2_2024-08-31_6
[2024-09-05 02:27:03,689][main][INFO] - Successfully converted /srv/unifi-protect/video/2024/08/31/F4E2C678CBF2_0_rotating_1725068798519.ubv to /volume1/videos/2024-08-31/G5Bullet_34/G5Bullet_34_F4E2C678CBF2_2024-08-31_7
[2024-09-05 02:27:28,081][main][INFO] - Successfully converted /srv/unifi-protect/video/2024/08/31/F4E2C678CBF2_0_rotating_1725070735634.ubv to /volume1/videos/2024-08-31/G5Bullet_34/G5Bullet_34_F4E2C678CBF2_2024-08-31_8
[2024-09-05 02:27:45,841][main][INFO] - Successfully converted /srv/unifi-protect/video/2024/08/31/F4E2C678CBF2_0_rotating_1725072540257.ubv to /volume1/videos/2024-08-31/G5Bullet_34/G5Bullet_34_F4E2C678CBF2_2024-08-31_9
[2024-09-05 02:28:02,707][main][INFO] - Successfully converted /srv/unifi-protect/video/2024/08/31/F4E2C678CBF2_0_rotating_1725074293530.ubv to /volume1/videos/2024-08-31/G5Bullet_34/G5Bullet_34_F4E2C678CBF2_2024-08-31_10
[2024-09-05 02:28:24,664][main][INFO] - Successfully converted /srv/unifi-protect/video/2024/08/31/F4E2C678CBF2_0_rotating_1725076756582.ubv to /volume1/videos/2024-08-31/G5Bullet_34/G5Bullet_34_F4E2C678CBF2_2024-08-31_11
[2024-09-05 02:28:42,964][main][INFO] - Successfully converted /srv/unifi-protect/video/2024/08/31/F4E2C678CBF2_0_rotating_1725079886801.ubv to /volume1/videos/2024-08-31/G5Bullet_34/G5Bullet_34_F4E2C678CBF2_2024-08-31_12
[2024-09-05 02:29:04,075][main][INFO] - Successfully converted /srv/unifi-protect/video/2024/08/31/F4E2C678CBF2_0_rotating_1725082878537.ubv to /volume1/videos/2024-08-31/G5Bullet_34/G5Bullet_34_F4E2C678CBF2_2024-08-31_13
[2024-09-05 02:29:18,881][main][INFO] - Successfully converted /srv/unifi-protect/video/2024/08/31/F4E2C678CBF2_0_rotating_1725085576679.ubv to /volume1/videos/2024-08-31/G5Bullet_34/G5Bullet_34_F4E2C678CBF2_2024-08-31_14
[2024-09-05 02:29:39,611][main][INFO] - Successfully converted /srv/unifi-protect/video/2024/08/31/F4E2C678CBF2_0_rotating_1725087514021.ubv to /volume1/videos/2024-08-31/G5Bullet_34/G5Bullet_34_F4E2C678CBF2_2024-08-31_15
[2024-09-05 02:30:03,955][main][INFO] - Successfully converted /srv/unifi-protect/video/2024/08/31/F4E2C678CBF2_0_rotating_1725089904885.ubv to /volume1/videos/2024-08-31/G5Bullet_34/G5Bullet_34_F4E2C678CBF2_2024-08-31_16
[2024-09-05 02:30:19,343][main][INFO] - Successfully converted /srv/unifi-protect/video/2024/08/31/F4E2C678CBF2_0_rotating_1725092013863.ubv to /volume1/videos/2024-08-31/G5Bullet_34/G5Bullet_34_F4E2C678CBF2_2024-08-31_17
[2024-09-05 02:30:40,596][main][INFO] - Successfully converted /srv/unifi-protect/video/2024/08/31/F4E2C678CBF2_0_rotating_1725094139463.ubv to /volume1/videos/2024-08-31/G5Bullet_34/G5Bullet_34_F4E2C678CBF2_2024-08-31_18
[2024-09-05 02:30:57,416][main][INFO] - Successfully converted /srv/unifi-protect/video/2024/08/31/F4E2C678CBF2_0_rotating_1725096254916.ubv to /volume1/videos/2024-08-31/G5Bullet_34/G5Bullet_34_F4E2C678CBF2_2024-08-31_19
[2024-09-05 02:31:14,447][main][INFO] - Successfully converted /srv/unifi-protect/video/2024/08/31/F4E2C678CBF2_0_rotating_1725098079452.ubv to /volume1/videos/2024-08-31/G5Bullet_34/G5Bullet_34_F4E2C678CBF2_2024-08-31_20
[2024-09-05 02:31:35,857][main][INFO] - Successfully converted /srv/unifi-protect/video/2024/08/31/F4E2C678CBF2_0_rotating_1725100128181.ubv to /volume1/videos/2024-08-31/G5Bullet_34/G5Bullet_34_F4E2C678CBF2_2024-08-31_21
[2024-09-05 02:31:57,512][main][INFO] - Successfully converted /srv/unifi-protect/video/2024/08/31/F4E2C678CBF2_0_rotating_1725101945342.ubv to /volume1/videos/2024-08-31/G5Bullet_34/G5Bullet_34_F4E2C678CBF2_2024-08-31_22
[2024-09-05 02:32:17,028][main][INFO] - Successfully converted /srv/unifi-protect/video/2024/08/31/F4E2C678CBF2_0_rotating_1725103775686.ubv to /volume1/videos/2024-08-31/G5Bullet_34/G5Bullet_34_F4E2C678CBF2_2024-08-31_23
[2024-09-05 02:32:37,871][main][INFO] - Successfully converted /srv/unifi-protect/video/2024/08/31/F4E2C678CBF2_0_rotating_1725105788279.ubv to /volume1/videos/2024-08-31/G5Bullet_34/G5Bullet_34_F4E2C678CBF2_2024-08-31_24
[2024-09-05 02:32:59,405][main][INFO] - Successfully converted /srv/unifi-protect/video/2024/08/31/F4E2C678CBF2_0_rotating_1725107555952.ubv to /volume1/videos/2024-08-31/G5Bullet_34/G5Bullet_34_F4E2C678CBF2_2024-08-31_25
[2024-09-05 02:33:18,974][main][INFO] - Successfully converted /srv/unifi-protect/video/2024/08/31/F4E2C678CBF2_0_rotating_1725109275184.ubv to /volume1/videos/2024-08-31/G5Bullet_34/G5Bullet_34_F4E2C678CBF2_2024-08-31_26
[2024-09-05 02:33:37,059][main][INFO] - Successfully converted /srv/unifi-protect/video/2024/08/31/F4E2C678CBF2_0_rotating_1725111182245.ubv to /volume1/videos/2024-08-31/G5Bullet_34/G5Bullet_34_F4E2C678CBF2_2024-08-31_27
[2024-09-05 02:33:54,285][main][INFO] - Successfully converted /srv/unifi-protect/video/2024/08/31/F4E2C678CBF2_0_rotating_1725112971896.ubv to /volume1/videos/2024-08-31/G5Bullet_34/G5Bullet_34_F4E2C678CBF2_2024-08-31_28
[2024-09-05 02:34:15,741][main][INFO] - Successfully converted /srv/unifi-protect/video/2024/08/31/F4E2C678CBF2_0_rotating_1725114926628.ubv to /volume1/videos/2024-08-31/G5Bullet_34/G5Bullet_34_F4E2C678CBF2_2024-08-31_29
[2024-09-05 02:34:37,781][main][INFO] - Successfully converted /srv/unifi-protect/video/2024/08/31/F4E2C678CBF2_0_rotating_1725116778215.ubv to /volume1/videos/2024-08-31/G5Bullet_34/G5Bullet_34_F4E2C678CBF2_2024-08-31_30
[2024-09-05 02:34:56,447][main][INFO] - Successfully converted /srv/unifi-protect/video/2024/08/31/F4E2C678CBF2_0_rotating_1725118974438.ubv to /volume1/videos/2024-08-31/G5Bullet_34/G5Bullet_34_F4E2C678CBF2_2024-08-31_31
[2024-09-05 02:35:15,277][main][INFO] - Successfully converted /srv/unifi-protect/video/2024/08/31/F4E2C678CBF2_0_rotating_1725121300634.ubv to /volume1/videos/2024-08-31/G5Bullet_34/G5Bullet_34_F4E2C678CBF2_2024-08-31_32
[2024-09-05 02:35:39,256][main][INFO] - Successfully converted /srv/unifi-protect/video/2024/08/31/F4E2C678CBF2_0_rotating_1725123678218.ubv to /volume1/videos/2024-08-31/G5Bullet_34/G5Bullet_34_F4E2C678CBF2_2024-08-31_33
[2024-09-05 02:35:57,001][main][INFO] - Successfully converted /srv/unifi-protect/video/2024/08/31/F4E2C678CBF2_0_rotating_1725127156561.ubv to /volume1/videos/2024-08-31/G5Bullet_34/G5Bullet_34_F4E2C678CBF2_2024-08-31_34
[2024-09-05 02:36:20,641][main][INFO] - Successfully converted /srv/unifi-protect/video/2024/08/31/F4E2C678CBF2_0_rotating_1725130746713.ubv to /volume1/videos/2024-08-31/G5Bullet_34/G5Bullet_34_F4E2C678CBF2_2024-08-31_35
[2024-09-05 02:36:43,998][main][INFO] - Successfully converted /srv/unifi-protect/video/2024/08/31/F4E2C678CBF2_0_rotating_1725133611835.ubv to /volume1/videos/2024-08-31/G5Bullet_34/G5Bullet_34_F4E2C678CBF2_2024-08-31_36
[2024-09-05 02:37:02,222][main][INFO] - Successfully converted /srv/unifi-protect/video/2024/08/31/F4E2C678CBF2_0_rotating_1725136771569.ubv to /volume1/videos/2024-08-31/G5Bullet_34/G5Bullet_34_F4E2C678CBF2_2024-08-31_37
[2024-09-05 02:37:22,453][main][INFO] - Successfully converted /srv/unifi-protect/video/2024/08/31/F4E2C678CBF2_0_rotating_1725140087726.ubv to /volume1/videos/2024-08-31/G5Bullet_34/G5Bullet_34_F4E2C678CBF2_2024-08-31_38
[2024-09-05 02:37:22,455][main][INFO] - --------------------------------------------------
[2024-09-05 02:37:22,456][main][INFO] - --------------------------------------------------
[2024-09-05 02:37:22,456][main][INFO] - ::: Processing camera G5Bullet_36 with MAC address F4E2C678CBBE :::
[2024-09-05 02:37:22,456][main][INFO] - Source directory: /srv/unifi-protect/video/2024/08/31
[2024-09-05 02:37:22,457][main][INFO] - Destination directory: /volume1/videos/2024-08-31/G5Bullet_36
[2024-09-05 02:37:22,457][main][INFO] - --------------------------------------------------
[2024-09-05 02:37:22,457][main][INFO] - --------------------------------------------------
[2024-09-05 02:37:43,845][main][INFO] - Successfully converted /srv/unifi-protect/video/2024/08/31/F4E2C678CBBE_0_rotating_1725056720059.ubv to /volume1/videos/2024-08-31/G5Bullet_36/G5Bullet_36_F4E2C678CBBE_2024-08-31_1
[2024-09-05 02:38:02,832][main][INFO] - Successfully converted /srv/unifi-protect/video/2024/08/31/F4E2C678CBBE_0_rotating_1725058841579.ubv to /volume1/videos/2024-08-31/G5Bullet_36/G5Bullet_36_F4E2C678CBBE_2024-08-31_2
[2024-09-05 02:38:24,101][main][INFO] - Successfully converted /srv/unifi-protect/video/2024/08/31/F4E2C678CBBE_0_rotating_1725060295473.ubv to /volume1/videos/2024-08-31/G5Bullet_36/G5Bullet_36_F4E2C678CBBE_2024-08-31_3
[2024-09-05 02:38:43,628][main][INFO] - Successfully converted /srv/unifi-protect/video/2024/08/31/F4E2C678CBBE_0_rotating_1725062180728.ubv to /volume1/videos/2024-08-31/G5Bullet_36/G5Bullet_36_F4E2C678CBBE_2024-08-31_4
[2024-09-05 02:39:01,830][main][INFO] - Successfully converted /srv/unifi-protect/video/2024/08/31/F4E2C678CBBE_0_rotating_1725064220701.ubv to /volume1/videos/2024-08-31/G5Bullet_36/G5Bullet_36_F4E2C678CBBE_2024-08-31_5
[2024-09-05 02:39:26,316][main][INFO] - Successfully converted /srv/unifi-protect/video/2024/08/31/F4E2C678CBBE_0_rotating_1725066405797.ubv to /volume1/videos/2024-08-31/G5Bullet_36/G5Bullet_36_F4E2C678CBBE_2024-08-31_6
[2024-09-05 02:39:45,727][main][INFO] - Successfully converted /srv/unifi-protect/video/2024/08/31/F4E2C678CBBE_0_rotating_1725068080727.ubv to /volume1/videos/2024-08-31/G5Bullet_36/G5Bullet_36_F4E2C678CBBE_2024-08-31_7
[2024-09-05 02:40:04,673][main][INFO] - Successfully converted /srv/unifi-protect/video/2024/08/31/F4E2C678CBBE_0_rotating_1725069982501.ubv to /volume1/videos/2024-08-31/G5Bullet_36/G5Bullet_36_F4E2C678CBBE_2024-08-31_8
[2024-09-05 02:40:18,574][main][INFO] - Successfully converted /srv/unifi-protect/video/2024/08/31/F4E2C678CBBE_0_rotating_1725072088058.ubv to /volume1/videos/2024-08-31/G5Bullet_36/G5Bullet_36_F4E2C678CBBE_2024-08-31_9
[2024-09-05 02:40:38,804][main][INFO] - Successfully converted /srv/unifi-protect/video/2024/08/31/F4E2C678CBBE_0_rotating_1725073638100.ubv to /volume1/videos/2024-08-31/G5Bullet_36/G5Bullet_36_F4E2C678CBBE_2024-08-31_10
[2024-09-05 02:40:57,172][main][INFO] - Successfully converted /srv/unifi-protect/video/2024/08/31/F4E2C678CBBE_0_rotating_1725075737954.ubv to /volume1/videos/2024-08-31/G5Bullet_36/G5Bullet_36_F4E2C678CBBE_2024-08-31_11
[2024-09-05 02:41:16,538][main][INFO] - Successfully converted /srv/unifi-protect/video/2024/08/31/F4E2C678CBBE_0_rotating_1725078842956.ubv to /volume1/videos/2024-08-31/G5Bullet_36/G5Bullet_36_F4E2C678CBBE_2024-08-31_12
[2024-09-05 02:41:36,907][main][INFO] - Successfully converted /srv/unifi-protect/video/2024/08/31/F4E2C678CBBE_0_rotating_1725081538110.ubv to /volume1/videos/2024-08-31/G5Bullet_36/G5Bullet_36_F4E2C678CBBE_2024-08-31_13
[2024-09-05 02:41:56,877][main][INFO] - Successfully converted /srv/unifi-protect/video/2024/08/31/F4E2C678CBBE_0_rotating_1725084215031.ubv to /volume1/videos/2024-08-31/G5Bullet_36/G5Bullet_36_F4E2C678CBBE_2024-08-31_14
[2024-09-05 02:42:14,375][main][INFO] - Successfully converted /srv/unifi-protect/video/2024/08/31/F4E2C678CBBE_0_rotating_1725085989389.ubv to /volume1/videos/2024-08-31/G5Bullet_36/G5Bullet_36_F4E2C678CBBE_2024-08-31_15
[2024-09-05 02:42:38,914][main][INFO] - Successfully converted /srv/unifi-protect/video/2024/08/31/F4E2C678CBBE_0_rotating_1725087399319.ubv to /volume1/videos/2024-08-31/G5Bullet_36/G5Bullet_36_F4E2C678CBBE_2024-08-31_16
[2024-09-05 02:42:55,330][main][INFO] - Successfully converted /srv/unifi-protect/video/2024/08/31/F4E2C678CBBE_0_rotating_1725089043623.ubv to /volume1/videos/2024-08-31/G5Bullet_36/G5Bullet_36_F4E2C678CBBE_2024-08-31_17
[2024-09-05 02:43:16,226][main][INFO] - Successfully converted /srv/unifi-protect/video/2024/08/31/F4E2C678CBBE_0_rotating_1725090490238.ubv to /volume1/videos/2024-08-31/G5Bullet_36/G5Bullet_36_F4E2C678CBBE_2024-08-31_18
[2024-09-05 02:43:35,445][main][INFO] - Successfully converted /srv/unifi-protect/video/2024/08/31/F4E2C678CBBE_0_rotating_1725092410108.ubv to /volume1/videos/2024-08-31/G5Bullet_36/G5Bullet_36_F4E2C678CBBE_2024-08-31_19
[2024-09-05 02:43:52,303][main][INFO] - Successfully converted /srv/unifi-protect/video/2024/08/31/F4E2C678CBBE_0_rotating_1725094676587.ubv to /volume1/videos/2024-08-31/G5Bullet_36/G5Bullet_36_F4E2C678CBBE_2024-08-31_20
[2024-09-05 02:44:12,396][main][INFO] - Successfully converted /srv/unifi-protect/video/2024/08/31/F4E2C678CBBE_0_rotating_1725096195382.ubv to /volume1/videos/2024-08-31/G5Bullet_36/G5Bullet_36_F4E2C678CBBE_2024-08-31_21
[2024-09-05 02:44:36,260][main][INFO] - Successfully converted /srv/unifi-protect/video/2024/08/31/F4E2C678CBBE_0_rotating_1725097988980.ubv to /volume1/videos/2024-08-31/G5Bullet_36/G5Bullet_36_F4E2C678CBBE_2024-08-31_22
[2024-09-05 02:44:38,942][main][INFO] - Successfully converted /srv/unifi-protect/video/2024/08/31/F4E2C678CBBE_0_rotating_1725100437899.ubv to /volume1/videos/2024-08-31/G5Bullet_36/G5Bullet_36_F4E2C678CBBE_2024-08-31_23
[2024-09-05 02:44:56,097][main][INFO] - Successfully converted /srv/unifi-protect/video/2024/08/31/F4E2C678CBBE_0_rotating_1725102582584.ubv to /volume1/videos/2024-08-31/G5Bullet_36/G5Bullet_36_F4E2C678CBBE_2024-08-31_24
[2024-09-05 02:45:17,483][main][INFO] - Successfully converted /srv/unifi-protect/video/2024/08/31/F4E2C678CBBE_0_rotating_1725104617949.ubv to /volume1/videos/2024-08-31/G5Bullet_36/G5Bullet_36_F4E2C678CBBE_2024-08-31_25
[2024-09-05 02:45:36,924][main][INFO] - Successfully converted /srv/unifi-protect/video/2024/08/31/F4E2C678CBBE_0_rotating_1725106233082.ubv to /volume1/videos/2024-08-31/G5Bullet_36/G5Bullet_36_F4E2C678CBBE_2024-08-31_26
[2024-09-05 02:45:54,680][main][INFO] - Successfully converted /srv/unifi-protect/video/2024/08/31/F4E2C678CBBE_0_rotating_1725108593736.ubv to /volume1/videos/2024-08-31/G5Bullet_36/G5Bullet_36_F4E2C678CBBE_2024-08-31_27
[2024-09-05 02:46:03,414][main][INFO] - Successfully converted /srv/unifi-protect/video/2024/08/31/F4E2C678CBBE_0_rotating_1725111702224.ubv to /volume1/videos/2024-08-31/G5Bullet_36/G5Bullet_36_F4E2C678CBBE_2024-08-31_28
[2024-09-05 02:46:22,778][main][INFO] - Successfully converted /srv/unifi-protect/video/2024/08/31/F4E2C678CBBE_0_rotating_1725113630217.ubv to /volume1/videos/2024-08-31/G5Bullet_36/G5Bullet_36_F4E2C678CBBE_2024-08-31_29
[2024-09-05 02:46:41,526][main][INFO] - Successfully converted /srv/unifi-protect/video/2024/08/31/F4E2C678CBBE_0_rotating_1725115506205.ubv to /volume1/videos/2024-08-31/G5Bullet_36/G5Bullet_36_F4E2C678CBBE_2024-08-31_30
[2024-09-05 02:46:55,536][main][INFO] - Successfully converted /srv/unifi-protect/video/2024/08/31/F4E2C678CBBE_0_rotating_1725117969307.ubv to /volume1/videos/2024-08-31/G5Bullet_36/G5Bullet_36_F4E2C678CBBE_2024-08-31_31
[2024-09-05 02:47:15,970][main][INFO] - Successfully converted /srv/unifi-protect/video/2024/08/31/F4E2C678CBBE_0_rotating_1725119753199.ubv to /volume1/videos/2024-08-31/G5Bullet_36/G5Bullet_36_F4E2C678CBBE_2024-08-31_32
[2024-09-05 02:47:39,161][main][INFO] - Successfully converted /srv/unifi-protect/video/2024/08/31/F4E2C678CBBE_0_rotating_1725121581470.ubv to /volume1/videos/2024-08-31/G5Bullet_36/G5Bullet_36_F4E2C678CBBE_2024-08-31_33
[2024-09-05 02:48:01,837][main][INFO] - Successfully converted /srv/unifi-protect/video/2024/08/31/F4E2C678CBBE_0_rotating_1725123185926.ubv to /volume1/videos/2024-08-31/G5Bullet_36/G5Bullet_36_F4E2C678CBBE_2024-08-31_34
[2024-09-05 02:48:23,831][main][INFO] - Successfully converted /srv/unifi-protect/video/2024/08/31/F4E2C678CBBE_0_rotating_1725124715961.ubv to /volume1/videos/2024-08-31/G5Bullet_36/G5Bullet_36_F4E2C678CBBE_2024-08-31_35
[2024-09-05 02:48:43,427][main][INFO] - Successfully converted /srv/unifi-protect/video/2024/08/31/F4E2C678CBBE_0_rotating_1725126785912.ubv to /volume1/videos/2024-08-31/G5Bullet_36/G5Bullet_36_F4E2C678CBBE_2024-08-31_36
[2024-09-05 02:49:07,371][main][INFO] - Successfully converted /srv/unifi-protect/video/2024/08/31/F4E2C678CBBE_0_rotating_1725128891836.ubv to /volume1/videos/2024-08-31/G5Bullet_36/G5Bullet_36_F4E2C678CBBE_2024-08-31_37
[2024-09-05 02:49:29,936][main][INFO] - Successfully converted /srv/unifi-protect/video/2024/08/31/F4E2C678CBBE_0_rotating_1725130960906.ubv to /volume1/videos/2024-08-31/G5Bullet_36/G5Bullet_36_F4E2C678CBBE_2024-08-31_38
[2024-09-05 02:49:52,606][main][INFO] - Successfully converted /srv/unifi-protect/video/2024/08/31/F4E2C678CBBE_0_rotating_1725132661080.ubv to /volume1/videos/2024-08-31/G5Bullet_36/G5Bullet_36_F4E2C678CBBE_2024-08-31_39
[2024-09-05 02:50:15,487][main][INFO] - Successfully converted /srv/unifi-protect/video/2024/08/31/F4E2C678CBBE_0_rotating_1725134426032.ubv to /volume1/videos/2024-08-31/G5Bullet_36/G5Bullet_36_F4E2C678CBBE_2024-08-31_40
[2024-09-05 02:50:39,611][main][INFO] - Successfully converted /srv/unifi-protect/video/2024/08/31/F4E2C678CBBE_0_rotating_1725136650943.ubv to /volume1/videos/2024-08-31/G5Bullet_36/G5Bullet_36_F4E2C678CBBE_2024-08-31_41
[2024-09-05 02:50:55,314][main][INFO] - Successfully converted /srv/unifi-protect/video/2024/08/31/F4E2C678CBBE_0_rotating_1725140186142.ubv to /volume1/videos/2024-08-31/G5Bullet_36/G5Bullet_36_F4E2C678CBBE_2024-08-31_42
[2024-09-05 02:50:55,316][main][INFO] - --------------------------------------------------
[2024-09-05 02:50:55,316][main][INFO] - --------------------------------------------------
[2024-09-05 02:50:55,316][main][INFO] - ::: Processing camera G5Bullet_39 with MAC address F4E2C678CBC7 :::
[2024-09-05 02:50:55,317][main][INFO] - Source directory: /srv/unifi-protect/video/2024/08/31
[2024-09-05 02:50:55,317][main][INFO] - Destination directory: /volume1/videos/2024-08-31/G5Bullet_39
[2024-09-05 02:50:55,317][main][INFO] - --------------------------------------------------
[2024-09-05 02:50:55,317][main][INFO] - --------------------------------------------------
[2024-09-05 02:51:13,041][main][INFO] - Successfully converted /srv/unifi-protect/video/2024/08/31/F4E2C678CBC7_0_rotating_1725055532569.ubv to /volume1/videos/2024-08-31/G5Bullet_39/G5Bullet_39_F4E2C678CBC7_2024-08-31_1
[2024-09-05 02:51:36,024][main][INFO] - Successfully converted /srv/unifi-protect/video/2024/08/31/F4E2C678CBC7_0_rotating_1725058708674.ubv to /volume1/videos/2024-08-31/G5Bullet_39/G5Bullet_39_F4E2C678CBC7_2024-08-31_2
[2024-09-05 02:51:54,042][main][INFO] - Successfully converted /srv/unifi-protect/video/2024/08/31/F4E2C678CBC7_0_rotating_1725060619284.ubv to /volume1/videos/2024-08-31/G5Bullet_39/G5Bullet_39_F4E2C678CBC7_2024-08-31_3
[2024-09-05 02:52:09,128][main][INFO] - Successfully converted /srv/unifi-protect/video/2024/08/31/F4E2C678CBC7_0_rotating_1725063075071.ubv to /volume1/videos/2024-08-31/G5Bullet_39/G5Bullet_39_F4E2C678CBC7_2024-08-31_4
[2024-09-05 02:52:31,642][main][INFO] - Successfully converted /srv/unifi-protect/video/2024/08/31/F4E2C678CBC7_0_rotating_1725065915907.ubv to /volume1/videos/2024-08-31/G5Bullet_39/G5Bullet_39_F4E2C678CBC7_2024-08-31_5
[2024-09-05 02:52:51,163][main][INFO] - Successfully converted /srv/unifi-protect/video/2024/08/31/F4E2C678CBC7_0_rotating_1725068588659.ubv to /volume1/videos/2024-08-31/G5Bullet_39/G5Bullet_39_F4E2C678CBC7_2024-08-31_6
[2024-09-05 02:53:15,803][main][INFO] - Successfully converted /srv/unifi-protect/video/2024/08/31/F4E2C678CBC7_0_rotating_1725070832580.ubv to /volume1/videos/2024-08-31/G5Bullet_39/G5Bullet_39_F4E2C678CBC7_2024-08-31_7
[2024-09-05 02:53:31,311][main][INFO] - Successfully converted /srv/unifi-protect/video/2024/08/31/F4E2C678CBC7_0_rotating_1725072938309.ubv to /volume1/videos/2024-08-31/G5Bullet_39/G5Bullet_39_F4E2C678CBC7_2024-08-31_8
[2024-09-05 02:53:47,946][main][INFO] - Successfully converted /srv/unifi-protect/video/2024/08/31/F4E2C678CBC7_0_rotating_1725075289162.ubv to /volume1/videos/2024-08-31/G5Bullet_39/G5Bullet_39_F4E2C678CBC7_2024-08-31_9
[2024-09-05 02:54:05,771][main][INFO] - Successfully converted /srv/unifi-protect/video/2024/08/31/F4E2C678CBC7_0_rotating_1725079070347.ubv to /volume1/videos/2024-08-31/G5Bullet_39/G5Bullet_39_F4E2C678CBC7_2024-08-31_10
[2024-09-05 02:54:24,885][main][INFO] - Successfully converted /srv/unifi-protect/video/2024/08/31/F4E2C678CBC7_0_rotating_1725082231464.ubv to /volume1/videos/2024-08-31/G5Bullet_39/G5Bullet_39_F4E2C678CBC7_2024-08-31_11
[2024-09-05 02:54:44,906][main][INFO] - Successfully converted /srv/unifi-protect/video/2024/08/31/F4E2C678CBC7_0_rotating_1725084932359.ubv to /volume1/videos/2024-08-31/G5Bullet_39/G5Bullet_39_F4E2C678CBC7_2024-08-31_12
[2024-09-05 02:55:02,259][main][INFO] - Successfully converted /srv/unifi-protect/video/2024/08/31/F4E2C678CBC7_0_rotating_1725086728256.ubv to /volume1/videos/2024-08-31/G5Bullet_39/G5Bullet_39_F4E2C678CBC7_2024-08-31_13
[2024-09-05 02:55:20,108][main][INFO] - Successfully converted /srv/unifi-protect/video/2024/08/31/F4E2C678CBC7_0_rotating_1725088633514.ubv to /volume1/videos/2024-08-31/G5Bullet_39/G5Bullet_39_F4E2C678CBC7_2024-08-31_14
[2024-09-05 02:55:39,888][main][INFO] - Successfully converted /srv/unifi-protect/video/2024/08/31/F4E2C678CBC7_0_rotating_1725090534327.ubv to /volume1/videos/2024-08-31/G5Bullet_39/G5Bullet_39_F4E2C678CBC7_2024-08-31_15
[2024-09-05 02:56:00,275][main][INFO] - Successfully converted /srv/unifi-protect/video/2024/08/31/F4E2C678CBC7_0_rotating_1725092480476.ubv to /volume1/videos/2024-08-31/G5Bullet_39/G5Bullet_39_F4E2C678CBC7_2024-08-31_16
[2024-09-05 02:56:18,633][main][INFO] - Successfully converted /srv/unifi-protect/video/2024/08/31/F4E2C678CBC7_0_rotating_1725094255457.ubv to /volume1/videos/2024-08-31/G5Bullet_39/G5Bullet_39_F4E2C678CBC7_2024-08-31_17
[2024-09-05 02:56:35,367][main][INFO] - Successfully converted /srv/unifi-protect/video/2024/08/31/F4E2C678CBC7_0_rotating_1725095881091.ubv to /volume1/videos/2024-08-31/G5Bullet_39/G5Bullet_39_F4E2C678CBC7_2024-08-31_18
[2024-09-05 02:56:53,286][main][INFO] - Successfully converted /srv/unifi-protect/video/2024/08/31/F4E2C678CBC7_0_rotating_1725097536695.ubv to /volume1/videos/2024-08-31/G5Bullet_39/G5Bullet_39_F4E2C678CBC7_2024-08-31_19
[2024-09-05 02:57:11,813][main][INFO] - Successfully converted /srv/unifi-protect/video/2024/08/31/F4E2C678CBC7_0_rotating_1725099237163.ubv to /volume1/videos/2024-08-31/G5Bullet_39/G5Bullet_39_F4E2C678CBC7_2024-08-31_20
[2024-09-05 02:57:32,855][main][INFO] - Successfully converted /srv/unifi-protect/video/2024/08/31/F4E2C678CBC7_0_rotating_1725100875092.ubv to /volume1/videos/2024-08-31/G5Bullet_39/G5Bullet_39_F4E2C678CBC7_2024-08-31_21
[2024-09-05 02:57:52,310][main][INFO] - Successfully converted /srv/unifi-protect/video/2024/08/31/F4E2C678CBC7_0_rotating_1725102508042.ubv to /volume1/videos/2024-08-31/G5Bullet_39/G5Bullet_39_F4E2C678CBC7_2024-08-31_22
[2024-09-05 02:58:14,672][main][INFO] - Successfully converted /srv/unifi-protect/video/2024/08/31/F4E2C678CBC7_0_rotating_1725104175593.ubv to /volume1/videos/2024-08-31/G5Bullet_39/G5Bullet_39_F4E2C678CBC7_2024-08-31_23
[2024-09-05 02:58:32,518][main][INFO] - Successfully converted /srv/unifi-protect/video/2024/08/31/F4E2C678CBC7_0_rotating_1725105864379.ubv to /volume1/videos/2024-08-31/G5Bullet_39/G5Bullet_39_F4E2C678CBC7_2024-08-31_24
[2024-09-05 02:58:50,560][main][INFO] - Successfully converted /srv/unifi-protect/video/2024/08/31/F4E2C678CBC7_0_rotating_1725107540287.ubv to /volume1/videos/2024-08-31/G5Bullet_39/G5Bullet_39_F4E2C678CBC7_2024-08-31_25
[2024-09-05 02:59:08,583][main][INFO] - Successfully converted /srv/unifi-protect/video/2024/08/31/F4E2C678CBC7_0_rotating_1725109125599.ubv to /volume1/videos/2024-08-31/G5Bullet_39/G5Bullet_39_F4E2C678CBC7_2024-08-31_26
[2024-09-05 02:59:26,550][main][INFO] - Successfully converted /srv/unifi-protect/video/2024/08/31/F4E2C678CBC7_0_rotating_1725110770985.ubv to /volume1/videos/2024-08-31/G5Bullet_39/G5Bullet_39_F4E2C678CBC7_2024-08-31_27
[2024-09-05 02:59:46,017][main][INFO] - Successfully converted /srv/unifi-protect/video/2024/08/31/F4E2C678CBC7_0_rotating_1725112396854.ubv to /volume1/videos/2024-08-31/G5Bullet_39/G5Bullet_39_F4E2C678CBC7_2024-08-31_28
[2024-09-05 03:00:07,195][main][INFO] - Successfully converted /srv/unifi-protect/video/2024/08/31/F4E2C678CBC7_0_rotating_1725114057264.ubv to /volume1/videos/2024-08-31/G5Bullet_39/G5Bullet_39_F4E2C678CBC7_2024-08-31_29
[2024-09-05 03:00:24,164][main][INFO] - Successfully converted /srv/unifi-protect/video/2024/08/31/F4E2C678CBC7_0_rotating_1725115713256.ubv to /volume1/videos/2024-08-31/G5Bullet_39/G5Bullet_39_F4E2C678CBC7_2024-08-31_30
[2024-09-05 03:00:45,133][main][INFO] - Successfully converted /srv/unifi-protect/video/2024/08/31/F4E2C678CBC7_0_rotating_1725117333163.ubv to /volume1/videos/2024-08-31/G5Bullet_39/G5Bullet_39_F4E2C678CBC7_2024-08-31_31
[2024-09-05 03:01:01,237][main][INFO] - Successfully converted /srv/unifi-protect/video/2024/08/31/F4E2C678CBC7_0_rotating_1725118854927.ubv to /volume1/videos/2024-08-31/G5Bullet_39/G5Bullet_39_F4E2C678CBC7_2024-08-31_32
[2024-09-05 03:01:23,252][main][INFO] - Successfully converted /srv/unifi-protect/video/2024/08/31/F4E2C678CBC7_0_rotating_1725120376639.ubv to /volume1/videos/2024-08-31/G5Bullet_39/G5Bullet_39_F4E2C678CBC7_2024-08-31_33
[2024-09-05 03:01:46,667][main][INFO] - Successfully converted /srv/unifi-protect/video/2024/08/31/F4E2C678CBC7_0_rotating_1725122016910.ubv to /volume1/videos/2024-08-31/G5Bullet_39/G5Bullet_39_F4E2C678CBC7_2024-08-31_34
[2024-09-05 03:02:07,881][main][INFO] - Successfully converted /srv/unifi-protect/video/2024/08/31/F4E2C678CBC7_0_rotating_1725123807983.ubv to /volume1/videos/2024-08-31/G5Bullet_39/G5Bullet_39_F4E2C678CBC7_2024-08-31_35
[2024-09-05 03:02:34,366][main][INFO] - Successfully converted /srv/unifi-protect/video/2024/08/31/F4E2C678CBC7_0_rotating_1725126368096.ubv to /volume1/videos/2024-08-31/G5Bullet_39/G5Bullet_39_F4E2C678CBC7_2024-08-31_36
[2024-09-05 03:03:00,930][main][INFO] - Successfully converted /srv/unifi-protect/video/2024/08/31/F4E2C678CBC7_0_rotating_1725129764324.ubv to /volume1/videos/2024-08-31/G5Bullet_39/G5Bullet_39_F4E2C678CBC7_2024-08-31_37
[2024-09-05 03:03:20,777][main][INFO] - Successfully converted /srv/unifi-protect/video/2024/08/31/F4E2C678CBC7_0_rotating_1725132260161.ubv to /volume1/videos/2024-08-31/G5Bullet_39/G5Bullet_39_F4E2C678CBC7_2024-08-31_38
[2024-09-05 03:03:48,969][main][INFO] - Successfully converted /srv/unifi-protect/video/2024/08/31/F4E2C678CBC7_0_rotating_1725135056447.ubv to /volume1/videos/2024-08-31/G5Bullet_39/G5Bullet_39_F4E2C678CBC7_2024-08-31_39
[2024-09-05 03:04:04,517][main][INFO] - Successfully converted /srv/unifi-protect/video/2024/08/31/F4E2C678CBC7_0_rotating_1725139787475.ubv to /volume1/videos/2024-08-31/G5Bullet_39/G5Bullet_39_F4E2C678CBC7_2024-08-31_40
[2024-09-05 03:04:04,551][main][INFO] - --------------------------------------------------
[2024-09-05 03:04:04,551][main][INFO] - --------------------------------------------------
[2024-09-05 03:04:04,552][main][INFO] - ::: Processing camera G5Bullet_40 with MAC address F4E2C678CCB5 :::
[2024-09-05 03:04:04,552][main][INFO] - Source directory: /srv/unifi-protect/video/2024/08/31
[2024-09-05 03:04:04,553][main][INFO] - Destination directory: /volume1/videos/2024-08-31/G5Bullet_40
[2024-09-05 03:04:04,553][main][INFO] - --------------------------------------------------
[2024-09-05 03:04:04,553][main][INFO] - --------------------------------------------------
[2024-09-05 03:04:22,779][main][INFO] - Successfully converted /srv/unifi-protect/video/2024/08/31/F4E2C678CCB5_0_rotating_1725056125274.ubv to /volume1/videos/2024-08-31/G5Bullet_40/G5Bullet_40_F4E2C678CCB5_2024-08-31_1
[2024-09-05 03:04:42,349][main][INFO] - Successfully converted /srv/unifi-protect/video/2024/08/31/F4E2C678CCB5_0_rotating_1725058936387.ubv to /volume1/videos/2024-08-31/G5Bullet_40/G5Bullet_40_F4E2C678CCB5_2024-08-31_2
[2024-09-05 03:05:03,117][main][INFO] - Successfully converted /srv/unifi-protect/video/2024/08/31/F4E2C678CCB5_0_rotating_1725060957864.ubv to /volume1/videos/2024-08-31/G5Bullet_40/G5Bullet_40_F4E2C678CCB5_2024-08-31_3
[2024-09-05 03:05:25,070][main][INFO] - Successfully converted /srv/unifi-protect/video/2024/08/31/F4E2C678CCB5_0_rotating_1725063513104.ubv to /volume1/videos/2024-08-31/G5Bullet_40/G5Bullet_40_F4E2C678CCB5_2024-08-31_4
[2024-09-05 03:05:47,340][main][INFO] - Successfully converted /srv/unifi-protect/video/2024/08/31/F4E2C678CCB5_0_rotating_1725065964151.ubv to /volume1/videos/2024-08-31/G5Bullet_40/G5Bullet_40_F4E2C678CCB5_2024-08-31_5
[2024-09-05 03:06:07,492][main][INFO] - Successfully converted /srv/unifi-protect/video/2024/08/31/F4E2C678CCB5_0_rotating_1725068059871.ubv to /volume1/videos/2024-08-31/G5Bullet_40/G5Bullet_40_F4E2C678CCB5_2024-08-31_6
[2024-09-05 03:06:29,174][main][INFO] - Successfully converted /srv/unifi-protect/video/2024/08/31/F4E2C678CCB5_0_rotating_1725070395078.ubv to /volume1/videos/2024-08-31/G5Bullet_40/G5Bullet_40_F4E2C678CCB5_2024-08-31_7
[2024-09-05 03:06:49,700][main][INFO] - Successfully converted /srv/unifi-protect/video/2024/08/31/F4E2C678CCB5_0_rotating_1725072645812.ubv to /volume1/videos/2024-08-31/G5Bullet_40/G5Bullet_40_F4E2C678CCB5_2024-08-31_8
[2024-09-05 03:07:07,503][main][INFO] - Successfully converted /srv/unifi-protect/video/2024/08/31/F4E2C678CCB5_0_rotating_1725075007104.ubv to /volume1/videos/2024-08-31/G5Bullet_40/G5Bullet_40_F4E2C678CCB5_2024-08-31_9
[2024-09-05 03:07:28,582][main][INFO] - Successfully converted /srv/unifi-protect/video/2024/08/31/F4E2C678CCB5_0_rotating_1725078087498.ubv to /volume1/videos/2024-08-31/G5Bullet_40/G5Bullet_40_F4E2C678CCB5_2024-08-31_10
[2024-09-05 03:07:51,084][main][INFO] - Successfully converted /srv/unifi-protect/video/2024/08/31/F4E2C678CCB5_0_rotating_1725080859357.ubv to /volume1/videos/2024-08-31/G5Bullet_40/G5Bullet_40_F4E2C678CCB5_2024-08-31_11
[2024-09-05 03:08:09,265][main][INFO] - Successfully converted /srv/unifi-protect/video/2024/08/31/F4E2C678CCB5_0_rotating_1725083686589.ubv to /volume1/videos/2024-08-31/G5Bullet_40/G5Bullet_40_F4E2C678CCB5_2024-08-31_12
[2024-09-05 03:08:28,577][main][INFO] - Successfully converted /srv/unifi-protect/video/2024/08/31/F4E2C678CCB5_0_rotating_1725085765434.ubv to /volume1/videos/2024-08-31/G5Bullet_40/G5Bullet_40_F4E2C678CCB5_2024-08-31_13
[2024-09-05 03:08:48,300][main][INFO] - Successfully converted /srv/unifi-protect/video/2024/08/31/F4E2C678CCB5_0_rotating_1725087234640.ubv to /volume1/videos/2024-08-31/G5Bullet_40/G5Bullet_40_F4E2C678CCB5_2024-08-31_14
[2024-09-05 03:09:07,655][main][INFO] - Successfully converted /srv/unifi-protect/video/2024/08/31/F4E2C678CCB5_0_rotating_1725089055574.ubv to /volume1/videos/2024-08-31/G5Bullet_40/G5Bullet_40_F4E2C678CCB5_2024-08-31_15
[2024-09-05 03:09:27,024][main][INFO] - Successfully converted /srv/unifi-protect/video/2024/08/31/F4E2C678CCB5_0_rotating_1725090777058.ubv to /volume1/videos/2024-08-31/G5Bullet_40/G5Bullet_40_F4E2C678CCB5_2024-08-31_16
[2024-09-05 03:09:45,214][main][INFO] - Successfully converted /srv/unifi-protect/video/2024/08/31/F4E2C678CCB5_0_rotating_1725092518458.ubv to /volume1/videos/2024-08-31/G5Bullet_40/G5Bullet_40_F4E2C678CCB5_2024-08-31_17
[2024-09-05 03:10:02,651][main][INFO] - Successfully converted /srv/unifi-protect/video/2024/08/31/F4E2C678CCB5_0_rotating_1725094164956.ubv to /volume1/videos/2024-08-31/G5Bullet_40/G5Bullet_40_F4E2C678CCB5_2024-08-31_18
[2024-09-05 03:10:22,619][main][INFO] - Successfully converted /srv/unifi-protect/video/2024/08/31/F4E2C678CCB5_0_rotating_1725095683779.ubv to /volume1/videos/2024-08-31/G5Bullet_40/G5Bullet_40_F4E2C678CCB5_2024-08-31_19
[2024-09-05 03:10:40,811][main][INFO] - Successfully converted /srv/unifi-protect/video/2024/08/31/F4E2C678CCB5_0_rotating_1725097278484.ubv to /volume1/videos/2024-08-31/G5Bullet_40/G5Bullet_40_F4E2C678CCB5_2024-08-31_20
[2024-09-05 03:11:02,600][main][INFO] - Successfully converted /srv/unifi-protect/video/2024/08/31/F4E2C678CCB5_0_rotating_1725098906881.ubv to /volume1/videos/2024-08-31/G5Bullet_40/G5Bullet_40_F4E2C678CCB5_2024-08-31_21
[2024-09-05 03:11:22,811][main][INFO] - Successfully converted /srv/unifi-protect/video/2024/08/31/F4E2C678CCB5_0_rotating_1725100462119.ubv to /volume1/videos/2024-08-31/G5Bullet_40/G5Bullet_40_F4E2C678CCB5_2024-08-31_22
[2024-09-05 03:11:41,293][main][INFO] - Successfully converted /srv/unifi-protect/video/2024/08/31/F4E2C678CCB5_0_rotating_1725101987657.ubv to /volume1/videos/2024-08-31/G5Bullet_40/G5Bullet_40_F4E2C678CCB5_2024-08-31_23
[2024-09-05 03:11:57,554][main][INFO] - Successfully converted /srv/unifi-protect/video/2024/08/31/F4E2C678CCB5_0_rotating_1725103568617.ubv to /volume1/videos/2024-08-31/G5Bullet_40/G5Bullet_40_F4E2C678CCB5_2024-08-31_24
[2024-09-05 03:12:18,595][main][INFO] - Successfully converted /srv/unifi-protect/video/2024/08/31/F4E2C678CCB5_0_rotating_1725105198871.ubv to /volume1/videos/2024-08-31/G5Bullet_40/G5Bullet_40_F4E2C678CCB5_2024-08-31_25
[2024-09-05 03:12:40,111][main][INFO] - Successfully converted /srv/unifi-protect/video/2024/08/31/F4E2C678CCB5_0_rotating_1725106820191.ubv to /volume1/videos/2024-08-31/G5Bullet_40/G5Bullet_40_F4E2C678CCB5_2024-08-31_26
[2024-09-05 03:13:02,549][main][INFO] - Successfully converted /srv/unifi-protect/video/2024/08/31/F4E2C678CCB5_0_rotating_1725108402934.ubv to /volume1/videos/2024-08-31/G5Bullet_40/G5Bullet_40_F4E2C678CCB5_2024-08-31_27
[2024-09-05 03:13:24,194][main][INFO] - Successfully converted /srv/unifi-protect/video/2024/08/31/F4E2C678CCB5_0_rotating_1725109973427.ubv to /volume1/videos/2024-08-31/G5Bullet_40/G5Bullet_40_F4E2C678CCB5_2024-08-31_28
[2024-09-05 03:13:43,211][main][INFO] - Successfully converted /srv/unifi-protect/video/2024/08/31/F4E2C678CCB5_0_rotating_1725111540986.ubv to /volume1/videos/2024-08-31/G5Bullet_40/G5Bullet_40_F4E2C678CCB5_2024-08-31_29
[2024-09-05 03:14:02,553][main][INFO] - Successfully converted /srv/unifi-protect/video/2024/08/31/F4E2C678CCB5_0_rotating_1725113116671.ubv to /volume1/videos/2024-08-31/G5Bullet_40/G5Bullet_40_F4E2C678CCB5_2024-08-31_30
[2024-09-05 03:14:20,136][main][INFO] - Successfully converted /srv/unifi-protect/video/2024/08/31/F4E2C678CCB5_0_rotating_1725114751988.ubv to /volume1/videos/2024-08-31/G5Bullet_40/G5Bullet_40_F4E2C678CCB5_2024-08-31_31
[2024-09-05 03:14:39,821][main][INFO] - Successfully converted /srv/unifi-protect/video/2024/08/31/F4E2C678CCB5_0_rotating_1725116337701.ubv to /volume1/videos/2024-08-31/G5Bullet_40/G5Bullet_40_F4E2C678CCB5_2024-08-31_32
[2024-09-05 03:14:59,204][main][INFO] - Successfully converted /srv/unifi-protect/video/2024/08/31/F4E2C678CCB5_0_rotating_1725117913297.ubv to /volume1/videos/2024-08-31/G5Bullet_40/G5Bullet_40_F4E2C678CCB5_2024-08-31_33
[2024-09-05 03:15:22,892][main][INFO] - Successfully converted /srv/unifi-protect/video/2024/08/31/F4E2C678CCB5_0_rotating_1725119388720.ubv to /volume1/videos/2024-08-31/G5Bullet_40/G5Bullet_40_F4E2C678CCB5_2024-08-31_34
[2024-09-05 03:15:42,216][main][INFO] - Successfully converted /srv/unifi-protect/video/2024/08/31/F4E2C678CCB5_0_rotating_1725120960100.ubv to /volume1/videos/2024-08-31/G5Bullet_40/G5Bullet_40_F4E2C678CCB5_2024-08-31_35
[2024-09-05 03:16:04,428][main][INFO] - Successfully converted /srv/unifi-protect/video/2024/08/31/F4E2C678CCB5_0_rotating_1725122631204.ubv to /volume1/videos/2024-08-31/G5Bullet_40/G5Bullet_40_F4E2C678CCB5_2024-08-31_36
[2024-09-05 03:16:26,635][main][INFO] - Successfully converted /srv/unifi-protect/video/2024/08/31/F4E2C678CCB5_0_rotating_1725124456158.ubv to /volume1/videos/2024-08-31/G5Bullet_40/G5Bullet_40_F4E2C678CCB5_2024-08-31_37
[2024-09-05 03:16:44,462][main][INFO] - Successfully converted /srv/unifi-protect/video/2024/08/31/F4E2C678CCB5_0_rotating_1725126466775.ubv to /volume1/videos/2024-08-31/G5Bullet_40/G5Bullet_40_F4E2C678CCB5_2024-08-31_38
[2024-09-05 03:17:07,467][main][INFO] - Successfully converted /srv/unifi-protect/video/2024/08/31/F4E2C678CCB5_0_rotating_1725128817513.ubv to /volume1/videos/2024-08-31/G5Bullet_40/G5Bullet_40_F4E2C678CCB5_2024-08-31_39
[2024-09-05 03:17:31,790][main][INFO] - Successfully converted /srv/unifi-protect/video/2024/08/31/F4E2C678CCB5_0_rotating_1725131198435.ubv to /volume1/videos/2024-08-31/G5Bullet_40/G5Bullet_40_F4E2C678CCB5_2024-08-31_40
[2024-09-05 03:17:55,484][main][INFO] - Successfully converted /srv/unifi-protect/video/2024/08/31/F4E2C678CCB5_0_rotating_1725133474113.ubv to /volume1/videos/2024-08-31/G5Bullet_40/G5Bullet_40_F4E2C678CCB5_2024-08-31_41
[2024-09-05 03:18:19,230][main][INFO] - Successfully converted /srv/unifi-protect/video/2024/08/31/F4E2C678CCB5_0_rotating_1725135952007.ubv to /volume1/videos/2024-08-31/G5Bullet_40/G5Bullet_40_F4E2C678CCB5_2024-08-31_42
[2024-09-05 03:18:38,569][main][INFO] - Successfully converted /srv/unifi-protect/video/2024/08/31/F4E2C678CCB5_0_rotating_1725140351285.ubv to /volume1/videos/2024-08-31/G5Bullet_40/G5Bullet_40_F4E2C678CCB5_2024-08-31_43
[2024-09-05 03:18:38,599][main][INFO] - --------------------------------------------------
[2024-09-05 03:18:38,600][main][INFO] - --------------------------------------------------
[2024-09-05 03:18:38,600][main][INFO] - ::: Processing camera G5Bullet_43 with MAC address F4E2C679D61A :::
[2024-09-05 03:18:38,600][main][INFO] - Source directory: /srv/unifi-protect/video/2024/08/31
[2024-09-05 03:18:38,601][main][INFO] - Destination directory: /volume1/videos/2024-08-31/G5Bullet_43
[2024-09-05 03:18:38,601][main][INFO] - --------------------------------------------------
[2024-09-05 03:18:38,601][main][INFO] - --------------------------------------------------
[2024-09-05 03:18:56,588][main][INFO] - Successfully converted /srv/unifi-protect/video/2024/08/31/F4E2C679D61A_0_rotating_1725055423018.ubv to /volume1/videos/2024-08-31/G5Bullet_43/G5Bullet_43_F4E2C679D61A_2024-08-31_1
[2024-09-05 03:19:12,325][main][INFO] - Successfully converted /srv/unifi-protect/video/2024/08/31/F4E2C679D61A_0_rotating_1725057422169.ubv to /volume1/videos/2024-08-31/G5Bullet_43/G5Bullet_43_F4E2C679D61A_2024-08-31_2
[2024-09-05 03:19:29,092][main][INFO] - Successfully converted /srv/unifi-protect/video/2024/08/31/F4E2C679D61A_0_rotating_1725059067679.ubv to /volume1/videos/2024-08-31/G5Bullet_43/G5Bullet_43_F4E2C679D61A_2024-08-31_3
[2024-09-05 03:19:47,830][main][INFO] - Successfully converted /srv/unifi-protect/video/2024/08/31/F4E2C679D61A_0_rotating_1725060563191.ubv to /volume1/videos/2024-08-31/G5Bullet_43/G5Bullet_43_F4E2C679D61A_2024-08-31_4
[2024-09-05 03:20:08,784][main][INFO] - Successfully converted /srv/unifi-protect/video/2024/08/31/F4E2C679D61A_0_rotating_1725062238839.ubv to /volume1/videos/2024-08-31/G5Bullet_43/G5Bullet_43_F4E2C679D61A_2024-08-31_5
[2024-09-05 03:20:26,291][main][INFO] - Successfully converted /srv/unifi-protect/video/2024/08/31/F4E2C679D61A_0_rotating_1725063949495.ubv to /volume1/videos/2024-08-31/G5Bullet_43/G5Bullet_43_F4E2C679D61A_2024-08-31_6
[2024-09-05 03:20:45,778][main][INFO] - Successfully converted /srv/unifi-protect/video/2024/08/31/F4E2C679D61A_0_rotating_1725066227429.ubv to /volume1/videos/2024-08-31/G5Bullet_43/G5Bullet_43_F4E2C679D61A_2024-08-31_7
[2024-09-05 03:21:06,162][main][INFO] - Successfully converted /srv/unifi-protect/video/2024/08/31/F4E2C679D61A_0_rotating_1725068006233.ubv to /volume1/videos/2024-08-31/G5Bullet_43/G5Bullet_43_F4E2C679D61A_2024-08-31_8
[2024-09-05 03:21:26,194][main][INFO] - Successfully converted /srv/unifi-protect/video/2024/08/31/F4E2C679D61A_0_rotating_1725069681378.ubv to /volume1/videos/2024-08-31/G5Bullet_43/G5Bullet_43_F4E2C679D61A_2024-08-31_9
[2024-09-05 03:21:42,342][main][INFO] - Successfully converted /srv/unifi-protect/video/2024/08/31/F4E2C679D61A_0_rotating_1725071232006.ubv to /volume1/videos/2024-08-31/G5Bullet_43/G5Bullet_43_F4E2C679D61A_2024-08-31_10
[2024-09-05 03:21:58,525][main][INFO] - Successfully converted /srv/unifi-protect/video/2024/08/31/F4E2C679D61A_0_rotating_1725072837512.ubv to /volume1/videos/2024-08-31/G5Bullet_43/G5Bullet_43_F4E2C679D61A_2024-08-31_11
[2024-09-05 03:22:15,623][main][INFO] - Successfully converted /srv/unifi-protect/video/2024/08/31/F4E2C679D61A_0_rotating_1725074468193.ubv to /volume1/videos/2024-08-31/G5Bullet_43/G5Bullet_43_F4E2C679D61A_2024-08-31_12
[2024-09-05 03:22:36,724][main][INFO] - Successfully converted /srv/unifi-protect/video/2024/08/31/F4E2C679D61A_0_rotating_1725076434668.ubv to /volume1/videos/2024-08-31/G5Bullet_43/G5Bullet_43_F4E2C679D61A_2024-08-31_13
[2024-09-05 03:22:58,000][main][INFO] - Successfully converted /srv/unifi-protect/video/2024/08/31/F4E2C679D61A_0_rotating_1725079502258.ubv to /volume1/videos/2024-08-31/G5Bullet_43/G5Bullet_43_F4E2C679D61A_2024-08-31_14
[2024-09-05 03:23:17,511][main][INFO] - Successfully converted /srv/unifi-protect/video/2024/08/31/F4E2C679D61A_0_rotating_1725082056917.ubv to /volume1/videos/2024-08-31/G5Bullet_43/G5Bullet_43_F4E2C679D61A_2024-08-31_15
[2024-09-05 03:23:37,373][main][INFO] - Successfully converted /srv/unifi-protect/video/2024/08/31/F4E2C679D61A_0_rotating_1725084662285.ubv to /volume1/videos/2024-08-31/G5Bullet_43/G5Bullet_43_F4E2C679D61A_2024-08-31_16
[2024-09-05 03:23:54,442][main][INFO] - Successfully converted /srv/unifi-protect/video/2024/08/31/F4E2C679D61A_0_rotating_1725086244088.ubv to /volume1/videos/2024-08-31/G5Bullet_43/G5Bullet_43_F4E2C679D61A_2024-08-31_17
[2024-09-05 03:24:15,692][main][INFO] - Successfully converted /srv/unifi-protect/video/2024/08/31/F4E2C679D61A_0_rotating_1725087719483.ubv to /volume1/videos/2024-08-31/G5Bullet_43/G5Bullet_43_F4E2C679D61A_2024-08-31_18
[2024-09-05 03:24:32,999][main][INFO] - Successfully converted /srv/unifi-protect/video/2024/08/31/F4E2C679D61A_0_rotating_1725089564941.ubv to /volume1/videos/2024-08-31/G5Bullet_43/G5Bullet_43_F4E2C679D61A_2024-08-31_19
[2024-09-05 03:24:49,665][main][INFO] - Successfully converted /srv/unifi-protect/video/2024/08/31/F4E2C679D61A_0_rotating_1725091485773.ubv to /volume1/videos/2024-08-31/G5Bullet_43/G5Bullet_43_F4E2C679D61A_2024-08-31_20
[2024-09-05 03:25:09,878][main][INFO] - Successfully converted /srv/unifi-protect/video/2024/08/31/F4E2C679D61A_0_rotating_1725093176171.ubv to /volume1/videos/2024-08-31/G5Bullet_43/G5Bullet_43_F4E2C679D61A_2024-08-31_21
[2024-09-05 03:25:26,551][main][INFO] - Successfully converted /srv/unifi-protect/video/2024/08/31/F4E2C679D61A_0_rotating_1725094806854.ubv to /volume1/videos/2024-08-31/G5Bullet_43/G5Bullet_43_F4E2C679D61A_2024-08-31_22
[2024-09-05 03:25:47,948][main][INFO] - Successfully converted /srv/unifi-protect/video/2024/08/31/F4E2C679D61A_0_rotating_1725096442402.ubv to /volume1/videos/2024-08-31/G5Bullet_43/G5Bullet_43_F4E2C679D61A_2024-08-31_23
[2024-09-05 03:26:04,080][main][INFO] - Successfully converted /srv/unifi-protect/video/2024/08/31/F4E2C679D61A_0_rotating_1725098135008.ubv to /volume1/videos/2024-08-31/G5Bullet_43/G5Bullet_43_F4E2C679D61A_2024-08-31_24
[2024-09-05 03:26:20,818][main][INFO] - Successfully converted /srv/unifi-protect/video/2024/08/31/F4E2C679D61A_0_rotating_1725099743727.ubv to /volume1/videos/2024-08-31/G5Bullet_43/G5Bullet_43_F4E2C679D61A_2024-08-31_25
[2024-09-05 03:26:39,604][main][INFO] - Successfully converted /srv/unifi-protect/video/2024/08/31/F4E2C679D61A_0_rotating_1725101301032.ubv to /volume1/videos/2024-08-31/G5Bullet_43/G5Bullet_43_F4E2C679D61A_2024-08-31_26
[2024-09-05 03:26:56,283][main][INFO] - Successfully converted /srv/unifi-protect/video/2024/08/31/F4E2C679D61A_0_rotating_1725102807632.ubv to /volume1/videos/2024-08-31/G5Bullet_43/G5Bullet_43_F4E2C679D61A_2024-08-31_27
[2024-09-05 03:27:12,670][main][INFO] - Successfully converted /srv/unifi-protect/video/2024/08/31/F4E2C679D61A_0_rotating_1725104402966.ubv to /volume1/videos/2024-08-31/G5Bullet_43/G5Bullet_43_F4E2C679D61A_2024-08-31_28
[2024-09-05 03:27:36,357][main][INFO] - Successfully converted /srv/unifi-protect/video/2024/08/31/F4E2C679D61A_0_rotating_1725105998534.ubv to /volume1/videos/2024-08-31/G5Bullet_43/G5Bullet_43_F4E2C679D61A_2024-08-31_29
[2024-09-05 03:27:57,366][main][INFO] - Successfully converted /srv/unifi-protect/video/2024/08/31/F4E2C679D61A_0_rotating_1725107604032.ubv to /volume1/videos/2024-08-31/G5Bullet_43/G5Bullet_43_F4E2C679D61A_2024-08-31_30
[2024-09-05 03:28:18,336][main][INFO] - Successfully converted /srv/unifi-protect/video/2024/08/31/F4E2C679D61A_0_rotating_1725109096931.ubv to /volume1/videos/2024-08-31/G5Bullet_43/G5Bullet_43_F4E2C679D61A_2024-08-31_31
[2024-09-05 03:28:36,968][main][INFO] - Successfully converted /srv/unifi-protect/video/2024/08/31/F4E2C679D61A_0_rotating_1725110680359.ubv to /volume1/videos/2024-08-31/G5Bullet_43/G5Bullet_43_F4E2C679D61A_2024-08-31_32
[2024-09-05 03:28:58,800][main][INFO] - Successfully converted /srv/unifi-protect/video/2024/08/31/F4E2C679D61A_0_rotating_1725112276694.ubv to /volume1/videos/2024-08-31/G5Bullet_43/G5Bullet_43_F4E2C679D61A_2024-08-31_33
[2024-09-05 03:29:22,356][main][INFO] - Successfully converted /srv/unifi-protect/video/2024/08/31/F4E2C679D61A_0_rotating_1725113866940.ubv to /volume1/videos/2024-08-31/G5Bullet_43/G5Bullet_43_F4E2C679D61A_2024-08-31_34
[2024-09-05 03:29:39,019][main][INFO] - Successfully converted /srv/unifi-protect/video/2024/08/31/F4E2C679D61A_0_rotating_1725115456710.ubv to /volume1/videos/2024-08-31/G5Bullet_43/G5Bullet_43_F4E2C679D61A_2024-08-31_35
[2024-09-05 03:29:58,510][main][INFO] - Successfully converted /srv/unifi-protect/video/2024/08/31/F4E2C679D61A_0_rotating_1725117027274.ubv to /volume1/videos/2024-08-31/G5Bullet_43/G5Bullet_43_F4E2C679D61A_2024-08-31_36
[2024-09-05 03:30:16,935][main][INFO] - Successfully converted /srv/unifi-protect/video/2024/08/31/F4E2C679D61A_0_rotating_1725118582905.ubv to /volume1/videos/2024-08-31/G5Bullet_43/G5Bullet_43_F4E2C679D61A_2024-08-31_37
[2024-09-05 03:30:35,958][main][INFO] - Successfully converted /srv/unifi-protect/video/2024/08/31/F4E2C679D61A_0_rotating_1725120133946.ubv to /volume1/videos/2024-08-31/G5Bullet_43/G5Bullet_43_F4E2C679D61A_2024-08-31_38
[2024-09-05 03:30:57,473][main][INFO] - Successfully converted /srv/unifi-protect/video/2024/08/31/F4E2C679D61A_0_rotating_1725121688860.ubv to /volume1/videos/2024-08-31/G5Bullet_43/G5Bullet_43_F4E2C679D61A_2024-08-31_39
[2024-09-05 03:31:13,268][main][INFO] - Successfully converted /srv/unifi-protect/video/2024/08/31/F4E2C679D61A_0_rotating_1725123290335.ubv to /volume1/videos/2024-08-31/G5Bullet_43/G5Bullet_43_F4E2C679D61A_2024-08-31_40
[2024-09-05 03:31:34,845][main][INFO] - Successfully converted /srv/unifi-protect/video/2024/08/31/F4E2C679D61A_0_rotating_1725125124899.ubv to /volume1/videos/2024-08-31/G5Bullet_43/G5Bullet_43_F4E2C679D61A_2024-08-31_41
[2024-09-05 03:31:55,665][main][INFO] - Successfully converted /srv/unifi-protect/video/2024/08/31/F4E2C679D61A_0_rotating_1725127315851.ubv to /volume1/videos/2024-08-31/G5Bullet_43/G5Bullet_43_F4E2C679D61A_2024-08-31_42
[2024-09-05 03:32:19,366][main][INFO] - Successfully converted /srv/unifi-protect/video/2024/08/31/F4E2C679D61A_0_rotating_1725129461563.ubv to /volume1/videos/2024-08-31/G5Bullet_43/G5Bullet_43_F4E2C679D61A_2024-08-31_43
[2024-09-05 03:32:42,115][main][INFO] - Successfully converted /srv/unifi-protect/video/2024/08/31/F4E2C679D61A_0_rotating_1725131432047.ubv to /volume1/videos/2024-08-31/G5Bullet_43/G5Bullet_43_F4E2C679D61A_2024-08-31_44
[2024-09-05 03:33:08,116][main][INFO] - Successfully converted /srv/unifi-protect/video/2024/08/31/F4E2C679D61A_0_rotating_1725133307698.ubv to /volume1/videos/2024-08-31/G5Bullet_43/G5Bullet_43_F4E2C679D61A_2024-08-31_45
[2024-09-05 03:33:36,079][main][INFO] - Successfully converted /srv/unifi-protect/video/2024/08/31/F4E2C679D61A_0_rotating_1725135385827.ubv to /volume1/videos/2024-08-31/G5Bullet_43/G5Bullet_43_F4E2C679D61A_2024-08-31_46
[2024-09-05 03:33:53,363][main][INFO] - Successfully converted /srv/unifi-protect/video/2024/08/31/F4E2C679D61A_0_rotating_1725137419048.ubv to /volume1/videos/2024-08-31/G5Bullet_43/G5Bullet_43_F4E2C679D61A_2024-08-31_47
[2024-09-05 03:34:09,551][main][INFO] - Successfully converted /srv/unifi-protect/video/2024/08/31/F4E2C679D61A_0_rotating_1725139394840.ubv to /volume1/videos/2024-08-31/G5Bullet_43/G5Bullet_43_F4E2C679D61A_2024-08-31_48
[2024-09-05 03:34:34,930][main][INFO] - Successfully converted /srv/unifi-protect/video/2024/08/31/F4E2C679D61A_0_rotating_1725141145310.ubv to /volume1/videos/2024-08-31/G5Bullet_43/G5Bullet_43_F4E2C679D61A_2024-08-31_49
