2024-09-14 23:53:08,277 - Module(logger):Line(76) INFO - --------------------------------------------------
2024-09-14 23:53:08,277 - Module(logger):Line(77) INFO - --------------------------------------------------
2024-09-14 23:53:08,278 - Module(main):Line(56) INFO - ::: Processing camera G5Bullet_07 :::
2024-09-14 23:53:08,278 - Module(logger):Line(76) INFO - --------------------------------------------------
2024-09-14 23:53:08,278 - Module(logger):Line(77) INFO - --------------------------------------------------
2024-09-14 23:53:08,278 - Module(main):Line(59) INFO - Transfering data from NVR (/volume1/videos/2024-09-11/G5Bullet_07/*0.mp4) to VM (/mnt/geosense/cameras/G5Bullet_07/mp4)...
2024-09-15 00:05:50,807 - Module(main):Line(65) INFO - Extract frames...
2024-09-15 00:05:50,808 - Module(camera):Line(32) INFO - Renaming .mp4 files...
2024-09-15 00:05:50,809 - Module(camera):Line(38) INFO - Renamed /mnt/geosense/cameras/G5Bullet_07/mp4/G5Bullet_07_F4E2C678CCA0_2024-09-11_1_0.mp4 to /mnt/geosense/cameras/G5Bullet_07/mp4/File_000_G5Bullet_07_F4E2C678CCA0_2024-09-11_1_0.mp4
2024-09-15 00:05:50,809 - Module(camera):Line(38) INFO - Renamed /mnt/geosense/cameras/G5Bullet_07/mp4/G5Bullet_07_F4E2C678CCA0_2024-09-11_2_0.mp4 to /mnt/geosense/cameras/G5Bullet_07/mp4/File_001_G5Bullet_07_F4E2C678CCA0_2024-09-11_2_0.mp4
2024-09-15 00:05:50,809 - Module(camera):Line(38) INFO - Renamed /mnt/geosense/cameras/G5Bullet_07/mp4/G5Bullet_07_F4E2C678CCA0_2024-09-11_10_0.mp4 to /mnt/geosense/cameras/G5Bullet_07/mp4/File_002_G5Bullet_07_F4E2C678CCA0_2024-09-11_10_0.mp4
2024-09-15 00:05:50,809 - Module(camera):Line(38) INFO - Renamed /mnt/geosense/cameras/G5Bullet_07/mp4/G5Bullet_07_F4E2C678CCA0_2024-09-11_11_0.mp4 to /mnt/geosense/cameras/G5Bullet_07/mp4/File_003_G5Bullet_07_F4E2C678CCA0_2024-09-11_11_0.mp4
2024-09-15 00:05:50,809 - Module(camera):Line(38) INFO - Renamed /mnt/geosense/cameras/G5Bullet_07/mp4/G5Bullet_07_F4E2C678CCA0_2024-09-11_12_0.mp4 to /mnt/geosense/cameras/G5Bullet_07/mp4/File_004_G5Bullet_07_F4E2C678CCA0_2024-09-11_12_0.mp4
2024-09-15 00:05:50,809 - Module(camera):Line(38) INFO - Renamed /mnt/geosense/cameras/G5Bullet_07/mp4/G5Bullet_07_F4E2C678CCA0_2024-09-11_13_0.mp4 to /mnt/geosense/cameras/G5Bullet_07/mp4/File_005_G5Bullet_07_F4E2C678CCA0_2024-09-11_13_0.mp4
2024-09-15 00:05:50,809 - Module(camera):Line(38) INFO - Renamed /mnt/geosense/cameras/G5Bullet_07/mp4/G5Bullet_07_F4E2C678CCA0_2024-09-11_14_0.mp4 to /mnt/geosense/cameras/G5Bullet_07/mp4/File_006_G5Bullet_07_F4E2C678CCA0_2024-09-11_14_0.mp4
2024-09-15 00:05:50,809 - Module(camera):Line(38) INFO - Renamed /mnt/geosense/cameras/G5Bullet_07/mp4/G5Bullet_07_F4E2C678CCA0_2024-09-11_15_0.mp4 to /mnt/geosense/cameras/G5Bullet_07/mp4/File_007_G5Bullet_07_F4E2C678CCA0_2024-09-11_15_0.mp4
2024-09-15 00:05:50,809 - Module(camera):Line(38) INFO - Renamed /mnt/geosense/cameras/G5Bullet_07/mp4/G5Bullet_07_F4E2C678CCA0_2024-09-11_16_0.mp4 to /mnt/geosense/cameras/G5Bullet_07/mp4/File_008_G5Bullet_07_F4E2C678CCA0_2024-09-11_16_0.mp4
2024-09-15 00:05:50,810 - Module(camera):Line(38) INFO - Renamed /mnt/geosense/cameras/G5Bullet_07/mp4/G5Bullet_07_F4E2C678CCA0_2024-09-11_17_0.mp4 to /mnt/geosense/cameras/G5Bullet_07/mp4/File_009_G5Bullet_07_F4E2C678CCA0_2024-09-11_17_0.mp4
2024-09-15 00:05:50,810 - Module(camera):Line(38) INFO - Renamed /mnt/geosense/cameras/G5Bullet_07/mp4/G5Bullet_07_F4E2C678CCA0_2024-09-11_18_0.mp4 to /mnt/geosense/cameras/G5Bullet_07/mp4/File_010_G5Bullet_07_F4E2C678CCA0_2024-09-11_18_0.mp4
2024-09-15 00:05:50,810 - Module(camera):Line(38) INFO - Renamed /mnt/geosense/cameras/G5Bullet_07/mp4/G5Bullet_07_F4E2C678CCA0_2024-09-11_19_0.mp4 to /mnt/geosense/cameras/G5Bullet_07/mp4/File_011_G5Bullet_07_F4E2C678CCA0_2024-09-11_19_0.mp4
2024-09-15 00:05:50,810 - Module(camera):Line(38) INFO - Renamed /mnt/geosense/cameras/G5Bullet_07/mp4/G5Bullet_07_F4E2C678CCA0_2024-09-11_20_0.mp4 to /mnt/geosense/cameras/G5Bullet_07/mp4/File_012_G5Bullet_07_F4E2C678CCA0_2024-09-11_20_0.mp4
2024-09-15 00:05:50,810 - Module(camera):Line(38) INFO - Renamed /mnt/geosense/cameras/G5Bullet_07/mp4/G5Bullet_07_F4E2C678CCA0_2024-09-11_21_0.mp4 to /mnt/geosense/cameras/G5Bullet_07/mp4/File_013_G5Bullet_07_F4E2C678CCA0_2024-09-11_21_0.mp4
2024-09-15 00:05:50,810 - Module(camera):Line(38) INFO - Renamed /mnt/geosense/cameras/G5Bullet_07/mp4/G5Bullet_07_F4E2C678CCA0_2024-09-11_22_0.mp4 to /mnt/geosense/cameras/G5Bullet_07/mp4/File_014_G5Bullet_07_F4E2C678CCA0_2024-09-11_22_0.mp4
2024-09-15 00:05:50,810 - Module(camera):Line(38) INFO - Renamed /mnt/geosense/cameras/G5Bullet_07/mp4/G5Bullet_07_F4E2C678CCA0_2024-09-11_23_0.mp4 to /mnt/geosense/cameras/G5Bullet_07/mp4/File_015_G5Bullet_07_F4E2C678CCA0_2024-09-11_23_0.mp4
2024-09-15 00:05:50,810 - Module(camera):Line(38) INFO - Renamed /mnt/geosense/cameras/G5Bullet_07/mp4/G5Bullet_07_F4E2C678CCA0_2024-09-11_24_0.mp4 to /mnt/geosense/cameras/G5Bullet_07/mp4/File_016_G5Bullet_07_F4E2C678CCA0_2024-09-11_24_0.mp4
2024-09-15 00:05:50,810 - Module(camera):Line(38) INFO - Renamed /mnt/geosense/cameras/G5Bullet_07/mp4/G5Bullet_07_F4E2C678CCA0_2024-09-11_25_0.mp4 to /mnt/geosense/cameras/G5Bullet_07/mp4/File_017_G5Bullet_07_F4E2C678CCA0_2024-09-11_25_0.mp4
2024-09-15 00:05:50,811 - Module(camera):Line(38) INFO - Renamed /mnt/geosense/cameras/G5Bullet_07/mp4/G5Bullet_07_F4E2C678CCA0_2024-09-11_26_0.mp4 to /mnt/geosense/cameras/G5Bullet_07/mp4/File_018_G5Bullet_07_F4E2C678CCA0_2024-09-11_26_0.mp4
2024-09-15 00:05:50,811 - Module(camera):Line(38) INFO - Renamed /mnt/geosense/cameras/G5Bullet_07/mp4/G5Bullet_07_F4E2C678CCA0_2024-09-11_27_0.mp4 to /mnt/geosense/cameras/G5Bullet_07/mp4/File_019_G5Bullet_07_F4E2C678CCA0_2024-09-11_27_0.mp4
2024-09-15 00:05:50,811 - Module(camera):Line(38) INFO - Renamed /mnt/geosense/cameras/G5Bullet_07/mp4/G5Bullet_07_F4E2C678CCA0_2024-09-11_28_0.mp4 to /mnt/geosense/cameras/G5Bullet_07/mp4/File_020_G5Bullet_07_F4E2C678CCA0_2024-09-11_28_0.mp4
2024-09-15 00:05:50,811 - Module(camera):Line(38) INFO - Renamed /mnt/geosense/cameras/G5Bullet_07/mp4/G5Bullet_07_F4E2C678CCA0_2024-09-11_29_0.mp4 to /mnt/geosense/cameras/G5Bullet_07/mp4/File_021_G5Bullet_07_F4E2C678CCA0_2024-09-11_29_0.mp4
2024-09-15 00:05:50,811 - Module(camera):Line(38) INFO - Renamed /mnt/geosense/cameras/G5Bullet_07/mp4/G5Bullet_07_F4E2C678CCA0_2024-09-11_30_0.mp4 to /mnt/geosense/cameras/G5Bullet_07/mp4/File_022_G5Bullet_07_F4E2C678CCA0_2024-09-11_30_0.mp4
2024-09-15 00:05:50,811 - Module(camera):Line(38) INFO - Renamed /mnt/geosense/cameras/G5Bullet_07/mp4/G5Bullet_07_F4E2C678CCA0_2024-09-11_31_0.mp4 to /mnt/geosense/cameras/G5Bullet_07/mp4/File_023_G5Bullet_07_F4E2C678CCA0_2024-09-11_31_0.mp4
2024-09-15 00:05:50,811 - Module(camera):Line(38) INFO - Renamed /mnt/geosense/cameras/G5Bullet_07/mp4/G5Bullet_07_F4E2C678CCA0_2024-09-11_32_0.mp4 to /mnt/geosense/cameras/G5Bullet_07/mp4/File_024_G5Bullet_07_F4E2C678CCA0_2024-09-11_32_0.mp4
2024-09-15 00:05:50,811 - Module(camera):Line(38) INFO - Renamed /mnt/geosense/cameras/G5Bullet_07/mp4/G5Bullet_07_F4E2C678CCA0_2024-09-11_33_0.mp4 to /mnt/geosense/cameras/G5Bullet_07/mp4/File_025_G5Bullet_07_F4E2C678CCA0_2024-09-11_33_0.mp4
2024-09-15 00:05:50,812 - Module(main):Line(72) INFO - Processing file /mnt/geosense/cameras/G5Bullet_07/mp4/File_000_G5Bullet_07_F4E2C678CCA0_2024-09-11_1_0.mp4...
2024-09-15 00:05:50,916 - Module(data_preprocessing):Line(132) INFO - Frame rate: 0.9996663052427889
2024-09-15 00:05:50,916 - Module(data_preprocessing):Line(133) INFO - Extracting frames from video '/mnt/geosense/cameras/G5Bullet_07/mp4/File_000_G5Bullet_07_F4E2C678CCA0_2024-09-11_1_0.mp4'...
2024-09-15 00:05:51,169 - Module(data_preprocessing):Line(169) INFO - Extracting frame 0...
2024-09-15 00:05:51,169 - Module(data_preprocessing):Line(173) INFO - Frame number internal: 119
2024-09-15 00:05:52,185 - Module(data_preprocessing):Line(169) INFO - Extracting frame 1...
2024-09-15 00:05:52,185 - Module(data_preprocessing):Line(173) INFO - Frame number internal: 238
2024-09-15 00:05:53,245 - Module(data_preprocessing):Line(169) INFO - Extracting frame 2...
2024-09-15 00:05:53,245 - Module(data_preprocessing):Line(173) INFO - Frame number internal: 357
2024-09-15 00:05:54,319 - Module(data_preprocessing):Line(169) INFO - Extracting frame 3...
2024-09-15 00:05:54,319 - Module(data_preprocessing):Line(173) INFO - Frame number internal: 476
2024-09-15 00:05:55,520 - Module(data_preprocessing):Line(169) INFO - Extracting frame 4...
2024-09-15 00:05:55,520 - Module(data_preprocessing):Line(173) INFO - Frame number internal: 595
2024-09-15 00:05:56,631 - Module(data_preprocessing):Line(169) INFO - Extracting frame 5...
2024-09-15 00:05:56,631 - Module(data_preprocessing):Line(173) INFO - Frame number internal: 714
2024-09-15 00:05:57,631 - Module(data_preprocessing):Line(169) INFO - Extracting frame 6...
2024-09-15 00:05:57,632 - Module(data_preprocessing):Line(173) INFO - Frame number internal: 833
2024-09-15 00:05:58,737 - Module(data_preprocessing):Line(169) INFO - Extracting frame 7...
2024-09-15 00:05:58,737 - Module(data_preprocessing):Line(173) INFO - Frame number internal: 952
2024-09-15 00:05:59,685 - Module(data_preprocessing):Line(169) INFO - Extracting frame 8...
2024-09-15 00:05:59,685 - Module(data_preprocessing):Line(173) INFO - Frame number internal: 1071
2024-09-15 00:06:00,919 - Module(data_preprocessing):Line(169) INFO - Extracting frame 9...
2024-09-15 00:06:00,919 - Module(data_preprocessing):Line(173) INFO - Frame number internal: 1190
2024-09-15 00:06:02,186 - Module(data_preprocessing):Line(169) INFO - Extracting frame 10...
2024-09-15 00:06:02,186 - Module(data_preprocessing):Line(173) INFO - Frame number internal: 1309
2024-09-15 00:06:03,269 - Module(data_preprocessing):Line(169) INFO - Extracting frame 11...
2024-09-15 00:06:03,269 - Module(data_preprocessing):Line(173) INFO - Frame number internal: 1428
2024-09-15 00:06:03,269 - Module(data_preprocessing):Line(154) INFO - Break: frame_number_internal exceeds total number of frames.
2024-09-15 00:06:03,303 - Module(data_preprocessing):Line(176) INFO - All frames extracted.
2024-09-15 00:06:03,303 - Module(data_preprocessing):Line(177) INFO - Frame number: 0
2024-09-15 00:06:03,304 - Module(main):Line(91) INFO - Enhance frames...
2024-09-15 00:06:03,304 - Module(camera):Line(43) INFO - Grouping files in sets...
2024-09-15 00:06:03,304 - Module(camera):Line(48) INFO - Moving files to staging directory...
2024-09-15 00:06:03,305 - Module(camera):Line(52) INFO - Keeping every third file and removing the others...
2024-09-15 00:06:03,305 - Module(main):Line(72) INFO - Processing file /mnt/geosense/cameras/G5Bullet_07/mp4/File_001_G5Bullet_07_F4E2C678CCA0_2024-09-11_2_0.mp4...
2024-09-15 00:06:03,405 - Module(data_preprocessing):Line(132) INFO - Frame rate: 0.9996602919349693
2024-09-15 00:06:03,405 - Module(data_preprocessing):Line(133) INFO - Extracting frames from video '/mnt/geosense/cameras/G5Bullet_07/mp4/File_001_G5Bullet_07_F4E2C678CCA0_2024-09-11_2_0.mp4'...
2024-09-15 00:06:03,662 - Module(data_preprocessing):Line(169) INFO - Extracting frame 12...
2024-09-15 00:06:03,662 - Module(data_preprocessing):Line(173) INFO - Frame number internal: 119
2024-09-15 00:06:04,725 - Module(data_preprocessing):Line(169) INFO - Extracting frame 13...
2024-09-15 00:06:04,725 - Module(data_preprocessing):Line(173) INFO - Frame number internal: 238
2024-09-15 00:06:05,766 - Module(data_preprocessing):Line(169) INFO - Extracting frame 14...
2024-09-15 00:06:05,766 - Module(data_preprocessing):Line(173) INFO - Frame number internal: 357
2024-09-15 00:06:06,750 - Module(data_preprocessing):Line(169) INFO - Extracting frame 15...
2024-09-15 00:06:06,750 - Module(data_preprocessing):Line(173) INFO - Frame number internal: 476
2024-09-15 00:06:07,974 - Module(data_preprocessing):Line(169) INFO - Extracting frame 16...
2024-09-15 00:06:07,974 - Module(data_preprocessing):Line(173) INFO - Frame number internal: 595
2024-09-15 00:06:09,137 - Module(data_preprocessing):Line(169) INFO - Extracting frame 17...
2024-09-15 00:06:09,137 - Module(data_preprocessing):Line(173) INFO - Frame number internal: 714
2024-09-15 00:06:10,223 - Module(data_preprocessing):Line(169) INFO - Extracting frame 18...
2024-09-15 00:06:10,223 - Module(data_preprocessing):Line(173) INFO - Frame number internal: 833
2024-09-15 00:06:11,276 - Module(data_preprocessing):Line(169) INFO - Extracting frame 19...
2024-09-15 00:06:11,276 - Module(data_preprocessing):Line(173) INFO - Frame number internal: 952
2024-09-15 00:06:12,130 - Module(data_preprocessing):Line(169) INFO - Extracting frame 20...
2024-09-15 00:06:12,130 - Module(data_preprocessing):Line(173) INFO - Frame number internal: 1071
2024-09-15 00:06:13,079 - Module(data_preprocessing):Line(169) INFO - Extracting frame 21...
2024-09-15 00:06:13,079 - Module(data_preprocessing):Line(173) INFO - Frame number internal: 1190
2024-09-15 00:06:14,239 - Module(data_preprocessing):Line(169) INFO - Extracting frame 22...
2024-09-15 00:06:14,239 - Module(data_preprocessing):Line(173) INFO - Frame number internal: 1309
2024-09-15 00:06:15,322 - Module(data_preprocessing):Line(169) INFO - Extracting frame 23...
2024-09-15 00:06:15,322 - Module(data_preprocessing):Line(173) INFO - Frame number internal: 1428
2024-09-15 00:06:15,322 - Module(data_preprocessing):Line(154) INFO - Break: frame_number_internal exceeds total number of frames.
2024-09-15 00:06:15,355 - Module(data_preprocessing):Line(176) INFO - All frames extracted.
2024-09-15 00:06:15,355 - Module(data_preprocessing):Line(177) INFO - Frame number: 12
2024-09-15 00:06:15,356 - Module(main):Line(91) INFO - Enhance frames...
2024-09-15 00:06:15,357 - Module(camera):Line(43) INFO - Grouping files in sets...
2024-09-15 00:06:15,357 - Module(camera):Line(48) INFO - Moving files to staging directory...
2024-09-15 00:06:15,357 - Module(camera):Line(52) INFO - Keeping every third file and removing the others...
2024-09-15 00:06:15,358 - Module(main):Line(72) INFO - Processing file /mnt/geosense/cameras/G5Bullet_07/mp4/File_002_G5Bullet_07_F4E2C678CCA0_2024-09-11_10_0.mp4...
2024-09-15 00:06:15,450 - Module(data_preprocessing):Line(132) INFO - Frame rate: 0.9996690067427488
2024-09-15 00:06:15,451 - Module(data_preprocessing):Line(133) INFO - Extracting frames from video '/mnt/geosense/cameras/G5Bullet_07/mp4/File_002_G5Bullet_07_F4E2C678CCA0_2024-09-11_10_0.mp4'...
2024-09-15 00:06:15,690 - Module(data_preprocessing):Line(169) INFO - Extracting frame 24...
2024-09-15 00:06:15,690 - Module(data_preprocessing):Line(173) INFO - Frame number internal: 119
2024-09-15 00:06:16,835 - Module(data_preprocessing):Line(169) INFO - Extracting frame 25...
2024-09-15 00:06:16,835 - Module(data_preprocessing):Line(173) INFO - Frame number internal: 238
2024-09-15 00:06:17,860 - Module(data_preprocessing):Line(169) INFO - Extracting frame 26...
2024-09-15 00:06:17,860 - Module(data_preprocessing):Line(173) INFO - Frame number internal: 357
2024-09-15 00:06:18,911 - Module(data_preprocessing):Line(169) INFO - Extracting frame 27...
2024-09-15 00:06:18,911 - Module(data_preprocessing):Line(173) INFO - Frame number internal: 476
2024-09-15 00:06:19,853 - Module(data_preprocessing):Line(169) INFO - Extracting frame 28...
2024-09-15 00:06:19,853 - Module(data_preprocessing):Line(173) INFO - Frame number internal: 595
2024-09-15 00:06:20,939 - Module(data_preprocessing):Line(169) INFO - Extracting frame 29...
2024-09-15 00:06:20,939 - Module(data_preprocessing):Line(173) INFO - Frame number internal: 714
2024-09-15 00:06:21,971 - Module(data_preprocessing):Line(169) INFO - Extracting frame 30...
2024-09-15 00:06:21,971 - Module(data_preprocessing):Line(173) INFO - Frame number internal: 833
2024-09-15 00:06:23,034 - Module(data_preprocessing):Line(169) INFO - Extracting frame 31...
2024-09-15 00:06:23,034 - Module(data_preprocessing):Line(173) INFO - Frame number internal: 952
2024-09-15 00:06:24,052 - Module(data_preprocessing):Line(169) INFO - Extracting frame 32...
2024-09-15 00:06:24,052 - Module(data_preprocessing):Line(173) INFO - Frame number internal: 1071
2024-09-15 00:06:25,038 - Module(data_preprocessing):Line(169) INFO - Extracting frame 33...
2024-09-15 00:06:25,038 - Module(data_preprocessing):Line(173) INFO - Frame number internal: 1190
2024-09-15 00:06:26,214 - Module(data_preprocessing):Line(169) INFO - Extracting frame 34...
2024-09-15 00:06:26,214 - Module(data_preprocessing):Line(173) INFO - Frame number internal: 1309
2024-09-15 00:06:27,264 - Module(data_preprocessing):Line(169) INFO - Extracting frame 35...
2024-09-15 00:06:27,264 - Module(data_preprocessing):Line(173) INFO - Frame number internal: 1428
2024-09-15 00:06:27,264 - Module(data_preprocessing):Line(154) INFO - Break: frame_number_internal exceeds total number of frames.
2024-09-15 00:06:27,298 - Module(data_preprocessing):Line(176) INFO - All frames extracted.
2024-09-15 00:06:27,298 - Module(data_preprocessing):Line(177) INFO - Frame number: 24
2024-09-15 00:06:27,300 - Module(main):Line(91) INFO - Enhance frames...
2024-09-15 00:06:27,300 - Module(camera):Line(43) INFO - Grouping files in sets...
2024-09-15 00:06:27,300 - Module(camera):Line(48) INFO - Moving files to staging directory...
2024-09-15 00:06:27,300 - Module(camera):Line(52) INFO - Keeping every third file and removing the others...
2024-09-15 00:06:27,301 - Module(main):Line(72) INFO - Processing file /mnt/geosense/cameras/G5Bullet_07/mp4/File_003_G5Bullet_07_F4E2C678CCA0_2024-09-11_11_0.mp4...
2024-09-15 00:06:27,406 - Module(data_preprocessing):Line(132) INFO - Frame rate: 0.9996580528812703
2024-09-15 00:06:27,406 - Module(data_preprocessing):Line(133) INFO - Extracting frames from video '/mnt/geosense/cameras/G5Bullet_07/mp4/File_003_G5Bullet_07_F4E2C678CCA0_2024-09-11_11_0.mp4'...
2024-09-15 00:06:27,681 - Module(data_preprocessing):Line(169) INFO - Extracting frame 36...
2024-09-15 00:06:27,682 - Module(data_preprocessing):Line(173) INFO - Frame number internal: 119
2024-09-15 00:06:28,735 - Module(data_preprocessing):Line(169) INFO - Extracting frame 37...
2024-09-15 00:06:28,735 - Module(data_preprocessing):Line(173) INFO - Frame number internal: 238
2024-09-15 00:06:29,711 - Module(data_preprocessing):Line(169) INFO - Extracting frame 38...
2024-09-15 00:06:29,711 - Module(data_preprocessing):Line(173) INFO - Frame number internal: 357
2024-09-15 00:06:30,698 - Module(data_preprocessing):Line(169) INFO - Extracting frame 39...
2024-09-15 00:06:30,699 - Module(data_preprocessing):Line(173) INFO - Frame number internal: 476
2024-09-15 00:06:31,941 - Module(data_preprocessing):Line(169) INFO - Extracting frame 40...
2024-09-15 00:06:31,941 - Module(data_preprocessing):Line(173) INFO - Frame number internal: 595
2024-09-15 00:06:33,132 - Module(data_preprocessing):Line(169) INFO - Extracting frame 41...
2024-09-15 00:06:33,132 - Module(data_preprocessing):Line(173) INFO - Frame number internal: 714
2024-09-15 00:06:34,209 - Module(data_preprocessing):Line(169) INFO - Extracting frame 42...
2024-09-15 00:06:34,209 - Module(data_preprocessing):Line(173) INFO - Frame number internal: 833
2024-09-15 00:06:35,242 - Module(data_preprocessing):Line(169) INFO - Extracting frame 43...
2024-09-15 00:06:35,242 - Module(data_preprocessing):Line(173) INFO - Frame number internal: 952
2024-09-15 00:06:36,214 - Module(data_preprocessing):Line(169) INFO - Extracting frame 44...
2024-09-15 00:06:36,214 - Module(data_preprocessing):Line(173) INFO - Frame number internal: 1071
2024-09-15 00:06:37,214 - Module(data_preprocessing):Line(169) INFO - Extracting frame 45...
2024-09-15 00:06:37,214 - Module(data_preprocessing):Line(173) INFO - Frame number internal: 1190
2024-09-15 00:06:38,363 - Module(data_preprocessing):Line(169) INFO - Extracting frame 46...
2024-09-15 00:06:38,364 - Module(data_preprocessing):Line(173) INFO - Frame number internal: 1309
2024-09-15 00:06:39,491 - Module(data_preprocessing):Line(169) INFO - Extracting frame 47...
2024-09-15 00:06:39,491 - Module(data_preprocessing):Line(173) INFO - Frame number internal: 1428
2024-09-15 00:06:39,491 - Module(data_preprocessing):Line(154) INFO - Break: frame_number_internal exceeds total number of frames.
2024-09-15 00:06:39,535 - Module(data_preprocessing):Line(176) INFO - All frames extracted.
2024-09-15 00:06:39,535 - Module(data_preprocessing):Line(177) INFO - Frame number: 36
2024-09-15 00:06:39,537 - Module(main):Line(91) INFO - Enhance frames...
2024-09-15 00:06:39,537 - Module(camera):Line(43) INFO - Grouping files in sets...
2024-09-15 00:06:39,537 - Module(camera):Line(48) INFO - Moving files to staging directory...
2024-09-15 00:06:39,537 - Module(camera):Line(52) INFO - Keeping every third file and removing the others...
2024-09-15 00:06:39,538 - Module(main):Line(72) INFO - Processing file /mnt/geosense/cameras/G5Bullet_07/mp4/File_004_G5Bullet_07_F4E2C678CCA0_2024-09-11_12_0.mp4...
2024-09-15 00:06:39,619 - Module(data_preprocessing):Line(132) INFO - Frame rate: 0.9996660429371267
2024-09-15 00:06:39,619 - Module(data_preprocessing):Line(133) INFO - Extracting frames from video '/mnt/geosense/cameras/G5Bullet_07/mp4/File_004_G5Bullet_07_F4E2C678CCA0_2024-09-11_12_0.mp4'...
2024-09-15 00:06:39,831 - Module(data_preprocessing):Line(169) INFO - Extracting frame 48...
2024-09-15 00:06:39,831 - Module(data_preprocessing):Line(173) INFO - Frame number internal: 119
2024-09-15 00:06:40,938 - Module(data_preprocessing):Line(169) INFO - Extracting frame 49...
2024-09-15 00:06:40,938 - Module(data_preprocessing):Line(173) INFO - Frame number internal: 238
2024-09-15 00:06:42,003 - Module(data_preprocessing):Line(169) INFO - Extracting frame 50...
2024-09-15 00:06:42,003 - Module(data_preprocessing):Line(173) INFO - Frame number internal: 357
2024-09-15 00:06:42,960 - Module(data_preprocessing):Line(169) INFO - Extracting frame 51...
2024-09-15 00:06:42,960 - Module(data_preprocessing):Line(173) INFO - Frame number internal: 476
2024-09-15 00:06:43,934 - Module(data_preprocessing):Line(169) INFO - Extracting frame 52...
2024-09-15 00:06:43,934 - Module(data_preprocessing):Line(173) INFO - Frame number internal: 595
2024-09-15 00:06:45,099 - Module(data_preprocessing):Line(169) INFO - Extracting frame 53...
2024-09-15 00:06:45,099 - Module(data_preprocessing):Line(173) INFO - Frame number internal: 714
2024-09-15 00:06:46,265 - Module(data_preprocessing):Line(169) INFO - Extracting frame 54...
2024-09-15 00:06:46,265 - Module(data_preprocessing):Line(173) INFO - Frame number internal: 833
2024-09-15 00:06:47,332 - Module(data_preprocessing):Line(169) INFO - Extracting frame 55...
2024-09-15 00:06:47,332 - Module(data_preprocessing):Line(173) INFO - Frame number internal: 952
2024-09-15 00:06:48,359 - Module(data_preprocessing):Line(169) INFO - Extracting frame 56...
2024-09-15 00:06:48,360 - Module(data_preprocessing):Line(173) INFO - Frame number internal: 1071
2024-09-15 00:06:49,463 - Module(data_preprocessing):Line(169) INFO - Extracting frame 57...
2024-09-15 00:06:49,463 - Module(data_preprocessing):Line(173) INFO - Frame number internal: 1190
2024-09-15 00:06:50,646 - Module(data_preprocessing):Line(169) INFO - Extracting frame 58...
2024-09-15 00:06:50,646 - Module(data_preprocessing):Line(173) INFO - Frame number internal: 1309
2024-09-15 00:06:51,620 - Module(data_preprocessing):Line(169) INFO - Extracting frame 59...
2024-09-15 00:06:51,620 - Module(data_preprocessing):Line(173) INFO - Frame number internal: 1428
2024-09-15 00:06:51,620 - Module(data_preprocessing):Line(154) INFO - Break: frame_number_internal exceeds total number of frames.
2024-09-15 00:06:51,659 - Module(data_preprocessing):Line(176) INFO - All frames extracted.
2024-09-15 00:06:51,659 - Module(data_preprocessing):Line(177) INFO - Frame number: 48
2024-09-15 00:06:51,660 - Module(main):Line(91) INFO - Enhance frames...
2024-09-15 00:06:51,660 - Module(camera):Line(43) INFO - Grouping files in sets...
2024-09-15 00:06:51,660 - Module(camera):Line(48) INFO - Moving files to staging directory...
2024-09-15 00:06:51,661 - Module(camera):Line(52) INFO - Keeping every third file and removing the others...
2024-09-15 00:06:51,661 - Module(main):Line(72) INFO - Processing file /mnt/geosense/cameras/G5Bullet_07/mp4/File_005_G5Bullet_07_F4E2C678CCA0_2024-09-11_13_0.mp4...
2024-09-15 00:06:51,770 - Module(data_preprocessing):Line(132) INFO - Frame rate: 0.9996565656762202
2024-09-15 00:06:51,770 - Module(data_preprocessing):Line(133) INFO - Extracting frames from video '/mnt/geosense/cameras/G5Bullet_07/mp4/File_005_G5Bullet_07_F4E2C678CCA0_2024-09-11_13_0.mp4'...
2024-09-15 00:06:52,042 - Module(data_preprocessing):Line(169) INFO - Extracting frame 60...
2024-09-15 00:06:52,042 - Module(data_preprocessing):Line(173) INFO - Frame number internal: 119
2024-09-15 00:06:53,204 - Module(data_preprocessing):Line(169) INFO - Extracting frame 61...
2024-09-15 00:06:53,205 - Module(data_preprocessing):Line(173) INFO - Frame number internal: 238
2024-09-15 00:06:54,224 - Module(data_preprocessing):Line(169) INFO - Extracting frame 62...
2024-09-15 00:06:54,224 - Module(data_preprocessing):Line(173) INFO - Frame number internal: 357
2024-09-15 00:06:55,183 - Module(data_preprocessing):Line(169) INFO - Extracting frame 63...
2024-09-15 00:06:55,183 - Module(data_preprocessing):Line(173) INFO - Frame number internal: 476
2024-09-15 00:06:56,138 - Module(data_preprocessing):Line(169) INFO - Extracting frame 64...
2024-09-15 00:06:56,139 - Module(data_preprocessing):Line(173) INFO - Frame number internal: 595
2024-09-15 00:06:57,162 - Module(data_preprocessing):Line(169) INFO - Extracting frame 65...
2024-09-15 00:06:57,162 - Module(data_preprocessing):Line(173) INFO - Frame number internal: 714
2024-09-15 00:06:58,243 - Module(data_preprocessing):Line(169) INFO - Extracting frame 66...
2024-09-15 00:06:58,243 - Module(data_preprocessing):Line(173) INFO - Frame number internal: 833
2024-09-15 00:06:59,395 - Module(data_preprocessing):Line(169) INFO - Extracting frame 67...
2024-09-15 00:06:59,396 - Module(data_preprocessing):Line(173) INFO - Frame number internal: 952
2024-09-15 00:07:00,370 - Module(data_preprocessing):Line(169) INFO - Extracting frame 68...
2024-09-15 00:07:00,370 - Module(data_preprocessing):Line(173) INFO - Frame number internal: 1071
2024-09-15 00:07:01,306 - Module(data_preprocessing):Line(169) INFO - Extracting frame 69...
2024-09-15 00:07:01,306 - Module(data_preprocessing):Line(173) INFO - Frame number internal: 1190
2024-09-15 00:07:02,422 - Module(data_preprocessing):Line(169) INFO - Extracting frame 70...
2024-09-15 00:07:02,422 - Module(data_preprocessing):Line(173) INFO - Frame number internal: 1309
2024-09-15 00:07:03,420 - Module(data_preprocessing):Line(169) INFO - Extracting frame 71...
2024-09-15 00:07:03,420 - Module(data_preprocessing):Line(173) INFO - Frame number internal: 1428
2024-09-15 00:07:03,420 - Module(data_preprocessing):Line(154) INFO - Break: frame_number_internal exceeds total number of frames.
2024-09-15 00:07:03,468 - Module(data_preprocessing):Line(176) INFO - All frames extracted.
2024-09-15 00:07:03,469 - Module(data_preprocessing):Line(177) INFO - Frame number: 60
2024-09-15 00:07:03,470 - Module(main):Line(91) INFO - Enhance frames...
2024-09-15 00:07:03,470 - Module(camera):Line(43) INFO - Grouping files in sets...
2024-09-15 00:07:03,470 - Module(camera):Line(48) INFO - Moving files to staging directory...
2024-09-15 00:07:03,470 - Module(camera):Line(52) INFO - Keeping every third file and removing the others...
2024-09-15 00:07:03,471 - Module(main):Line(72) INFO - Processing file /mnt/geosense/cameras/G5Bullet_07/mp4/File_006_G5Bullet_07_F4E2C678CCA0_2024-09-11_14_0.mp4...
2024-09-15 00:07:03,564 - Module(data_preprocessing):Line(132) INFO - Frame rate: 0.9996986284339004
2024-09-15 00:07:03,565 - Module(data_preprocessing):Line(133) INFO - Extracting frames from video '/mnt/geosense/cameras/G5Bullet_07/mp4/File_006_G5Bullet_07_F4E2C678CCA0_2024-09-11_14_0.mp4'...
2024-09-15 00:07:03,808 - Module(data_preprocessing):Line(169) INFO - Extracting frame 72...
2024-09-15 00:07:03,808 - Module(data_preprocessing):Line(173) INFO - Frame number internal: 119
2024-09-15 00:07:04,904 - Module(data_preprocessing):Line(169) INFO - Extracting frame 73...
2024-09-15 00:07:04,904 - Module(data_preprocessing):Line(173) INFO - Frame number internal: 238
2024-09-15 00:07:05,972 - Module(data_preprocessing):Line(169) INFO - Extracting frame 74...
2024-09-15 00:07:05,972 - Module(data_preprocessing):Line(173) INFO - Frame number internal: 357
2024-09-15 00:07:06,910 - Module(data_preprocessing):Line(169) INFO - Extracting frame 75...
2024-09-15 00:07:06,910 - Module(data_preprocessing):Line(173) INFO - Frame number internal: 476
2024-09-15 00:07:08,136 - Module(data_preprocessing):Line(169) INFO - Extracting frame 76...
2024-09-15 00:07:08,136 - Module(data_preprocessing):Line(173) INFO - Frame number internal: 595
2024-09-15 00:07:09,362 - Module(data_preprocessing):Line(169) INFO - Extracting frame 77...
2024-09-15 00:07:09,362 - Module(data_preprocessing):Line(173) INFO - Frame number internal: 714
2024-09-15 00:07:10,440 - Module(data_preprocessing):Line(169) INFO - Extracting frame 78...
2024-09-15 00:07:10,440 - Module(data_preprocessing):Line(173) INFO - Frame number internal: 833
2024-09-15 00:07:11,549 - Module(data_preprocessing):Line(169) INFO - Extracting frame 79...
2024-09-15 00:07:11,549 - Module(data_preprocessing):Line(173) INFO - Frame number internal: 952
2024-09-15 00:07:12,529 - Module(data_preprocessing):Line(169) INFO - Extracting frame 80...
2024-09-15 00:07:12,529 - Module(data_preprocessing):Line(173) INFO - Frame number internal: 1071
2024-09-15 00:07:13,557 - Module(data_preprocessing):Line(169) INFO - Extracting frame 81...
2024-09-15 00:07:13,558 - Module(data_preprocessing):Line(173) INFO - Frame number internal: 1190
2024-09-15 00:07:14,698 - Module(data_preprocessing):Line(169) INFO - Extracting frame 82...
2024-09-15 00:07:14,698 - Module(data_preprocessing):Line(173) INFO - Frame number internal: 1309
2024-09-15 00:07:15,794 - Module(data_preprocessing):Line(169) INFO - Extracting frame 83...
2024-09-15 00:07:15,795 - Module(data_preprocessing):Line(173) INFO - Frame number internal: 1428
2024-09-15 00:07:15,795 - Module(data_preprocessing):Line(154) INFO - Break: frame_number_internal exceeds total number of frames.
2024-09-15 00:07:15,834 - Module(data_preprocessing):Line(176) INFO - All frames extracted.
2024-09-15 00:07:15,834 - Module(data_preprocessing):Line(177) INFO - Frame number: 72
2024-09-15 00:07:15,835 - Module(main):Line(91) INFO - Enhance frames...
2024-09-15 00:07:15,835 - Module(camera):Line(43) INFO - Grouping files in sets...
2024-09-15 00:07:15,835 - Module(camera):Line(48) INFO - Moving files to staging directory...
2024-09-15 00:07:15,836 - Module(camera):Line(52) INFO - Keeping every third file and removing the others...
2024-09-15 00:07:15,836 - Module(main):Line(72) INFO - Processing file /mnt/geosense/cameras/G5Bullet_07/mp4/File_007_G5Bullet_07_F4E2C678CCA0_2024-09-11_15_0.mp4...
2024-09-15 00:07:15,941 - Module(data_preprocessing):Line(132) INFO - Frame rate: 0.9996729925409972
2024-09-15 00:07:15,941 - Module(data_preprocessing):Line(133) INFO - Extracting frames from video '/mnt/geosense/cameras/G5Bullet_07/mp4/File_007_G5Bullet_07_F4E2C678CCA0_2024-09-11_15_0.mp4'...
2024-09-15 00:07:16,205 - Module(data_preprocessing):Line(169) INFO - Extracting frame 84...
2024-09-15 00:07:16,205 - Module(data_preprocessing):Line(173) INFO - Frame number internal: 119
2024-09-15 00:07:17,265 - Module(data_preprocessing):Line(169) INFO - Extracting frame 85...
2024-09-15 00:07:17,265 - Module(data_preprocessing):Line(173) INFO - Frame number internal: 238
2024-09-15 00:07:18,300 - Module(data_preprocessing):Line(169) INFO - Extracting frame 86...
2024-09-15 00:07:18,300 - Module(data_preprocessing):Line(173) INFO - Frame number internal: 357
2024-09-15 00:07:19,201 - Module(data_preprocessing):Line(169) INFO - Extracting frame 87...
2024-09-15 00:07:19,201 - Module(data_preprocessing):Line(173) INFO - Frame number internal: 476
2024-09-15 00:07:20,284 - Module(data_preprocessing):Line(169) INFO - Extracting frame 88...
2024-09-15 00:07:20,285 - Module(data_preprocessing):Line(173) INFO - Frame number internal: 595
2024-09-15 00:07:21,395 - Module(data_preprocessing):Line(169) INFO - Extracting frame 89...
2024-09-15 00:07:21,395 - Module(data_preprocessing):Line(173) INFO - Frame number internal: 714
2024-09-15 00:07:22,477 - Module(data_preprocessing):Line(169) INFO - Extracting frame 90...
2024-09-15 00:07:22,477 - Module(data_preprocessing):Line(173) INFO - Frame number internal: 833
2024-09-15 00:07:23,571 - Module(data_preprocessing):Line(169) INFO - Extracting frame 91...
2024-09-15 00:07:23,571 - Module(data_preprocessing):Line(173) INFO - Frame number internal: 952
2024-09-15 00:07:24,599 - Module(data_preprocessing):Line(169) INFO - Extracting frame 92...
2024-09-15 00:07:24,599 - Module(data_preprocessing):Line(173) INFO - Frame number internal: 1071
2024-09-15 00:07:25,762 - Module(data_preprocessing):Line(169) INFO - Extracting frame 93...
2024-09-15 00:07:25,762 - Module(data_preprocessing):Line(173) INFO - Frame number internal: 1190
2024-09-15 00:07:26,972 - Module(data_preprocessing):Line(169) INFO - Extracting frame 94...
2024-09-15 00:07:26,972 - Module(data_preprocessing):Line(173) INFO - Frame number internal: 1309
2024-09-15 00:07:28,099 - Module(data_preprocessing):Line(169) INFO - Extracting frame 95...
2024-09-15 00:07:28,100 - Module(data_preprocessing):Line(173) INFO - Frame number internal: 1428
2024-09-15 00:07:28,100 - Module(data_preprocessing):Line(154) INFO - Break: frame_number_internal exceeds total number of frames.
2024-09-15 00:07:28,126 - Module(data_preprocessing):Line(176) INFO - All frames extracted.
2024-09-15 00:07:28,126 - Module(data_preprocessing):Line(177) INFO - Frame number: 84
2024-09-15 00:07:28,127 - Module(main):Line(91) INFO - Enhance frames...
2024-09-15 00:07:28,127 - Module(camera):Line(43) INFO - Grouping files in sets...
2024-09-15 00:07:28,128 - Module(camera):Line(48) INFO - Moving files to staging directory...
2024-09-15 00:07:28,128 - Module(camera):Line(52) INFO - Keeping every third file and removing the others...
2024-09-15 00:07:28,128 - Module(main):Line(72) INFO - Processing file /mnt/geosense/cameras/G5Bullet_07/mp4/File_008_G5Bullet_07_F4E2C678CCA0_2024-09-11_16_0.mp4...
2024-09-15 00:07:28,213 - Module(data_preprocessing):Line(132) INFO - Frame rate: 0.9996663076570109
2024-09-15 00:07:28,213 - Module(data_preprocessing):Line(133) INFO - Extracting frames from video '/mnt/geosense/cameras/G5Bullet_07/mp4/File_008_G5Bullet_07_F4E2C678CCA0_2024-09-11_16_0.mp4'...
2024-09-15 00:07:28,432 - Module(data_preprocessing):Line(169) INFO - Extracting frame 96...
2024-09-15 00:07:28,432 - Module(data_preprocessing):Line(173) INFO - Frame number internal: 119
2024-09-15 00:07:29,480 - Module(data_preprocessing):Line(169) INFO - Extracting frame 97...
2024-09-15 00:07:29,480 - Module(data_preprocessing):Line(173) INFO - Frame number internal: 238
2024-09-15 00:07:30,547 - Module(data_preprocessing):Line(169) INFO - Extracting frame 98...
2024-09-15 00:07:30,547 - Module(data_preprocessing):Line(173) INFO - Frame number internal: 357
2024-09-15 00:07:31,514 - Module(data_preprocessing):Line(169) INFO - Extracting frame 99...
2024-09-15 00:07:31,514 - Module(data_preprocessing):Line(173) INFO - Frame number internal: 476
2024-09-15 00:07:32,657 - Module(data_preprocessing):Line(169) INFO - Extracting frame 100...
2024-09-15 00:07:32,657 - Module(data_preprocessing):Line(173) INFO - Frame number internal: 595
2024-09-15 00:07:33,918 - Module(data_preprocessing):Line(169) INFO - Extracting frame 101...
2024-09-15 00:07:33,919 - Module(data_preprocessing):Line(173) INFO - Frame number internal: 714
2024-09-15 00:07:34,989 - Module(data_preprocessing):Line(169) INFO - Extracting frame 102...
2024-09-15 00:07:34,989 - Module(data_preprocessing):Line(173) INFO - Frame number internal: 833
2024-09-15 00:07:36,043 - Module(data_preprocessing):Line(169) INFO - Extracting frame 103...
2024-09-15 00:07:36,043 - Module(data_preprocessing):Line(173) INFO - Frame number internal: 952
2024-09-15 00:07:37,065 - Module(data_preprocessing):Line(169) INFO - Extracting frame 104...
2024-09-15 00:07:37,065 - Module(data_preprocessing):Line(173) INFO - Frame number internal: 1071
2024-09-15 00:07:38,214 - Module(data_preprocessing):Line(169) INFO - Extracting frame 105...
2024-09-15 00:07:38,214 - Module(data_preprocessing):Line(173) INFO - Frame number internal: 1190
2024-09-15 00:07:39,268 - Module(data_preprocessing):Line(169) INFO - Extracting frame 106...
2024-09-15 00:07:39,268 - Module(data_preprocessing):Line(173) INFO - Frame number internal: 1309
2024-09-15 00:07:40,378 - Module(data_preprocessing):Line(169) INFO - Extracting frame 107...
2024-09-15 00:07:40,378 - Module(data_preprocessing):Line(173) INFO - Frame number internal: 1428
2024-09-15 00:07:40,378 - Module(data_preprocessing):Line(154) INFO - Break: frame_number_internal exceeds total number of frames.
2024-09-15 00:07:40,432 - Module(data_preprocessing):Line(176) INFO - All frames extracted.
2024-09-15 00:07:40,432 - Module(data_preprocessing):Line(177) INFO - Frame number: 96
2024-09-15 00:07:40,433 - Module(main):Line(91) INFO - Enhance frames...
2024-09-15 00:07:40,433 - Module(camera):Line(43) INFO - Grouping files in sets...
2024-09-15 00:07:40,433 - Module(camera):Line(48) INFO - Moving files to staging directory...
2024-09-15 00:07:40,433 - Module(camera):Line(52) INFO - Keeping every third file and removing the others...
2024-09-15 00:07:40,434 - Module(main):Line(72) INFO - Processing file /mnt/geosense/cameras/G5Bullet_07/mp4/File_009_G5Bullet_07_F4E2C678CCA0_2024-09-11_17_0.mp4...
2024-09-15 00:07:40,541 - Module(data_preprocessing):Line(132) INFO - Frame rate: 0.9996687239216218
2024-09-15 00:07:40,541 - Module(data_preprocessing):Line(133) INFO - Extracting frames from video '/mnt/geosense/cameras/G5Bullet_07/mp4/File_009_G5Bullet_07_F4E2C678CCA0_2024-09-11_17_0.mp4'...
2024-09-15 00:07:40,810 - Module(data_preprocessing):Line(169) INFO - Extracting frame 108...
2024-09-15 00:07:40,810 - Module(data_preprocessing):Line(173) INFO - Frame number internal: 119
2024-09-15 00:07:41,919 - Module(data_preprocessing):Line(169) INFO - Extracting frame 109...
2024-09-15 00:07:41,919 - Module(data_preprocessing):Line(173) INFO - Frame number internal: 238
2024-09-15 00:07:43,003 - Module(data_preprocessing):Line(169) INFO - Extracting frame 110...
2024-09-15 00:07:43,003 - Module(data_preprocessing):Line(173) INFO - Frame number internal: 357
2024-09-15 00:07:44,022 - Module(data_preprocessing):Line(169) INFO - Extracting frame 111...
2024-09-15 00:07:44,022 - Module(data_preprocessing):Line(173) INFO - Frame number internal: 476
2024-09-15 00:07:44,919 - Module(data_preprocessing):Line(169) INFO - Extracting frame 112...
2024-09-15 00:07:44,919 - Module(data_preprocessing):Line(173) INFO - Frame number internal: 595
2024-09-15 00:07:46,110 - Module(data_preprocessing):Line(169) INFO - Extracting frame 113...
2024-09-15 00:07:46,110 - Module(data_preprocessing):Line(173) INFO - Frame number internal: 714
2024-09-15 00:07:47,103 - Module(data_preprocessing):Line(169) INFO - Extracting frame 114...
2024-09-15 00:07:47,103 - Module(data_preprocessing):Line(173) INFO - Frame number internal: 833
2024-09-15 00:07:48,136 - Module(data_preprocessing):Line(169) INFO - Extracting frame 115...
2024-09-15 00:07:48,137 - Module(data_preprocessing):Line(173) INFO - Frame number internal: 952
2024-09-15 00:07:48,964 - Module(data_preprocessing):Line(169) INFO - Extracting frame 116...
2024-09-15 00:07:48,965 - Module(data_preprocessing):Line(173) INFO - Frame number internal: 1071
2024-09-15 00:07:50,234 - Module(data_preprocessing):Line(169) INFO - Extracting frame 117...
2024-09-15 00:07:50,234 - Module(data_preprocessing):Line(173) INFO - Frame number internal: 1190
2024-09-15 00:07:51,375 - Module(data_preprocessing):Line(169) INFO - Extracting frame 118...
2024-09-15 00:07:51,375 - Module(data_preprocessing):Line(173) INFO - Frame number internal: 1309
2024-09-15 00:07:52,536 - Module(data_preprocessing):Line(169) INFO - Extracting frame 119...
2024-09-15 00:07:52,537 - Module(data_preprocessing):Line(173) INFO - Frame number internal: 1428
2024-09-15 00:07:52,537 - Module(data_preprocessing):Line(154) INFO - Break: frame_number_internal exceeds total number of frames.
2024-09-15 00:07:52,576 - Module(data_preprocessing):Line(176) INFO - All frames extracted.
2024-09-15 00:07:52,576 - Module(data_preprocessing):Line(177) INFO - Frame number: 108
2024-09-15 00:07:52,577 - Module(main):Line(91) INFO - Enhance frames...
2024-09-15 00:07:52,577 - Module(camera):Line(43) INFO - Grouping files in sets...
2024-09-15 00:07:52,577 - Module(camera):Line(48) INFO - Moving files to staging directory...
2024-09-15 00:07:52,578 - Module(camera):Line(52) INFO - Keeping every third file and removing the others...
2024-09-15 00:07:52,578 - Module(main):Line(72) INFO - Processing file /mnt/geosense/cameras/G5Bullet_07/mp4/File_010_G5Bullet_07_F4E2C678CCA0_2024-09-11_18_0.mp4...
2024-09-15 00:07:52,706 - Module(data_preprocessing):Line(132) INFO - Frame rate: 0.9973906036956293
2024-09-15 00:07:52,706 - Module(data_preprocessing):Line(133) INFO - Extracting frames from video '/mnt/geosense/cameras/G5Bullet_07/mp4/File_010_G5Bullet_07_F4E2C678CCA0_2024-09-11_18_0.mp4'...
2024-09-15 00:07:53,019 - Module(data_preprocessing):Line(169) INFO - Extracting frame 120...
2024-09-15 00:07:53,019 - Module(data_preprocessing):Line(173) INFO - Frame number internal: 119
2024-09-15 00:07:54,222 - Module(data_preprocessing):Line(169) INFO - Extracting frame 121...
2024-09-15 00:07:54,222 - Module(data_preprocessing):Line(173) INFO - Frame number internal: 238
2024-09-15 00:07:55,320 - Module(data_preprocessing):Line(169) INFO - Extracting frame 122...
2024-09-15 00:07:55,321 - Module(data_preprocessing):Line(173) INFO - Frame number internal: 357
2024-09-15 00:07:56,520 - Module(data_preprocessing):Line(169) INFO - Extracting frame 123...
2024-09-15 00:07:56,520 - Module(data_preprocessing):Line(173) INFO - Frame number internal: 476
2024-09-15 00:07:57,663 - Module(data_preprocessing):Line(169) INFO - Extracting frame 124...
2024-09-15 00:07:57,663 - Module(data_preprocessing):Line(173) INFO - Frame number internal: 595
2024-09-15 00:07:58,985 - Module(data_preprocessing):Line(169) INFO - Extracting frame 125...
2024-09-15 00:07:58,985 - Module(data_preprocessing):Line(173) INFO - Frame number internal: 714
2024-09-15 00:08:00,120 - Module(data_preprocessing):Line(169) INFO - Extracting frame 126...
2024-09-15 00:08:00,120 - Module(data_preprocessing):Line(173) INFO - Frame number internal: 833
2024-09-15 00:08:01,229 - Module(data_preprocessing):Line(169) INFO - Extracting frame 127...
2024-09-15 00:08:01,230 - Module(data_preprocessing):Line(173) INFO - Frame number internal: 952
2024-09-15 00:08:02,195 - Module(data_preprocessing):Line(169) INFO - Extracting frame 128...
2024-09-15 00:08:02,195 - Module(data_preprocessing):Line(173) INFO - Frame number internal: 1071
2024-09-15 00:08:03,382 - Module(data_preprocessing):Line(169) INFO - Extracting frame 129...
2024-09-15 00:08:03,382 - Module(data_preprocessing):Line(173) INFO - Frame number internal: 1190
2024-09-15 00:08:04,686 - Module(data_preprocessing):Line(169) INFO - Extracting frame 130...
2024-09-15 00:08:04,686 - Module(data_preprocessing):Line(173) INFO - Frame number internal: 1309
2024-09-15 00:08:05,682 - Module(data_preprocessing):Line(169) INFO - Extracting frame 131...
2024-09-15 00:08:05,682 - Module(data_preprocessing):Line(173) INFO - Frame number internal: 1428
2024-09-15 00:08:05,682 - Module(data_preprocessing):Line(154) INFO - Break: frame_number_internal exceeds total number of frames.
2024-09-15 00:08:05,682 - Module(data_preprocessing):Line(176) INFO - All frames extracted.
2024-09-15 00:08:05,683 - Module(data_preprocessing):Line(177) INFO - Frame number: 120
2024-09-15 00:08:05,684 - Module(main):Line(91) INFO - Enhance frames...
2024-09-15 00:08:05,684 - Module(camera):Line(43) INFO - Grouping files in sets...
2024-09-15 00:08:05,684 - Module(camera):Line(48) INFO - Moving files to staging directory...
2024-09-15 00:08:05,685 - Module(camera):Line(52) INFO - Keeping every third file and removing the others...
2024-09-15 00:08:05,685 - Module(main):Line(72) INFO - Processing file /mnt/geosense/cameras/G5Bullet_07/mp4/File_011_G5Bullet_07_F4E2C678CCA0_2024-09-11_19_0.mp4...
2024-09-15 00:08:05,760 - Module(data_preprocessing):Line(132) INFO - Frame rate: 0.9897946838432083
2024-09-15 00:08:05,760 - Module(data_preprocessing):Line(133) INFO - Extracting frames from video '/mnt/geosense/cameras/G5Bullet_07/mp4/File_011_G5Bullet_07_F4E2C678CCA0_2024-09-11_19_0.mp4'...
2024-09-15 00:08:05,976 - Module(data_preprocessing):Line(169) INFO - Extracting frame 132...
2024-09-15 00:08:05,977 - Module(data_preprocessing):Line(173) INFO - Frame number internal: 118
2024-09-15 00:08:07,079 - Module(data_preprocessing):Line(169) INFO - Extracting frame 133...
2024-09-15 00:08:07,079 - Module(data_preprocessing):Line(173) INFO - Frame number internal: 236
2024-09-15 00:08:08,130 - Module(data_preprocessing):Line(169) INFO - Extracting frame 134...
2024-09-15 00:08:08,130 - Module(data_preprocessing):Line(173) INFO - Frame number internal: 354
2024-09-15 00:08:09,402 - Module(data_preprocessing):Line(169) INFO - Extracting frame 135...
2024-09-15 00:08:09,402 - Module(data_preprocessing):Line(173) INFO - Frame number internal: 472
2024-09-15 00:08:10,727 - Module(data_preprocessing):Line(169) INFO - Extracting frame 136...
2024-09-15 00:08:10,727 - Module(data_preprocessing):Line(173) INFO - Frame number internal: 590
2024-09-15 00:08:11,907 - Module(data_preprocessing):Line(169) INFO - Extracting frame 137...
2024-09-15 00:08:11,907 - Module(data_preprocessing):Line(173) INFO - Frame number internal: 708
2024-09-15 00:08:12,987 - Module(data_preprocessing):Line(169) INFO - Extracting frame 138...
2024-09-15 00:08:12,987 - Module(data_preprocessing):Line(173) INFO - Frame number internal: 826
2024-09-15 00:08:14,379 - Module(data_preprocessing):Line(169) INFO - Extracting frame 139...
2024-09-15 00:08:14,379 - Module(data_preprocessing):Line(173) INFO - Frame number internal: 944
2024-09-15 00:08:15,508 - Module(data_preprocessing):Line(169) INFO - Extracting frame 140...
2024-09-15 00:08:15,508 - Module(data_preprocessing):Line(173) INFO - Frame number internal: 1062
2024-09-15 00:08:16,497 - Module(data_preprocessing):Line(169) INFO - Extracting frame 141...
2024-09-15 00:08:16,497 - Module(data_preprocessing):Line(173) INFO - Frame number internal: 1180
2024-09-15 00:08:17,787 - Module(data_preprocessing):Line(169) INFO - Extracting frame 142...
2024-09-15 00:08:17,787 - Module(data_preprocessing):Line(173) INFO - Frame number internal: 1298
2024-09-15 00:08:18,937 - Module(data_preprocessing):Line(169) INFO - Extracting frame 143...
2024-09-15 00:08:18,937 - Module(data_preprocessing):Line(173) INFO - Frame number internal: 1416
2024-09-15 00:08:18,937 - Module(data_preprocessing):Line(154) INFO - Break: frame_number_internal exceeds total number of frames.
2024-09-15 00:08:18,937 - Module(data_preprocessing):Line(176) INFO - All frames extracted.
2024-09-15 00:08:18,937 - Module(data_preprocessing):Line(177) INFO - Frame number: 132
2024-09-15 00:08:18,939 - Module(main):Line(91) INFO - Enhance frames...
2024-09-15 00:08:18,939 - Module(camera):Line(43) INFO - Grouping files in sets...
2024-09-15 00:08:18,939 - Module(camera):Line(48) INFO - Moving files to staging directory...
2024-09-15 00:08:18,939 - Module(camera):Line(52) INFO - Keeping every third file and removing the others...
2024-09-15 00:08:18,940 - Module(main):Line(72) INFO - Processing file /mnt/geosense/cameras/G5Bullet_07/mp4/File_012_G5Bullet_07_F4E2C678CCA0_2024-09-11_20_0.mp4...
2024-09-15 00:08:19,076 - Module(data_preprocessing):Line(132) INFO - Frame rate: 0.9966597814539475
2024-09-15 00:08:19,076 - Module(data_preprocessing):Line(133) INFO - Extracting frames from video '/mnt/geosense/cameras/G5Bullet_07/mp4/File_012_G5Bullet_07_F4E2C678CCA0_2024-09-11_20_0.mp4'...
2024-09-15 00:08:19,371 - Module(data_preprocessing):Line(169) INFO - Extracting frame 144...
2024-09-15 00:08:19,371 - Module(data_preprocessing):Line(173) INFO - Frame number internal: 119
2024-09-15 00:08:20,521 - Module(data_preprocessing):Line(169) INFO - Extracting frame 145...
2024-09-15 00:08:20,521 - Module(data_preprocessing):Line(173) INFO - Frame number internal: 238
2024-09-15 00:08:21,687 - Module(data_preprocessing):Line(169) INFO - Extracting frame 146...
2024-09-15 00:08:21,688 - Module(data_preprocessing):Line(173) INFO - Frame number internal: 357
2024-09-15 00:08:22,895 - Module(data_preprocessing):Line(169) INFO - Extracting frame 147...
2024-09-15 00:08:22,895 - Module(data_preprocessing):Line(173) INFO - Frame number internal: 476
2024-09-15 00:08:24,040 - Module(data_preprocessing):Line(169) INFO - Extracting frame 148...
2024-09-15 00:08:24,041 - Module(data_preprocessing):Line(173) INFO - Frame number internal: 595
2024-09-15 00:08:24,992 - Module(data_preprocessing):Line(169) INFO - Extracting frame 149...
2024-09-15 00:08:24,992 - Module(data_preprocessing):Line(173) INFO - Frame number internal: 714
2024-09-15 00:08:26,169 - Module(data_preprocessing):Line(169) INFO - Extracting frame 150...
2024-09-15 00:08:26,169 - Module(data_preprocessing):Line(173) INFO - Frame number internal: 833
2024-09-15 00:08:27,342 - Module(data_preprocessing):Line(169) INFO - Extracting frame 151...
2024-09-15 00:08:27,342 - Module(data_preprocessing):Line(173) INFO - Frame number internal: 952
2024-09-15 00:08:28,376 - Module(data_preprocessing):Line(169) INFO - Extracting frame 152...
2024-09-15 00:08:28,376 - Module(data_preprocessing):Line(173) INFO - Frame number internal: 1071
2024-09-15 00:08:29,508 - Module(data_preprocessing):Line(169) INFO - Extracting frame 153...
2024-09-15 00:08:29,509 - Module(data_preprocessing):Line(173) INFO - Frame number internal: 1190
2024-09-15 00:08:30,573 - Module(data_preprocessing):Line(169) INFO - Extracting frame 154...
2024-09-15 00:08:30,573 - Module(data_preprocessing):Line(173) INFO - Frame number internal: 1309
2024-09-15 00:08:31,665 - Module(data_preprocessing):Line(169) INFO - Extracting frame 155...
2024-09-15 00:08:31,666 - Module(data_preprocessing):Line(173) INFO - Frame number internal: 1428
2024-09-15 00:08:31,666 - Module(data_preprocessing):Line(154) INFO - Break: frame_number_internal exceeds total number of frames.
2024-09-15 00:08:31,763 - Module(data_preprocessing):Line(176) INFO - All frames extracted.
2024-09-15 00:08:31,763 - Module(data_preprocessing):Line(177) INFO - Frame number: 144
2024-09-15 00:08:31,764 - Module(main):Line(91) INFO - Enhance frames...
2024-09-15 00:08:31,764 - Module(camera):Line(43) INFO - Grouping files in sets...
2024-09-15 00:08:31,764 - Module(camera):Line(48) INFO - Moving files to staging directory...
2024-09-15 00:08:31,765 - Module(camera):Line(52) INFO - Keeping every third file and removing the others...
2024-09-15 00:08:31,765 - Module(main):Line(72) INFO - Processing file /mnt/geosense/cameras/G5Bullet_07/mp4/File_013_G5Bullet_07_F4E2C678CCA0_2024-09-11_21_0.mp4...
2024-09-15 00:08:31,907 - Module(data_preprocessing):Line(132) INFO - Frame rate: 0.9890826663755364
2024-09-15 00:08:31,907 - Module(data_preprocessing):Line(133) INFO - Extracting frames from video '/mnt/geosense/cameras/G5Bullet_07/mp4/File_013_G5Bullet_07_F4E2C678CCA0_2024-09-11_21_0.mp4'...
2024-09-15 00:08:32,268 - Module(data_preprocessing):Line(169) INFO - Extracting frame 156...
2024-09-15 00:08:32,268 - Module(data_preprocessing):Line(173) INFO - Frame number internal: 118
2024-09-15 00:08:33,364 - Module(data_preprocessing):Line(169) INFO - Extracting frame 157...
2024-09-15 00:08:33,364 - Module(data_preprocessing):Line(173) INFO - Frame number internal: 236
2024-09-15 00:08:34,676 - Module(data_preprocessing):Line(169) INFO - Extracting frame 158...
2024-09-15 00:08:34,676 - Module(data_preprocessing):Line(173) INFO - Frame number internal: 354
2024-09-15 00:08:35,753 - Module(data_preprocessing):Line(169) INFO - Extracting frame 159...
2024-09-15 00:08:35,753 - Module(data_preprocessing):Line(173) INFO - Frame number internal: 472
2024-09-15 00:08:36,858 - Module(data_preprocessing):Line(169) INFO - Extracting frame 160...
2024-09-15 00:08:36,858 - Module(data_preprocessing):Line(173) INFO - Frame number internal: 590
2024-09-15 00:08:37,949 - Module(data_preprocessing):Line(169) INFO - Extracting frame 161...
2024-09-15 00:08:37,950 - Module(data_preprocessing):Line(173) INFO - Frame number internal: 708
2024-09-15 00:08:39,141 - Module(data_preprocessing):Line(169) INFO - Extracting frame 162...
2024-09-15 00:08:39,141 - Module(data_preprocessing):Line(173) INFO - Frame number internal: 826
2024-09-15 00:08:40,407 - Module(data_preprocessing):Line(169) INFO - Extracting frame 163...
2024-09-15 00:08:40,407 - Module(data_preprocessing):Line(173) INFO - Frame number internal: 944
2024-09-15 00:08:41,502 - Module(data_preprocessing):Line(169) INFO - Extracting frame 164...
2024-09-15 00:08:41,502 - Module(data_preprocessing):Line(173) INFO - Frame number internal: 1062
2024-09-15 00:08:42,709 - Module(data_preprocessing):Line(169) INFO - Extracting frame 165...
2024-09-15 00:08:42,709 - Module(data_preprocessing):Line(173) INFO - Frame number internal: 1180
2024-09-15 00:08:43,744 - Module(data_preprocessing):Line(169) INFO - Extracting frame 166...
2024-09-15 00:08:43,744 - Module(data_preprocessing):Line(173) INFO - Frame number internal: 1298
2024-09-15 00:08:44,908 - Module(data_preprocessing):Line(169) INFO - Extracting frame 167...
2024-09-15 00:08:44,908 - Module(data_preprocessing):Line(173) INFO - Frame number internal: 1416
2024-09-15 00:08:44,908 - Module(data_preprocessing):Line(154) INFO - Break: frame_number_internal exceeds total number of frames.
2024-09-15 00:08:44,941 - Module(data_preprocessing):Line(176) INFO - All frames extracted.
2024-09-15 00:08:44,941 - Module(data_preprocessing):Line(177) INFO - Frame number: 156
2024-09-15 00:08:44,942 - Module(main):Line(91) INFO - Enhance frames...
2024-09-15 00:08:44,942 - Module(camera):Line(43) INFO - Grouping files in sets...
2024-09-15 00:08:44,942 - Module(camera):Line(48) INFO - Moving files to staging directory...
2024-09-15 00:08:44,943 - Module(camera):Line(52) INFO - Keeping every third file and removing the others...
2024-09-15 00:08:44,943 - Module(main):Line(72) INFO - Processing file /mnt/geosense/cameras/G5Bullet_07/mp4/File_014_G5Bullet_07_F4E2C678CCA0_2024-09-11_22_0.mp4...
2024-09-15 00:08:45,092 - Module(data_preprocessing):Line(132) INFO - Frame rate: 0.9951064479884657
2024-09-15 00:08:45,092 - Module(data_preprocessing):Line(133) INFO - Extracting frames from video '/mnt/geosense/cameras/G5Bullet_07/mp4/File_014_G5Bullet_07_F4E2C678CCA0_2024-09-11_22_0.mp4'...
2024-09-15 00:08:45,456 - Module(data_preprocessing):Line(169) INFO - Extracting frame 168...
2024-09-15 00:08:45,456 - Module(data_preprocessing):Line(173) INFO - Frame number internal: 119
2024-09-15 00:08:46,542 - Module(data_preprocessing):Line(169) INFO - Extracting frame 169...
2024-09-15 00:08:46,542 - Module(data_preprocessing):Line(173) INFO - Frame number internal: 238
2024-09-15 00:08:47,713 - Module(data_preprocessing):Line(169) INFO - Extracting frame 170...
2024-09-15 00:08:47,713 - Module(data_preprocessing):Line(173) INFO - Frame number internal: 357
2024-09-15 00:08:48,883 - Module(data_preprocessing):Line(169) INFO - Extracting frame 171...
2024-09-15 00:08:48,883 - Module(data_preprocessing):Line(173) INFO - Frame number internal: 476
2024-09-15 00:08:50,020 - Module(data_preprocessing):Line(169) INFO - Extracting frame 172...
2024-09-15 00:08:50,020 - Module(data_preprocessing):Line(173) INFO - Frame number internal: 595
2024-09-15 00:08:51,075 - Module(data_preprocessing):Line(169) INFO - Extracting frame 173...
2024-09-15 00:08:51,075 - Module(data_preprocessing):Line(173) INFO - Frame number internal: 714
2024-09-15 00:08:52,054 - Module(data_preprocessing):Line(169) INFO - Extracting frame 174...
2024-09-15 00:08:52,055 - Module(data_preprocessing):Line(173) INFO - Frame number internal: 833
2024-09-15 00:08:53,274 - Module(data_preprocessing):Line(169) INFO - Extracting frame 175...
2024-09-15 00:08:53,275 - Module(data_preprocessing):Line(173) INFO - Frame number internal: 952
2024-09-15 00:08:54,451 - Module(data_preprocessing):Line(169) INFO - Extracting frame 176...
2024-09-15 00:08:54,452 - Module(data_preprocessing):Line(173) INFO - Frame number internal: 1071
2024-09-15 00:08:55,655 - Module(data_preprocessing):Line(169) INFO - Extracting frame 177...
2024-09-15 00:08:55,656 - Module(data_preprocessing):Line(173) INFO - Frame number internal: 1190
2024-09-15 00:08:56,860 - Module(data_preprocessing):Line(169) INFO - Extracting frame 178...
2024-09-15 00:08:56,860 - Module(data_preprocessing):Line(173) INFO - Frame number internal: 1309
2024-09-15 00:08:58,039 - Module(data_preprocessing):Line(169) INFO - Extracting frame 179...
2024-09-15 00:08:58,039 - Module(data_preprocessing):Line(173) INFO - Frame number internal: 1428
2024-09-15 00:08:58,039 - Module(data_preprocessing):Line(154) INFO - Break: frame_number_internal exceeds total number of frames.
2024-09-15 00:08:58,039 - Module(data_preprocessing):Line(176) INFO - All frames extracted.
2024-09-15 00:08:58,039 - Module(data_preprocessing):Line(177) INFO - Frame number: 168
2024-09-15 00:08:58,041 - Module(main):Line(91) INFO - Enhance frames...
2024-09-15 00:08:58,041 - Module(camera):Line(43) INFO - Grouping files in sets...
2024-09-15 00:08:58,041 - Module(camera):Line(48) INFO - Moving files to staging directory...
2024-09-15 00:08:58,041 - Module(camera):Line(52) INFO - Keeping every third file and removing the others...
2024-09-15 00:08:58,042 - Module(main):Line(72) INFO - Processing file /mnt/geosense/cameras/G5Bullet_07/mp4/File_015_G5Bullet_07_F4E2C678CCA0_2024-09-11_23_0.mp4...
2024-09-15 00:08:58,104 - Module(data_preprocessing):Line(132) INFO - Frame rate: 0.9950930769989382
2024-09-15 00:08:58,104 - Module(data_preprocessing):Line(133) INFO - Extracting frames from video '/mnt/geosense/cameras/G5Bullet_07/mp4/File_015_G5Bullet_07_F4E2C678CCA0_2024-09-11_23_0.mp4'...
2024-09-15 00:08:58,334 - Module(data_preprocessing):Line(169) INFO - Extracting frame 180...
2024-09-15 00:08:58,334 - Module(data_preprocessing):Line(173) INFO - Frame number internal: 119
2024-09-15 00:08:59,477 - Module(data_preprocessing):Line(169) INFO - Extracting frame 181...
2024-09-15 00:08:59,477 - Module(data_preprocessing):Line(173) INFO - Frame number internal: 238
2024-09-15 00:09:00,660 - Module(data_preprocessing):Line(169) INFO - Extracting frame 182...
2024-09-15 00:09:00,660 - Module(data_preprocessing):Line(173) INFO - Frame number internal: 357
2024-09-15 00:09:02,073 - Module(data_preprocessing):Line(169) INFO - Extracting frame 183...
2024-09-15 00:09:02,073 - Module(data_preprocessing):Line(173) INFO - Frame number internal: 476
2024-09-15 00:09:03,084 - Module(data_preprocessing):Line(169) INFO - Extracting frame 184...
2024-09-15 00:09:03,084 - Module(data_preprocessing):Line(173) INFO - Frame number internal: 595
2024-09-15 00:09:04,160 - Module(data_preprocessing):Line(169) INFO - Extracting frame 185...
2024-09-15 00:09:04,160 - Module(data_preprocessing):Line(173) INFO - Frame number internal: 714
2024-09-15 00:09:05,246 - Module(data_preprocessing):Line(169) INFO - Extracting frame 186...
2024-09-15 00:09:05,247 - Module(data_preprocessing):Line(173) INFO - Frame number internal: 833
2024-09-15 00:09:06,499 - Module(data_preprocessing):Line(169) INFO - Extracting frame 187...
2024-09-15 00:09:06,499 - Module(data_preprocessing):Line(173) INFO - Frame number internal: 952
2024-09-15 00:09:07,783 - Module(data_preprocessing):Line(169) INFO - Extracting frame 188...
2024-09-15 00:09:07,783 - Module(data_preprocessing):Line(173) INFO - Frame number internal: 1071
2024-09-15 00:09:09,028 - Module(data_preprocessing):Line(169) INFO - Extracting frame 189...
2024-09-15 00:09:09,028 - Module(data_preprocessing):Line(173) INFO - Frame number internal: 1190
2024-09-15 00:09:10,283 - Module(data_preprocessing):Line(169) INFO - Extracting frame 190...
2024-09-15 00:09:10,283 - Module(data_preprocessing):Line(173) INFO - Frame number internal: 1309
2024-09-15 00:09:10,283 - Module(data_preprocessing):Line(154) INFO - Break: frame_number_internal exceeds total number of frames.
2024-09-15 00:09:10,332 - Module(data_preprocessing):Line(176) INFO - All frames extracted.
2024-09-15 00:09:10,332 - Module(data_preprocessing):Line(177) INFO - Frame number: 180
2024-09-15 00:09:10,333 - Module(main):Line(91) INFO - Enhance frames...
2024-09-15 00:09:10,333 - Module(camera):Line(43) INFO - Grouping files in sets...
2024-09-15 00:09:10,333 - Module(camera):Line(48) INFO - Moving files to staging directory...
2024-09-15 00:09:10,334 - Module(camera):Line(52) INFO - Keeping every third file and removing the others...
2024-09-15 00:09:10,334 - Module(main):Line(72) INFO - Processing file /mnt/geosense/cameras/G5Bullet_07/mp4/File_016_G5Bullet_07_F4E2C678CCA0_2024-09-11_24_0.mp4...
2024-09-15 00:09:10,450 - Module(data_preprocessing):Line(132) INFO - Frame rate: 0.9898790698990872
2024-09-15 00:09:10,450 - Module(data_preprocessing):Line(133) INFO - Extracting frames from video '/mnt/geosense/cameras/G5Bullet_07/mp4/File_016_G5Bullet_07_F4E2C678CCA0_2024-09-11_24_0.mp4'...
2024-09-15 00:09:10,740 - Module(data_preprocessing):Line(169) INFO - Extracting frame 191...
2024-09-15 00:09:10,740 - Module(data_preprocessing):Line(173) INFO - Frame number internal: 118
2024-09-15 00:09:11,885 - Module(data_preprocessing):Line(169) INFO - Extracting frame 192...
2024-09-15 00:09:11,885 - Module(data_preprocessing):Line(173) INFO - Frame number internal: 236
2024-09-15 00:09:13,010 - Module(data_preprocessing):Line(169) INFO - Extracting frame 193...
2024-09-15 00:09:13,010 - Module(data_preprocessing):Line(173) INFO - Frame number internal: 354
2024-09-15 00:09:14,135 - Module(data_preprocessing):Line(169) INFO - Extracting frame 194...
2024-09-15 00:09:14,135 - Module(data_preprocessing):Line(173) INFO - Frame number internal: 472
2024-09-15 00:09:15,191 - Module(data_preprocessing):Line(169) INFO - Extracting frame 195...
2024-09-15 00:09:15,191 - Module(data_preprocessing):Line(173) INFO - Frame number internal: 590
2024-09-15 00:09:16,441 - Module(data_preprocessing):Line(169) INFO - Extracting frame 196...
2024-09-15 00:09:16,441 - Module(data_preprocessing):Line(173) INFO - Frame number internal: 708
2024-09-15 00:09:17,648 - Module(data_preprocessing):Line(169) INFO - Extracting frame 197...
2024-09-15 00:09:17,648 - Module(data_preprocessing):Line(173) INFO - Frame number internal: 826
2024-09-15 00:09:18,620 - Module(data_preprocessing):Line(169) INFO - Extracting frame 198...
2024-09-15 00:09:18,620 - Module(data_preprocessing):Line(173) INFO - Frame number internal: 944
2024-09-15 00:09:19,770 - Module(data_preprocessing):Line(169) INFO - Extracting frame 199...
2024-09-15 00:09:19,770 - Module(data_preprocessing):Line(173) INFO - Frame number internal: 1062
2024-09-15 00:09:20,723 - Module(data_preprocessing):Line(169) INFO - Extracting frame 200...
2024-09-15 00:09:20,724 - Module(data_preprocessing):Line(173) INFO - Frame number internal: 1180
2024-09-15 00:09:21,937 - Module(data_preprocessing):Line(169) INFO - Extracting frame 201...
2024-09-15 00:09:21,937 - Module(data_preprocessing):Line(173) INFO - Frame number internal: 1298
2024-09-15 00:09:23,034 - Module(data_preprocessing):Line(169) INFO - Extracting frame 202...
2024-09-15 00:09:23,034 - Module(data_preprocessing):Line(173) INFO - Frame number internal: 1416
2024-09-15 00:09:23,034 - Module(data_preprocessing):Line(154) INFO - Break: frame_number_internal exceeds total number of frames.
2024-09-15 00:09:23,073 - Module(data_preprocessing):Line(176) INFO - All frames extracted.
2024-09-15 00:09:23,074 - Module(data_preprocessing):Line(177) INFO - Frame number: 191
2024-09-15 00:09:23,075 - Module(main):Line(91) INFO - Enhance frames...
2024-09-15 00:09:23,075 - Module(camera):Line(43) INFO - Grouping files in sets...
2024-09-15 00:09:23,075 - Module(camera):Line(48) INFO - Moving files to staging directory...
2024-09-15 00:09:23,075 - Module(camera):Line(52) INFO - Keeping every third file and removing the others...
2024-09-15 00:09:23,076 - Module(main):Line(72) INFO - Processing file /mnt/geosense/cameras/G5Bullet_07/mp4/File_017_G5Bullet_07_F4E2C678CCA0_2024-09-11_25_0.mp4...
2024-09-15 00:09:23,224 - Module(data_preprocessing):Line(132) INFO - Frame rate: 0.9927874753597785
2024-09-15 00:09:23,224 - Module(data_preprocessing):Line(133) INFO - Extracting frames from video '/mnt/geosense/cameras/G5Bullet_07/mp4/File_017_G5Bullet_07_F4E2C678CCA0_2024-09-11_25_0.mp4'...
2024-09-15 00:09:23,607 - Module(data_preprocessing):Line(169) INFO - Extracting frame 203...
2024-09-15 00:09:23,607 - Module(data_preprocessing):Line(173) INFO - Frame number internal: 119
2024-09-15 00:09:25,004 - Module(data_preprocessing):Line(169) INFO - Extracting frame 204...
2024-09-15 00:09:25,004 - Module(data_preprocessing):Line(173) INFO - Frame number internal: 238
2024-09-15 00:09:26,195 - Module(data_preprocessing):Line(169) INFO - Extracting frame 205...
2024-09-15 00:09:26,195 - Module(data_preprocessing):Line(173) INFO - Frame number internal: 357
2024-09-15 00:09:27,479 - Module(data_preprocessing):Line(169) INFO - Extracting frame 206...
2024-09-15 00:09:27,479 - Module(data_preprocessing):Line(173) INFO - Frame number internal: 476
2024-09-15 00:09:28,875 - Module(data_preprocessing):Line(169) INFO - Extracting frame 207...
2024-09-15 00:09:28,875 - Module(data_preprocessing):Line(173) INFO - Frame number internal: 595
2024-09-15 00:09:30,077 - Module(data_preprocessing):Line(169) INFO - Extracting frame 208...
2024-09-15 00:09:30,077 - Module(data_preprocessing):Line(173) INFO - Frame number internal: 714
2024-09-15 00:09:31,311 - Module(data_preprocessing):Line(169) INFO - Extracting frame 209...
2024-09-15 00:09:31,311 - Module(data_preprocessing):Line(173) INFO - Frame number internal: 833
2024-09-15 00:09:32,456 - Module(data_preprocessing):Line(169) INFO - Extracting frame 210...
2024-09-15 00:09:32,456 - Module(data_preprocessing):Line(173) INFO - Frame number internal: 952
2024-09-15 00:09:33,436 - Module(data_preprocessing):Line(169) INFO - Extracting frame 211...
2024-09-15 00:09:33,436 - Module(data_preprocessing):Line(173) INFO - Frame number internal: 1071
2024-09-15 00:09:34,621 - Module(data_preprocessing):Line(169) INFO - Extracting frame 212...
2024-09-15 00:09:34,621 - Module(data_preprocessing):Line(173) INFO - Frame number internal: 1190
2024-09-15 00:09:35,769 - Module(data_preprocessing):Line(169) INFO - Extracting frame 213...
2024-09-15 00:09:35,769 - Module(data_preprocessing):Line(173) INFO - Frame number internal: 1309
2024-09-15 00:09:35,769 - Module(data_preprocessing):Line(154) INFO - Break: frame_number_internal exceeds total number of frames.
2024-09-15 00:09:35,770 - Module(data_preprocessing):Line(176) INFO - All frames extracted.
2024-09-15 00:09:35,770 - Module(data_preprocessing):Line(177) INFO - Frame number: 203
2024-09-15 00:09:35,771 - Module(main):Line(91) INFO - Enhance frames...
2024-09-15 00:09:35,771 - Module(camera):Line(43) INFO - Grouping files in sets...
2024-09-15 00:09:35,771 - Module(camera):Line(48) INFO - Moving files to staging directory...
2024-09-15 00:09:35,772 - Module(camera):Line(52) INFO - Keeping every third file and removing the others...
2024-09-15 00:09:35,772 - Module(main):Line(72) INFO - Processing file /mnt/geosense/cameras/G5Bullet_07/mp4/File_018_G5Bullet_07_F4E2C678CCA0_2024-09-11_26_0.mp4...
2024-09-15 00:09:35,840 - Module(data_preprocessing):Line(132) INFO - Frame rate: 0.9828221219263035
2024-09-15 00:09:35,840 - Module(data_preprocessing):Line(133) INFO - Extracting frames from video '/mnt/geosense/cameras/G5Bullet_07/mp4/File_018_G5Bullet_07_F4E2C678CCA0_2024-09-11_26_0.mp4'...
2024-09-15 00:09:36,093 - Module(data_preprocessing):Line(169) INFO - Extracting frame 214...
2024-09-15 00:09:36,093 - Module(data_preprocessing):Line(173) INFO - Frame number internal: 117
2024-09-15 00:09:37,318 - Module(data_preprocessing):Line(169) INFO - Extracting frame 215...
2024-09-15 00:09:37,319 - Module(data_preprocessing):Line(173) INFO - Frame number internal: 234
2024-09-15 00:09:38,451 - Module(data_preprocessing):Line(169) INFO - Extracting frame 216...
2024-09-15 00:09:38,451 - Module(data_preprocessing):Line(173) INFO - Frame number internal: 351
2024-09-15 00:09:39,704 - Module(data_preprocessing):Line(169) INFO - Extracting frame 217...
2024-09-15 00:09:39,704 - Module(data_preprocessing):Line(173) INFO - Frame number internal: 468
2024-09-15 00:09:40,934 - Module(data_preprocessing):Line(169) INFO - Extracting frame 218...
2024-09-15 00:09:40,934 - Module(data_preprocessing):Line(173) INFO - Frame number internal: 585
2024-09-15 00:09:42,118 - Module(data_preprocessing):Line(169) INFO - Extracting frame 219...
2024-09-15 00:09:42,118 - Module(data_preprocessing):Line(173) INFO - Frame number internal: 702
2024-09-15 00:09:43,277 - Module(data_preprocessing):Line(169) INFO - Extracting frame 220...
2024-09-15 00:09:43,278 - Module(data_preprocessing):Line(173) INFO - Frame number internal: 819
2024-09-15 00:09:44,374 - Module(data_preprocessing):Line(169) INFO - Extracting frame 221...
2024-09-15 00:09:44,374 - Module(data_preprocessing):Line(173) INFO - Frame number internal: 936
2024-09-15 00:09:45,633 - Module(data_preprocessing):Line(169) INFO - Extracting frame 222...
2024-09-15 00:09:45,633 - Module(data_preprocessing):Line(173) INFO - Frame number internal: 1053
2024-09-15 00:09:46,669 - Module(data_preprocessing):Line(169) INFO - Extracting frame 223...
2024-09-15 00:09:46,669 - Module(data_preprocessing):Line(173) INFO - Frame number internal: 1170
2024-09-15 00:09:47,934 - Module(data_preprocessing):Line(169) INFO - Extracting frame 224...
2024-09-15 00:09:47,934 - Module(data_preprocessing):Line(173) INFO - Frame number internal: 1287
2024-09-15 00:09:47,934 - Module(data_preprocessing):Line(154) INFO - Break: frame_number_internal exceeds total number of frames.
2024-09-15 00:09:47,978 - Module(data_preprocessing):Line(176) INFO - All frames extracted.
2024-09-15 00:09:47,978 - Module(data_preprocessing):Line(177) INFO - Frame number: 214
2024-09-15 00:09:47,979 - Module(main):Line(91) INFO - Enhance frames...
2024-09-15 00:09:47,979 - Module(camera):Line(43) INFO - Grouping files in sets...
2024-09-15 00:09:47,979 - Module(camera):Line(48) INFO - Moving files to staging directory...
2024-09-15 00:09:47,979 - Module(camera):Line(52) INFO - Keeping every third file and removing the others...
2024-09-15 00:09:47,980 - Module(main):Line(72) INFO - Processing file /mnt/geosense/cameras/G5Bullet_07/mp4/File_019_G5Bullet_07_F4E2C678CCA0_2024-09-11_27_0.mp4...
2024-09-15 00:09:48,116 - Module(data_preprocessing):Line(132) INFO - Frame rate: 0.9896933454349274
2024-09-15 00:09:48,116 - Module(data_preprocessing):Line(133) INFO - Extracting frames from video '/mnt/geosense/cameras/G5Bullet_07/mp4/File_019_G5Bullet_07_F4E2C678CCA0_2024-09-11_27_0.mp4'...
2024-09-15 00:09:48,461 - Module(data_preprocessing):Line(169) INFO - Extracting frame 225...
2024-09-15 00:09:48,462 - Module(data_preprocessing):Line(173) INFO - Frame number internal: 118
2024-09-15 00:09:49,712 - Module(data_preprocessing):Line(169) INFO - Extracting frame 226...
2024-09-15 00:09:49,712 - Module(data_preprocessing):Line(173) INFO - Frame number internal: 236
2024-09-15 00:09:50,882 - Module(data_preprocessing):Line(169) INFO - Extracting frame 227...
2024-09-15 00:09:50,882 - Module(data_preprocessing):Line(173) INFO - Frame number internal: 354
2024-09-15 00:09:52,130 - Module(data_preprocessing):Line(169) INFO - Extracting frame 228...
2024-09-15 00:09:52,131 - Module(data_preprocessing):Line(173) INFO - Frame number internal: 472
2024-09-15 00:09:53,163 - Module(data_preprocessing):Line(169) INFO - Extracting frame 229...
2024-09-15 00:09:53,163 - Module(data_preprocessing):Line(173) INFO - Frame number internal: 590
2024-09-15 00:09:54,114 - Module(data_preprocessing):Line(169) INFO - Extracting frame 230...
2024-09-15 00:09:54,114 - Module(data_preprocessing):Line(173) INFO - Frame number internal: 708
2024-09-15 00:09:55,326 - Module(data_preprocessing):Line(169) INFO - Extracting frame 231...
2024-09-15 00:09:55,326 - Module(data_preprocessing):Line(173) INFO - Frame number internal: 826
2024-09-15 00:09:56,601 - Module(data_preprocessing):Line(169) INFO - Extracting frame 232...
2024-09-15 00:09:56,601 - Module(data_preprocessing):Line(173) INFO - Frame number internal: 944
2024-09-15 00:09:57,756 - Module(data_preprocessing):Line(169) INFO - Extracting frame 233...
2024-09-15 00:09:57,756 - Module(data_preprocessing):Line(173) INFO - Frame number internal: 1062
2024-09-15 00:09:58,922 - Module(data_preprocessing):Line(169) INFO - Extracting frame 234...
2024-09-15 00:09:58,922 - Module(data_preprocessing):Line(173) INFO - Frame number internal: 1180
2024-09-15 00:10:00,113 - Module(data_preprocessing):Line(169) INFO - Extracting frame 235...
2024-09-15 00:10:00,113 - Module(data_preprocessing):Line(173) INFO - Frame number internal: 1298
2024-09-15 00:10:00,113 - Module(data_preprocessing):Line(154) INFO - Break: frame_number_internal exceeds total number of frames.
2024-09-15 00:10:00,113 - Module(data_preprocessing):Line(176) INFO - All frames extracted.
2024-09-15 00:10:00,113 - Module(data_preprocessing):Line(177) INFO - Frame number: 225
2024-09-15 00:10:00,115 - Module(main):Line(91) INFO - Enhance frames...
2024-09-15 00:10:00,115 - Module(camera):Line(43) INFO - Grouping files in sets...
2024-09-15 00:10:00,115 - Module(camera):Line(48) INFO - Moving files to staging directory...
2024-09-15 00:10:00,115 - Module(camera):Line(52) INFO - Keeping every third file and removing the others...
2024-09-15 00:10:00,116 - Module(main):Line(72) INFO - Processing file /mnt/geosense/cameras/G5Bullet_07/mp4/File_020_G5Bullet_07_F4E2C678CCA0_2024-09-11_28_0.mp4...
2024-09-15 00:10:00,241 - Module(data_preprocessing):Line(132) INFO - Frame rate: 0.9837163752998077
2024-09-15 00:10:00,241 - Module(data_preprocessing):Line(133) INFO - Extracting frames from video '/mnt/geosense/cameras/G5Bullet_07/mp4/File_020_G5Bullet_07_F4E2C678CCA0_2024-09-11_28_0.mp4'...
2024-09-15 00:10:00,630 - Module(data_preprocessing):Line(169) INFO - Extracting frame 236...
2024-09-15 00:10:00,630 - Module(data_preprocessing):Line(173) INFO - Frame number internal: 118
2024-09-15 00:10:02,584 - Module(data_preprocessing):Line(169) INFO - Extracting frame 237...
2024-09-15 00:10:02,584 - Module(data_preprocessing):Line(173) INFO - Frame number internal: 236
2024-09-15 00:10:05,649 - Module(data_preprocessing):Line(169) INFO - Extracting frame 238...
2024-09-15 00:10:05,674 - Module(data_preprocessing):Line(173) INFO - Frame number internal: 354
2024-09-15 00:10:08,703 - Module(data_preprocessing):Line(169) INFO - Extracting frame 239...
2024-09-15 00:10:08,703 - Module(data_preprocessing):Line(173) INFO - Frame number internal: 472
2024-09-15 00:10:10,940 - Module(data_preprocessing):Line(169) INFO - Extracting frame 240...
2024-09-15 00:10:10,945 - Module(data_preprocessing):Line(173) INFO - Frame number internal: 590
2024-09-15 00:10:13,412 - Module(data_preprocessing):Line(169) INFO - Extracting frame 241...
2024-09-15 00:10:13,412 - Module(data_preprocessing):Line(173) INFO - Frame number internal: 708
2024-09-15 00:10:16,092 - Module(data_preprocessing):Line(169) INFO - Extracting frame 242...
2024-09-15 00:10:16,102 - Module(data_preprocessing):Line(173) INFO - Frame number internal: 826
2024-09-15 00:10:18,494 - Module(data_preprocessing):Line(169) INFO - Extracting frame 243...
2024-09-15 00:10:18,494 - Module(data_preprocessing):Line(173) INFO - Frame number internal: 944
2024-09-15 00:10:20,895 - Module(data_preprocessing):Line(169) INFO - Extracting frame 244...
2024-09-15 00:10:20,895 - Module(data_preprocessing):Line(173) INFO - Frame number internal: 1062
2024-09-15 00:10:23,015 - Module(data_preprocessing):Line(169) INFO - Extracting frame 245...
2024-09-15 00:10:23,016 - Module(data_preprocessing):Line(173) INFO - Frame number internal: 1180
2024-09-15 00:10:25,753 - Module(data_preprocessing):Line(169) INFO - Extracting frame 246...
2024-09-15 00:10:25,754 - Module(data_preprocessing):Line(173) INFO - Frame number internal: 1298
2024-09-15 00:10:25,754 - Module(data_preprocessing):Line(154) INFO - Break: frame_number_internal exceeds total number of frames.
2024-09-15 00:10:25,816 - Module(data_preprocessing):Line(176) INFO - All frames extracted.
2024-09-15 00:10:25,816 - Module(data_preprocessing):Line(177) INFO - Frame number: 236
2024-09-15 00:10:25,817 - Module(main):Line(91) INFO - Enhance frames...
2024-09-15 00:10:25,817 - Module(camera):Line(43) INFO - Grouping files in sets...
2024-09-15 00:10:25,818 - Module(camera):Line(48) INFO - Moving files to staging directory...
2024-09-15 00:10:25,818 - Module(camera):Line(52) INFO - Keeping every third file and removing the others...
2024-09-15 00:10:25,818 - Module(main):Line(72) INFO - Processing file /mnt/geosense/cameras/G5Bullet_07/mp4/File_021_G5Bullet_07_F4E2C678CCA0_2024-09-11_29_0.mp4...
2024-09-15 00:10:26,120 - Module(data_preprocessing):Line(132) INFO - Frame rate: 0.9973146778185416
2024-09-15 00:10:26,120 - Module(data_preprocessing):Line(133) INFO - Extracting frames from video '/mnt/geosense/cameras/G5Bullet_07/mp4/File_021_G5Bullet_07_F4E2C678CCA0_2024-09-11_29_0.mp4'...
2024-09-15 00:10:26,786 - Module(data_preprocessing):Line(169) INFO - Extracting frame 247...
2024-09-15 00:10:26,786 - Module(data_preprocessing):Line(173) INFO - Frame number internal: 119
2024-09-15 00:10:29,212 - Module(data_preprocessing):Line(169) INFO - Extracting frame 248...
2024-09-15 00:10:29,212 - Module(data_preprocessing):Line(173) INFO - Frame number internal: 238
2024-09-15 00:10:31,785 - Module(data_preprocessing):Line(169) INFO - Extracting frame 249...
2024-09-15 00:10:31,785 - Module(data_preprocessing):Line(173) INFO - Frame number internal: 357
2024-09-15 00:10:34,609 - Module(data_preprocessing):Line(169) INFO - Extracting frame 250...
2024-09-15 00:10:34,610 - Module(data_preprocessing):Line(173) INFO - Frame number internal: 476
2024-09-15 00:10:36,649 - Module(data_preprocessing):Line(169) INFO - Extracting frame 251...
2024-09-15 00:10:36,649 - Module(data_preprocessing):Line(173) INFO - Frame number internal: 595
2024-09-15 00:10:39,242 - Module(data_preprocessing):Line(169) INFO - Extracting frame 252...
2024-09-15 00:10:39,242 - Module(data_preprocessing):Line(173) INFO - Frame number internal: 714
2024-09-15 00:10:40,961 - Module(data_preprocessing):Line(169) INFO - Extracting frame 253...
2024-09-15 00:10:40,961 - Module(data_preprocessing):Line(173) INFO - Frame number internal: 833
2024-09-15 00:10:42,179 - Module(data_preprocessing):Line(169) INFO - Extracting frame 254...
2024-09-15 00:10:42,180 - Module(data_preprocessing):Line(173) INFO - Frame number internal: 952
2024-09-15 00:10:43,331 - Module(data_preprocessing):Line(169) INFO - Extracting frame 255...
2024-09-15 00:10:43,331 - Module(data_preprocessing):Line(173) INFO - Frame number internal: 1071
2024-09-15 00:10:44,551 - Module(data_preprocessing):Line(169) INFO - Extracting frame 256...
2024-09-15 00:10:44,551 - Module(data_preprocessing):Line(173) INFO - Frame number internal: 1190
2024-09-15 00:10:45,686 - Module(data_preprocessing):Line(169) INFO - Extracting frame 257...
2024-09-15 00:10:45,687 - Module(data_preprocessing):Line(173) INFO - Frame number internal: 1309
2024-09-15 00:10:45,687 - Module(data_preprocessing):Line(154) INFO - Break: frame_number_internal exceeds total number of frames.
2024-09-15 00:10:45,687 - Module(data_preprocessing):Line(176) INFO - All frames extracted.
2024-09-15 00:10:45,687 - Module(data_preprocessing):Line(177) INFO - Frame number: 247
2024-09-15 00:10:45,688 - Module(main):Line(91) INFO - Enhance frames...
2024-09-15 00:10:45,688 - Module(camera):Line(43) INFO - Grouping files in sets...
2024-09-15 00:10:45,689 - Module(camera):Line(48) INFO - Moving files to staging directory...
2024-09-15 00:10:45,689 - Module(camera):Line(52) INFO - Keeping every third file and removing the others...
2024-09-15 00:10:45,689 - Module(main):Line(72) INFO - Processing file /mnt/geosense/cameras/G5Bullet_07/mp4/File_022_G5Bullet_07_F4E2C678CCA0_2024-09-11_30_0.mp4...
2024-09-15 00:10:45,830 - Module(data_preprocessing):Line(132) INFO - Frame rate: 0.9943084340513246
2024-09-15 00:10:45,830 - Module(data_preprocessing):Line(133) INFO - Extracting frames from video '/mnt/geosense/cameras/G5Bullet_07/mp4/File_022_G5Bullet_07_F4E2C678CCA0_2024-09-11_30_0.mp4'...
2024-09-15 00:10:46,179 - Module(data_preprocessing):Line(169) INFO - Extracting frame 258...
2024-09-15 00:10:46,180 - Module(data_preprocessing):Line(173) INFO - Frame number internal: 119
2024-09-15 00:10:47,462 - Module(data_preprocessing):Line(169) INFO - Extracting frame 259...
2024-09-15 00:10:47,462 - Module(data_preprocessing):Line(173) INFO - Frame number internal: 238
2024-09-15 00:10:48,487 - Module(data_preprocessing):Line(169) INFO - Extracting frame 260...
2024-09-15 00:10:48,488 - Module(data_preprocessing):Line(173) INFO - Frame number internal: 357
2024-09-15 00:10:49,725 - Module(data_preprocessing):Line(169) INFO - Extracting frame 261...
2024-09-15 00:10:49,725 - Module(data_preprocessing):Line(173) INFO - Frame number internal: 476
2024-09-15 00:10:50,917 - Module(data_preprocessing):Line(169) INFO - Extracting frame 262...
2024-09-15 00:10:50,918 - Module(data_preprocessing):Line(173) INFO - Frame number internal: 595
2024-09-15 00:10:52,146 - Module(data_preprocessing):Line(169) INFO - Extracting frame 263...
2024-09-15 00:10:52,146 - Module(data_preprocessing):Line(173) INFO - Frame number internal: 714
2024-09-15 00:10:53,488 - Module(data_preprocessing):Line(169) INFO - Extracting frame 264...
2024-09-15 00:10:53,488 - Module(data_preprocessing):Line(173) INFO - Frame number internal: 833
2024-09-15 00:10:54,744 - Module(data_preprocessing):Line(169) INFO - Extracting frame 265...
2024-09-15 00:10:54,744 - Module(data_preprocessing):Line(173) INFO - Frame number internal: 952
2024-09-15 00:10:55,849 - Module(data_preprocessing):Line(169) INFO - Extracting frame 266...
2024-09-15 00:10:55,850 - Module(data_preprocessing):Line(173) INFO - Frame number internal: 1071
2024-09-15 00:10:56,942 - Module(data_preprocessing):Line(169) INFO - Extracting frame 267...
2024-09-15 00:10:56,942 - Module(data_preprocessing):Line(173) INFO - Frame number internal: 1190
2024-09-15 00:10:57,981 - Module(data_preprocessing):Line(169) INFO - Extracting frame 268...
2024-09-15 00:10:57,981 - Module(data_preprocessing):Line(173) INFO - Frame number internal: 1309
2024-09-15 00:10:57,981 - Module(data_preprocessing):Line(154) INFO - Break: frame_number_internal exceeds total number of frames.
2024-09-15 00:10:58,026 - Module(data_preprocessing):Line(176) INFO - All frames extracted.
2024-09-15 00:10:58,026 - Module(data_preprocessing):Line(177) INFO - Frame number: 258
2024-09-15 00:10:58,028 - Module(main):Line(91) INFO - Enhance frames...
2024-09-15 00:10:58,028 - Module(camera):Line(43) INFO - Grouping files in sets...
2024-09-15 00:10:58,028 - Module(camera):Line(48) INFO - Moving files to staging directory...
2024-09-15 00:10:58,028 - Module(camera):Line(52) INFO - Keeping every third file and removing the others...
2024-09-15 00:10:58,029 - Module(main):Line(72) INFO - Processing file /mnt/geosense/cameras/G5Bullet_07/mp4/File_023_G5Bullet_07_F4E2C678CCA0_2024-09-11_31_0.mp4...
2024-09-15 00:10:58,127 - Module(data_preprocessing):Line(132) INFO - Frame rate: 0.9912483866380024
2024-09-15 00:10:58,127 - Module(data_preprocessing):Line(133) INFO - Extracting frames from video '/mnt/geosense/cameras/G5Bullet_07/mp4/File_023_G5Bullet_07_F4E2C678CCA0_2024-09-11_31_0.mp4'...
2024-09-15 00:10:58,401 - Module(data_preprocessing):Line(169) INFO - Extracting frame 269...
2024-09-15 00:10:58,402 - Module(data_preprocessing):Line(173) INFO - Frame number internal: 118
2024-09-15 00:10:59,660 - Module(data_preprocessing):Line(169) INFO - Extracting frame 270...
2024-09-15 00:10:59,660 - Module(data_preprocessing):Line(173) INFO - Frame number internal: 236
2024-09-15 00:11:00,817 - Module(data_preprocessing):Line(169) INFO - Extracting frame 271...
2024-09-15 00:11:00,817 - Module(data_preprocessing):Line(173) INFO - Frame number internal: 354
2024-09-15 00:11:02,042 - Module(data_preprocessing):Line(169) INFO - Extracting frame 272...
2024-09-15 00:11:02,043 - Module(data_preprocessing):Line(173) INFO - Frame number internal: 472
2024-09-15 00:11:03,169 - Module(data_preprocessing):Line(169) INFO - Extracting frame 273...
2024-09-15 00:11:03,169 - Module(data_preprocessing):Line(173) INFO - Frame number internal: 590
2024-09-15 00:11:04,395 - Module(data_preprocessing):Line(169) INFO - Extracting frame 274...
2024-09-15 00:11:04,395 - Module(data_preprocessing):Line(173) INFO - Frame number internal: 708
2024-09-15 00:11:05,618 - Module(data_preprocessing):Line(169) INFO - Extracting frame 275...
2024-09-15 00:11:05,618 - Module(data_preprocessing):Line(173) INFO - Frame number internal: 826
2024-09-15 00:11:06,784 - Module(data_preprocessing):Line(169) INFO - Extracting frame 276...
2024-09-15 00:11:06,784 - Module(data_preprocessing):Line(173) INFO - Frame number internal: 944
2024-09-15 00:11:08,075 - Module(data_preprocessing):Line(169) INFO - Extracting frame 277...
2024-09-15 00:11:08,075 - Module(data_preprocessing):Line(173) INFO - Frame number internal: 1062
2024-09-15 00:11:09,294 - Module(data_preprocessing):Line(169) INFO - Extracting frame 278...
2024-09-15 00:11:09,294 - Module(data_preprocessing):Line(173) INFO - Frame number internal: 1180
2024-09-15 00:11:10,403 - Module(data_preprocessing):Line(169) INFO - Extracting frame 279...
2024-09-15 00:11:10,403 - Module(data_preprocessing):Line(173) INFO - Frame number internal: 1298
2024-09-15 00:11:10,403 - Module(data_preprocessing):Line(154) INFO - Break: frame_number_internal exceeds total number of frames.
2024-09-15 00:11:10,480 - Module(data_preprocessing):Line(176) INFO - All frames extracted.
2024-09-15 00:11:10,480 - Module(data_preprocessing):Line(177) INFO - Frame number: 269
2024-09-15 00:11:10,482 - Module(main):Line(91) INFO - Enhance frames...
2024-09-15 00:11:10,482 - Module(camera):Line(43) INFO - Grouping files in sets...
2024-09-15 00:11:10,482 - Module(camera):Line(48) INFO - Moving files to staging directory...
2024-09-15 00:11:10,482 - Module(camera):Line(52) INFO - Keeping every third file and removing the others...
2024-09-15 00:11:10,483 - Module(main):Line(72) INFO - Processing file /mnt/geosense/cameras/G5Bullet_07/mp4/File_024_G5Bullet_07_F4E2C678CCA0_2024-09-11_32_0.mp4...
2024-09-15 00:11:10,625 - Module(data_preprocessing):Line(132) INFO - Frame rate: 0.990526961102331
2024-09-15 00:11:10,626 - Module(data_preprocessing):Line(133) INFO - Extracting frames from video '/mnt/geosense/cameras/G5Bullet_07/mp4/File_024_G5Bullet_07_F4E2C678CCA0_2024-09-11_32_0.mp4'...
2024-09-15 00:11:10,971 - Module(data_preprocessing):Line(169) INFO - Extracting frame 280...
2024-09-15 00:11:10,971 - Module(data_preprocessing):Line(173) INFO - Frame number internal: 118
2024-09-15 00:11:12,185 - Module(data_preprocessing):Line(169) INFO - Extracting frame 281...
2024-09-15 00:11:12,185 - Module(data_preprocessing):Line(173) INFO - Frame number internal: 236
2024-09-15 00:11:13,210 - Module(data_preprocessing):Line(169) INFO - Extracting frame 282...
2024-09-15 00:11:13,210 - Module(data_preprocessing):Line(173) INFO - Frame number internal: 354
2024-09-15 00:11:14,481 - Module(data_preprocessing):Line(169) INFO - Extracting frame 283...
2024-09-15 00:11:14,481 - Module(data_preprocessing):Line(173) INFO - Frame number internal: 472
2024-09-15 00:11:15,599 - Module(data_preprocessing):Line(169) INFO - Extracting frame 284...
2024-09-15 00:11:15,599 - Module(data_preprocessing):Line(173) INFO - Frame number internal: 590
2024-09-15 00:11:16,777 - Module(data_preprocessing):Line(169) INFO - Extracting frame 285...
2024-09-15 00:11:16,778 - Module(data_preprocessing):Line(173) INFO - Frame number internal: 708
2024-09-15 00:11:17,909 - Module(data_preprocessing):Line(169) INFO - Extracting frame 286...
2024-09-15 00:11:17,909 - Module(data_preprocessing):Line(173) INFO - Frame number internal: 826
2024-09-15 00:11:19,318 - Module(data_preprocessing):Line(169) INFO - Extracting frame 287...
2024-09-15 00:11:19,318 - Module(data_preprocessing):Line(173) INFO - Frame number internal: 944
2024-09-15 00:11:20,508 - Module(data_preprocessing):Line(169) INFO - Extracting frame 288...
2024-09-15 00:11:20,509 - Module(data_preprocessing):Line(173) INFO - Frame number internal: 1062
2024-09-15 00:11:21,629 - Module(data_preprocessing):Line(169) INFO - Extracting frame 289...
2024-09-15 00:11:21,629 - Module(data_preprocessing):Line(173) INFO - Frame number internal: 1180
2024-09-15 00:11:22,897 - Module(data_preprocessing):Line(169) INFO - Extracting frame 290...
2024-09-15 00:11:22,897 - Module(data_preprocessing):Line(173) INFO - Frame number internal: 1298
2024-09-15 00:11:24,066 - Module(data_preprocessing):Line(169) INFO - Extracting frame 291...
2024-09-15 00:11:24,066 - Module(data_preprocessing):Line(173) INFO - Frame number internal: 1416
2024-09-15 00:11:24,066 - Module(data_preprocessing):Line(154) INFO - Break: frame_number_internal exceeds total number of frames.
2024-09-15 00:11:24,083 - Module(data_preprocessing):Line(176) INFO - All frames extracted.
2024-09-15 00:11:24,084 - Module(data_preprocessing):Line(177) INFO - Frame number: 280
2024-09-15 00:11:24,085 - Module(main):Line(91) INFO - Enhance frames...
2024-09-15 00:11:24,085 - Module(camera):Line(43) INFO - Grouping files in sets...
2024-09-15 00:11:24,085 - Module(camera):Line(48) INFO - Moving files to staging directory...
2024-09-15 00:11:24,086 - Module(camera):Line(52) INFO - Keeping every third file and removing the others...
2024-09-15 00:11:24,086 - Module(main):Line(72) INFO - Processing file /mnt/geosense/cameras/G5Bullet_07/mp4/File_025_G5Bullet_07_F4E2C678CCA0_2024-09-11_33_0.mp4...
2024-09-15 00:11:24,158 - Module(data_preprocessing):Line(132) INFO - Frame rate: 0.9874910680988075
2024-09-15 00:11:24,158 - Module(data_preprocessing):Line(133) INFO - Extracting frames from video '/mnt/geosense/cameras/G5Bullet_07/mp4/File_025_G5Bullet_07_F4E2C678CCA0_2024-09-11_33_0.mp4'...
2024-09-15 00:11:24,361 - Module(data_preprocessing):Line(169) INFO - Extracting frame 292...
2024-09-15 00:11:24,361 - Module(data_preprocessing):Line(173) INFO - Frame number internal: 118
2024-09-15 00:11:25,507 - Module(data_preprocessing):Line(169) INFO - Extracting frame 293...
2024-09-15 00:11:25,507 - Module(data_preprocessing):Line(173) INFO - Frame number internal: 236
2024-09-15 00:11:26,764 - Module(data_preprocessing):Line(169) INFO - Extracting frame 294...
2024-09-15 00:11:26,764 - Module(data_preprocessing):Line(173) INFO - Frame number internal: 354
2024-09-15 00:11:27,863 - Module(data_preprocessing):Line(169) INFO - Extracting frame 295...
2024-09-15 00:11:27,863 - Module(data_preprocessing):Line(173) INFO - Frame number internal: 472
2024-09-15 00:11:29,207 - Module(data_preprocessing):Line(169) INFO - Extracting frame 296...
2024-09-15 00:11:29,207 - Module(data_preprocessing):Line(173) INFO - Frame number internal: 590
2024-09-15 00:11:30,316 - Module(data_preprocessing):Line(169) INFO - Extracting frame 297...
2024-09-15 00:11:30,316 - Module(data_preprocessing):Line(173) INFO - Frame number internal: 708
2024-09-15 00:11:31,402 - Module(data_preprocessing):Line(169) INFO - Extracting frame 298...
2024-09-15 00:11:31,402 - Module(data_preprocessing):Line(173) INFO - Frame number internal: 826
2024-09-15 00:11:32,500 - Module(data_preprocessing):Line(169) INFO - Extracting frame 299...
2024-09-15 00:11:32,500 - Module(data_preprocessing):Line(173) INFO - Frame number internal: 944
2024-09-15 00:11:33,561 - Module(data_preprocessing):Line(169) INFO - Extracting frame 300...
2024-09-15 00:11:33,561 - Module(data_preprocessing):Line(173) INFO - Frame number internal: 1062
2024-09-15 00:11:34,805 - Module(data_preprocessing):Line(169) INFO - Extracting frame 301...
2024-09-15 00:11:34,805 - Module(data_preprocessing):Line(173) INFO - Frame number internal: 1180
2024-09-15 00:11:35,948 - Module(data_preprocessing):Line(169) INFO - Extracting frame 302...
2024-09-15 00:11:35,948 - Module(data_preprocessing):Line(173) INFO - Frame number internal: 1298
2024-09-15 00:11:35,948 - Module(data_preprocessing):Line(154) INFO - Break: frame_number_internal exceeds total number of frames.
2024-09-15 00:11:35,978 - Module(data_preprocessing):Line(176) INFO - All frames extracted.
2024-09-15 00:11:35,979 - Module(data_preprocessing):Line(177) INFO - Frame number: 292
2024-09-15 00:11:35,980 - Module(main):Line(91) INFO - Enhance frames...
2024-09-15 00:11:35,980 - Module(camera):Line(43) INFO - Grouping files in sets...
2024-09-15 00:11:35,980 - Module(camera):Line(48) INFO - Moving files to staging directory...
2024-09-15 00:11:35,980 - Module(camera):Line(52) INFO - Keeping every third file and removing the others...
2024-09-15 00:11:35,981 - Module(main):Line(99) INFO - Generate video...
2024-09-15 00:11:35,981 - Module(main):Line(102) INFO - Exporting video to /mnt/geosense/cameras/G5Bullet_07/video_timelapse_export/G5Bullet_07_2024-09-11_fr30.mp4...
2024-09-15 00:14:14,371 - Module(main):Line(111) INFO - Transfering video to Pylos: /mnt/gsdata/projects/ecosense/AngleCam2_0/data/raw_videos/G5Bullet_07/2024/09/11
2024-09-15 00:17:11,099 - Module(main):Line(123) INFO - ::: Successful transfer of video to Pylos. :::
2024-09-15 00:17:11,099 - Module(logger):Line(76) INFO - --------------------------------------------------
2024-09-15 00:17:11,099 - Module(logger):Line(77) INFO - --------------------------------------------------
