2024-09-10 22:46:24,725 - Module(logger):Line(76) INFO - --------------------------------------------------
2024-09-10 22:46:24,725 - Module(logger):Line(77) INFO - --------------------------------------------------
2024-09-10 22:46:24,725 - Module(main):Line(56) INFO - ::: Processing camera G5Bullet_07 :::
2024-09-10 22:46:24,725 - Module(logger):Line(76) INFO - --------------------------------------------------
2024-09-10 22:46:24,725 - Module(logger):Line(77) INFO - --------------------------------------------------
2024-09-10 22:46:24,725 - Module(main):Line(59) INFO - Transfering data from NVR (/volume1/videos/2024-08-24/G5Bullet_07/*0.mp4) to VM (/mnt/geosense/cameras/G5Bullet_07/mp4)...
2024-09-10 22:49:02,112 - Module(main):Line(65) INFO - Extract frames...
2024-09-10 22:49:02,115 - Module(camera):Line(32) INFO - Renaming .mp4 files...
2024-09-10 22:49:02,116 - Module(camera):Line(38) INFO - Renamed /mnt/geosense/cameras/G5Bullet_07/mp4/G5Bullet_07_F4E2C678CCA0_2024-08-24_10_0.mp4 to /mnt/geosense/cameras/G5Bullet_07/mp4/File_000_G5Bullet_07_F4E2C678CCA0_2024-08-24_10_0.mp4
2024-09-10 22:49:02,117 - Module(camera):Line(38) INFO - Renamed /mnt/geosense/cameras/G5Bullet_07/mp4/G5Bullet_07_F4E2C678CCA0_2024-08-24_11_0.mp4 to /mnt/geosense/cameras/G5Bullet_07/mp4/File_001_G5Bullet_07_F4E2C678CCA0_2024-08-24_11_0.mp4
2024-09-10 22:49:02,117 - Module(camera):Line(38) INFO - Renamed /mnt/geosense/cameras/G5Bullet_07/mp4/G5Bullet_07_F4E2C678CCA0_2024-08-24_12_0.mp4 to /mnt/geosense/cameras/G5Bullet_07/mp4/File_002_G5Bullet_07_F4E2C678CCA0_2024-08-24_12_0.mp4
2024-09-10 22:49:02,118 - Module(camera):Line(38) INFO - Renamed /mnt/geosense/cameras/G5Bullet_07/mp4/G5Bullet_07_F4E2C678CCA0_2024-08-24_13_0.mp4 to /mnt/geosense/cameras/G5Bullet_07/mp4/File_003_G5Bullet_07_F4E2C678CCA0_2024-08-24_13_0.mp4
2024-09-10 22:49:02,118 - Module(camera):Line(38) INFO - Renamed /mnt/geosense/cameras/G5Bullet_07/mp4/G5Bullet_07_F4E2C678CCA0_2024-08-24_14_0.mp4 to /mnt/geosense/cameras/G5Bullet_07/mp4/File_004_G5Bullet_07_F4E2C678CCA0_2024-08-24_14_0.mp4
2024-09-10 22:49:02,119 - Module(camera):Line(38) INFO - Renamed /mnt/geosense/cameras/G5Bullet_07/mp4/G5Bullet_07_F4E2C678CCA0_2024-08-24_15_0.mp4 to /mnt/geosense/cameras/G5Bullet_07/mp4/File_005_G5Bullet_07_F4E2C678CCA0_2024-08-24_15_0.mp4
2024-09-10 22:49:02,119 - Module(camera):Line(38) INFO - Renamed /mnt/geosense/cameras/G5Bullet_07/mp4/G5Bullet_07_F4E2C678CCA0_2024-08-24_16_0.mp4 to /mnt/geosense/cameras/G5Bullet_07/mp4/File_006_G5Bullet_07_F4E2C678CCA0_2024-08-24_16_0.mp4
2024-09-10 22:49:02,119 - Module(camera):Line(38) INFO - Renamed /mnt/geosense/cameras/G5Bullet_07/mp4/G5Bullet_07_F4E2C678CCA0_2024-08-24_17_0.mp4 to /mnt/geosense/cameras/G5Bullet_07/mp4/File_007_G5Bullet_07_F4E2C678CCA0_2024-08-24_17_0.mp4
2024-09-10 22:49:02,120 - Module(main):Line(72) INFO - Processing file /mnt/geosense/cameras/G5Bullet_07/mp4/File_000_G5Bullet_07_F4E2C678CCA0_2024-08-24_10_0.mp4...
2024-09-10 22:49:02,216 - Module(data_preprocessing):Line(132) INFO - Frame rate: 0.9996843065018215
2024-09-10 22:49:02,216 - Module(data_preprocessing):Line(133) INFO - Extracting frames from video '/mnt/geosense/cameras/G5Bullet_07/mp4/File_000_G5Bullet_07_F4E2C678CCA0_2024-08-24_10_0.mp4'...
2024-09-10 22:49:02,451 - Module(data_preprocessing):Line(169) INFO - Extracting frame 0...
2024-09-10 22:49:02,451 - Module(data_preprocessing):Line(173) INFO - Frame number internal: 119
2024-09-10 22:49:03,507 - Module(data_preprocessing):Line(169) INFO - Extracting frame 1...
2024-09-10 22:49:03,507 - Module(data_preprocessing):Line(173) INFO - Frame number internal: 238
2024-09-10 22:49:04,417 - Module(data_preprocessing):Line(169) INFO - Extracting frame 2...
2024-09-10 22:49:04,417 - Module(data_preprocessing):Line(173) INFO - Frame number internal: 357
2024-09-10 22:49:05,235 - Module(data_preprocessing):Line(169) INFO - Extracting frame 3...
2024-09-10 22:49:05,235 - Module(data_preprocessing):Line(173) INFO - Frame number internal: 476
2024-09-10 22:49:06,094 - Module(data_preprocessing):Line(169) INFO - Extracting frame 4...
2024-09-10 22:49:06,094 - Module(data_preprocessing):Line(173) INFO - Frame number internal: 595
2024-09-10 22:49:07,145 - Module(data_preprocessing):Line(169) INFO - Extracting frame 5...
2024-09-10 22:49:07,145 - Module(data_preprocessing):Line(173) INFO - Frame number internal: 714
2024-09-10 22:49:08,135 - Module(data_preprocessing):Line(169) INFO - Extracting frame 6...
2024-09-10 22:49:08,135 - Module(data_preprocessing):Line(173) INFO - Frame number internal: 833
2024-09-10 22:49:09,032 - Module(data_preprocessing):Line(169) INFO - Extracting frame 7...
2024-09-10 22:49:09,032 - Module(data_preprocessing):Line(173) INFO - Frame number internal: 952
2024-09-10 22:49:09,954 - Module(data_preprocessing):Line(169) INFO - Extracting frame 8...
2024-09-10 22:49:09,955 - Module(data_preprocessing):Line(173) INFO - Frame number internal: 1071
2024-09-10 22:49:10,944 - Module(data_preprocessing):Line(169) INFO - Extracting frame 9...
2024-09-10 22:49:10,945 - Module(data_preprocessing):Line(173) INFO - Frame number internal: 1190
2024-09-10 22:49:12,019 - Module(data_preprocessing):Line(169) INFO - Extracting frame 10...
2024-09-10 22:49:12,019 - Module(data_preprocessing):Line(173) INFO - Frame number internal: 1309
2024-09-10 22:49:12,945 - Module(data_preprocessing):Line(169) INFO - Extracting frame 11...
2024-09-10 22:49:12,945 - Module(data_preprocessing):Line(173) INFO - Frame number internal: 1428
2024-09-10 22:49:13,851 - Module(data_preprocessing):Line(169) INFO - Extracting frame 12...
2024-09-10 22:49:13,851 - Module(data_preprocessing):Line(173) INFO - Frame number internal: 1547
2024-09-10 22:49:14,679 - Module(data_preprocessing):Line(169) INFO - Extracting frame 13...
2024-09-10 22:49:14,679 - Module(data_preprocessing):Line(173) INFO - Frame number internal: 1666
2024-09-10 22:49:15,753 - Module(data_preprocessing):Line(169) INFO - Extracting frame 14...
2024-09-10 22:49:15,753 - Module(data_preprocessing):Line(173) INFO - Frame number internal: 1785
2024-09-10 22:49:15,753 - Module(data_preprocessing):Line(154) INFO - Break: frame_number_internal exceeds total number of frames.
2024-09-10 22:49:15,780 - Module(data_preprocessing):Line(176) INFO - All frames extracted.
2024-09-10 22:49:15,780 - Module(data_preprocessing):Line(177) INFO - Frame number: 0
2024-09-10 22:49:15,780 - Module(main):Line(91) INFO - Enhance frames...
2024-09-10 22:49:15,780 - Module(camera):Line(43) INFO - Grouping files in sets...
2024-09-10 22:49:15,781 - Module(camera):Line(48) INFO - Moving files to staging directory...
2024-09-10 22:49:15,781 - Module(camera):Line(52) INFO - Keeping every third file and removing the others...
2024-09-10 22:49:15,782 - Module(main):Line(72) INFO - Processing file /mnt/geosense/cameras/G5Bullet_07/mp4/File_001_G5Bullet_07_F4E2C678CCA0_2024-08-24_11_0.mp4...
2024-09-10 22:49:15,867 - Module(data_preprocessing):Line(132) INFO - Frame rate: 0.9996539584645238
2024-09-10 22:49:15,868 - Module(data_preprocessing):Line(133) INFO - Extracting frames from video '/mnt/geosense/cameras/G5Bullet_07/mp4/File_001_G5Bullet_07_F4E2C678CCA0_2024-08-24_11_0.mp4'...
2024-09-10 22:49:16,091 - Module(data_preprocessing):Line(169) INFO - Extracting frame 15...
2024-09-10 22:49:16,092 - Module(data_preprocessing):Line(173) INFO - Frame number internal: 119
2024-09-10 22:49:16,860 - Module(data_preprocessing):Line(169) INFO - Extracting frame 16...
2024-09-10 22:49:16,860 - Module(data_preprocessing):Line(173) INFO - Frame number internal: 238
2024-09-10 22:49:17,765 - Module(data_preprocessing):Line(169) INFO - Extracting frame 17...
2024-09-10 22:49:17,765 - Module(data_preprocessing):Line(173) INFO - Frame number internal: 357
2024-09-10 22:49:18,653 - Module(data_preprocessing):Line(169) INFO - Extracting frame 18...
2024-09-10 22:49:18,653 - Module(data_preprocessing):Line(173) INFO - Frame number internal: 476
2024-09-10 22:49:20,018 - Module(data_preprocessing):Line(169) INFO - Extracting frame 19...
2024-09-10 22:49:20,018 - Module(data_preprocessing):Line(173) INFO - Frame number internal: 595
2024-09-10 22:49:21,524 - Module(data_preprocessing):Line(169) INFO - Extracting frame 20...
2024-09-10 22:49:21,525 - Module(data_preprocessing):Line(173) INFO - Frame number internal: 714
2024-09-10 22:49:23,049 - Module(data_preprocessing):Line(169) INFO - Extracting frame 21...
2024-09-10 22:49:23,049 - Module(data_preprocessing):Line(173) INFO - Frame number internal: 833
2024-09-10 22:49:24,063 - Module(data_preprocessing):Line(169) INFO - Extracting frame 22...
2024-09-10 22:49:24,064 - Module(data_preprocessing):Line(173) INFO - Frame number internal: 952
2024-09-10 22:49:25,139 - Module(data_preprocessing):Line(169) INFO - Extracting frame 23...
2024-09-10 22:49:25,140 - Module(data_preprocessing):Line(173) INFO - Frame number internal: 1071
2024-09-10 22:49:27,036 - Module(data_preprocessing):Line(169) INFO - Extracting frame 24...
2024-09-10 22:49:27,036 - Module(data_preprocessing):Line(173) INFO - Frame number internal: 1190
2024-09-10 22:49:28,718 - Module(data_preprocessing):Line(169) INFO - Extracting frame 25...
2024-09-10 22:49:28,719 - Module(data_preprocessing):Line(173) INFO - Frame number internal: 1309
2024-09-10 22:49:30,604 - Module(data_preprocessing):Line(169) INFO - Extracting frame 26...
2024-09-10 22:49:30,607 - Module(data_preprocessing):Line(173) INFO - Frame number internal: 1428
2024-09-10 22:49:32,130 - Module(data_preprocessing):Line(169) INFO - Extracting frame 27...
2024-09-10 22:49:32,130 - Module(data_preprocessing):Line(173) INFO - Frame number internal: 1547
2024-09-10 22:49:33,189 - Module(data_preprocessing):Line(169) INFO - Extracting frame 28...
2024-09-10 22:49:33,189 - Module(data_preprocessing):Line(173) INFO - Frame number internal: 1666
2024-09-10 22:49:34,057 - Module(data_preprocessing):Line(169) INFO - Extracting frame 29...
2024-09-10 22:49:34,057 - Module(data_preprocessing):Line(173) INFO - Frame number internal: 1785
2024-09-10 22:49:34,058 - Module(data_preprocessing):Line(154) INFO - Break: frame_number_internal exceeds total number of frames.
2024-09-10 22:49:34,109 - Module(data_preprocessing):Line(176) INFO - All frames extracted.
2024-09-10 22:49:34,109 - Module(data_preprocessing):Line(177) INFO - Frame number: 15
2024-09-10 22:49:34,111 - Module(main):Line(91) INFO - Enhance frames...
2024-09-10 22:49:34,111 - Module(camera):Line(43) INFO - Grouping files in sets...
2024-09-10 22:49:34,111 - Module(camera):Line(48) INFO - Moving files to staging directory...
2024-09-10 22:49:34,112 - Module(camera):Line(52) INFO - Keeping every third file and removing the others...
2024-09-10 22:49:34,112 - Module(main):Line(72) INFO - Processing file /mnt/geosense/cameras/G5Bullet_07/mp4/File_002_G5Bullet_07_F4E2C678CCA0_2024-08-24_12_0.mp4...
2024-09-10 22:49:34,206 - Module(data_preprocessing):Line(132) INFO - Frame rate: 0.9996685971467236
2024-09-10 22:49:34,206 - Module(data_preprocessing):Line(133) INFO - Extracting frames from video '/mnt/geosense/cameras/G5Bullet_07/mp4/File_002_G5Bullet_07_F4E2C678CCA0_2024-08-24_12_0.mp4'...
2024-09-10 22:49:34,584 - Module(data_preprocessing):Line(169) INFO - Extracting frame 30...
2024-09-10 22:49:34,585 - Module(data_preprocessing):Line(173) INFO - Frame number internal: 119
2024-09-10 22:49:35,481 - Module(data_preprocessing):Line(169) INFO - Extracting frame 31...
2024-09-10 22:49:35,481 - Module(data_preprocessing):Line(173) INFO - Frame number internal: 238
2024-09-10 22:49:36,323 - Module(data_preprocessing):Line(169) INFO - Extracting frame 32...
2024-09-10 22:49:36,324 - Module(data_preprocessing):Line(173) INFO - Frame number internal: 357
2024-09-10 22:49:37,128 - Module(data_preprocessing):Line(169) INFO - Extracting frame 33...
2024-09-10 22:49:37,129 - Module(data_preprocessing):Line(173) INFO - Frame number internal: 476
2024-09-10 22:49:38,179 - Module(data_preprocessing):Line(169) INFO - Extracting frame 34...
2024-09-10 22:49:38,180 - Module(data_preprocessing):Line(173) INFO - Frame number internal: 595
2024-09-10 22:49:39,318 - Module(data_preprocessing):Line(169) INFO - Extracting frame 35...
2024-09-10 22:49:39,320 - Module(data_preprocessing):Line(173) INFO - Frame number internal: 714
2024-09-10 22:49:40,951 - Module(data_preprocessing):Line(169) INFO - Extracting frame 36...
2024-09-10 22:49:40,952 - Module(data_preprocessing):Line(173) INFO - Frame number internal: 833
2024-09-10 22:49:41,969 - Module(data_preprocessing):Line(169) INFO - Extracting frame 37...
2024-09-10 22:49:41,970 - Module(data_preprocessing):Line(173) INFO - Frame number internal: 952
2024-09-10 22:49:42,866 - Module(data_preprocessing):Line(169) INFO - Extracting frame 38...
2024-09-10 22:49:42,866 - Module(data_preprocessing):Line(173) INFO - Frame number internal: 1071
2024-09-10 22:49:44,030 - Module(data_preprocessing):Line(169) INFO - Extracting frame 39...
2024-09-10 22:49:44,030 - Module(data_preprocessing):Line(173) INFO - Frame number internal: 1190
2024-09-10 22:49:45,126 - Module(data_preprocessing):Line(169) INFO - Extracting frame 40...
2024-09-10 22:49:45,126 - Module(data_preprocessing):Line(173) INFO - Frame number internal: 1309
2024-09-10 22:49:46,139 - Module(data_preprocessing):Line(169) INFO - Extracting frame 41...
2024-09-10 22:49:46,140 - Module(data_preprocessing):Line(173) INFO - Frame number internal: 1428
2024-09-10 22:49:47,125 - Module(data_preprocessing):Line(169) INFO - Extracting frame 42...
2024-09-10 22:49:47,125 - Module(data_preprocessing):Line(173) INFO - Frame number internal: 1547
2024-09-10 22:49:47,994 - Module(data_preprocessing):Line(169) INFO - Extracting frame 43...
2024-09-10 22:49:47,995 - Module(data_preprocessing):Line(173) INFO - Frame number internal: 1666
2024-09-10 22:49:47,995 - Module(data_preprocessing):Line(154) INFO - Break: frame_number_internal exceeds total number of frames.
2024-09-10 22:49:47,997 - Module(data_preprocessing):Line(176) INFO - All frames extracted.
2024-09-10 22:49:47,997 - Module(data_preprocessing):Line(177) INFO - Frame number: 30
2024-09-10 22:49:47,998 - Module(main):Line(91) INFO - Enhance frames...
2024-09-10 22:49:47,998 - Module(camera):Line(43) INFO - Grouping files in sets...
2024-09-10 22:49:47,999 - Module(camera):Line(48) INFO - Moving files to staging directory...
2024-09-10 22:49:47,999 - Module(camera):Line(52) INFO - Keeping every third file and removing the others...
2024-09-10 22:49:48,000 - Module(main):Line(72) INFO - Processing file /mnt/geosense/cameras/G5Bullet_07/mp4/File_003_G5Bullet_07_F4E2C678CCA0_2024-08-24_13_0.mp4...
2024-09-10 22:49:48,090 - Module(data_preprocessing):Line(132) INFO - Frame rate: 0.9996642284577182
2024-09-10 22:49:48,090 - Module(data_preprocessing):Line(133) INFO - Extracting frames from video '/mnt/geosense/cameras/G5Bullet_07/mp4/File_003_G5Bullet_07_F4E2C678CCA0_2024-08-24_13_0.mp4'...
2024-09-10 22:49:48,333 - Module(data_preprocessing):Line(169) INFO - Extracting frame 44...
2024-09-10 22:49:48,334 - Module(data_preprocessing):Line(173) INFO - Frame number internal: 119
2024-09-10 22:49:49,255 - Module(data_preprocessing):Line(169) INFO - Extracting frame 45...
2024-09-10 22:49:49,255 - Module(data_preprocessing):Line(173) INFO - Frame number internal: 238
2024-09-10 22:49:50,209 - Module(data_preprocessing):Line(169) INFO - Extracting frame 46...
2024-09-10 22:49:50,209 - Module(data_preprocessing):Line(173) INFO - Frame number internal: 357
2024-09-10 22:49:51,060 - Module(data_preprocessing):Line(169) INFO - Extracting frame 47...
2024-09-10 22:49:51,060 - Module(data_preprocessing):Line(173) INFO - Frame number internal: 476
2024-09-10 22:49:52,133 - Module(data_preprocessing):Line(169) INFO - Extracting frame 48...
2024-09-10 22:49:52,133 - Module(data_preprocessing):Line(173) INFO - Frame number internal: 595
2024-09-10 22:49:52,972 - Module(data_preprocessing):Line(169) INFO - Extracting frame 49...
2024-09-10 22:49:52,972 - Module(data_preprocessing):Line(173) INFO - Frame number internal: 714
2024-09-10 22:49:53,810 - Module(data_preprocessing):Line(169) INFO - Extracting frame 50...
2024-09-10 22:49:53,810 - Module(data_preprocessing):Line(173) INFO - Frame number internal: 833
2024-09-10 22:49:54,710 - Module(data_preprocessing):Line(169) INFO - Extracting frame 51...
2024-09-10 22:49:54,710 - Module(data_preprocessing):Line(173) INFO - Frame number internal: 952
2024-09-10 22:49:55,633 - Module(data_preprocessing):Line(169) INFO - Extracting frame 52...
2024-09-10 22:49:55,633 - Module(data_preprocessing):Line(173) INFO - Frame number internal: 1071
2024-09-10 22:49:56,725 - Module(data_preprocessing):Line(169) INFO - Extracting frame 53...
2024-09-10 22:49:56,726 - Module(data_preprocessing):Line(173) INFO - Frame number internal: 1190
2024-09-10 22:49:57,744 - Module(data_preprocessing):Line(169) INFO - Extracting frame 54...
2024-09-10 22:49:57,744 - Module(data_preprocessing):Line(173) INFO - Frame number internal: 1309
2024-09-10 22:49:58,584 - Module(data_preprocessing):Line(169) INFO - Extracting frame 55...
2024-09-10 22:49:58,584 - Module(data_preprocessing):Line(173) INFO - Frame number internal: 1428
2024-09-10 22:49:59,473 - Module(data_preprocessing):Line(169) INFO - Extracting frame 56...
2024-09-10 22:49:59,473 - Module(data_preprocessing):Line(173) INFO - Frame number internal: 1547
2024-09-10 22:50:00,297 - Module(data_preprocessing):Line(169) INFO - Extracting frame 57...
2024-09-10 22:50:00,297 - Module(data_preprocessing):Line(173) INFO - Frame number internal: 1666
2024-09-10 22:50:02,093 - Module(data_preprocessing):Line(169) INFO - Extracting frame 58...
2024-09-10 22:50:02,094 - Module(data_preprocessing):Line(173) INFO - Frame number internal: 1785
2024-09-10 22:50:04,265 - Module(data_preprocessing):Line(169) INFO - Extracting frame 59...
2024-09-10 22:50:04,266 - Module(data_preprocessing):Line(173) INFO - Frame number internal: 1904
2024-09-10 22:50:04,266 - Module(data_preprocessing):Line(154) INFO - Break: frame_number_internal exceeds total number of frames.
2024-09-10 22:50:04,266 - Module(data_preprocessing):Line(176) INFO - All frames extracted.
2024-09-10 22:50:04,266 - Module(data_preprocessing):Line(177) INFO - Frame number: 44
2024-09-10 22:50:04,272 - Module(main):Line(91) INFO - Enhance frames...
2024-09-10 22:50:04,272 - Module(camera):Line(43) INFO - Grouping files in sets...
2024-09-10 22:50:04,272 - Module(camera):Line(48) INFO - Moving files to staging directory...
2024-09-10 22:50:04,272 - Module(camera):Line(52) INFO - Keeping every third file and removing the others...
2024-09-10 22:50:04,273 - Module(main):Line(72) INFO - Processing file /mnt/geosense/cameras/G5Bullet_07/mp4/File_004_G5Bullet_07_F4E2C678CCA0_2024-08-24_14_0.mp4...
2024-09-10 22:50:04,441 - Module(data_preprocessing):Line(132) INFO - Frame rate: 0.9996713627388094
2024-09-10 22:50:04,441 - Module(data_preprocessing):Line(133) INFO - Extracting frames from video '/mnt/geosense/cameras/G5Bullet_07/mp4/File_004_G5Bullet_07_F4E2C678CCA0_2024-08-24_14_0.mp4'...
2024-09-10 22:50:04,951 - Module(data_preprocessing):Line(169) INFO - Extracting frame 60...
2024-09-10 22:50:04,952 - Module(data_preprocessing):Line(173) INFO - Frame number internal: 119
2024-09-10 22:50:07,292 - Module(data_preprocessing):Line(169) INFO - Extracting frame 61...
2024-09-10 22:50:07,293 - Module(data_preprocessing):Line(173) INFO - Frame number internal: 238
2024-09-10 22:50:09,210 - Module(data_preprocessing):Line(169) INFO - Extracting frame 62...
2024-09-10 22:50:09,210 - Module(data_preprocessing):Line(173) INFO - Frame number internal: 357
2024-09-10 22:50:11,510 - Module(data_preprocessing):Line(169) INFO - Extracting frame 63...
2024-09-10 22:50:11,510 - Module(data_preprocessing):Line(173) INFO - Frame number internal: 476
2024-09-10 22:50:13,762 - Module(data_preprocessing):Line(169) INFO - Extracting frame 64...
2024-09-10 22:50:13,763 - Module(data_preprocessing):Line(173) INFO - Frame number internal: 595
2024-09-10 22:50:16,379 - Module(data_preprocessing):Line(169) INFO - Extracting frame 65...
2024-09-10 22:50:16,385 - Module(data_preprocessing):Line(173) INFO - Frame number internal: 714
2024-09-10 22:50:19,153 - Module(data_preprocessing):Line(169) INFO - Extracting frame 66...
2024-09-10 22:50:19,153 - Module(data_preprocessing):Line(173) INFO - Frame number internal: 833
2024-09-10 22:50:21,477 - Module(data_preprocessing):Line(169) INFO - Extracting frame 67...
2024-09-10 22:50:21,478 - Module(data_preprocessing):Line(173) INFO - Frame number internal: 952
2024-09-10 22:50:23,764 - Module(data_preprocessing):Line(169) INFO - Extracting frame 68...
2024-09-10 22:50:23,764 - Module(data_preprocessing):Line(173) INFO - Frame number internal: 1071
2024-09-10 22:50:25,703 - Module(data_preprocessing):Line(169) INFO - Extracting frame 69...
2024-09-10 22:50:25,703 - Module(data_preprocessing):Line(173) INFO - Frame number internal: 1190
2024-09-10 22:50:27,855 - Module(data_preprocessing):Line(169) INFO - Extracting frame 70...
2024-09-10 22:50:27,855 - Module(data_preprocessing):Line(173) INFO - Frame number internal: 1309
2024-09-10 22:50:30,401 - Module(data_preprocessing):Line(169) INFO - Extracting frame 71...
2024-09-10 22:50:30,407 - Module(data_preprocessing):Line(173) INFO - Frame number internal: 1428
2024-09-10 22:50:32,952 - Module(data_preprocessing):Line(169) INFO - Extracting frame 72...
2024-09-10 22:50:32,952 - Module(data_preprocessing):Line(173) INFO - Frame number internal: 1547
2024-09-10 22:50:34,997 - Module(data_preprocessing):Line(169) INFO - Extracting frame 73...
2024-09-10 22:50:34,998 - Module(data_preprocessing):Line(173) INFO - Frame number internal: 1666
2024-09-10 22:50:34,998 - Module(data_preprocessing):Line(154) INFO - Break: frame_number_internal exceeds total number of frames.
2024-09-10 22:50:34,998 - Module(data_preprocessing):Line(176) INFO - All frames extracted.
2024-09-10 22:50:34,998 - Module(data_preprocessing):Line(177) INFO - Frame number: 60
2024-09-10 22:50:34,999 - Module(main):Line(91) INFO - Enhance frames...
2024-09-10 22:50:34,999 - Module(camera):Line(43) INFO - Grouping files in sets...
2024-09-10 22:50:35,000 - Module(camera):Line(48) INFO - Moving files to staging directory...
2024-09-10 22:50:35,000 - Module(camera):Line(52) INFO - Keeping every third file and removing the others...
2024-09-10 22:50:35,000 - Module(main):Line(72) INFO - Processing file /mnt/geosense/cameras/G5Bullet_07/mp4/File_005_G5Bullet_07_F4E2C678CCA0_2024-08-24_15_0.mp4...
2024-09-10 22:50:35,130 - Module(data_preprocessing):Line(132) INFO - Frame rate: 0.9996614979925341
2024-09-10 22:50:35,130 - Module(data_preprocessing):Line(133) INFO - Extracting frames from video '/mnt/geosense/cameras/G5Bullet_07/mp4/File_005_G5Bullet_07_F4E2C678CCA0_2024-08-24_15_0.mp4'...
2024-09-10 22:50:35,543 - Module(data_preprocessing):Line(169) INFO - Extracting frame 74...
2024-09-10 22:50:35,543 - Module(data_preprocessing):Line(173) INFO - Frame number internal: 119
2024-09-10 22:50:37,702 - Module(data_preprocessing):Line(169) INFO - Extracting frame 75...
2024-09-10 22:50:37,702 - Module(data_preprocessing):Line(173) INFO - Frame number internal: 238
2024-09-10 22:50:40,072 - Module(data_preprocessing):Line(169) INFO - Extracting frame 76...
2024-09-10 22:50:40,072 - Module(data_preprocessing):Line(173) INFO - Frame number internal: 357
2024-09-10 22:50:41,258 - Module(data_preprocessing):Line(169) INFO - Extracting frame 77...
2024-09-10 22:50:41,259 - Module(data_preprocessing):Line(173) INFO - Frame number internal: 476
2024-09-10 22:50:42,632 - Module(data_preprocessing):Line(169) INFO - Extracting frame 78...
2024-09-10 22:50:42,632 - Module(data_preprocessing):Line(173) INFO - Frame number internal: 595
2024-09-10 22:50:43,696 - Module(data_preprocessing):Line(169) INFO - Extracting frame 79...
2024-09-10 22:50:43,696 - Module(data_preprocessing):Line(173) INFO - Frame number internal: 714
2024-09-10 22:50:44,638 - Module(data_preprocessing):Line(169) INFO - Extracting frame 80...
2024-09-10 22:50:44,638 - Module(data_preprocessing):Line(173) INFO - Frame number internal: 833
2024-09-10 22:50:45,789 - Module(data_preprocessing):Line(169) INFO - Extracting frame 81...
2024-09-10 22:50:45,789 - Module(data_preprocessing):Line(173) INFO - Frame number internal: 952
2024-09-10 22:50:46,845 - Module(data_preprocessing):Line(169) INFO - Extracting frame 82...
2024-09-10 22:50:46,845 - Module(data_preprocessing):Line(173) INFO - Frame number internal: 1071
2024-09-10 22:50:47,847 - Module(data_preprocessing):Line(169) INFO - Extracting frame 83...
2024-09-10 22:50:47,847 - Module(data_preprocessing):Line(173) INFO - Frame number internal: 1190
2024-09-10 22:50:49,121 - Module(data_preprocessing):Line(169) INFO - Extracting frame 84...
2024-09-10 22:50:49,121 - Module(data_preprocessing):Line(173) INFO - Frame number internal: 1309
2024-09-10 22:50:50,286 - Module(data_preprocessing):Line(169) INFO - Extracting frame 85...
2024-09-10 22:50:50,286 - Module(data_preprocessing):Line(173) INFO - Frame number internal: 1428
2024-09-10 22:50:51,378 - Module(data_preprocessing):Line(169) INFO - Extracting frame 86...
2024-09-10 22:50:51,378 - Module(data_preprocessing):Line(173) INFO - Frame number internal: 1547
2024-09-10 22:50:51,378 - Module(data_preprocessing):Line(154) INFO - Break: frame_number_internal exceeds total number of frames.
2024-09-10 22:50:51,379 - Module(data_preprocessing):Line(176) INFO - All frames extracted.
2024-09-10 22:50:51,379 - Module(data_preprocessing):Line(177) INFO - Frame number: 74
2024-09-10 22:50:51,380 - Module(main):Line(91) INFO - Enhance frames...
2024-09-10 22:50:51,380 - Module(camera):Line(43) INFO - Grouping files in sets...
2024-09-10 22:50:51,380 - Module(camera):Line(48) INFO - Moving files to staging directory...
2024-09-10 22:50:51,381 - Module(camera):Line(52) INFO - Keeping every third file and removing the others...
2024-09-10 22:50:51,381 - Module(main):Line(72) INFO - Processing file /mnt/geosense/cameras/G5Bullet_07/mp4/File_006_G5Bullet_07_F4E2C678CCA0_2024-08-24_16_0.mp4...
2024-09-10 22:50:51,488 - Module(data_preprocessing):Line(132) INFO - Frame rate: 0.9996680195178576
2024-09-10 22:50:51,489 - Module(data_preprocessing):Line(133) INFO - Extracting frames from video '/mnt/geosense/cameras/G5Bullet_07/mp4/File_006_G5Bullet_07_F4E2C678CCA0_2024-08-24_16_0.mp4'...
2024-09-10 22:50:51,769 - Module(data_preprocessing):Line(169) INFO - Extracting frame 87...
2024-09-10 22:50:51,769 - Module(data_preprocessing):Line(173) INFO - Frame number internal: 119
2024-09-10 22:50:52,672 - Module(data_preprocessing):Line(169) INFO - Extracting frame 88...
2024-09-10 22:50:52,672 - Module(data_preprocessing):Line(173) INFO - Frame number internal: 238
2024-09-10 22:50:53,705 - Module(data_preprocessing):Line(169) INFO - Extracting frame 89...
2024-09-10 22:50:53,705 - Module(data_preprocessing):Line(173) INFO - Frame number internal: 357
2024-09-10 22:50:54,696 - Module(data_preprocessing):Line(169) INFO - Extracting frame 90...
2024-09-10 22:50:54,696 - Module(data_preprocessing):Line(173) INFO - Frame number internal: 476
2024-09-10 22:50:55,510 - Module(data_preprocessing):Line(169) INFO - Extracting frame 91...
2024-09-10 22:50:55,510 - Module(data_preprocessing):Line(173) INFO - Frame number internal: 595
2024-09-10 22:50:56,448 - Module(data_preprocessing):Line(169) INFO - Extracting frame 92...
2024-09-10 22:50:56,449 - Module(data_preprocessing):Line(173) INFO - Frame number internal: 714
2024-09-10 22:50:57,380 - Module(data_preprocessing):Line(169) INFO - Extracting frame 93...
2024-09-10 22:50:57,380 - Module(data_preprocessing):Line(173) INFO - Frame number internal: 833
2024-09-10 22:50:58,454 - Module(data_preprocessing):Line(169) INFO - Extracting frame 94...
2024-09-10 22:50:58,454 - Module(data_preprocessing):Line(173) INFO - Frame number internal: 952
2024-09-10 22:50:59,336 - Module(data_preprocessing):Line(169) INFO - Extracting frame 95...
2024-09-10 22:50:59,336 - Module(data_preprocessing):Line(173) INFO - Frame number internal: 1071
2024-09-10 22:51:00,354 - Module(data_preprocessing):Line(169) INFO - Extracting frame 96...
2024-09-10 22:51:00,354 - Module(data_preprocessing):Line(173) INFO - Frame number internal: 1190
2024-09-10 22:51:01,569 - Module(data_preprocessing):Line(169) INFO - Extracting frame 97...
2024-09-10 22:51:01,569 - Module(data_preprocessing):Line(173) INFO - Frame number internal: 1309
2024-09-10 22:51:02,593 - Module(data_preprocessing):Line(169) INFO - Extracting frame 98...
2024-09-10 22:51:02,593 - Module(data_preprocessing):Line(173) INFO - Frame number internal: 1428
2024-09-10 22:51:03,620 - Module(data_preprocessing):Line(169) INFO - Extracting frame 99...
2024-09-10 22:51:03,621 - Module(data_preprocessing):Line(173) INFO - Frame number internal: 1547
2024-09-10 22:51:04,569 - Module(data_preprocessing):Line(169) INFO - Extracting frame 100...
2024-09-10 22:51:04,569 - Module(data_preprocessing):Line(173) INFO - Frame number internal: 1666
2024-09-10 22:51:05,537 - Module(data_preprocessing):Line(169) INFO - Extracting frame 101...
2024-09-10 22:51:05,538 - Module(data_preprocessing):Line(173) INFO - Frame number internal: 1785
2024-09-10 22:51:05,538 - Module(data_preprocessing):Line(154) INFO - Break: frame_number_internal exceeds total number of frames.
2024-09-10 22:51:05,546 - Module(data_preprocessing):Line(176) INFO - All frames extracted.
2024-09-10 22:51:05,547 - Module(data_preprocessing):Line(177) INFO - Frame number: 87
2024-09-10 22:51:05,548 - Module(main):Line(91) INFO - Enhance frames...
2024-09-10 22:51:05,548 - Module(camera):Line(43) INFO - Grouping files in sets...
2024-09-10 22:51:05,548 - Module(camera):Line(48) INFO - Moving files to staging directory...
2024-09-10 22:51:05,549 - Module(camera):Line(52) INFO - Keeping every third file and removing the others...
2024-09-10 22:51:05,549 - Module(main):Line(72) INFO - Processing file /mnt/geosense/cameras/G5Bullet_07/mp4/File_007_G5Bullet_07_F4E2C678CCA0_2024-08-24_17_0.mp4...
2024-09-10 22:51:05,651 - Module(data_preprocessing):Line(132) INFO - Frame rate: 0.9996640742366961
2024-09-10 22:51:05,651 - Module(data_preprocessing):Line(133) INFO - Extracting frames from video '/mnt/geosense/cameras/G5Bullet_07/mp4/File_007_G5Bullet_07_F4E2C678CCA0_2024-08-24_17_0.mp4'...
2024-09-10 22:51:05,899 - Module(data_preprocessing):Line(169) INFO - Extracting frame 102...
2024-09-10 22:51:05,900 - Module(data_preprocessing):Line(173) INFO - Frame number internal: 119
2024-09-10 22:51:06,821 - Module(data_preprocessing):Line(169) INFO - Extracting frame 103...
2024-09-10 22:51:06,821 - Module(data_preprocessing):Line(173) INFO - Frame number internal: 238
2024-09-10 22:51:07,802 - Module(data_preprocessing):Line(169) INFO - Extracting frame 104...
2024-09-10 22:51:07,802 - Module(data_preprocessing):Line(173) INFO - Frame number internal: 357
2024-09-10 22:51:08,804 - Module(data_preprocessing):Line(169) INFO - Extracting frame 105...
2024-09-10 22:51:08,805 - Module(data_preprocessing):Line(173) INFO - Frame number internal: 476
2024-09-10 22:51:10,004 - Module(data_preprocessing):Line(169) INFO - Extracting frame 106...
2024-09-10 22:51:10,005 - Module(data_preprocessing):Line(173) INFO - Frame number internal: 595
2024-09-10 22:51:11,108 - Module(data_preprocessing):Line(169) INFO - Extracting frame 107...
2024-09-10 22:51:11,108 - Module(data_preprocessing):Line(173) INFO - Frame number internal: 714
2024-09-10 22:51:12,151 - Module(data_preprocessing):Line(169) INFO - Extracting frame 108...
2024-09-10 22:51:12,151 - Module(data_preprocessing):Line(173) INFO - Frame number internal: 833
2024-09-10 22:51:13,164 - Module(data_preprocessing):Line(169) INFO - Extracting frame 109...
2024-09-10 22:51:13,164 - Module(data_preprocessing):Line(173) INFO - Frame number internal: 952
2024-09-10 22:51:14,079 - Module(data_preprocessing):Line(169) INFO - Extracting frame 110...
2024-09-10 22:51:14,079 - Module(data_preprocessing):Line(173) INFO - Frame number internal: 1071
2024-09-10 22:51:15,169 - Module(data_preprocessing):Line(169) INFO - Extracting frame 111...
2024-09-10 22:51:15,170 - Module(data_preprocessing):Line(173) INFO - Frame number internal: 1190
2024-09-10 22:51:16,275 - Module(data_preprocessing):Line(169) INFO - Extracting frame 112...
2024-09-10 22:51:16,275 - Module(data_preprocessing):Line(173) INFO - Frame number internal: 1309
2024-09-10 22:51:17,224 - Module(data_preprocessing):Line(169) INFO - Extracting frame 113...
2024-09-10 22:51:17,224 - Module(data_preprocessing):Line(173) INFO - Frame number internal: 1428
2024-09-10 22:51:18,058 - Module(data_preprocessing):Line(169) INFO - Extracting frame 114...
2024-09-10 22:51:18,058 - Module(data_preprocessing):Line(173) INFO - Frame number internal: 1547
2024-09-10 22:51:19,053 - Module(data_preprocessing):Line(169) INFO - Extracting frame 115...
2024-09-10 22:51:19,053 - Module(data_preprocessing):Line(173) INFO - Frame number internal: 1666
2024-09-10 22:51:19,858 - Module(data_preprocessing):Line(169) INFO - Extracting frame 116...
2024-09-10 22:51:19,859 - Module(data_preprocessing):Line(173) INFO - Frame number internal: 1785
2024-09-10 22:51:19,859 - Module(data_preprocessing):Line(154) INFO - Break: frame_number_internal exceeds total number of frames.
2024-09-10 22:51:19,872 - Module(data_preprocessing):Line(176) INFO - All frames extracted.
2024-09-10 22:51:19,872 - Module(data_preprocessing):Line(177) INFO - Frame number: 102
2024-09-10 22:51:19,873 - Module(main):Line(91) INFO - Enhance frames...
2024-09-10 22:51:19,873 - Module(camera):Line(43) INFO - Grouping files in sets...
2024-09-10 22:51:19,874 - Module(camera):Line(48) INFO - Moving files to staging directory...
2024-09-10 22:51:19,874 - Module(camera):Line(52) INFO - Keeping every third file and removing the others...
2024-09-10 22:51:19,874 - Module(main):Line(99) INFO - Generate video...
2024-09-10 22:51:19,874 - Module(main):Line(102) INFO - Exporting video to /mnt/geosense/cameras/G5Bullet_07/video_timelapse_export/G5Bullet_07_2024-08-24_fr30.mp4...
2024-09-10 22:52:08,963 - Module(main):Line(111) INFO - Transfering video to Pylos: /mnt/gsdata/projects/ecosense/AngleCam2_0/data/raw_videos/G5Bullet_07/2024/08/24
2024-09-10 22:52:52,860 - Module(main):Line(123) INFO - ::: Successful transfer of video to Pylos. :::
2024-09-10 22:52:52,860 - Module(logger):Line(76) INFO - --------------------------------------------------
2024-09-10 22:52:52,860 - Module(logger):Line(77) INFO - --------------------------------------------------
