2024-09-10 00:05:06,102 - Module(logger):Line(76) INFO - --------------------------------------------------
2024-09-10 00:05:06,102 - Module(logger):Line(77) INFO - --------------------------------------------------
2024-09-10 00:05:06,102 - Module(main):Line(56) INFO - ::: Processing camera G5Bullet_07 :::
2024-09-10 00:05:06,102 - Module(logger):Line(76) INFO - --------------------------------------------------
2024-09-10 00:05:06,102 - Module(logger):Line(77) INFO - --------------------------------------------------
2024-09-10 00:05:06,102 - Module(main):Line(59) INFO - Transfering data from NVR (/volume1/videos/2024-08-27/G5Bullet_07/*0.mp4) to VM (/mnt/geosense/cameras/G5Bullet_07/mp4)...
2024-09-10 00:09:18,083 - Module(logger):Line(76) INFO - --------------------------------------------------
2024-09-10 00:09:18,083 - Module(logger):Line(77) INFO - --------------------------------------------------
2024-09-10 00:09:18,083 - Module(main):Line(56) INFO - ::: Processing camera G5Bullet_07 :::
2024-09-10 00:09:18,083 - Module(logger):Line(76) INFO - --------------------------------------------------
2024-09-10 00:09:18,083 - Module(logger):Line(77) INFO - --------------------------------------------------
2024-09-10 00:09:18,083 - Module(main):Line(59) INFO - Transfering data from NVR (/volume1/videos/2024-08-27/G5Bullet_07/*0.mp4) to VM (/mnt/geosense/cameras/G5Bullet_07/mp4)...
2024-09-10 00:14:29,929 - Module(main):Line(65) INFO - Extract frames...
2024-09-10 00:14:29,931 - Module(camera):Line(32) INFO - Renaming .mp4 files...
2024-09-10 00:14:29,933 - Module(camera):Line(38) INFO - Renamed /mnt/geosense/cameras/G5Bullet_07/mp4/G5Bullet_07_F4E2C678CCA0_2024-08-27_10_0.mp4 to /mnt/geosense/cameras/G5Bullet_07/mp4/File_000_G5Bullet_07_F4E2C678CCA0_2024-08-27_10_0.mp4
2024-09-10 00:14:29,934 - Module(camera):Line(38) INFO - Renamed /mnt/geosense/cameras/G5Bullet_07/mp4/G5Bullet_07_F4E2C678CCA0_2024-08-27_11_0.mp4 to /mnt/geosense/cameras/G5Bullet_07/mp4/File_001_G5Bullet_07_F4E2C678CCA0_2024-08-27_11_0.mp4
2024-09-10 00:14:29,934 - Module(camera):Line(38) INFO - Renamed /mnt/geosense/cameras/G5Bullet_07/mp4/G5Bullet_07_F4E2C678CCA0_2024-08-27_12_0.mp4 to /mnt/geosense/cameras/G5Bullet_07/mp4/File_002_G5Bullet_07_F4E2C678CCA0_2024-08-27_12_0.mp4
2024-09-10 00:14:29,934 - Module(camera):Line(38) INFO - Renamed /mnt/geosense/cameras/G5Bullet_07/mp4/G5Bullet_07_F4E2C678CCA0_2024-08-27_13_0.mp4 to /mnt/geosense/cameras/G5Bullet_07/mp4/File_003_G5Bullet_07_F4E2C678CCA0_2024-08-27_13_0.mp4
2024-09-10 00:14:29,935 - Module(camera):Line(38) INFO - Renamed /mnt/geosense/cameras/G5Bullet_07/mp4/G5Bullet_07_F4E2C678CCA0_2024-08-27_14_0.mp4 to /mnt/geosense/cameras/G5Bullet_07/mp4/File_004_G5Bullet_07_F4E2C678CCA0_2024-08-27_14_0.mp4
2024-09-10 00:14:29,935 - Module(camera):Line(38) INFO - Renamed /mnt/geosense/cameras/G5Bullet_07/mp4/G5Bullet_07_F4E2C678CCA0_2024-08-27_15_0.mp4 to /mnt/geosense/cameras/G5Bullet_07/mp4/File_005_G5Bullet_07_F4E2C678CCA0_2024-08-27_15_0.mp4
2024-09-10 00:14:29,936 - Module(main):Line(72) INFO - Processing file /mnt/geosense/cameras/G5Bullet_07/mp4/File_000_G5Bullet_07_F4E2C678CCA0_2024-08-27_10_0.mp4...
2024-09-10 00:14:30,077 - Module(data_preprocessing):Line(132) INFO - Frame rate: 0.9996809834069782
2024-09-10 00:14:30,077 - Module(data_preprocessing):Line(133) INFO - Extracting frames from video '/mnt/geosense/cameras/G5Bullet_07/mp4/File_000_G5Bullet_07_F4E2C678CCA0_2024-08-27_10_0.mp4'...
2024-09-10 00:14:30,344 - Module(data_preprocessing):Line(169) INFO - Extracting frame 0...
2024-09-10 00:14:30,344 - Module(data_preprocessing):Line(173) INFO - Frame number internal: 119
2024-09-10 00:14:31,381 - Module(data_preprocessing):Line(169) INFO - Extracting frame 1...
2024-09-10 00:14:31,382 - Module(data_preprocessing):Line(173) INFO - Frame number internal: 238
2024-09-10 00:14:32,440 - Module(data_preprocessing):Line(169) INFO - Extracting frame 2...
2024-09-10 00:14:32,440 - Module(data_preprocessing):Line(173) INFO - Frame number internal: 357
2024-09-10 00:14:33,482 - Module(data_preprocessing):Line(169) INFO - Extracting frame 3...
2024-09-10 00:14:33,482 - Module(data_preprocessing):Line(173) INFO - Frame number internal: 476
2024-09-10 00:14:34,637 - Module(data_preprocessing):Line(169) INFO - Extracting frame 4...
2024-09-10 00:14:34,637 - Module(data_preprocessing):Line(173) INFO - Frame number internal: 595
2024-09-10 00:14:35,793 - Module(data_preprocessing):Line(169) INFO - Extracting frame 5...
2024-09-10 00:14:35,793 - Module(data_preprocessing):Line(173) INFO - Frame number internal: 714
2024-09-10 00:14:36,816 - Module(data_preprocessing):Line(169) INFO - Extracting frame 6...
2024-09-10 00:14:36,816 - Module(data_preprocessing):Line(173) INFO - Frame number internal: 833
2024-09-10 00:14:37,812 - Module(data_preprocessing):Line(169) INFO - Extracting frame 7...
2024-09-10 00:14:37,813 - Module(data_preprocessing):Line(173) INFO - Frame number internal: 952
2024-09-10 00:14:38,657 - Module(data_preprocessing):Line(169) INFO - Extracting frame 8...
2024-09-10 00:14:38,658 - Module(data_preprocessing):Line(173) INFO - Frame number internal: 1071
2024-09-10 00:14:39,496 - Module(data_preprocessing):Line(169) INFO - Extracting frame 9...
2024-09-10 00:14:39,496 - Module(data_preprocessing):Line(173) INFO - Frame number internal: 1190
2024-09-10 00:14:40,553 - Module(data_preprocessing):Line(169) INFO - Extracting frame 10...
2024-09-10 00:14:40,553 - Module(data_preprocessing):Line(173) INFO - Frame number internal: 1309
2024-09-10 00:14:41,533 - Module(data_preprocessing):Line(169) INFO - Extracting frame 11...
2024-09-10 00:14:41,533 - Module(data_preprocessing):Line(173) INFO - Frame number internal: 1428
2024-09-10 00:14:42,473 - Module(data_preprocessing):Line(169) INFO - Extracting frame 12...
2024-09-10 00:14:42,473 - Module(data_preprocessing):Line(173) INFO - Frame number internal: 1547
2024-09-10 00:14:42,473 - Module(data_preprocessing):Line(154) INFO - Break: frame_number_internal exceeds total number of frames.
2024-09-10 00:14:42,496 - Module(data_preprocessing):Line(176) INFO - All frames extracted.
2024-09-10 00:14:42,496 - Module(data_preprocessing):Line(177) INFO - Frame number: 0
2024-09-10 00:14:42,497 - Module(main):Line(91) INFO - Enhance frames...
2024-09-10 00:14:42,497 - Module(camera):Line(43) INFO - Grouping files in sets...
2024-09-10 00:14:42,498 - Module(camera):Line(48) INFO - Moving files to staging directory...
2024-09-10 00:14:42,498 - Module(camera):Line(52) INFO - Keeping every third file and removing the others...
2024-09-10 00:14:42,499 - Module(main):Line(72) INFO - Processing file /mnt/geosense/cameras/G5Bullet_07/mp4/File_001_G5Bullet_07_F4E2C678CCA0_2024-08-27_11_0.mp4...
2024-09-10 00:14:42,591 - Module(data_preprocessing):Line(132) INFO - Frame rate: 0.9996645296721246
2024-09-10 00:14:42,591 - Module(data_preprocessing):Line(133) INFO - Extracting frames from video '/mnt/geosense/cameras/G5Bullet_07/mp4/File_001_G5Bullet_07_F4E2C678CCA0_2024-08-27_11_0.mp4'...
2024-09-10 00:14:42,835 - Module(data_preprocessing):Line(169) INFO - Extracting frame 13...
2024-09-10 00:14:42,835 - Module(data_preprocessing):Line(173) INFO - Frame number internal: 119
2024-09-10 00:14:43,871 - Module(data_preprocessing):Line(169) INFO - Extracting frame 14...
2024-09-10 00:14:43,871 - Module(data_preprocessing):Line(173) INFO - Frame number internal: 238
2024-09-10 00:14:44,897 - Module(data_preprocessing):Line(169) INFO - Extracting frame 15...
2024-09-10 00:14:44,897 - Module(data_preprocessing):Line(173) INFO - Frame number internal: 357
2024-09-10 00:14:45,805 - Module(data_preprocessing):Line(169) INFO - Extracting frame 16...
2024-09-10 00:14:45,805 - Module(data_preprocessing):Line(173) INFO - Frame number internal: 476
2024-09-10 00:14:46,606 - Module(data_preprocessing):Line(169) INFO - Extracting frame 17...
2024-09-10 00:14:46,606 - Module(data_preprocessing):Line(173) INFO - Frame number internal: 595
2024-09-10 00:14:47,618 - Module(data_preprocessing):Line(169) INFO - Extracting frame 18...
2024-09-10 00:14:47,618 - Module(data_preprocessing):Line(173) INFO - Frame number internal: 714
2024-09-10 00:14:48,586 - Module(data_preprocessing):Line(169) INFO - Extracting frame 19...
2024-09-10 00:14:48,587 - Module(data_preprocessing):Line(173) INFO - Frame number internal: 833
2024-09-10 00:14:49,529 - Module(data_preprocessing):Line(169) INFO - Extracting frame 20...
2024-09-10 00:14:49,529 - Module(data_preprocessing):Line(173) INFO - Frame number internal: 952
2024-09-10 00:14:50,386 - Module(data_preprocessing):Line(169) INFO - Extracting frame 21...
2024-09-10 00:14:50,386 - Module(data_preprocessing):Line(173) INFO - Frame number internal: 1071
2024-09-10 00:14:51,190 - Module(data_preprocessing):Line(169) INFO - Extracting frame 22...
2024-09-10 00:14:51,190 - Module(data_preprocessing):Line(173) INFO - Frame number internal: 1190
2024-09-10 00:14:52,225 - Module(data_preprocessing):Line(169) INFO - Extracting frame 23...
2024-09-10 00:14:52,225 - Module(data_preprocessing):Line(173) INFO - Frame number internal: 1309
2024-09-10 00:14:53,075 - Module(data_preprocessing):Line(169) INFO - Extracting frame 24...
2024-09-10 00:14:53,075 - Module(data_preprocessing):Line(173) INFO - Frame number internal: 1428
2024-09-10 00:14:53,996 - Module(data_preprocessing):Line(169) INFO - Extracting frame 25...
2024-09-10 00:14:53,996 - Module(data_preprocessing):Line(173) INFO - Frame number internal: 1547
2024-09-10 00:14:54,876 - Module(data_preprocessing):Line(169) INFO - Extracting frame 26...
2024-09-10 00:14:54,876 - Module(data_preprocessing):Line(173) INFO - Frame number internal: 1666
2024-09-10 00:14:54,876 - Module(data_preprocessing):Line(154) INFO - Break: frame_number_internal exceeds total number of frames.
2024-09-10 00:14:54,893 - Module(data_preprocessing):Line(176) INFO - All frames extracted.
2024-09-10 00:14:54,893 - Module(data_preprocessing):Line(177) INFO - Frame number: 13
2024-09-10 00:14:54,899 - Module(main):Line(91) INFO - Enhance frames...
2024-09-10 00:14:54,899 - Module(camera):Line(43) INFO - Grouping files in sets...
2024-09-10 00:14:54,899 - Module(camera):Line(48) INFO - Moving files to staging directory...
2024-09-10 00:14:54,899 - Module(camera):Line(52) INFO - Keeping every third file and removing the others...
2024-09-10 00:14:54,900 - Module(main):Line(72) INFO - Processing file /mnt/geosense/cameras/G5Bullet_07/mp4/File_002_G5Bullet_07_F4E2C678CCA0_2024-08-27_12_0.mp4...
2024-09-10 00:14:54,982 - Module(data_preprocessing):Line(132) INFO - Frame rate: 0.9996632815419024
2024-09-10 00:14:54,982 - Module(data_preprocessing):Line(133) INFO - Extracting frames from video '/mnt/geosense/cameras/G5Bullet_07/mp4/File_002_G5Bullet_07_F4E2C678CCA0_2024-08-27_12_0.mp4'...
2024-09-10 00:14:55,202 - Module(data_preprocessing):Line(169) INFO - Extracting frame 27...
2024-09-10 00:14:55,202 - Module(data_preprocessing):Line(173) INFO - Frame number internal: 119
2024-09-10 00:14:56,109 - Module(data_preprocessing):Line(169) INFO - Extracting frame 28...
2024-09-10 00:14:56,109 - Module(data_preprocessing):Line(173) INFO - Frame number internal: 238
2024-09-10 00:14:57,083 - Module(data_preprocessing):Line(169) INFO - Extracting frame 29...
2024-09-10 00:14:57,083 - Module(data_preprocessing):Line(173) INFO - Frame number internal: 357
2024-09-10 00:14:57,928 - Module(data_preprocessing):Line(169) INFO - Extracting frame 30...
2024-09-10 00:14:57,928 - Module(data_preprocessing):Line(173) INFO - Frame number internal: 476
2024-09-10 00:14:58,766 - Module(data_preprocessing):Line(169) INFO - Extracting frame 31...
2024-09-10 00:14:58,766 - Module(data_preprocessing):Line(173) INFO - Frame number internal: 595
2024-09-10 00:14:59,741 - Module(data_preprocessing):Line(169) INFO - Extracting frame 32...
2024-09-10 00:14:59,741 - Module(data_preprocessing):Line(173) INFO - Frame number internal: 714
2024-09-10 00:15:00,666 - Module(data_preprocessing):Line(169) INFO - Extracting frame 33...
2024-09-10 00:15:00,666 - Module(data_preprocessing):Line(173) INFO - Frame number internal: 833
2024-09-10 00:15:01,550 - Module(data_preprocessing):Line(169) INFO - Extracting frame 34...
2024-09-10 00:15:01,550 - Module(data_preprocessing):Line(173) INFO - Frame number internal: 952
2024-09-10 00:15:02,447 - Module(data_preprocessing):Line(169) INFO - Extracting frame 35...
2024-09-10 00:15:02,447 - Module(data_preprocessing):Line(173) INFO - Frame number internal: 1071
2024-09-10 00:15:03,265 - Module(data_preprocessing):Line(169) INFO - Extracting frame 36...
2024-09-10 00:15:03,266 - Module(data_preprocessing):Line(173) INFO - Frame number internal: 1190
2024-09-10 00:15:04,265 - Module(data_preprocessing):Line(169) INFO - Extracting frame 37...
2024-09-10 00:15:04,265 - Module(data_preprocessing):Line(173) INFO - Frame number internal: 1309
2024-09-10 00:15:05,300 - Module(data_preprocessing):Line(169) INFO - Extracting frame 38...
2024-09-10 00:15:05,301 - Module(data_preprocessing):Line(173) INFO - Frame number internal: 1428
2024-09-10 00:15:06,368 - Module(data_preprocessing):Line(169) INFO - Extracting frame 39...
2024-09-10 00:15:06,368 - Module(data_preprocessing):Line(173) INFO - Frame number internal: 1547
2024-09-10 00:15:07,328 - Module(data_preprocessing):Line(169) INFO - Extracting frame 40...
2024-09-10 00:15:07,328 - Module(data_preprocessing):Line(173) INFO - Frame number internal: 1666
2024-09-10 00:15:08,271 - Module(data_preprocessing):Line(169) INFO - Extracting frame 41...
2024-09-10 00:15:08,271 - Module(data_preprocessing):Line(173) INFO - Frame number internal: 1785
2024-09-10 00:15:08,271 - Module(data_preprocessing):Line(154) INFO - Break: frame_number_internal exceeds total number of frames.
2024-09-10 00:15:08,272 - Module(data_preprocessing):Line(176) INFO - All frames extracted.
2024-09-10 00:15:08,272 - Module(data_preprocessing):Line(177) INFO - Frame number: 27
2024-09-10 00:15:08,273 - Module(main):Line(91) INFO - Enhance frames...
2024-09-10 00:15:08,273 - Module(camera):Line(43) INFO - Grouping files in sets...
2024-09-10 00:15:08,273 - Module(camera):Line(48) INFO - Moving files to staging directory...
2024-09-10 00:15:08,274 - Module(camera):Line(52) INFO - Keeping every third file and removing the others...
2024-09-10 00:15:08,274 - Module(main):Line(72) INFO - Processing file /mnt/geosense/cameras/G5Bullet_07/mp4/File_003_G5Bullet_07_F4E2C678CCA0_2024-08-27_13_0.mp4...
2024-09-10 00:15:08,361 - Module(data_preprocessing):Line(132) INFO - Frame rate: 0.9996729280165262
2024-09-10 00:15:08,361 - Module(data_preprocessing):Line(133) INFO - Extracting frames from video '/mnt/geosense/cameras/G5Bullet_07/mp4/File_003_G5Bullet_07_F4E2C678CCA0_2024-08-27_13_0.mp4'...
2024-09-10 00:15:08,630 - Module(data_preprocessing):Line(169) INFO - Extracting frame 42...
2024-09-10 00:15:08,630 - Module(data_preprocessing):Line(173) INFO - Frame number internal: 119
2024-09-10 00:15:09,636 - Module(data_preprocessing):Line(169) INFO - Extracting frame 43...
2024-09-10 00:15:09,636 - Module(data_preprocessing):Line(173) INFO - Frame number internal: 238
2024-09-10 00:15:10,766 - Module(data_preprocessing):Line(169) INFO - Extracting frame 44...
2024-09-10 00:15:10,767 - Module(data_preprocessing):Line(173) INFO - Frame number internal: 357
2024-09-10 00:15:11,750 - Module(data_preprocessing):Line(169) INFO - Extracting frame 45...
2024-09-10 00:15:11,750 - Module(data_preprocessing):Line(173) INFO - Frame number internal: 476
2024-09-10 00:15:12,640 - Module(data_preprocessing):Line(169) INFO - Extracting frame 46...
2024-09-10 00:15:12,640 - Module(data_preprocessing):Line(173) INFO - Frame number internal: 595
2024-09-10 00:15:13,755 - Module(data_preprocessing):Line(169) INFO - Extracting frame 47...
2024-09-10 00:15:13,755 - Module(data_preprocessing):Line(173) INFO - Frame number internal: 714
2024-09-10 00:15:14,672 - Module(data_preprocessing):Line(169) INFO - Extracting frame 48...
2024-09-10 00:15:14,672 - Module(data_preprocessing):Line(173) INFO - Frame number internal: 833
2024-09-10 00:15:15,625 - Module(data_preprocessing):Line(169) INFO - Extracting frame 49...
2024-09-10 00:15:15,625 - Module(data_preprocessing):Line(173) INFO - Frame number internal: 952
2024-09-10 00:15:16,505 - Module(data_preprocessing):Line(169) INFO - Extracting frame 50...
2024-09-10 00:15:16,506 - Module(data_preprocessing):Line(173) INFO - Frame number internal: 1071
2024-09-10 00:15:17,370 - Module(data_preprocessing):Line(169) INFO - Extracting frame 51...
2024-09-10 00:15:17,370 - Module(data_preprocessing):Line(173) INFO - Frame number internal: 1190
2024-09-10 00:15:18,370 - Module(data_preprocessing):Line(169) INFO - Extracting frame 52...
2024-09-10 00:15:18,370 - Module(data_preprocessing):Line(173) INFO - Frame number internal: 1309
2024-09-10 00:15:19,384 - Module(data_preprocessing):Line(169) INFO - Extracting frame 53...
2024-09-10 00:15:19,385 - Module(data_preprocessing):Line(173) INFO - Frame number internal: 1428
2024-09-10 00:15:20,444 - Module(data_preprocessing):Line(169) INFO - Extracting frame 54...
2024-09-10 00:15:20,444 - Module(data_preprocessing):Line(173) INFO - Frame number internal: 1547
2024-09-10 00:15:21,369 - Module(data_preprocessing):Line(169) INFO - Extracting frame 55...
2024-09-10 00:15:21,369 - Module(data_preprocessing):Line(173) INFO - Frame number internal: 1666
2024-09-10 00:15:22,203 - Module(data_preprocessing):Line(169) INFO - Extracting frame 56...
2024-09-10 00:15:22,203 - Module(data_preprocessing):Line(173) INFO - Frame number internal: 1785
2024-09-10 00:15:22,203 - Module(data_preprocessing):Line(154) INFO - Break: frame_number_internal exceeds total number of frames.
2024-09-10 00:15:22,203 - Module(data_preprocessing):Line(176) INFO - All frames extracted.
2024-09-10 00:15:22,203 - Module(data_preprocessing):Line(177) INFO - Frame number: 42
2024-09-10 00:15:22,204 - Module(main):Line(91) INFO - Enhance frames...
2024-09-10 00:15:22,204 - Module(camera):Line(43) INFO - Grouping files in sets...
2024-09-10 00:15:22,205 - Module(camera):Line(48) INFO - Moving files to staging directory...
2024-09-10 00:15:22,205 - Module(camera):Line(52) INFO - Keeping every third file and removing the others...
2024-09-10 00:15:22,205 - Module(main):Line(72) INFO - Processing file /mnt/geosense/cameras/G5Bullet_07/mp4/File_004_G5Bullet_07_F4E2C678CCA0_2024-08-27_14_0.mp4...
2024-09-10 00:15:22,299 - Module(data_preprocessing):Line(132) INFO - Frame rate: 0.9996528893927319
2024-09-10 00:15:22,299 - Module(data_preprocessing):Line(133) INFO - Extracting frames from video '/mnt/geosense/cameras/G5Bullet_07/mp4/File_004_G5Bullet_07_F4E2C678CCA0_2024-08-27_14_0.mp4'...
2024-09-10 00:15:22,548 - Module(data_preprocessing):Line(169) INFO - Extracting frame 57...
2024-09-10 00:15:22,548 - Module(data_preprocessing):Line(173) INFO - Frame number internal: 119
2024-09-10 00:15:23,372 - Module(data_preprocessing):Line(169) INFO - Extracting frame 58...
2024-09-10 00:15:23,372 - Module(data_preprocessing):Line(173) INFO - Frame number internal: 238
2024-09-10 00:15:24,461 - Module(data_preprocessing):Line(169) INFO - Extracting frame 59...
2024-09-10 00:15:24,461 - Module(data_preprocessing):Line(173) INFO - Frame number internal: 357
2024-09-10 00:15:25,252 - Module(data_preprocessing):Line(169) INFO - Extracting frame 60...
2024-09-10 00:15:25,252 - Module(data_preprocessing):Line(173) INFO - Frame number internal: 476
2024-09-10 00:15:26,217 - Module(data_preprocessing):Line(169) INFO - Extracting frame 61...
2024-09-10 00:15:26,217 - Module(data_preprocessing):Line(173) INFO - Frame number internal: 595
2024-09-10 00:15:27,368 - Module(data_preprocessing):Line(169) INFO - Extracting frame 62...
2024-09-10 00:15:27,368 - Module(data_preprocessing):Line(173) INFO - Frame number internal: 714
2024-09-10 00:15:28,309 - Module(data_preprocessing):Line(169) INFO - Extracting frame 63...
2024-09-10 00:15:28,310 - Module(data_preprocessing):Line(173) INFO - Frame number internal: 833
2024-09-10 00:15:29,207 - Module(data_preprocessing):Line(169) INFO - Extracting frame 64...
2024-09-10 00:15:29,207 - Module(data_preprocessing):Line(173) INFO - Frame number internal: 952
2024-09-10 00:15:30,007 - Module(data_preprocessing):Line(169) INFO - Extracting frame 65...
2024-09-10 00:15:30,007 - Module(data_preprocessing):Line(173) INFO - Frame number internal: 1071
2024-09-10 00:15:31,063 - Module(data_preprocessing):Line(169) INFO - Extracting frame 66...
2024-09-10 00:15:31,063 - Module(data_preprocessing):Line(173) INFO - Frame number internal: 1190
2024-09-10 00:15:31,862 - Module(data_preprocessing):Line(169) INFO - Extracting frame 67...
2024-09-10 00:15:31,863 - Module(data_preprocessing):Line(173) INFO - Frame number internal: 1309
2024-09-10 00:15:32,776 - Module(data_preprocessing):Line(169) INFO - Extracting frame 68...
2024-09-10 00:15:32,776 - Module(data_preprocessing):Line(173) INFO - Frame number internal: 1428
2024-09-10 00:15:33,574 - Module(data_preprocessing):Line(169) INFO - Extracting frame 69...
2024-09-10 00:15:33,574 - Module(data_preprocessing):Line(173) INFO - Frame number internal: 1547
2024-09-10 00:15:34,429 - Module(data_preprocessing):Line(169) INFO - Extracting frame 70...
2024-09-10 00:15:34,429 - Module(data_preprocessing):Line(173) INFO - Frame number internal: 1666
2024-09-10 00:15:35,176 - Module(data_preprocessing):Line(169) INFO - Extracting frame 71...
2024-09-10 00:15:35,177 - Module(data_preprocessing):Line(173) INFO - Frame number internal: 1785
2024-09-10 00:15:36,013 - Module(data_preprocessing):Line(169) INFO - Extracting frame 72...
2024-09-10 00:15:36,013 - Module(data_preprocessing):Line(173) INFO - Frame number internal: 1904
2024-09-10 00:15:36,013 - Module(data_preprocessing):Line(154) INFO - Break: frame_number_internal exceeds total number of frames.
2024-09-10 00:15:36,037 - Module(data_preprocessing):Line(176) INFO - All frames extracted.
2024-09-10 00:15:36,037 - Module(data_preprocessing):Line(177) INFO - Frame number: 57
2024-09-10 00:15:36,038 - Module(main):Line(91) INFO - Enhance frames...
2024-09-10 00:15:36,038 - Module(camera):Line(43) INFO - Grouping files in sets...
2024-09-10 00:15:36,038 - Module(camera):Line(48) INFO - Moving files to staging directory...
2024-09-10 00:15:36,039 - Module(camera):Line(52) INFO - Keeping every third file and removing the others...
2024-09-10 00:15:36,039 - Module(main):Line(72) INFO - Processing file /mnt/geosense/cameras/G5Bullet_07/mp4/File_005_G5Bullet_07_F4E2C678CCA0_2024-08-27_15_0.mp4...
2024-09-10 00:15:36,125 - Module(data_preprocessing):Line(132) INFO - Frame rate: 0.9996656294846658
2024-09-10 00:15:36,125 - Module(data_preprocessing):Line(133) INFO - Extracting frames from video '/mnt/geosense/cameras/G5Bullet_07/mp4/File_005_G5Bullet_07_F4E2C678CCA0_2024-08-27_15_0.mp4'...
2024-09-10 00:15:36,348 - Module(data_preprocessing):Line(169) INFO - Extracting frame 73...
2024-09-10 00:15:36,348 - Module(data_preprocessing):Line(173) INFO - Frame number internal: 119
2024-09-10 00:15:37,354 - Module(data_preprocessing):Line(169) INFO - Extracting frame 74...
2024-09-10 00:15:37,355 - Module(data_preprocessing):Line(173) INFO - Frame number internal: 238
2024-09-10 00:15:38,342 - Module(data_preprocessing):Line(169) INFO - Extracting frame 75...
2024-09-10 00:15:38,343 - Module(data_preprocessing):Line(173) INFO - Frame number internal: 357
2024-09-10 00:15:39,325 - Module(data_preprocessing):Line(169) INFO - Extracting frame 76...
2024-09-10 00:15:39,325 - Module(data_preprocessing):Line(173) INFO - Frame number internal: 476
2024-09-10 00:15:40,229 - Module(data_preprocessing):Line(169) INFO - Extracting frame 77...
2024-09-10 00:15:40,230 - Module(data_preprocessing):Line(173) INFO - Frame number internal: 595
2024-09-10 00:15:41,171 - Module(data_preprocessing):Line(169) INFO - Extracting frame 78...
2024-09-10 00:15:41,171 - Module(data_preprocessing):Line(173) INFO - Frame number internal: 714
2024-09-10 00:15:42,209 - Module(data_preprocessing):Line(169) INFO - Extracting frame 79...
2024-09-10 00:15:42,209 - Module(data_preprocessing):Line(173) INFO - Frame number internal: 833
2024-09-10 00:15:43,131 - Module(data_preprocessing):Line(169) INFO - Extracting frame 80...
2024-09-10 00:15:43,131 - Module(data_preprocessing):Line(173) INFO - Frame number internal: 952
2024-09-10 00:15:43,958 - Module(data_preprocessing):Line(169) INFO - Extracting frame 81...
2024-09-10 00:15:43,958 - Module(data_preprocessing):Line(173) INFO - Frame number internal: 1071
2024-09-10 00:15:44,982 - Module(data_preprocessing):Line(169) INFO - Extracting frame 82...
2024-09-10 00:15:44,982 - Module(data_preprocessing):Line(173) INFO - Frame number internal: 1190
2024-09-10 00:15:46,047 - Module(data_preprocessing):Line(169) INFO - Extracting frame 83...
2024-09-10 00:15:46,047 - Module(data_preprocessing):Line(173) INFO - Frame number internal: 1309
2024-09-10 00:15:46,917 - Module(data_preprocessing):Line(169) INFO - Extracting frame 84...
2024-09-10 00:15:46,918 - Module(data_preprocessing):Line(173) INFO - Frame number internal: 1428
2024-09-10 00:15:47,841 - Module(data_preprocessing):Line(169) INFO - Extracting frame 85...
2024-09-10 00:15:47,842 - Module(data_preprocessing):Line(173) INFO - Frame number internal: 1547
2024-09-10 00:15:48,506 - Module(data_preprocessing):Line(169) INFO - Extracting frame 86...
2024-09-10 00:15:48,506 - Module(data_preprocessing):Line(173) INFO - Frame number internal: 1666
2024-09-10 00:15:49,311 - Module(data_preprocessing):Line(169) INFO - Extracting frame 87...
2024-09-10 00:15:49,311 - Module(data_preprocessing):Line(173) INFO - Frame number internal: 1785
2024-09-10 00:15:50,345 - Module(data_preprocessing):Line(169) INFO - Extracting frame 88...
2024-09-10 00:15:50,346 - Module(data_preprocessing):Line(173) INFO - Frame number internal: 1904
2024-09-10 00:15:51,009 - Module(data_preprocessing):Line(169) INFO - Extracting frame 89...
2024-09-10 00:15:51,009 - Module(data_preprocessing):Line(173) INFO - Frame number internal: 2023
2024-09-10 00:15:51,009 - Module(data_preprocessing):Line(154) INFO - Break: frame_number_internal exceeds total number of frames.
2024-09-10 00:15:51,010 - Module(data_preprocessing):Line(176) INFO - All frames extracted.
2024-09-10 00:15:51,010 - Module(data_preprocessing):Line(177) INFO - Frame number: 73
2024-09-10 00:15:51,012 - Module(main):Line(91) INFO - Enhance frames...
2024-09-10 00:15:51,012 - Module(camera):Line(43) INFO - Grouping files in sets...
2024-09-10 00:15:51,013 - Module(camera):Line(48) INFO - Moving files to staging directory...
2024-09-10 00:15:51,014 - Module(camera):Line(52) INFO - Keeping every third file and removing the others...
2024-09-10 00:15:51,014 - Module(main):Line(99) INFO - Generate video...
2024-09-10 00:15:51,014 - Module(main):Line(102) INFO - Exporting video to /mnt/geosense/cameras/G5Bullet_07/video_timelapse_export/G5Bullet_07_2024-08-27_fr30.mp4...
2024-09-10 00:16:23,644 - Module(main):Line(111) INFO - Transfering video to Pylos: /mnt/gsdata/projects/ecosense/AngleCam2_0/data/raw_videos/G5Bullet_07/2024/08/27
2024-09-10 00:16:40,880 - Module(main):Line(123) INFO - ::: Successful transfer of video to Pylos. :::
2024-09-10 00:16:40,880 - Module(logger):Line(76) INFO - --------------------------------------------------
2024-09-10 00:16:40,880 - Module(logger):Line(77) INFO - --------------------------------------------------
