[2024-09-05 18:12:54,969][main][INFO] - --------------------------------------------------
[2024-09-05 18:12:54,969][main][INFO] - --------------------------------------------------
[2024-09-05 18:12:54,969][main][INFO] - ::: Processing camera G5Bullet_07 :::
[2024-09-05 18:12:54,969][main][INFO] - --------------------------------------------------
[2024-09-05 18:12:54,969][main][INFO] - --------------------------------------------------
[2024-09-05 18:12:54,969][main][INFO] - Transfering data from NVR (/volume1/videos/G5Bullet_07/*0.mp4) to VM (/mnt/geosense/cameras/G5Bullet_07/mp4)...
[2024-09-05 18:12:54,969][main][INFO] - Extract frames...
[2024-09-05 18:12:54,969][main][INFO] - Renaming .mp4 files...
[2024-09-05 18:12:54,970][main][INFO] - Renamed /mnt/geosense/cameras/G5Bullet_07/mp4/File_004_G5Bullet_07_F4E2C678CCA0_3_0.mp4 to /mnt/geosense/cameras/G5Bullet_07/mp4/File_000_File_004_G5Bullet_07_F4E2C678CCA0_3_0.mp4
[2024-09-05 18:12:54,970][main][INFO] - Renamed /mnt/geosense/cameras/G5Bullet_07/mp4/File_005_G5Bullet_07_F4E2C678CCA0_4_0.mp4 to /mnt/geosense/cameras/G5Bullet_07/mp4/File_001_File_005_G5Bullet_07_F4E2C678CCA0_4_0.mp4
[2024-09-05 18:12:54,970][main][INFO] - Renamed /mnt/geosense/cameras/G5Bullet_07/mp4/File_006_G5Bullet_07_F4E2C678CCA0_5_0.mp4 to /mnt/geosense/cameras/G5Bullet_07/mp4/File_002_File_006_G5Bullet_07_F4E2C678CCA0_5_0.mp4
[2024-09-05 18:12:54,970][main][INFO] - Renamed /mnt/geosense/cameras/G5Bullet_07/mp4/File_007_G5Bullet_07_F4E2C678CCA0_6_0.mp4 to /mnt/geosense/cameras/G5Bullet_07/mp4/File_003_File_007_G5Bullet_07_F4E2C678CCA0_6_0.mp4
[2024-09-05 18:12:54,971][main][INFO] - Renamed /mnt/geosense/cameras/G5Bullet_07/mp4/File_008_G5Bullet_07_F4E2C678CCA0_7_0.mp4 to /mnt/geosense/cameras/G5Bullet_07/mp4/File_004_File_008_G5Bullet_07_F4E2C678CCA0_7_0.mp4
[2024-09-05 18:12:54,971][main][INFO] - Renamed /mnt/geosense/cameras/G5Bullet_07/mp4/File_009_G5Bullet_07_F4E2C678CCA0_8_0.mp4 to /mnt/geosense/cameras/G5Bullet_07/mp4/File_005_File_009_G5Bullet_07_F4E2C678CCA0_8_0.mp4
[2024-09-05 18:12:54,971][main][INFO] - Renamed /mnt/geosense/cameras/G5Bullet_07/mp4/File_010_G5Bullet_07_F4E2C678CCA0_9_0.mp4 to /mnt/geosense/cameras/G5Bullet_07/mp4/File_006_File_010_G5Bullet_07_F4E2C678CCA0_9_0.mp4
[2024-09-05 18:12:54,971][main][INFO] - Renamed /mnt/geosense/cameras/G5Bullet_07/mp4/File_011_G5Bullet_07_F4E2C678CCA0_10_0.mp4 to /mnt/geosense/cameras/G5Bullet_07/mp4/File_007_File_011_G5Bullet_07_F4E2C678CCA0_10_0.mp4
[2024-09-05 18:12:54,971][main][INFO] - Renamed /mnt/geosense/cameras/G5Bullet_07/mp4/File_012_G5Bullet_07_F4E2C678CCA0_11_0.mp4 to /mnt/geosense/cameras/G5Bullet_07/mp4/File_008_File_012_G5Bullet_07_F4E2C678CCA0_11_0.mp4
[2024-09-05 18:12:54,971][main][INFO] - Renamed /mnt/geosense/cameras/G5Bullet_07/mp4/File_013_G5Bullet_07_F4E2C678CCA0_12_0.mp4 to /mnt/geosense/cameras/G5Bullet_07/mp4/File_009_File_013_G5Bullet_07_F4E2C678CCA0_12_0.mp4
[2024-09-05 18:12:54,971][main][INFO] - Renamed /mnt/geosense/cameras/G5Bullet_07/mp4/File_014_G5Bullet_07_F4E2C678CCA0_13_0.mp4 to /mnt/geosense/cameras/G5Bullet_07/mp4/File_010_File_014_G5Bullet_07_F4E2C678CCA0_13_0.mp4
[2024-09-05 18:12:54,972][main][INFO] - Renamed /mnt/geosense/cameras/G5Bullet_07/mp4/File_015_G5Bullet_07_F4E2C678CCA0_14_0.mp4 to /mnt/geosense/cameras/G5Bullet_07/mp4/File_011_File_015_G5Bullet_07_F4E2C678CCA0_14_0.mp4
[2024-09-05 18:12:54,972][main][INFO] - Renamed /mnt/geosense/cameras/G5Bullet_07/mp4/File_016_G5Bullet_07_F4E2C678CCA0_15_0.mp4 to /mnt/geosense/cameras/G5Bullet_07/mp4/File_012_File_016_G5Bullet_07_F4E2C678CCA0_15_0.mp4
[2024-09-05 18:12:54,972][main][INFO] - Renamed /mnt/geosense/cameras/G5Bullet_07/mp4/File_017_G5Bullet_07_F4E2C678CCA0_16_0.mp4 to /mnt/geosense/cameras/G5Bullet_07/mp4/File_013_File_017_G5Bullet_07_F4E2C678CCA0_16_0.mp4
[2024-09-05 18:12:54,972][main][INFO] - Renamed /mnt/geosense/cameras/G5Bullet_07/mp4/File_018_G5Bullet_07_F4E2C678CCA0_17_0.mp4 to /mnt/geosense/cameras/G5Bullet_07/mp4/File_014_File_018_G5Bullet_07_F4E2C678CCA0_17_0.mp4
[2024-09-05 18:12:54,972][main][INFO] - Renamed /mnt/geosense/cameras/G5Bullet_07/mp4/File_019_G5Bullet_07_F4E2C678CCA0_18_0.mp4 to /mnt/geosense/cameras/G5Bullet_07/mp4/File_015_File_019_G5Bullet_07_F4E2C678CCA0_18_0.mp4
[2024-09-05 18:12:54,972][main][INFO] - Renamed /mnt/geosense/cameras/G5Bullet_07/mp4/File_020_G5Bullet_07_F4E2C678CCA0_19_0.mp4 to /mnt/geosense/cameras/G5Bullet_07/mp4/File_016_File_020_G5Bullet_07_F4E2C678CCA0_19_0.mp4
[2024-09-05 18:12:54,972][main][INFO] - Renamed /mnt/geosense/cameras/G5Bullet_07/mp4/File_021_G5Bullet_07_F4E2C678CCA0_20_0.mp4 to /mnt/geosense/cameras/G5Bullet_07/mp4/File_017_File_021_G5Bullet_07_F4E2C678CCA0_20_0.mp4
[2024-09-05 18:12:54,973][main][INFO] - Renamed /mnt/geosense/cameras/G5Bullet_07/mp4/File_022_G5Bullet_07_F4E2C678CCA0_21_0.mp4 to /mnt/geosense/cameras/G5Bullet_07/mp4/File_018_File_022_G5Bullet_07_F4E2C678CCA0_21_0.mp4
[2024-09-05 18:12:54,973][main][INFO] - Renamed /mnt/geosense/cameras/G5Bullet_07/mp4/File_023_G5Bullet_07_F4E2C678CCA0_22_0.mp4 to /mnt/geosense/cameras/G5Bullet_07/mp4/File_019_File_023_G5Bullet_07_F4E2C678CCA0_22_0.mp4
[2024-09-05 18:12:54,973][main][INFO] - Renamed /mnt/geosense/cameras/G5Bullet_07/mp4/File_024_G5Bullet_07_F4E2C678CCA0_23_0.mp4 to /mnt/geosense/cameras/G5Bullet_07/mp4/File_020_File_024_G5Bullet_07_F4E2C678CCA0_23_0.mp4
[2024-09-05 18:12:54,973][main][INFO] - Renamed /mnt/geosense/cameras/G5Bullet_07/mp4/File_025_G5Bullet_07_F4E2C678CCA0_24_0.mp4 to /mnt/geosense/cameras/G5Bullet_07/mp4/File_021_File_025_G5Bullet_07_F4E2C678CCA0_24_0.mp4
[2024-09-05 18:12:54,973][main][INFO] - Renamed /mnt/geosense/cameras/G5Bullet_07/mp4/File_026_G5Bullet_07_F4E2C678CCA0_25_0.mp4 to /mnt/geosense/cameras/G5Bullet_07/mp4/File_022_File_026_G5Bullet_07_F4E2C678CCA0_25_0.mp4
[2024-09-05 18:12:54,973][main][INFO] - Renamed /mnt/geosense/cameras/G5Bullet_07/mp4/File_027_G5Bullet_07_F4E2C678CCA0_26_0.mp4 to /mnt/geosense/cameras/G5Bullet_07/mp4/File_023_File_027_G5Bullet_07_F4E2C678CCA0_26_0.mp4
[2024-09-05 18:12:54,973][main][INFO] - Renamed /mnt/geosense/cameras/G5Bullet_07/mp4/File_028_G5Bullet_07_F4E2C678CCA0_27_0.mp4 to /mnt/geosense/cameras/G5Bullet_07/mp4/File_024_File_028_G5Bullet_07_F4E2C678CCA0_27_0.mp4
[2024-09-05 18:12:54,973][main][INFO] - Renamed /mnt/geosense/cameras/G5Bullet_07/mp4/File_029_G5Bullet_07_F4E2C678CCA0_28_0.mp4 to /mnt/geosense/cameras/G5Bullet_07/mp4/File_025_File_029_G5Bullet_07_F4E2C678CCA0_28_0.mp4
[2024-09-05 18:12:54,974][main][INFO] - Renamed /mnt/geosense/cameras/G5Bullet_07/mp4/File_030_G5Bullet_07_F4E2C678CCA0_29_0.mp4 to /mnt/geosense/cameras/G5Bullet_07/mp4/File_026_File_030_G5Bullet_07_F4E2C678CCA0_29_0.mp4
[2024-09-05 18:12:54,974][main][INFO] - Renamed /mnt/geosense/cameras/G5Bullet_07/mp4/File_031_G5Bullet_07_F4E2C678CCA0_30_0.mp4 to /mnt/geosense/cameras/G5Bullet_07/mp4/File_027_File_031_G5Bullet_07_F4E2C678CCA0_30_0.mp4
[2024-09-05 18:12:54,974][main][INFO] - Renamed /mnt/geosense/cameras/G5Bullet_07/mp4/File_032_G5Bullet_07_F4E2C678CCA0_31_0.mp4 to /mnt/geosense/cameras/G5Bullet_07/mp4/File_028_File_032_G5Bullet_07_F4E2C678CCA0_31_0.mp4
[2024-09-05 18:12:54,974][main][INFO] - Renamed /mnt/geosense/cameras/G5Bullet_07/mp4/File_033_G5Bullet_07_F4E2C678CCA0_32_0.mp4 to /mnt/geosense/cameras/G5Bullet_07/mp4/File_029_File_033_G5Bullet_07_F4E2C678CCA0_32_0.mp4
[2024-09-05 18:12:54,974][main][INFO] - Renamed /mnt/geosense/cameras/G5Bullet_07/mp4/File_034_G5Bullet_07_F4E2C678CCA0_33_0.mp4 to /mnt/geosense/cameras/G5Bullet_07/mp4/File_030_File_034_G5Bullet_07_F4E2C678CCA0_33_0.mp4
[2024-09-05 18:12:54,974][main][INFO] - Renamed /mnt/geosense/cameras/G5Bullet_07/mp4/File_035_G5Bullet_07_F4E2C678CCA0_34_0.mp4 to /mnt/geosense/cameras/G5Bullet_07/mp4/File_031_File_035_G5Bullet_07_F4E2C678CCA0_34_0.mp4
[2024-09-05 18:12:54,974][main][INFO] - Renamed /mnt/geosense/cameras/G5Bullet_07/mp4/File_036_G5Bullet_07_F4E2C678CCA0_35_0.mp4 to /mnt/geosense/cameras/G5Bullet_07/mp4/File_032_File_036_G5Bullet_07_F4E2C678CCA0_35_0.mp4
[2024-09-05 18:12:54,975][main][INFO] - Renamed /mnt/geosense/cameras/G5Bullet_07/mp4/File_037_G5Bullet_07_F4E2C678CCA0_36_0.mp4 to /mnt/geosense/cameras/G5Bullet_07/mp4/File_033_File_037_G5Bullet_07_F4E2C678CCA0_36_0.mp4
[2024-09-05 18:12:54,975][main][INFO] - Renamed /mnt/geosense/cameras/G5Bullet_07/mp4/File_038_G5Bullet_07_F4E2C678CCA0_37_0.mp4 to /mnt/geosense/cameras/G5Bullet_07/mp4/File_034_File_038_G5Bullet_07_F4E2C678CCA0_37_0.mp4
[2024-09-05 18:12:54,975][main][INFO] - Renamed /mnt/geosense/cameras/G5Bullet_07/mp4/File_039_G5Bullet_07_F4E2C678CCA0_38_0.mp4 to /mnt/geosense/cameras/G5Bullet_07/mp4/File_035_File_039_G5Bullet_07_F4E2C678CCA0_38_0.mp4
[2024-09-05 18:12:54,975][main][INFO] - Processing file /mnt/geosense/cameras/G5Bullet_07/mp4/File_000_File_004_G5Bullet_07_F4E2C678CCA0_3_0.mp4...
[2024-09-05 18:12:55,074][main][INFO] - Frame rate: 0.999663524738588
[2024-09-05 18:12:55,074][main][INFO] - Extracting frames from video '/mnt/geosense/cameras/G5Bullet_07/mp4/File_000_File_004_G5Bullet_07_F4E2C678CCA0_3_0.mp4'...
[2024-09-05 18:12:55,316][main][INFO] - Extracting frame 0...
[2024-09-05 18:12:55,316][main][INFO] - Frame number internal: 119
[2024-09-05 18:12:55,316][main][INFO] - Break: frame_number_internal exceeds 100.
[2024-09-05 18:12:55,317][main][INFO] - All frames extracted.
[2024-09-05 18:12:55,317][main][INFO] - Frame number: 0
[2024-09-05 18:12:55,317][main][INFO] - Enhance frames...
[2024-09-05 18:12:55,317][main][INFO] - Grouping files in sets...
[2024-09-05 18:12:55,318][main][INFO] - Moving files to staging directory...
[2024-09-05 18:12:55,318][main][INFO] - Keeping every third file and removing the others...
[2024-09-05 18:12:55,319][main][INFO] - Processing file /mnt/geosense/cameras/G5Bullet_07/mp4/File_001_File_005_G5Bullet_07_F4E2C678CCA0_4_0.mp4...
[2024-09-05 18:12:55,445][main][INFO] - Frame rate: 0.997845646285264
[2024-09-05 18:12:55,445][main][INFO] - Extracting frames from video '/mnt/geosense/cameras/G5Bullet_07/mp4/File_001_File_005_G5Bullet_07_F4E2C678CCA0_4_0.mp4'...
[2024-09-05 18:12:55,760][main][INFO] - Extracting frame 1...
[2024-09-05 18:12:55,760][main][INFO] - Frame number internal: 119
[2024-09-05 18:12:55,760][main][INFO] - Break: frame_number_internal exceeds 100.
[2024-09-05 18:12:55,761][main][INFO] - All frames extracted.
[2024-09-05 18:12:55,761][main][INFO] - Frame number: 1
[2024-09-05 18:12:55,762][main][INFO] - Enhance frames...
[2024-09-05 18:12:55,762][main][INFO] - Grouping files in sets...
[2024-09-05 18:12:55,762][main][INFO] - Moving files to staging directory...
[2024-09-05 18:12:55,762][main][INFO] - Keeping every third file and removing the others...
[2024-09-05 18:12:55,763][main][INFO] - Processing file /mnt/geosense/cameras/G5Bullet_07/mp4/File_002_File_006_G5Bullet_07_F4E2C678CCA0_5_0.mp4...
[2024-09-05 18:12:55,883][main][INFO] - Frame rate: 0.9996407393621449
[2024-09-05 18:12:55,883][main][INFO] - Extracting frames from video '/mnt/geosense/cameras/G5Bullet_07/mp4/File_002_File_006_G5Bullet_07_F4E2C678CCA0_5_0.mp4'...
[2024-09-05 18:12:56,168][main][INFO] - Extracting frame 2...
[2024-09-05 18:12:56,168][main][INFO] - Frame number internal: 119
[2024-09-05 18:12:56,168][main][INFO] - Break: frame_number_internal exceeds 100.
[2024-09-05 18:12:56,168][main][INFO] - All frames extracted.
[2024-09-05 18:12:56,168][main][INFO] - Frame number: 2
[2024-09-05 18:12:56,169][main][INFO] - Enhance frames...
[2024-09-05 18:12:56,170][main][INFO] - Grouping files in sets...
[2024-09-05 18:12:56,170][main][INFO] - Moving files to staging directory...
[2024-09-05 18:12:56,170][main][INFO] - Keeping every third file and removing the others...
[2024-09-05 18:12:56,171][main][INFO] - Processing file /mnt/geosense/cameras/G5Bullet_07/mp4/File_003_File_007_G5Bullet_07_F4E2C678CCA0_6_0.mp4...
[2024-09-05 18:12:56,265][main][INFO] - Frame rate: 0.9996555735428058
[2024-09-05 18:12:56,266][main][INFO] - Extracting frames from video '/mnt/geosense/cameras/G5Bullet_07/mp4/File_003_File_007_G5Bullet_07_F4E2C678CCA0_6_0.mp4'...
[2024-09-05 18:12:56,495][main][INFO] - Extracting frame 3...
[2024-09-05 18:12:56,495][main][INFO] - Frame number internal: 119
[2024-09-05 18:12:56,496][main][INFO] - Break: frame_number_internal exceeds 100.
[2024-09-05 18:12:56,496][main][INFO] - All frames extracted.
[2024-09-05 18:12:56,496][main][INFO] - Frame number: 3
[2024-09-05 18:12:56,497][main][INFO] - Enhance frames...
[2024-09-05 18:12:56,497][main][INFO] - Grouping files in sets...
[2024-09-05 18:12:56,497][main][INFO] - Moving files to staging directory...
[2024-09-05 18:12:56,498][main][INFO] - Keeping every third file and removing the others...
[2024-09-05 18:12:56,498][main][INFO] - Processing file /mnt/geosense/cameras/G5Bullet_07/mp4/File_004_File_008_G5Bullet_07_F4E2C678CCA0_7_0.mp4...
[2024-09-05 18:12:56,599][main][INFO] - Frame rate: 0.99964945951106
[2024-09-05 18:12:56,599][main][INFO] - Extracting frames from video '/mnt/geosense/cameras/G5Bullet_07/mp4/File_004_File_008_G5Bullet_07_F4E2C678CCA0_7_0.mp4'...
[2024-09-05 18:12:56,835][main][INFO] - Extracting frame 4...
[2024-09-05 18:12:56,835][main][INFO] - Frame number internal: 119
[2024-09-05 18:12:56,835][main][INFO] - Break: frame_number_internal exceeds 100.
[2024-09-05 18:12:56,836][main][INFO] - All frames extracted.
[2024-09-05 18:12:56,836][main][INFO] - Frame number: 4
[2024-09-05 18:12:56,837][main][INFO] - Enhance frames...
[2024-09-05 18:12:56,837][main][INFO] - Grouping files in sets...
[2024-09-05 18:12:56,837][main][INFO] - Moving files to staging directory...
[2024-09-05 18:12:56,837][main][INFO] - Keeping every third file and removing the others...
[2024-09-05 18:12:56,838][main][INFO] - Processing file /mnt/geosense/cameras/G5Bullet_07/mp4/File_005_File_009_G5Bullet_07_F4E2C678CCA0_8_0.mp4...
[2024-09-05 18:12:56,963][main][INFO] - Frame rate: 0.9996719073671158
[2024-09-05 18:12:56,963][main][INFO] - Extracting frames from video '/mnt/geosense/cameras/G5Bullet_07/mp4/File_005_File_009_G5Bullet_07_F4E2C678CCA0_8_0.mp4'...
[2024-09-05 18:12:57,266][main][INFO] - Extracting frame 5...
[2024-09-05 18:12:57,266][main][INFO] - Frame number internal: 119
[2024-09-05 18:12:57,266][main][INFO] - Break: frame_number_internal exceeds 100.
[2024-09-05 18:12:57,267][main][INFO] - All frames extracted.
[2024-09-05 18:12:57,267][main][INFO] - Frame number: 5
[2024-09-05 18:12:57,268][main][INFO] - Enhance frames...
[2024-09-05 18:12:57,268][main][INFO] - Grouping files in sets...
[2024-09-05 18:12:57,268][main][INFO] - Moving files to staging directory...
[2024-09-05 18:12:57,268][main][INFO] - Keeping every third file and removing the others...
[2024-09-05 18:12:57,269][main][INFO] - Processing file /mnt/geosense/cameras/G5Bullet_07/mp4/File_006_File_010_G5Bullet_07_F4E2C678CCA0_9_0.mp4...
[2024-09-05 18:12:57,430][main][INFO] - Frame rate: 0.9990243005893534
[2024-09-05 18:12:57,430][main][INFO] - Extracting frames from video '/mnt/geosense/cameras/G5Bullet_07/mp4/File_006_File_010_G5Bullet_07_F4E2C678CCA0_9_0.mp4'...
[2024-09-05 18:12:57,776][main][INFO] - Extracting frame 6...
[2024-09-05 18:12:57,776][main][INFO] - Frame number internal: 119
[2024-09-05 18:12:57,776][main][INFO] - Break: frame_number_internal exceeds 100.
[2024-09-05 18:12:57,777][main][INFO] - All frames extracted.
[2024-09-05 18:12:57,777][main][INFO] - Frame number: 6
[2024-09-05 18:12:57,778][main][INFO] - Enhance frames...
[2024-09-05 18:12:57,778][main][INFO] - Grouping files in sets...
[2024-09-05 18:12:57,778][main][INFO] - Moving files to staging directory...
[2024-09-05 18:12:57,778][main][INFO] - Keeping every third file and removing the others...
[2024-09-05 18:12:57,779][main][INFO] - Processing file /mnt/geosense/cameras/G5Bullet_07/mp4/File_007_File_011_G5Bullet_07_F4E2C678CCA0_10_0.mp4...
[2024-09-05 18:12:57,874][main][INFO] - Frame rate: 0.9996607066250577
[2024-09-05 18:12:57,874][main][INFO] - Extracting frames from video '/mnt/geosense/cameras/G5Bullet_07/mp4/File_007_File_011_G5Bullet_07_F4E2C678CCA0_10_0.mp4'...
[2024-09-05 18:12:58,111][main][INFO] - Extracting frame 7...
[2024-09-05 18:12:58,111][main][INFO] - Frame number internal: 119
[2024-09-05 18:12:58,112][main][INFO] - Break: frame_number_internal exceeds 100.
[2024-09-05 18:12:58,112][main][INFO] - All frames extracted.
[2024-09-05 18:12:58,112][main][INFO] - Frame number: 7
[2024-09-05 18:12:58,113][main][INFO] - Enhance frames...
[2024-09-05 18:12:58,113][main][INFO] - Grouping files in sets...
[2024-09-05 18:12:58,113][main][INFO] - Moving files to staging directory...
[2024-09-05 18:12:58,114][main][INFO] - Keeping every third file and removing the others...
[2024-09-05 18:12:58,114][main][INFO] - Processing file /mnt/geosense/cameras/G5Bullet_07/mp4/File_008_File_012_G5Bullet_07_F4E2C678CCA0_11_0.mp4...
[2024-09-05 18:12:58,221][main][INFO] - Frame rate: 0.9996523711886569
[2024-09-05 18:12:58,221][main][INFO] - Extracting frames from video '/mnt/geosense/cameras/G5Bullet_07/mp4/File_008_File_012_G5Bullet_07_F4E2C678CCA0_11_0.mp4'...
[2024-09-05 18:12:58,492][main][INFO] - Extracting frame 8...
[2024-09-05 18:12:58,492][main][INFO] - Frame number internal: 119
[2024-09-05 18:12:58,492][main][INFO] - Break: frame_number_internal exceeds 100.
[2024-09-05 18:12:58,492][main][INFO] - All frames extracted.
[2024-09-05 18:12:58,493][main][INFO] - Frame number: 8
[2024-09-05 18:12:58,494][main][INFO] - Enhance frames...
[2024-09-05 18:12:58,494][main][INFO] - Grouping files in sets...
[2024-09-05 18:12:58,494][main][INFO] - Moving files to staging directory...
[2024-09-05 18:12:58,494][main][INFO] - Keeping every third file and removing the others...
[2024-09-05 18:12:58,495][main][INFO] - Processing file /mnt/geosense/cameras/G5Bullet_07/mp4/File_009_File_013_G5Bullet_07_F4E2C678CCA0_12_0.mp4...
[2024-09-05 18:12:58,617][main][INFO] - Frame rate: 0.9996704505190042
[2024-09-05 18:12:58,617][main][INFO] - Extracting frames from video '/mnt/geosense/cameras/G5Bullet_07/mp4/File_009_File_013_G5Bullet_07_F4E2C678CCA0_12_0.mp4'...
[2024-09-05 18:12:58,918][main][INFO] - Extracting frame 9...
[2024-09-05 18:12:58,918][main][INFO] - Frame number internal: 119
[2024-09-05 18:12:58,918][main][INFO] - Break: frame_number_internal exceeds 100.
[2024-09-05 18:12:58,919][main][INFO] - All frames extracted.
[2024-09-05 18:12:58,919][main][INFO] - Frame number: 9
[2024-09-05 18:12:58,920][main][INFO] - Enhance frames...
[2024-09-05 18:12:58,920][main][INFO] - Grouping files in sets...
[2024-09-05 18:12:58,920][main][INFO] - Moving files to staging directory...
[2024-09-05 18:12:58,920][main][INFO] - Keeping every third file and removing the others...
[2024-09-05 18:12:58,921][main][INFO] - Processing file /mnt/geosense/cameras/G5Bullet_07/mp4/File_010_File_014_G5Bullet_07_F4E2C678CCA0_13_0.mp4...
[2024-09-05 18:12:59,022][main][INFO] - Frame rate: 0.9996760309159068
[2024-09-05 18:12:59,022][main][INFO] - Extracting frames from video '/mnt/geosense/cameras/G5Bullet_07/mp4/File_010_File_014_G5Bullet_07_F4E2C678CCA0_13_0.mp4'...
[2024-09-05 18:12:59,286][main][INFO] - Extracting frame 10...
[2024-09-05 18:12:59,286][main][INFO] - Frame number internal: 119
[2024-09-05 18:12:59,286][main][INFO] - Break: frame_number_internal exceeds 100.
[2024-09-05 18:12:59,287][main][INFO] - All frames extracted.
[2024-09-05 18:12:59,287][main][INFO] - Frame number: 10
[2024-09-05 18:12:59,288][main][INFO] - Enhance frames...
[2024-09-05 18:12:59,288][main][INFO] - Grouping files in sets...
[2024-09-05 18:12:59,288][main][INFO] - Moving files to staging directory...
[2024-09-05 18:12:59,288][main][INFO] - Keeping every third file and removing the others...
[2024-09-05 18:12:59,289][main][INFO] - Processing file /mnt/geosense/cameras/G5Bullet_07/mp4/File_011_File_015_G5Bullet_07_F4E2C678CCA0_14_0.mp4...
[2024-09-05 18:12:59,381][main][INFO] - Frame rate: 0.9996457473717559
[2024-09-05 18:12:59,381][main][INFO] - Extracting frames from video '/mnt/geosense/cameras/G5Bullet_07/mp4/File_011_File_015_G5Bullet_07_F4E2C678CCA0_14_0.mp4'...
[2024-09-05 18:12:59,626][main][INFO] - Extracting frame 11...
[2024-09-05 18:12:59,626][main][INFO] - Frame number internal: 119
[2024-09-05 18:12:59,626][main][INFO] - Break: frame_number_internal exceeds 100.
[2024-09-05 18:12:59,627][main][INFO] - All frames extracted.
[2024-09-05 18:12:59,627][main][INFO] - Frame number: 11
[2024-09-05 18:12:59,628][main][INFO] - Enhance frames...
[2024-09-05 18:12:59,628][main][INFO] - Grouping files in sets...
[2024-09-05 18:12:59,628][main][INFO] - Moving files to staging directory...
[2024-09-05 18:12:59,628][main][INFO] - Keeping every third file and removing the others...
[2024-09-05 18:12:59,629][main][INFO] - Processing file /mnt/geosense/cameras/G5Bullet_07/mp4/File_012_File_016_G5Bullet_07_F4E2C678CCA0_15_0.mp4...
[2024-09-05 18:12:59,726][main][INFO] - Frame rate: 0.9996768714708854
[2024-09-05 18:12:59,726][main][INFO] - Extracting frames from video '/mnt/geosense/cameras/G5Bullet_07/mp4/File_012_File_016_G5Bullet_07_F4E2C678CCA0_15_0.mp4'...
[2024-09-05 18:12:59,970][main][INFO] - Extracting frame 12...
[2024-09-05 18:12:59,971][main][INFO] - Frame number internal: 119
[2024-09-05 18:12:59,971][main][INFO] - Break: frame_number_internal exceeds 100.
[2024-09-05 18:12:59,971][main][INFO] - All frames extracted.
[2024-09-05 18:12:59,971][main][INFO] - Frame number: 12
[2024-09-05 18:12:59,972][main][INFO] - Enhance frames...
[2024-09-05 18:12:59,973][main][INFO] - Grouping files in sets...
[2024-09-05 18:12:59,973][main][INFO] - Moving files to staging directory...
[2024-09-05 18:12:59,973][main][INFO] - Keeping every third file and removing the others...
[2024-09-05 18:12:59,974][main][INFO] - Processing file /mnt/geosense/cameras/G5Bullet_07/mp4/File_013_File_017_G5Bullet_07_F4E2C678CCA0_16_0.mp4...
[2024-09-05 18:13:00,098][main][INFO] - Frame rate: 0.999658540876583
[2024-09-05 18:13:00,099][main][INFO] - Extracting frames from video '/mnt/geosense/cameras/G5Bullet_07/mp4/File_013_File_017_G5Bullet_07_F4E2C678CCA0_16_0.mp4'...
[2024-09-05 18:13:00,376][main][INFO] - Extracting frame 13...
[2024-09-05 18:13:00,376][main][INFO] - Frame number internal: 119
[2024-09-05 18:13:00,377][main][INFO] - Break: frame_number_internal exceeds 100.
[2024-09-05 18:13:00,377][main][INFO] - All frames extracted.
[2024-09-05 18:13:00,377][main][INFO] - Frame number: 13
[2024-09-05 18:13:00,378][main][INFO] - Enhance frames...
[2024-09-05 18:13:00,378][main][INFO] - Grouping files in sets...
[2024-09-05 18:13:00,378][main][INFO] - Moving files to staging directory...
[2024-09-05 18:13:00,379][main][INFO] - Keeping every third file and removing the others...
[2024-09-05 18:13:00,379][main][INFO] - Processing file /mnt/geosense/cameras/G5Bullet_07/mp4/File_014_File_018_G5Bullet_07_F4E2C678CCA0_17_0.mp4...
[2024-09-05 18:13:00,507][main][INFO] - Frame rate: 0.9996661690439105
[2024-09-05 18:13:00,507][main][INFO] - Extracting frames from video '/mnt/geosense/cameras/G5Bullet_07/mp4/File_014_File_018_G5Bullet_07_F4E2C678CCA0_17_0.mp4'...
[2024-09-05 18:13:00,813][main][INFO] - Extracting frame 14...
[2024-09-05 18:13:00,813][main][INFO] - Frame number internal: 119
[2024-09-05 18:13:00,813][main][INFO] - Break: frame_number_internal exceeds 100.
[2024-09-05 18:13:00,814][main][INFO] - All frames extracted.
[2024-09-05 18:13:00,814][main][INFO] - Frame number: 14
[2024-09-05 18:13:00,815][main][INFO] - Enhance frames...
[2024-09-05 18:13:00,815][main][INFO] - Grouping files in sets...
[2024-09-05 18:13:00,815][main][INFO] - Moving files to staging directory...
[2024-09-05 18:13:00,815][main][INFO] - Keeping every third file and removing the others...
[2024-09-05 18:13:00,816][main][INFO] - Processing file /mnt/geosense/cameras/G5Bullet_07/mp4/File_015_File_019_G5Bullet_07_F4E2C678CCA0_18_0.mp4...
[2024-09-05 18:13:00,936][main][INFO] - Frame rate: 0.9996708922136509
[2024-09-05 18:13:00,936][main][INFO] - Extracting frames from video '/mnt/geosense/cameras/G5Bullet_07/mp4/File_015_File_019_G5Bullet_07_F4E2C678CCA0_18_0.mp4'...
[2024-09-05 18:13:01,216][main][INFO] - Extracting frame 15...
[2024-09-05 18:13:01,216][main][INFO] - Frame number internal: 119
[2024-09-05 18:13:01,217][main][INFO] - Break: frame_number_internal exceeds 100.
[2024-09-05 18:13:01,217][main][INFO] - All frames extracted.
[2024-09-05 18:13:01,217][main][INFO] - Frame number: 15
[2024-09-05 18:13:01,218][main][INFO] - Enhance frames...
[2024-09-05 18:13:01,218][main][INFO] - Grouping files in sets...
[2024-09-05 18:13:01,218][main][INFO] - Moving files to staging directory...
[2024-09-05 18:13:01,219][main][INFO] - Keeping every third file and removing the others...
[2024-09-05 18:13:01,219][main][INFO] - Processing file /mnt/geosense/cameras/G5Bullet_07/mp4/File_016_File_020_G5Bullet_07_F4E2C678CCA0_19_0.mp4...
[2024-09-05 18:13:01,364][main][INFO] - Frame rate: 0.9990347147272383
[2024-09-05 18:13:01,364][main][INFO] - Extracting frames from video '/mnt/geosense/cameras/G5Bullet_07/mp4/File_016_File_020_G5Bullet_07_F4E2C678CCA0_19_0.mp4'...
[2024-09-05 18:13:01,704][main][INFO] - Extracting frame 16...
[2024-09-05 18:13:01,705][main][INFO] - Frame number internal: 119
[2024-09-05 18:13:01,705][main][INFO] - Break: frame_number_internal exceeds 100.
[2024-09-05 18:13:01,705][main][INFO] - All frames extracted.
[2024-09-05 18:13:01,705][main][INFO] - Frame number: 16
[2024-09-05 18:13:01,706][main][INFO] - Enhance frames...
[2024-09-05 18:13:01,707][main][INFO] - Grouping files in sets...
[2024-09-05 18:13:01,707][main][INFO] - Moving files to staging directory...
[2024-09-05 18:13:01,707][main][INFO] - Keeping every third file and removing the others...
[2024-09-05 18:13:01,708][main][INFO] - Processing file /mnt/geosense/cameras/G5Bullet_07/mp4/File_017_File_021_G5Bullet_07_F4E2C678CCA0_20_0.mp4...
