2024-09-14 22:18:22,312 - Module(logger):Line(76) INFO - --------------------------------------------------
2024-09-14 22:18:22,312 - Module(logger):Line(77) INFO - --------------------------------------------------
2024-09-14 22:18:22,312 - Module(calibration):Line(72) INFO - ::: Processing camera 34 :::
2024-09-14 22:18:22,312 - Module(logger):Line(76) INFO - --------------------------------------------------
2024-09-14 22:18:22,312 - Module(logger):Line(77) INFO - --------------------------------------------------
2024-09-14 22:18:22,312 - Module(calibration):Line(75) INFO - Getting images...
2024-09-14 22:18:22,380 - Module(calibration):Line(31) INFO - ::: Calibration :::
2024-09-14 22:18:22,380 - Module(calibration):Line(31) INFO - ::: Calibration :::
2024-09-14 22:18:22,381 - Module(calibration):Line(31) INFO - ::: Calibration :::
2024-09-14 22:18:22,381 - Module(calibration):Line(31) INFO - ::: Calibration :::
2024-09-14 22:18:22,381 - Module(calibration):Line(31) INFO - ::: Calibration :::
2024-09-14 22:18:22,381 - Module(calibration):Line(32) INFO - Loading image /mnt/gsdata/projects/ecosense/AngleCam2_0/data/raw_frames/G5Bullet_34/2024/09/02/G5Bullet_34_2024-09-02_00-17-32.jpg...
2024-09-14 22:18:22,381 - Module(calibration):Line(32) INFO - Loading image /mnt/gsdata/projects/ecosense/AngleCam2_0/data/raw_frames/G5Bullet_34/2024/09/02/G5Bullet_34_2024-09-02_00-19-31.jpg...
2024-09-14 22:18:22,381 - Module(calibration):Line(32) INFO - Loading image /mnt/gsdata/projects/ecosense/AngleCam2_0/data/raw_frames/G5Bullet_34/2024/09/02/G5Bullet_34_2024-09-02_00-22-01.jpg...
2024-09-14 22:18:22,381 - Module(calibration):Line(32) INFO - Loading image /mnt/gsdata/projects/ecosense/AngleCam2_0/data/raw_frames/G5Bullet_34/2024/09/02/G5Bullet_34_2024-09-02_00-23-31.jpg...
2024-09-14 22:18:22,381 - Module(calibration):Line(32) INFO - Loading image /mnt/gsdata/projects/ecosense/AngleCam2_0/data/raw_frames/G5Bullet_34/2024/09/02/G5Bullet_34_2024-09-02_00-25-31.jpg...
2024-09-14 22:18:22,490 - Module(calibration):Line(46) INFO - Saving calibrated image to /mnt/gsdata/projects/ecosense/AngleCam2_0/data/corrected_frames/G5Bullet_34/2024/09/02/G5Bullet_34_2024-09-02_00-17-32_calibrated.jpg...
2024-09-14 22:18:22,514 - Module(calibration):Line(46) INFO - Saving calibrated image to /mnt/gsdata/projects/ecosense/AngleCam2_0/data/corrected_frames/G5Bullet_34/2024/09/02/G5Bullet_34_2024-09-02_00-25-31_calibrated.jpg...
2024-09-14 22:18:22,544 - Module(calibration):Line(49) INFO - Calibration complete.
2024-09-14 22:18:22,551 - Module(calibration):Line(49) INFO - Calibration complete.
2024-09-14 22:18:22,551 - Module(calibration):Line(46) INFO - Saving calibrated image to /mnt/gsdata/projects/ecosense/AngleCam2_0/data/corrected_frames/G5Bullet_34/2024/09/02/G5Bullet_34_2024-09-02_00-19-31_calibrated.jpg...
2024-09-14 22:18:22,580 - Module(calibration):Line(46) INFO - Saving calibrated image to /mnt/gsdata/projects/ecosense/AngleCam2_0/data/corrected_frames/G5Bullet_34/2024/09/02/G5Bullet_34_2024-09-02_00-23-31_calibrated.jpg...
2024-09-14 22:18:22,580 - Module(calibration):Line(46) INFO - Saving calibrated image to /mnt/gsdata/projects/ecosense/AngleCam2_0/data/corrected_frames/G5Bullet_34/2024/09/02/G5Bullet_34_2024-09-02_00-22-01_calibrated.jpg...
2024-09-14 22:18:22,583 - Module(calibration):Line(49) INFO - Calibration complete.
2024-09-14 22:18:22,615 - Module(calibration):Line(49) INFO - Calibration complete.
2024-09-14 22:18:22,622 - Module(calibration):Line(49) INFO - Calibration complete.
