[2024-09-05 11:37:58,256][main][INFO] - --------------------------------------------------
[2024-09-05 11:37:58,257][main][INFO] - --------------------------------------------------
[2024-09-05 11:37:58,257][main][INFO] - ::: Processing camera G5Bullet_31 :::
[2024-09-05 11:37:58,257][main][INFO] - --------------------------------------------------
[2024-09-05 11:37:58,257][main][INFO] - --------------------------------------------------
[2024-09-05 11:37:58,257][main][INFO] - Transfering data from NVR (/volume1/videos/G5Bullet_31/*0.mp4) to VM (/mnt/geosense/cameras/G5Bullet_31/mp4)...
[2024-09-05 11:37:58,257][main][INFO] - Extract frames...
[2024-09-05 11:37:58,257][main][INFO] - Processing file /mnt/geosense/cameras/G5Bullet_31/mp4/File_000_File_000_File_000_File_000_File_000_File_000_File_000_File_000_File_000_G5Bullet_31_F4E2C678CB5A_2024-09-03_1_0.mp4...
[2024-09-05 11:37:58,334][main][INFO] - Frame rate: 29.999695
[2024-09-05 11:37:58,334][main][INFO] - Extracting frames from video '/mnt/geosense/cameras/G5Bullet_31/mp4/File_000_File_000_File_000_File_000_File_000_File_000_File_000_File_000_File_000_G5Bullet_31_F4E2C678CB5A_2024-09-03_1_0.mp4'...
[2024-09-05 11:53:26,386][main][INFO] - All frames extracted.
[2024-09-05 11:53:26,387][main][INFO] - Total frames extracted: 141601
[2024-09-05 11:53:26,387][main][INFO] - Duration: 4720.081323 seconds
[2024-09-05 11:53:26,387][main][INFO] - frame_number: 141601
[2024-09-05 11:53:26,387][main][INFO] - Enhance frames...
[2024-09-05 11:53:26,387][main][INFO] - Grouping files in sets...
[2024-09-05 11:53:26,388][main][INFO] - Moving files to staging directory...
[2024-09-05 11:53:26,390][main][INFO] - Keeping every third file and removing the others...
[2024-09-05 11:53:26,392][main][INFO] - Processing file /mnt/geosense/cameras/G5Bullet_31/mp4/File_001_File_001_File_001_File_001_File_001_File_001_File_001_File_001_File_001_G5Bullet_31_F4E2C678CB5A_2024-09-03_2_0.mp4...
[2024-09-05 11:53:26,449][main][INFO] - Frame rate: 29.999948
[2024-09-05 11:53:26,449][main][INFO] - Extracting frames from video '/mnt/geosense/cameras/G5Bullet_31/mp4/File_001_File_001_File_001_File_001_File_001_File_001_File_001_File_001_File_001_G5Bullet_31_F4E2C678CB5A_2024-09-03_2_0.mp4'...
