[2024-09-05 01:18:43,002][main][INFO] - --------------------------------------------------
[2024-09-05 01:18:43,067][main][INFO] - --------------------------------------------------
[2024-09-05 01:18:43,067][main][INFO] - ::: Processing camera G5Bullet_07 with MAC address F4E2C678CCA0 :::
[2024-09-05 01:18:43,068][main][INFO] - Source directory: /srv/unifi-protect/video/2024/09/01
[2024-09-05 01:18:43,069][main][INFO] - Destination directory: /volume1/videos/2024-09-01/G5Bullet_07
[2024-09-05 01:18:43,069][main][INFO] - --------------------------------------------------
[2024-09-05 01:18:43,069][main][INFO] - --------------------------------------------------
[2024-09-05 01:18:43,139][main][INFO] - --------------------------------------------------
[2024-09-05 01:18:43,140][main][INFO] - --------------------------------------------------
[2024-09-05 01:18:43,140][main][INFO] - ::: Processing camera G5Bullet_26 with MAC address F4E2C678D12A :::
[2024-09-05 01:18:43,141][main][INFO] - Source directory: /srv/unifi-protect/video/2024/09/01
[2024-09-05 01:18:43,141][main][INFO] - Destination directory: /volume1/videos/2024-09-01/G5Bullet_26
[2024-09-05 01:18:43,141][main][INFO] - --------------------------------------------------
[2024-09-05 01:18:43,142][main][INFO] - --------------------------------------------------
[2024-09-05 01:18:43,145][main][INFO] - --------------------------------------------------
[2024-09-05 01:18:43,145][main][INFO] - --------------------------------------------------
[2024-09-05 01:18:43,146][main][INFO] - ::: Processing camera G5Bullet_27 with MAC address F4E2C678D10D :::
[2024-09-05 01:18:43,146][main][INFO] - Source directory: /srv/unifi-protect/video/2024/09/01
[2024-09-05 01:18:43,147][main][INFO] - Destination directory: /volume1/videos/2024-09-01/G5Bullet_27
[2024-09-05 01:18:43,147][main][INFO] - --------------------------------------------------
[2024-09-05 01:18:43,148][main][INFO] - --------------------------------------------------
[2024-09-05 01:18:43,153][main][INFO] - --------------------------------------------------
[2024-09-05 01:18:43,154][main][INFO] - --------------------------------------------------
[2024-09-05 01:18:43,154][main][INFO] - ::: Processing camera G5Bullet_31 with MAC address F4E2C678CB5A :::
[2024-09-05 01:18:43,155][main][INFO] - Source directory: /srv/unifi-protect/video/2024/09/01
[2024-09-05 01:18:43,156][main][INFO] - Destination directory: /volume1/videos/2024-09-01/G5Bullet_31
[2024-09-05 01:18:43,156][main][INFO] - --------------------------------------------------
[2024-09-05 01:18:43,157][main][INFO] - --------------------------------------------------
[2024-09-05 01:18:43,160][main][INFO] - --------------------------------------------------
[2024-09-05 01:18:43,160][main][INFO] - --------------------------------------------------
[2024-09-05 01:18:43,161][main][INFO] - ::: Processing camera G5Bullet_32 with MAC address F4E2C678CCB4 :::
[2024-09-05 01:18:43,161][main][INFO] - Source directory: /srv/unifi-protect/video/2024/09/01
[2024-09-05 01:18:43,161][main][INFO] - Destination directory: /volume1/videos/2024-09-01/G5Bullet_32
[2024-09-05 01:18:43,162][main][INFO] - --------------------------------------------------
[2024-09-05 01:18:43,162][main][INFO] - --------------------------------------------------
[2024-09-05 01:18:43,165][main][INFO] - --------------------------------------------------
[2024-09-05 01:18:43,165][main][INFO] - --------------------------------------------------
[2024-09-05 01:18:43,166][main][INFO] - ::: Processing camera G5Bullet_34 with MAC address F4E2C678CBF2 :::
[2024-09-05 01:18:43,166][main][INFO] - Source directory: /srv/unifi-protect/video/2024/09/01
[2024-09-05 01:18:43,166][main][INFO] - Destination directory: /volume1/videos/2024-09-01/G5Bullet_34
[2024-09-05 01:18:43,167][main][INFO] - --------------------------------------------------
[2024-09-05 01:18:43,167][main][INFO] - --------------------------------------------------
[2024-09-05 01:18:43,172][main][INFO] - --------------------------------------------------
[2024-09-05 01:18:43,172][main][INFO] - --------------------------------------------------
[2024-09-05 01:18:43,172][main][INFO] - ::: Processing camera G5Bullet_36 with MAC address F4E2C678CBBE :::
[2024-09-05 01:18:43,172][main][INFO] - Source directory: /srv/unifi-protect/video/2024/09/01
[2024-09-05 01:18:43,173][main][INFO] - Destination directory: /volume1/videos/2024-09-01/G5Bullet_36
[2024-09-05 01:18:43,173][main][INFO] - --------------------------------------------------
[2024-09-05 01:18:43,173][main][INFO] - --------------------------------------------------
[2024-09-05 01:18:43,176][main][INFO] - --------------------------------------------------
[2024-09-05 01:18:43,176][main][INFO] - --------------------------------------------------
[2024-09-05 01:18:43,177][main][INFO] - ::: Processing camera G5Bullet_39 with MAC address F4E2C678CBC7 :::
[2024-09-05 01:18:43,177][main][INFO] - Source directory: /srv/unifi-protect/video/2024/09/01
[2024-09-05 01:18:43,177][main][INFO] - Destination directory: /volume1/videos/2024-09-01/G5Bullet_39
[2024-09-05 01:18:43,178][main][INFO] - --------------------------------------------------
[2024-09-05 01:18:43,179][main][INFO] - --------------------------------------------------
[2024-09-05 01:18:43,182][main][INFO] - --------------------------------------------------
[2024-09-05 01:18:43,183][main][INFO] - --------------------------------------------------
[2024-09-05 01:18:43,183][main][INFO] - ::: Processing camera G5Bullet_40 with MAC address F4E2C678CCB5 :::
[2024-09-05 01:18:43,184][main][INFO] - Source directory: /srv/unifi-protect/video/2024/09/01
[2024-09-05 01:18:43,184][main][INFO] - Destination directory: /volume1/videos/2024-09-01/G5Bullet_40
[2024-09-05 01:18:43,185][main][INFO] - --------------------------------------------------
[2024-09-05 01:18:43,185][main][INFO] - --------------------------------------------------
[2024-09-05 01:18:43,190][main][INFO] - --------------------------------------------------
[2024-09-05 01:18:43,190][main][INFO] - --------------------------------------------------
[2024-09-05 01:18:43,191][main][INFO] - ::: Processing camera G5Bullet_43 with MAC address F4E2C679D61A :::
[2024-09-05 01:18:43,191][main][INFO] - Source directory: /srv/unifi-protect/video/2024/09/01
[2024-09-05 01:18:43,191][main][INFO] - Destination directory: /volume1/videos/2024-09-01/G5Bullet_43
[2024-09-05 01:18:43,192][main][INFO] - --------------------------------------------------
[2024-09-05 01:18:43,192][main][INFO] - --------------------------------------------------
