2024-09-04 11:23:59,208 - Module(main):Line(77) INFO - Transfering data...
2024-09-04 11:23:59,209 - Module(main):Line(83) INFO - Extract frames...
2024-09-04 11:23:59,209 - Module(main):Line(141) INFO - Generate video...
2024-09-04 11:25:53,934 - Module(main):Line(77) INFO - Transfering data...
2024-09-04 11:25:53,935 - Module(main):Line(83) INFO - Extract frames...
2024-09-04 11:25:53,935 - Module(main):Line(141) INFO - Generate video...
2024-09-04 11:25:53,935 - Module(main):Line(144) INFO - Exporting video to /mnt/geosense/cameras/G5Bullet_07/video_timelapse_export/G5Bullet_07_2024-09-03_fr30.mp4...
2024-09-04 11:26:27,731 - Module(main):Line(77) INFO - Transfering data...
2024-09-04 11:26:27,731 - Module(main):Line(83) INFO - Extract frames...
2024-09-04 11:26:27,731 - Module(main):Line(141) INFO - Generate video...
2024-09-04 11:26:27,732 - Module(main):Line(144) INFO - Exporting video to /mnt/geosense/cameras/G5Bullet_07/video_timelapse_export/G5Bullet_07_2024-09-03_fr30.mp4...
2024-09-04 11:28:40,398 - Module(main):Line(77) INFO - Transfering data...
2024-09-04 11:28:40,398 - Module(main):Line(83) INFO - Extract frames...
2024-09-04 11:28:40,398 - Module(main):Line(141) INFO - Generate video...
2024-09-04 11:28:40,399 - Module(main):Line(144) INFO - Exporting video to /mnt/geosense/cameras/G5Bullet_07/video_timelapse_export/G5Bullet_07_2024-09-03_fr30.mp4...
2024-09-05 00:50:01,728 - Module(logger):Line(76) INFO - --------------------------------------------------
2024-09-05 00:50:01,731 - Module(logger):Line(77) INFO - --------------------------------------------------
2024-09-05 00:50:01,731 - Module(main):Line(49) INFO - ::: Processing camera G5Bullet_27 :::
2024-09-05 00:50:01,731 - Module(logger):Line(76) INFO - --------------------------------------------------
2024-09-05 00:50:01,731 - Module(logger):Line(77) INFO - --------------------------------------------------
2024-09-05 00:50:01,731 - Module(main):Line(52) INFO - Transfering data from NVR (/volume1/videos/G5Bullet_27/*0.mp4) to VM (/mnt/geosense/cameras/G5Bullet_27/mp4)...
