2024-09-04 12:04:43,883 - Module(main):Line(28) INFO - --------------------------------------------------
2024-09-04 12:04:43,883 - Module(main):Line(29) INFO - --------------------------------------------------
2024-09-04 12:04:43,883 - Module(main):Line(88) INFO - ::: Processing camera G5Bullet_07 :::
2024-09-04 12:04:43,884 - Module(main):Line(28) INFO - --------------------------------------------------
2024-09-04 12:04:43,884 - Module(main):Line(29) INFO - --------------------------------------------------
2024-09-04 12:09:26,396 - Module(main):Line(28) INFO - --------------------------------------------------
2024-09-04 12:09:26,396 - Module(main):Line(29) INFO - --------------------------------------------------
2024-09-04 12:09:26,396 - Module(main):Line(101) INFO - ::: Processing camera G5Bullet_07 :::
2024-09-04 12:09:26,396 - Module(main):Line(28) INFO - --------------------------------------------------
2024-09-04 12:09:26,397 - Module(main):Line(29) INFO - --------------------------------------------------
2024-09-04 12:09:26,397 - Module(main):Line(104) INFO - Transfering data from NVR to VM...
2024-09-04 12:09:26,397 - Module(main):Line(110) INFO - Extract frames...
2024-09-04 12:09:26,397 - Module(main):Line(65) INFO - Renaming .mp4 files...
2024-09-04 12:09:26,397 - Module(main):Line(73) INFO - Renamed /mnt/geosense/cameras/G5Bullet_07/mp4/File_000_File_000_File_000_G5Bullet_07_F4E2C678CCA0_1_0.mp4 to /mnt/geosense/cameras/G5Bullet_07/mp4/File_000_File_000_File_000_File_000_G5Bullet_07_F4E2C678CCA0_1_0.mp4
2024-09-04 12:09:26,397 - Module(main):Line(73) INFO - Renamed /mnt/geosense/cameras/G5Bullet_07/mp4/File_001_File_001_File_001_G5Bullet_07_F4E2C678CCA0_2_0.mp4 to /mnt/geosense/cameras/G5Bullet_07/mp4/File_001_File_001_File_001_File_001_G5Bullet_07_F4E2C678CCA0_2_0.mp4
2024-09-04 12:09:26,398 - Module(main):Line(73) INFO - Renamed /mnt/geosense/cameras/G5Bullet_07/mp4/File_002_File_002_File_002_G5Bullet_07_F4E2C678CCA0_3_0.mp4 to /mnt/geosense/cameras/G5Bullet_07/mp4/File_002_File_002_File_002_File_002_G5Bullet_07_F4E2C678CCA0_3_0.mp4
2024-09-04 12:09:26,398 - Module(main):Line(73) INFO - Renamed /mnt/geosense/cameras/G5Bullet_07/mp4/File_003_File_003_File_003_G5Bullet_07_F4E2C678CCA0_4_0.mp4 to /mnt/geosense/cameras/G5Bullet_07/mp4/File_003_File_003_File_003_File_003_G5Bullet_07_F4E2C678CCA0_4_0.mp4
2024-09-04 12:09:26,398 - Module(main):Line(73) INFO - Renamed /mnt/geosense/cameras/G5Bullet_07/mp4/File_004_File_004_File_004_G5Bullet_07_F4E2C678CCA0_5_0.mp4 to /mnt/geosense/cameras/G5Bullet_07/mp4/File_004_File_004_File_004_File_004_G5Bullet_07_F4E2C678CCA0_5_0.mp4
2024-09-04 12:09:26,398 - Module(main):Line(73) INFO - Renamed /mnt/geosense/cameras/G5Bullet_07/mp4/File_005_File_005_File_005_G5Bullet_07_F4E2C678CCA0_6_0.mp4 to /mnt/geosense/cameras/G5Bullet_07/mp4/File_005_File_005_File_005_File_005_G5Bullet_07_F4E2C678CCA0_6_0.mp4
2024-09-04 12:09:26,398 - Module(main):Line(73) INFO - Renamed /mnt/geosense/cameras/G5Bullet_07/mp4/File_006_File_006_File_006_G5Bullet_07_F4E2C678CCA0_7_0.mp4 to /mnt/geosense/cameras/G5Bullet_07/mp4/File_006_File_006_File_006_File_006_G5Bullet_07_F4E2C678CCA0_7_0.mp4
2024-09-04 12:09:26,398 - Module(main):Line(73) INFO - Renamed /mnt/geosense/cameras/G5Bullet_07/mp4/File_007_File_007_File_007_G5Bullet_07_F4E2C678CCA0_8_0.mp4 to /mnt/geosense/cameras/G5Bullet_07/mp4/File_007_File_007_File_007_File_007_G5Bullet_07_F4E2C678CCA0_8_0.mp4
2024-09-04 12:09:26,398 - Module(main):Line(73) INFO - Renamed /mnt/geosense/cameras/G5Bullet_07/mp4/File_008_File_008_File_008_G5Bullet_07_F4E2C678CCA0_9_0.mp4 to /mnt/geosense/cameras/G5Bullet_07/mp4/File_008_File_008_File_008_File_008_G5Bullet_07_F4E2C678CCA0_9_0.mp4
2024-09-04 12:09:26,399 - Module(main):Line(73) INFO - Renamed /mnt/geosense/cameras/G5Bullet_07/mp4/File_009_File_009_File_009_G5Bullet_07_F4E2C678CCA0_10_0.mp4 to /mnt/geosense/cameras/G5Bullet_07/mp4/File_009_File_009_File_009_File_009_G5Bullet_07_F4E2C678CCA0_10_0.mp4
2024-09-04 12:09:26,399 - Module(main):Line(73) INFO - Renamed /mnt/geosense/cameras/G5Bullet_07/mp4/File_010_File_010_File_010_G5Bullet_07_F4E2C678CCA0_11_0.mp4 to /mnt/geosense/cameras/G5Bullet_07/mp4/File_010_File_010_File_010_File_010_G5Bullet_07_F4E2C678CCA0_11_0.mp4
2024-09-04 12:09:26,399 - Module(main):Line(73) INFO - Renamed /mnt/geosense/cameras/G5Bullet_07/mp4/File_011_File_011_File_011_G5Bullet_07_F4E2C678CCA0_12_0.mp4 to /mnt/geosense/cameras/G5Bullet_07/mp4/File_011_File_011_File_011_File_011_G5Bullet_07_F4E2C678CCA0_12_0.mp4
2024-09-04 12:09:26,399 - Module(main):Line(73) INFO - Renamed /mnt/geosense/cameras/G5Bullet_07/mp4/File_012_File_012_File_012_G5Bullet_07_F4E2C678CCA0_13_0.mp4 to /mnt/geosense/cameras/G5Bullet_07/mp4/File_012_File_012_File_012_File_012_G5Bullet_07_F4E2C678CCA0_13_0.mp4
2024-09-04 12:09:26,399 - Module(main):Line(73) INFO - Renamed /mnt/geosense/cameras/G5Bullet_07/mp4/File_013_File_013_File_013_G5Bullet_07_F4E2C678CCA0_14_0.mp4 to /mnt/geosense/cameras/G5Bullet_07/mp4/File_013_File_013_File_013_File_013_G5Bullet_07_F4E2C678CCA0_14_0.mp4
2024-09-04 12:09:26,399 - Module(main):Line(73) INFO - Renamed /mnt/geosense/cameras/G5Bullet_07/mp4/File_014_File_014_File_014_G5Bullet_07_F4E2C678CCA0_15_0.mp4 to /mnt/geosense/cameras/G5Bullet_07/mp4/File_014_File_014_File_014_File_014_G5Bullet_07_F4E2C678CCA0_15_0.mp4
2024-09-04 12:09:26,399 - Module(main):Line(73) INFO - Renamed /mnt/geosense/cameras/G5Bullet_07/mp4/File_015_File_015_File_015_G5Bullet_07_F4E2C678CCA0_16_0.mp4 to /mnt/geosense/cameras/G5Bullet_07/mp4/File_015_File_015_File_015_File_015_G5Bullet_07_F4E2C678CCA0_16_0.mp4
2024-09-04 12:09:26,400 - Module(main):Line(73) INFO - Renamed /mnt/geosense/cameras/G5Bullet_07/mp4/File_016_File_016_File_016_G5Bullet_07_F4E2C678CCA0_17_0.mp4 to /mnt/geosense/cameras/G5Bullet_07/mp4/File_016_File_016_File_016_File_016_G5Bullet_07_F4E2C678CCA0_17_0.mp4
2024-09-04 12:09:26,400 - Module(main):Line(73) INFO - Renamed /mnt/geosense/cameras/G5Bullet_07/mp4/File_017_File_017_File_017_G5Bullet_07_F4E2C678CCA0_18_0.mp4 to /mnt/geosense/cameras/G5Bullet_07/mp4/File_017_File_017_File_017_File_017_G5Bullet_07_F4E2C678CCA0_18_0.mp4
2024-09-04 12:09:26,400 - Module(main):Line(73) INFO - Renamed /mnt/geosense/cameras/G5Bullet_07/mp4/File_018_File_018_File_018_G5Bullet_07_F4E2C678CCA0_19_0.mp4 to /mnt/geosense/cameras/G5Bullet_07/mp4/File_018_File_018_File_018_File_018_G5Bullet_07_F4E2C678CCA0_19_0.mp4
2024-09-04 12:09:26,400 - Module(main):Line(73) INFO - Renamed /mnt/geosense/cameras/G5Bullet_07/mp4/File_019_File_019_File_019_G5Bullet_07_F4E2C678CCA0_20_0.mp4 to /mnt/geosense/cameras/G5Bullet_07/mp4/File_019_File_019_File_019_File_019_G5Bullet_07_F4E2C678CCA0_20_0.mp4
2024-09-04 12:09:26,400 - Module(main):Line(73) INFO - Renamed /mnt/geosense/cameras/G5Bullet_07/mp4/File_020_File_020_File_020_G5Bullet_07_F4E2C678CCA0_21_0.mp4 to /mnt/geosense/cameras/G5Bullet_07/mp4/File_020_File_020_File_020_File_020_G5Bullet_07_F4E2C678CCA0_21_0.mp4
2024-09-04 12:09:26,400 - Module(main):Line(73) INFO - Renamed /mnt/geosense/cameras/G5Bullet_07/mp4/File_021_File_021_File_021_G5Bullet_07_F4E2C678CCA0_22_0.mp4 to /mnt/geosense/cameras/G5Bullet_07/mp4/File_021_File_021_File_021_File_021_G5Bullet_07_F4E2C678CCA0_22_0.mp4
2024-09-04 12:09:26,400 - Module(main):Line(73) INFO - Renamed /mnt/geosense/cameras/G5Bullet_07/mp4/File_022_File_022_File_022_G5Bullet_07_F4E2C678CCA0_23_0.mp4 to /mnt/geosense/cameras/G5Bullet_07/mp4/File_022_File_022_File_022_File_022_G5Bullet_07_F4E2C678CCA0_23_0.mp4
2024-09-04 12:09:26,401 - Module(main):Line(73) INFO - Renamed /mnt/geosense/cameras/G5Bullet_07/mp4/File_023_File_023_File_023_G5Bullet_07_F4E2C678CCA0_24_0.mp4 to /mnt/geosense/cameras/G5Bullet_07/mp4/File_023_File_023_File_023_File_023_G5Bullet_07_F4E2C678CCA0_24_0.mp4
2024-09-04 12:09:26,401 - Module(main):Line(73) INFO - Renamed /mnt/geosense/cameras/G5Bullet_07/mp4/File_024_File_024_File_024_G5Bullet_07_F4E2C678CCA0_25_0.mp4 to /mnt/geosense/cameras/G5Bullet_07/mp4/File_024_File_024_File_024_File_024_G5Bullet_07_F4E2C678CCA0_25_0.mp4
2024-09-04 12:09:26,401 - Module(main):Line(73) INFO - Renamed /mnt/geosense/cameras/G5Bullet_07/mp4/File_025_File_025_File_025_G5Bullet_07_F4E2C678CCA0_26_0.mp4 to /mnt/geosense/cameras/G5Bullet_07/mp4/File_025_File_025_File_025_File_025_G5Bullet_07_F4E2C678CCA0_26_0.mp4
2024-09-04 12:09:26,401 - Module(main):Line(73) INFO - Renamed /mnt/geosense/cameras/G5Bullet_07/mp4/File_026_File_026_File_026_G5Bullet_07_F4E2C678CCA0_27_0.mp4 to /mnt/geosense/cameras/G5Bullet_07/mp4/File_026_File_026_File_026_File_026_G5Bullet_07_F4E2C678CCA0_27_0.mp4
2024-09-04 12:09:26,401 - Module(main):Line(73) INFO - Renamed /mnt/geosense/cameras/G5Bullet_07/mp4/File_027_File_027_File_027_G5Bullet_07_F4E2C678CCA0_28_0.mp4 to /mnt/geosense/cameras/G5Bullet_07/mp4/File_027_File_027_File_027_File_027_G5Bullet_07_F4E2C678CCA0_28_0.mp4
2024-09-04 12:09:26,401 - Module(main):Line(73) INFO - Renamed /mnt/geosense/cameras/G5Bullet_07/mp4/File_028_File_028_File_028_G5Bullet_07_F4E2C678CCA0_29_0.mp4 to /mnt/geosense/cameras/G5Bullet_07/mp4/File_028_File_028_File_028_File_028_G5Bullet_07_F4E2C678CCA0_29_0.mp4
2024-09-04 12:09:26,401 - Module(main):Line(73) INFO - Renamed /mnt/geosense/cameras/G5Bullet_07/mp4/File_029_File_029_File_029_G5Bullet_07_F4E2C678CCA0_30_0.mp4 to /mnt/geosense/cameras/G5Bullet_07/mp4/File_029_File_029_File_029_File_029_G5Bullet_07_F4E2C678CCA0_30_0.mp4
2024-09-04 12:09:26,402 - Module(main):Line(73) INFO - Renamed /mnt/geosense/cameras/G5Bullet_07/mp4/File_030_File_030_File_030_G5Bullet_07_F4E2C678CCA0_31_0.mp4 to /mnt/geosense/cameras/G5Bullet_07/mp4/File_030_File_030_File_030_File_030_G5Bullet_07_F4E2C678CCA0_31_0.mp4
2024-09-04 12:09:26,402 - Module(main):Line(73) INFO - Renamed /mnt/geosense/cameras/G5Bullet_07/mp4/File_031_File_031_File_031_G5Bullet_07_F4E2C678CCA0_32_0.mp4 to /mnt/geosense/cameras/G5Bullet_07/mp4/File_031_File_031_File_031_File_031_G5Bullet_07_F4E2C678CCA0_32_0.mp4
2024-09-04 12:09:26,402 - Module(main):Line(73) INFO - Renamed /mnt/geosense/cameras/G5Bullet_07/mp4/File_032_File_032_File_032_G5Bullet_07_F4E2C678CCA0_33_0.mp4 to /mnt/geosense/cameras/G5Bullet_07/mp4/File_032_File_032_File_032_File_032_G5Bullet_07_F4E2C678CCA0_33_0.mp4
2024-09-04 12:09:26,402 - Module(main):Line(73) INFO - Renamed /mnt/geosense/cameras/G5Bullet_07/mp4/File_033_File_033_File_033_G5Bullet_07_F4E2C678CCA0_34_0.mp4 to /mnt/geosense/cameras/G5Bullet_07/mp4/File_033_File_033_File_033_File_033_G5Bullet_07_F4E2C678CCA0_34_0.mp4
2024-09-04 12:09:26,402 - Module(main):Line(73) INFO - Renamed /mnt/geosense/cameras/G5Bullet_07/mp4/File_034_File_034_File_034_G5Bullet_07_F4E2C678CCA0_35_0.mp4 to /mnt/geosense/cameras/G5Bullet_07/mp4/File_034_File_034_File_034_File_034_G5Bullet_07_F4E2C678CCA0_35_0.mp4
2024-09-04 12:09:26,402 - Module(main):Line(73) INFO - Renamed /mnt/geosense/cameras/G5Bullet_07/mp4/File_035_File_035_File_035_G5Bullet_07_F4E2C678CCA0_36_0.mp4 to /mnt/geosense/cameras/G5Bullet_07/mp4/File_035_File_035_File_035_File_035_G5Bullet_07_F4E2C678CCA0_36_0.mp4
2024-09-04 12:09:26,402 - Module(main):Line(73) INFO - Renamed /mnt/geosense/cameras/G5Bullet_07/mp4/File_036_File_036_File_036_G5Bullet_07_F4E2C678CCA0_37_0.mp4 to /mnt/geosense/cameras/G5Bullet_07/mp4/File_036_File_036_File_036_File_036_G5Bullet_07_F4E2C678CCA0_37_0.mp4
2024-09-04 12:09:26,403 - Module(main):Line(73) INFO - Renamed /mnt/geosense/cameras/G5Bullet_07/mp4/File_037_File_037_File_037_G5Bullet_07_F4E2C678CCA0_38_0.mp4 to /mnt/geosense/cameras/G5Bullet_07/mp4/File_037_File_037_File_037_File_037_G5Bullet_07_F4E2C678CCA0_38_0.mp4
2024-09-04 13:43:09,133 - Module(logger):Line(76) INFO - --------------------------------------------------
2024-09-04 13:43:09,133 - Module(logger):Line(77) INFO - --------------------------------------------------
2024-09-04 13:43:09,133 - Module(main):Line(49) INFO - ::: Processing camera G5Bullet_07 :::
2024-09-04 13:43:09,133 - Module(logger):Line(76) INFO - --------------------------------------------------
2024-09-04 13:43:09,133 - Module(logger):Line(77) INFO - --------------------------------------------------
