[2024-09-05 01:19:00,069][main][INFO] - --------------------------------------------------
[2024-09-05 01:19:00,070][main][INFO] - --------------------------------------------------
[2024-09-05 01:19:00,071][main][INFO] - ::: Processing camera G5Bullet_07 with MAC address F4E2C678CCA0 :::
[2024-09-05 01:19:00,072][main][INFO] - Source directory: /srv/unifi-protect/video/2024/09/01
[2024-09-05 01:19:00,073][main][INFO] - Destination directory: /volume1/videos/2024-09-01/G5Bullet_07
[2024-09-05 01:19:00,074][main][INFO] - --------------------------------------------------
[2024-09-05 01:19:00,075][main][INFO] - --------------------------------------------------
[2024-09-05 01:19:00,079][main][INFO] - --------------------------------------------------
[2024-09-05 01:19:00,080][main][INFO] - --------------------------------------------------
[2024-09-05 01:19:00,080][main][INFO] - ::: Processing camera G5Bullet_26 with MAC address F4E2C678D12A :::
[2024-09-05 01:19:00,081][main][INFO] - Source directory: /srv/unifi-protect/video/2024/09/01
[2024-09-05 01:19:00,082][main][INFO] - Destination directory: /volume1/videos/2024-09-01/G5Bullet_26
[2024-09-05 01:19:00,083][main][INFO] - --------------------------------------------------
[2024-09-05 01:19:00,083][main][INFO] - --------------------------------------------------
[2024-09-05 01:19:00,086][main][INFO] - --------------------------------------------------
[2024-09-05 01:19:00,087][main][INFO] - --------------------------------------------------
[2024-09-05 01:19:00,088][main][INFO] - ::: Processing camera G5Bullet_27 with MAC address F4E2C678D10D :::
[2024-09-05 01:19:00,088][main][INFO] - Source directory: /srv/unifi-protect/video/2024/09/01
[2024-09-05 01:19:00,089][main][INFO] - Destination directory: /volume1/videos/2024-09-01/G5Bullet_27
[2024-09-05 01:19:00,090][main][INFO] - --------------------------------------------------
[2024-09-05 01:19:00,090][main][INFO] - --------------------------------------------------
[2024-09-05 01:19:00,095][main][INFO] - --------------------------------------------------
[2024-09-05 01:19:00,096][main][INFO] - --------------------------------------------------
[2024-09-05 01:19:00,097][main][INFO] - ::: Processing camera G5Bullet_31 with MAC address F4E2C678CB5A :::
[2024-09-05 01:19:00,097][main][INFO] - Source directory: /srv/unifi-protect/video/2024/09/01
[2024-09-05 01:19:00,098][main][INFO] - Destination directory: /volume1/videos/2024-09-01/G5Bullet_31
[2024-09-05 01:19:00,099][main][INFO] - --------------------------------------------------
[2024-09-05 01:19:00,099][main][INFO] - --------------------------------------------------
[2024-09-05 01:19:00,102][main][INFO] - --------------------------------------------------
[2024-09-05 01:19:00,103][main][INFO] - --------------------------------------------------
[2024-09-05 01:19:00,104][main][INFO] - ::: Processing camera G5Bullet_32 with MAC address F4E2C678CCB4 :::
[2024-09-05 01:19:00,104][main][INFO] - Source directory: /srv/unifi-protect/video/2024/09/01
[2024-09-05 01:19:00,105][main][INFO] - Destination directory: /volume1/videos/2024-09-01/G5Bullet_32
[2024-09-05 01:19:00,105][main][INFO] - --------------------------------------------------
[2024-09-05 01:19:00,106][main][INFO] - --------------------------------------------------
[2024-09-05 01:19:00,108][main][INFO] - --------------------------------------------------
[2024-09-05 01:19:00,109][main][INFO] - --------------------------------------------------
[2024-09-05 01:19:00,110][main][INFO] - ::: Processing camera G5Bullet_34 with MAC address F4E2C678CBF2 :::
[2024-09-05 01:19:00,111][main][INFO] - Source directory: /srv/unifi-protect/video/2024/09/01
[2024-09-05 01:19:00,112][main][INFO] - Destination directory: /volume1/videos/2024-09-01/G5Bullet_34
[2024-09-05 01:19:00,113][main][INFO] - --------------------------------------------------
[2024-09-05 01:19:00,113][main][INFO] - --------------------------------------------------
[2024-09-05 01:19:00,118][main][INFO] - --------------------------------------------------
[2024-09-05 01:19:00,119][main][INFO] - --------------------------------------------------
[2024-09-05 01:19:00,119][main][INFO] - ::: Processing camera G5Bullet_36 with MAC address F4E2C678CBBE :::
[2024-09-05 01:19:00,120][main][INFO] - Source directory: /srv/unifi-protect/video/2024/09/01
[2024-09-05 01:19:00,121][main][INFO] - Destination directory: /volume1/videos/2024-09-01/G5Bullet_36
[2024-09-05 01:19:00,122][main][INFO] - --------------------------------------------------
[2024-09-05 01:19:00,122][main][INFO] - --------------------------------------------------
[2024-09-05 01:19:00,125][main][INFO] - --------------------------------------------------
[2024-09-05 01:19:00,125][main][INFO] - --------------------------------------------------
[2024-09-05 01:19:00,126][main][INFO] - ::: Processing camera G5Bullet_39 with MAC address F4E2C678CBC7 :::
[2024-09-05 01:19:00,127][main][INFO] - Source directory: /srv/unifi-protect/video/2024/09/01
[2024-09-05 01:19:00,128][main][INFO] - Destination directory: /volume1/videos/2024-09-01/G5Bullet_39
[2024-09-05 01:19:00,128][main][INFO] - --------------------------------------------------
[2024-09-05 01:19:00,129][main][INFO] - --------------------------------------------------
[2024-09-05 01:19:00,132][main][INFO] - --------------------------------------------------
[2024-09-05 01:19:00,133][main][INFO] - --------------------------------------------------
[2024-09-05 01:19:00,134][main][INFO] - ::: Processing camera G5Bullet_40 with MAC address F4E2C678CCB5 :::
[2024-09-05 01:19:00,134][main][INFO] - Source directory: /srv/unifi-protect/video/2024/09/01
[2024-09-05 01:19:00,135][main][INFO] - Destination directory: /volume1/videos/2024-09-01/G5Bullet_40
[2024-09-05 01:19:00,135][main][INFO] - --------------------------------------------------
[2024-09-05 01:19:00,136][main][INFO] - --------------------------------------------------
[2024-09-05 01:19:00,140][main][INFO] - --------------------------------------------------
[2024-09-05 01:19:00,141][main][INFO] - --------------------------------------------------
[2024-09-05 01:19:00,142][main][INFO] - ::: Processing camera G5Bullet_43 with MAC address F4E2C679D61A :::
[2024-09-05 01:19:00,142][main][INFO] - Source directory: /srv/unifi-protect/video/2024/09/01
[2024-09-05 01:19:00,143][main][INFO] - Destination directory: /volume1/videos/2024-09-01/G5Bullet_43
[2024-09-05 01:19:00,143][main][INFO] - --------------------------------------------------
[2024-09-05 01:19:00,144][main][INFO] - --------------------------------------------------
