2024-09-12 16:45:29,018 - Module(logger):Line(76) INFO - --------------------------------------------------
2024-09-12 16:45:29,018 - Module(logger):Line(77) INFO - --------------------------------------------------
2024-09-12 16:45:29,018 - Module(calibration):Line(72) INFO - ::: Processing camera 07 :::
2024-09-12 16:45:29,018 - Module(logger):Line(76) INFO - --------------------------------------------------
2024-09-12 16:45:29,018 - Module(logger):Line(77) INFO - --------------------------------------------------
2024-09-12 16:45:29,018 - Module(calibration):Line(75) INFO - Getting images...
2024-09-12 16:45:29,061 - Module(calibration):Line(31) INFO - ::: Calibration :::
2024-09-12 16:45:29,061 - Module(calibration):Line(31) INFO - ::: Calibration :::
2024-09-12 16:45:29,062 - Module(calibration):Line(32) INFO - Loading image /mnt/gsdata/projects/ecosense/AngleCam2_0/data/raw_frames/G5Bullet_07/2024/08/24/G5Bullet_07_2024-08-24_04-31-26.jpg...
2024-09-12 16:45:29,062 - Module(calibration):Line(31) INFO - ::: Calibration :::
2024-09-12 16:45:29,062 - Module(calibration):Line(32) INFO - Loading image /mnt/gsdata/projects/ecosense/AngleCam2_0/data/raw_frames/G5Bullet_07/2024/08/24/G5Bullet_07_2024-08-24_04-45-20.jpg...
2024-09-12 16:45:29,062 - Module(calibration):Line(31) INFO - ::: Calibration :::
2024-09-12 16:45:29,062 - Module(calibration):Line(32) INFO - Loading image /mnt/gsdata/projects/ecosense/AngleCam2_0/data/raw_frames/G5Bullet_07/2024/08/24/G5Bullet_07_2024-08-24_04-59-13.jpg...
2024-09-12 16:45:29,062 - Module(calibration):Line(32) INFO - Loading image /mnt/gsdata/projects/ecosense/AngleCam2_0/data/raw_frames/G5Bullet_07/2024/08/24/G5Bullet_07_2024-08-24_05-12-16.jpg...
2024-09-12 16:45:29,234 - Module(calibration):Line(46) INFO - Saving calibrated image to /mnt/gsdata/projects/ecosense/AngleCam2_0/data/corrected_frames/G5Bullet_07/2024/08/24/G5Bullet_07_2024-08-24_04-31-26_calibrated.jpg...
2024-09-12 16:45:29,235 - Module(calibration):Line(46) INFO - Saving calibrated image to /mnt/gsdata/projects/ecosense/AngleCam2_0/data/corrected_frames/G5Bullet_07/2024/08/24/G5Bullet_07_2024-08-24_04-45-20_calibrated.jpg...
2024-09-12 16:45:29,413 - Module(calibration):Line(46) INFO - Saving calibrated image to /mnt/gsdata/projects/ecosense/AngleCam2_0/data/corrected_frames/G5Bullet_07/2024/08/24/G5Bullet_07_2024-08-24_05-12-16_calibrated.jpg...
2024-09-12 16:45:29,413 - Module(calibration):Line(46) INFO - Saving calibrated image to /mnt/gsdata/projects/ecosense/AngleCam2_0/data/corrected_frames/G5Bullet_07/2024/08/24/G5Bullet_07_2024-08-24_04-59-13_calibrated.jpg...
2024-09-12 16:45:29,464 - Module(calibration):Line(49) INFO - Calibration complete.
2024-09-12 16:45:29,465 - Module(calibration):Line(31) INFO - ::: Calibration :::
2024-09-12 16:45:29,465 - Module(calibration):Line(32) INFO - Loading image /mnt/gsdata/projects/ecosense/AngleCam2_0/data/raw_frames/G5Bullet_07/2024/08/24/G5Bullet_07_2024-08-24_04-47-19.jpg...
2024-09-12 16:45:29,495 - Module(calibration):Line(49) INFO - Calibration complete.
2024-09-12 16:45:29,496 - Module(calibration):Line(31) INFO - ::: Calibration :::
2024-09-12 16:45:29,496 - Module(calibration):Line(32) INFO - Loading image /mnt/gsdata/projects/ecosense/AngleCam2_0/data/raw_frames/G5Bullet_07/2024/08/24/G5Bullet_07_2024-08-24_04-33-25.jpg...
2024-09-12 16:45:29,509 - Module(calibration):Line(49) INFO - Calibration complete.
2024-09-12 16:45:29,509 - Module(calibration):Line(31) INFO - ::: Calibration :::
2024-09-12 16:45:29,509 - Module(calibration):Line(32) INFO - Loading image /mnt/gsdata/projects/ecosense/AngleCam2_0/data/raw_frames/G5Bullet_07/2024/08/24/G5Bullet_07_2024-08-24_05-14-15.jpg...
2024-09-12 16:45:29,579 - Module(calibration):Line(49) INFO - Calibration complete.
2024-09-12 16:45:29,579 - Module(calibration):Line(31) INFO - ::: Calibration :::
2024-09-12 16:45:29,579 - Module(calibration):Line(32) INFO - Loading image /mnt/gsdata/projects/ecosense/AngleCam2_0/data/raw_frames/G5Bullet_07/2024/08/24/G5Bullet_07_2024-08-24_05-00-22.jpg...
2024-09-12 16:45:29,695 - Module(calibration):Line(46) INFO - Saving calibrated image to /mnt/gsdata/projects/ecosense/AngleCam2_0/data/corrected_frames/G5Bullet_07/2024/08/24/G5Bullet_07_2024-08-24_04-33-25_calibrated.jpg...
2024-09-12 16:45:29,695 - Module(calibration):Line(46) INFO - Saving calibrated image to /mnt/gsdata/projects/ecosense/AngleCam2_0/data/corrected_frames/G5Bullet_07/2024/08/24/G5Bullet_07_2024-08-24_05-14-15_calibrated.jpg...
2024-09-12 16:45:29,695 - Module(calibration):Line(46) INFO - Saving calibrated image to /mnt/gsdata/projects/ecosense/AngleCam2_0/data/corrected_frames/G5Bullet_07/2024/08/24/G5Bullet_07_2024-08-24_04-47-19_calibrated.jpg...
2024-09-12 16:45:29,811 - Module(calibration):Line(49) INFO - Calibration complete.
2024-09-12 16:45:29,811 - Module(calibration):Line(49) INFO - Calibration complete.
2024-09-12 16:45:29,811 - Module(calibration):Line(46) INFO - Saving calibrated image to /mnt/gsdata/projects/ecosense/AngleCam2_0/data/corrected_frames/G5Bullet_07/2024/08/24/G5Bullet_07_2024-08-24_05-00-22_calibrated.jpg...
2024-09-12 16:45:29,812 - Module(calibration):Line(31) INFO - ::: Calibration :::
2024-09-12 16:45:29,812 - Module(calibration):Line(32) INFO - Loading image /mnt/gsdata/projects/ecosense/AngleCam2_0/data/raw_frames/G5Bullet_07/2024/08/24/G5Bullet_07_2024-08-24_04-35-25.jpg...
2024-09-12 16:45:29,812 - Module(calibration):Line(31) INFO - ::: Calibration :::
2024-09-12 16:45:29,812 - Module(calibration):Line(32) INFO - Loading image /mnt/gsdata/projects/ecosense/AngleCam2_0/data/raw_frames/G5Bullet_07/2024/08/24/G5Bullet_07_2024-08-24_05-16-14.jpg...
2024-09-12 16:45:29,818 - Module(calibration):Line(49) INFO - Calibration complete.
2024-09-12 16:45:29,818 - Module(calibration):Line(31) INFO - ::: Calibration :::
2024-09-12 16:45:29,818 - Module(calibration):Line(32) INFO - Loading image /mnt/gsdata/projects/ecosense/AngleCam2_0/data/raw_frames/G5Bullet_07/2024/08/24/G5Bullet_07_2024-08-24_04-49-18.jpg...
2024-09-12 16:45:29,965 - Module(calibration):Line(49) INFO - Calibration complete.
2024-09-12 16:45:29,965 - Module(calibration):Line(31) INFO - ::: Calibration :::
2024-09-12 16:45:29,965 - Module(calibration):Line(32) INFO - Loading image /mnt/gsdata/projects/ecosense/AngleCam2_0/data/raw_frames/G5Bullet_07/2024/08/24/G5Bullet_07_2024-08-24_05-02-21.jpg...
2024-09-12 16:45:29,969 - Module(calibration):Line(46) INFO - Saving calibrated image to /mnt/gsdata/projects/ecosense/AngleCam2_0/data/corrected_frames/G5Bullet_07/2024/08/24/G5Bullet_07_2024-08-24_05-16-14_calibrated.jpg...
2024-09-12 16:45:29,992 - Module(calibration):Line(46) INFO - Saving calibrated image to /mnt/gsdata/projects/ecosense/AngleCam2_0/data/corrected_frames/G5Bullet_07/2024/08/24/G5Bullet_07_2024-08-24_04-35-25_calibrated.jpg...
2024-09-12 16:45:30,042 - Module(calibration):Line(46) INFO - Saving calibrated image to /mnt/gsdata/projects/ecosense/AngleCam2_0/data/corrected_frames/G5Bullet_07/2024/08/24/G5Bullet_07_2024-08-24_04-49-18_calibrated.jpg...
2024-09-12 16:45:30,087 - Module(calibration):Line(49) INFO - Calibration complete.
2024-09-12 16:45:30,088 - Module(calibration):Line(31) INFO - ::: Calibration :::
2024-09-12 16:45:30,088 - Module(calibration):Line(32) INFO - Loading image /mnt/gsdata/projects/ecosense/AngleCam2_0/data/raw_frames/G5Bullet_07/2024/08/24/G5Bullet_07_2024-08-24_05-18-13.jpg...
2024-09-12 16:45:30,129 - Module(calibration):Line(49) INFO - Calibration complete.
2024-09-12 16:45:30,131 - Module(calibration):Line(31) INFO - ::: Calibration :::
2024-09-12 16:45:30,131 - Module(calibration):Line(32) INFO - Loading image /mnt/gsdata/projects/ecosense/AngleCam2_0/data/raw_frames/G5Bullet_07/2024/08/24/G5Bullet_07_2024-08-24_04-37-23.jpg...
2024-09-12 16:45:30,196 - Module(calibration):Line(46) INFO - Saving calibrated image to /mnt/gsdata/projects/ecosense/AngleCam2_0/data/corrected_frames/G5Bullet_07/2024/08/24/G5Bullet_07_2024-08-24_05-02-21_calibrated.jpg...
2024-09-12 16:45:30,259 - Module(calibration):Line(49) INFO - Calibration complete.
2024-09-12 16:45:30,261 - Module(calibration):Line(31) INFO - ::: Calibration :::
2024-09-12 16:45:30,261 - Module(calibration):Line(32) INFO - Loading image /mnt/gsdata/projects/ecosense/AngleCam2_0/data/raw_frames/G5Bullet_07/2024/08/24/G5Bullet_07_2024-08-24_05-04-20.jpg...
2024-09-12 16:45:30,283 - Module(calibration):Line(49) INFO - Calibration complete.
2024-09-12 16:45:30,285 - Module(calibration):Line(31) INFO - ::: Calibration :::
2024-09-12 16:45:30,285 - Module(calibration):Line(32) INFO - Loading image /mnt/gsdata/projects/ecosense/AngleCam2_0/data/raw_frames/G5Bullet_07/2024/08/24/G5Bullet_07_2024-08-24_04-51-17.jpg...
2024-09-12 16:45:30,435 - Module(calibration):Line(46) INFO - Saving calibrated image to /mnt/gsdata/projects/ecosense/AngleCam2_0/data/corrected_frames/G5Bullet_07/2024/08/24/G5Bullet_07_2024-08-24_05-18-13_calibrated.jpg...
2024-09-12 16:45:30,435 - Module(calibration):Line(46) INFO - Saving calibrated image to /mnt/gsdata/projects/ecosense/AngleCam2_0/data/corrected_frames/G5Bullet_07/2024/08/24/G5Bullet_07_2024-08-24_04-37-23_calibrated.jpg...
2024-09-12 16:45:30,501 - Module(calibration):Line(46) INFO - Saving calibrated image to /mnt/gsdata/projects/ecosense/AngleCam2_0/data/corrected_frames/G5Bullet_07/2024/08/24/G5Bullet_07_2024-08-24_05-04-20_calibrated.jpg...
2024-09-12 16:45:30,503 - Module(calibration):Line(49) INFO - Calibration complete.
2024-09-12 16:45:30,505 - Module(calibration):Line(31) INFO - ::: Calibration :::
2024-09-12 16:45:30,505 - Module(calibration):Line(32) INFO - Loading image /mnt/gsdata/projects/ecosense/AngleCam2_0/data/raw_frames/G5Bullet_07/2024/08/24/G5Bullet_07_2024-08-24_05-20-12.jpg...
2024-09-12 16:45:30,512 - Module(calibration):Line(46) INFO - Saving calibrated image to /mnt/gsdata/projects/ecosense/AngleCam2_0/data/corrected_frames/G5Bullet_07/2024/08/24/G5Bullet_07_2024-08-24_04-51-17_calibrated.jpg...
2024-09-12 16:45:30,526 - Module(calibration):Line(49) INFO - Calibration complete.
2024-09-12 16:45:30,528 - Module(calibration):Line(31) INFO - ::: Calibration :::
2024-09-12 16:45:30,528 - Module(calibration):Line(32) INFO - Loading image /mnt/gsdata/projects/ecosense/AngleCam2_0/data/raw_frames/G5Bullet_07/2024/08/24/G5Bullet_07_2024-08-24_04-39-23.jpg...
2024-09-12 16:45:30,631 - Module(calibration):Line(49) INFO - Calibration complete.
2024-09-12 16:45:30,632 - Module(calibration):Line(31) INFO - ::: Calibration :::
2024-09-12 16:45:30,632 - Module(calibration):Line(32) INFO - Loading image /mnt/gsdata/projects/ecosense/AngleCam2_0/data/raw_frames/G5Bullet_07/2024/08/24/G5Bullet_07_2024-08-24_05-06-19.jpg...
2024-09-12 16:45:30,669 - Module(calibration):Line(49) INFO - Calibration complete.
2024-09-12 16:45:30,671 - Module(calibration):Line(31) INFO - ::: Calibration :::
2024-09-12 16:45:30,671 - Module(calibration):Line(32) INFO - Loading image /mnt/gsdata/projects/ecosense/AngleCam2_0/data/raw_frames/G5Bullet_07/2024/08/24/G5Bullet_07_2024-08-24_04-53-16.jpg...
2024-09-12 16:45:30,730 - Module(calibration):Line(46) INFO - Saving calibrated image to /mnt/gsdata/projects/ecosense/AngleCam2_0/data/corrected_frames/G5Bullet_07/2024/08/24/G5Bullet_07_2024-08-24_05-20-12_calibrated.jpg...
2024-09-12 16:45:30,825 - Module(calibration):Line(46) INFO - Saving calibrated image to /mnt/gsdata/projects/ecosense/AngleCam2_0/data/corrected_frames/G5Bullet_07/2024/08/24/G5Bullet_07_2024-08-24_04-39-23_calibrated.jpg...
2024-09-12 16:45:30,910 - Module(calibration):Line(46) INFO - Saving calibrated image to /mnt/gsdata/projects/ecosense/AngleCam2_0/data/corrected_frames/G5Bullet_07/2024/08/24/G5Bullet_07_2024-08-24_05-06-19_calibrated.jpg...
2024-09-12 16:45:30,979 - Module(calibration):Line(46) INFO - Saving calibrated image to /mnt/gsdata/projects/ecosense/AngleCam2_0/data/corrected_frames/G5Bullet_07/2024/08/24/G5Bullet_07_2024-08-24_04-53-16_calibrated.jpg...
2024-09-12 16:45:30,980 - Module(calibration):Line(49) INFO - Calibration complete.
2024-09-12 16:45:30,980 - Module(calibration):Line(49) INFO - Calibration complete.
2024-09-12 16:45:30,980 - Module(calibration):Line(49) INFO - Calibration complete.
2024-09-12 16:45:30,981 - Module(calibration):Line(31) INFO - ::: Calibration :::
2024-09-12 16:45:30,981 - Module(calibration):Line(32) INFO - Loading image /mnt/gsdata/projects/ecosense/AngleCam2_0/data/raw_frames/G5Bullet_07/2024/08/24/G5Bullet_07_2024-08-24_05-08-18.jpg...
2024-09-12 16:45:30,982 - Module(calibration):Line(31) INFO - ::: Calibration :::
2024-09-12 16:45:30,982 - Module(calibration):Line(32) INFO - Loading image /mnt/gsdata/projects/ecosense/AngleCam2_0/data/raw_frames/G5Bullet_07/2024/08/24/G5Bullet_07_2024-08-24_04-41-22.jpg...
2024-09-12 16:45:30,983 - Module(calibration):Line(31) INFO - ::: Calibration :::
2024-09-12 16:45:30,983 - Module(calibration):Line(32) INFO - Loading image /mnt/gsdata/projects/ecosense/AngleCam2_0/data/raw_frames/G5Bullet_07/2024/08/24/G5Bullet_07_2024-08-24_05-24-11.jpg...
2024-09-12 16:45:31,129 - Module(calibration):Line(49) INFO - Calibration complete.
2024-09-12 16:45:31,131 - Module(calibration):Line(31) INFO - ::: Calibration :::
2024-09-12 16:45:31,131 - Module(calibration):Line(32) INFO - Loading image /mnt/gsdata/projects/ecosense/AngleCam2_0/data/raw_frames/G5Bullet_07/2024/08/24/G5Bullet_07_2024-08-24_04-55-15.jpg...
2024-09-12 16:45:31,169 - Module(calibration):Line(46) INFO - Saving calibrated image to /mnt/gsdata/projects/ecosense/AngleCam2_0/data/corrected_frames/G5Bullet_07/2024/08/24/G5Bullet_07_2024-08-24_05-08-18_calibrated.jpg...
2024-09-12 16:45:31,227 - Module(calibration):Line(46) INFO - Saving calibrated image to /mnt/gsdata/projects/ecosense/AngleCam2_0/data/corrected_frames/G5Bullet_07/2024/08/24/G5Bullet_07_2024-08-24_05-24-11_calibrated.jpg...
2024-09-12 16:45:31,241 - Module(calibration):Line(46) INFO - Saving calibrated image to /mnt/gsdata/projects/ecosense/AngleCam2_0/data/corrected_frames/G5Bullet_07/2024/08/24/G5Bullet_07_2024-08-24_04-41-22_calibrated.jpg...
2024-09-12 16:45:31,347 - Module(calibration):Line(49) INFO - Calibration complete.
2024-09-12 16:45:31,348 - Module(calibration):Line(31) INFO - ::: Calibration :::
2024-09-12 16:45:31,348 - Module(calibration):Line(32) INFO - Loading image /mnt/gsdata/projects/ecosense/AngleCam2_0/data/raw_frames/G5Bullet_07/2024/08/24/G5Bullet_07_2024-08-24_05-10-17.jpg...
2024-09-12 16:45:31,376 - Module(calibration):Line(49) INFO - Calibration complete.
2024-09-12 16:45:31,377 - Module(calibration):Line(31) INFO - ::: Calibration :::
2024-09-12 16:45:31,377 - Module(calibration):Line(32) INFO - Loading image /mnt/gsdata/projects/ecosense/AngleCam2_0/data/raw_frames/G5Bullet_07/2024/08/24/G5Bullet_07_2024-08-24_05-26-09.jpg...
2024-09-12 16:45:31,406 - Module(calibration):Line(46) INFO - Saving calibrated image to /mnt/gsdata/projects/ecosense/AngleCam2_0/data/corrected_frames/G5Bullet_07/2024/08/24/G5Bullet_07_2024-08-24_04-55-15_calibrated.jpg...
2024-09-12 16:45:31,414 - Module(calibration):Line(49) INFO - Calibration complete.
2024-09-12 16:45:31,415 - Module(calibration):Line(31) INFO - ::: Calibration :::
2024-09-12 16:45:31,415 - Module(calibration):Line(32) INFO - Loading image /mnt/gsdata/projects/ecosense/AngleCam2_0/data/raw_frames/G5Bullet_07/2024/08/24/G5Bullet_07_2024-08-24_04-43-21.jpg...
2024-09-12 16:45:31,533 - Module(calibration):Line(49) INFO - Calibration complete.
2024-09-12 16:45:31,535 - Module(calibration):Line(31) INFO - ::: Calibration :::
2024-09-12 16:45:31,535 - Module(calibration):Line(32) INFO - Loading image /mnt/gsdata/projects/ecosense/AngleCam2_0/data/raw_frames/G5Bullet_07/2024/08/24/G5Bullet_07_2024-08-24_04-57-14.jpg...
2024-09-12 16:45:31,536 - Module(calibration):Line(46) INFO - Saving calibrated image to /mnt/gsdata/projects/ecosense/AngleCam2_0/data/corrected_frames/G5Bullet_07/2024/08/24/G5Bullet_07_2024-08-24_05-26-09_calibrated.jpg...
2024-09-12 16:45:31,537 - Module(calibration):Line(46) INFO - Saving calibrated image to /mnt/gsdata/projects/ecosense/AngleCam2_0/data/corrected_frames/G5Bullet_07/2024/08/24/G5Bullet_07_2024-08-24_05-10-17_calibrated.jpg...
2024-09-12 16:45:31,612 - Module(calibration):Line(49) INFO - Calibration complete.
2024-09-12 16:45:31,612 - Module(calibration):Line(46) INFO - Saving calibrated image to /mnt/gsdata/projects/ecosense/AngleCam2_0/data/corrected_frames/G5Bullet_07/2024/08/24/G5Bullet_07_2024-08-24_04-43-21_calibrated.jpg...
2024-09-12 16:45:31,614 - Module(calibration):Line(49) INFO - Calibration complete.
2024-09-12 16:45:31,614 - Module(calibration):Line(31) INFO - ::: Calibration :::
2024-09-12 16:45:31,614 - Module(calibration):Line(32) INFO - Loading image /mnt/gsdata/projects/ecosense/AngleCam2_0/data/raw_frames/G5Bullet_07/2024/08/24/G5Bullet_07_2024-08-24_05-28-09.jpg...
2024-09-12 16:45:31,615 - Module(calibration):Line(31) INFO - ::: Calibration :::
2024-09-12 16:45:31,615 - Module(calibration):Line(32) INFO - Loading image /mnt/gsdata/projects/ecosense/AngleCam2_0/data/raw_frames/G5Bullet_07/2024/08/24/G5Bullet_07_2024-08-24_05-40-52.jpg...
2024-09-12 16:45:31,656 - Module(calibration):Line(46) INFO - Saving calibrated image to /mnt/gsdata/projects/ecosense/AngleCam2_0/data/corrected_frames/G5Bullet_07/2024/08/24/G5Bullet_07_2024-08-24_04-57-14_calibrated.jpg...
2024-09-12 16:45:31,704 - Module(calibration):Line(49) INFO - Calibration complete.
2024-09-12 16:45:31,705 - Module(calibration):Line(31) INFO - ::: Calibration :::
2024-09-12 16:45:31,705 - Module(calibration):Line(32) INFO - Loading image /mnt/gsdata/projects/ecosense/AngleCam2_0/data/raw_frames/G5Bullet_07/2024/08/24/G5Bullet_07_2024-08-24_05-54-45.jpg...
2024-09-12 16:45:31,787 - Module(calibration):Line(49) INFO - Calibration complete.
2024-09-12 16:45:31,789 - Module(calibration):Line(31) INFO - ::: Calibration :::
2024-09-12 16:45:31,789 - Module(calibration):Line(32) INFO - Loading image /mnt/gsdata/projects/ecosense/AngleCam2_0/data/raw_frames/G5Bullet_07/2024/08/24/G5Bullet_07_2024-08-24_06-14-29.jpg...
2024-09-12 16:45:31,791 - Module(calibration):Line(46) INFO - Saving calibrated image to /mnt/gsdata/projects/ecosense/AngleCam2_0/data/corrected_frames/G5Bullet_07/2024/08/24/G5Bullet_07_2024-08-24_05-40-52_calibrated.jpg...
2024-09-12 16:45:31,800 - Module(calibration):Line(46) INFO - Saving calibrated image to /mnt/gsdata/projects/ecosense/AngleCam2_0/data/corrected_frames/G5Bullet_07/2024/08/24/G5Bullet_07_2024-08-24_05-28-09_calibrated.jpg...
2024-09-12 16:45:31,845 - Module(calibration):Line(46) INFO - Saving calibrated image to /mnt/gsdata/projects/ecosense/AngleCam2_0/data/corrected_frames/G5Bullet_07/2024/08/24/G5Bullet_07_2024-08-24_05-54-45_calibrated.jpg...
2024-09-12 16:45:31,904 - Module(calibration):Line(49) INFO - Calibration complete.
2024-09-12 16:45:31,905 - Module(calibration):Line(31) INFO - ::: Calibration :::
2024-09-12 16:45:31,905 - Module(calibration):Line(32) INFO - Loading image /mnt/gsdata/projects/ecosense/AngleCam2_0/data/raw_frames/G5Bullet_07/2024/08/24/G5Bullet_07_2024-08-24_05-28-58.jpg...
2024-09-12 16:45:31,920 - Module(calibration):Line(49) INFO - Calibration complete.
2024-09-12 16:45:31,921 - Module(calibration):Line(31) INFO - ::: Calibration :::
2024-09-12 16:45:31,921 - Module(calibration):Line(32) INFO - Loading image /mnt/gsdata/projects/ecosense/AngleCam2_0/data/raw_frames/G5Bullet_07/2024/08/24/G5Bullet_07_2024-08-24_05-42-51.jpg...
2024-09-12 16:45:31,986 - Module(calibration):Line(49) INFO - Calibration complete.
2024-09-12 16:45:31,986 - Module(calibration):Line(46) INFO - Saving calibrated image to /mnt/gsdata/projects/ecosense/AngleCam2_0/data/corrected_frames/G5Bullet_07/2024/08/24/G5Bullet_07_2024-08-24_06-14-29_calibrated.jpg...
2024-09-12 16:45:31,988 - Module(calibration):Line(31) INFO - ::: Calibration :::
2024-09-12 16:45:31,988 - Module(calibration):Line(32) INFO - Loading image /mnt/gsdata/projects/ecosense/AngleCam2_0/data/raw_frames/G5Bullet_07/2024/08/24/G5Bullet_07_2024-08-24_05-56-38.jpg...
2024-09-12 16:45:32,061 - Module(calibration):Line(46) INFO - Saving calibrated image to /mnt/gsdata/projects/ecosense/AngleCam2_0/data/corrected_frames/G5Bullet_07/2024/08/24/G5Bullet_07_2024-08-24_05-28-58_calibrated.jpg...
2024-09-12 16:45:32,115 - Module(calibration):Line(46) INFO - Saving calibrated image to /mnt/gsdata/projects/ecosense/AngleCam2_0/data/corrected_frames/G5Bullet_07/2024/08/24/G5Bullet_07_2024-08-24_05-42-51_calibrated.jpg...
2024-09-12 16:45:32,118 - Module(calibration):Line(49) INFO - Calibration complete.
2024-09-12 16:45:32,120 - Module(calibration):Line(31) INFO - ::: Calibration :::
2024-09-12 16:45:32,120 - Module(calibration):Line(32) INFO - Loading image /mnt/gsdata/projects/ecosense/AngleCam2_0/data/raw_frames/G5Bullet_07/2024/08/24/G5Bullet_07_2024-08-24_06-16-29.jpg...
2024-09-12 16:45:32,138 - Module(calibration):Line(46) INFO - Saving calibrated image to /mnt/gsdata/projects/ecosense/AngleCam2_0/data/corrected_frames/G5Bullet_07/2024/08/24/G5Bullet_07_2024-08-24_05-56-38_calibrated.jpg...
2024-09-12 16:45:32,181 - Module(calibration):Line(49) INFO - Calibration complete.
2024-09-12 16:45:32,182 - Module(calibration):Line(31) INFO - ::: Calibration :::
2024-09-12 16:45:32,182 - Module(calibration):Line(32) INFO - Loading image /mnt/gsdata/projects/ecosense/AngleCam2_0/data/raw_frames/G5Bullet_07/2024/08/24/G5Bullet_07_2024-08-24_05-30-57.jpg...
2024-09-12 16:45:32,231 - Module(calibration):Line(49) INFO - Calibration complete.
2024-09-12 16:45:32,233 - Module(calibration):Line(31) INFO - ::: Calibration :::
2024-09-12 16:45:32,233 - Module(calibration):Line(32) INFO - Loading image /mnt/gsdata/projects/ecosense/AngleCam2_0/data/raw_frames/G5Bullet_07/2024/08/24/G5Bullet_07_2024-08-24_05-44-50.jpg...
2024-09-12 16:45:32,279 - Module(calibration):Line(49) INFO - Calibration complete.
2024-09-12 16:45:32,281 - Module(calibration):Line(31) INFO - ::: Calibration :::
2024-09-12 16:45:32,281 - Module(calibration):Line(32) INFO - Loading image /mnt/gsdata/projects/ecosense/AngleCam2_0/data/raw_frames/G5Bullet_07/2024/08/24/G5Bullet_07_2024-08-24_06-00-36.jpg...
2024-09-12 16:45:32,308 - Module(calibration):Line(46) INFO - Saving calibrated image to /mnt/gsdata/projects/ecosense/AngleCam2_0/data/corrected_frames/G5Bullet_07/2024/08/24/G5Bullet_07_2024-08-24_06-16-29_calibrated.jpg...
2024-09-12 16:45:32,393 - Module(calibration):Line(46) INFO - Saving calibrated image to /mnt/gsdata/projects/ecosense/AngleCam2_0/data/corrected_frames/G5Bullet_07/2024/08/24/G5Bullet_07_2024-08-24_05-30-57_calibrated.jpg...
2024-09-12 16:45:32,458 - Module(calibration):Line(49) INFO - Calibration complete.
2024-09-12 16:45:32,460 - Module(calibration):Line(31) INFO - ::: Calibration :::
2024-09-12 16:45:32,460 - Module(calibration):Line(32) INFO - Loading image /mnt/gsdata/projects/ecosense/AngleCam2_0/data/raw_frames/G5Bullet_07/2024/08/24/G5Bullet_07_2024-08-24_06-18-27.jpg...
2024-09-12 16:45:32,461 - Module(calibration):Line(46) INFO - Saving calibrated image to /mnt/gsdata/projects/ecosense/AngleCam2_0/data/corrected_frames/G5Bullet_07/2024/08/24/G5Bullet_07_2024-08-24_05-44-50_calibrated.jpg...
2024-09-12 16:45:32,462 - Module(calibration):Line(46) INFO - Saving calibrated image to /mnt/gsdata/projects/ecosense/AngleCam2_0/data/corrected_frames/G5Bullet_07/2024/08/24/G5Bullet_07_2024-08-24_06-00-36_calibrated.jpg...
2024-09-12 16:45:32,521 - Module(calibration):Line(49) INFO - Calibration complete.
2024-09-12 16:45:32,522 - Module(calibration):Line(31) INFO - ::: Calibration :::
2024-09-12 16:45:32,522 - Module(calibration):Line(32) INFO - Loading image /mnt/gsdata/projects/ecosense/AngleCam2_0/data/raw_frames/G5Bullet_07/2024/08/24/G5Bullet_07_2024-08-24_05-32-56.jpg...
2024-09-12 16:45:32,597 - Module(calibration):Line(49) INFO - Calibration complete.
2024-09-12 16:45:32,599 - Module(calibration):Line(31) INFO - ::: Calibration :::
2024-09-12 16:45:32,599 - Module(calibration):Line(32) INFO - Loading image /mnt/gsdata/projects/ecosense/AngleCam2_0/data/raw_frames/G5Bullet_07/2024/08/24/G5Bullet_07_2024-08-24_05-46-49.jpg...
2024-09-12 16:45:32,630 - Module(calibration):Line(49) INFO - Calibration complete.
2024-09-12 16:45:32,631 - Module(calibration):Line(31) INFO - ::: Calibration :::
2024-09-12 16:45:32,631 - Module(calibration):Line(32) INFO - Loading image /mnt/gsdata/projects/ecosense/AngleCam2_0/data/raw_frames/G5Bullet_07/2024/08/24/G5Bullet_07_2024-08-24_06-02-35.jpg...
2024-09-12 16:45:32,676 - Module(calibration):Line(46) INFO - Saving calibrated image to /mnt/gsdata/projects/ecosense/AngleCam2_0/data/corrected_frames/G5Bullet_07/2024/08/24/G5Bullet_07_2024-08-24_06-18-27_calibrated.jpg...
2024-09-12 16:45:32,769 - Module(calibration):Line(46) INFO - Saving calibrated image to /mnt/gsdata/projects/ecosense/AngleCam2_0/data/corrected_frames/G5Bullet_07/2024/08/24/G5Bullet_07_2024-08-24_05-32-56_calibrated.jpg...
2024-09-12 16:45:32,781 - Module(calibration):Line(46) INFO - Saving calibrated image to /mnt/gsdata/projects/ecosense/AngleCam2_0/data/corrected_frames/G5Bullet_07/2024/08/24/G5Bullet_07_2024-08-24_05-46-49_calibrated.jpg...
2024-09-12 16:45:32,781 - Module(calibration):Line(46) INFO - Saving calibrated image to /mnt/gsdata/projects/ecosense/AngleCam2_0/data/corrected_frames/G5Bullet_07/2024/08/24/G5Bullet_07_2024-08-24_06-02-35_calibrated.jpg...
2024-09-12 16:45:32,788 - Module(calibration):Line(49) INFO - Calibration complete.
2024-09-12 16:45:32,789 - Module(calibration):Line(31) INFO - ::: Calibration :::
2024-09-12 16:45:32,789 - Module(calibration):Line(32) INFO - Loading image /mnt/gsdata/projects/ecosense/AngleCam2_0/data/raw_frames/G5Bullet_07/2024/08/24/G5Bullet_07_2024-08-24_06-20-27.jpg...
2024-09-12 16:45:32,836 - Module(calibration):Line(49) INFO - Calibration complete.
2024-09-12 16:45:32,837 - Module(calibration):Line(31) INFO - ::: Calibration :::
2024-09-12 16:45:32,837 - Module(calibration):Line(32) INFO - Loading image /mnt/gsdata/projects/ecosense/AngleCam2_0/data/raw_frames/G5Bullet_07/2024/08/24/G5Bullet_07_2024-08-24_05-34-55.jpg...
2024-09-12 16:45:32,854 - Module(calibration):Line(49) INFO - Calibration complete.
2024-09-12 16:45:32,855 - Module(calibration):Line(31) INFO - ::: Calibration :::
2024-09-12 16:45:32,855 - Module(calibration):Line(32) INFO - Loading image /mnt/gsdata/projects/ecosense/AngleCam2_0/data/raw_frames/G5Bullet_07/2024/08/24/G5Bullet_07_2024-08-24_05-48-48.jpg...
2024-09-12 16:45:32,915 - Module(calibration):Line(49) INFO - Calibration complete.
2024-09-12 16:45:32,916 - Module(calibration):Line(31) INFO - ::: Calibration :::
2024-09-12 16:45:32,916 - Module(calibration):Line(32) INFO - Loading image /mnt/gsdata/projects/ecosense/AngleCam2_0/data/raw_frames/G5Bullet_07/2024/08/24/G5Bullet_07_2024-08-24_06-04-34.jpg...
2024-09-12 16:45:32,994 - Module(calibration):Line(46) INFO - Saving calibrated image to /mnt/gsdata/projects/ecosense/AngleCam2_0/data/corrected_frames/G5Bullet_07/2024/08/24/G5Bullet_07_2024-08-24_06-20-27_calibrated.jpg...
2024-09-12 16:45:32,997 - Module(calibration):Line(46) INFO - Saving calibrated image to /mnt/gsdata/projects/ecosense/AngleCam2_0/data/corrected_frames/G5Bullet_07/2024/08/24/G5Bullet_07_2024-08-24_05-34-55_calibrated.jpg...
2024-09-12 16:45:33,046 - Module(calibration):Line(46) INFO - Saving calibrated image to /mnt/gsdata/projects/ecosense/AngleCam2_0/data/corrected_frames/G5Bullet_07/2024/08/24/G5Bullet_07_2024-08-24_05-48-48_calibrated.jpg...
2024-09-12 16:45:33,068 - Module(calibration):Line(49) INFO - Calibration complete.
2024-09-12 16:45:33,069 - Module(calibration):Line(31) INFO - ::: Calibration :::
2024-09-12 16:45:33,069 - Module(calibration):Line(32) INFO - Loading image /mnt/gsdata/projects/ecosense/AngleCam2_0/data/raw_frames/G5Bullet_07/2024/08/24/G5Bullet_07_2024-08-24_05-36-54.jpg...
2024-09-12 16:45:33,071 - Module(calibration):Line(49) INFO - Calibration complete.
2024-09-12 16:45:33,072 - Module(calibration):Line(46) INFO - Saving calibrated image to /mnt/gsdata/projects/ecosense/AngleCam2_0/data/corrected_frames/G5Bullet_07/2024/08/24/G5Bullet_07_2024-08-24_06-04-34_calibrated.jpg...
2024-09-12 16:45:33,073 - Module(calibration):Line(31) INFO - ::: Calibration :::
2024-09-12 16:45:33,073 - Module(calibration):Line(32) INFO - Loading image /mnt/gsdata/projects/ecosense/AngleCam2_0/data/raw_frames/G5Bullet_07/2024/08/24/G5Bullet_07_2024-08-24_06-22-26.jpg...
2024-09-12 16:45:33,149 - Module(calibration):Line(49) INFO - Calibration complete.
2024-09-12 16:45:33,151 - Module(calibration):Line(31) INFO - ::: Calibration :::
2024-09-12 16:45:33,151 - Module(calibration):Line(32) INFO - Loading image /mnt/gsdata/projects/ecosense/AngleCam2_0/data/raw_frames/G5Bullet_07/2024/08/24/G5Bullet_07_2024-08-24_06-08-32.jpg...
2024-09-12 16:45:33,157 - Module(calibration):Line(49) INFO - Calibration complete.
2024-09-12 16:45:33,158 - Module(calibration):Line(31) INFO - ::: Calibration :::
2024-09-12 16:45:33,159 - Module(calibration):Line(32) INFO - Loading image /mnt/gsdata/projects/ecosense/AngleCam2_0/data/raw_frames/G5Bullet_07/2024/08/24/G5Bullet_07_2024-08-24_05-50-47.jpg...
2024-09-12 16:45:33,171 - Module(calibration):Line(46) INFO - Saving calibrated image to /mnt/gsdata/projects/ecosense/AngleCam2_0/data/corrected_frames/G5Bullet_07/2024/08/24/G5Bullet_07_2024-08-24_05-36-54_calibrated.jpg...
2024-09-12 16:45:33,238 - Module(calibration):Line(46) INFO - Saving calibrated image to /mnt/gsdata/projects/ecosense/AngleCam2_0/data/corrected_frames/G5Bullet_07/2024/08/24/G5Bullet_07_2024-08-24_06-22-26_calibrated.jpg...
2024-09-12 16:45:33,273 - Module(calibration):Line(49) INFO - Calibration complete.
2024-09-12 16:45:33,275 - Module(calibration):Line(31) INFO - ::: Calibration :::
2024-09-12 16:45:33,275 - Module(calibration):Line(32) INFO - Loading image /mnt/gsdata/projects/ecosense/AngleCam2_0/data/raw_frames/G5Bullet_07/2024/08/24/G5Bullet_07_2024-08-24_05-38-53.jpg...
2024-09-12 16:45:33,293 - Module(calibration):Line(49) INFO - Calibration complete.
2024-09-12 16:45:33,293 - Module(calibration):Line(46) INFO - Saving calibrated image to /mnt/gsdata/projects/ecosense/AngleCam2_0/data/corrected_frames/G5Bullet_07/2024/08/24/G5Bullet_07_2024-08-24_05-50-47_calibrated.jpg...
2024-09-12 16:45:33,293 - Module(calibration):Line(46) INFO - Saving calibrated image to /mnt/gsdata/projects/ecosense/AngleCam2_0/data/corrected_frames/G5Bullet_07/2024/08/24/G5Bullet_07_2024-08-24_06-08-32_calibrated.jpg...
2024-09-12 16:45:33,294 - Module(calibration):Line(31) INFO - ::: Calibration :::
2024-09-12 16:45:33,294 - Module(calibration):Line(32) INFO - Loading image /mnt/gsdata/projects/ecosense/AngleCam2_0/data/raw_frames/G5Bullet_07/2024/08/24/G5Bullet_07_2024-08-24_06-24-25.jpg...
2024-09-12 16:45:33,374 - Module(calibration):Line(49) INFO - Calibration complete.
2024-09-12 16:45:33,376 - Module(calibration):Line(31) INFO - ::: Calibration :::
2024-09-12 16:45:33,376 - Module(calibration):Line(32) INFO - Loading image /mnt/gsdata/projects/ecosense/AngleCam2_0/data/raw_frames/G5Bullet_07/2024/08/24/G5Bullet_07_2024-08-24_05-52-46.jpg...
2024-09-12 16:45:33,419 - Module(calibration):Line(49) INFO - Calibration complete.
2024-09-12 16:45:33,420 - Module(calibration):Line(31) INFO - ::: Calibration :::
2024-09-12 16:45:33,420 - Module(calibration):Line(32) INFO - Loading image /mnt/gsdata/projects/ecosense/AngleCam2_0/data/raw_frames/G5Bullet_07/2024/08/24/G5Bullet_07_2024-08-24_06-12-30.jpg...
2024-09-12 16:45:33,510 - Module(calibration):Line(46) INFO - Saving calibrated image to /mnt/gsdata/projects/ecosense/AngleCam2_0/data/corrected_frames/G5Bullet_07/2024/08/24/G5Bullet_07_2024-08-24_05-38-53_calibrated.jpg...
2024-09-12 16:45:33,513 - Module(calibration):Line(46) INFO - Saving calibrated image to /mnt/gsdata/projects/ecosense/AngleCam2_0/data/corrected_frames/G5Bullet_07/2024/08/24/G5Bullet_07_2024-08-24_06-24-25_calibrated.jpg...
2024-09-12 16:45:33,523 - Module(calibration):Line(46) INFO - Saving calibrated image to /mnt/gsdata/projects/ecosense/AngleCam2_0/data/corrected_frames/G5Bullet_07/2024/08/24/G5Bullet_07_2024-08-24_05-52-46_calibrated.jpg...
2024-09-12 16:45:33,607 - Module(calibration):Line(49) INFO - Calibration complete.
2024-09-12 16:45:33,609 - Module(calibration):Line(31) INFO - ::: Calibration :::
2024-09-12 16:45:33,609 - Module(calibration):Line(32) INFO - Loading image /mnt/gsdata/projects/ecosense/AngleCam2_0/data/raw_frames/G5Bullet_07/2024/08/24/G5Bullet_07_2024-08-24_06-27-04.jpg...
2024-09-12 16:45:33,610 - Module(calibration):Line(46) INFO - Saving calibrated image to /mnt/gsdata/projects/ecosense/AngleCam2_0/data/corrected_frames/G5Bullet_07/2024/08/24/G5Bullet_07_2024-08-24_06-12-30_calibrated.jpg...
2024-09-12 16:45:33,610 - Module(calibration):Line(49) INFO - Calibration complete.
2024-09-12 16:45:33,610 - Module(calibration):Line(49) INFO - Calibration complete.
2024-09-12 16:45:33,611 - Module(calibration):Line(31) INFO - ::: Calibration :::
2024-09-12 16:45:33,611 - Module(calibration):Line(32) INFO - Loading image /mnt/gsdata/projects/ecosense/AngleCam2_0/data/raw_frames/G5Bullet_07/2024/08/24/G5Bullet_07_2024-08-24_06-26-24.jpg...
2024-09-12 16:45:33,612 - Module(calibration):Line(31) INFO - ::: Calibration :::
2024-09-12 16:45:33,612 - Module(calibration):Line(32) INFO - Loading image /mnt/gsdata/projects/ecosense/AngleCam2_0/data/raw_frames/G5Bullet_07/2024/08/24/G5Bullet_07_2024-08-24_06-40-57.jpg...
2024-09-12 16:45:33,725 - Module(calibration):Line(49) INFO - Calibration complete.
2024-09-12 16:45:33,727 - Module(calibration):Line(31) INFO - ::: Calibration :::
2024-09-12 16:45:33,728 - Module(calibration):Line(32) INFO - Loading image /mnt/gsdata/projects/ecosense/AngleCam2_0/data/raw_frames/G5Bullet_07/2024/08/24/G5Bullet_07_2024-08-24_06-54-09.jpg...
2024-09-12 16:45:33,788 - Module(calibration):Line(46) INFO - Saving calibrated image to /mnt/gsdata/projects/ecosense/AngleCam2_0/data/corrected_frames/G5Bullet_07/2024/08/24/G5Bullet_07_2024-08-24_06-27-04_calibrated.jpg...
2024-09-12 16:45:33,830 - Module(calibration):Line(46) INFO - Saving calibrated image to /mnt/gsdata/projects/ecosense/AngleCam2_0/data/corrected_frames/G5Bullet_07/2024/08/24/G5Bullet_07_2024-08-24_06-26-24_calibrated.jpg...
2024-09-12 16:45:33,866 - Module(calibration):Line(46) INFO - Saving calibrated image to /mnt/gsdata/projects/ecosense/AngleCam2_0/data/corrected_frames/G5Bullet_07/2024/08/24/G5Bullet_07_2024-08-24_06-40-57_calibrated.jpg...
2024-09-12 16:45:33,925 - Module(calibration):Line(49) INFO - Calibration complete.
2024-09-12 16:45:33,926 - Module(calibration):Line(31) INFO - ::: Calibration :::
2024-09-12 16:45:33,926 - Module(calibration):Line(32) INFO - Loading image /mnt/gsdata/projects/ecosense/AngleCam2_0/data/raw_frames/G5Bullet_07/2024/08/24/G5Bullet_07_2024-08-24_06-29-03.jpg...
2024-09-12 16:45:33,946 - Module(calibration):Line(46) INFO - Saving calibrated image to /mnt/gsdata/projects/ecosense/AngleCam2_0/data/corrected_frames/G5Bullet_07/2024/08/24/G5Bullet_07_2024-08-24_06-54-09_calibrated.jpg...
2024-09-12 16:45:33,957 - Module(calibration):Line(49) INFO - Calibration complete.
2024-09-12 16:45:33,960 - Module(calibration):Line(31) INFO - ::: Calibration :::
2024-09-12 16:45:33,960 - Module(calibration):Line(32) INFO - Loading image /mnt/gsdata/projects/ecosense/AngleCam2_0/data/raw_frames/G5Bullet_07/2024/08/24/G5Bullet_07_2024-08-24_07-12-01.jpg...
2024-09-12 16:45:34,053 - Module(calibration):Line(49) INFO - Calibration complete.
2024-09-12 16:45:34,054 - Module(calibration):Line(31) INFO - ::: Calibration :::
2024-09-12 16:45:34,054 - Module(calibration):Line(32) INFO - Loading image /mnt/gsdata/projects/ecosense/AngleCam2_0/data/raw_frames/G5Bullet_07/2024/08/24/G5Bullet_07_2024-08-24_06-42-56.jpg...
2024-09-12 16:45:34,088 - Module(calibration):Line(49) INFO - Calibration complete.
2024-09-12 16:45:34,090 - Module(calibration):Line(31) INFO - ::: Calibration :::
2024-09-12 16:45:34,090 - Module(calibration):Line(32) INFO - Loading image /mnt/gsdata/projects/ecosense/AngleCam2_0/data/raw_frames/G5Bullet_07/2024/08/24/G5Bullet_07_2024-08-24_06-56-08.jpg...
2024-09-12 16:45:34,117 - Module(calibration):Line(46) INFO - Saving calibrated image to /mnt/gsdata/projects/ecosense/AngleCam2_0/data/corrected_frames/G5Bullet_07/2024/08/24/G5Bullet_07_2024-08-24_06-29-03_calibrated.jpg...
2024-09-12 16:45:34,205 - Module(calibration):Line(46) INFO - Saving calibrated image to /mnt/gsdata/projects/ecosense/AngleCam2_0/data/corrected_frames/G5Bullet_07/2024/08/24/G5Bullet_07_2024-08-24_07-12-01_calibrated.jpg...
2024-09-12 16:45:34,261 - Module(calibration):Line(49) INFO - Calibration complete.
2024-09-12 16:45:34,262 - Module(calibration):Line(31) INFO - ::: Calibration :::
2024-09-12 16:45:34,263 - Module(calibration):Line(32) INFO - Loading image /mnt/gsdata/projects/ecosense/AngleCam2_0/data/raw_frames/G5Bullet_07/2024/08/24/G5Bullet_07_2024-08-24_06-31-02.jpg...
2024-09-12 16:45:34,293 - Module(calibration):Line(49) INFO - Calibration complete.
2024-09-12 16:45:34,294 - Module(calibration):Line(31) INFO - ::: Calibration :::
2024-09-12 16:45:34,294 - Module(calibration):Line(32) INFO - Loading image /mnt/gsdata/projects/ecosense/AngleCam2_0/data/raw_frames/G5Bullet_07/2024/08/24/G5Bullet_07_2024-08-24_07-14-00.jpg...
2024-09-12 16:45:34,324 - Module(calibration):Line(46) INFO - Saving calibrated image to /mnt/gsdata/projects/ecosense/AngleCam2_0/data/corrected_frames/G5Bullet_07/2024/08/24/G5Bullet_07_2024-08-24_06-42-56_calibrated.jpg...
2024-09-12 16:45:34,331 - Module(calibration):Line(46) INFO - Saving calibrated image to /mnt/gsdata/projects/ecosense/AngleCam2_0/data/corrected_frames/G5Bullet_07/2024/08/24/G5Bullet_07_2024-08-24_06-56-08_calibrated.jpg...
2024-09-12 16:45:34,479 - Module(calibration):Line(49) INFO - Calibration complete.
2024-09-12 16:45:34,482 - Module(calibration):Line(31) INFO - ::: Calibration :::
2024-09-12 16:45:34,482 - Module(calibration):Line(32) INFO - Loading image /mnt/gsdata/projects/ecosense/AngleCam2_0/data/raw_frames/G5Bullet_07/2024/08/24/G5Bullet_07_2024-08-24_06-44-55.jpg...
2024-09-12 16:45:34,506 - Module(calibration):Line(46) INFO - Saving calibrated image to /mnt/gsdata/projects/ecosense/AngleCam2_0/data/corrected_frames/G5Bullet_07/2024/08/24/G5Bullet_07_2024-08-24_06-31-02_calibrated.jpg...
2024-09-12 16:45:34,519 - Module(calibration):Line(49) INFO - Calibration complete.
2024-09-12 16:45:34,522 - Module(calibration):Line(31) INFO - ::: Calibration :::
2024-09-12 16:45:34,522 - Module(calibration):Line(32) INFO - Loading image /mnt/gsdata/projects/ecosense/AngleCam2_0/data/raw_frames/G5Bullet_07/2024/08/24/G5Bullet_07_2024-08-24_07-00-06.jpg...
2024-09-12 16:45:34,565 - Module(calibration):Line(46) INFO - Saving calibrated image to /mnt/gsdata/projects/ecosense/AngleCam2_0/data/corrected_frames/G5Bullet_07/2024/08/24/G5Bullet_07_2024-08-24_07-14-00_calibrated.jpg...
2024-09-12 16:45:34,638 - Module(calibration):Line(49) INFO - Calibration complete.
2024-09-12 16:45:34,640 - Module(calibration):Line(31) INFO - ::: Calibration :::
2024-09-12 16:45:34,640 - Module(calibration):Line(32) INFO - Loading image /mnt/gsdata/projects/ecosense/AngleCam2_0/data/raw_frames/G5Bullet_07/2024/08/24/G5Bullet_07_2024-08-24_06-33-01.jpg...
2024-09-12 16:45:34,715 - Module(calibration):Line(46) INFO - Saving calibrated image to /mnt/gsdata/projects/ecosense/AngleCam2_0/data/corrected_frames/G5Bullet_07/2024/08/24/G5Bullet_07_2024-08-24_06-44-55_calibrated.jpg...
2024-09-12 16:45:34,771 - Module(calibration):Line(49) INFO - Calibration complete.
2024-09-12 16:45:34,772 - Module(calibration):Line(31) INFO - ::: Calibration :::
2024-09-12 16:45:34,772 - Module(calibration):Line(32) INFO - Loading image /mnt/gsdata/projects/ecosense/AngleCam2_0/data/raw_frames/G5Bullet_07/2024/08/24/G5Bullet_07_2024-08-24_07-15-59.jpg...
2024-09-12 16:45:34,797 - Module(calibration):Line(46) INFO - Saving calibrated image to /mnt/gsdata/projects/ecosense/AngleCam2_0/data/corrected_frames/G5Bullet_07/2024/08/24/G5Bullet_07_2024-08-24_07-00-06_calibrated.jpg...
2024-09-12 16:45:34,896 - Module(calibration):Line(46) INFO - Saving calibrated image to /mnt/gsdata/projects/ecosense/AngleCam2_0/data/corrected_frames/G5Bullet_07/2024/08/24/G5Bullet_07_2024-08-24_06-33-01_calibrated.jpg...
2024-09-12 16:45:34,928 - Module(calibration):Line(49) INFO - Calibration complete.
2024-09-12 16:45:34,930 - Module(calibration):Line(31) INFO - ::: Calibration :::
2024-09-12 16:45:34,930 - Module(calibration):Line(32) INFO - Loading image /mnt/gsdata/projects/ecosense/AngleCam2_0/data/raw_frames/G5Bullet_07/2024/08/24/G5Bullet_07_2024-08-24_06-46-54.jpg...
2024-09-12 16:45:35,023 - Module(calibration):Line(49) INFO - Calibration complete.
2024-09-12 16:45:35,025 - Module(calibration):Line(31) INFO - ::: Calibration :::
2024-09-12 16:45:35,025 - Module(calibration):Line(32) INFO - Loading image /mnt/gsdata/projects/ecosense/AngleCam2_0/data/raw_frames/G5Bullet_07/2024/08/24/G5Bullet_07_2024-08-24_07-02-05.jpg...
2024-09-12 16:45:35,067 - Module(calibration):Line(46) INFO - Saving calibrated image to /mnt/gsdata/projects/ecosense/AngleCam2_0/data/corrected_frames/G5Bullet_07/2024/08/24/G5Bullet_07_2024-08-24_07-15-59_calibrated.jpg...
2024-09-12 16:45:35,091 - Module(calibration):Line(49) INFO - Calibration complete.
2024-09-12 16:45:35,092 - Module(calibration):Line(31) INFO - ::: Calibration :::
2024-09-12 16:45:35,093 - Module(calibration):Line(32) INFO - Loading image /mnt/gsdata/projects/ecosense/AngleCam2_0/data/raw_frames/G5Bullet_07/2024/08/24/G5Bullet_07_2024-08-24_06-35-00.jpg...
2024-09-12 16:45:35,235 - Module(calibration):Line(46) INFO - Saving calibrated image to /mnt/gsdata/projects/ecosense/AngleCam2_0/data/corrected_frames/G5Bullet_07/2024/08/24/G5Bullet_07_2024-08-24_06-46-54_calibrated.jpg...
2024-09-12 16:45:35,248 - Module(calibration):Line(49) INFO - Calibration complete.
2024-09-12 16:45:35,250 - Module(calibration):Line(31) INFO - ::: Calibration :::
2024-09-12 16:45:35,250 - Module(calibration):Line(32) INFO - Loading image /mnt/gsdata/projects/ecosense/AngleCam2_0/data/raw_frames/G5Bullet_07/2024/08/24/G5Bullet_07_2024-08-24_07-17-58.jpg...
2024-09-12 16:45:35,276 - Module(calibration):Line(46) INFO - Saving calibrated image to /mnt/gsdata/projects/ecosense/AngleCam2_0/data/corrected_frames/G5Bullet_07/2024/08/24/G5Bullet_07_2024-08-24_07-02-05_calibrated.jpg...
2024-09-12 16:45:35,328 - Module(calibration):Line(46) INFO - Saving calibrated image to /mnt/gsdata/projects/ecosense/AngleCam2_0/data/corrected_frames/G5Bullet_07/2024/08/24/G5Bullet_07_2024-08-24_06-35-00_calibrated.jpg...
2024-09-12 16:45:35,438 - Module(calibration):Line(49) INFO - Calibration complete.
2024-09-12 16:45:35,440 - Module(calibration):Line(31) INFO - ::: Calibration :::
2024-09-12 16:45:35,440 - Module(calibration):Line(32) INFO - Loading image /mnt/gsdata/projects/ecosense/AngleCam2_0/data/raw_frames/G5Bullet_07/2024/08/24/G5Bullet_07_2024-08-24_06-48-53.jpg...
2024-09-12 16:45:35,442 - Module(calibration):Line(49) INFO - Calibration complete.
2024-09-12 16:45:35,443 - Module(calibration):Line(31) INFO - ::: Calibration :::
2024-09-12 16:45:35,443 - Module(calibration):Line(32) INFO - Loading image /mnt/gsdata/projects/ecosense/AngleCam2_0/data/raw_frames/G5Bullet_07/2024/08/24/G5Bullet_07_2024-08-24_07-04-05.jpg...
2024-09-12 16:45:35,475 - Module(calibration):Line(49) INFO - Calibration complete.
2024-09-12 16:45:35,477 - Module(calibration):Line(31) INFO - ::: Calibration :::
2024-09-12 16:45:35,477 - Module(calibration):Line(32) INFO - Loading image /mnt/gsdata/projects/ecosense/AngleCam2_0/data/raw_frames/G5Bullet_07/2024/08/24/G5Bullet_07_2024-08-24_06-36-59.jpg...
2024-09-12 16:45:35,492 - Module(calibration):Line(46) INFO - Saving calibrated image to /mnt/gsdata/projects/ecosense/AngleCam2_0/data/corrected_frames/G5Bullet_07/2024/08/24/G5Bullet_07_2024-08-24_07-17-58_calibrated.jpg...
2024-09-12 16:45:35,798 - Module(calibration):Line(46) INFO - Saving calibrated image to /mnt/gsdata/projects/ecosense/AngleCam2_0/data/corrected_frames/G5Bullet_07/2024/08/24/G5Bullet_07_2024-08-24_07-04-05_calibrated.jpg...
2024-09-12 16:45:35,798 - Module(calibration):Line(49) INFO - Calibration complete.
2024-09-12 16:45:35,800 - Module(calibration):Line(31) INFO - ::: Calibration :::
2024-09-12 16:45:35,800 - Module(calibration):Line(32) INFO - Loading image /mnt/gsdata/projects/ecosense/AngleCam2_0/data/raw_frames/G5Bullet_07/2024/08/24/G5Bullet_07_2024-08-24_07-19-20.jpg...
2024-09-12 16:45:35,803 - Module(calibration):Line(46) INFO - Saving calibrated image to /mnt/gsdata/projects/ecosense/AngleCam2_0/data/corrected_frames/G5Bullet_07/2024/08/24/G5Bullet_07_2024-08-24_06-48-53_calibrated.jpg...
2024-09-12 16:45:35,804 - Module(calibration):Line(46) INFO - Saving calibrated image to /mnt/gsdata/projects/ecosense/AngleCam2_0/data/corrected_frames/G5Bullet_07/2024/08/24/G5Bullet_07_2024-08-24_06-36-59_calibrated.jpg...
2024-09-12 16:45:35,930 - Module(calibration):Line(49) INFO - Calibration complete.
2024-09-12 16:45:35,931 - Module(calibration):Line(31) INFO - ::: Calibration :::
2024-09-12 16:45:35,931 - Module(calibration):Line(32) INFO - Loading image /mnt/gsdata/projects/ecosense/AngleCam2_0/data/raw_frames/G5Bullet_07/2024/08/24/G5Bullet_07_2024-08-24_07-08-03.jpg...
2024-09-12 16:45:35,959 - Module(calibration):Line(49) INFO - Calibration complete.
2024-09-12 16:45:35,961 - Module(calibration):Line(31) INFO - ::: Calibration :::
2024-09-12 16:45:35,961 - Module(calibration):Line(32) INFO - Loading image /mnt/gsdata/projects/ecosense/AngleCam2_0/data/raw_frames/G5Bullet_07/2024/08/24/G5Bullet_07_2024-08-24_06-50-52.jpg...
2024-09-12 16:45:35,981 - Module(calibration):Line(49) INFO - Calibration complete.
2024-09-12 16:45:35,983 - Module(calibration):Line(31) INFO - ::: Calibration :::
2024-09-12 16:45:35,983 - Module(calibration):Line(32) INFO - Loading image /mnt/gsdata/projects/ecosense/AngleCam2_0/data/raw_frames/G5Bullet_07/2024/08/24/G5Bullet_07_2024-08-24_06-38-58.jpg...
2024-09-12 16:45:36,089 - Module(calibration):Line(46) INFO - Saving calibrated image to /mnt/gsdata/projects/ecosense/AngleCam2_0/data/corrected_frames/G5Bullet_07/2024/08/24/G5Bullet_07_2024-08-24_07-19-20_calibrated.jpg...
2024-09-12 16:45:36,300 - Module(calibration):Line(46) INFO - Saving calibrated image to /mnt/gsdata/projects/ecosense/AngleCam2_0/data/corrected_frames/G5Bullet_07/2024/08/24/G5Bullet_07_2024-08-24_07-08-03_calibrated.jpg...
2024-09-12 16:45:36,300 - Module(calibration):Line(46) INFO - Saving calibrated image to /mnt/gsdata/projects/ecosense/AngleCam2_0/data/corrected_frames/G5Bullet_07/2024/08/24/G5Bullet_07_2024-08-24_06-38-58_calibrated.jpg...
2024-09-12 16:45:36,300 - Module(calibration):Line(46) INFO - Saving calibrated image to /mnt/gsdata/projects/ecosense/AngleCam2_0/data/corrected_frames/G5Bullet_07/2024/08/24/G5Bullet_07_2024-08-24_06-50-52_calibrated.jpg...
2024-09-12 16:45:36,411 - Module(calibration):Line(49) INFO - Calibration complete.
2024-09-12 16:45:36,412 - Module(calibration):Line(31) INFO - ::: Calibration :::
2024-09-12 16:45:36,412 - Module(calibration):Line(32) INFO - Loading image /mnt/gsdata/projects/ecosense/AngleCam2_0/data/raw_frames/G5Bullet_07/2024/08/24/G5Bullet_07_2024-08-24_07-21-19.jpg...
2024-09-12 16:45:36,428 - Module(calibration):Line(49) INFO - Calibration complete.
2024-09-12 16:45:36,428 - Module(calibration):Line(49) INFO - Calibration complete.
2024-09-12 16:45:36,430 - Module(calibration):Line(31) INFO - ::: Calibration :::
2024-09-12 16:45:36,430 - Module(calibration):Line(31) INFO - ::: Calibration :::
2024-09-12 16:45:36,430 - Module(calibration):Line(32) INFO - Loading image /mnt/gsdata/projects/ecosense/AngleCam2_0/data/raw_frames/G5Bullet_07/2024/08/24/G5Bullet_07_2024-08-24_07-25-17.jpg...
2024-09-12 16:45:36,430 - Module(calibration):Line(32) INFO - Loading image /mnt/gsdata/projects/ecosense/AngleCam2_0/data/raw_frames/G5Bullet_07/2024/08/24/G5Bullet_07_2024-08-24_07-10-02.jpg...
2024-09-12 16:45:36,431 - Module(calibration):Line(49) INFO - Calibration complete.
2024-09-12 16:45:36,433 - Module(calibration):Line(31) INFO - ::: Calibration :::
2024-09-12 16:45:36,433 - Module(calibration):Line(32) INFO - Loading image /mnt/gsdata/projects/ecosense/AngleCam2_0/data/raw_frames/G5Bullet_07/2024/08/24/G5Bullet_07_2024-08-24_06-52-51.jpg...
2024-09-12 16:45:36,700 - Module(calibration):Line(46) INFO - Saving calibrated image to /mnt/gsdata/projects/ecosense/AngleCam2_0/data/corrected_frames/G5Bullet_07/2024/08/24/G5Bullet_07_2024-08-24_06-52-51_calibrated.jpg...
2024-09-12 16:45:36,715 - Module(calibration):Line(46) INFO - Saving calibrated image to /mnt/gsdata/projects/ecosense/AngleCam2_0/data/corrected_frames/G5Bullet_07/2024/08/24/G5Bullet_07_2024-08-24_07-21-19_calibrated.jpg...
2024-09-12 16:45:36,727 - Module(calibration):Line(46) INFO - Saving calibrated image to /mnt/gsdata/projects/ecosense/AngleCam2_0/data/corrected_frames/G5Bullet_07/2024/08/24/G5Bullet_07_2024-08-24_07-25-17_calibrated.jpg...
2024-09-12 16:45:36,769 - Module(calibration):Line(49) INFO - Calibration complete.
2024-09-12 16:45:36,771 - Module(calibration):Line(31) INFO - ::: Calibration :::
2024-09-12 16:45:36,771 - Module(calibration):Line(32) INFO - Loading image /mnt/gsdata/projects/ecosense/AngleCam2_0/data/raw_frames/G5Bullet_07/2024/08/24/G5Bullet_07_2024-08-24_07-39-10.jpg...
2024-09-12 16:45:36,776 - Module(calibration):Line(46) INFO - Saving calibrated image to /mnt/gsdata/projects/ecosense/AngleCam2_0/data/corrected_frames/G5Bullet_07/2024/08/24/G5Bullet_07_2024-08-24_07-10-02_calibrated.jpg...
2024-09-12 16:45:36,782 - Module(calibration):Line(49) INFO - Calibration complete.
2024-09-12 16:45:36,784 - Module(calibration):Line(31) INFO - ::: Calibration :::
2024-09-12 16:45:36,784 - Module(calibration):Line(32) INFO - Loading image /mnt/gsdata/projects/ecosense/AngleCam2_0/data/raw_frames/G5Bullet_07/2024/08/24/G5Bullet_07_2024-08-24_07-23-18.jpg...
2024-09-12 16:45:36,865 - Module(calibration):Line(49) INFO - Calibration complete.
2024-09-12 16:45:36,866 - Module(calibration):Line(31) INFO - ::: Calibration :::
2024-09-12 16:45:36,866 - Module(calibration):Line(32) INFO - Loading image /mnt/gsdata/projects/ecosense/AngleCam2_0/data/raw_frames/G5Bullet_07/2024/08/24/G5Bullet_07_2024-08-24_07-51-28.jpg...
2024-09-12 16:45:36,938 - Module(calibration):Line(49) INFO - Calibration complete.
2024-09-12 16:45:36,940 - Module(calibration):Line(31) INFO - ::: Calibration :::
2024-09-12 16:45:36,940 - Module(calibration):Line(32) INFO - Loading image /mnt/gsdata/projects/ecosense/AngleCam2_0/data/raw_frames/G5Bullet_07/2024/08/24/G5Bullet_07_2024-08-24_07-27-16.jpg...
2024-09-12 16:45:36,974 - Module(calibration):Line(46) INFO - Saving calibrated image to /mnt/gsdata/projects/ecosense/AngleCam2_0/data/corrected_frames/G5Bullet_07/2024/08/24/G5Bullet_07_2024-08-24_07-39-10_calibrated.jpg...
2024-09-12 16:45:37,058 - Module(calibration):Line(46) INFO - Saving calibrated image to /mnt/gsdata/projects/ecosense/AngleCam2_0/data/corrected_frames/G5Bullet_07/2024/08/24/G5Bullet_07_2024-08-24_07-23-18_calibrated.jpg...
2024-09-12 16:45:37,194 - Module(calibration):Line(49) INFO - Calibration complete.
2024-09-12 16:45:37,196 - Module(calibration):Line(31) INFO - ::: Calibration :::
2024-09-12 16:45:37,196 - Module(calibration):Line(32) INFO - Loading image /mnt/gsdata/projects/ecosense/AngleCam2_0/data/raw_frames/G5Bullet_07/2024/08/24/G5Bullet_07_2024-08-24_07-41-09.jpg...
2024-09-12 16:45:37,196 - Module(calibration):Line(49) INFO - Calibration complete.
2024-09-12 16:45:37,197 - Module(calibration):Line(31) INFO - ::: Calibration :::
2024-09-12 16:45:37,198 - Module(calibration):Line(32) INFO - Loading image /mnt/gsdata/projects/ecosense/AngleCam2_0/data/raw_frames/G5Bullet_07/2024/08/24/G5Bullet_07_2024-08-24_08-05-22.jpg...
2024-09-12 16:45:37,198 - Module(calibration):Line(46) INFO - Saving calibrated image to /mnt/gsdata/projects/ecosense/AngleCam2_0/data/corrected_frames/G5Bullet_07/2024/08/24/G5Bullet_07_2024-08-24_07-51-28_calibrated.jpg...
2024-09-12 16:45:37,199 - Module(calibration):Line(46) INFO - Saving calibrated image to /mnt/gsdata/projects/ecosense/AngleCam2_0/data/corrected_frames/G5Bullet_07/2024/08/24/G5Bullet_07_2024-08-24_07-27-16_calibrated.jpg...
2024-09-12 16:45:37,329 - Module(calibration):Line(49) INFO - Calibration complete.
2024-09-12 16:45:37,330 - Module(calibration):Line(31) INFO - ::: Calibration :::
2024-09-12 16:45:37,330 - Module(calibration):Line(32) INFO - Loading image /mnt/gsdata/projects/ecosense/AngleCam2_0/data/raw_frames/G5Bullet_07/2024/08/24/G5Bullet_07_2024-08-24_07-53-27.jpg...
2024-09-12 16:45:37,348 - Module(calibration):Line(49) INFO - Calibration complete.
2024-09-12 16:45:37,350 - Module(calibration):Line(31) INFO - ::: Calibration :::
2024-09-12 16:45:37,350 - Module(calibration):Line(32) INFO - Loading image /mnt/gsdata/projects/ecosense/AngleCam2_0/data/raw_frames/G5Bullet_07/2024/08/24/G5Bullet_07_2024-08-24_07-29-15.jpg...
2024-09-12 16:45:37,487 - Module(calibration):Line(46) INFO - Saving calibrated image to /mnt/gsdata/projects/ecosense/AngleCam2_0/data/corrected_frames/G5Bullet_07/2024/08/24/G5Bullet_07_2024-08-24_08-05-22_calibrated.jpg...
2024-09-12 16:45:37,487 - Module(calibration):Line(46) INFO - Saving calibrated image to /mnt/gsdata/projects/ecosense/AngleCam2_0/data/corrected_frames/G5Bullet_07/2024/08/24/G5Bullet_07_2024-08-24_07-41-09_calibrated.jpg...
2024-09-12 16:45:37,574 - Module(calibration):Line(46) INFO - Saving calibrated image to /mnt/gsdata/projects/ecosense/AngleCam2_0/data/corrected_frames/G5Bullet_07/2024/08/24/G5Bullet_07_2024-08-24_07-53-27_calibrated.jpg...
2024-09-12 16:45:37,592 - Module(calibration):Line(46) INFO - Saving calibrated image to /mnt/gsdata/projects/ecosense/AngleCam2_0/data/corrected_frames/G5Bullet_07/2024/08/24/G5Bullet_07_2024-08-24_07-29-15_calibrated.jpg...
2024-09-12 16:45:37,614 - Module(calibration):Line(49) INFO - Calibration complete.
2024-09-12 16:45:37,615 - Module(calibration):Line(49) INFO - Calibration complete.
2024-09-12 16:45:37,616 - Module(calibration):Line(31) INFO - ::: Calibration :::
2024-09-12 16:45:37,616 - Module(calibration):Line(32) INFO - Loading image /mnt/gsdata/projects/ecosense/AngleCam2_0/data/raw_frames/G5Bullet_07/2024/08/24/G5Bullet_07_2024-08-24_08-09-20.jpg...
2024-09-12 16:45:37,617 - Module(calibration):Line(31) INFO - ::: Calibration :::
2024-09-12 16:45:37,617 - Module(calibration):Line(32) INFO - Loading image /mnt/gsdata/projects/ecosense/AngleCam2_0/data/raw_frames/G5Bullet_07/2024/08/24/G5Bullet_07_2024-08-24_07-43-08.jpg...
2024-09-12 16:45:37,702 - Module(calibration):Line(49) INFO - Calibration complete.
2024-09-12 16:45:37,703 - Module(calibration):Line(31) INFO - ::: Calibration :::
2024-09-12 16:45:37,704 - Module(calibration):Line(32) INFO - Loading image /mnt/gsdata/projects/ecosense/AngleCam2_0/data/raw_frames/G5Bullet_07/2024/08/24/G5Bullet_07_2024-08-24_07-31-14.jpg...
2024-09-12 16:45:37,770 - Module(calibration):Line(49) INFO - Calibration complete.
2024-09-12 16:45:37,772 - Module(calibration):Line(31) INFO - ::: Calibration :::
2024-09-12 16:45:37,772 - Module(calibration):Line(32) INFO - Loading image /mnt/gsdata/projects/ecosense/AngleCam2_0/data/raw_frames/G5Bullet_07/2024/08/24/G5Bullet_07_2024-08-24_07-55-27.jpg...
2024-09-12 16:45:37,819 - Module(calibration):Line(46) INFO - Saving calibrated image to /mnt/gsdata/projects/ecosense/AngleCam2_0/data/corrected_frames/G5Bullet_07/2024/08/24/G5Bullet_07_2024-08-24_07-43-08_calibrated.jpg...
2024-09-12 16:45:37,919 - Module(calibration):Line(46) INFO - Saving calibrated image to /mnt/gsdata/projects/ecosense/AngleCam2_0/data/corrected_frames/G5Bullet_07/2024/08/24/G5Bullet_07_2024-08-24_08-09-20_calibrated.jpg...
2024-09-12 16:45:38,024 - Module(calibration):Line(46) INFO - Saving calibrated image to /mnt/gsdata/projects/ecosense/AngleCam2_0/data/corrected_frames/G5Bullet_07/2024/08/24/G5Bullet_07_2024-08-24_07-31-14_calibrated.jpg...
2024-09-12 16:45:38,025 - Module(calibration):Line(49) INFO - Calibration complete.
2024-09-12 16:45:38,026 - Module(calibration):Line(31) INFO - ::: Calibration :::
2024-09-12 16:45:38,026 - Module(calibration):Line(32) INFO - Loading image /mnt/gsdata/projects/ecosense/AngleCam2_0/data/raw_frames/G5Bullet_07/2024/08/24/G5Bullet_07_2024-08-24_08-11-19.jpg...
2024-09-12 16:45:38,051 - Module(calibration):Line(49) INFO - Calibration complete.
2024-09-12 16:45:38,053 - Module(calibration):Line(31) INFO - ::: Calibration :::
2024-09-12 16:45:38,053 - Module(calibration):Line(32) INFO - Loading image /mnt/gsdata/projects/ecosense/AngleCam2_0/data/raw_frames/G5Bullet_07/2024/08/24/G5Bullet_07_2024-08-24_07-45-07.jpg...
2024-09-12 16:45:38,056 - Module(calibration):Line(46) INFO - Saving calibrated image to /mnt/gsdata/projects/ecosense/AngleCam2_0/data/corrected_frames/G5Bullet_07/2024/08/24/G5Bullet_07_2024-08-24_07-55-27_calibrated.jpg...
2024-09-12 16:45:38,181 - Module(calibration):Line(49) INFO - Calibration complete.
2024-09-12 16:45:38,183 - Module(calibration):Line(31) INFO - ::: Calibration :::
2024-09-12 16:45:38,183 - Module(calibration):Line(32) INFO - Loading image /mnt/gsdata/projects/ecosense/AngleCam2_0/data/raw_frames/G5Bullet_07/2024/08/24/G5Bullet_07_2024-08-24_07-57-25.jpg...
2024-09-12 16:45:38,243 - Module(calibration):Line(49) INFO - Calibration complete.
2024-09-12 16:45:38,245 - Module(calibration):Line(31) INFO - ::: Calibration :::
2024-09-12 16:45:38,245 - Module(calibration):Line(32) INFO - Loading image /mnt/gsdata/projects/ecosense/AngleCam2_0/data/raw_frames/G5Bullet_07/2024/08/24/G5Bullet_07_2024-08-24_07-33-13.jpg...
2024-09-12 16:45:38,442 - Module(calibration):Line(46) INFO - Saving calibrated image to /mnt/gsdata/projects/ecosense/AngleCam2_0/data/corrected_frames/G5Bullet_07/2024/08/24/G5Bullet_07_2024-08-24_07-45-07_calibrated.jpg...
2024-09-12 16:45:38,442 - Module(calibration):Line(46) INFO - Saving calibrated image to /mnt/gsdata/projects/ecosense/AngleCam2_0/data/corrected_frames/G5Bullet_07/2024/08/24/G5Bullet_07_2024-08-24_08-11-19_calibrated.jpg...
2024-09-12 16:45:38,444 - Module(calibration):Line(46) INFO - Saving calibrated image to /mnt/gsdata/projects/ecosense/AngleCam2_0/data/corrected_frames/G5Bullet_07/2024/08/24/G5Bullet_07_2024-08-24_07-57-25_calibrated.jpg...
2024-09-12 16:45:38,544 - Module(calibration):Line(49) INFO - Calibration complete.
2024-09-12 16:45:38,546 - Module(calibration):Line(31) INFO - ::: Calibration :::
2024-09-12 16:45:38,546 - Module(calibration):Line(32) INFO - Loading image /mnt/gsdata/projects/ecosense/AngleCam2_0/data/raw_frames/G5Bullet_07/2024/08/24/G5Bullet_07_2024-08-24_07-59-25.jpg...
2024-09-12 16:45:38,577 - Module(calibration):Line(49) INFO - Calibration complete.
2024-09-12 16:45:38,578 - Module(calibration):Line(49) INFO - Calibration complete.
2024-09-12 16:45:38,579 - Module(calibration):Line(31) INFO - ::: Calibration :::
2024-09-12 16:45:38,579 - Module(calibration):Line(32) INFO - Loading image /mnt/gsdata/projects/ecosense/AngleCam2_0/data/raw_frames/G5Bullet_07/2024/08/24/G5Bullet_07_2024-08-24_07-47-06.jpg...
2024-09-12 16:45:38,579 - Module(calibration):Line(31) INFO - ::: Calibration :::
2024-09-12 16:45:38,579 - Module(calibration):Line(32) INFO - Loading image /mnt/gsdata/projects/ecosense/AngleCam2_0/data/raw_frames/G5Bullet_07/2024/08/24/G5Bullet_07_2024-08-24_08-13-18.jpg...
2024-09-12 16:45:38,589 - Module(calibration):Line(46) INFO - Saving calibrated image to /mnt/gsdata/projects/ecosense/AngleCam2_0/data/corrected_frames/G5Bullet_07/2024/08/24/G5Bullet_07_2024-08-24_07-33-13_calibrated.jpg...
2024-09-12 16:45:38,731 - Module(calibration):Line(49) INFO - Calibration complete.
2024-09-12 16:45:38,733 - Module(calibration):Line(31) INFO - ::: Calibration :::
2024-09-12 16:45:38,733 - Module(calibration):Line(32) INFO - Loading image /mnt/gsdata/projects/ecosense/AngleCam2_0/data/raw_frames/G5Bullet_07/2024/08/24/G5Bullet_07_2024-08-24_07-35-12.jpg...
2024-09-12 16:45:38,783 - Module(calibration):Line(46) INFO - Saving calibrated image to /mnt/gsdata/projects/ecosense/AngleCam2_0/data/corrected_frames/G5Bullet_07/2024/08/24/G5Bullet_07_2024-08-24_07-47-06_calibrated.jpg...
2024-09-12 16:45:38,791 - Module(calibration):Line(46) INFO - Saving calibrated image to /mnt/gsdata/projects/ecosense/AngleCam2_0/data/corrected_frames/G5Bullet_07/2024/08/24/G5Bullet_07_2024-08-24_08-13-18_calibrated.jpg...
2024-09-12 16:45:38,869 - Module(calibration):Line(46) INFO - Saving calibrated image to /mnt/gsdata/projects/ecosense/AngleCam2_0/data/corrected_frames/G5Bullet_07/2024/08/24/G5Bullet_07_2024-08-24_07-59-25_calibrated.jpg...
2024-09-12 16:45:39,004 - Module(calibration):Line(46) INFO - Saving calibrated image to /mnt/gsdata/projects/ecosense/AngleCam2_0/data/corrected_frames/G5Bullet_07/2024/08/24/G5Bullet_07_2024-08-24_07-35-12_calibrated.jpg...
2024-09-12 16:45:39,017 - Module(calibration):Line(49) INFO - Calibration complete.
2024-09-12 16:45:39,018 - Module(calibration):Line(49) INFO - Calibration complete.
2024-09-12 16:45:39,019 - Module(calibration):Line(31) INFO - ::: Calibration :::
2024-09-12 16:45:39,019 - Module(calibration):Line(32) INFO - Loading image /mnt/gsdata/projects/ecosense/AngleCam2_0/data/raw_frames/G5Bullet_07/2024/08/24/G5Bullet_07_2024-08-24_08-15-17.jpg...
2024-09-12 16:45:39,019 - Module(calibration):Line(31) INFO - ::: Calibration :::
2024-09-12 16:45:39,019 - Module(calibration):Line(32) INFO - Loading image /mnt/gsdata/projects/ecosense/AngleCam2_0/data/raw_frames/G5Bullet_07/2024/08/24/G5Bullet_07_2024-08-24_07-47-30.jpg...
2024-09-12 16:45:39,028 - Module(calibration):Line(49) INFO - Calibration complete.
2024-09-12 16:45:39,030 - Module(calibration):Line(31) INFO - ::: Calibration :::
2024-09-12 16:45:39,030 - Module(calibration):Line(32) INFO - Loading image /mnt/gsdata/projects/ecosense/AngleCam2_0/data/raw_frames/G5Bullet_07/2024/08/24/G5Bullet_07_2024-08-24_08-01-24.jpg...
2024-09-12 16:45:39,159 - Module(calibration):Line(49) INFO - Calibration complete.
2024-09-12 16:45:39,160 - Module(calibration):Line(31) INFO - ::: Calibration :::
2024-09-12 16:45:39,161 - Module(calibration):Line(32) INFO - Loading image /mnt/gsdata/projects/ecosense/AngleCam2_0/data/raw_frames/G5Bullet_07/2024/08/24/G5Bullet_07_2024-08-24_07-37-11.jpg...
2024-09-12 16:45:39,286 - Module(calibration):Line(46) INFO - Saving calibrated image to /mnt/gsdata/projects/ecosense/AngleCam2_0/data/corrected_frames/G5Bullet_07/2024/08/24/G5Bullet_07_2024-08-24_08-15-17_calibrated.jpg...
2024-09-12 16:45:39,385 - Module(calibration):Line(46) INFO - Saving calibrated image to /mnt/gsdata/projects/ecosense/AngleCam2_0/data/corrected_frames/G5Bullet_07/2024/08/24/G5Bullet_07_2024-08-24_07-47-30_calibrated.jpg...
2024-09-12 16:45:39,385 - Module(calibration):Line(49) INFO - Calibration complete.
2024-09-12 16:45:39,385 - Module(calibration):Line(46) INFO - Saving calibrated image to /mnt/gsdata/projects/ecosense/AngleCam2_0/data/corrected_frames/G5Bullet_07/2024/08/24/G5Bullet_07_2024-08-24_08-01-24_calibrated.jpg...
2024-09-12 16:45:39,422 - Module(calibration):Line(46) INFO - Saving calibrated image to /mnt/gsdata/projects/ecosense/AngleCam2_0/data/corrected_frames/G5Bullet_07/2024/08/24/G5Bullet_07_2024-08-24_07-37-11_calibrated.jpg...
2024-09-12 16:45:39,472 - Module(calibration):Line(49) INFO - Calibration complete.
2024-09-12 16:45:39,473 - Module(calibration):Line(31) INFO - ::: Calibration :::
2024-09-12 16:45:39,473 - Module(calibration):Line(32) INFO - Loading image /mnt/gsdata/projects/ecosense/AngleCam2_0/data/raw_frames/G5Bullet_07/2024/08/24/G5Bullet_07_2024-08-24_08-03-23.jpg...
2024-09-12 16:45:39,476 - Module(calibration):Line(49) INFO - Calibration complete.
2024-09-12 16:45:39,477 - Module(calibration):Line(31) INFO - ::: Calibration :::
2024-09-12 16:45:39,477 - Module(calibration):Line(32) INFO - Loading image /mnt/gsdata/projects/ecosense/AngleCam2_0/data/raw_frames/G5Bullet_07/2024/08/24/G5Bullet_07_2024-08-24_07-49-29.jpg...
2024-09-12 16:45:39,547 - Module(calibration):Line(49) INFO - Calibration complete.
2024-09-12 16:45:39,677 - Module(calibration):Line(46) INFO - Saving calibrated image to /mnt/gsdata/projects/ecosense/AngleCam2_0/data/corrected_frames/G5Bullet_07/2024/08/24/G5Bullet_07_2024-08-24_08-03-23_calibrated.jpg...
2024-09-12 16:45:39,686 - Module(calibration):Line(46) INFO - Saving calibrated image to /mnt/gsdata/projects/ecosense/AngleCam2_0/data/corrected_frames/G5Bullet_07/2024/08/24/G5Bullet_07_2024-08-24_07-49-29_calibrated.jpg...
2024-09-12 16:45:39,945 - Module(calibration):Line(49) INFO - Calibration complete.
2024-09-12 16:45:39,966 - Module(calibration):Line(49) INFO - Calibration complete.
