2024-09-12 16:47:50,775 - Module(logger):Line(76) INFO - --------------------------------------------------
2024-09-12 16:47:50,775 - Module(logger):Line(77) INFO - --------------------------------------------------
2024-09-12 16:47:50,775 - Module(calibration):Line(72) INFO - ::: Processing camera 07 :::
2024-09-12 16:47:50,775 - Module(logger):Line(76) INFO - --------------------------------------------------
2024-09-12 16:47:50,775 - Module(logger):Line(77) INFO - --------------------------------------------------
2024-09-12 16:47:50,775 - Module(calibration):Line(75) INFO - Getting images...
2024-09-12 16:47:50,865 - Module(calibration):Line(31) INFO - ::: Calibration :::
2024-09-12 16:47:50,865 - Module(calibration):Line(31) INFO - ::: Calibration :::
2024-09-12 16:47:50,866 - Module(calibration):Line(32) INFO - Loading image /mnt/gsdata/projects/ecosense/AngleCam2_0/data/raw_frames/G5Bullet_07/2024/08/27/G5Bullet_07_2024-08-27_05-35-03.jpg...
2024-09-12 16:47:50,866 - Module(calibration):Line(32) INFO - Loading image /mnt/gsdata/projects/ecosense/AngleCam2_0/data/raw_frames/G5Bullet_07/2024/08/27/G5Bullet_07_2024-08-27_05-46-07.jpg...
2024-09-12 16:47:50,866 - Module(calibration):Line(31) INFO - ::: Calibration :::
2024-09-12 16:47:50,866 - Module(calibration):Line(31) INFO - ::: Calibration :::
2024-09-12 16:47:50,866 - Module(calibration):Line(32) INFO - Loading image /mnt/gsdata/projects/ecosense/AngleCam2_0/data/raw_frames/G5Bullet_07/2024/08/27/G5Bullet_07_2024-08-27_06-15-19.jpg...
2024-09-12 16:47:50,866 - Module(calibration):Line(32) INFO - Loading image /mnt/gsdata/projects/ecosense/AngleCam2_0/data/raw_frames/G5Bullet_07/2024/08/27/G5Bullet_07_2024-08-27_05-58-02.jpg...
2024-09-12 16:47:51,384 - Module(calibration):Line(46) INFO - Saving calibrated image to /mnt/gsdata/projects/ecosense/AngleCam2_0/data/corrected_frames/G5Bullet_07/2024/08/27/G5Bullet_07_2024-08-27_05-35-03_calibrated.jpg...
2024-09-12 16:47:51,384 - Module(calibration):Line(46) INFO - Saving calibrated image to /mnt/gsdata/projects/ecosense/AngleCam2_0/data/corrected_frames/G5Bullet_07/2024/08/27/G5Bullet_07_2024-08-27_05-58-02_calibrated.jpg...
2024-09-12 16:47:51,385 - Module(calibration):Line(46) INFO - Saving calibrated image to /mnt/gsdata/projects/ecosense/AngleCam2_0/data/corrected_frames/G5Bullet_07/2024/08/27/G5Bullet_07_2024-08-27_05-46-07_calibrated.jpg...
2024-09-12 16:47:51,385 - Module(calibration):Line(46) INFO - Saving calibrated image to /mnt/gsdata/projects/ecosense/AngleCam2_0/data/corrected_frames/G5Bullet_07/2024/08/27/G5Bullet_07_2024-08-27_06-15-19_calibrated.jpg...
2024-09-12 16:47:51,492 - Module(calibration):Line(49) INFO - Calibration complete.
2024-09-12 16:47:51,493 - Module(calibration):Line(49) INFO - Calibration complete.
2024-09-12 16:47:51,493 - Module(calibration):Line(31) INFO - ::: Calibration :::
2024-09-12 16:47:51,493 - Module(calibration):Line(32) INFO - Loading image /mnt/gsdata/projects/ecosense/AngleCam2_0/data/raw_frames/G5Bullet_07/2024/08/27/G5Bullet_07_2024-08-27_05-37-02.jpg...
2024-09-12 16:47:51,493 - Module(calibration):Line(31) INFO - ::: Calibration :::
2024-09-12 16:47:51,493 - Module(calibration):Line(32) INFO - Loading image /mnt/gsdata/projects/ecosense/AngleCam2_0/data/raw_frames/G5Bullet_07/2024/08/27/G5Bullet_07_2024-08-27_06-00-01.jpg...
2024-09-12 16:47:51,494 - Module(calibration):Line(49) INFO - Calibration complete.
2024-09-12 16:47:51,494 - Module(calibration):Line(31) INFO - ::: Calibration :::
2024-09-12 16:47:51,494 - Module(calibration):Line(32) INFO - Loading image /mnt/gsdata/projects/ecosense/AngleCam2_0/data/raw_frames/G5Bullet_07/2024/08/27/G5Bullet_07_2024-08-27_05-48-07.jpg...
2024-09-12 16:47:51,501 - Module(calibration):Line(49) INFO - Calibration complete.
2024-09-12 16:47:51,502 - Module(calibration):Line(31) INFO - ::: Calibration :::
2024-09-12 16:47:51,502 - Module(calibration):Line(32) INFO - Loading image /mnt/gsdata/projects/ecosense/AngleCam2_0/data/raw_frames/G5Bullet_07/2024/08/27/G5Bullet_07_2024-08-27_06-17-18.jpg...
2024-09-12 16:47:51,672 - Module(calibration):Line(46) INFO - Saving calibrated image to /mnt/gsdata/projects/ecosense/AngleCam2_0/data/corrected_frames/G5Bullet_07/2024/08/27/G5Bullet_07_2024-08-27_06-00-01_calibrated.jpg...
2024-09-12 16:47:51,684 - Module(calibration):Line(46) INFO - Saving calibrated image to /mnt/gsdata/projects/ecosense/AngleCam2_0/data/corrected_frames/G5Bullet_07/2024/08/27/G5Bullet_07_2024-08-27_05-37-02_calibrated.jpg...
2024-09-12 16:47:51,684 - Module(calibration):Line(46) INFO - Saving calibrated image to /mnt/gsdata/projects/ecosense/AngleCam2_0/data/corrected_frames/G5Bullet_07/2024/08/27/G5Bullet_07_2024-08-27_05-48-07_calibrated.jpg...
2024-09-12 16:47:51,693 - Module(calibration):Line(46) INFO - Saving calibrated image to /mnt/gsdata/projects/ecosense/AngleCam2_0/data/corrected_frames/G5Bullet_07/2024/08/27/G5Bullet_07_2024-08-27_06-17-18_calibrated.jpg...
2024-09-12 16:47:51,774 - Module(calibration):Line(49) INFO - Calibration complete.
2024-09-12 16:47:51,775 - Module(calibration):Line(31) INFO - ::: Calibration :::
2024-09-12 16:47:51,775 - Module(calibration):Line(32) INFO - Loading image /mnt/gsdata/projects/ecosense/AngleCam2_0/data/raw_frames/G5Bullet_07/2024/08/27/G5Bullet_07_2024-08-27_05-39-01.jpg...
2024-09-12 16:47:51,792 - Module(calibration):Line(49) INFO - Calibration complete.
2024-09-12 16:47:51,793 - Module(calibration):Line(31) INFO - ::: Calibration :::
2024-09-12 16:47:51,793 - Module(calibration):Line(32) INFO - Loading image /mnt/gsdata/projects/ecosense/AngleCam2_0/data/raw_frames/G5Bullet_07/2024/08/27/G5Bullet_07_2024-08-27_06-02-00.jpg...
2024-09-12 16:47:51,794 - Module(calibration):Line(49) INFO - Calibration complete.
2024-09-12 16:47:51,795 - Module(calibration):Line(31) INFO - ::: Calibration :::
2024-09-12 16:47:51,795 - Module(calibration):Line(32) INFO - Loading image /mnt/gsdata/projects/ecosense/AngleCam2_0/data/raw_frames/G5Bullet_07/2024/08/27/G5Bullet_07_2024-08-27_05-50-05.jpg...
2024-09-12 16:47:51,800 - Module(calibration):Line(49) INFO - Calibration complete.
2024-09-12 16:47:51,801 - Module(calibration):Line(31) INFO - ::: Calibration :::
2024-09-12 16:47:51,801 - Module(calibration):Line(32) INFO - Loading image /mnt/gsdata/projects/ecosense/AngleCam2_0/data/raw_frames/G5Bullet_07/2024/08/27/G5Bullet_07_2024-08-27_06-19-17.jpg...
2024-09-12 16:47:52,038 - Module(calibration):Line(46) INFO - Saving calibrated image to /mnt/gsdata/projects/ecosense/AngleCam2_0/data/corrected_frames/G5Bullet_07/2024/08/27/G5Bullet_07_2024-08-27_05-39-01_calibrated.jpg...
2024-09-12 16:47:52,134 - Module(calibration):Line(46) INFO - Saving calibrated image to /mnt/gsdata/projects/ecosense/AngleCam2_0/data/corrected_frames/G5Bullet_07/2024/08/27/G5Bullet_07_2024-08-27_06-19-17_calibrated.jpg...
2024-09-12 16:47:52,134 - Module(calibration):Line(49) INFO - Calibration complete.
2024-09-12 16:47:52,135 - Module(calibration):Line(46) INFO - Saving calibrated image to /mnt/gsdata/projects/ecosense/AngleCam2_0/data/corrected_frames/G5Bullet_07/2024/08/27/G5Bullet_07_2024-08-27_06-02-00_calibrated.jpg...
2024-09-12 16:47:52,135 - Module(calibration):Line(46) INFO - Saving calibrated image to /mnt/gsdata/projects/ecosense/AngleCam2_0/data/corrected_frames/G5Bullet_07/2024/08/27/G5Bullet_07_2024-08-27_05-50-05_calibrated.jpg...
2024-09-12 16:47:52,136 - Module(calibration):Line(31) INFO - ::: Calibration :::
2024-09-12 16:47:52,136 - Module(calibration):Line(32) INFO - Loading image /mnt/gsdata/projects/ecosense/AngleCam2_0/data/raw_frames/G5Bullet_07/2024/08/27/G5Bullet_07_2024-08-27_05-41-00.jpg...
2024-09-12 16:47:52,224 - Module(calibration):Line(49) INFO - Calibration complete.
2024-09-12 16:47:52,225 - Module(calibration):Line(31) INFO - ::: Calibration :::
2024-09-12 16:47:52,226 - Module(calibration):Line(32) INFO - Loading image /mnt/gsdata/projects/ecosense/AngleCam2_0/data/raw_frames/G5Bullet_07/2024/08/27/G5Bullet_07_2024-08-27_06-03-59.jpg...
2024-09-12 16:47:52,260 - Module(calibration):Line(49) INFO - Calibration complete.
2024-09-12 16:47:52,261 - Module(calibration):Line(49) INFO - Calibration complete.
2024-09-12 16:47:52,262 - Module(calibration):Line(31) INFO - ::: Calibration :::
2024-09-12 16:47:52,262 - Module(calibration):Line(32) INFO - Loading image /mnt/gsdata/projects/ecosense/AngleCam2_0/data/raw_frames/G5Bullet_07/2024/08/27/G5Bullet_07_2024-08-27_05-52-05.jpg...
2024-09-12 16:47:52,262 - Module(calibration):Line(31) INFO - ::: Calibration :::
2024-09-12 16:47:52,262 - Module(calibration):Line(32) INFO - Loading image /mnt/gsdata/projects/ecosense/AngleCam2_0/data/raw_frames/G5Bullet_07/2024/08/27/G5Bullet_07_2024-08-27_06-21-16.jpg...
2024-09-12 16:47:52,330 - Module(calibration):Line(46) INFO - Saving calibrated image to /mnt/gsdata/projects/ecosense/AngleCam2_0/data/corrected_frames/G5Bullet_07/2024/08/27/G5Bullet_07_2024-08-27_05-41-00_calibrated.jpg...
2024-09-12 16:47:52,450 - Module(calibration):Line(46) INFO - Saving calibrated image to /mnt/gsdata/projects/ecosense/AngleCam2_0/data/corrected_frames/G5Bullet_07/2024/08/27/G5Bullet_07_2024-08-27_06-03-59_calibrated.jpg...
2024-09-12 16:47:52,451 - Module(calibration):Line(46) INFO - Saving calibrated image to /mnt/gsdata/projects/ecosense/AngleCam2_0/data/corrected_frames/G5Bullet_07/2024/08/27/G5Bullet_07_2024-08-27_06-21-16_calibrated.jpg...
2024-09-12 16:47:52,451 - Module(calibration):Line(46) INFO - Saving calibrated image to /mnt/gsdata/projects/ecosense/AngleCam2_0/data/corrected_frames/G5Bullet_07/2024/08/27/G5Bullet_07_2024-08-27_05-52-05_calibrated.jpg...
2024-09-12 16:47:52,453 - Module(calibration):Line(49) INFO - Calibration complete.
2024-09-12 16:47:52,455 - Module(calibration):Line(31) INFO - ::: Calibration :::
2024-09-12 16:47:52,455 - Module(calibration):Line(32) INFO - Loading image /mnt/gsdata/projects/ecosense/AngleCam2_0/data/raw_frames/G5Bullet_07/2024/08/27/G5Bullet_07_2024-08-27_05-42-59.jpg...
2024-09-12 16:47:52,536 - Module(calibration):Line(49) INFO - Calibration complete.
2024-09-12 16:47:52,538 - Module(calibration):Line(31) INFO - ::: Calibration :::
2024-09-12 16:47:52,538 - Module(calibration):Line(32) INFO - Loading image /mnt/gsdata/projects/ecosense/AngleCam2_0/data/raw_frames/G5Bullet_07/2024/08/27/G5Bullet_07_2024-08-27_06-05-58.jpg...
2024-09-12 16:47:52,574 - Module(calibration):Line(49) INFO - Calibration complete.
2024-09-12 16:47:52,575 - Module(calibration):Line(31) INFO - ::: Calibration :::
2024-09-12 16:47:52,575 - Module(calibration):Line(32) INFO - Loading image /mnt/gsdata/projects/ecosense/AngleCam2_0/data/raw_frames/G5Bullet_07/2024/08/27/G5Bullet_07_2024-08-27_06-23-15.jpg...
2024-09-12 16:47:52,607 - Module(calibration):Line(49) INFO - Calibration complete.
2024-09-12 16:47:52,610 - Module(calibration):Line(31) INFO - ::: Calibration :::
2024-09-12 16:47:52,610 - Module(calibration):Line(32) INFO - Loading image /mnt/gsdata/projects/ecosense/AngleCam2_0/data/raw_frames/G5Bullet_07/2024/08/27/G5Bullet_07_2024-08-27_05-54-04.jpg...
2024-09-12 16:47:52,675 - Module(calibration):Line(46) INFO - Saving calibrated image to /mnt/gsdata/projects/ecosense/AngleCam2_0/data/corrected_frames/G5Bullet_07/2024/08/27/G5Bullet_07_2024-08-27_05-42-59_calibrated.jpg...
2024-09-12 16:47:52,753 - Module(calibration):Line(46) INFO - Saving calibrated image to /mnt/gsdata/projects/ecosense/AngleCam2_0/data/corrected_frames/G5Bullet_07/2024/08/27/G5Bullet_07_2024-08-27_06-05-58_calibrated.jpg...
2024-09-12 16:47:52,810 - Module(calibration):Line(46) INFO - Saving calibrated image to /mnt/gsdata/projects/ecosense/AngleCam2_0/data/corrected_frames/G5Bullet_07/2024/08/27/G5Bullet_07_2024-08-27_06-23-15_calibrated.jpg...
2024-09-12 16:47:52,810 - Module(calibration):Line(46) INFO - Saving calibrated image to /mnt/gsdata/projects/ecosense/AngleCam2_0/data/corrected_frames/G5Bullet_07/2024/08/27/G5Bullet_07_2024-08-27_05-54-04_calibrated.jpg...
2024-09-12 16:47:52,815 - Module(calibration):Line(49) INFO - Calibration complete.
2024-09-12 16:47:52,818 - Module(calibration):Line(31) INFO - ::: Calibration :::
2024-09-12 16:47:52,818 - Module(calibration):Line(32) INFO - Loading image /mnt/gsdata/projects/ecosense/AngleCam2_0/data/raw_frames/G5Bullet_07/2024/08/27/G5Bullet_07_2024-08-27_05-44-08.jpg...
2024-09-12 16:47:52,889 - Module(calibration):Line(49) INFO - Calibration complete.
2024-09-12 16:47:52,891 - Module(calibration):Line(31) INFO - ::: Calibration :::
2024-09-12 16:47:52,891 - Module(calibration):Line(32) INFO - Loading image /mnt/gsdata/projects/ecosense/AngleCam2_0/data/raw_frames/G5Bullet_07/2024/08/27/G5Bullet_07_2024-08-27_06-11-55.jpg...
2024-09-12 16:47:53,014 - Module(calibration):Line(49) INFO - Calibration complete.
2024-09-12 16:47:53,014 - Module(calibration):Line(49) INFO - Calibration complete.
2024-09-12 16:47:53,016 - Module(calibration):Line(31) INFO - ::: Calibration :::
2024-09-12 16:47:53,016 - Module(calibration):Line(32) INFO - Loading image /mnt/gsdata/projects/ecosense/AngleCam2_0/data/raw_frames/G5Bullet_07/2024/08/27/G5Bullet_07_2024-08-27_06-25-14.jpg...
2024-09-12 16:47:53,017 - Module(calibration):Line(31) INFO - ::: Calibration :::
2024-09-12 16:47:53,017 - Module(calibration):Line(32) INFO - Loading image /mnt/gsdata/projects/ecosense/AngleCam2_0/data/raw_frames/G5Bullet_07/2024/08/27/G5Bullet_07_2024-08-27_05-56-03.jpg...
2024-09-12 16:47:53,131 - Module(calibration):Line(46) INFO - Saving calibrated image to /mnt/gsdata/projects/ecosense/AngleCam2_0/data/corrected_frames/G5Bullet_07/2024/08/27/G5Bullet_07_2024-08-27_05-44-08_calibrated.jpg...
2024-09-12 16:47:53,148 - Module(calibration):Line(46) INFO - Saving calibrated image to /mnt/gsdata/projects/ecosense/AngleCam2_0/data/corrected_frames/G5Bullet_07/2024/08/27/G5Bullet_07_2024-08-27_06-11-55_calibrated.jpg...
2024-09-12 16:47:53,192 - Module(calibration):Line(49) INFO - Calibration complete.
2024-09-12 16:47:53,193 - Module(calibration):Line(31) INFO - ::: Calibration :::
2024-09-12 16:47:53,193 - Module(calibration):Line(32) INFO - Loading image /mnt/gsdata/projects/ecosense/AngleCam2_0/data/raw_frames/G5Bullet_07/2024/08/27/G5Bullet_07_2024-08-27_06-27-13.jpg...
2024-09-12 16:47:53,210 - Module(calibration):Line(49) INFO - Calibration complete.
2024-09-12 16:47:53,212 - Module(calibration):Line(31) INFO - ::: Calibration :::
2024-09-12 16:47:53,212 - Module(calibration):Line(32) INFO - Loading image /mnt/gsdata/projects/ecosense/AngleCam2_0/data/raw_frames/G5Bullet_07/2024/08/27/G5Bullet_07_2024-08-27_06-45-05.jpg...
2024-09-12 16:47:53,222 - Module(calibration):Line(46) INFO - Saving calibrated image to /mnt/gsdata/projects/ecosense/AngleCam2_0/data/corrected_frames/G5Bullet_07/2024/08/27/G5Bullet_07_2024-08-27_06-25-14_calibrated.jpg...
2024-09-12 16:47:53,228 - Module(calibration):Line(46) INFO - Saving calibrated image to /mnt/gsdata/projects/ecosense/AngleCam2_0/data/corrected_frames/G5Bullet_07/2024/08/27/G5Bullet_07_2024-08-27_05-56-03_calibrated.jpg...
2024-09-12 16:47:53,347 - Module(calibration):Line(49) INFO - Calibration complete.
2024-09-12 16:47:53,350 - Module(calibration):Line(31) INFO - ::: Calibration :::
2024-09-12 16:47:53,350 - Module(calibration):Line(32) INFO - Loading image /mnt/gsdata/projects/ecosense/AngleCam2_0/data/raw_frames/G5Bullet_07/2024/08/27/G5Bullet_07_2024-08-27_04-02-02.jpg...
2024-09-12 16:47:53,393 - Module(calibration):Line(49) INFO - Calibration complete.
2024-09-12 16:47:53,395 - Module(calibration):Line(31) INFO - ::: Calibration :::
2024-09-12 16:47:53,395 - Module(calibration):Line(32) INFO - Loading image /mnt/gsdata/projects/ecosense/AngleCam2_0/data/raw_frames/G5Bullet_07/2024/08/27/G5Bullet_07_2024-08-27_04-13-57.jpg...
2024-09-12 16:47:53,477 - Module(calibration):Line(46) INFO - Saving calibrated image to /mnt/gsdata/projects/ecosense/AngleCam2_0/data/corrected_frames/G5Bullet_07/2024/08/27/G5Bullet_07_2024-08-27_06-45-05_calibrated.jpg...
2024-09-12 16:47:53,480 - Module(calibration):Line(46) INFO - Saving calibrated image to /mnt/gsdata/projects/ecosense/AngleCam2_0/data/corrected_frames/G5Bullet_07/2024/08/27/G5Bullet_07_2024-08-27_06-27-13_calibrated.jpg...
2024-09-12 16:47:53,528 - Module(calibration):Line(46) INFO - Saving calibrated image to /mnt/gsdata/projects/ecosense/AngleCam2_0/data/corrected_frames/G5Bullet_07/2024/08/27/G5Bullet_07_2024-08-27_04-02-02_calibrated.jpg...
2024-09-12 16:47:53,583 - Module(calibration):Line(46) INFO - Saving calibrated image to /mnt/gsdata/projects/ecosense/AngleCam2_0/data/corrected_frames/G5Bullet_07/2024/08/27/G5Bullet_07_2024-08-27_04-13-57_calibrated.jpg...
2024-09-12 16:47:53,583 - Module(calibration):Line(49) INFO - Calibration complete.
2024-09-12 16:47:53,584 - Module(calibration):Line(49) INFO - Calibration complete.
2024-09-12 16:47:53,584 - Module(calibration):Line(31) INFO - ::: Calibration :::
2024-09-12 16:47:53,584 - Module(calibration):Line(32) INFO - Loading image /mnt/gsdata/projects/ecosense/AngleCam2_0/data/raw_frames/G5Bullet_07/2024/08/27/G5Bullet_07_2024-08-27_06-47-04.jpg...
2024-09-12 16:47:53,586 - Module(calibration):Line(31) INFO - ::: Calibration :::
2024-09-12 16:47:53,586 - Module(calibration):Line(32) INFO - Loading image /mnt/gsdata/projects/ecosense/AngleCam2_0/data/raw_frames/G5Bullet_07/2024/08/27/G5Bullet_07_2024-08-27_06-29-12.jpg...
2024-09-12 16:47:53,634 - Module(calibration):Line(49) INFO - Calibration complete.
2024-09-12 16:47:53,636 - Module(calibration):Line(31) INFO - ::: Calibration :::
2024-09-12 16:47:53,636 - Module(calibration):Line(32) INFO - Loading image /mnt/gsdata/projects/ecosense/AngleCam2_0/data/raw_frames/G5Bullet_07/2024/08/27/G5Bullet_07_2024-08-27_04-04-01.jpg...
2024-09-12 16:47:53,662 - Module(calibration):Line(49) INFO - Calibration complete.
2024-09-12 16:47:53,663 - Module(calibration):Line(31) INFO - ::: Calibration :::
2024-09-12 16:47:53,663 - Module(calibration):Line(32) INFO - Loading image /mnt/gsdata/projects/ecosense/AngleCam2_0/data/raw_frames/G5Bullet_07/2024/08/27/G5Bullet_07_2024-08-27_04-15-56.jpg...
2024-09-12 16:47:53,782 - Module(calibration):Line(46) INFO - Saving calibrated image to /mnt/gsdata/projects/ecosense/AngleCam2_0/data/corrected_frames/G5Bullet_07/2024/08/27/G5Bullet_07_2024-08-27_06-47-04_calibrated.jpg...
2024-09-12 16:47:53,782 - Module(calibration):Line(46) INFO - Saving calibrated image to /mnt/gsdata/projects/ecosense/AngleCam2_0/data/corrected_frames/G5Bullet_07/2024/08/27/G5Bullet_07_2024-08-27_06-29-12_calibrated.jpg...
2024-09-12 16:47:53,860 - Module(calibration):Line(49) INFO - Calibration complete.
2024-09-12 16:47:53,861 - Module(calibration):Line(31) INFO - ::: Calibration :::
2024-09-12 16:47:53,861 - Module(calibration):Line(32) INFO - Loading image /mnt/gsdata/projects/ecosense/AngleCam2_0/data/raw_frames/G5Bullet_07/2024/08/27/G5Bullet_07_2024-08-27_03-54-06.jpg...
2024-09-12 16:47:53,864 - Module(calibration):Line(46) INFO - Saving calibrated image to /mnt/gsdata/projects/ecosense/AngleCam2_0/data/corrected_frames/G5Bullet_07/2024/08/27/G5Bullet_07_2024-08-27_04-15-56_calibrated.jpg...
2024-09-12 16:47:53,866 - Module(calibration):Line(49) INFO - Calibration complete.
2024-09-12 16:47:53,867 - Module(calibration):Line(46) INFO - Saving calibrated image to /mnt/gsdata/projects/ecosense/AngleCam2_0/data/corrected_frames/G5Bullet_07/2024/08/27/G5Bullet_07_2024-08-27_04-04-01_calibrated.jpg...
2024-09-12 16:47:53,868 - Module(calibration):Line(31) INFO - ::: Calibration :::
2024-09-12 16:47:53,868 - Module(calibration):Line(32) INFO - Loading image /mnt/gsdata/projects/ecosense/AngleCam2_0/data/raw_frames/G5Bullet_07/2024/08/27/G5Bullet_07_2024-08-27_06-31-11.jpg...
2024-09-12 16:47:53,919 - Module(calibration):Line(49) INFO - Calibration complete.
2024-09-12 16:47:53,920 - Module(calibration):Line(31) INFO - ::: Calibration :::
2024-09-12 16:47:53,920 - Module(calibration):Line(32) INFO - Loading image /mnt/gsdata/projects/ecosense/AngleCam2_0/data/raw_frames/G5Bullet_07/2024/08/27/G5Bullet_07_2024-08-27_04-17-55.jpg...
2024-09-12 16:47:53,961 - Module(calibration):Line(49) INFO - Calibration complete.
2024-09-12 16:47:53,963 - Module(calibration):Line(31) INFO - ::: Calibration :::
2024-09-12 16:47:53,963 - Module(calibration):Line(32) INFO - Loading image /mnt/gsdata/projects/ecosense/AngleCam2_0/data/raw_frames/G5Bullet_07/2024/08/27/G5Bullet_07_2024-08-27_04-06-00.jpg...
2024-09-12 16:47:54,052 - Module(calibration):Line(46) INFO - Saving calibrated image to /mnt/gsdata/projects/ecosense/AngleCam2_0/data/corrected_frames/G5Bullet_07/2024/08/27/G5Bullet_07_2024-08-27_06-31-11_calibrated.jpg...
2024-09-12 16:47:54,092 - Module(calibration):Line(46) INFO - Saving calibrated image to /mnt/gsdata/projects/ecosense/AngleCam2_0/data/corrected_frames/G5Bullet_07/2024/08/27/G5Bullet_07_2024-08-27_03-54-06_calibrated.jpg...
2024-09-12 16:47:54,210 - Module(calibration):Line(49) INFO - Calibration complete.
2024-09-12 16:47:54,212 - Module(calibration):Line(31) INFO - ::: Calibration :::
2024-09-12 16:47:54,212 - Module(calibration):Line(32) INFO - Loading image /mnt/gsdata/projects/ecosense/AngleCam2_0/data/raw_frames/G5Bullet_07/2024/08/27/G5Bullet_07_2024-08-27_03-56-05.jpg...
2024-09-12 16:47:54,217 - Module(calibration):Line(46) INFO - Saving calibrated image to /mnt/gsdata/projects/ecosense/AngleCam2_0/data/corrected_frames/G5Bullet_07/2024/08/27/G5Bullet_07_2024-08-27_04-17-55_calibrated.jpg...
2024-09-12 16:47:54,219 - Module(calibration):Line(46) INFO - Saving calibrated image to /mnt/gsdata/projects/ecosense/AngleCam2_0/data/corrected_frames/G5Bullet_07/2024/08/27/G5Bullet_07_2024-08-27_04-06-00_calibrated.jpg...
2024-09-12 16:47:54,223 - Module(calibration):Line(49) INFO - Calibration complete.
2024-09-12 16:47:54,224 - Module(calibration):Line(31) INFO - ::: Calibration :::
2024-09-12 16:47:54,224 - Module(calibration):Line(32) INFO - Loading image /mnt/gsdata/projects/ecosense/AngleCam2_0/data/raw_frames/G5Bullet_07/2024/08/27/G5Bullet_07_2024-08-27_06-35-09.jpg...
2024-09-12 16:47:54,334 - Module(calibration):Line(49) INFO - Calibration complete.
2024-09-12 16:47:54,334 - Module(calibration):Line(46) INFO - Saving calibrated image to /mnt/gsdata/projects/ecosense/AngleCam2_0/data/corrected_frames/G5Bullet_07/2024/08/27/G5Bullet_07_2024-08-27_03-56-05_calibrated.jpg...
2024-09-12 16:47:54,334 - Module(calibration):Line(49) INFO - Calibration complete.
2024-09-12 16:47:54,336 - Module(calibration):Line(31) INFO - ::: Calibration :::
2024-09-12 16:47:54,336 - Module(calibration):Line(32) INFO - Loading image /mnt/gsdata/projects/ecosense/AngleCam2_0/data/raw_frames/G5Bullet_07/2024/08/27/G5Bullet_07_2024-08-27_04-07-59.jpg...
2024-09-12 16:47:54,336 - Module(calibration):Line(31) INFO - ::: Calibration :::
2024-09-12 16:47:54,336 - Module(calibration):Line(32) INFO - Loading image /mnt/gsdata/projects/ecosense/AngleCam2_0/data/raw_frames/G5Bullet_07/2024/08/27/G5Bullet_07_2024-08-27_04-19-32.jpg...
2024-09-12 16:47:54,393 - Module(calibration):Line(46) INFO - Saving calibrated image to /mnt/gsdata/projects/ecosense/AngleCam2_0/data/corrected_frames/G5Bullet_07/2024/08/27/G5Bullet_07_2024-08-27_06-35-09_calibrated.jpg...
2024-09-12 16:47:54,426 - Module(calibration):Line(49) INFO - Calibration complete.
2024-09-12 16:47:54,427 - Module(calibration):Line(31) INFO - ::: Calibration :::
2024-09-12 16:47:54,427 - Module(calibration):Line(32) INFO - Loading image /mnt/gsdata/projects/ecosense/AngleCam2_0/data/raw_frames/G5Bullet_07/2024/08/27/G5Bullet_07_2024-08-27_03-58-04.jpg...
2024-09-12 16:47:54,500 - Module(calibration):Line(46) INFO - Saving calibrated image to /mnt/gsdata/projects/ecosense/AngleCam2_0/data/corrected_frames/G5Bullet_07/2024/08/27/G5Bullet_07_2024-08-27_04-07-59_calibrated.jpg...
2024-09-12 16:47:54,502 - Module(calibration):Line(49) INFO - Calibration complete.
2024-09-12 16:47:54,503 - Module(calibration):Line(46) INFO - Saving calibrated image to /mnt/gsdata/projects/ecosense/AngleCam2_0/data/corrected_frames/G5Bullet_07/2024/08/27/G5Bullet_07_2024-08-27_04-19-32_calibrated.jpg...
2024-09-12 16:47:54,503 - Module(calibration):Line(31) INFO - ::: Calibration :::
2024-09-12 16:47:54,503 - Module(calibration):Line(32) INFO - Loading image /mnt/gsdata/projects/ecosense/AngleCam2_0/data/raw_frames/G5Bullet_07/2024/08/27/G5Bullet_07_2024-08-27_06-37-09.jpg...
2024-09-12 16:47:54,610 - Module(calibration):Line(49) INFO - Calibration complete.
2024-09-12 16:47:54,610 - Module(calibration):Line(46) INFO - Saving calibrated image to /mnt/gsdata/projects/ecosense/AngleCam2_0/data/corrected_frames/G5Bullet_07/2024/08/27/G5Bullet_07_2024-08-27_03-58-04_calibrated.jpg...
2024-09-12 16:47:54,610 - Module(calibration):Line(49) INFO - Calibration complete.
2024-09-12 16:47:54,612 - Module(calibration):Line(31) INFO - ::: Calibration :::
2024-09-12 16:47:54,612 - Module(calibration):Line(32) INFO - Loading image /mnt/gsdata/projects/ecosense/AngleCam2_0/data/raw_frames/G5Bullet_07/2024/08/27/G5Bullet_07_2024-08-27_04-09-59.jpg...
2024-09-12 16:47:54,612 - Module(calibration):Line(31) INFO - ::: Calibration :::
2024-09-12 16:47:54,612 - Module(calibration):Line(32) INFO - Loading image /mnt/gsdata/projects/ecosense/AngleCam2_0/data/raw_frames/G5Bullet_07/2024/08/27/G5Bullet_07_2024-08-27_04-21-31.jpg...
2024-09-12 16:47:54,676 - Module(calibration):Line(46) INFO - Saving calibrated image to /mnt/gsdata/projects/ecosense/AngleCam2_0/data/corrected_frames/G5Bullet_07/2024/08/27/G5Bullet_07_2024-08-27_06-37-09_calibrated.jpg...
2024-09-12 16:47:54,677 - Module(calibration):Line(49) INFO - Calibration complete.
2024-09-12 16:47:54,678 - Module(calibration):Line(31) INFO - ::: Calibration :::
2024-09-12 16:47:54,678 - Module(calibration):Line(32) INFO - Loading image /mnt/gsdata/projects/ecosense/AngleCam2_0/data/raw_frames/G5Bullet_07/2024/08/27/G5Bullet_07_2024-08-27_04-00-03.jpg...
2024-09-12 16:47:54,785 - Module(calibration):Line(46) INFO - Saving calibrated image to /mnt/gsdata/projects/ecosense/AngleCam2_0/data/corrected_frames/G5Bullet_07/2024/08/27/G5Bullet_07_2024-08-27_04-21-31_calibrated.jpg...
2024-09-12 16:47:54,790 - Module(calibration):Line(49) INFO - Calibration complete.
2024-09-12 16:47:54,790 - Module(calibration):Line(46) INFO - Saving calibrated image to /mnt/gsdata/projects/ecosense/AngleCam2_0/data/corrected_frames/G5Bullet_07/2024/08/27/G5Bullet_07_2024-08-27_04-09-59_calibrated.jpg...
2024-09-12 16:47:54,792 - Module(calibration):Line(31) INFO - ::: Calibration :::
2024-09-12 16:47:54,792 - Module(calibration):Line(32) INFO - Loading image /mnt/gsdata/projects/ecosense/AngleCam2_0/data/raw_frames/G5Bullet_07/2024/08/27/G5Bullet_07_2024-08-27_06-41-07.jpg...
2024-09-12 16:47:54,844 - Module(calibration):Line(46) INFO - Saving calibrated image to /mnt/gsdata/projects/ecosense/AngleCam2_0/data/corrected_frames/G5Bullet_07/2024/08/27/G5Bullet_07_2024-08-27_04-00-03_calibrated.jpg...
2024-09-12 16:47:54,846 - Module(calibration):Line(49) INFO - Calibration complete.
2024-09-12 16:47:54,848 - Module(calibration):Line(31) INFO - ::: Calibration :::
2024-09-12 16:47:54,848 - Module(calibration):Line(32) INFO - Loading image /mnt/gsdata/projects/ecosense/AngleCam2_0/data/raw_frames/G5Bullet_07/2024/08/27/G5Bullet_07_2024-08-27_04-23-30.jpg...
2024-09-12 16:47:54,923 - Module(calibration):Line(49) INFO - Calibration complete.
2024-09-12 16:47:54,924 - Module(calibration):Line(31) INFO - ::: Calibration :::
2024-09-12 16:47:54,924 - Module(calibration):Line(32) INFO - Loading image /mnt/gsdata/projects/ecosense/AngleCam2_0/data/raw_frames/G5Bullet_07/2024/08/27/G5Bullet_07_2024-08-27_04-11-57.jpg...
2024-09-12 16:47:55,008 - Module(calibration):Line(49) INFO - Calibration complete.
2024-09-12 16:47:55,010 - Module(calibration):Line(31) INFO - ::: Calibration :::
2024-09-12 16:47:55,010 - Module(calibration):Line(32) INFO - Loading image /mnt/gsdata/projects/ecosense/AngleCam2_0/data/raw_frames/G5Bullet_07/2024/08/27/G5Bullet_07_2024-08-27_04-25-29.jpg...
2024-09-12 16:47:55,012 - Module(calibration):Line(46) INFO - Saving calibrated image to /mnt/gsdata/projects/ecosense/AngleCam2_0/data/corrected_frames/G5Bullet_07/2024/08/27/G5Bullet_07_2024-08-27_06-41-07_calibrated.jpg...
2024-09-12 16:47:55,095 - Module(calibration):Line(46) INFO - Saving calibrated image to /mnt/gsdata/projects/ecosense/AngleCam2_0/data/corrected_frames/G5Bullet_07/2024/08/27/G5Bullet_07_2024-08-27_04-23-30_calibrated.jpg...
2024-09-12 16:47:55,111 - Module(calibration):Line(49) INFO - Calibration complete.
2024-09-12 16:47:55,112 - Module(calibration):Line(31) INFO - ::: Calibration :::
2024-09-12 16:47:55,112 - Module(calibration):Line(32) INFO - Loading image /mnt/gsdata/projects/ecosense/AngleCam2_0/data/raw_frames/G5Bullet_07/2024/08/27/G5Bullet_07_2024-08-27_04-37-23.jpg...
2024-09-12 16:47:55,170 - Module(calibration):Line(46) INFO - Saving calibrated image to /mnt/gsdata/projects/ecosense/AngleCam2_0/data/corrected_frames/G5Bullet_07/2024/08/27/G5Bullet_07_2024-08-27_04-11-57_calibrated.jpg...
2024-09-12 16:47:55,176 - Module(calibration):Line(46) INFO - Saving calibrated image to /mnt/gsdata/projects/ecosense/AngleCam2_0/data/corrected_frames/G5Bullet_07/2024/08/27/G5Bullet_07_2024-08-27_04-25-29_calibrated.jpg...
2024-09-12 16:47:55,176 - Module(calibration):Line(49) INFO - Calibration complete.
2024-09-12 16:47:55,177 - Module(calibration):Line(31) INFO - ::: Calibration :::
2024-09-12 16:47:55,178 - Module(calibration):Line(32) INFO - Loading image /mnt/gsdata/projects/ecosense/AngleCam2_0/data/raw_frames/G5Bullet_07/2024/08/27/G5Bullet_07_2024-08-27_04-48-36.jpg...
2024-09-12 16:47:55,265 - Module(calibration):Line(49) INFO - Calibration complete.
2024-09-12 16:47:55,267 - Module(calibration):Line(31) INFO - ::: Calibration :::
2024-09-12 16:47:55,267 - Module(calibration):Line(32) INFO - Loading image /mnt/gsdata/projects/ecosense/AngleCam2_0/data/raw_frames/G5Bullet_07/2024/08/27/G5Bullet_07_2024-08-27_05-00-31.jpg...
2024-09-12 16:47:55,285 - Module(calibration):Line(46) INFO - Saving calibrated image to /mnt/gsdata/projects/ecosense/AngleCam2_0/data/corrected_frames/G5Bullet_07/2024/08/27/G5Bullet_07_2024-08-27_04-37-23_calibrated.jpg...
2024-09-12 16:47:55,289 - Module(calibration):Line(49) INFO - Calibration complete.
2024-09-12 16:47:55,291 - Module(calibration):Line(31) INFO - ::: Calibration :::
2024-09-12 16:47:55,291 - Module(calibration):Line(32) INFO - Loading image /mnt/gsdata/projects/ecosense/AngleCam2_0/data/raw_frames/G5Bullet_07/2024/08/27/G5Bullet_07_2024-08-27_04-27-28.jpg...
2024-09-12 16:47:55,303 - Module(calibration):Line(46) INFO - Saving calibrated image to /mnt/gsdata/projects/ecosense/AngleCam2_0/data/corrected_frames/G5Bullet_07/2024/08/27/G5Bullet_07_2024-08-27_04-48-36_calibrated.jpg...
2024-09-12 16:47:55,370 - Module(calibration):Line(49) INFO - Calibration complete.
2024-09-12 16:47:55,371 - Module(calibration):Line(31) INFO - ::: Calibration :::
2024-09-12 16:47:55,371 - Module(calibration):Line(32) INFO - Loading image /mnt/gsdata/projects/ecosense/AngleCam2_0/data/raw_frames/G5Bullet_07/2024/08/27/G5Bullet_07_2024-08-27_04-50-35.jpg...
2024-09-12 16:47:55,394 - Module(calibration):Line(49) INFO - Calibration complete.
2024-09-12 16:47:55,396 - Module(calibration):Line(31) INFO - ::: Calibration :::
2024-09-12 16:47:55,396 - Module(calibration):Line(32) INFO - Loading image /mnt/gsdata/projects/ecosense/AngleCam2_0/data/raw_frames/G5Bullet_07/2024/08/27/G5Bullet_07_2024-08-27_04-39-22.jpg...
2024-09-12 16:47:55,415 - Module(calibration):Line(46) INFO - Saving calibrated image to /mnt/gsdata/projects/ecosense/AngleCam2_0/data/corrected_frames/G5Bullet_07/2024/08/27/G5Bullet_07_2024-08-27_05-00-31_calibrated.jpg...
2024-09-12 16:47:55,484 - Module(calibration):Line(46) INFO - Saving calibrated image to /mnt/gsdata/projects/ecosense/AngleCam2_0/data/corrected_frames/G5Bullet_07/2024/08/27/G5Bullet_07_2024-08-27_04-27-28_calibrated.jpg...
2024-09-12 16:47:55,503 - Module(calibration):Line(46) INFO - Saving calibrated image to /mnt/gsdata/projects/ecosense/AngleCam2_0/data/corrected_frames/G5Bullet_07/2024/08/27/G5Bullet_07_2024-08-27_04-50-35_calibrated.jpg...
2024-09-12 16:47:55,552 - Module(calibration):Line(49) INFO - Calibration complete.
2024-09-12 16:47:55,552 - Module(calibration):Line(49) INFO - Calibration complete.
2024-09-12 16:47:55,554 - Module(calibration):Line(31) INFO - ::: Calibration :::
2024-09-12 16:47:55,554 - Module(calibration):Line(32) INFO - Loading image /mnt/gsdata/projects/ecosense/AngleCam2_0/data/raw_frames/G5Bullet_07/2024/08/27/G5Bullet_07_2024-08-27_04-29-27.jpg...
2024-09-12 16:47:55,554 - Module(calibration):Line(31) INFO - ::: Calibration :::
2024-09-12 16:47:55,554 - Module(calibration):Line(32) INFO - Loading image /mnt/gsdata/projects/ecosense/AngleCam2_0/data/raw_frames/G5Bullet_07/2024/08/27/G5Bullet_07_2024-08-27_05-02-30.jpg...
2024-09-12 16:47:55,571 - Module(calibration):Line(46) INFO - Saving calibrated image to /mnt/gsdata/projects/ecosense/AngleCam2_0/data/corrected_frames/G5Bullet_07/2024/08/27/G5Bullet_07_2024-08-27_04-39-22_calibrated.jpg...
2024-09-12 16:47:55,574 - Module(calibration):Line(49) INFO - Calibration complete.
2024-09-12 16:47:55,575 - Module(calibration):Line(31) INFO - ::: Calibration :::
2024-09-12 16:47:55,575 - Module(calibration):Line(32) INFO - Loading image /mnt/gsdata/projects/ecosense/AngleCam2_0/data/raw_frames/G5Bullet_07/2024/08/27/G5Bullet_07_2024-08-27_04-52-34.jpg...
2024-09-12 16:47:55,691 - Module(calibration):Line(49) INFO - Calibration complete.
2024-09-12 16:47:55,693 - Module(calibration):Line(31) INFO - ::: Calibration :::
2024-09-12 16:47:55,693 - Module(calibration):Line(32) INFO - Loading image /mnt/gsdata/projects/ecosense/AngleCam2_0/data/raw_frames/G5Bullet_07/2024/08/27/G5Bullet_07_2024-08-27_04-41-21.jpg...
2024-09-12 16:47:55,736 - Module(calibration):Line(46) INFO - Saving calibrated image to /mnt/gsdata/projects/ecosense/AngleCam2_0/data/corrected_frames/G5Bullet_07/2024/08/27/G5Bullet_07_2024-08-27_05-02-30_calibrated.jpg...
2024-09-12 16:47:55,763 - Module(calibration):Line(46) INFO - Saving calibrated image to /mnt/gsdata/projects/ecosense/AngleCam2_0/data/corrected_frames/G5Bullet_07/2024/08/27/G5Bullet_07_2024-08-27_04-29-27_calibrated.jpg...
2024-09-12 16:47:55,786 - Module(calibration):Line(46) INFO - Saving calibrated image to /mnt/gsdata/projects/ecosense/AngleCam2_0/data/corrected_frames/G5Bullet_07/2024/08/27/G5Bullet_07_2024-08-27_04-52-34_calibrated.jpg...
2024-09-12 16:47:55,839 - Module(calibration):Line(49) INFO - Calibration complete.
2024-09-12 16:47:55,840 - Module(calibration):Line(31) INFO - ::: Calibration :::
2024-09-12 16:47:55,840 - Module(calibration):Line(32) INFO - Loading image /mnt/gsdata/projects/ecosense/AngleCam2_0/data/raw_frames/G5Bullet_07/2024/08/27/G5Bullet_07_2024-08-27_05-04-29.jpg...
2024-09-12 16:47:55,845 - Module(calibration):Line(46) INFO - Saving calibrated image to /mnt/gsdata/projects/ecosense/AngleCam2_0/data/corrected_frames/G5Bullet_07/2024/08/27/G5Bullet_07_2024-08-27_04-41-21_calibrated.jpg...
2024-09-12 16:47:55,852 - Module(calibration):Line(49) INFO - Calibration complete.
2024-09-12 16:47:55,853 - Module(calibration):Line(31) INFO - ::: Calibration :::
2024-09-12 16:47:55,853 - Module(calibration):Line(32) INFO - Loading image /mnt/gsdata/projects/ecosense/AngleCam2_0/data/raw_frames/G5Bullet_07/2024/08/27/G5Bullet_07_2024-08-27_04-31-26.jpg...
2024-09-12 16:47:55,871 - Module(calibration):Line(49) INFO - Calibration complete.
2024-09-12 16:47:55,872 - Module(calibration):Line(31) INFO - ::: Calibration :::
2024-09-12 16:47:55,872 - Module(calibration):Line(32) INFO - Loading image /mnt/gsdata/projects/ecosense/AngleCam2_0/data/raw_frames/G5Bullet_07/2024/08/27/G5Bullet_07_2024-08-27_04-54-33.jpg...
2024-09-12 16:47:55,951 - Module(calibration):Line(49) INFO - Calibration complete.
2024-09-12 16:47:55,952 - Module(calibration):Line(31) INFO - ::: Calibration :::
2024-09-12 16:47:55,952 - Module(calibration):Line(32) INFO - Loading image /mnt/gsdata/projects/ecosense/AngleCam2_0/data/raw_frames/G5Bullet_07/2024/08/27/G5Bullet_07_2024-08-27_04-43-20.jpg...
2024-09-12 16:47:55,984 - Module(calibration):Line(46) INFO - Saving calibrated image to /mnt/gsdata/projects/ecosense/AngleCam2_0/data/corrected_frames/G5Bullet_07/2024/08/27/G5Bullet_07_2024-08-27_05-04-29_calibrated.jpg...
2024-09-12 16:47:56,063 - Module(calibration):Line(46) INFO - Saving calibrated image to /mnt/gsdata/projects/ecosense/AngleCam2_0/data/corrected_frames/G5Bullet_07/2024/08/27/G5Bullet_07_2024-08-27_04-31-26_calibrated.jpg...
2024-09-12 16:47:56,068 - Module(calibration):Line(46) INFO - Saving calibrated image to /mnt/gsdata/projects/ecosense/AngleCam2_0/data/corrected_frames/G5Bullet_07/2024/08/27/G5Bullet_07_2024-08-27_04-54-33_calibrated.jpg...
2024-09-12 16:47:56,102 - Module(calibration):Line(49) INFO - Calibration complete.
2024-09-12 16:47:56,104 - Module(calibration):Line(31) INFO - ::: Calibration :::
2024-09-12 16:47:56,104 - Module(calibration):Line(32) INFO - Loading image /mnt/gsdata/projects/ecosense/AngleCam2_0/data/raw_frames/G5Bullet_07/2024/08/27/G5Bullet_07_2024-08-27_05-06-28.jpg...
2024-09-12 16:47:56,127 - Module(calibration):Line(46) INFO - Saving calibrated image to /mnt/gsdata/projects/ecosense/AngleCam2_0/data/corrected_frames/G5Bullet_07/2024/08/27/G5Bullet_07_2024-08-27_04-43-20_calibrated.jpg...
2024-09-12 16:47:56,183 - Module(calibration):Line(49) INFO - Calibration complete.
2024-09-12 16:47:56,185 - Module(calibration):Line(31) INFO - ::: Calibration :::
2024-09-12 16:47:56,185 - Module(calibration):Line(32) INFO - Loading image /mnt/gsdata/projects/ecosense/AngleCam2_0/data/raw_frames/G5Bullet_07/2024/08/27/G5Bullet_07_2024-08-27_04-33-25.jpg...
2024-09-12 16:47:56,218 - Module(calibration):Line(49) INFO - Calibration complete.
2024-09-12 16:47:56,219 - Module(calibration):Line(31) INFO - ::: Calibration :::
2024-09-12 16:47:56,219 - Module(calibration):Line(32) INFO - Loading image /mnt/gsdata/projects/ecosense/AngleCam2_0/data/raw_frames/G5Bullet_07/2024/08/27/G5Bullet_07_2024-08-27_04-56-33.jpg...
2024-09-12 16:47:56,295 - Module(calibration):Line(49) INFO - Calibration complete.
2024-09-12 16:47:56,297 - Module(calibration):Line(31) INFO - ::: Calibration :::
2024-09-12 16:47:56,297 - Module(calibration):Line(32) INFO - Loading image /mnt/gsdata/projects/ecosense/AngleCam2_0/data/raw_frames/G5Bullet_07/2024/08/27/G5Bullet_07_2024-08-27_04-45-19.jpg...
2024-09-12 16:47:56,344 - Module(calibration):Line(46) INFO - Saving calibrated image to /mnt/gsdata/projects/ecosense/AngleCam2_0/data/corrected_frames/G5Bullet_07/2024/08/27/G5Bullet_07_2024-08-27_05-06-28_calibrated.jpg...
2024-09-12 16:47:56,417 - Module(calibration):Line(46) INFO - Saving calibrated image to /mnt/gsdata/projects/ecosense/AngleCam2_0/data/corrected_frames/G5Bullet_07/2024/08/27/G5Bullet_07_2024-08-27_04-33-25_calibrated.jpg...
2024-09-12 16:47:56,417 - Module(calibration):Line(46) INFO - Saving calibrated image to /mnt/gsdata/projects/ecosense/AngleCam2_0/data/corrected_frames/G5Bullet_07/2024/08/27/G5Bullet_07_2024-08-27_04-56-33_calibrated.jpg...
2024-09-12 16:47:56,479 - Module(calibration):Line(49) INFO - Calibration complete.
2024-09-12 16:47:56,480 - Module(calibration):Line(49) INFO - Calibration complete.
2024-09-12 16:47:56,481 - Module(calibration):Line(31) INFO - ::: Calibration :::
2024-09-12 16:47:56,481 - Module(calibration):Line(49) INFO - Calibration complete.
2024-09-12 16:47:56,481 - Module(calibration):Line(32) INFO - Loading image /mnt/gsdata/projects/ecosense/AngleCam2_0/data/raw_frames/G5Bullet_07/2024/08/27/G5Bullet_07_2024-08-27_04-35-24.jpg...
2024-09-12 16:47:56,481 - Module(calibration):Line(31) INFO - ::: Calibration :::
2024-09-12 16:47:56,481 - Module(calibration):Line(32) INFO - Loading image /mnt/gsdata/projects/ecosense/AngleCam2_0/data/raw_frames/G5Bullet_07/2024/08/27/G5Bullet_07_2024-08-27_04-58-31.jpg...
2024-09-12 16:47:56,482 - Module(calibration):Line(31) INFO - ::: Calibration :::
2024-09-12 16:47:56,482 - Module(calibration):Line(32) INFO - Loading image /mnt/gsdata/projects/ecosense/AngleCam2_0/data/raw_frames/G5Bullet_07/2024/08/27/G5Bullet_07_2024-08-27_05-08-27.jpg...
2024-09-12 16:47:56,484 - Module(calibration):Line(46) INFO - Saving calibrated image to /mnt/gsdata/projects/ecosense/AngleCam2_0/data/corrected_frames/G5Bullet_07/2024/08/27/G5Bullet_07_2024-08-27_04-45-19_calibrated.jpg...
2024-09-12 16:47:56,649 - Module(calibration):Line(49) INFO - Calibration complete.
2024-09-12 16:47:56,650 - Module(calibration):Line(31) INFO - ::: Calibration :::
2024-09-12 16:47:56,650 - Module(calibration):Line(32) INFO - Loading image /mnt/gsdata/projects/ecosense/AngleCam2_0/data/raw_frames/G5Bullet_07/2024/08/27/G5Bullet_07_2024-08-27_04-46-37.jpg...
2024-09-12 16:47:56,656 - Module(calibration):Line(46) INFO - Saving calibrated image to /mnt/gsdata/projects/ecosense/AngleCam2_0/data/corrected_frames/G5Bullet_07/2024/08/27/G5Bullet_07_2024-08-27_04-58-31_calibrated.jpg...
2024-09-12 16:47:56,656 - Module(calibration):Line(46) INFO - Saving calibrated image to /mnt/gsdata/projects/ecosense/AngleCam2_0/data/corrected_frames/G5Bullet_07/2024/08/27/G5Bullet_07_2024-08-27_04-35-24_calibrated.jpg...
2024-09-12 16:47:56,656 - Module(calibration):Line(46) INFO - Saving calibrated image to /mnt/gsdata/projects/ecosense/AngleCam2_0/data/corrected_frames/G5Bullet_07/2024/08/27/G5Bullet_07_2024-08-27_05-08-27_calibrated.jpg...
2024-09-12 16:47:56,798 - Module(calibration):Line(49) INFO - Calibration complete.
2024-09-12 16:47:56,798 - Module(calibration):Line(49) INFO - Calibration complete.
2024-09-12 16:47:56,800 - Module(calibration):Line(46) INFO - Saving calibrated image to /mnt/gsdata/projects/ecosense/AngleCam2_0/data/corrected_frames/G5Bullet_07/2024/08/27/G5Bullet_07_2024-08-27_04-46-37_calibrated.jpg...
2024-09-12 16:47:56,800 - Module(calibration):Line(49) INFO - Calibration complete.
2024-09-12 16:47:56,800 - Module(calibration):Line(31) INFO - ::: Calibration :::
2024-09-12 16:47:56,800 - Module(calibration):Line(32) INFO - Loading image /mnt/gsdata/projects/ecosense/AngleCam2_0/data/raw_frames/G5Bullet_07/2024/08/27/G5Bullet_07_2024-08-27_05-10-26.jpg...
2024-09-12 16:47:56,800 - Module(calibration):Line(31) INFO - ::: Calibration :::
2024-09-12 16:47:56,800 - Module(calibration):Line(32) INFO - Loading image /mnt/gsdata/projects/ecosense/AngleCam2_0/data/raw_frames/G5Bullet_07/2024/08/27/G5Bullet_07_2024-08-27_05-12-25.jpg...
2024-09-12 16:47:56,803 - Module(calibration):Line(31) INFO - ::: Calibration :::
2024-09-12 16:47:56,803 - Module(calibration):Line(32) INFO - Loading image /mnt/gsdata/projects/ecosense/AngleCam2_0/data/raw_frames/G5Bullet_07/2024/08/27/G5Bullet_07_2024-08-27_05-23-09.jpg...
2024-09-12 16:47:56,937 - Module(calibration):Line(49) INFO - Calibration complete.
2024-09-12 16:47:56,972 - Module(calibration):Line(46) INFO - Saving calibrated image to /mnt/gsdata/projects/ecosense/AngleCam2_0/data/corrected_frames/G5Bullet_07/2024/08/27/G5Bullet_07_2024-08-27_05-10-26_calibrated.jpg...
2024-09-12 16:47:57,020 - Module(calibration):Line(49) INFO - Calibration complete.
2024-09-12 16:47:57,021 - Module(calibration):Line(46) INFO - Saving calibrated image to /mnt/gsdata/projects/ecosense/AngleCam2_0/data/corrected_frames/G5Bullet_07/2024/08/27/G5Bullet_07_2024-08-27_05-23-09_calibrated.jpg...
2024-09-12 16:47:57,021 - Module(calibration):Line(46) INFO - Saving calibrated image to /mnt/gsdata/projects/ecosense/AngleCam2_0/data/corrected_frames/G5Bullet_07/2024/08/27/G5Bullet_07_2024-08-27_05-12-25_calibrated.jpg...
2024-09-12 16:47:57,068 - Module(calibration):Line(49) INFO - Calibration complete.
2024-09-12 16:47:57,069 - Module(calibration):Line(49) INFO - Calibration complete.
2024-09-12 16:47:57,070 - Module(calibration):Line(31) INFO - ::: Calibration :::
2024-09-12 16:47:57,070 - Module(calibration):Line(32) INFO - Loading image /mnt/gsdata/projects/ecosense/AngleCam2_0/data/raw_frames/G5Bullet_07/2024/08/27/G5Bullet_07_2024-08-27_05-25-08.jpg...
2024-09-12 16:47:57,070 - Module(calibration):Line(31) INFO - ::: Calibration :::
2024-09-12 16:47:57,071 - Module(calibration):Line(32) INFO - Loading image /mnt/gsdata/projects/ecosense/AngleCam2_0/data/raw_frames/G5Bullet_07/2024/08/27/G5Bullet_07_2024-08-27_05-14-24.jpg...
2024-09-12 16:47:57,173 - Module(calibration):Line(46) INFO - Saving calibrated image to /mnt/gsdata/projects/ecosense/AngleCam2_0/data/corrected_frames/G5Bullet_07/2024/08/27/G5Bullet_07_2024-08-27_05-25-08_calibrated.jpg...
2024-09-12 16:47:57,217 - Module(calibration):Line(46) INFO - Saving calibrated image to /mnt/gsdata/projects/ecosense/AngleCam2_0/data/corrected_frames/G5Bullet_07/2024/08/27/G5Bullet_07_2024-08-27_05-14-24_calibrated.jpg...
2024-09-12 16:47:57,218 - Module(calibration):Line(49) INFO - Calibration complete.
2024-09-12 16:47:57,219 - Module(calibration):Line(31) INFO - ::: Calibration :::
2024-09-12 16:47:57,219 - Module(calibration):Line(32) INFO - Loading image /mnt/gsdata/projects/ecosense/AngleCam2_0/data/raw_frames/G5Bullet_07/2024/08/27/G5Bullet_07_2024-08-27_05-27-07.jpg...
2024-09-12 16:47:57,323 - Module(calibration):Line(49) INFO - Calibration complete.
2024-09-12 16:47:57,325 - Module(calibration):Line(31) INFO - ::: Calibration :::
2024-09-12 16:47:57,326 - Module(calibration):Line(32) INFO - Loading image /mnt/gsdata/projects/ecosense/AngleCam2_0/data/raw_frames/G5Bullet_07/2024/08/27/G5Bullet_07_2024-08-27_05-15-13.jpg...
2024-09-12 16:47:57,418 - Module(calibration):Line(46) INFO - Saving calibrated image to /mnt/gsdata/projects/ecosense/AngleCam2_0/data/corrected_frames/G5Bullet_07/2024/08/27/G5Bullet_07_2024-08-27_05-27-07_calibrated.jpg...
2024-09-12 16:47:57,500 - Module(calibration):Line(46) INFO - Saving calibrated image to /mnt/gsdata/projects/ecosense/AngleCam2_0/data/corrected_frames/G5Bullet_07/2024/08/27/G5Bullet_07_2024-08-27_05-15-13_calibrated.jpg...
2024-09-12 16:47:57,506 - Module(calibration):Line(49) INFO - Calibration complete.
2024-09-12 16:47:57,507 - Module(calibration):Line(31) INFO - ::: Calibration :::
2024-09-12 16:47:57,507 - Module(calibration):Line(32) INFO - Loading image /mnt/gsdata/projects/ecosense/AngleCam2_0/data/raw_frames/G5Bullet_07/2024/08/27/G5Bullet_07_2024-08-27_05-29-06.jpg...
2024-09-12 16:47:57,630 - Module(calibration):Line(49) INFO - Calibration complete.
2024-09-12 16:47:57,632 - Module(calibration):Line(31) INFO - ::: Calibration :::
2024-09-12 16:47:57,632 - Module(calibration):Line(32) INFO - Loading image /mnt/gsdata/projects/ecosense/AngleCam2_0/data/raw_frames/G5Bullet_07/2024/08/27/G5Bullet_07_2024-08-27_05-17-12.jpg...
2024-09-12 16:47:57,709 - Module(calibration):Line(46) INFO - Saving calibrated image to /mnt/gsdata/projects/ecosense/AngleCam2_0/data/corrected_frames/G5Bullet_07/2024/08/27/G5Bullet_07_2024-08-27_05-29-06_calibrated.jpg...
2024-09-12 16:47:57,748 - Module(calibration):Line(46) INFO - Saving calibrated image to /mnt/gsdata/projects/ecosense/AngleCam2_0/data/corrected_frames/G5Bullet_07/2024/08/27/G5Bullet_07_2024-08-27_05-17-12_calibrated.jpg...
2024-09-12 16:47:57,799 - Module(calibration):Line(49) INFO - Calibration complete.
2024-09-12 16:47:57,801 - Module(calibration):Line(31) INFO - ::: Calibration :::
2024-09-12 16:47:57,801 - Module(calibration):Line(32) INFO - Loading image /mnt/gsdata/projects/ecosense/AngleCam2_0/data/raw_frames/G5Bullet_07/2024/08/27/G5Bullet_07_2024-08-27_05-31-05.jpg...
2024-09-12 16:47:57,802 - Module(calibration):Line(49) INFO - Calibration complete.
2024-09-12 16:47:57,803 - Module(calibration):Line(31) INFO - ::: Calibration :::
2024-09-12 16:47:57,803 - Module(calibration):Line(32) INFO - Loading image /mnt/gsdata/projects/ecosense/AngleCam2_0/data/raw_frames/G5Bullet_07/2024/08/27/G5Bullet_07_2024-08-27_05-19-11.jpg...
2024-09-12 16:47:57,925 - Module(calibration):Line(46) INFO - Saving calibrated image to /mnt/gsdata/projects/ecosense/AngleCam2_0/data/corrected_frames/G5Bullet_07/2024/08/27/G5Bullet_07_2024-08-27_05-19-11_calibrated.jpg...
2024-09-12 16:47:57,937 - Module(calibration):Line(46) INFO - Saving calibrated image to /mnt/gsdata/projects/ecosense/AngleCam2_0/data/corrected_frames/G5Bullet_07/2024/08/27/G5Bullet_07_2024-08-27_05-31-05_calibrated.jpg...
2024-09-12 16:47:58,008 - Module(calibration):Line(49) INFO - Calibration complete.
2024-09-12 16:47:58,009 - Module(calibration):Line(31) INFO - ::: Calibration :::
2024-09-12 16:47:58,009 - Module(calibration):Line(32) INFO - Loading image /mnt/gsdata/projects/ecosense/AngleCam2_0/data/raw_frames/G5Bullet_07/2024/08/27/G5Bullet_07_2024-08-27_05-21-10.jpg...
2024-09-12 16:47:58,012 - Module(calibration):Line(49) INFO - Calibration complete.
2024-09-12 16:47:58,013 - Module(calibration):Line(31) INFO - ::: Calibration :::
2024-09-12 16:47:58,013 - Module(calibration):Line(32) INFO - Loading image /mnt/gsdata/projects/ecosense/AngleCam2_0/data/raw_frames/G5Bullet_07/2024/08/27/G5Bullet_07_2024-08-27_05-33-04.jpg...
2024-09-12 16:47:58,165 - Module(calibration):Line(46) INFO - Saving calibrated image to /mnt/gsdata/projects/ecosense/AngleCam2_0/data/corrected_frames/G5Bullet_07/2024/08/27/G5Bullet_07_2024-08-27_05-21-10_calibrated.jpg...
2024-09-12 16:47:58,170 - Module(calibration):Line(46) INFO - Saving calibrated image to /mnt/gsdata/projects/ecosense/AngleCam2_0/data/corrected_frames/G5Bullet_07/2024/08/27/G5Bullet_07_2024-08-27_05-33-04_calibrated.jpg...
2024-09-12 16:47:58,276 - Module(calibration):Line(49) INFO - Calibration complete.
2024-09-12 16:47:58,298 - Module(calibration):Line(49) INFO - Calibration complete.
