2024-09-16 14:11:22,372 - Module(logger):Line(76) INFO - --------------------------------------------------
2024-09-16 14:11:22,373 - Module(logger):Line(77) INFO - --------------------------------------------------
2024-09-16 14:11:22,373 - Module(main):Line(56) INFO - ::: Processing camera G5Bullet_27 :::
2024-09-16 14:11:22,373 - Module(logger):Line(76) INFO - --------------------------------------------------
2024-09-16 14:11:22,373 - Module(logger):Line(77) INFO - --------------------------------------------------
2024-09-16 14:11:22,374 - Module(main):Line(59) INFO - Transfering data from NVR (/volume1/videos/2024-09-15/G5Bullet_27/*0.mp4) to VM (/mnt/geosense/cameras/G5Bullet_27/mp4)...
2024-09-16 14:11:41,827 - Module(logger):Line(76) INFO - --------------------------------------------------
2024-09-16 14:11:41,828 - Module(logger):Line(77) INFO - --------------------------------------------------
2024-09-16 14:11:41,828 - Module(main):Line(56) INFO - ::: Processing camera G5Bullet_27 :::
2024-09-16 14:11:41,828 - Module(logger):Line(76) INFO - --------------------------------------------------
2024-09-16 14:11:41,828 - Module(logger):Line(77) INFO - --------------------------------------------------
2024-09-16 14:11:41,828 - Module(main):Line(59) INFO - Transfering data from NVR (/volume1/videos/2024-09-15/G5Bullet_27/*0.mp4) to VM (/mnt/geosense/cameras/G5Bullet_27/mp4)...
2024-09-16 14:51:54,721 - Module(main):Line(65) INFO - Extract frames...
2024-09-16 14:51:54,722 - Module(camera):Line(32) INFO - Renaming .mp4 files...
2024-09-16 14:51:55,162 - Module(camera):Line(38) INFO - Renamed /mnt/geosense/cameras/G5Bullet_27/mp4/G5Bullet_27_F4E2C678D10D_2024-09-15_1_0.mp4 to /mnt/geosense/cameras/G5Bullet_27/mp4/File_000_G5Bullet_27_F4E2C678D10D_2024-09-15_1_0.mp4
2024-09-16 14:51:55,162 - Module(camera):Line(38) INFO - Renamed /mnt/geosense/cameras/G5Bullet_27/mp4/G5Bullet_27_F4E2C678D10D_2024-09-15_2_0.mp4 to /mnt/geosense/cameras/G5Bullet_27/mp4/File_001_G5Bullet_27_F4E2C678D10D_2024-09-15_2_0.mp4
2024-09-16 14:51:55,163 - Module(camera):Line(38) INFO - Renamed /mnt/geosense/cameras/G5Bullet_27/mp4/G5Bullet_27_F4E2C678D10D_2024-09-15_3_0.mp4 to /mnt/geosense/cameras/G5Bullet_27/mp4/File_002_G5Bullet_27_F4E2C678D10D_2024-09-15_3_0.mp4
2024-09-16 14:51:55,163 - Module(camera):Line(38) INFO - Renamed /mnt/geosense/cameras/G5Bullet_27/mp4/G5Bullet_27_F4E2C678D10D_2024-09-15_4_0.mp4 to /mnt/geosense/cameras/G5Bullet_27/mp4/File_003_G5Bullet_27_F4E2C678D10D_2024-09-15_4_0.mp4
2024-09-16 14:51:55,163 - Module(camera):Line(38) INFO - Renamed /mnt/geosense/cameras/G5Bullet_27/mp4/G5Bullet_27_F4E2C678D10D_2024-09-15_5_0.mp4 to /mnt/geosense/cameras/G5Bullet_27/mp4/File_004_G5Bullet_27_F4E2C678D10D_2024-09-15_5_0.mp4
2024-09-16 14:51:55,163 - Module(camera):Line(38) INFO - Renamed /mnt/geosense/cameras/G5Bullet_27/mp4/G5Bullet_27_F4E2C678D10D_2024-09-15_6_0.mp4 to /mnt/geosense/cameras/G5Bullet_27/mp4/File_005_G5Bullet_27_F4E2C678D10D_2024-09-15_6_0.mp4
2024-09-16 14:51:55,164 - Module(camera):Line(38) INFO - Renamed /mnt/geosense/cameras/G5Bullet_27/mp4/G5Bullet_27_F4E2C678D10D_2024-09-15_7_0.mp4 to /mnt/geosense/cameras/G5Bullet_27/mp4/File_006_G5Bullet_27_F4E2C678D10D_2024-09-15_7_0.mp4
2024-09-16 14:51:55,164 - Module(camera):Line(38) INFO - Renamed /mnt/geosense/cameras/G5Bullet_27/mp4/G5Bullet_27_F4E2C678D10D_2024-09-15_8_0.mp4 to /mnt/geosense/cameras/G5Bullet_27/mp4/File_007_G5Bullet_27_F4E2C678D10D_2024-09-15_8_0.mp4
2024-09-16 14:51:55,164 - Module(camera):Line(38) INFO - Renamed /mnt/geosense/cameras/G5Bullet_27/mp4/G5Bullet_27_F4E2C678D10D_2024-09-15_9_0.mp4 to /mnt/geosense/cameras/G5Bullet_27/mp4/File_008_G5Bullet_27_F4E2C678D10D_2024-09-15_9_0.mp4
2024-09-16 14:51:55,164 - Module(camera):Line(38) INFO - Renamed /mnt/geosense/cameras/G5Bullet_27/mp4/G5Bullet_27_F4E2C678D10D_2024-09-15_10_0.mp4 to /mnt/geosense/cameras/G5Bullet_27/mp4/File_009_G5Bullet_27_F4E2C678D10D_2024-09-15_10_0.mp4
2024-09-16 14:51:55,164 - Module(camera):Line(38) INFO - Renamed /mnt/geosense/cameras/G5Bullet_27/mp4/G5Bullet_27_F4E2C678D10D_2024-09-15_11_0.mp4 to /mnt/geosense/cameras/G5Bullet_27/mp4/File_010_G5Bullet_27_F4E2C678D10D_2024-09-15_11_0.mp4
2024-09-16 14:51:55,164 - Module(camera):Line(38) INFO - Renamed /mnt/geosense/cameras/G5Bullet_27/mp4/G5Bullet_27_F4E2C678D10D_2024-09-15_12_0.mp4 to /mnt/geosense/cameras/G5Bullet_27/mp4/File_011_G5Bullet_27_F4E2C678D10D_2024-09-15_12_0.mp4
2024-09-16 14:51:55,165 - Module(camera):Line(38) INFO - Renamed /mnt/geosense/cameras/G5Bullet_27/mp4/G5Bullet_27_F4E2C678D10D_2024-09-15_13_0.mp4 to /mnt/geosense/cameras/G5Bullet_27/mp4/File_012_G5Bullet_27_F4E2C678D10D_2024-09-15_13_0.mp4
2024-09-16 14:51:55,165 - Module(camera):Line(38) INFO - Renamed /mnt/geosense/cameras/G5Bullet_27/mp4/G5Bullet_27_F4E2C678D10D_2024-09-15_14_0.mp4 to /mnt/geosense/cameras/G5Bullet_27/mp4/File_013_G5Bullet_27_F4E2C678D10D_2024-09-15_14_0.mp4
2024-09-16 14:51:55,165 - Module(camera):Line(38) INFO - Renamed /mnt/geosense/cameras/G5Bullet_27/mp4/G5Bullet_27_F4E2C678D10D_2024-09-15_15_0.mp4 to /mnt/geosense/cameras/G5Bullet_27/mp4/File_014_G5Bullet_27_F4E2C678D10D_2024-09-15_15_0.mp4
2024-09-16 14:51:55,165 - Module(camera):Line(38) INFO - Renamed /mnt/geosense/cameras/G5Bullet_27/mp4/G5Bullet_27_F4E2C678D10D_2024-09-15_16_0.mp4 to /mnt/geosense/cameras/G5Bullet_27/mp4/File_015_G5Bullet_27_F4E2C678D10D_2024-09-15_16_0.mp4
2024-09-16 14:51:55,165 - Module(camera):Line(38) INFO - Renamed /mnt/geosense/cameras/G5Bullet_27/mp4/G5Bullet_27_F4E2C678D10D_2024-09-15_17_0.mp4 to /mnt/geosense/cameras/G5Bullet_27/mp4/File_016_G5Bullet_27_F4E2C678D10D_2024-09-15_17_0.mp4
2024-09-16 14:51:55,165 - Module(camera):Line(38) INFO - Renamed /mnt/geosense/cameras/G5Bullet_27/mp4/G5Bullet_27_F4E2C678D10D_2024-09-15_18_0.mp4 to /mnt/geosense/cameras/G5Bullet_27/mp4/File_017_G5Bullet_27_F4E2C678D10D_2024-09-15_18_0.mp4
2024-09-16 14:51:55,166 - Module(camera):Line(38) INFO - Renamed /mnt/geosense/cameras/G5Bullet_27/mp4/G5Bullet_27_F4E2C678D10D_2024-09-15_19_0.mp4 to /mnt/geosense/cameras/G5Bullet_27/mp4/File_018_G5Bullet_27_F4E2C678D10D_2024-09-15_19_0.mp4
2024-09-16 14:51:55,166 - Module(camera):Line(38) INFO - Renamed /mnt/geosense/cameras/G5Bullet_27/mp4/G5Bullet_27_F4E2C678D10D_2024-09-15_20_0.mp4 to /mnt/geosense/cameras/G5Bullet_27/mp4/File_019_G5Bullet_27_F4E2C678D10D_2024-09-15_20_0.mp4
2024-09-16 14:51:55,166 - Module(camera):Line(38) INFO - Renamed /mnt/geosense/cameras/G5Bullet_27/mp4/G5Bullet_27_F4E2C678D10D_2024-09-15_21_0.mp4 to /mnt/geosense/cameras/G5Bullet_27/mp4/File_020_G5Bullet_27_F4E2C678D10D_2024-09-15_21_0.mp4
2024-09-16 14:51:55,166 - Module(camera):Line(38) INFO - Renamed /mnt/geosense/cameras/G5Bullet_27/mp4/G5Bullet_27_F4E2C678D10D_2024-09-15_22_0.mp4 to /mnt/geosense/cameras/G5Bullet_27/mp4/File_021_G5Bullet_27_F4E2C678D10D_2024-09-15_22_0.mp4
2024-09-16 14:51:55,166 - Module(camera):Line(38) INFO - Renamed /mnt/geosense/cameras/G5Bullet_27/mp4/G5Bullet_27_F4E2C678D10D_2024-09-15_23_0.mp4 to /mnt/geosense/cameras/G5Bullet_27/mp4/File_022_G5Bullet_27_F4E2C678D10D_2024-09-15_23_0.mp4
2024-09-16 14:51:55,166 - Module(camera):Line(38) INFO - Renamed /mnt/geosense/cameras/G5Bullet_27/mp4/G5Bullet_27_F4E2C678D10D_2024-09-15_24_0.mp4 to /mnt/geosense/cameras/G5Bullet_27/mp4/File_023_G5Bullet_27_F4E2C678D10D_2024-09-15_24_0.mp4
2024-09-16 14:51:55,167 - Module(camera):Line(38) INFO - Renamed /mnt/geosense/cameras/G5Bullet_27/mp4/G5Bullet_27_F4E2C678D10D_2024-09-15_25_0.mp4 to /mnt/geosense/cameras/G5Bullet_27/mp4/File_024_G5Bullet_27_F4E2C678D10D_2024-09-15_25_0.mp4
2024-09-16 14:51:55,167 - Module(camera):Line(38) INFO - Renamed /mnt/geosense/cameras/G5Bullet_27/mp4/G5Bullet_27_F4E2C678D10D_2024-09-15_26_0.mp4 to /mnt/geosense/cameras/G5Bullet_27/mp4/File_025_G5Bullet_27_F4E2C678D10D_2024-09-15_26_0.mp4
2024-09-16 14:51:55,167 - Module(camera):Line(38) INFO - Renamed /mnt/geosense/cameras/G5Bullet_27/mp4/G5Bullet_27_F4E2C678D10D_2024-09-15_27_0.mp4 to /mnt/geosense/cameras/G5Bullet_27/mp4/File_026_G5Bullet_27_F4E2C678D10D_2024-09-15_27_0.mp4
2024-09-16 14:51:55,167 - Module(camera):Line(38) INFO - Renamed /mnt/geosense/cameras/G5Bullet_27/mp4/G5Bullet_27_F4E2C678D10D_2024-09-15_28_0.mp4 to /mnt/geosense/cameras/G5Bullet_27/mp4/File_027_G5Bullet_27_F4E2C678D10D_2024-09-15_28_0.mp4
2024-09-16 14:51:55,167 - Module(camera):Line(38) INFO - Renamed /mnt/geosense/cameras/G5Bullet_27/mp4/G5Bullet_27_F4E2C678D10D_2024-09-15_29_0.mp4 to /mnt/geosense/cameras/G5Bullet_27/mp4/File_028_G5Bullet_27_F4E2C678D10D_2024-09-15_29_0.mp4
2024-09-16 14:51:55,167 - Module(camera):Line(38) INFO - Renamed /mnt/geosense/cameras/G5Bullet_27/mp4/G5Bullet_27_F4E2C678D10D_2024-09-15_30_0.mp4 to /mnt/geosense/cameras/G5Bullet_27/mp4/File_029_G5Bullet_27_F4E2C678D10D_2024-09-15_30_0.mp4
2024-09-16 14:51:55,167 - Module(camera):Line(38) INFO - Renamed /mnt/geosense/cameras/G5Bullet_27/mp4/G5Bullet_27_F4E2C678D10D_2024-09-15_31_0.mp4 to /mnt/geosense/cameras/G5Bullet_27/mp4/File_030_G5Bullet_27_F4E2C678D10D_2024-09-15_31_0.mp4
2024-09-16 14:51:55,168 - Module(camera):Line(38) INFO - Renamed /mnt/geosense/cameras/G5Bullet_27/mp4/G5Bullet_27_F4E2C678D10D_2024-09-15_32_0.mp4 to /mnt/geosense/cameras/G5Bullet_27/mp4/File_031_G5Bullet_27_F4E2C678D10D_2024-09-15_32_0.mp4
2024-09-16 14:51:55,168 - Module(camera):Line(38) INFO - Renamed /mnt/geosense/cameras/G5Bullet_27/mp4/G5Bullet_27_F4E2C678D10D_2024-09-15_33_0.mp4 to /mnt/geosense/cameras/G5Bullet_27/mp4/File_032_G5Bullet_27_F4E2C678D10D_2024-09-15_33_0.mp4
2024-09-16 14:51:55,168 - Module(camera):Line(38) INFO - Renamed /mnt/geosense/cameras/G5Bullet_27/mp4/G5Bullet_27_F4E2C678D10D_2024-09-15_34_0.mp4 to /mnt/geosense/cameras/G5Bullet_27/mp4/File_033_G5Bullet_27_F4E2C678D10D_2024-09-15_34_0.mp4
2024-09-16 14:51:55,168 - Module(camera):Line(38) INFO - Renamed /mnt/geosense/cameras/G5Bullet_27/mp4/G5Bullet_27_F4E2C678D10D_2024-09-15_35_0.mp4 to /mnt/geosense/cameras/G5Bullet_27/mp4/File_034_G5Bullet_27_F4E2C678D10D_2024-09-15_35_0.mp4
2024-09-16 14:51:55,168 - Module(camera):Line(38) INFO - Renamed /mnt/geosense/cameras/G5Bullet_27/mp4/G5Bullet_27_F4E2C678D10D_2024-09-15_36_0.mp4 to /mnt/geosense/cameras/G5Bullet_27/mp4/File_035_G5Bullet_27_F4E2C678D10D_2024-09-15_36_0.mp4
2024-09-16 14:51:55,168 - Module(camera):Line(38) INFO - Renamed /mnt/geosense/cameras/G5Bullet_27/mp4/G5Bullet_27_F4E2C678D10D_2024-09-15_37_0.mp4 to /mnt/geosense/cameras/G5Bullet_27/mp4/File_036_G5Bullet_27_F4E2C678D10D_2024-09-15_37_0.mp4
2024-09-16 14:51:55,169 - Module(camera):Line(38) INFO - Renamed /mnt/geosense/cameras/G5Bullet_27/mp4/G5Bullet_27_F4E2C678D10D_2024-09-15_38_0.mp4 to /mnt/geosense/cameras/G5Bullet_27/mp4/File_037_G5Bullet_27_F4E2C678D10D_2024-09-15_38_0.mp4
2024-09-16 14:51:55,169 - Module(camera):Line(38) INFO - Renamed /mnt/geosense/cameras/G5Bullet_27/mp4/G5Bullet_27_F4E2C678D10D_2024-09-15_39_0.mp4 to /mnt/geosense/cameras/G5Bullet_27/mp4/File_038_G5Bullet_27_F4E2C678D10D_2024-09-15_39_0.mp4
2024-09-16 14:51:55,169 - Module(camera):Line(38) INFO - Renamed /mnt/geosense/cameras/G5Bullet_27/mp4/G5Bullet_27_F4E2C678D10D_2024-09-15_40_0.mp4 to /mnt/geosense/cameras/G5Bullet_27/mp4/File_039_G5Bullet_27_F4E2C678D10D_2024-09-15_40_0.mp4
2024-09-16 14:51:55,169 - Module(camera):Line(38) INFO - Renamed /mnt/geosense/cameras/G5Bullet_27/mp4/G5Bullet_27_F4E2C678D10D_2024-09-15_41_0.mp4 to /mnt/geosense/cameras/G5Bullet_27/mp4/File_040_G5Bullet_27_F4E2C678D10D_2024-09-15_41_0.mp4
2024-09-16 14:51:55,169 - Module(camera):Line(38) INFO - Renamed /mnt/geosense/cameras/G5Bullet_27/mp4/G5Bullet_27_F4E2C678D10D_2024-09-15_42_0.mp4 to /mnt/geosense/cameras/G5Bullet_27/mp4/File_041_G5Bullet_27_F4E2C678D10D_2024-09-15_42_0.mp4
2024-09-16 14:51:55,170 - Module(main):Line(72) INFO - Processing file /mnt/geosense/cameras/G5Bullet_27/mp4/File_000_G5Bullet_27_F4E2C678D10D_2024-09-15_1_0.mp4...
2024-09-16 14:51:55,184 - Module(main):Line(65) INFO - Extract frames...
2024-09-16 14:51:55,185 - Module(camera):Line(32) INFO - Renaming .mp4 files...
2024-09-16 14:51:55,185 - Module(camera):Line(38) INFO - Renamed /mnt/geosense/cameras/G5Bullet_27/mp4/File_000_G5Bullet_27_F4E2C678D10D_2024-09-15_1_0.mp4 to /mnt/geosense/cameras/G5Bullet_27/mp4/File_000_File_000_G5Bullet_27_F4E2C678D10D_2024-09-15_1_0.mp4
2024-09-16 14:51:55,185 - Module(camera):Line(38) INFO - Renamed /mnt/geosense/cameras/G5Bullet_27/mp4/File_001_G5Bullet_27_F4E2C678D10D_2024-09-15_2_0.mp4 to /mnt/geosense/cameras/G5Bullet_27/mp4/File_001_File_001_G5Bullet_27_F4E2C678D10D_2024-09-15_2_0.mp4
2024-09-16 14:51:55,185 - Module(camera):Line(38) INFO - Renamed /mnt/geosense/cameras/G5Bullet_27/mp4/File_002_G5Bullet_27_F4E2C678D10D_2024-09-15_3_0.mp4 to /mnt/geosense/cameras/G5Bullet_27/mp4/File_002_File_002_G5Bullet_27_F4E2C678D10D_2024-09-15_3_0.mp4
2024-09-16 14:51:55,185 - Module(camera):Line(38) INFO - Renamed /mnt/geosense/cameras/G5Bullet_27/mp4/File_003_G5Bullet_27_F4E2C678D10D_2024-09-15_4_0.mp4 to /mnt/geosense/cameras/G5Bullet_27/mp4/File_003_File_003_G5Bullet_27_F4E2C678D10D_2024-09-15_4_0.mp4
2024-09-16 14:51:55,186 - Module(camera):Line(38) INFO - Renamed /mnt/geosense/cameras/G5Bullet_27/mp4/File_004_G5Bullet_27_F4E2C678D10D_2024-09-15_5_0.mp4 to /mnt/geosense/cameras/G5Bullet_27/mp4/File_004_File_004_G5Bullet_27_F4E2C678D10D_2024-09-15_5_0.mp4
2024-09-16 14:51:55,186 - Module(camera):Line(38) INFO - Renamed /mnt/geosense/cameras/G5Bullet_27/mp4/File_005_G5Bullet_27_F4E2C678D10D_2024-09-15_6_0.mp4 to /mnt/geosense/cameras/G5Bullet_27/mp4/File_005_File_005_G5Bullet_27_F4E2C678D10D_2024-09-15_6_0.mp4
2024-09-16 14:51:55,186 - Module(camera):Line(38) INFO - Renamed /mnt/geosense/cameras/G5Bullet_27/mp4/File_006_G5Bullet_27_F4E2C678D10D_2024-09-15_7_0.mp4 to /mnt/geosense/cameras/G5Bullet_27/mp4/File_006_File_006_G5Bullet_27_F4E2C678D10D_2024-09-15_7_0.mp4
2024-09-16 14:51:55,186 - Module(camera):Line(38) INFO - Renamed /mnt/geosense/cameras/G5Bullet_27/mp4/File_007_G5Bullet_27_F4E2C678D10D_2024-09-15_8_0.mp4 to /mnt/geosense/cameras/G5Bullet_27/mp4/File_007_File_007_G5Bullet_27_F4E2C678D10D_2024-09-15_8_0.mp4
2024-09-16 14:51:55,186 - Module(camera):Line(38) INFO - Renamed /mnt/geosense/cameras/G5Bullet_27/mp4/File_008_G5Bullet_27_F4E2C678D10D_2024-09-15_9_0.mp4 to /mnt/geosense/cameras/G5Bullet_27/mp4/File_008_File_008_G5Bullet_27_F4E2C678D10D_2024-09-15_9_0.mp4
2024-09-16 14:51:55,186 - Module(camera):Line(38) INFO - Renamed /mnt/geosense/cameras/G5Bullet_27/mp4/File_009_G5Bullet_27_F4E2C678D10D_2024-09-15_10_0.mp4 to /mnt/geosense/cameras/G5Bullet_27/mp4/File_009_File_009_G5Bullet_27_F4E2C678D10D_2024-09-15_10_0.mp4
2024-09-16 14:51:55,186 - Module(camera):Line(38) INFO - Renamed /mnt/geosense/cameras/G5Bullet_27/mp4/File_010_G5Bullet_27_F4E2C678D10D_2024-09-15_11_0.mp4 to /mnt/geosense/cameras/G5Bullet_27/mp4/File_010_File_010_G5Bullet_27_F4E2C678D10D_2024-09-15_11_0.mp4
2024-09-16 14:51:55,186 - Module(camera):Line(38) INFO - Renamed /mnt/geosense/cameras/G5Bullet_27/mp4/File_011_G5Bullet_27_F4E2C678D10D_2024-09-15_12_0.mp4 to /mnt/geosense/cameras/G5Bullet_27/mp4/File_011_File_011_G5Bullet_27_F4E2C678D10D_2024-09-15_12_0.mp4
2024-09-16 14:51:55,186 - Module(camera):Line(38) INFO - Renamed /mnt/geosense/cameras/G5Bullet_27/mp4/File_012_G5Bullet_27_F4E2C678D10D_2024-09-15_13_0.mp4 to /mnt/geosense/cameras/G5Bullet_27/mp4/File_012_File_012_G5Bullet_27_F4E2C678D10D_2024-09-15_13_0.mp4
2024-09-16 14:51:55,187 - Module(camera):Line(38) INFO - Renamed /mnt/geosense/cameras/G5Bullet_27/mp4/File_013_G5Bullet_27_F4E2C678D10D_2024-09-15_14_0.mp4 to /mnt/geosense/cameras/G5Bullet_27/mp4/File_013_File_013_G5Bullet_27_F4E2C678D10D_2024-09-15_14_0.mp4
2024-09-16 14:51:55,187 - Module(camera):Line(38) INFO - Renamed /mnt/geosense/cameras/G5Bullet_27/mp4/File_014_G5Bullet_27_F4E2C678D10D_2024-09-15_15_0.mp4 to /mnt/geosense/cameras/G5Bullet_27/mp4/File_014_File_014_G5Bullet_27_F4E2C678D10D_2024-09-15_15_0.mp4
2024-09-16 14:51:55,187 - Module(camera):Line(38) INFO - Renamed /mnt/geosense/cameras/G5Bullet_27/mp4/File_015_G5Bullet_27_F4E2C678D10D_2024-09-15_16_0.mp4 to /mnt/geosense/cameras/G5Bullet_27/mp4/File_015_File_015_G5Bullet_27_F4E2C678D10D_2024-09-15_16_0.mp4
2024-09-16 14:51:55,187 - Module(camera):Line(38) INFO - Renamed /mnt/geosense/cameras/G5Bullet_27/mp4/File_016_G5Bullet_27_F4E2C678D10D_2024-09-15_17_0.mp4 to /mnt/geosense/cameras/G5Bullet_27/mp4/File_016_File_016_G5Bullet_27_F4E2C678D10D_2024-09-15_17_0.mp4
2024-09-16 14:51:55,187 - Module(camera):Line(38) INFO - Renamed /mnt/geosense/cameras/G5Bullet_27/mp4/File_017_G5Bullet_27_F4E2C678D10D_2024-09-15_18_0.mp4 to /mnt/geosense/cameras/G5Bullet_27/mp4/File_017_File_017_G5Bullet_27_F4E2C678D10D_2024-09-15_18_0.mp4
2024-09-16 14:51:55,187 - Module(camera):Line(38) INFO - Renamed /mnt/geosense/cameras/G5Bullet_27/mp4/File_018_G5Bullet_27_F4E2C678D10D_2024-09-15_19_0.mp4 to /mnt/geosense/cameras/G5Bullet_27/mp4/File_018_File_018_G5Bullet_27_F4E2C678D10D_2024-09-15_19_0.mp4
2024-09-16 14:51:55,187 - Module(camera):Line(38) INFO - Renamed /mnt/geosense/cameras/G5Bullet_27/mp4/File_019_G5Bullet_27_F4E2C678D10D_2024-09-15_20_0.mp4 to /mnt/geosense/cameras/G5Bullet_27/mp4/File_019_File_019_G5Bullet_27_F4E2C678D10D_2024-09-15_20_0.mp4
2024-09-16 14:51:55,187 - Module(camera):Line(38) INFO - Renamed /mnt/geosense/cameras/G5Bullet_27/mp4/File_020_G5Bullet_27_F4E2C678D10D_2024-09-15_21_0.mp4 to /mnt/geosense/cameras/G5Bullet_27/mp4/File_020_File_020_G5Bullet_27_F4E2C678D10D_2024-09-15_21_0.mp4
2024-09-16 14:51:55,187 - Module(camera):Line(38) INFO - Renamed /mnt/geosense/cameras/G5Bullet_27/mp4/File_021_G5Bullet_27_F4E2C678D10D_2024-09-15_22_0.mp4 to /mnt/geosense/cameras/G5Bullet_27/mp4/File_021_File_021_G5Bullet_27_F4E2C678D10D_2024-09-15_22_0.mp4
2024-09-16 14:51:55,188 - Module(camera):Line(38) INFO - Renamed /mnt/geosense/cameras/G5Bullet_27/mp4/File_022_G5Bullet_27_F4E2C678D10D_2024-09-15_23_0.mp4 to /mnt/geosense/cameras/G5Bullet_27/mp4/File_022_File_022_G5Bullet_27_F4E2C678D10D_2024-09-15_23_0.mp4
2024-09-16 14:51:55,188 - Module(camera):Line(38) INFO - Renamed /mnt/geosense/cameras/G5Bullet_27/mp4/File_023_G5Bullet_27_F4E2C678D10D_2024-09-15_24_0.mp4 to /mnt/geosense/cameras/G5Bullet_27/mp4/File_023_File_023_G5Bullet_27_F4E2C678D10D_2024-09-15_24_0.mp4
2024-09-16 14:51:55,188 - Module(camera):Line(38) INFO - Renamed /mnt/geosense/cameras/G5Bullet_27/mp4/File_024_G5Bullet_27_F4E2C678D10D_2024-09-15_25_0.mp4 to /mnt/geosense/cameras/G5Bullet_27/mp4/File_024_File_024_G5Bullet_27_F4E2C678D10D_2024-09-15_25_0.mp4
2024-09-16 14:51:55,188 - Module(camera):Line(38) INFO - Renamed /mnt/geosense/cameras/G5Bullet_27/mp4/File_025_G5Bullet_27_F4E2C678D10D_2024-09-15_26_0.mp4 to /mnt/geosense/cameras/G5Bullet_27/mp4/File_025_File_025_G5Bullet_27_F4E2C678D10D_2024-09-15_26_0.mp4
2024-09-16 14:51:55,188 - Module(camera):Line(38) INFO - Renamed /mnt/geosense/cameras/G5Bullet_27/mp4/File_026_G5Bullet_27_F4E2C678D10D_2024-09-15_27_0.mp4 to /mnt/geosense/cameras/G5Bullet_27/mp4/File_026_File_026_G5Bullet_27_F4E2C678D10D_2024-09-15_27_0.mp4
2024-09-16 14:51:55,188 - Module(camera):Line(38) INFO - Renamed /mnt/geosense/cameras/G5Bullet_27/mp4/File_027_G5Bullet_27_F4E2C678D10D_2024-09-15_28_0.mp4 to /mnt/geosense/cameras/G5Bullet_27/mp4/File_027_File_027_G5Bullet_27_F4E2C678D10D_2024-09-15_28_0.mp4
2024-09-16 14:51:55,188 - Module(camera):Line(38) INFO - Renamed /mnt/geosense/cameras/G5Bullet_27/mp4/File_028_G5Bullet_27_F4E2C678D10D_2024-09-15_29_0.mp4 to /mnt/geosense/cameras/G5Bullet_27/mp4/File_028_File_028_G5Bullet_27_F4E2C678D10D_2024-09-15_29_0.mp4
2024-09-16 14:51:55,188 - Module(camera):Line(38) INFO - Renamed /mnt/geosense/cameras/G5Bullet_27/mp4/File_029_G5Bullet_27_F4E2C678D10D_2024-09-15_30_0.mp4 to /mnt/geosense/cameras/G5Bullet_27/mp4/File_029_File_029_G5Bullet_27_F4E2C678D10D_2024-09-15_30_0.mp4
2024-09-16 14:51:55,188 - Module(camera):Line(38) INFO - Renamed /mnt/geosense/cameras/G5Bullet_27/mp4/File_030_G5Bullet_27_F4E2C678D10D_2024-09-15_31_0.mp4 to /mnt/geosense/cameras/G5Bullet_27/mp4/File_030_File_030_G5Bullet_27_F4E2C678D10D_2024-09-15_31_0.mp4
2024-09-16 14:51:55,189 - Module(camera):Line(38) INFO - Renamed /mnt/geosense/cameras/G5Bullet_27/mp4/File_031_G5Bullet_27_F4E2C678D10D_2024-09-15_32_0.mp4 to /mnt/geosense/cameras/G5Bullet_27/mp4/File_031_File_031_G5Bullet_27_F4E2C678D10D_2024-09-15_32_0.mp4
2024-09-16 14:51:55,189 - Module(camera):Line(38) INFO - Renamed /mnt/geosense/cameras/G5Bullet_27/mp4/File_032_G5Bullet_27_F4E2C678D10D_2024-09-15_33_0.mp4 to /mnt/geosense/cameras/G5Bullet_27/mp4/File_032_File_032_G5Bullet_27_F4E2C678D10D_2024-09-15_33_0.mp4
2024-09-16 14:51:55,189 - Module(camera):Line(38) INFO - Renamed /mnt/geosense/cameras/G5Bullet_27/mp4/File_033_G5Bullet_27_F4E2C678D10D_2024-09-15_34_0.mp4 to /mnt/geosense/cameras/G5Bullet_27/mp4/File_033_File_033_G5Bullet_27_F4E2C678D10D_2024-09-15_34_0.mp4
2024-09-16 14:51:55,189 - Module(camera):Line(38) INFO - Renamed /mnt/geosense/cameras/G5Bullet_27/mp4/File_034_G5Bullet_27_F4E2C678D10D_2024-09-15_35_0.mp4 to /mnt/geosense/cameras/G5Bullet_27/mp4/File_034_File_034_G5Bullet_27_F4E2C678D10D_2024-09-15_35_0.mp4
2024-09-16 14:51:55,189 - Module(camera):Line(38) INFO - Renamed /mnt/geosense/cameras/G5Bullet_27/mp4/File_035_G5Bullet_27_F4E2C678D10D_2024-09-15_36_0.mp4 to /mnt/geosense/cameras/G5Bullet_27/mp4/File_035_File_035_G5Bullet_27_F4E2C678D10D_2024-09-15_36_0.mp4
2024-09-16 14:51:55,189 - Module(camera):Line(38) INFO - Renamed /mnt/geosense/cameras/G5Bullet_27/mp4/File_036_G5Bullet_27_F4E2C678D10D_2024-09-15_37_0.mp4 to /mnt/geosense/cameras/G5Bullet_27/mp4/File_036_File_036_G5Bullet_27_F4E2C678D10D_2024-09-15_37_0.mp4
2024-09-16 14:51:55,189 - Module(camera):Line(38) INFO - Renamed /mnt/geosense/cameras/G5Bullet_27/mp4/File_037_G5Bullet_27_F4E2C678D10D_2024-09-15_38_0.mp4 to /mnt/geosense/cameras/G5Bullet_27/mp4/File_037_File_037_G5Bullet_27_F4E2C678D10D_2024-09-15_38_0.mp4
2024-09-16 14:51:55,189 - Module(camera):Line(38) INFO - Renamed /mnt/geosense/cameras/G5Bullet_27/mp4/File_038_G5Bullet_27_F4E2C678D10D_2024-09-15_39_0.mp4 to /mnt/geosense/cameras/G5Bullet_27/mp4/File_038_File_038_G5Bullet_27_F4E2C678D10D_2024-09-15_39_0.mp4
2024-09-16 14:51:55,189 - Module(camera):Line(38) INFO - Renamed /mnt/geosense/cameras/G5Bullet_27/mp4/File_039_G5Bullet_27_F4E2C678D10D_2024-09-15_40_0.mp4 to /mnt/geosense/cameras/G5Bullet_27/mp4/File_039_File_039_G5Bullet_27_F4E2C678D10D_2024-09-15_40_0.mp4
2024-09-16 14:51:55,190 - Module(camera):Line(38) INFO - Renamed /mnt/geosense/cameras/G5Bullet_27/mp4/File_040_G5Bullet_27_F4E2C678D10D_2024-09-15_41_0.mp4 to /mnt/geosense/cameras/G5Bullet_27/mp4/File_040_File_040_G5Bullet_27_F4E2C678D10D_2024-09-15_41_0.mp4
2024-09-16 14:51:55,190 - Module(camera):Line(38) INFO - Renamed /mnt/geosense/cameras/G5Bullet_27/mp4/File_041_G5Bullet_27_F4E2C678D10D_2024-09-15_42_0.mp4 to /mnt/geosense/cameras/G5Bullet_27/mp4/File_041_File_041_G5Bullet_27_F4E2C678D10D_2024-09-15_42_0.mp4
2024-09-16 14:51:55,190 - Module(main):Line(72) INFO - Processing file /mnt/geosense/cameras/G5Bullet_27/mp4/File_000_File_000_G5Bullet_27_F4E2C678D10D_2024-09-15_1_0.mp4...
2024-09-16 14:51:55,387 - Module(data_preprocessing):Line(132) INFO - Frame rate: 29.99996390576733
2024-09-16 14:51:55,387 - Module(data_preprocessing):Line(132) INFO - Frame rate: 29.99996390576733
2024-09-16 14:51:55,387 - Module(data_preprocessing):Line(133) INFO - Extracting frames from video '/mnt/geosense/cameras/G5Bullet_27/mp4/File_000_File_000_G5Bullet_27_F4E2C678D10D_2024-09-15_1_0.mp4'...
2024-09-16 14:51:55,388 - Module(data_preprocessing):Line(133) INFO - Extracting frames from video '/mnt/geosense/cameras/G5Bullet_27/mp4/File_000_G5Bullet_27_F4E2C678D10D_2024-09-15_1_0.mp4'...
2024-09-16 14:51:55,543 - Module(data_preprocessing):Line(169) INFO - Extracting frame 0...
2024-09-16 14:51:55,543 - Module(data_preprocessing):Line(169) INFO - Extracting frame 0...
2024-09-16 14:51:55,543 - Module(data_preprocessing):Line(173) INFO - Frame number internal: 3599
2024-09-16 14:51:55,544 - Module(data_preprocessing):Line(173) INFO - Frame number internal: 3599
2024-09-16 14:51:57,434 - Module(data_preprocessing):Line(169) INFO - Extracting frame 1...
2024-09-16 14:51:57,435 - Module(data_preprocessing):Line(169) INFO - Extracting frame 1...
2024-09-16 14:51:57,435 - Module(data_preprocessing):Line(173) INFO - Frame number internal: 7198
2024-09-16 14:51:57,437 - Module(data_preprocessing):Line(173) INFO - Frame number internal: 7198
2024-09-16 14:51:59,008 - Module(data_preprocessing):Line(169) INFO - Extracting frame 2...
2024-09-16 14:51:59,008 - Module(data_preprocessing):Line(173) INFO - Frame number internal: 10797
2024-09-16 14:51:59,036 - Module(data_preprocessing):Line(169) INFO - Extracting frame 2...
2024-09-16 14:51:59,037 - Module(data_preprocessing):Line(173) INFO - Frame number internal: 10797
2024-09-16 14:52:00,541 - Module(data_preprocessing):Line(169) INFO - Extracting frame 3...
2024-09-16 14:52:00,542 - Module(data_preprocessing):Line(173) INFO - Frame number internal: 14396
2024-09-16 14:52:00,570 - Module(data_preprocessing):Line(169) INFO - Extracting frame 3...
2024-09-16 14:52:00,571 - Module(data_preprocessing):Line(173) INFO - Frame number internal: 14396
2024-09-16 14:52:02,235 - Module(data_preprocessing):Line(169) INFO - Extracting frame 4...
2024-09-16 14:52:02,236 - Module(data_preprocessing):Line(173) INFO - Frame number internal: 17995
2024-09-16 14:52:02,263 - Module(data_preprocessing):Line(169) INFO - Extracting frame 4...
2024-09-16 14:52:02,263 - Module(data_preprocessing):Line(173) INFO - Frame number internal: 17995
2024-09-16 14:52:03,758 - Module(data_preprocessing):Line(169) INFO - Extracting frame 5...
2024-09-16 14:52:03,758 - Module(data_preprocessing):Line(173) INFO - Frame number internal: 21594
2024-09-16 14:52:03,773 - Module(data_preprocessing):Line(169) INFO - Extracting frame 5...
2024-09-16 14:52:03,773 - Module(data_preprocessing):Line(173) INFO - Frame number internal: 21594
2024-09-16 14:52:05,159 - Module(data_preprocessing):Line(169) INFO - Extracting frame 6...
2024-09-16 14:52:05,160 - Module(data_preprocessing):Line(173) INFO - Frame number internal: 25193
2024-09-16 14:52:05,169 - Module(data_preprocessing):Line(169) INFO - Extracting frame 6...
2024-09-16 14:52:05,169 - Module(data_preprocessing):Line(173) INFO - Frame number internal: 25193
2024-09-16 14:52:06,546 - Module(data_preprocessing):Line(169) INFO - Extracting frame 7...
2024-09-16 14:52:06,546 - Module(data_preprocessing):Line(173) INFO - Frame number internal: 28792
2024-09-16 14:52:06,551 - Module(data_preprocessing):Line(169) INFO - Extracting frame 7...
2024-09-16 14:52:06,552 - Module(data_preprocessing):Line(173) INFO - Frame number internal: 28792
2024-09-16 14:52:07,923 - Module(data_preprocessing):Line(169) INFO - Extracting frame 8...
2024-09-16 14:52:07,923 - Module(data_preprocessing):Line(169) INFO - Extracting frame 8...
2024-09-16 14:52:07,923 - Module(data_preprocessing):Line(173) INFO - Frame number internal: 32391
2024-09-16 14:52:07,923 - Module(data_preprocessing):Line(173) INFO - Frame number internal: 32391
2024-09-16 14:52:09,607 - Module(data_preprocessing):Line(169) INFO - Extracting frame 9...
2024-09-16 14:52:09,607 - Module(data_preprocessing):Line(169) INFO - Extracting frame 9...
2024-09-16 14:52:09,607 - Module(data_preprocessing):Line(173) INFO - Frame number internal: 35990
2024-09-16 14:52:09,607 - Module(data_preprocessing):Line(173) INFO - Frame number internal: 35990
2024-09-16 14:52:11,194 - Module(data_preprocessing):Line(169) INFO - Extracting frame 10...
2024-09-16 14:52:11,194 - Module(data_preprocessing):Line(173) INFO - Frame number internal: 39589
2024-09-16 14:52:11,200 - Module(data_preprocessing):Line(169) INFO - Extracting frame 10...
2024-09-16 14:52:11,201 - Module(data_preprocessing):Line(173) INFO - Frame number internal: 39589
2024-09-16 14:52:12,744 - Module(data_preprocessing):Line(169) INFO - Extracting frame 11...
2024-09-16 14:52:12,745 - Module(data_preprocessing):Line(173) INFO - Frame number internal: 43188
2024-09-16 14:52:12,747 - Module(data_preprocessing):Line(169) INFO - Extracting frame 11...
2024-09-16 14:52:12,748 - Module(data_preprocessing):Line(173) INFO - Frame number internal: 43188
2024-09-16 14:52:14,162 - Module(data_preprocessing):Line(169) INFO - Extracting frame 12...
2024-09-16 14:52:14,162 - Module(data_preprocessing):Line(169) INFO - Extracting frame 12...
2024-09-16 14:52:14,162 - Module(data_preprocessing):Line(173) INFO - Frame number internal: 46787
2024-09-16 14:52:14,163 - Module(data_preprocessing):Line(173) INFO - Frame number internal: 46787
2024-09-16 14:52:15,473 - Module(data_preprocessing):Line(169) INFO - Extracting frame 13...
2024-09-16 14:52:15,473 - Module(data_preprocessing):Line(169) INFO - Extracting frame 13...
2024-09-16 14:52:15,473 - Module(data_preprocessing):Line(173) INFO - Frame number internal: 50386
2024-09-16 14:52:15,474 - Module(data_preprocessing):Line(173) INFO - Frame number internal: 50386
2024-09-16 14:52:16,987 - Module(data_preprocessing):Line(169) INFO - Extracting frame 14...
2024-09-16 14:52:16,988 - Module(data_preprocessing):Line(169) INFO - Extracting frame 14...
2024-09-16 14:52:16,988 - Module(data_preprocessing):Line(173) INFO - Frame number internal: 53985
2024-09-16 14:52:16,988 - Module(data_preprocessing):Line(173) INFO - Frame number internal: 53985
2024-09-16 14:52:18,446 - Module(data_preprocessing):Line(169) INFO - Extracting frame 15...
2024-09-16 14:52:18,447 - Module(data_preprocessing):Line(173) INFO - Frame number internal: 57584
2024-09-16 14:52:18,447 - Module(data_preprocessing):Line(169) INFO - Extracting frame 15...
2024-09-16 14:52:18,447 - Module(data_preprocessing):Line(173) INFO - Frame number internal: 57584
2024-09-16 14:52:19,570 - Module(data_preprocessing):Line(169) INFO - Extracting frame 16...
2024-09-16 14:52:19,570 - Module(data_preprocessing):Line(169) INFO - Extracting frame 16...
2024-09-16 14:52:19,570 - Module(data_preprocessing):Line(173) INFO - Frame number internal: 61183
2024-09-16 14:52:19,570 - Module(data_preprocessing):Line(173) INFO - Frame number internal: 61183
2024-09-16 14:52:21,139 - Module(data_preprocessing):Line(169) INFO - Extracting frame 17...
2024-09-16 14:52:21,139 - Module(data_preprocessing):Line(173) INFO - Frame number internal: 64782
2024-09-16 14:52:21,139 - Module(data_preprocessing):Line(169) INFO - Extracting frame 17...
2024-09-16 14:52:21,139 - Module(data_preprocessing):Line(173) INFO - Frame number internal: 64782
2024-09-16 14:52:22,780 - Module(data_preprocessing):Line(169) INFO - Extracting frame 18...
2024-09-16 14:52:22,780 - Module(data_preprocessing):Line(169) INFO - Extracting frame 18...
2024-09-16 14:52:22,780 - Module(data_preprocessing):Line(173) INFO - Frame number internal: 68381
2024-09-16 14:52:22,780 - Module(data_preprocessing):Line(173) INFO - Frame number internal: 68381
2024-09-16 14:52:24,258 - Module(data_preprocessing):Line(169) INFO - Extracting frame 19...
2024-09-16 14:52:24,258 - Module(data_preprocessing):Line(169) INFO - Extracting frame 19...
2024-09-16 14:52:24,258 - Module(data_preprocessing):Line(173) INFO - Frame number internal: 71980
2024-09-16 14:52:24,258 - Module(data_preprocessing):Line(173) INFO - Frame number internal: 71980
2024-09-16 14:52:25,768 - Module(data_preprocessing):Line(169) INFO - Extracting frame 20...
2024-09-16 14:52:25,768 - Module(data_preprocessing):Line(169) INFO - Extracting frame 20...
2024-09-16 14:52:25,768 - Module(data_preprocessing):Line(173) INFO - Frame number internal: 75579
2024-09-16 14:52:25,768 - Module(data_preprocessing):Line(173) INFO - Frame number internal: 75579
2024-09-16 14:52:25,769 - Module(data_preprocessing):Line(154) INFO - Break: frame_number_internal exceeds total number of frames.
2024-09-16 14:52:25,769 - Module(data_preprocessing):Line(154) INFO - Break: frame_number_internal exceeds total number of frames.
2024-09-16 14:52:25,770 - Module(data_preprocessing):Line(176) INFO - All frames extracted.
2024-09-16 14:52:25,770 - Module(data_preprocessing):Line(177) INFO - Frame number: 0
2024-09-16 14:52:25,771 - Module(data_preprocessing):Line(176) INFO - All frames extracted.
2024-09-16 14:52:25,771 - Module(data_preprocessing):Line(177) INFO - Frame number: 0
2024-09-16 14:52:25,771 - Module(main):Line(91) INFO - Enhance frames...
2024-09-16 14:52:25,772 - Module(camera):Line(43) INFO - Grouping files in sets...
2024-09-16 14:52:25,772 - Module(main):Line(91) INFO - Enhance frames...
2024-09-16 14:52:25,772 - Module(camera):Line(43) INFO - Grouping files in sets...
2024-09-16 14:52:25,786 - Module(camera):Line(48) INFO - Moving files to staging directory...
2024-09-16 14:52:25,786 - Module(camera):Line(48) INFO - Moving files to staging directory...
2024-09-16 14:52:25,787 - Module(main):Line(95) ERROR - Error: [Errno 2] No such file or directory: '/mnt/geosense/cameras/G5Bullet_27/frames/frame_000000.jpg'
2024-09-16 14:52:25,787 - Module(main):Line(96) ERROR - Could not process file.
2024-09-16 14:52:25,787 - Module(main):Line(72) INFO - Processing file /mnt/geosense/cameras/G5Bullet_27/mp4/File_001_File_001_G5Bullet_27_F4E2C678D10D_2024-09-15_2_0.mp4...
2024-09-16 14:52:25,792 - Module(camera):Line(52) INFO - Keeping every third file and removing the others...
2024-09-16 14:52:25,798 - Module(main):Line(72) INFO - Processing file /mnt/geosense/cameras/G5Bullet_27/mp4/File_001_G5Bullet_27_F4E2C678D10D_2024-09-15_2_0.mp4...
2024-09-16 14:52:25,808 - Module(data_preprocessing):Line(124) INFO - Error: Could not open video.
2024-09-16 14:52:25,808 - Module(main):Line(91) INFO - Enhance frames...
2024-09-16 14:52:25,808 - Module(camera):Line(43) INFO - Grouping files in sets...
2024-09-16 14:52:25,809 - Module(camera):Line(48) INFO - Moving files to staging directory...
2024-09-16 14:52:25,809 - Module(camera):Line(52) INFO - Keeping every third file and removing the others...
2024-09-16 14:52:25,809 - Module(main):Line(72) INFO - Processing file /mnt/geosense/cameras/G5Bullet_27/mp4/File_002_G5Bullet_27_F4E2C678D10D_2024-09-15_3_0.mp4...
2024-09-16 14:52:25,810 - Module(data_preprocessing):Line(124) INFO - Error: Could not open video.
2024-09-16 14:52:25,810 - Module(main):Line(91) INFO - Enhance frames...
2024-09-16 14:52:25,810 - Module(camera):Line(43) INFO - Grouping files in sets...
2024-09-16 14:52:25,811 - Module(camera):Line(48) INFO - Moving files to staging directory...
2024-09-16 14:52:25,811 - Module(camera):Line(52) INFO - Keeping every third file and removing the others...
2024-09-16 14:52:25,811 - Module(main):Line(72) INFO - Processing file /mnt/geosense/cameras/G5Bullet_27/mp4/File_003_G5Bullet_27_F4E2C678D10D_2024-09-15_4_0.mp4...
2024-09-16 14:52:25,811 - Module(data_preprocessing):Line(124) INFO - Error: Could not open video.
2024-09-16 14:52:25,812 - Module(main):Line(91) INFO - Enhance frames...
2024-09-16 14:52:25,812 - Module(camera):Line(43) INFO - Grouping files in sets...
2024-09-16 14:52:25,812 - Module(camera):Line(48) INFO - Moving files to staging directory...
2024-09-16 14:52:25,812 - Module(camera):Line(52) INFO - Keeping every third file and removing the others...
2024-09-16 14:52:25,812 - Module(main):Line(72) INFO - Processing file /mnt/geosense/cameras/G5Bullet_27/mp4/File_004_G5Bullet_27_F4E2C678D10D_2024-09-15_5_0.mp4...
2024-09-16 14:52:25,813 - Module(data_preprocessing):Line(124) INFO - Error: Could not open video.
2024-09-16 14:52:25,813 - Module(main):Line(91) INFO - Enhance frames...
2024-09-16 14:52:25,813 - Module(camera):Line(43) INFO - Grouping files in sets...
2024-09-16 14:52:25,813 - Module(camera):Line(48) INFO - Moving files to staging directory...
2024-09-16 14:52:25,813 - Module(camera):Line(52) INFO - Keeping every third file and removing the others...
2024-09-16 14:52:25,814 - Module(main):Line(72) INFO - Processing file /mnt/geosense/cameras/G5Bullet_27/mp4/File_005_G5Bullet_27_F4E2C678D10D_2024-09-15_6_0.mp4...
2024-09-16 14:52:25,814 - Module(data_preprocessing):Line(124) INFO - Error: Could not open video.
2024-09-16 14:52:25,814 - Module(main):Line(91) INFO - Enhance frames...
2024-09-16 14:52:25,814 - Module(camera):Line(43) INFO - Grouping files in sets...
2024-09-16 14:52:25,815 - Module(camera):Line(48) INFO - Moving files to staging directory...
2024-09-16 14:52:25,815 - Module(camera):Line(52) INFO - Keeping every third file and removing the others...
2024-09-16 14:52:25,815 - Module(main):Line(72) INFO - Processing file /mnt/geosense/cameras/G5Bullet_27/mp4/File_006_G5Bullet_27_F4E2C678D10D_2024-09-15_7_0.mp4...
2024-09-16 14:52:25,815 - Module(data_preprocessing):Line(124) INFO - Error: Could not open video.
2024-09-16 14:52:25,816 - Module(main):Line(91) INFO - Enhance frames...
2024-09-16 14:52:25,816 - Module(camera):Line(43) INFO - Grouping files in sets...
2024-09-16 14:52:25,816 - Module(camera):Line(48) INFO - Moving files to staging directory...
2024-09-16 14:52:25,816 - Module(camera):Line(52) INFO - Keeping every third file and removing the others...
2024-09-16 14:52:25,817 - Module(main):Line(72) INFO - Processing file /mnt/geosense/cameras/G5Bullet_27/mp4/File_007_G5Bullet_27_F4E2C678D10D_2024-09-15_8_0.mp4...
2024-09-16 14:52:25,817 - Module(data_preprocessing):Line(124) INFO - Error: Could not open video.
2024-09-16 14:52:25,817 - Module(main):Line(91) INFO - Enhance frames...
2024-09-16 14:52:25,817 - Module(camera):Line(43) INFO - Grouping files in sets...
2024-09-16 14:52:25,818 - Module(camera):Line(48) INFO - Moving files to staging directory...
2024-09-16 14:52:25,818 - Module(camera):Line(52) INFO - Keeping every third file and removing the others...
2024-09-16 14:52:25,818 - Module(main):Line(72) INFO - Processing file /mnt/geosense/cameras/G5Bullet_27/mp4/File_008_G5Bullet_27_F4E2C678D10D_2024-09-15_9_0.mp4...
2024-09-16 14:52:25,818 - Module(data_preprocessing):Line(124) INFO - Error: Could not open video.
2024-09-16 14:52:25,818 - Module(main):Line(91) INFO - Enhance frames...
2024-09-16 14:52:25,818 - Module(camera):Line(43) INFO - Grouping files in sets...
2024-09-16 14:52:25,819 - Module(camera):Line(48) INFO - Moving files to staging directory...
2024-09-16 14:52:25,819 - Module(camera):Line(52) INFO - Keeping every third file and removing the others...
2024-09-16 14:52:25,819 - Module(main):Line(72) INFO - Processing file /mnt/geosense/cameras/G5Bullet_27/mp4/File_009_G5Bullet_27_F4E2C678D10D_2024-09-15_10_0.mp4...
2024-09-16 14:52:25,819 - Module(data_preprocessing):Line(124) INFO - Error: Could not open video.
2024-09-16 14:52:25,820 - Module(main):Line(91) INFO - Enhance frames...
2024-09-16 14:52:25,820 - Module(camera):Line(43) INFO - Grouping files in sets...
2024-09-16 14:52:25,820 - Module(camera):Line(48) INFO - Moving files to staging directory...
2024-09-16 14:52:25,820 - Module(camera):Line(52) INFO - Keeping every third file and removing the others...
2024-09-16 14:52:25,821 - Module(main):Line(72) INFO - Processing file /mnt/geosense/cameras/G5Bullet_27/mp4/File_010_G5Bullet_27_F4E2C678D10D_2024-09-15_11_0.mp4...
2024-09-16 14:52:25,821 - Module(data_preprocessing):Line(124) INFO - Error: Could not open video.
2024-09-16 14:52:25,821 - Module(main):Line(91) INFO - Enhance frames...
2024-09-16 14:52:25,821 - Module(camera):Line(43) INFO - Grouping files in sets...
2024-09-16 14:52:25,822 - Module(camera):Line(48) INFO - Moving files to staging directory...
2024-09-16 14:52:25,822 - Module(camera):Line(52) INFO - Keeping every third file and removing the others...
2024-09-16 14:52:25,822 - Module(main):Line(72) INFO - Processing file /mnt/geosense/cameras/G5Bullet_27/mp4/File_011_G5Bullet_27_F4E2C678D10D_2024-09-15_12_0.mp4...
2024-09-16 14:52:25,822 - Module(data_preprocessing):Line(124) INFO - Error: Could not open video.
2024-09-16 14:52:25,823 - Module(main):Line(91) INFO - Enhance frames...
2024-09-16 14:52:25,823 - Module(camera):Line(43) INFO - Grouping files in sets...
2024-09-16 14:52:25,823 - Module(camera):Line(48) INFO - Moving files to staging directory...
2024-09-16 14:52:25,823 - Module(camera):Line(52) INFO - Keeping every third file and removing the others...
2024-09-16 14:52:25,823 - Module(main):Line(72) INFO - Processing file /mnt/geosense/cameras/G5Bullet_27/mp4/File_012_G5Bullet_27_F4E2C678D10D_2024-09-15_13_0.mp4...
2024-09-16 14:52:25,823 - Module(data_preprocessing):Line(124) INFO - Error: Could not open video.
2024-09-16 14:52:25,824 - Module(main):Line(91) INFO - Enhance frames...
2024-09-16 14:52:25,824 - Module(camera):Line(43) INFO - Grouping files in sets...
2024-09-16 14:52:25,824 - Module(camera):Line(48) INFO - Moving files to staging directory...
2024-09-16 14:52:25,825 - Module(camera):Line(52) INFO - Keeping every third file and removing the others...
2024-09-16 14:52:25,825 - Module(main):Line(72) INFO - Processing file /mnt/geosense/cameras/G5Bullet_27/mp4/File_013_G5Bullet_27_F4E2C678D10D_2024-09-15_14_0.mp4...
2024-09-16 14:52:25,825 - Module(data_preprocessing):Line(124) INFO - Error: Could not open video.
2024-09-16 14:52:25,825 - Module(main):Line(91) INFO - Enhance frames...
2024-09-16 14:52:25,826 - Module(camera):Line(43) INFO - Grouping files in sets...
2024-09-16 14:52:25,826 - Module(camera):Line(48) INFO - Moving files to staging directory...
2024-09-16 14:52:25,826 - Module(camera):Line(52) INFO - Keeping every third file and removing the others...
2024-09-16 14:52:25,826 - Module(main):Line(72) INFO - Processing file /mnt/geosense/cameras/G5Bullet_27/mp4/File_014_G5Bullet_27_F4E2C678D10D_2024-09-15_15_0.mp4...
2024-09-16 14:52:25,827 - Module(data_preprocessing):Line(124) INFO - Error: Could not open video.
2024-09-16 14:52:25,827 - Module(main):Line(91) INFO - Enhance frames...
2024-09-16 14:52:25,827 - Module(camera):Line(43) INFO - Grouping files in sets...
2024-09-16 14:52:25,827 - Module(camera):Line(48) INFO - Moving files to staging directory...
2024-09-16 14:52:25,827 - Module(camera):Line(52) INFO - Keeping every third file and removing the others...
2024-09-16 14:52:25,828 - Module(main):Line(72) INFO - Processing file /mnt/geosense/cameras/G5Bullet_27/mp4/File_015_G5Bullet_27_F4E2C678D10D_2024-09-15_16_0.mp4...
2024-09-16 14:52:25,828 - Module(data_preprocessing):Line(124) INFO - Error: Could not open video.
2024-09-16 14:52:25,828 - Module(main):Line(91) INFO - Enhance frames...
2024-09-16 14:52:25,828 - Module(camera):Line(43) INFO - Grouping files in sets...
2024-09-16 14:52:25,828 - Module(camera):Line(48) INFO - Moving files to staging directory...
2024-09-16 14:52:25,828 - Module(camera):Line(52) INFO - Keeping every third file and removing the others...
2024-09-16 14:52:25,829 - Module(main):Line(72) INFO - Processing file /mnt/geosense/cameras/G5Bullet_27/mp4/File_016_G5Bullet_27_F4E2C678D10D_2024-09-15_17_0.mp4...
2024-09-16 14:52:25,829 - Module(data_preprocessing):Line(124) INFO - Error: Could not open video.
2024-09-16 14:52:25,829 - Module(main):Line(91) INFO - Enhance frames...
2024-09-16 14:52:25,829 - Module(camera):Line(43) INFO - Grouping files in sets...
2024-09-16 14:52:25,830 - Module(camera):Line(48) INFO - Moving files to staging directory...
2024-09-16 14:52:25,830 - Module(camera):Line(52) INFO - Keeping every third file and removing the others...
2024-09-16 14:52:25,830 - Module(main):Line(72) INFO - Processing file /mnt/geosense/cameras/G5Bullet_27/mp4/File_017_G5Bullet_27_F4E2C678D10D_2024-09-15_18_0.mp4...
2024-09-16 14:52:25,830 - Module(data_preprocessing):Line(124) INFO - Error: Could not open video.
2024-09-16 14:52:25,831 - Module(main):Line(91) INFO - Enhance frames...
2024-09-16 14:52:25,831 - Module(camera):Line(43) INFO - Grouping files in sets...
2024-09-16 14:52:25,831 - Module(camera):Line(48) INFO - Moving files to staging directory...
2024-09-16 14:52:25,831 - Module(camera):Line(52) INFO - Keeping every third file and removing the others...
2024-09-16 14:52:25,832 - Module(main):Line(72) INFO - Processing file /mnt/geosense/cameras/G5Bullet_27/mp4/File_018_G5Bullet_27_F4E2C678D10D_2024-09-15_19_0.mp4...
2024-09-16 14:52:25,832 - Module(data_preprocessing):Line(124) INFO - Error: Could not open video.
2024-09-16 14:52:25,832 - Module(main):Line(91) INFO - Enhance frames...
2024-09-16 14:52:25,832 - Module(camera):Line(43) INFO - Grouping files in sets...
2024-09-16 14:52:25,833 - Module(camera):Line(48) INFO - Moving files to staging directory...
2024-09-16 14:52:25,833 - Module(camera):Line(52) INFO - Keeping every third file and removing the others...
2024-09-16 14:52:25,833 - Module(main):Line(72) INFO - Processing file /mnt/geosense/cameras/G5Bullet_27/mp4/File_019_G5Bullet_27_F4E2C678D10D_2024-09-15_20_0.mp4...
2024-09-16 14:52:25,834 - Module(data_preprocessing):Line(124) INFO - Error: Could not open video.
2024-09-16 14:52:25,834 - Module(main):Line(91) INFO - Enhance frames...
2024-09-16 14:52:25,834 - Module(camera):Line(43) INFO - Grouping files in sets...
2024-09-16 14:52:25,834 - Module(camera):Line(48) INFO - Moving files to staging directory...
2024-09-16 14:52:25,834 - Module(camera):Line(52) INFO - Keeping every third file and removing the others...
2024-09-16 14:52:25,834 - Module(main):Line(72) INFO - Processing file /mnt/geosense/cameras/G5Bullet_27/mp4/File_020_G5Bullet_27_F4E2C678D10D_2024-09-15_21_0.mp4...
2024-09-16 14:52:25,835 - Module(data_preprocessing):Line(124) INFO - Error: Could not open video.
2024-09-16 14:52:25,835 - Module(main):Line(91) INFO - Enhance frames...
2024-09-16 14:52:25,835 - Module(camera):Line(43) INFO - Grouping files in sets...
2024-09-16 14:52:25,835 - Module(camera):Line(48) INFO - Moving files to staging directory...
2024-09-16 14:52:25,835 - Module(camera):Line(52) INFO - Keeping every third file and removing the others...
2024-09-16 14:52:25,835 - Module(main):Line(72) INFO - Processing file /mnt/geosense/cameras/G5Bullet_27/mp4/File_021_G5Bullet_27_F4E2C678D10D_2024-09-15_22_0.mp4...
2024-09-16 14:52:25,836 - Module(data_preprocessing):Line(124) INFO - Error: Could not open video.
2024-09-16 14:52:25,836 - Module(main):Line(91) INFO - Enhance frames...
2024-09-16 14:52:25,836 - Module(camera):Line(43) INFO - Grouping files in sets...
2024-09-16 14:52:25,836 - Module(camera):Line(48) INFO - Moving files to staging directory...
2024-09-16 14:52:25,837 - Module(camera):Line(52) INFO - Keeping every third file and removing the others...
2024-09-16 14:52:25,837 - Module(main):Line(72) INFO - Processing file /mnt/geosense/cameras/G5Bullet_27/mp4/File_022_G5Bullet_27_F4E2C678D10D_2024-09-15_23_0.mp4...
2024-09-16 14:52:25,837 - Module(data_preprocessing):Line(124) INFO - Error: Could not open video.
2024-09-16 14:52:25,838 - Module(main):Line(91) INFO - Enhance frames...
2024-09-16 14:52:25,838 - Module(camera):Line(43) INFO - Grouping files in sets...
2024-09-16 14:52:25,838 - Module(camera):Line(48) INFO - Moving files to staging directory...
2024-09-16 14:52:25,838 - Module(camera):Line(52) INFO - Keeping every third file and removing the others...
2024-09-16 14:52:25,839 - Module(main):Line(72) INFO - Processing file /mnt/geosense/cameras/G5Bullet_27/mp4/File_023_G5Bullet_27_F4E2C678D10D_2024-09-15_24_0.mp4...
2024-09-16 14:52:25,839 - Module(data_preprocessing):Line(124) INFO - Error: Could not open video.
2024-09-16 14:52:25,839 - Module(main):Line(91) INFO - Enhance frames...
2024-09-16 14:52:25,839 - Module(camera):Line(43) INFO - Grouping files in sets...
2024-09-16 14:52:25,840 - Module(camera):Line(48) INFO - Moving files to staging directory...
2024-09-16 14:52:25,840 - Module(camera):Line(52) INFO - Keeping every third file and removing the others...
2024-09-16 14:52:25,840 - Module(main):Line(72) INFO - Processing file /mnt/geosense/cameras/G5Bullet_27/mp4/File_024_G5Bullet_27_F4E2C678D10D_2024-09-15_25_0.mp4...
2024-09-16 14:52:25,840 - Module(data_preprocessing):Line(124) INFO - Error: Could not open video.
2024-09-16 14:52:25,841 - Module(main):Line(91) INFO - Enhance frames...
2024-09-16 14:52:25,841 - Module(camera):Line(43) INFO - Grouping files in sets...
2024-09-16 14:52:25,841 - Module(camera):Line(48) INFO - Moving files to staging directory...
2024-09-16 14:52:25,841 - Module(camera):Line(52) INFO - Keeping every third file and removing the others...
2024-09-16 14:52:25,841 - Module(main):Line(72) INFO - Processing file /mnt/geosense/cameras/G5Bullet_27/mp4/File_025_G5Bullet_27_F4E2C678D10D_2024-09-15_26_0.mp4...
2024-09-16 14:52:25,841 - Module(data_preprocessing):Line(124) INFO - Error: Could not open video.
2024-09-16 14:52:25,842 - Module(main):Line(91) INFO - Enhance frames...
2024-09-16 14:52:25,842 - Module(camera):Line(43) INFO - Grouping files in sets...
2024-09-16 14:52:25,842 - Module(camera):Line(48) INFO - Moving files to staging directory...
2024-09-16 14:52:25,842 - Module(camera):Line(52) INFO - Keeping every third file and removing the others...
2024-09-16 14:52:25,842 - Module(main):Line(72) INFO - Processing file /mnt/geosense/cameras/G5Bullet_27/mp4/File_026_G5Bullet_27_F4E2C678D10D_2024-09-15_27_0.mp4...
2024-09-16 14:52:25,842 - Module(data_preprocessing):Line(124) INFO - Error: Could not open video.
2024-09-16 14:52:25,843 - Module(main):Line(91) INFO - Enhance frames...
2024-09-16 14:52:25,843 - Module(camera):Line(43) INFO - Grouping files in sets...
2024-09-16 14:52:25,843 - Module(camera):Line(48) INFO - Moving files to staging directory...
2024-09-16 14:52:25,843 - Module(camera):Line(52) INFO - Keeping every third file and removing the others...
2024-09-16 14:52:25,844 - Module(main):Line(72) INFO - Processing file /mnt/geosense/cameras/G5Bullet_27/mp4/File_027_G5Bullet_27_F4E2C678D10D_2024-09-15_28_0.mp4...
2024-09-16 14:52:25,844 - Module(data_preprocessing):Line(124) INFO - Error: Could not open video.
2024-09-16 14:52:25,844 - Module(main):Line(91) INFO - Enhance frames...
2024-09-16 14:52:25,844 - Module(camera):Line(43) INFO - Grouping files in sets...
2024-09-16 14:52:25,845 - Module(camera):Line(48) INFO - Moving files to staging directory...
2024-09-16 14:52:25,845 - Module(camera):Line(52) INFO - Keeping every third file and removing the others...
2024-09-16 14:52:25,845 - Module(main):Line(72) INFO - Processing file /mnt/geosense/cameras/G5Bullet_27/mp4/File_028_G5Bullet_27_F4E2C678D10D_2024-09-15_29_0.mp4...
2024-09-16 14:52:25,845 - Module(data_preprocessing):Line(124) INFO - Error: Could not open video.
2024-09-16 14:52:25,846 - Module(main):Line(91) INFO - Enhance frames...
2024-09-16 14:52:25,846 - Module(camera):Line(43) INFO - Grouping files in sets...
2024-09-16 14:52:25,846 - Module(camera):Line(48) INFO - Moving files to staging directory...
2024-09-16 14:52:25,847 - Module(camera):Line(52) INFO - Keeping every third file and removing the others...
2024-09-16 14:52:25,847 - Module(main):Line(72) INFO - Processing file /mnt/geosense/cameras/G5Bullet_27/mp4/File_029_G5Bullet_27_F4E2C678D10D_2024-09-15_30_0.mp4...
2024-09-16 14:52:25,847 - Module(data_preprocessing):Line(124) INFO - Error: Could not open video.
2024-09-16 14:52:25,847 - Module(main):Line(91) INFO - Enhance frames...
2024-09-16 14:52:25,848 - Module(camera):Line(43) INFO - Grouping files in sets...
2024-09-16 14:52:25,848 - Module(camera):Line(48) INFO - Moving files to staging directory...
2024-09-16 14:52:25,848 - Module(camera):Line(52) INFO - Keeping every third file and removing the others...
2024-09-16 14:52:25,848 - Module(main):Line(72) INFO - Processing file /mnt/geosense/cameras/G5Bullet_27/mp4/File_030_G5Bullet_27_F4E2C678D10D_2024-09-15_31_0.mp4...
2024-09-16 14:52:25,849 - Module(data_preprocessing):Line(124) INFO - Error: Could not open video.
2024-09-16 14:52:25,849 - Module(main):Line(91) INFO - Enhance frames...
2024-09-16 14:52:25,849 - Module(camera):Line(43) INFO - Grouping files in sets...
2024-09-16 14:52:25,849 - Module(camera):Line(48) INFO - Moving files to staging directory...
2024-09-16 14:52:25,849 - Module(camera):Line(52) INFO - Keeping every third file and removing the others...
2024-09-16 14:52:25,849 - Module(main):Line(72) INFO - Processing file /mnt/geosense/cameras/G5Bullet_27/mp4/File_031_G5Bullet_27_F4E2C678D10D_2024-09-15_32_0.mp4...
2024-09-16 14:52:25,850 - Module(data_preprocessing):Line(124) INFO - Error: Could not open video.
2024-09-16 14:52:25,850 - Module(main):Line(91) INFO - Enhance frames...
2024-09-16 14:52:25,850 - Module(camera):Line(43) INFO - Grouping files in sets...
2024-09-16 14:52:25,850 - Module(camera):Line(48) INFO - Moving files to staging directory...
2024-09-16 14:52:25,851 - Module(camera):Line(52) INFO - Keeping every third file and removing the others...
2024-09-16 14:52:25,851 - Module(main):Line(72) INFO - Processing file /mnt/geosense/cameras/G5Bullet_27/mp4/File_032_G5Bullet_27_F4E2C678D10D_2024-09-15_33_0.mp4...
2024-09-16 14:52:25,851 - Module(data_preprocessing):Line(124) INFO - Error: Could not open video.
2024-09-16 14:52:25,851 - Module(main):Line(91) INFO - Enhance frames...
2024-09-16 14:52:25,852 - Module(camera):Line(43) INFO - Grouping files in sets...
2024-09-16 14:52:25,852 - Module(camera):Line(48) INFO - Moving files to staging directory...
2024-09-16 14:52:25,852 - Module(camera):Line(52) INFO - Keeping every third file and removing the others...
2024-09-16 14:52:25,852 - Module(main):Line(72) INFO - Processing file /mnt/geosense/cameras/G5Bullet_27/mp4/File_033_G5Bullet_27_F4E2C678D10D_2024-09-15_34_0.mp4...
2024-09-16 14:52:25,852 - Module(data_preprocessing):Line(124) INFO - Error: Could not open video.
2024-09-16 14:52:25,853 - Module(main):Line(91) INFO - Enhance frames...
2024-09-16 14:52:25,853 - Module(camera):Line(43) INFO - Grouping files in sets...
2024-09-16 14:52:25,853 - Module(camera):Line(48) INFO - Moving files to staging directory...
2024-09-16 14:52:25,853 - Module(camera):Line(52) INFO - Keeping every third file and removing the others...
2024-09-16 14:52:25,854 - Module(main):Line(72) INFO - Processing file /mnt/geosense/cameras/G5Bullet_27/mp4/File_034_G5Bullet_27_F4E2C678D10D_2024-09-15_35_0.mp4...
2024-09-16 14:52:25,854 - Module(data_preprocessing):Line(124) INFO - Error: Could not open video.
2024-09-16 14:52:25,854 - Module(main):Line(91) INFO - Enhance frames...
2024-09-16 14:52:25,855 - Module(camera):Line(43) INFO - Grouping files in sets...
2024-09-16 14:52:25,855 - Module(camera):Line(48) INFO - Moving files to staging directory...
2024-09-16 14:52:25,855 - Module(camera):Line(52) INFO - Keeping every third file and removing the others...
2024-09-16 14:52:25,855 - Module(main):Line(72) INFO - Processing file /mnt/geosense/cameras/G5Bullet_27/mp4/File_035_G5Bullet_27_F4E2C678D10D_2024-09-15_36_0.mp4...
2024-09-16 14:52:25,855 - Module(data_preprocessing):Line(124) INFO - Error: Could not open video.
2024-09-16 14:52:25,856 - Module(main):Line(91) INFO - Enhance frames...
2024-09-16 14:52:25,856 - Module(camera):Line(43) INFO - Grouping files in sets...
2024-09-16 14:52:25,856 - Module(camera):Line(48) INFO - Moving files to staging directory...
2024-09-16 14:52:25,856 - Module(camera):Line(52) INFO - Keeping every third file and removing the others...
2024-09-16 14:52:25,856 - Module(main):Line(72) INFO - Processing file /mnt/geosense/cameras/G5Bullet_27/mp4/File_036_G5Bullet_27_F4E2C678D10D_2024-09-15_37_0.mp4...
2024-09-16 14:52:25,857 - Module(data_preprocessing):Line(124) INFO - Error: Could not open video.
2024-09-16 14:52:25,857 - Module(main):Line(91) INFO - Enhance frames...
2024-09-16 14:52:25,857 - Module(camera):Line(43) INFO - Grouping files in sets...
2024-09-16 14:52:25,857 - Module(camera):Line(48) INFO - Moving files to staging directory...
2024-09-16 14:52:25,858 - Module(camera):Line(52) INFO - Keeping every third file and removing the others...
2024-09-16 14:52:25,858 - Module(main):Line(72) INFO - Processing file /mnt/geosense/cameras/G5Bullet_27/mp4/File_037_G5Bullet_27_F4E2C678D10D_2024-09-15_38_0.mp4...
2024-09-16 14:52:25,858 - Module(data_preprocessing):Line(124) INFO - Error: Could not open video.
2024-09-16 14:52:25,858 - Module(main):Line(91) INFO - Enhance frames...
2024-09-16 14:52:25,859 - Module(camera):Line(43) INFO - Grouping files in sets...
2024-09-16 14:52:25,859 - Module(camera):Line(48) INFO - Moving files to staging directory...
2024-09-16 14:52:25,859 - Module(camera):Line(52) INFO - Keeping every third file and removing the others...
2024-09-16 14:52:25,860 - Module(main):Line(72) INFO - Processing file /mnt/geosense/cameras/G5Bullet_27/mp4/File_038_G5Bullet_27_F4E2C678D10D_2024-09-15_39_0.mp4...
2024-09-16 14:52:25,860 - Module(data_preprocessing):Line(124) INFO - Error: Could not open video.
2024-09-16 14:52:25,860 - Module(main):Line(91) INFO - Enhance frames...
2024-09-16 14:52:25,860 - Module(camera):Line(43) INFO - Grouping files in sets...
2024-09-16 14:52:25,861 - Module(camera):Line(48) INFO - Moving files to staging directory...
2024-09-16 14:52:25,861 - Module(camera):Line(52) INFO - Keeping every third file and removing the others...
2024-09-16 14:52:25,861 - Module(main):Line(72) INFO - Processing file /mnt/geosense/cameras/G5Bullet_27/mp4/File_039_G5Bullet_27_F4E2C678D10D_2024-09-15_40_0.mp4...
2024-09-16 14:52:25,861 - Module(data_preprocessing):Line(124) INFO - Error: Could not open video.
2024-09-16 14:52:25,861 - Module(main):Line(91) INFO - Enhance frames...
2024-09-16 14:52:25,861 - Module(camera):Line(43) INFO - Grouping files in sets...
2024-09-16 14:52:25,862 - Module(camera):Line(48) INFO - Moving files to staging directory...
2024-09-16 14:52:25,862 - Module(camera):Line(52) INFO - Keeping every third file and removing the others...
2024-09-16 14:52:25,862 - Module(main):Line(72) INFO - Processing file /mnt/geosense/cameras/G5Bullet_27/mp4/File_040_G5Bullet_27_F4E2C678D10D_2024-09-15_41_0.mp4...
2024-09-16 14:52:25,863 - Module(data_preprocessing):Line(124) INFO - Error: Could not open video.
2024-09-16 14:52:25,863 - Module(main):Line(91) INFO - Enhance frames...
2024-09-16 14:52:25,863 - Module(camera):Line(43) INFO - Grouping files in sets...
2024-09-16 14:52:25,863 - Module(camera):Line(48) INFO - Moving files to staging directory...
2024-09-16 14:52:25,864 - Module(camera):Line(52) INFO - Keeping every third file and removing the others...
2024-09-16 14:52:25,864 - Module(main):Line(72) INFO - Processing file /mnt/geosense/cameras/G5Bullet_27/mp4/File_041_G5Bullet_27_F4E2C678D10D_2024-09-15_42_0.mp4...
2024-09-16 14:52:25,864 - Module(data_preprocessing):Line(124) INFO - Error: Could not open video.
2024-09-16 14:52:25,864 - Module(main):Line(91) INFO - Enhance frames...
2024-09-16 14:52:25,865 - Module(camera):Line(43) INFO - Grouping files in sets...
2024-09-16 14:52:25,865 - Module(camera):Line(48) INFO - Moving files to staging directory...
2024-09-16 14:52:25,865 - Module(camera):Line(52) INFO - Keeping every third file and removing the others...
2024-09-16 14:52:25,865 - Module(main):Line(99) INFO - Generate video...
2024-09-16 14:52:25,865 - Module(main):Line(102) INFO - Exporting video to /mnt/geosense/cameras/G5Bullet_27/video_timelapse_export/G5Bullet_27_2024-09-15_fr30.mp4...
2024-09-16 14:52:25,875 - Module(data_preprocessing):Line(132) INFO - Frame rate: 29.999758287296206
2024-09-16 14:52:25,875 - Module(data_preprocessing):Line(133) INFO - Extracting frames from video '/mnt/geosense/cameras/G5Bullet_27/mp4/File_001_File_001_G5Bullet_27_F4E2C678D10D_2024-09-15_2_0.mp4'...
2024-09-16 14:52:26,004 - Module(data_preprocessing):Line(169) INFO - Extracting frame 21...
2024-09-16 14:52:26,005 - Module(data_preprocessing):Line(173) INFO - Frame number internal: 3599
2024-09-16 14:52:27,619 - Module(data_preprocessing):Line(169) INFO - Extracting frame 22...
2024-09-16 14:52:27,619 - Module(data_preprocessing):Line(173) INFO - Frame number internal: 7198
2024-09-16 14:52:29,249 - Module(data_preprocessing):Line(169) INFO - Extracting frame 23...
2024-09-16 14:52:29,250 - Module(data_preprocessing):Line(173) INFO - Frame number internal: 10797
2024-09-16 14:52:30,907 - Module(data_preprocessing):Line(169) INFO - Extracting frame 24...
2024-09-16 14:52:30,908 - Module(data_preprocessing):Line(173) INFO - Frame number internal: 14396
2024-09-16 14:52:32,465 - Module(data_preprocessing):Line(169) INFO - Extracting frame 25...
2024-09-16 14:52:32,468 - Module(data_preprocessing):Line(173) INFO - Frame number internal: 17995
2024-09-16 14:52:33,860 - Module(data_preprocessing):Line(169) INFO - Extracting frame 26...
2024-09-16 14:52:33,860 - Module(data_preprocessing):Line(173) INFO - Frame number internal: 21594
2024-09-16 14:52:35,262 - Module(data_preprocessing):Line(169) INFO - Extracting frame 27...
2024-09-16 14:52:35,263 - Module(data_preprocessing):Line(173) INFO - Frame number internal: 25193
2024-09-16 14:52:36,467 - Module(main):Line(111) INFO - Transfering video to Pylos: /mnt/gsdata/projects/ecosense/AngleCam2_0/data/raw_videos/G5Bullet_27/2024/09/15
2024-09-16 14:52:36,566 - Module(data_preprocessing):Line(169) INFO - Extracting frame 28...
2024-09-16 14:52:36,566 - Module(data_preprocessing):Line(173) INFO - Frame number internal: 28792
2024-09-16 14:52:37,360 - Module(data_preprocessing):Line(169) INFO - Extracting frame 29...
2024-09-16 14:52:37,360 - Module(data_preprocessing):Line(173) INFO - Frame number internal: 32391
2024-09-16 14:52:38,037 - Module(data_preprocessing):Line(169) INFO - Extracting frame 30...
2024-09-16 14:52:38,037 - Module(data_preprocessing):Line(173) INFO - Frame number internal: 35990
2024-09-16 14:52:38,733 - Module(data_preprocessing):Line(169) INFO - Extracting frame 31...
2024-09-16 14:52:38,733 - Module(data_preprocessing):Line(173) INFO - Frame number internal: 39589
2024-09-16 14:52:39,441 - Module(data_preprocessing):Line(169) INFO - Extracting frame 32...
2024-09-16 14:52:39,441 - Module(data_preprocessing):Line(173) INFO - Frame number internal: 43188
2024-09-16 14:52:40,148 - Module(data_preprocessing):Line(169) INFO - Extracting frame 33...
2024-09-16 14:52:40,149 - Module(data_preprocessing):Line(173) INFO - Frame number internal: 46787
2024-09-16 14:52:40,904 - Module(data_preprocessing):Line(169) INFO - Extracting frame 34...
2024-09-16 14:52:40,904 - Module(data_preprocessing):Line(173) INFO - Frame number internal: 50386
2024-09-16 14:52:41,535 - Module(data_preprocessing):Line(169) INFO - Extracting frame 35...
2024-09-16 14:52:41,535 - Module(data_preprocessing):Line(173) INFO - Frame number internal: 53985
2024-09-16 14:52:42,794 - Module(data_preprocessing):Line(169) INFO - Extracting frame 36...
2024-09-16 14:52:42,795 - Module(data_preprocessing):Line(173) INFO - Frame number internal: 57584
2024-09-16 14:52:43,656 - Module(main):Line(123) INFO - ::: Successful transfer of video to Pylos. :::
2024-09-16 14:52:43,656 - Module(logger):Line(76) INFO - --------------------------------------------------
2024-09-16 14:52:43,657 - Module(logger):Line(77) INFO - --------------------------------------------------
2024-09-16 14:52:44,159 - Module(data_preprocessing):Line(169) INFO - Extracting frame 37...
2024-09-16 14:52:44,159 - Module(data_preprocessing):Line(173) INFO - Frame number internal: 61183
2024-09-16 14:52:45,398 - Module(data_preprocessing):Line(169) INFO - Extracting frame 38...
2024-09-16 14:52:45,398 - Module(data_preprocessing):Line(173) INFO - Frame number internal: 64782
2024-09-16 14:52:46,736 - Module(data_preprocessing):Line(169) INFO - Extracting frame 39...
2024-09-16 14:52:46,737 - Module(data_preprocessing):Line(173) INFO - Frame number internal: 68381
2024-09-16 14:52:47,976 - Module(data_preprocessing):Line(169) INFO - Extracting frame 40...
2024-09-16 14:52:47,977 - Module(data_preprocessing):Line(173) INFO - Frame number internal: 71980
2024-09-16 14:52:48,993 - Module(data_preprocessing):Line(169) INFO - Extracting frame 41...
2024-09-16 14:52:48,993 - Module(data_preprocessing):Line(173) INFO - Frame number internal: 75579
2024-09-16 14:52:49,701 - Module(data_preprocessing):Line(169) INFO - Extracting frame 42...
2024-09-16 14:52:49,701 - Module(data_preprocessing):Line(173) INFO - Frame number internal: 79178
2024-09-16 14:52:49,701 - Module(data_preprocessing):Line(154) INFO - Break: frame_number_internal exceeds total number of frames.
2024-09-16 14:52:49,720 - Module(data_preprocessing):Line(176) INFO - All frames extracted.
2024-09-16 14:52:49,720 - Module(data_preprocessing):Line(177) INFO - Frame number: 21
2024-09-16 14:52:49,723 - Module(main):Line(91) INFO - Enhance frames...
2024-09-16 14:52:49,723 - Module(camera):Line(43) INFO - Grouping files in sets...
2024-09-16 14:52:49,725 - Module(camera):Line(48) INFO - Moving files to staging directory...
2024-09-16 14:52:49,727 - Module(camera):Line(52) INFO - Keeping every third file and removing the others...
2024-09-16 14:52:49,727 - Module(main):Line(72) INFO - Processing file /mnt/geosense/cameras/G5Bullet_27/mp4/File_002_File_002_G5Bullet_27_F4E2C678D10D_2024-09-15_3_0.mp4...
2024-09-16 14:52:49,735 - Module(data_preprocessing):Line(124) INFO - Error: Could not open video.
2024-09-16 14:52:49,735 - Module(main):Line(91) INFO - Enhance frames...
2024-09-16 14:52:49,735 - Module(camera):Line(43) INFO - Grouping files in sets...
2024-09-16 14:52:49,735 - Module(camera):Line(48) INFO - Moving files to staging directory...
2024-09-16 14:52:49,735 - Module(camera):Line(52) INFO - Keeping every third file and removing the others...
2024-09-16 14:52:49,736 - Module(main):Line(72) INFO - Processing file /mnt/geosense/cameras/G5Bullet_27/mp4/File_003_File_003_G5Bullet_27_F4E2C678D10D_2024-09-15_4_0.mp4...
2024-09-16 14:52:49,736 - Module(data_preprocessing):Line(124) INFO - Error: Could not open video.
2024-09-16 14:52:49,736 - Module(main):Line(91) INFO - Enhance frames...
2024-09-16 14:52:49,736 - Module(camera):Line(43) INFO - Grouping files in sets...
2024-09-16 14:52:49,736 - Module(camera):Line(48) INFO - Moving files to staging directory...
2024-09-16 14:52:49,737 - Module(camera):Line(52) INFO - Keeping every third file and removing the others...
2024-09-16 14:52:49,737 - Module(main):Line(72) INFO - Processing file /mnt/geosense/cameras/G5Bullet_27/mp4/File_004_File_004_G5Bullet_27_F4E2C678D10D_2024-09-15_5_0.mp4...
2024-09-16 14:52:49,737 - Module(data_preprocessing):Line(124) INFO - Error: Could not open video.
2024-09-16 14:52:49,737 - Module(main):Line(91) INFO - Enhance frames...
2024-09-16 14:52:49,737 - Module(camera):Line(43) INFO - Grouping files in sets...
2024-09-16 14:52:49,738 - Module(camera):Line(48) INFO - Moving files to staging directory...
2024-09-16 14:52:49,738 - Module(camera):Line(52) INFO - Keeping every third file and removing the others...
2024-09-16 14:52:49,738 - Module(main):Line(72) INFO - Processing file /mnt/geosense/cameras/G5Bullet_27/mp4/File_005_File_005_G5Bullet_27_F4E2C678D10D_2024-09-15_6_0.mp4...
2024-09-16 14:52:49,738 - Module(data_preprocessing):Line(124) INFO - Error: Could not open video.
2024-09-16 14:52:49,738 - Module(main):Line(91) INFO - Enhance frames...
2024-09-16 14:52:49,738 - Module(camera):Line(43) INFO - Grouping files in sets...
2024-09-16 14:52:49,739 - Module(camera):Line(48) INFO - Moving files to staging directory...
2024-09-16 14:52:49,739 - Module(camera):Line(52) INFO - Keeping every third file and removing the others...
2024-09-16 14:52:49,739 - Module(main):Line(72) INFO - Processing file /mnt/geosense/cameras/G5Bullet_27/mp4/File_006_File_006_G5Bullet_27_F4E2C678D10D_2024-09-15_7_0.mp4...
2024-09-16 14:52:49,739 - Module(data_preprocessing):Line(124) INFO - Error: Could not open video.
2024-09-16 14:52:49,739 - Module(main):Line(91) INFO - Enhance frames...
2024-09-16 14:52:49,739 - Module(camera):Line(43) INFO - Grouping files in sets...
2024-09-16 14:52:49,740 - Module(camera):Line(48) INFO - Moving files to staging directory...
2024-09-16 14:52:49,740 - Module(camera):Line(52) INFO - Keeping every third file and removing the others...
2024-09-16 14:52:49,740 - Module(main):Line(72) INFO - Processing file /mnt/geosense/cameras/G5Bullet_27/mp4/File_007_File_007_G5Bullet_27_F4E2C678D10D_2024-09-15_8_0.mp4...
2024-09-16 14:52:49,740 - Module(data_preprocessing):Line(124) INFO - Error: Could not open video.
2024-09-16 14:52:49,740 - Module(main):Line(91) INFO - Enhance frames...
2024-09-16 14:52:49,741 - Module(camera):Line(43) INFO - Grouping files in sets...
2024-09-16 14:52:49,741 - Module(camera):Line(48) INFO - Moving files to staging directory...
2024-09-16 14:52:49,741 - Module(camera):Line(52) INFO - Keeping every third file and removing the others...
2024-09-16 14:52:49,741 - Module(main):Line(72) INFO - Processing file /mnt/geosense/cameras/G5Bullet_27/mp4/File_008_File_008_G5Bullet_27_F4E2C678D10D_2024-09-15_9_0.mp4...
2024-09-16 14:52:49,742 - Module(data_preprocessing):Line(124) INFO - Error: Could not open video.
2024-09-16 14:52:49,742 - Module(main):Line(91) INFO - Enhance frames...
2024-09-16 14:52:49,742 - Module(camera):Line(43) INFO - Grouping files in sets...
2024-09-16 14:52:49,742 - Module(camera):Line(48) INFO - Moving files to staging directory...
2024-09-16 14:52:49,742 - Module(camera):Line(52) INFO - Keeping every third file and removing the others...
2024-09-16 14:52:49,743 - Module(main):Line(72) INFO - Processing file /mnt/geosense/cameras/G5Bullet_27/mp4/File_009_File_009_G5Bullet_27_F4E2C678D10D_2024-09-15_10_0.mp4...
2024-09-16 14:52:49,743 - Module(data_preprocessing):Line(124) INFO - Error: Could not open video.
2024-09-16 14:52:49,743 - Module(main):Line(91) INFO - Enhance frames...
2024-09-16 14:52:49,743 - Module(camera):Line(43) INFO - Grouping files in sets...
2024-09-16 14:52:49,743 - Module(camera):Line(48) INFO - Moving files to staging directory...
2024-09-16 14:52:49,743 - Module(camera):Line(52) INFO - Keeping every third file and removing the others...
2024-09-16 14:52:49,744 - Module(main):Line(72) INFO - Processing file /mnt/geosense/cameras/G5Bullet_27/mp4/File_010_File_010_G5Bullet_27_F4E2C678D10D_2024-09-15_11_0.mp4...
2024-09-16 14:52:49,744 - Module(data_preprocessing):Line(124) INFO - Error: Could not open video.
2024-09-16 14:52:49,744 - Module(main):Line(91) INFO - Enhance frames...
2024-09-16 14:52:49,744 - Module(camera):Line(43) INFO - Grouping files in sets...
2024-09-16 14:52:49,744 - Module(camera):Line(48) INFO - Moving files to staging directory...
2024-09-16 14:52:49,744 - Module(camera):Line(52) INFO - Keeping every third file and removing the others...
2024-09-16 14:52:49,745 - Module(main):Line(72) INFO - Processing file /mnt/geosense/cameras/G5Bullet_27/mp4/File_011_File_011_G5Bullet_27_F4E2C678D10D_2024-09-15_12_0.mp4...
2024-09-16 14:52:49,745 - Module(data_preprocessing):Line(124) INFO - Error: Could not open video.
2024-09-16 14:52:49,745 - Module(main):Line(91) INFO - Enhance frames...
2024-09-16 14:52:49,745 - Module(camera):Line(43) INFO - Grouping files in sets...
2024-09-16 14:52:49,745 - Module(camera):Line(48) INFO - Moving files to staging directory...
2024-09-16 14:52:49,745 - Module(camera):Line(52) INFO - Keeping every third file and removing the others...
2024-09-16 14:52:49,746 - Module(main):Line(72) INFO - Processing file /mnt/geosense/cameras/G5Bullet_27/mp4/File_012_File_012_G5Bullet_27_F4E2C678D10D_2024-09-15_13_0.mp4...
2024-09-16 14:52:49,746 - Module(data_preprocessing):Line(124) INFO - Error: Could not open video.
2024-09-16 14:52:49,746 - Module(main):Line(91) INFO - Enhance frames...
2024-09-16 14:52:49,746 - Module(camera):Line(43) INFO - Grouping files in sets...
2024-09-16 14:52:49,746 - Module(camera):Line(48) INFO - Moving files to staging directory...
2024-09-16 14:52:49,747 - Module(camera):Line(52) INFO - Keeping every third file and removing the others...
2024-09-16 14:52:49,747 - Module(main):Line(72) INFO - Processing file /mnt/geosense/cameras/G5Bullet_27/mp4/File_013_File_013_G5Bullet_27_F4E2C678D10D_2024-09-15_14_0.mp4...
2024-09-16 14:52:49,747 - Module(data_preprocessing):Line(124) INFO - Error: Could not open video.
2024-09-16 14:52:49,747 - Module(main):Line(91) INFO - Enhance frames...
2024-09-16 14:52:49,747 - Module(camera):Line(43) INFO - Grouping files in sets...
2024-09-16 14:52:49,747 - Module(camera):Line(48) INFO - Moving files to staging directory...
2024-09-16 14:52:49,748 - Module(camera):Line(52) INFO - Keeping every third file and removing the others...
2024-09-16 14:52:49,748 - Module(main):Line(72) INFO - Processing file /mnt/geosense/cameras/G5Bullet_27/mp4/File_014_File_014_G5Bullet_27_F4E2C678D10D_2024-09-15_15_0.mp4...
2024-09-16 14:52:49,748 - Module(data_preprocessing):Line(124) INFO - Error: Could not open video.
2024-09-16 14:52:49,748 - Module(main):Line(91) INFO - Enhance frames...
2024-09-16 14:52:49,748 - Module(camera):Line(43) INFO - Grouping files in sets...
2024-09-16 14:52:49,749 - Module(camera):Line(48) INFO - Moving files to staging directory...
2024-09-16 14:52:49,749 - Module(camera):Line(52) INFO - Keeping every third file and removing the others...
2024-09-16 14:52:49,749 - Module(main):Line(72) INFO - Processing file /mnt/geosense/cameras/G5Bullet_27/mp4/File_015_File_015_G5Bullet_27_F4E2C678D10D_2024-09-15_16_0.mp4...
2024-09-16 14:52:49,749 - Module(data_preprocessing):Line(124) INFO - Error: Could not open video.
2024-09-16 14:52:49,749 - Module(main):Line(91) INFO - Enhance frames...
2024-09-16 14:52:49,749 - Module(camera):Line(43) INFO - Grouping files in sets...
2024-09-16 14:52:49,749 - Module(camera):Line(48) INFO - Moving files to staging directory...
2024-09-16 14:52:49,750 - Module(camera):Line(52) INFO - Keeping every third file and removing the others...
2024-09-16 14:52:49,750 - Module(main):Line(72) INFO - Processing file /mnt/geosense/cameras/G5Bullet_27/mp4/File_016_File_016_G5Bullet_27_F4E2C678D10D_2024-09-15_17_0.mp4...
2024-09-16 14:52:49,750 - Module(data_preprocessing):Line(124) INFO - Error: Could not open video.
2024-09-16 14:52:49,750 - Module(main):Line(91) INFO - Enhance frames...
2024-09-16 14:52:49,750 - Module(camera):Line(43) INFO - Grouping files in sets...
2024-09-16 14:52:49,750 - Module(camera):Line(48) INFO - Moving files to staging directory...
2024-09-16 14:52:49,751 - Module(camera):Line(52) INFO - Keeping every third file and removing the others...
2024-09-16 14:52:49,751 - Module(main):Line(72) INFO - Processing file /mnt/geosense/cameras/G5Bullet_27/mp4/File_017_File_017_G5Bullet_27_F4E2C678D10D_2024-09-15_18_0.mp4...
2024-09-16 14:52:49,751 - Module(data_preprocessing):Line(124) INFO - Error: Could not open video.
2024-09-16 14:52:49,751 - Module(main):Line(91) INFO - Enhance frames...
2024-09-16 14:52:49,751 - Module(camera):Line(43) INFO - Grouping files in sets...
2024-09-16 14:52:49,752 - Module(camera):Line(48) INFO - Moving files to staging directory...
2024-09-16 14:52:49,752 - Module(camera):Line(52) INFO - Keeping every third file and removing the others...
2024-09-16 14:52:49,752 - Module(main):Line(72) INFO - Processing file /mnt/geosense/cameras/G5Bullet_27/mp4/File_018_File_018_G5Bullet_27_F4E2C678D10D_2024-09-15_19_0.mp4...
2024-09-16 14:52:49,752 - Module(data_preprocessing):Line(124) INFO - Error: Could not open video.
2024-09-16 14:52:49,752 - Module(main):Line(91) INFO - Enhance frames...
2024-09-16 14:52:49,752 - Module(camera):Line(43) INFO - Grouping files in sets...
2024-09-16 14:52:49,753 - Module(camera):Line(48) INFO - Moving files to staging directory...
2024-09-16 14:52:49,753 - Module(camera):Line(52) INFO - Keeping every third file and removing the others...
2024-09-16 14:52:49,753 - Module(main):Line(72) INFO - Processing file /mnt/geosense/cameras/G5Bullet_27/mp4/File_019_File_019_G5Bullet_27_F4E2C678D10D_2024-09-15_20_0.mp4...
2024-09-16 14:52:49,753 - Module(data_preprocessing):Line(124) INFO - Error: Could not open video.
2024-09-16 14:52:49,753 - Module(main):Line(91) INFO - Enhance frames...
2024-09-16 14:52:49,753 - Module(camera):Line(43) INFO - Grouping files in sets...
2024-09-16 14:52:49,754 - Module(camera):Line(48) INFO - Moving files to staging directory...
2024-09-16 14:52:49,754 - Module(camera):Line(52) INFO - Keeping every third file and removing the others...
2024-09-16 14:52:49,754 - Module(main):Line(72) INFO - Processing file /mnt/geosense/cameras/G5Bullet_27/mp4/File_020_File_020_G5Bullet_27_F4E2C678D10D_2024-09-15_21_0.mp4...
2024-09-16 14:52:49,754 - Module(data_preprocessing):Line(124) INFO - Error: Could not open video.
2024-09-16 14:52:49,754 - Module(main):Line(91) INFO - Enhance frames...
2024-09-16 14:52:49,754 - Module(camera):Line(43) INFO - Grouping files in sets...
2024-09-16 14:52:49,754 - Module(camera):Line(48) INFO - Moving files to staging directory...
2024-09-16 14:52:49,755 - Module(camera):Line(52) INFO - Keeping every third file and removing the others...
2024-09-16 14:52:49,755 - Module(main):Line(72) INFO - Processing file /mnt/geosense/cameras/G5Bullet_27/mp4/File_021_File_021_G5Bullet_27_F4E2C678D10D_2024-09-15_22_0.mp4...
2024-09-16 14:52:49,755 - Module(data_preprocessing):Line(124) INFO - Error: Could not open video.
2024-09-16 14:52:49,755 - Module(main):Line(91) INFO - Enhance frames...
2024-09-16 14:52:49,755 - Module(camera):Line(43) INFO - Grouping files in sets...
2024-09-16 14:52:49,756 - Module(camera):Line(48) INFO - Moving files to staging directory...
2024-09-16 14:52:49,756 - Module(camera):Line(52) INFO - Keeping every third file and removing the others...
2024-09-16 14:52:49,756 - Module(main):Line(72) INFO - Processing file /mnt/geosense/cameras/G5Bullet_27/mp4/File_022_File_022_G5Bullet_27_F4E2C678D10D_2024-09-15_23_0.mp4...
2024-09-16 14:52:49,756 - Module(data_preprocessing):Line(124) INFO - Error: Could not open video.
2024-09-16 14:52:49,756 - Module(main):Line(91) INFO - Enhance frames...
2024-09-16 14:52:49,756 - Module(camera):Line(43) INFO - Grouping files in sets...
2024-09-16 14:52:49,756 - Module(camera):Line(48) INFO - Moving files to staging directory...
2024-09-16 14:52:49,757 - Module(camera):Line(52) INFO - Keeping every third file and removing the others...
2024-09-16 14:52:49,757 - Module(main):Line(72) INFO - Processing file /mnt/geosense/cameras/G5Bullet_27/mp4/File_023_File_023_G5Bullet_27_F4E2C678D10D_2024-09-15_24_0.mp4...
2024-09-16 14:52:49,757 - Module(data_preprocessing):Line(124) INFO - Error: Could not open video.
2024-09-16 14:52:49,757 - Module(main):Line(91) INFO - Enhance frames...
2024-09-16 14:52:49,757 - Module(camera):Line(43) INFO - Grouping files in sets...
2024-09-16 14:52:49,757 - Module(camera):Line(48) INFO - Moving files to staging directory...
2024-09-16 14:52:49,757 - Module(camera):Line(52) INFO - Keeping every third file and removing the others...
2024-09-16 14:52:49,758 - Module(main):Line(72) INFO - Processing file /mnt/geosense/cameras/G5Bullet_27/mp4/File_024_File_024_G5Bullet_27_F4E2C678D10D_2024-09-15_25_0.mp4...
2024-09-16 14:52:49,758 - Module(data_preprocessing):Line(124) INFO - Error: Could not open video.
2024-09-16 14:52:49,758 - Module(main):Line(91) INFO - Enhance frames...
2024-09-16 14:52:49,758 - Module(camera):Line(43) INFO - Grouping files in sets...
2024-09-16 14:52:49,758 - Module(camera):Line(48) INFO - Moving files to staging directory...
2024-09-16 14:52:49,758 - Module(camera):Line(52) INFO - Keeping every third file and removing the others...
2024-09-16 14:52:49,758 - Module(main):Line(72) INFO - Processing file /mnt/geosense/cameras/G5Bullet_27/mp4/File_025_File_025_G5Bullet_27_F4E2C678D10D_2024-09-15_26_0.mp4...
2024-09-16 14:52:49,759 - Module(data_preprocessing):Line(124) INFO - Error: Could not open video.
2024-09-16 14:52:49,759 - Module(main):Line(91) INFO - Enhance frames...
2024-09-16 14:52:49,759 - Module(camera):Line(43) INFO - Grouping files in sets...
2024-09-16 14:52:49,759 - Module(camera):Line(48) INFO - Moving files to staging directory...
2024-09-16 14:52:49,759 - Module(camera):Line(52) INFO - Keeping every third file and removing the others...
2024-09-16 14:52:49,759 - Module(main):Line(72) INFO - Processing file /mnt/geosense/cameras/G5Bullet_27/mp4/File_026_File_026_G5Bullet_27_F4E2C678D10D_2024-09-15_27_0.mp4...
2024-09-16 14:52:49,759 - Module(data_preprocessing):Line(124) INFO - Error: Could not open video.
2024-09-16 14:52:49,760 - Module(main):Line(91) INFO - Enhance frames...
2024-09-16 14:52:49,760 - Module(camera):Line(43) INFO - Grouping files in sets...
2024-09-16 14:52:49,760 - Module(camera):Line(48) INFO - Moving files to staging directory...
2024-09-16 14:52:49,760 - Module(camera):Line(52) INFO - Keeping every third file and removing the others...
2024-09-16 14:52:49,760 - Module(main):Line(72) INFO - Processing file /mnt/geosense/cameras/G5Bullet_27/mp4/File_027_File_027_G5Bullet_27_F4E2C678D10D_2024-09-15_28_0.mp4...
2024-09-16 14:52:49,760 - Module(data_preprocessing):Line(124) INFO - Error: Could not open video.
2024-09-16 14:52:49,760 - Module(main):Line(91) INFO - Enhance frames...
2024-09-16 14:52:49,761 - Module(camera):Line(43) INFO - Grouping files in sets...
2024-09-16 14:52:49,761 - Module(camera):Line(48) INFO - Moving files to staging directory...
2024-09-16 14:52:49,761 - Module(camera):Line(52) INFO - Keeping every third file and removing the others...
2024-09-16 14:52:49,761 - Module(main):Line(72) INFO - Processing file /mnt/geosense/cameras/G5Bullet_27/mp4/File_028_File_028_G5Bullet_27_F4E2C678D10D_2024-09-15_29_0.mp4...
2024-09-16 14:52:49,761 - Module(data_preprocessing):Line(124) INFO - Error: Could not open video.
2024-09-16 14:52:49,762 - Module(main):Line(91) INFO - Enhance frames...
2024-09-16 14:52:49,762 - Module(camera):Line(43) INFO - Grouping files in sets...
2024-09-16 14:52:49,762 - Module(camera):Line(48) INFO - Moving files to staging directory...
2024-09-16 14:52:49,762 - Module(camera):Line(52) INFO - Keeping every third file and removing the others...
2024-09-16 14:52:49,762 - Module(main):Line(72) INFO - Processing file /mnt/geosense/cameras/G5Bullet_27/mp4/File_029_File_029_G5Bullet_27_F4E2C678D10D_2024-09-15_30_0.mp4...
2024-09-16 14:52:49,762 - Module(data_preprocessing):Line(124) INFO - Error: Could not open video.
2024-09-16 14:52:49,763 - Module(main):Line(91) INFO - Enhance frames...
2024-09-16 14:52:49,763 - Module(camera):Line(43) INFO - Grouping files in sets...
2024-09-16 14:52:49,763 - Module(camera):Line(48) INFO - Moving files to staging directory...
2024-09-16 14:52:49,763 - Module(camera):Line(52) INFO - Keeping every third file and removing the others...
2024-09-16 14:52:49,763 - Module(main):Line(72) INFO - Processing file /mnt/geosense/cameras/G5Bullet_27/mp4/File_030_File_030_G5Bullet_27_F4E2C678D10D_2024-09-15_31_0.mp4...
2024-09-16 14:52:49,763 - Module(data_preprocessing):Line(124) INFO - Error: Could not open video.
2024-09-16 14:52:49,764 - Module(main):Line(91) INFO - Enhance frames...
2024-09-16 14:52:49,764 - Module(camera):Line(43) INFO - Grouping files in sets...
2024-09-16 14:52:49,764 - Module(camera):Line(48) INFO - Moving files to staging directory...
2024-09-16 14:52:49,764 - Module(camera):Line(52) INFO - Keeping every third file and removing the others...
2024-09-16 14:52:49,764 - Module(main):Line(72) INFO - Processing file /mnt/geosense/cameras/G5Bullet_27/mp4/File_031_File_031_G5Bullet_27_F4E2C678D10D_2024-09-15_32_0.mp4...
2024-09-16 14:52:49,764 - Module(data_preprocessing):Line(124) INFO - Error: Could not open video.
2024-09-16 14:52:49,765 - Module(main):Line(91) INFO - Enhance frames...
2024-09-16 14:52:49,765 - Module(camera):Line(43) INFO - Grouping files in sets...
2024-09-16 14:52:49,765 - Module(camera):Line(48) INFO - Moving files to staging directory...
2024-09-16 14:52:49,765 - Module(camera):Line(52) INFO - Keeping every third file and removing the others...
2024-09-16 14:52:49,765 - Module(main):Line(72) INFO - Processing file /mnt/geosense/cameras/G5Bullet_27/mp4/File_032_File_032_G5Bullet_27_F4E2C678D10D_2024-09-15_33_0.mp4...
2024-09-16 14:52:49,765 - Module(data_preprocessing):Line(124) INFO - Error: Could not open video.
2024-09-16 14:52:49,765 - Module(main):Line(91) INFO - Enhance frames...
2024-09-16 14:52:49,766 - Module(camera):Line(43) INFO - Grouping files in sets...
2024-09-16 14:52:49,766 - Module(camera):Line(48) INFO - Moving files to staging directory...
2024-09-16 14:52:49,766 - Module(camera):Line(52) INFO - Keeping every third file and removing the others...
2024-09-16 14:52:49,766 - Module(main):Line(72) INFO - Processing file /mnt/geosense/cameras/G5Bullet_27/mp4/File_033_File_033_G5Bullet_27_F4E2C678D10D_2024-09-15_34_0.mp4...
2024-09-16 14:52:49,766 - Module(data_preprocessing):Line(124) INFO - Error: Could not open video.
2024-09-16 14:52:49,766 - Module(main):Line(91) INFO - Enhance frames...
2024-09-16 14:52:49,766 - Module(camera):Line(43) INFO - Grouping files in sets...
2024-09-16 14:52:49,767 - Module(camera):Line(48) INFO - Moving files to staging directory...
2024-09-16 14:52:49,767 - Module(camera):Line(52) INFO - Keeping every third file and removing the others...
2024-09-16 14:52:49,767 - Module(main):Line(72) INFO - Processing file /mnt/geosense/cameras/G5Bullet_27/mp4/File_034_File_034_G5Bullet_27_F4E2C678D10D_2024-09-15_35_0.mp4...
2024-09-16 14:52:49,767 - Module(data_preprocessing):Line(124) INFO - Error: Could not open video.
2024-09-16 14:52:49,767 - Module(main):Line(91) INFO - Enhance frames...
2024-09-16 14:52:49,768 - Module(camera):Line(43) INFO - Grouping files in sets...
2024-09-16 14:52:49,768 - Module(camera):Line(48) INFO - Moving files to staging directory...
2024-09-16 14:52:49,768 - Module(camera):Line(52) INFO - Keeping every third file and removing the others...
2024-09-16 14:52:49,768 - Module(main):Line(72) INFO - Processing file /mnt/geosense/cameras/G5Bullet_27/mp4/File_035_File_035_G5Bullet_27_F4E2C678D10D_2024-09-15_36_0.mp4...
2024-09-16 14:52:49,769 - Module(data_preprocessing):Line(124) INFO - Error: Could not open video.
2024-09-16 14:52:49,769 - Module(main):Line(91) INFO - Enhance frames...
2024-09-16 14:52:49,769 - Module(camera):Line(43) INFO - Grouping files in sets...
2024-09-16 14:52:49,769 - Module(camera):Line(48) INFO - Moving files to staging directory...
2024-09-16 14:52:49,769 - Module(camera):Line(52) INFO - Keeping every third file and removing the others...
2024-09-16 14:52:49,769 - Module(main):Line(72) INFO - Processing file /mnt/geosense/cameras/G5Bullet_27/mp4/File_036_File_036_G5Bullet_27_F4E2C678D10D_2024-09-15_37_0.mp4...
2024-09-16 14:52:49,769 - Module(data_preprocessing):Line(124) INFO - Error: Could not open video.
2024-09-16 14:52:49,770 - Module(main):Line(91) INFO - Enhance frames...
2024-09-16 14:52:49,770 - Module(camera):Line(43) INFO - Grouping files in sets...
2024-09-16 14:52:49,770 - Module(camera):Line(48) INFO - Moving files to staging directory...
2024-09-16 14:52:49,770 - Module(camera):Line(52) INFO - Keeping every third file and removing the others...
2024-09-16 14:52:49,770 - Module(main):Line(72) INFO - Processing file /mnt/geosense/cameras/G5Bullet_27/mp4/File_037_File_037_G5Bullet_27_F4E2C678D10D_2024-09-15_38_0.mp4...
2024-09-16 14:52:49,770 - Module(data_preprocessing):Line(124) INFO - Error: Could not open video.
2024-09-16 14:52:49,771 - Module(main):Line(91) INFO - Enhance frames...
2024-09-16 14:52:49,771 - Module(camera):Line(43) INFO - Grouping files in sets...
2024-09-16 14:52:49,771 - Module(camera):Line(48) INFO - Moving files to staging directory...
2024-09-16 14:52:49,771 - Module(camera):Line(52) INFO - Keeping every third file and removing the others...
2024-09-16 14:52:49,771 - Module(main):Line(72) INFO - Processing file /mnt/geosense/cameras/G5Bullet_27/mp4/File_038_File_038_G5Bullet_27_F4E2C678D10D_2024-09-15_39_0.mp4...
2024-09-16 14:52:49,771 - Module(data_preprocessing):Line(124) INFO - Error: Could not open video.
2024-09-16 14:52:49,771 - Module(main):Line(91) INFO - Enhance frames...
2024-09-16 14:52:49,772 - Module(camera):Line(43) INFO - Grouping files in sets...
2024-09-16 14:52:49,772 - Module(camera):Line(48) INFO - Moving files to staging directory...
2024-09-16 14:52:49,772 - Module(camera):Line(52) INFO - Keeping every third file and removing the others...
2024-09-16 14:52:49,772 - Module(main):Line(72) INFO - Processing file /mnt/geosense/cameras/G5Bullet_27/mp4/File_039_File_039_G5Bullet_27_F4E2C678D10D_2024-09-15_40_0.mp4...
2024-09-16 14:52:49,772 - Module(data_preprocessing):Line(124) INFO - Error: Could not open video.
2024-09-16 14:52:49,773 - Module(main):Line(91) INFO - Enhance frames...
2024-09-16 14:52:49,773 - Module(camera):Line(43) INFO - Grouping files in sets...
2024-09-16 14:52:49,773 - Module(camera):Line(48) INFO - Moving files to staging directory...
2024-09-16 14:52:49,773 - Module(camera):Line(52) INFO - Keeping every third file and removing the others...
2024-09-16 14:52:49,773 - Module(main):Line(72) INFO - Processing file /mnt/geosense/cameras/G5Bullet_27/mp4/File_040_File_040_G5Bullet_27_F4E2C678D10D_2024-09-15_41_0.mp4...
2024-09-16 14:52:49,774 - Module(data_preprocessing):Line(124) INFO - Error: Could not open video.
2024-09-16 14:52:49,774 - Module(main):Line(91) INFO - Enhance frames...
2024-09-16 14:52:49,774 - Module(camera):Line(43) INFO - Grouping files in sets...
2024-09-16 14:52:49,774 - Module(camera):Line(48) INFO - Moving files to staging directory...
2024-09-16 14:52:49,774 - Module(camera):Line(52) INFO - Keeping every third file and removing the others...
2024-09-16 14:52:49,774 - Module(main):Line(72) INFO - Processing file /mnt/geosense/cameras/G5Bullet_27/mp4/File_041_File_041_G5Bullet_27_F4E2C678D10D_2024-09-15_42_0.mp4...
2024-09-16 14:52:49,775 - Module(data_preprocessing):Line(124) INFO - Error: Could not open video.
2024-09-16 14:52:49,775 - Module(main):Line(91) INFO - Enhance frames...
2024-09-16 14:52:49,775 - Module(camera):Line(43) INFO - Grouping files in sets...
2024-09-16 14:52:49,775 - Module(camera):Line(48) INFO - Moving files to staging directory...
2024-09-16 14:52:49,775 - Module(camera):Line(52) INFO - Keeping every third file and removing the others...
2024-09-16 14:52:49,776 - Module(main):Line(99) INFO - Generate video...
2024-09-16 14:52:49,776 - Module(main):Line(102) INFO - Exporting video to /mnt/geosense/cameras/G5Bullet_27/video_timelapse_export/G5Bullet_27_2024-09-15_fr30.mp4...
2024-09-16 14:52:55,633 - Module(main):Line(111) INFO - Transfering video to Pylos: /mnt/gsdata/projects/ecosense/AngleCam2_0/data/raw_videos/G5Bullet_27/2024/09/15
2024-09-16 14:52:58,466 - Module(main):Line(123) INFO - ::: Successful transfer of video to Pylos. :::
2024-09-16 14:52:58,467 - Module(logger):Line(76) INFO - --------------------------------------------------
2024-09-16 14:52:58,467 - Module(logger):Line(77) INFO - --------------------------------------------------
