2024-09-15 02:11:15,916 - Module(logger):Line(76) INFO - --------------------------------------------------
2024-09-15 02:11:15,916 - Module(logger):Line(77) INFO - --------------------------------------------------
2024-09-15 02:11:15,916 - Module(main):Line(56) INFO - ::: Processing camera G5Bullet_31 :::
2024-09-15 02:11:15,916 - Module(logger):Line(76) INFO - --------------------------------------------------
2024-09-15 02:11:15,916 - Module(logger):Line(77) INFO - --------------------------------------------------
2024-09-15 02:11:15,916 - Module(main):Line(59) INFO - Transfering data from NVR (/volume1/videos/2024-09-11/G5Bullet_31/*0.mp4) to VM (/mnt/geosense/cameras/G5Bullet_31/mp4)...
2024-09-15 02:20:04,923 - Module(main):Line(65) INFO - Extract frames...
2024-09-15 02:20:04,931 - Module(camera):Line(32) INFO - Renaming .mp4 files...
2024-09-15 02:20:04,931 - Module(camera):Line(38) INFO - Renamed /mnt/geosense/cameras/G5Bullet_31/mp4/G5Bullet_31_F4E2C678CB5A_2024-09-11_1_0.mp4 to /mnt/geosense/cameras/G5Bullet_31/mp4/File_000_G5Bullet_31_F4E2C678CB5A_2024-09-11_1_0.mp4
2024-09-15 02:20:04,931 - Module(camera):Line(38) INFO - Renamed /mnt/geosense/cameras/G5Bullet_31/mp4/G5Bullet_31_F4E2C678CB5A_2024-09-11_2_0.mp4 to /mnt/geosense/cameras/G5Bullet_31/mp4/File_001_G5Bullet_31_F4E2C678CB5A_2024-09-11_2_0.mp4
2024-09-15 02:20:04,931 - Module(camera):Line(38) INFO - Renamed /mnt/geosense/cameras/G5Bullet_31/mp4/G5Bullet_31_F4E2C678CB5A_2024-09-11_3_0.mp4 to /mnt/geosense/cameras/G5Bullet_31/mp4/File_002_G5Bullet_31_F4E2C678CB5A_2024-09-11_3_0.mp4
2024-09-15 02:20:04,931 - Module(camera):Line(38) INFO - Renamed /mnt/geosense/cameras/G5Bullet_31/mp4/G5Bullet_31_F4E2C678CB5A_2024-09-11_4_0.mp4 to /mnt/geosense/cameras/G5Bullet_31/mp4/File_003_G5Bullet_31_F4E2C678CB5A_2024-09-11_4_0.mp4
2024-09-15 02:20:04,931 - Module(camera):Line(38) INFO - Renamed /mnt/geosense/cameras/G5Bullet_31/mp4/G5Bullet_31_F4E2C678CB5A_2024-09-11_5_0.mp4 to /mnt/geosense/cameras/G5Bullet_31/mp4/File_004_G5Bullet_31_F4E2C678CB5A_2024-09-11_5_0.mp4
2024-09-15 02:20:04,931 - Module(camera):Line(38) INFO - Renamed /mnt/geosense/cameras/G5Bullet_31/mp4/G5Bullet_31_F4E2C678CB5A_2024-09-11_6_0.mp4 to /mnt/geosense/cameras/G5Bullet_31/mp4/File_005_G5Bullet_31_F4E2C678CB5A_2024-09-11_6_0.mp4
2024-09-15 02:20:04,932 - Module(camera):Line(38) INFO - Renamed /mnt/geosense/cameras/G5Bullet_31/mp4/G5Bullet_31_F4E2C678CB5A_2024-09-11_7_0.mp4 to /mnt/geosense/cameras/G5Bullet_31/mp4/File_006_G5Bullet_31_F4E2C678CB5A_2024-09-11_7_0.mp4
2024-09-15 02:20:04,932 - Module(camera):Line(38) INFO - Renamed /mnt/geosense/cameras/G5Bullet_31/mp4/G5Bullet_31_F4E2C678CB5A_2024-09-11_8_0.mp4 to /mnt/geosense/cameras/G5Bullet_31/mp4/File_007_G5Bullet_31_F4E2C678CB5A_2024-09-11_8_0.mp4
2024-09-15 02:20:04,932 - Module(camera):Line(38) INFO - Renamed /mnt/geosense/cameras/G5Bullet_31/mp4/G5Bullet_31_F4E2C678CB5A_2024-09-11_9_0.mp4 to /mnt/geosense/cameras/G5Bullet_31/mp4/File_008_G5Bullet_31_F4E2C678CB5A_2024-09-11_9_0.mp4
2024-09-15 02:20:04,932 - Module(camera):Line(38) INFO - Renamed /mnt/geosense/cameras/G5Bullet_31/mp4/G5Bullet_31_F4E2C678CB5A_2024-09-11_10_0.mp4 to /mnt/geosense/cameras/G5Bullet_31/mp4/File_009_G5Bullet_31_F4E2C678CB5A_2024-09-11_10_0.mp4
2024-09-15 02:20:04,932 - Module(camera):Line(38) INFO - Renamed /mnt/geosense/cameras/G5Bullet_31/mp4/G5Bullet_31_F4E2C678CB5A_2024-09-11_11_0.mp4 to /mnt/geosense/cameras/G5Bullet_31/mp4/File_010_G5Bullet_31_F4E2C678CB5A_2024-09-11_11_0.mp4
2024-09-15 02:20:04,932 - Module(camera):Line(38) INFO - Renamed /mnt/geosense/cameras/G5Bullet_31/mp4/G5Bullet_31_F4E2C678CB5A_2024-09-11_12_0.mp4 to /mnt/geosense/cameras/G5Bullet_31/mp4/File_011_G5Bullet_31_F4E2C678CB5A_2024-09-11_12_0.mp4
2024-09-15 02:20:04,932 - Module(camera):Line(38) INFO - Renamed /mnt/geosense/cameras/G5Bullet_31/mp4/G5Bullet_31_F4E2C678CB5A_2024-09-11_13_0.mp4 to /mnt/geosense/cameras/G5Bullet_31/mp4/File_012_G5Bullet_31_F4E2C678CB5A_2024-09-11_13_0.mp4
2024-09-15 02:20:04,932 - Module(camera):Line(38) INFO - Renamed /mnt/geosense/cameras/G5Bullet_31/mp4/G5Bullet_31_F4E2C678CB5A_2024-09-11_14_0.mp4 to /mnt/geosense/cameras/G5Bullet_31/mp4/File_013_G5Bullet_31_F4E2C678CB5A_2024-09-11_14_0.mp4
2024-09-15 02:20:04,932 - Module(camera):Line(38) INFO - Renamed /mnt/geosense/cameras/G5Bullet_31/mp4/G5Bullet_31_F4E2C678CB5A_2024-09-11_15_0.mp4 to /mnt/geosense/cameras/G5Bullet_31/mp4/File_014_G5Bullet_31_F4E2C678CB5A_2024-09-11_15_0.mp4
2024-09-15 02:20:04,932 - Module(camera):Line(38) INFO - Renamed /mnt/geosense/cameras/G5Bullet_31/mp4/G5Bullet_31_F4E2C678CB5A_2024-09-11_16_0.mp4 to /mnt/geosense/cameras/G5Bullet_31/mp4/File_015_G5Bullet_31_F4E2C678CB5A_2024-09-11_16_0.mp4
2024-09-15 02:20:04,932 - Module(camera):Line(38) INFO - Renamed /mnt/geosense/cameras/G5Bullet_31/mp4/G5Bullet_31_F4E2C678CB5A_2024-09-11_17_0.mp4 to /mnt/geosense/cameras/G5Bullet_31/mp4/File_016_G5Bullet_31_F4E2C678CB5A_2024-09-11_17_0.mp4
2024-09-15 02:20:04,932 - Module(camera):Line(38) INFO - Renamed /mnt/geosense/cameras/G5Bullet_31/mp4/G5Bullet_31_F4E2C678CB5A_2024-09-11_18_0.mp4 to /mnt/geosense/cameras/G5Bullet_31/mp4/File_017_G5Bullet_31_F4E2C678CB5A_2024-09-11_18_0.mp4
2024-09-15 02:20:04,932 - Module(camera):Line(38) INFO - Renamed /mnt/geosense/cameras/G5Bullet_31/mp4/G5Bullet_31_F4E2C678CB5A_2024-09-11_19_0.mp4 to /mnt/geosense/cameras/G5Bullet_31/mp4/File_018_G5Bullet_31_F4E2C678CB5A_2024-09-11_19_0.mp4
2024-09-15 02:20:04,933 - Module(camera):Line(38) INFO - Renamed /mnt/geosense/cameras/G5Bullet_31/mp4/G5Bullet_31_F4E2C678CB5A_2024-09-11_20_0.mp4 to /mnt/geosense/cameras/G5Bullet_31/mp4/File_019_G5Bullet_31_F4E2C678CB5A_2024-09-11_20_0.mp4
2024-09-15 02:20:04,933 - Module(camera):Line(38) INFO - Renamed /mnt/geosense/cameras/G5Bullet_31/mp4/G5Bullet_31_F4E2C678CB5A_2024-09-11_21_0.mp4 to /mnt/geosense/cameras/G5Bullet_31/mp4/File_020_G5Bullet_31_F4E2C678CB5A_2024-09-11_21_0.mp4
2024-09-15 02:20:04,933 - Module(camera):Line(38) INFO - Renamed /mnt/geosense/cameras/G5Bullet_31/mp4/G5Bullet_31_F4E2C678CB5A_2024-09-11_22_0.mp4 to /mnt/geosense/cameras/G5Bullet_31/mp4/File_021_G5Bullet_31_F4E2C678CB5A_2024-09-11_22_0.mp4
2024-09-15 02:20:04,933 - Module(camera):Line(38) INFO - Renamed /mnt/geosense/cameras/G5Bullet_31/mp4/G5Bullet_31_F4E2C678CB5A_2024-09-11_23_0.mp4 to /mnt/geosense/cameras/G5Bullet_31/mp4/File_022_G5Bullet_31_F4E2C678CB5A_2024-09-11_23_0.mp4
2024-09-15 02:20:04,933 - Module(camera):Line(38) INFO - Renamed /mnt/geosense/cameras/G5Bullet_31/mp4/G5Bullet_31_F4E2C678CB5A_2024-09-11_24_0.mp4 to /mnt/geosense/cameras/G5Bullet_31/mp4/File_023_G5Bullet_31_F4E2C678CB5A_2024-09-11_24_0.mp4
2024-09-15 02:20:04,933 - Module(camera):Line(38) INFO - Renamed /mnt/geosense/cameras/G5Bullet_31/mp4/G5Bullet_31_F4E2C678CB5A_2024-09-11_25_0.mp4 to /mnt/geosense/cameras/G5Bullet_31/mp4/File_024_G5Bullet_31_F4E2C678CB5A_2024-09-11_25_0.mp4
2024-09-15 02:20:04,933 - Module(camera):Line(38) INFO - Renamed /mnt/geosense/cameras/G5Bullet_31/mp4/G5Bullet_31_F4E2C678CB5A_2024-09-11_26_0.mp4 to /mnt/geosense/cameras/G5Bullet_31/mp4/File_025_G5Bullet_31_F4E2C678CB5A_2024-09-11_26_0.mp4
2024-09-15 02:20:04,933 - Module(camera):Line(38) INFO - Renamed /mnt/geosense/cameras/G5Bullet_31/mp4/G5Bullet_31_F4E2C678CB5A_2024-09-11_27_0.mp4 to /mnt/geosense/cameras/G5Bullet_31/mp4/File_026_G5Bullet_31_F4E2C678CB5A_2024-09-11_27_0.mp4
2024-09-15 02:20:04,933 - Module(camera):Line(38) INFO - Renamed /mnt/geosense/cameras/G5Bullet_31/mp4/G5Bullet_31_F4E2C678CB5A_2024-09-11_28_0.mp4 to /mnt/geosense/cameras/G5Bullet_31/mp4/File_027_G5Bullet_31_F4E2C678CB5A_2024-09-11_28_0.mp4
2024-09-15 02:20:04,933 - Module(camera):Line(38) INFO - Renamed /mnt/geosense/cameras/G5Bullet_31/mp4/G5Bullet_31_F4E2C678CB5A_2024-09-11_29_0.mp4 to /mnt/geosense/cameras/G5Bullet_31/mp4/File_028_G5Bullet_31_F4E2C678CB5A_2024-09-11_29_0.mp4
2024-09-15 02:20:04,933 - Module(camera):Line(38) INFO - Renamed /mnt/geosense/cameras/G5Bullet_31/mp4/G5Bullet_31_F4E2C678CB5A_2024-09-11_30_0.mp4 to /mnt/geosense/cameras/G5Bullet_31/mp4/File_029_G5Bullet_31_F4E2C678CB5A_2024-09-11_30_0.mp4
2024-09-15 02:20:04,933 - Module(camera):Line(38) INFO - Renamed /mnt/geosense/cameras/G5Bullet_31/mp4/G5Bullet_31_F4E2C678CB5A_2024-09-11_31_0.mp4 to /mnt/geosense/cameras/G5Bullet_31/mp4/File_030_G5Bullet_31_F4E2C678CB5A_2024-09-11_31_0.mp4
2024-09-15 02:20:04,934 - Module(main):Line(72) INFO - Processing file /mnt/geosense/cameras/G5Bullet_31/mp4/File_000_G5Bullet_31_F4E2C678CB5A_2024-09-11_1_0.mp4...
2024-09-15 02:20:05,050 - Module(data_preprocessing):Line(132) INFO - Frame rate: 28.438759364838916
2024-09-15 02:20:05,050 - Module(data_preprocessing):Line(133) INFO - Extracting frames from video '/mnt/geosense/cameras/G5Bullet_31/mp4/File_000_G5Bullet_31_F4E2C678CB5A_2024-09-11_1_0.mp4'...
2024-09-15 02:20:05,252 - Module(data_preprocessing):Line(169) INFO - Extracting frame 0...
2024-09-15 02:20:05,261 - Module(data_preprocessing):Line(173) INFO - Frame number internal: 3412
2024-09-15 02:20:06,898 - Module(data_preprocessing):Line(169) INFO - Extracting frame 1...
2024-09-15 02:20:06,898 - Module(data_preprocessing):Line(173) INFO - Frame number internal: 6824
2024-09-15 02:20:08,890 - Module(data_preprocessing):Line(169) INFO - Extracting frame 2...
2024-09-15 02:20:08,890 - Module(data_preprocessing):Line(173) INFO - Frame number internal: 10236
2024-09-15 02:20:11,361 - Module(data_preprocessing):Line(169) INFO - Extracting frame 3...
2024-09-15 02:20:11,361 - Module(data_preprocessing):Line(173) INFO - Frame number internal: 13648
2024-09-15 02:20:13,571 - Module(data_preprocessing):Line(169) INFO - Extracting frame 4...
2024-09-15 02:20:13,571 - Module(data_preprocessing):Line(173) INFO - Frame number internal: 17060
2024-09-15 02:20:15,758 - Module(data_preprocessing):Line(169) INFO - Extracting frame 5...
2024-09-15 02:20:15,758 - Module(data_preprocessing):Line(173) INFO - Frame number internal: 20472
2024-09-15 02:20:18,003 - Module(data_preprocessing):Line(169) INFO - Extracting frame 6...
2024-09-15 02:20:18,003 - Module(data_preprocessing):Line(173) INFO - Frame number internal: 23884
2024-09-15 02:20:20,121 - Module(data_preprocessing):Line(169) INFO - Extracting frame 7...
2024-09-15 02:20:20,122 - Module(data_preprocessing):Line(173) INFO - Frame number internal: 27296
2024-09-15 02:20:22,423 - Module(data_preprocessing):Line(169) INFO - Extracting frame 8...
2024-09-15 02:20:22,423 - Module(data_preprocessing):Line(173) INFO - Frame number internal: 30708
2024-09-15 02:20:24,845 - Module(data_preprocessing):Line(169) INFO - Extracting frame 9...
2024-09-15 02:20:24,845 - Module(data_preprocessing):Line(173) INFO - Frame number internal: 34120
2024-09-15 02:20:26,972 - Module(data_preprocessing):Line(169) INFO - Extracting frame 10...
2024-09-15 02:20:26,972 - Module(data_preprocessing):Line(173) INFO - Frame number internal: 37532
2024-09-15 02:20:29,031 - Module(data_preprocessing):Line(169) INFO - Extracting frame 11...
2024-09-15 02:20:29,031 - Module(data_preprocessing):Line(173) INFO - Frame number internal: 40944
2024-09-15 02:20:31,070 - Module(data_preprocessing):Line(169) INFO - Extracting frame 12...
2024-09-15 02:20:31,070 - Module(data_preprocessing):Line(173) INFO - Frame number internal: 44356
2024-09-15 02:20:33,056 - Module(data_preprocessing):Line(169) INFO - Extracting frame 13...
2024-09-15 02:20:33,056 - Module(data_preprocessing):Line(173) INFO - Frame number internal: 47768
2024-09-15 02:20:33,949 - Module(data_preprocessing):Line(169) INFO - Extracting frame 14...
2024-09-15 02:20:33,949 - Module(data_preprocessing):Line(173) INFO - Frame number internal: 51180
2024-09-15 02:20:34,366 - Module(data_preprocessing):Line(169) INFO - Extracting frame 15...
2024-09-15 02:20:34,366 - Module(data_preprocessing):Line(173) INFO - Frame number internal: 54592
2024-09-15 02:20:34,805 - Module(data_preprocessing):Line(169) INFO - Extracting frame 16...
2024-09-15 02:20:34,805 - Module(data_preprocessing):Line(173) INFO - Frame number internal: 58004
2024-09-15 02:20:34,805 - Module(data_preprocessing):Line(154) INFO - Break: frame_number_internal exceeds total number of frames.
2024-09-15 02:20:34,806 - Module(data_preprocessing):Line(176) INFO - All frames extracted.
2024-09-15 02:20:34,806 - Module(data_preprocessing):Line(177) INFO - Frame number: 0
2024-09-15 02:20:34,808 - Module(main):Line(91) INFO - Enhance frames...
2024-09-15 02:20:34,808 - Module(camera):Line(43) INFO - Grouping files in sets...
2024-09-15 02:20:34,808 - Module(camera):Line(48) INFO - Moving files to staging directory...
2024-09-15 02:20:34,809 - Module(camera):Line(52) INFO - Keeping every third file and removing the others...
2024-09-15 02:20:34,809 - Module(main):Line(72) INFO - Processing file /mnt/geosense/cameras/G5Bullet_31/mp4/File_001_G5Bullet_31_F4E2C678CB5A_2024-09-11_2_0.mp4...
2024-09-15 02:20:34,853 - Module(data_preprocessing):Line(132) INFO - Frame rate: 27.195125082368204
2024-09-15 02:20:34,854 - Module(data_preprocessing):Line(133) INFO - Extracting frames from video '/mnt/geosense/cameras/G5Bullet_31/mp4/File_001_G5Bullet_31_F4E2C678CB5A_2024-09-11_2_0.mp4'...
2024-09-15 02:20:34,964 - Module(data_preprocessing):Line(169) INFO - Extracting frame 17...
2024-09-15 02:20:34,964 - Module(data_preprocessing):Line(173) INFO - Frame number internal: 3263
2024-09-15 02:20:35,920 - Module(data_preprocessing):Line(169) INFO - Extracting frame 18...
2024-09-15 02:20:35,920 - Module(data_preprocessing):Line(173) INFO - Frame number internal: 6526
2024-09-15 02:20:36,726 - Module(data_preprocessing):Line(169) INFO - Extracting frame 19...
2024-09-15 02:20:36,726 - Module(data_preprocessing):Line(173) INFO - Frame number internal: 9789
2024-09-15 02:20:37,357 - Module(data_preprocessing):Line(169) INFO - Extracting frame 20...
2024-09-15 02:20:37,357 - Module(data_preprocessing):Line(173) INFO - Frame number internal: 13052
2024-09-15 02:20:37,863 - Module(data_preprocessing):Line(169) INFO - Extracting frame 21...
2024-09-15 02:20:37,863 - Module(data_preprocessing):Line(173) INFO - Frame number internal: 16315
2024-09-15 02:20:46,911 - Module(data_preprocessing):Line(169) INFO - Extracting frame 22...
2024-09-15 02:20:46,912 - Module(data_preprocessing):Line(173) INFO - Frame number internal: 19578
2024-09-15 02:20:47,113 - Module(data_preprocessing):Line(169) INFO - Extracting frame 23...
2024-09-15 02:20:47,113 - Module(data_preprocessing):Line(173) INFO - Frame number internal: 22841
2024-09-15 02:20:51,662 - Module(data_preprocessing):Line(169) INFO - Extracting frame 24...
2024-09-15 02:20:51,662 - Module(data_preprocessing):Line(173) INFO - Frame number internal: 26104
2024-09-15 02:20:52,223 - Module(data_preprocessing):Line(169) INFO - Extracting frame 25...
2024-09-15 02:20:52,224 - Module(data_preprocessing):Line(173) INFO - Frame number internal: 29367
2024-09-15 02:20:52,667 - Module(data_preprocessing):Line(169) INFO - Extracting frame 26...
2024-09-15 02:20:52,667 - Module(data_preprocessing):Line(173) INFO - Frame number internal: 32630
2024-09-15 02:20:53,271 - Module(data_preprocessing):Line(169) INFO - Extracting frame 27...
2024-09-15 02:20:53,271 - Module(data_preprocessing):Line(173) INFO - Frame number internal: 35893
2024-09-15 02:20:54,052 - Module(data_preprocessing):Line(169) INFO - Extracting frame 28...
2024-09-15 02:20:54,052 - Module(data_preprocessing):Line(173) INFO - Frame number internal: 39156
2024-09-15 02:20:54,670 - Module(data_preprocessing):Line(169) INFO - Extracting frame 29...
2024-09-15 02:20:54,670 - Module(data_preprocessing):Line(173) INFO - Frame number internal: 42419
2024-09-15 02:20:55,256 - Module(data_preprocessing):Line(169) INFO - Extracting frame 30...
2024-09-15 02:20:55,256 - Module(data_preprocessing):Line(173) INFO - Frame number internal: 45682
2024-09-15 02:20:55,918 - Module(data_preprocessing):Line(169) INFO - Extracting frame 31...
2024-09-15 02:20:55,918 - Module(data_preprocessing):Line(173) INFO - Frame number internal: 48945
2024-09-15 02:20:56,443 - Module(data_preprocessing):Line(169) INFO - Extracting frame 32...
2024-09-15 02:20:56,443 - Module(data_preprocessing):Line(173) INFO - Frame number internal: 52208
2024-09-15 02:20:56,978 - Module(data_preprocessing):Line(169) INFO - Extracting frame 33...
2024-09-15 02:20:56,978 - Module(data_preprocessing):Line(173) INFO - Frame number internal: 55471
2024-09-15 02:20:57,646 - Module(data_preprocessing):Line(169) INFO - Extracting frame 34...
2024-09-15 02:20:57,646 - Module(data_preprocessing):Line(173) INFO - Frame number internal: 58734
2024-09-15 02:20:57,646 - Module(data_preprocessing):Line(154) INFO - Break: frame_number_internal exceeds total number of frames.
2024-09-15 02:20:57,647 - Module(data_preprocessing):Line(176) INFO - All frames extracted.
2024-09-15 02:20:57,647 - Module(data_preprocessing):Line(177) INFO - Frame number: 17
2024-09-15 02:20:57,649 - Module(main):Line(91) INFO - Enhance frames...
2024-09-15 02:20:57,649 - Module(camera):Line(43) INFO - Grouping files in sets...
2024-09-15 02:20:57,650 - Module(camera):Line(48) INFO - Moving files to staging directory...
2024-09-15 02:20:57,650 - Module(camera):Line(52) INFO - Keeping every third file and removing the others...
2024-09-15 02:20:57,650 - Module(main):Line(72) INFO - Processing file /mnt/geosense/cameras/G5Bullet_31/mp4/File_002_G5Bullet_31_F4E2C678CB5A_2024-09-11_3_0.mp4...
2024-09-15 02:20:57,684 - Module(data_preprocessing):Line(132) INFO - Frame rate: 26.278862622584864
2024-09-15 02:20:57,685 - Module(data_preprocessing):Line(133) INFO - Extracting frames from video '/mnt/geosense/cameras/G5Bullet_31/mp4/File_002_G5Bullet_31_F4E2C678CB5A_2024-09-11_3_0.mp4'...
2024-09-15 02:20:57,769 - Module(data_preprocessing):Line(169) INFO - Extracting frame 35...
2024-09-15 02:20:57,769 - Module(data_preprocessing):Line(173) INFO - Frame number internal: 3153
2024-09-15 02:20:58,629 - Module(data_preprocessing):Line(169) INFO - Extracting frame 36...
2024-09-15 02:20:58,629 - Module(data_preprocessing):Line(173) INFO - Frame number internal: 6306
2024-09-15 02:20:59,559 - Module(data_preprocessing):Line(169) INFO - Extracting frame 37...
2024-09-15 02:20:59,559 - Module(data_preprocessing):Line(173) INFO - Frame number internal: 9459
2024-09-15 02:21:00,278 - Module(data_preprocessing):Line(169) INFO - Extracting frame 38...
2024-09-15 02:21:00,278 - Module(data_preprocessing):Line(173) INFO - Frame number internal: 12612
2024-09-15 02:21:01,171 - Module(data_preprocessing):Line(169) INFO - Extracting frame 39...
2024-09-15 02:21:01,171 - Module(data_preprocessing):Line(173) INFO - Frame number internal: 15765
2024-09-15 02:21:01,509 - Module(data_preprocessing):Line(169) INFO - Extracting frame 40...
2024-09-15 02:21:01,509 - Module(data_preprocessing):Line(173) INFO - Frame number internal: 18918
2024-09-15 02:21:01,761 - Module(data_preprocessing):Line(169) INFO - Extracting frame 41...
2024-09-15 02:21:01,761 - Module(data_preprocessing):Line(173) INFO - Frame number internal: 22071
2024-09-15 02:21:02,078 - Module(data_preprocessing):Line(169) INFO - Extracting frame 42...
2024-09-15 02:21:02,079 - Module(data_preprocessing):Line(173) INFO - Frame number internal: 25224
2024-09-15 02:21:02,391 - Module(data_preprocessing):Line(169) INFO - Extracting frame 43...
2024-09-15 02:21:02,391 - Module(data_preprocessing):Line(173) INFO - Frame number internal: 28377
2024-09-15 02:21:03,397 - Module(data_preprocessing):Line(169) INFO - Extracting frame 44...
2024-09-15 02:21:03,398 - Module(data_preprocessing):Line(173) INFO - Frame number internal: 31530
2024-09-15 02:21:04,355 - Module(data_preprocessing):Line(169) INFO - Extracting frame 45...
2024-09-15 02:21:04,355 - Module(data_preprocessing):Line(173) INFO - Frame number internal: 34683
2024-09-15 02:21:05,234 - Module(data_preprocessing):Line(169) INFO - Extracting frame 46...
2024-09-15 02:21:05,234 - Module(data_preprocessing):Line(173) INFO - Frame number internal: 37836
2024-09-15 02:21:05,956 - Module(data_preprocessing):Line(169) INFO - Extracting frame 47...
2024-09-15 02:21:05,956 - Module(data_preprocessing):Line(173) INFO - Frame number internal: 40989
2024-09-15 02:21:06,753 - Module(data_preprocessing):Line(169) INFO - Extracting frame 48...
2024-09-15 02:21:06,753 - Module(data_preprocessing):Line(173) INFO - Frame number internal: 44142
2024-09-15 02:21:07,329 - Module(data_preprocessing):Line(169) INFO - Extracting frame 49...
2024-09-15 02:21:07,330 - Module(data_preprocessing):Line(173) INFO - Frame number internal: 47295
2024-09-15 02:21:07,740 - Module(data_preprocessing):Line(169) INFO - Extracting frame 50...
2024-09-15 02:21:07,740 - Module(data_preprocessing):Line(173) INFO - Frame number internal: 50448
2024-09-15 02:21:08,088 - Module(data_preprocessing):Line(169) INFO - Extracting frame 51...
2024-09-15 02:21:08,088 - Module(data_preprocessing):Line(173) INFO - Frame number internal: 53601
2024-09-15 02:21:08,666 - Module(data_preprocessing):Line(169) INFO - Extracting frame 52...
2024-09-15 02:21:08,666 - Module(data_preprocessing):Line(173) INFO - Frame number internal: 56754
2024-09-15 02:21:08,666 - Module(data_preprocessing):Line(154) INFO - Break: frame_number_internal exceeds total number of frames.
2024-09-15 02:21:08,667 - Module(data_preprocessing):Line(176) INFO - All frames extracted.
2024-09-15 02:21:08,667 - Module(data_preprocessing):Line(177) INFO - Frame number: 35
2024-09-15 02:21:08,669 - Module(main):Line(91) INFO - Enhance frames...
2024-09-15 02:21:08,669 - Module(camera):Line(43) INFO - Grouping files in sets...
2024-09-15 02:21:08,670 - Module(camera):Line(48) INFO - Moving files to staging directory...
2024-09-15 02:21:08,671 - Module(camera):Line(52) INFO - Keeping every third file and removing the others...
2024-09-15 02:21:08,671 - Module(main):Line(72) INFO - Processing file /mnt/geosense/cameras/G5Bullet_31/mp4/File_003_G5Bullet_31_F4E2C678CB5A_2024-09-11_4_0.mp4...
2024-09-15 02:21:08,711 - Module(data_preprocessing):Line(132) INFO - Frame rate: 25.458842582226037
2024-09-15 02:21:08,711 - Module(data_preprocessing):Line(133) INFO - Extracting frames from video '/mnt/geosense/cameras/G5Bullet_31/mp4/File_003_G5Bullet_31_F4E2C678CB5A_2024-09-11_4_0.mp4'...
2024-09-15 02:21:08,803 - Module(data_preprocessing):Line(169) INFO - Extracting frame 53...
2024-09-15 02:21:08,803 - Module(data_preprocessing):Line(173) INFO - Frame number internal: 3055
2024-09-15 02:21:09,809 - Module(data_preprocessing):Line(169) INFO - Extracting frame 54...
2024-09-15 02:21:09,809 - Module(data_preprocessing):Line(173) INFO - Frame number internal: 6110
2024-09-15 02:21:10,534 - Module(data_preprocessing):Line(169) INFO - Extracting frame 55...
2024-09-15 02:21:10,534 - Module(data_preprocessing):Line(173) INFO - Frame number internal: 9165
2024-09-15 02:21:11,605 - Module(data_preprocessing):Line(169) INFO - Extracting frame 56...
2024-09-15 02:21:11,606 - Module(data_preprocessing):Line(173) INFO - Frame number internal: 12220
2024-09-15 02:21:12,673 - Module(data_preprocessing):Line(169) INFO - Extracting frame 57...
2024-09-15 02:21:12,673 - Module(data_preprocessing):Line(173) INFO - Frame number internal: 15275
2024-09-15 02:21:13,474 - Module(data_preprocessing):Line(169) INFO - Extracting frame 58...
2024-09-15 02:21:13,474 - Module(data_preprocessing):Line(173) INFO - Frame number internal: 18330
2024-09-15 02:21:14,313 - Module(data_preprocessing):Line(169) INFO - Extracting frame 59...
2024-09-15 02:21:14,314 - Module(data_preprocessing):Line(173) INFO - Frame number internal: 21385
2024-09-15 02:21:15,025 - Module(data_preprocessing):Line(169) INFO - Extracting frame 60...
2024-09-15 02:21:15,025 - Module(data_preprocessing):Line(173) INFO - Frame number internal: 24440
2024-09-15 02:21:15,723 - Module(data_preprocessing):Line(169) INFO - Extracting frame 61...
2024-09-15 02:21:15,723 - Module(data_preprocessing):Line(173) INFO - Frame number internal: 27495
2024-09-15 02:21:16,387 - Module(data_preprocessing):Line(169) INFO - Extracting frame 62...
2024-09-15 02:21:16,387 - Module(data_preprocessing):Line(173) INFO - Frame number internal: 30550
2024-09-15 02:21:17,160 - Module(data_preprocessing):Line(169) INFO - Extracting frame 63...
2024-09-15 02:21:17,160 - Module(data_preprocessing):Line(173) INFO - Frame number internal: 33605
2024-09-15 02:21:17,414 - Module(data_preprocessing):Line(169) INFO - Extracting frame 64...
2024-09-15 02:21:17,415 - Module(data_preprocessing):Line(173) INFO - Frame number internal: 36660
2024-09-15 02:21:17,748 - Module(data_preprocessing):Line(169) INFO - Extracting frame 65...
2024-09-15 02:21:17,748 - Module(data_preprocessing):Line(173) INFO - Frame number internal: 39715
2024-09-15 02:21:18,088 - Module(data_preprocessing):Line(169) INFO - Extracting frame 66...
2024-09-15 02:21:18,088 - Module(data_preprocessing):Line(173) INFO - Frame number internal: 42770
2024-09-15 02:21:18,936 - Module(data_preprocessing):Line(169) INFO - Extracting frame 67...
2024-09-15 02:21:18,937 - Module(data_preprocessing):Line(173) INFO - Frame number internal: 45825
2024-09-15 02:21:19,786 - Module(data_preprocessing):Line(169) INFO - Extracting frame 68...
2024-09-15 02:21:19,787 - Module(data_preprocessing):Line(173) INFO - Frame number internal: 48880
2024-09-15 02:21:20,076 - Module(data_preprocessing):Line(169) INFO - Extracting frame 69...
2024-09-15 02:21:20,076 - Module(data_preprocessing):Line(173) INFO - Frame number internal: 51935
2024-09-15 02:21:24,106 - Module(data_preprocessing):Line(169) INFO - Extracting frame 70...
2024-09-15 02:21:24,106 - Module(data_preprocessing):Line(173) INFO - Frame number internal: 54990
2024-09-15 02:21:24,551 - Module(data_preprocessing):Line(169) INFO - Extracting frame 71...
2024-09-15 02:21:24,551 - Module(data_preprocessing):Line(173) INFO - Frame number internal: 58045
2024-09-15 02:21:24,949 - Module(data_preprocessing):Line(169) INFO - Extracting frame 72...
2024-09-15 02:21:24,950 - Module(data_preprocessing):Line(173) INFO - Frame number internal: 61100
2024-09-15 02:21:24,950 - Module(data_preprocessing):Line(154) INFO - Break: frame_number_internal exceeds total number of frames.
2024-09-15 02:21:24,950 - Module(data_preprocessing):Line(176) INFO - All frames extracted.
2024-09-15 02:21:24,950 - Module(data_preprocessing):Line(177) INFO - Frame number: 53
2024-09-15 02:21:24,953 - Module(main):Line(91) INFO - Enhance frames...
2024-09-15 02:21:24,953 - Module(camera):Line(43) INFO - Grouping files in sets...
2024-09-15 02:21:24,953 - Module(camera):Line(48) INFO - Moving files to staging directory...
2024-09-15 02:21:24,954 - Module(camera):Line(52) INFO - Keeping every third file and removing the others...
2024-09-15 02:21:24,954 - Module(main):Line(72) INFO - Processing file /mnt/geosense/cameras/G5Bullet_31/mp4/File_004_G5Bullet_31_F4E2C678CB5A_2024-09-11_5_0.mp4...
2024-09-15 02:21:24,985 - Module(data_preprocessing):Line(132) INFO - Frame rate: 26.35992384254362
2024-09-15 02:21:24,985 - Module(data_preprocessing):Line(133) INFO - Extracting frames from video '/mnt/geosense/cameras/G5Bullet_31/mp4/File_004_G5Bullet_31_F4E2C678CB5A_2024-09-11_5_0.mp4'...
2024-09-15 02:21:25,059 - Module(data_preprocessing):Line(169) INFO - Extracting frame 73...
2024-09-15 02:21:25,059 - Module(data_preprocessing):Line(173) INFO - Frame number internal: 3163
2024-09-15 02:21:25,781 - Module(data_preprocessing):Line(169) INFO - Extracting frame 74...
2024-09-15 02:21:25,781 - Module(data_preprocessing):Line(173) INFO - Frame number internal: 6326
2024-09-15 02:21:26,636 - Module(data_preprocessing):Line(169) INFO - Extracting frame 75...
2024-09-15 02:21:26,636 - Module(data_preprocessing):Line(173) INFO - Frame number internal: 9489
2024-09-15 02:21:27,395 - Module(data_preprocessing):Line(169) INFO - Extracting frame 76...
2024-09-15 02:21:27,395 - Module(data_preprocessing):Line(173) INFO - Frame number internal: 12652
2024-09-15 02:21:27,891 - Module(data_preprocessing):Line(169) INFO - Extracting frame 77...
2024-09-15 02:21:27,892 - Module(data_preprocessing):Line(173) INFO - Frame number internal: 15815
2024-09-15 02:21:28,498 - Module(data_preprocessing):Line(169) INFO - Extracting frame 78...
2024-09-15 02:21:28,498 - Module(data_preprocessing):Line(173) INFO - Frame number internal: 18978
2024-09-15 02:21:29,148 - Module(data_preprocessing):Line(169) INFO - Extracting frame 79...
2024-09-15 02:21:29,148 - Module(data_preprocessing):Line(173) INFO - Frame number internal: 22141
2024-09-15 02:21:29,804 - Module(data_preprocessing):Line(169) INFO - Extracting frame 80...
2024-09-15 02:21:29,805 - Module(data_preprocessing):Line(173) INFO - Frame number internal: 25304
2024-09-15 02:21:31,626 - Module(data_preprocessing):Line(169) INFO - Extracting frame 81...
2024-09-15 02:21:31,627 - Module(data_preprocessing):Line(173) INFO - Frame number internal: 28467
2024-09-15 02:21:32,116 - Module(data_preprocessing):Line(169) INFO - Extracting frame 82...
2024-09-15 02:21:32,116 - Module(data_preprocessing):Line(173) INFO - Frame number internal: 31630
2024-09-15 02:21:32,617 - Module(data_preprocessing):Line(169) INFO - Extracting frame 83...
2024-09-15 02:21:32,617 - Module(data_preprocessing):Line(173) INFO - Frame number internal: 34793
2024-09-15 02:21:33,241 - Module(data_preprocessing):Line(169) INFO - Extracting frame 84...
2024-09-15 02:21:33,241 - Module(data_preprocessing):Line(173) INFO - Frame number internal: 37956
2024-09-15 02:21:33,785 - Module(data_preprocessing):Line(169) INFO - Extracting frame 85...
2024-09-15 02:21:33,785 - Module(data_preprocessing):Line(173) INFO - Frame number internal: 41119
2024-09-15 02:21:34,396 - Module(data_preprocessing):Line(169) INFO - Extracting frame 86...
2024-09-15 02:21:34,396 - Module(data_preprocessing):Line(173) INFO - Frame number internal: 44282
2024-09-15 02:21:35,002 - Module(data_preprocessing):Line(169) INFO - Extracting frame 87...
2024-09-15 02:21:35,002 - Module(data_preprocessing):Line(173) INFO - Frame number internal: 47445
2024-09-15 02:21:35,763 - Module(data_preprocessing):Line(169) INFO - Extracting frame 88...
2024-09-15 02:21:35,763 - Module(data_preprocessing):Line(173) INFO - Frame number internal: 50608
2024-09-15 02:21:36,687 - Module(data_preprocessing):Line(169) INFO - Extracting frame 89...
2024-09-15 02:21:36,687 - Module(data_preprocessing):Line(173) INFO - Frame number internal: 53771
2024-09-15 02:21:36,687 - Module(data_preprocessing):Line(154) INFO - Break: frame_number_internal exceeds total number of frames.
2024-09-15 02:21:36,687 - Module(data_preprocessing):Line(176) INFO - All frames extracted.
2024-09-15 02:21:36,687 - Module(data_preprocessing):Line(177) INFO - Frame number: 73
2024-09-15 02:21:36,690 - Module(main):Line(91) INFO - Enhance frames...
2024-09-15 02:21:36,690 - Module(camera):Line(43) INFO - Grouping files in sets...
2024-09-15 02:21:36,690 - Module(camera):Line(48) INFO - Moving files to staging directory...
2024-09-15 02:21:36,691 - Module(camera):Line(52) INFO - Keeping every third file and removing the others...
2024-09-15 02:21:36,691 - Module(main):Line(72) INFO - Processing file /mnt/geosense/cameras/G5Bullet_31/mp4/File_005_G5Bullet_31_F4E2C678CB5A_2024-09-11_6_0.mp4...
2024-09-15 02:21:36,735 - Module(data_preprocessing):Line(132) INFO - Frame rate: 25.227980078251658
2024-09-15 02:21:36,736 - Module(data_preprocessing):Line(133) INFO - Extracting frames from video '/mnt/geosense/cameras/G5Bullet_31/mp4/File_005_G5Bullet_31_F4E2C678CB5A_2024-09-11_6_0.mp4'...
2024-09-15 02:21:36,831 - Module(data_preprocessing):Line(169) INFO - Extracting frame 90...
2024-09-15 02:21:36,832 - Module(data_preprocessing):Line(173) INFO - Frame number internal: 3027
2024-09-15 02:21:37,982 - Module(data_preprocessing):Line(169) INFO - Extracting frame 91...
2024-09-15 02:21:37,983 - Module(data_preprocessing):Line(173) INFO - Frame number internal: 6054
2024-09-15 02:21:38,633 - Module(data_preprocessing):Line(169) INFO - Extracting frame 92...
2024-09-15 02:21:38,633 - Module(data_preprocessing):Line(173) INFO - Frame number internal: 9081
2024-09-15 02:21:39,331 - Module(data_preprocessing):Line(169) INFO - Extracting frame 93...
2024-09-15 02:21:39,331 - Module(data_preprocessing):Line(173) INFO - Frame number internal: 12108
2024-09-15 02:21:40,415 - Module(data_preprocessing):Line(169) INFO - Extracting frame 94...
2024-09-15 02:21:40,415 - Module(data_preprocessing):Line(173) INFO - Frame number internal: 15135
2024-09-15 02:21:44,303 - Module(data_preprocessing):Line(169) INFO - Extracting frame 95...
2024-09-15 02:21:44,303 - Module(data_preprocessing):Line(173) INFO - Frame number internal: 18162
2024-09-15 02:21:45,262 - Module(data_preprocessing):Line(169) INFO - Extracting frame 96...
2024-09-15 02:21:45,262 - Module(data_preprocessing):Line(173) INFO - Frame number internal: 21189
2024-09-15 02:21:46,086 - Module(data_preprocessing):Line(169) INFO - Extracting frame 97...
2024-09-15 02:21:46,086 - Module(data_preprocessing):Line(173) INFO - Frame number internal: 24216
2024-09-15 02:21:46,325 - Module(data_preprocessing):Line(169) INFO - Extracting frame 98...
2024-09-15 02:21:46,325 - Module(data_preprocessing):Line(173) INFO - Frame number internal: 27243
2024-09-15 02:21:46,555 - Module(data_preprocessing):Line(169) INFO - Extracting frame 99...
2024-09-15 02:21:46,556 - Module(data_preprocessing):Line(173) INFO - Frame number internal: 30270
2024-09-15 02:21:46,779 - Module(data_preprocessing):Line(169) INFO - Extracting frame 100...
2024-09-15 02:21:46,779 - Module(data_preprocessing):Line(173) INFO - Frame number internal: 33297
2024-09-15 02:21:47,034 - Module(data_preprocessing):Line(169) INFO - Extracting frame 101...
2024-09-15 02:21:47,035 - Module(data_preprocessing):Line(173) INFO - Frame number internal: 36324
2024-09-15 02:21:48,042 - Module(data_preprocessing):Line(169) INFO - Extracting frame 102...
2024-09-15 02:21:48,042 - Module(data_preprocessing):Line(173) INFO - Frame number internal: 39351
2024-09-15 02:21:49,115 - Module(data_preprocessing):Line(169) INFO - Extracting frame 103...
2024-09-15 02:21:49,115 - Module(data_preprocessing):Line(173) INFO - Frame number internal: 42378
2024-09-15 02:21:50,015 - Module(data_preprocessing):Line(169) INFO - Extracting frame 104...
2024-09-15 02:21:50,016 - Module(data_preprocessing):Line(173) INFO - Frame number internal: 45405
2024-09-15 02:21:51,108 - Module(data_preprocessing):Line(169) INFO - Extracting frame 105...
2024-09-15 02:21:51,109 - Module(data_preprocessing):Line(173) INFO - Frame number internal: 48432
2024-09-15 02:21:52,182 - Module(data_preprocessing):Line(169) INFO - Extracting frame 106...
2024-09-15 02:21:52,182 - Module(data_preprocessing):Line(173) INFO - Frame number internal: 51459
2024-09-15 02:21:56,429 - Module(data_preprocessing):Line(169) INFO - Extracting frame 107...
2024-09-15 02:21:56,429 - Module(data_preprocessing):Line(173) INFO - Frame number internal: 54486
2024-09-15 02:21:57,100 - Module(data_preprocessing):Line(169) INFO - Extracting frame 108...
2024-09-15 02:21:57,100 - Module(data_preprocessing):Line(173) INFO - Frame number internal: 57513
2024-09-15 02:21:57,100 - Module(data_preprocessing):Line(154) INFO - Break: frame_number_internal exceeds total number of frames.
2024-09-15 02:21:57,100 - Module(data_preprocessing):Line(176) INFO - All frames extracted.
2024-09-15 02:21:57,100 - Module(data_preprocessing):Line(177) INFO - Frame number: 90
2024-09-15 02:21:57,103 - Module(main):Line(91) INFO - Enhance frames...
2024-09-15 02:21:57,103 - Module(camera):Line(43) INFO - Grouping files in sets...
2024-09-15 02:21:57,103 - Module(camera):Line(48) INFO - Moving files to staging directory...
2024-09-15 02:21:57,104 - Module(camera):Line(52) INFO - Keeping every third file and removing the others...
2024-09-15 02:21:57,104 - Module(main):Line(72) INFO - Processing file /mnt/geosense/cameras/G5Bullet_31/mp4/File_006_G5Bullet_31_F4E2C678CB5A_2024-09-11_7_0.mp4...
2024-09-15 02:21:57,146 - Module(data_preprocessing):Line(132) INFO - Frame rate: 22.714295898224382
2024-09-15 02:21:57,146 - Module(data_preprocessing):Line(133) INFO - Extracting frames from video '/mnt/geosense/cameras/G5Bullet_31/mp4/File_006_G5Bullet_31_F4E2C678CB5A_2024-09-11_7_0.mp4'...
2024-09-15 02:21:57,239 - Module(data_preprocessing):Line(169) INFO - Extracting frame 109...
2024-09-15 02:21:57,239 - Module(data_preprocessing):Line(173) INFO - Frame number internal: 2725
2024-09-15 02:21:57,989 - Module(data_preprocessing):Line(169) INFO - Extracting frame 110...
2024-09-15 02:21:57,989 - Module(data_preprocessing):Line(173) INFO - Frame number internal: 5450
2024-09-15 02:22:01,861 - Module(data_preprocessing):Line(169) INFO - Extracting frame 111...
2024-09-15 02:22:01,862 - Module(data_preprocessing):Line(173) INFO - Frame number internal: 8175
2024-09-15 02:22:02,765 - Module(data_preprocessing):Line(169) INFO - Extracting frame 112...
2024-09-15 02:22:02,765 - Module(data_preprocessing):Line(173) INFO - Frame number internal: 10900
2024-09-15 02:22:03,256 - Module(data_preprocessing):Line(169) INFO - Extracting frame 113...
2024-09-15 02:22:03,256 - Module(data_preprocessing):Line(173) INFO - Frame number internal: 13625
2024-09-15 02:22:05,434 - Module(data_preprocessing):Line(169) INFO - Extracting frame 114...
2024-09-15 02:22:05,435 - Module(data_preprocessing):Line(173) INFO - Frame number internal: 16350
2024-09-15 02:22:09,768 - Module(data_preprocessing):Line(169) INFO - Extracting frame 115...
2024-09-15 02:22:09,768 - Module(data_preprocessing):Line(173) INFO - Frame number internal: 19075
2024-09-15 02:22:10,634 - Module(data_preprocessing):Line(169) INFO - Extracting frame 116...
2024-09-15 02:22:10,634 - Module(data_preprocessing):Line(173) INFO - Frame number internal: 21800
2024-09-15 02:22:11,561 - Module(data_preprocessing):Line(169) INFO - Extracting frame 117...
2024-09-15 02:22:11,562 - Module(data_preprocessing):Line(173) INFO - Frame number internal: 24525
2024-09-15 02:22:12,376 - Module(data_preprocessing):Line(169) INFO - Extracting frame 118...
2024-09-15 02:22:12,376 - Module(data_preprocessing):Line(173) INFO - Frame number internal: 27250
2024-09-15 02:22:13,267 - Module(data_preprocessing):Line(169) INFO - Extracting frame 119...
2024-09-15 02:22:13,267 - Module(data_preprocessing):Line(173) INFO - Frame number internal: 29975
2024-09-15 02:22:14,314 - Module(data_preprocessing):Line(169) INFO - Extracting frame 120...
2024-09-15 02:22:14,314 - Module(data_preprocessing):Line(173) INFO - Frame number internal: 32700
2024-09-15 02:22:15,463 - Module(data_preprocessing):Line(169) INFO - Extracting frame 121...
2024-09-15 02:22:15,463 - Module(data_preprocessing):Line(173) INFO - Frame number internal: 35425
2024-09-15 02:22:28,674 - Module(data_preprocessing):Line(169) INFO - Extracting frame 122...
2024-09-15 02:22:28,674 - Module(data_preprocessing):Line(173) INFO - Frame number internal: 38150
2024-09-15 02:22:28,952 - Module(data_preprocessing):Line(169) INFO - Extracting frame 123...
2024-09-15 02:22:28,952 - Module(data_preprocessing):Line(173) INFO - Frame number internal: 40875
2024-09-15 02:22:29,205 - Module(data_preprocessing):Line(169) INFO - Extracting frame 124...
2024-09-15 02:22:29,205 - Module(data_preprocessing):Line(173) INFO - Frame number internal: 43600
2024-09-15 02:22:32,320 - Module(data_preprocessing):Line(169) INFO - Extracting frame 125...
2024-09-15 02:22:32,320 - Module(data_preprocessing):Line(173) INFO - Frame number internal: 46325
2024-09-15 02:22:33,130 - Module(data_preprocessing):Line(169) INFO - Extracting frame 126...
2024-09-15 02:22:33,130 - Module(data_preprocessing):Line(173) INFO - Frame number internal: 49050
2024-09-15 02:22:33,672 - Module(data_preprocessing):Line(169) INFO - Extracting frame 127...
2024-09-15 02:22:33,672 - Module(data_preprocessing):Line(173) INFO - Frame number internal: 51775
2024-09-15 02:22:34,113 - Module(data_preprocessing):Line(169) INFO - Extracting frame 128...
2024-09-15 02:22:34,114 - Module(data_preprocessing):Line(173) INFO - Frame number internal: 54500
2024-09-15 02:22:34,643 - Module(data_preprocessing):Line(169) INFO - Extracting frame 129...
2024-09-15 02:22:34,643 - Module(data_preprocessing):Line(173) INFO - Frame number internal: 57225
2024-09-15 02:22:35,126 - Module(data_preprocessing):Line(169) INFO - Extracting frame 130...
2024-09-15 02:22:35,126 - Module(data_preprocessing):Line(173) INFO - Frame number internal: 59950
2024-09-15 02:22:35,126 - Module(data_preprocessing):Line(154) INFO - Break: frame_number_internal exceeds total number of frames.
2024-09-15 02:22:35,126 - Module(data_preprocessing):Line(176) INFO - All frames extracted.
2024-09-15 02:22:35,126 - Module(data_preprocessing):Line(177) INFO - Frame number: 109
2024-09-15 02:22:35,129 - Module(main):Line(91) INFO - Enhance frames...
2024-09-15 02:22:35,129 - Module(camera):Line(43) INFO - Grouping files in sets...
2024-09-15 02:22:35,129 - Module(camera):Line(48) INFO - Moving files to staging directory...
2024-09-15 02:22:35,130 - Module(camera):Line(52) INFO - Keeping every third file and removing the others...
2024-09-15 02:22:35,131 - Module(main):Line(72) INFO - Processing file /mnt/geosense/cameras/G5Bullet_31/mp4/File_007_G5Bullet_31_F4E2C678CB5A_2024-09-11_8_0.mp4...
2024-09-15 02:22:35,137 - Module(data_preprocessing):Line(124) INFO - Error: Could not open video.
2024-09-15 02:22:35,137 - Module(main):Line(91) INFO - Enhance frames...
2024-09-15 02:22:35,137 - Module(camera):Line(43) INFO - Grouping files in sets...
2024-09-15 02:22:35,137 - Module(camera):Line(48) INFO - Moving files to staging directory...
2024-09-15 02:22:35,137 - Module(camera):Line(52) INFO - Keeping every third file and removing the others...
2024-09-15 02:22:35,138 - Module(main):Line(72) INFO - Processing file /mnt/geosense/cameras/G5Bullet_31/mp4/File_008_G5Bullet_31_F4E2C678CB5A_2024-09-11_9_0.mp4...
2024-09-15 02:22:35,171 - Module(data_preprocessing):Line(132) INFO - Frame rate: 17.470173834673837
2024-09-15 02:22:35,171 - Module(data_preprocessing):Line(133) INFO - Extracting frames from video '/mnt/geosense/cameras/G5Bullet_31/mp4/File_008_G5Bullet_31_F4E2C678CB5A_2024-09-11_9_0.mp4'...
2024-09-15 02:22:35,238 - Module(main):Line(95) ERROR - Error: unsupported operand type(s) for +: 'NoneType' and 'int'
2024-09-15 02:22:35,238 - Module(main):Line(96) ERROR - Could not process file.
2024-09-15 02:22:35,240 - Module(main):Line(72) INFO - Processing file /mnt/geosense/cameras/G5Bullet_31/mp4/File_009_G5Bullet_31_F4E2C678CB5A_2024-09-11_10_0.mp4...
2024-09-15 02:22:35,261 - Module(data_preprocessing):Line(132) INFO - Frame rate: 27.768341551172146
2024-09-15 02:22:35,261 - Module(data_preprocessing):Line(133) INFO - Extracting frames from video '/mnt/geosense/cameras/G5Bullet_31/mp4/File_009_G5Bullet_31_F4E2C678CB5A_2024-09-11_10_0.mp4'...
2024-09-15 02:22:35,308 - Module(main):Line(95) ERROR - Error: unsupported operand type(s) for +: 'NoneType' and 'int'
2024-09-15 02:22:35,308 - Module(main):Line(96) ERROR - Could not process file.
2024-09-15 02:22:35,310 - Module(main):Line(72) INFO - Processing file /mnt/geosense/cameras/G5Bullet_31/mp4/File_010_G5Bullet_31_F4E2C678CB5A_2024-09-11_11_0.mp4...
2024-09-15 02:22:35,338 - Module(data_preprocessing):Line(132) INFO - Frame rate: 12.904796436549093
2024-09-15 02:22:35,338 - Module(data_preprocessing):Line(133) INFO - Extracting frames from video '/mnt/geosense/cameras/G5Bullet_31/mp4/File_010_G5Bullet_31_F4E2C678CB5A_2024-09-11_11_0.mp4'...
2024-09-15 02:22:35,438 - Module(main):Line(95) ERROR - Error: unsupported operand type(s) for +: 'NoneType' and 'int'
2024-09-15 02:22:35,438 - Module(main):Line(96) ERROR - Could not process file.
2024-09-15 02:22:35,440 - Module(main):Line(72) INFO - Processing file /mnt/geosense/cameras/G5Bullet_31/mp4/File_011_G5Bullet_31_F4E2C678CB5A_2024-09-11_12_0.mp4...
2024-09-15 02:22:35,463 - Module(data_preprocessing):Line(132) INFO - Frame rate: 7.993454514560448
2024-09-15 02:22:35,464 - Module(data_preprocessing):Line(133) INFO - Extracting frames from video '/mnt/geosense/cameras/G5Bullet_31/mp4/File_011_G5Bullet_31_F4E2C678CB5A_2024-09-11_12_0.mp4'...
2024-09-15 02:22:35,518 - Module(main):Line(95) ERROR - Error: unsupported operand type(s) for +: 'NoneType' and 'int'
2024-09-15 02:22:35,518 - Module(main):Line(96) ERROR - Could not process file.
2024-09-15 02:22:35,520 - Module(main):Line(72) INFO - Processing file /mnt/geosense/cameras/G5Bullet_31/mp4/File_012_G5Bullet_31_F4E2C678CB5A_2024-09-11_13_0.mp4...
2024-09-15 02:22:35,558 - Module(data_preprocessing):Line(132) INFO - Frame rate: 8.596565750281531
2024-09-15 02:22:35,558 - Module(data_preprocessing):Line(133) INFO - Extracting frames from video '/mnt/geosense/cameras/G5Bullet_31/mp4/File_012_G5Bullet_31_F4E2C678CB5A_2024-09-11_13_0.mp4'...
2024-09-15 02:22:35,644 - Module(main):Line(95) ERROR - Error: unsupported operand type(s) for +: 'NoneType' and 'int'
2024-09-15 02:22:35,644 - Module(main):Line(96) ERROR - Could not process file.
2024-09-15 02:22:35,646 - Module(main):Line(72) INFO - Processing file /mnt/geosense/cameras/G5Bullet_31/mp4/File_013_G5Bullet_31_F4E2C678CB5A_2024-09-11_14_0.mp4...
2024-09-15 02:22:35,674 - Module(data_preprocessing):Line(132) INFO - Frame rate: 9.903877873874011
2024-09-15 02:22:35,674 - Module(data_preprocessing):Line(133) INFO - Extracting frames from video '/mnt/geosense/cameras/G5Bullet_31/mp4/File_013_G5Bullet_31_F4E2C678CB5A_2024-09-11_14_0.mp4'...
2024-09-15 02:22:35,737 - Module(main):Line(95) ERROR - Error: unsupported operand type(s) for +: 'NoneType' and 'int'
2024-09-15 02:22:35,737 - Module(main):Line(96) ERROR - Could not process file.
2024-09-15 02:22:35,739 - Module(main):Line(72) INFO - Processing file /mnt/geosense/cameras/G5Bullet_31/mp4/File_014_G5Bullet_31_F4E2C678CB5A_2024-09-11_15_0.mp4...
2024-09-15 02:22:35,804 - Module(data_preprocessing):Line(132) INFO - Frame rate: 10.630420333712733
2024-09-15 02:22:35,804 - Module(data_preprocessing):Line(133) INFO - Extracting frames from video '/mnt/geosense/cameras/G5Bullet_31/mp4/File_014_G5Bullet_31_F4E2C678CB5A_2024-09-11_15_0.mp4'...
2024-09-15 02:22:35,917 - Module(main):Line(95) ERROR - Error: unsupported operand type(s) for +: 'NoneType' and 'int'
2024-09-15 02:22:35,917 - Module(main):Line(96) ERROR - Could not process file.
2024-09-15 02:22:35,919 - Module(main):Line(72) INFO - Processing file /mnt/geosense/cameras/G5Bullet_31/mp4/File_015_G5Bullet_31_F4E2C678CB5A_2024-09-11_16_0.mp4...
2024-09-15 02:22:35,957 - Module(data_preprocessing):Line(132) INFO - Frame rate: 14.350300122576744
2024-09-15 02:22:35,957 - Module(data_preprocessing):Line(133) INFO - Extracting frames from video '/mnt/geosense/cameras/G5Bullet_31/mp4/File_015_G5Bullet_31_F4E2C678CB5A_2024-09-11_16_0.mp4'...
2024-09-15 02:22:36,035 - Module(main):Line(95) ERROR - Error: unsupported operand type(s) for +: 'NoneType' and 'int'
2024-09-15 02:22:36,035 - Module(main):Line(96) ERROR - Could not process file.
2024-09-15 02:22:36,037 - Module(main):Line(72) INFO - Processing file /mnt/geosense/cameras/G5Bullet_31/mp4/File_016_G5Bullet_31_F4E2C678CB5A_2024-09-11_17_0.mp4...
2024-09-15 02:22:36,074 - Module(data_preprocessing):Line(132) INFO - Frame rate: 6.796520988434179
2024-09-15 02:22:36,074 - Module(data_preprocessing):Line(133) INFO - Extracting frames from video '/mnt/geosense/cameras/G5Bullet_31/mp4/File_016_G5Bullet_31_F4E2C678CB5A_2024-09-11_17_0.mp4'...
2024-09-15 02:22:36,132 - Module(main):Line(95) ERROR - Error: unsupported operand type(s) for +: 'NoneType' and 'int'
2024-09-15 02:22:36,132 - Module(main):Line(96) ERROR - Could not process file.
2024-09-15 02:22:36,134 - Module(main):Line(72) INFO - Processing file /mnt/geosense/cameras/G5Bullet_31/mp4/File_017_G5Bullet_31_F4E2C678CB5A_2024-09-11_18_0.mp4...
2024-09-15 02:22:36,161 - Module(data_preprocessing):Line(132) INFO - Frame rate: 9.330138729435598
2024-09-15 02:22:36,162 - Module(data_preprocessing):Line(133) INFO - Extracting frames from video '/mnt/geosense/cameras/G5Bullet_31/mp4/File_017_G5Bullet_31_F4E2C678CB5A_2024-09-11_18_0.mp4'...
2024-09-15 02:22:36,225 - Module(main):Line(95) ERROR - Error: unsupported operand type(s) for +: 'NoneType' and 'int'
2024-09-15 02:22:36,225 - Module(main):Line(96) ERROR - Could not process file.
2024-09-15 02:22:36,227 - Module(main):Line(72) INFO - Processing file /mnt/geosense/cameras/G5Bullet_31/mp4/File_018_G5Bullet_31_F4E2C678CB5A_2024-09-11_19_0.mp4...
2024-09-15 02:22:36,281 - Module(data_preprocessing):Line(132) INFO - Frame rate: 13.668953748833475
2024-09-15 02:22:36,282 - Module(data_preprocessing):Line(133) INFO - Extracting frames from video '/mnt/geosense/cameras/G5Bullet_31/mp4/File_018_G5Bullet_31_F4E2C678CB5A_2024-09-11_19_0.mp4'...
2024-09-15 02:22:36,353 - Module(main):Line(95) ERROR - Error: unsupported operand type(s) for +: 'NoneType' and 'int'
2024-09-15 02:22:36,354 - Module(main):Line(96) ERROR - Could not process file.
2024-09-15 02:22:36,355 - Module(main):Line(72) INFO - Processing file /mnt/geosense/cameras/G5Bullet_31/mp4/File_019_G5Bullet_31_F4E2C678CB5A_2024-09-11_20_0.mp4...
2024-09-15 02:22:36,390 - Module(data_preprocessing):Line(132) INFO - Frame rate: 21.525651037268688
2024-09-15 02:22:36,390 - Module(data_preprocessing):Line(133) INFO - Extracting frames from video '/mnt/geosense/cameras/G5Bullet_31/mp4/File_019_G5Bullet_31_F4E2C678CB5A_2024-09-11_20_0.mp4'...
2024-09-15 02:22:36,457 - Module(main):Line(95) ERROR - Error: unsupported operand type(s) for +: 'NoneType' and 'int'
2024-09-15 02:22:36,457 - Module(main):Line(96) ERROR - Could not process file.
2024-09-15 02:22:36,459 - Module(main):Line(72) INFO - Processing file /mnt/geosense/cameras/G5Bullet_31/mp4/File_020_G5Bullet_31_F4E2C678CB5A_2024-09-11_21_0.mp4...
2024-09-15 02:22:36,509 - Module(data_preprocessing):Line(132) INFO - Frame rate: 23.690284317341263
2024-09-15 02:22:36,510 - Module(data_preprocessing):Line(133) INFO - Extracting frames from video '/mnt/geosense/cameras/G5Bullet_31/mp4/File_020_G5Bullet_31_F4E2C678CB5A_2024-09-11_21_0.mp4'...
2024-09-15 02:22:36,621 - Module(main):Line(95) ERROR - Error: unsupported operand type(s) for +: 'NoneType' and 'int'
2024-09-15 02:22:36,621 - Module(main):Line(96) ERROR - Could not process file.
2024-09-15 02:22:36,623 - Module(main):Line(72) INFO - Processing file /mnt/geosense/cameras/G5Bullet_31/mp4/File_021_G5Bullet_31_F4E2C678CB5A_2024-09-11_22_0.mp4...
2024-09-15 02:22:36,668 - Module(data_preprocessing):Line(132) INFO - Frame rate: 30.000067039255953
2024-09-15 02:22:36,668 - Module(data_preprocessing):Line(133) INFO - Extracting frames from video '/mnt/geosense/cameras/G5Bullet_31/mp4/File_021_G5Bullet_31_F4E2C678CB5A_2024-09-11_22_0.mp4'...
2024-09-15 02:22:36,754 - Module(main):Line(95) ERROR - Error: unsupported operand type(s) for +: 'NoneType' and 'int'
2024-09-15 02:22:36,754 - Module(main):Line(96) ERROR - Could not process file.
2024-09-15 02:22:36,756 - Module(main):Line(72) INFO - Processing file /mnt/geosense/cameras/G5Bullet_31/mp4/File_022_G5Bullet_31_F4E2C678CB5A_2024-09-11_23_0.mp4...
2024-09-15 02:22:36,811 - Module(data_preprocessing):Line(132) INFO - Frame rate: 27.775139423452053
2024-09-15 02:22:36,811 - Module(data_preprocessing):Line(133) INFO - Extracting frames from video '/mnt/geosense/cameras/G5Bullet_31/mp4/File_022_G5Bullet_31_F4E2C678CB5A_2024-09-11_23_0.mp4'...
2024-09-15 02:22:36,914 - Module(main):Line(95) ERROR - Error: unsupported operand type(s) for +: 'NoneType' and 'int'
2024-09-15 02:22:36,914 - Module(main):Line(96) ERROR - Could not process file.
2024-09-15 02:22:36,916 - Module(main):Line(72) INFO - Processing file /mnt/geosense/cameras/G5Bullet_31/mp4/File_023_G5Bullet_31_F4E2C678CB5A_2024-09-11_24_0.mp4...
2024-09-15 02:22:36,940 - Module(data_preprocessing):Line(132) INFO - Frame rate: 29.99999851851859
2024-09-15 02:22:36,940 - Module(data_preprocessing):Line(133) INFO - Extracting frames from video '/mnt/geosense/cameras/G5Bullet_31/mp4/File_023_G5Bullet_31_F4E2C678CB5A_2024-09-11_24_0.mp4'...
2024-09-15 02:22:37,017 - Module(main):Line(95) ERROR - Error: unsupported operand type(s) for +: 'NoneType' and 'int'
2024-09-15 02:22:37,017 - Module(main):Line(96) ERROR - Could not process file.
2024-09-15 02:22:37,019 - Module(main):Line(72) INFO - Processing file /mnt/geosense/cameras/G5Bullet_31/mp4/File_024_G5Bullet_31_F4E2C678CB5A_2024-09-11_25_0.mp4...
2024-09-15 02:22:37,083 - Module(data_preprocessing):Line(132) INFO - Frame rate: 29.636411325699203
2024-09-15 02:22:37,083 - Module(data_preprocessing):Line(133) INFO - Extracting frames from video '/mnt/geosense/cameras/G5Bullet_31/mp4/File_024_G5Bullet_31_F4E2C678CB5A_2024-09-11_25_0.mp4'...
2024-09-15 02:22:37,206 - Module(main):Line(95) ERROR - Error: unsupported operand type(s) for +: 'NoneType' and 'int'
2024-09-15 02:22:37,207 - Module(main):Line(96) ERROR - Could not process file.
2024-09-15 02:22:37,208 - Module(main):Line(72) INFO - Processing file /mnt/geosense/cameras/G5Bullet_31/mp4/File_025_G5Bullet_31_F4E2C678CB5A_2024-09-11_26_0.mp4...
2024-09-15 02:22:37,269 - Module(data_preprocessing):Line(132) INFO - Frame rate: 29.640362514436642
2024-09-15 02:22:37,269 - Module(data_preprocessing):Line(133) INFO - Extracting frames from video '/mnt/geosense/cameras/G5Bullet_31/mp4/File_025_G5Bullet_31_F4E2C678CB5A_2024-09-11_26_0.mp4'...
2024-09-15 02:22:37,359 - Module(main):Line(95) ERROR - Error: unsupported operand type(s) for +: 'NoneType' and 'int'
2024-09-15 02:22:37,359 - Module(main):Line(96) ERROR - Could not process file.
2024-09-15 02:22:37,360 - Module(main):Line(72) INFO - Processing file /mnt/geosense/cameras/G5Bullet_31/mp4/File_026_G5Bullet_31_F4E2C678CB5A_2024-09-11_27_0.mp4...
2024-09-15 02:22:37,413 - Module(data_preprocessing):Line(132) INFO - Frame rate: 30.00040719393262
2024-09-15 02:22:37,414 - Module(data_preprocessing):Line(133) INFO - Extracting frames from video '/mnt/geosense/cameras/G5Bullet_31/mp4/File_026_G5Bullet_31_F4E2C678CB5A_2024-09-11_27_0.mp4'...
2024-09-15 02:22:37,507 - Module(main):Line(95) ERROR - Error: unsupported operand type(s) for +: 'NoneType' and 'int'
2024-09-15 02:22:37,507 - Module(main):Line(96) ERROR - Could not process file.
2024-09-15 02:22:37,509 - Module(main):Line(72) INFO - Processing file /mnt/geosense/cameras/G5Bullet_31/mp4/File_027_G5Bullet_31_F4E2C678CB5A_2024-09-11_28_0.mp4...
2024-09-15 02:22:37,560 - Module(data_preprocessing):Line(132) INFO - Frame rate: 29.999774939031784
2024-09-15 02:22:37,560 - Module(data_preprocessing):Line(133) INFO - Extracting frames from video '/mnt/geosense/cameras/G5Bullet_31/mp4/File_027_G5Bullet_31_F4E2C678CB5A_2024-09-11_28_0.mp4'...
2024-09-15 02:22:37,655 - Module(main):Line(95) ERROR - Error: unsupported operand type(s) for +: 'NoneType' and 'int'
2024-09-15 02:22:37,655 - Module(main):Line(96) ERROR - Could not process file.
2024-09-15 02:22:37,657 - Module(main):Line(72) INFO - Processing file /mnt/geosense/cameras/G5Bullet_31/mp4/File_028_G5Bullet_31_F4E2C678CB5A_2024-09-11_29_0.mp4...
2024-09-15 02:22:37,709 - Module(data_preprocessing):Line(132) INFO - Frame rate: 29.999921155260576
2024-09-15 02:22:37,709 - Module(data_preprocessing):Line(133) INFO - Extracting frames from video '/mnt/geosense/cameras/G5Bullet_31/mp4/File_028_G5Bullet_31_F4E2C678CB5A_2024-09-11_29_0.mp4'...
2024-09-15 02:22:37,818 - Module(main):Line(95) ERROR - Error: unsupported operand type(s) for +: 'NoneType' and 'int'
2024-09-15 02:22:37,818 - Module(main):Line(96) ERROR - Could not process file.
2024-09-15 02:22:37,820 - Module(main):Line(72) INFO - Processing file /mnt/geosense/cameras/G5Bullet_31/mp4/File_029_G5Bullet_31_F4E2C678CB5A_2024-09-11_30_0.mp4...
2024-09-15 02:22:37,873 - Module(data_preprocessing):Line(132) INFO - Frame rate: 29.599557864192974
2024-09-15 02:22:37,873 - Module(data_preprocessing):Line(133) INFO - Extracting frames from video '/mnt/geosense/cameras/G5Bullet_31/mp4/File_029_G5Bullet_31_F4E2C678CB5A_2024-09-11_30_0.mp4'...
2024-09-15 02:22:37,965 - Module(main):Line(95) ERROR - Error: unsupported operand type(s) for +: 'NoneType' and 'int'
2024-09-15 02:22:37,965 - Module(main):Line(96) ERROR - Could not process file.
2024-09-15 02:22:37,967 - Module(main):Line(72) INFO - Processing file /mnt/geosense/cameras/G5Bullet_31/mp4/File_030_G5Bullet_31_F4E2C678CB5A_2024-09-11_31_0.mp4...
2024-09-15 02:22:38,015 - Module(data_preprocessing):Line(132) INFO - Frame rate: 29.531753005567065
2024-09-15 02:22:38,015 - Module(data_preprocessing):Line(133) INFO - Extracting frames from video '/mnt/geosense/cameras/G5Bullet_31/mp4/File_030_G5Bullet_31_F4E2C678CB5A_2024-09-11_31_0.mp4'...
2024-09-15 02:22:38,102 - Module(main):Line(95) ERROR - Error: unsupported operand type(s) for +: 'NoneType' and 'int'
2024-09-15 02:22:38,102 - Module(main):Line(96) ERROR - Could not process file.
2024-09-15 02:22:38,104 - Module(main):Line(99) INFO - Generate video...
2024-09-15 02:22:38,104 - Module(main):Line(102) INFO - Exporting video to /mnt/geosense/cameras/G5Bullet_31/video_timelapse_export/G5Bullet_31_2024-09-11_fr30.mp4...
2024-09-15 02:23:26,765 - Module(main):Line(111) INFO - Transfering video to Pylos: /mnt/gsdata/projects/ecosense/AngleCam2_0/data/raw_videos/G5Bullet_31/2024/09/11
2024-09-15 02:23:54,723 - Module(main):Line(123) INFO - ::: Successful transfer of video to Pylos. :::
2024-09-15 02:23:54,723 - Module(logger):Line(76) INFO - --------------------------------------------------
2024-09-15 02:23:54,723 - Module(logger):Line(77) INFO - --------------------------------------------------
