2024-09-16 15:36:51,254 - Module(logger):Line(76) INFO - --------------------------------------------------
2024-09-16 15:36:51,255 - Module(logger):Line(77) INFO - --------------------------------------------------
2024-09-16 15:36:51,255 - Module(main):Line(56) INFO - ::: Processing camera G5Bullet_31 :::
2024-09-16 15:36:51,255 - Module(logger):Line(76) INFO - --------------------------------------------------
2024-09-16 15:36:51,255 - Module(logger):Line(77) INFO - --------------------------------------------------
2024-09-16 15:36:51,256 - Module(main):Line(59) INFO - Transfering data from NVR (/volume1/videos/2024-09-15/G5Bullet_31/*0.mp4) to VM (/mnt/geosense/cameras/G5Bullet_31/mp4)...
2024-09-16 15:37:09,760 - Module(logger):Line(76) INFO - --------------------------------------------------
2024-09-16 15:37:09,761 - Module(logger):Line(77) INFO - --------------------------------------------------
2024-09-16 15:37:09,761 - Module(main):Line(56) INFO - ::: Processing camera G5Bullet_31 :::
2024-09-16 15:37:09,761 - Module(logger):Line(76) INFO - --------------------------------------------------
2024-09-16 15:37:09,761 - Module(logger):Line(77) INFO - --------------------------------------------------
2024-09-16 15:37:09,761 - Module(main):Line(59) INFO - Transfering data from NVR (/volume1/videos/2024-09-15/G5Bullet_31/*0.mp4) to VM (/mnt/geosense/cameras/G5Bullet_31/mp4)...
2024-09-16 15:57:32,302 - Module(main):Line(65) INFO - Extract frames...
2024-09-16 15:57:32,303 - Module(camera):Line(32) INFO - Renaming .mp4 files...
2024-09-16 15:57:32,653 - Module(camera):Line(38) INFO - Renamed /mnt/geosense/cameras/G5Bullet_31/mp4/G5Bullet_31_F4E2C678CB5A_2024-09-15_1_0.mp4 to /mnt/geosense/cameras/G5Bullet_31/mp4/File_000_G5Bullet_31_F4E2C678CB5A_2024-09-15_1_0.mp4
2024-09-16 15:57:32,654 - Module(camera):Line(38) INFO - Renamed /mnt/geosense/cameras/G5Bullet_31/mp4/G5Bullet_31_F4E2C678CB5A_2024-09-15_2_0.mp4 to /mnt/geosense/cameras/G5Bullet_31/mp4/File_001_G5Bullet_31_F4E2C678CB5A_2024-09-15_2_0.mp4
2024-09-16 15:57:32,654 - Module(camera):Line(38) INFO - Renamed /mnt/geosense/cameras/G5Bullet_31/mp4/G5Bullet_31_F4E2C678CB5A_2024-09-15_3_0.mp4 to /mnt/geosense/cameras/G5Bullet_31/mp4/File_002_G5Bullet_31_F4E2C678CB5A_2024-09-15_3_0.mp4
2024-09-16 15:57:32,654 - Module(camera):Line(38) INFO - Renamed /mnt/geosense/cameras/G5Bullet_31/mp4/G5Bullet_31_F4E2C678CB5A_2024-09-15_4_0.mp4 to /mnt/geosense/cameras/G5Bullet_31/mp4/File_003_G5Bullet_31_F4E2C678CB5A_2024-09-15_4_0.mp4
2024-09-16 15:57:32,654 - Module(camera):Line(38) INFO - Renamed /mnt/geosense/cameras/G5Bullet_31/mp4/G5Bullet_31_F4E2C678CB5A_2024-09-15_5_0.mp4 to /mnt/geosense/cameras/G5Bullet_31/mp4/File_004_G5Bullet_31_F4E2C678CB5A_2024-09-15_5_0.mp4
2024-09-16 15:57:32,654 - Module(camera):Line(38) INFO - Renamed /mnt/geosense/cameras/G5Bullet_31/mp4/G5Bullet_31_F4E2C678CB5A_2024-09-15_6_0.mp4 to /mnt/geosense/cameras/G5Bullet_31/mp4/File_005_G5Bullet_31_F4E2C678CB5A_2024-09-15_6_0.mp4
2024-09-16 15:57:32,654 - Module(camera):Line(38) INFO - Renamed /mnt/geosense/cameras/G5Bullet_31/mp4/G5Bullet_31_F4E2C678CB5A_2024-09-15_7_0.mp4 to /mnt/geosense/cameras/G5Bullet_31/mp4/File_006_G5Bullet_31_F4E2C678CB5A_2024-09-15_7_0.mp4
2024-09-16 15:57:32,655 - Module(camera):Line(38) INFO - Renamed /mnt/geosense/cameras/G5Bullet_31/mp4/G5Bullet_31_F4E2C678CB5A_2024-09-15_8_0.mp4 to /mnt/geosense/cameras/G5Bullet_31/mp4/File_007_G5Bullet_31_F4E2C678CB5A_2024-09-15_8_0.mp4
2024-09-16 15:57:32,655 - Module(camera):Line(38) INFO - Renamed /mnt/geosense/cameras/G5Bullet_31/mp4/G5Bullet_31_F4E2C678CB5A_2024-09-15_9_0.mp4 to /mnt/geosense/cameras/G5Bullet_31/mp4/File_008_G5Bullet_31_F4E2C678CB5A_2024-09-15_9_0.mp4
2024-09-16 15:57:32,655 - Module(camera):Line(38) INFO - Renamed /mnt/geosense/cameras/G5Bullet_31/mp4/G5Bullet_31_F4E2C678CB5A_2024-09-15_10_0.mp4 to /mnt/geosense/cameras/G5Bullet_31/mp4/File_009_G5Bullet_31_F4E2C678CB5A_2024-09-15_10_0.mp4
2024-09-16 15:57:32,655 - Module(camera):Line(38) INFO - Renamed /mnt/geosense/cameras/G5Bullet_31/mp4/G5Bullet_31_F4E2C678CB5A_2024-09-15_11_0.mp4 to /mnt/geosense/cameras/G5Bullet_31/mp4/File_010_G5Bullet_31_F4E2C678CB5A_2024-09-15_11_0.mp4
2024-09-16 15:57:32,655 - Module(camera):Line(38) INFO - Renamed /mnt/geosense/cameras/G5Bullet_31/mp4/G5Bullet_31_F4E2C678CB5A_2024-09-15_12_0.mp4 to /mnt/geosense/cameras/G5Bullet_31/mp4/File_011_G5Bullet_31_F4E2C678CB5A_2024-09-15_12_0.mp4
2024-09-16 15:57:32,655 - Module(camera):Line(38) INFO - Renamed /mnt/geosense/cameras/G5Bullet_31/mp4/G5Bullet_31_F4E2C678CB5A_2024-09-15_13_0.mp4 to /mnt/geosense/cameras/G5Bullet_31/mp4/File_012_G5Bullet_31_F4E2C678CB5A_2024-09-15_13_0.mp4
2024-09-16 15:57:32,655 - Module(camera):Line(38) INFO - Renamed /mnt/geosense/cameras/G5Bullet_31/mp4/G5Bullet_31_F4E2C678CB5A_2024-09-15_14_0.mp4 to /mnt/geosense/cameras/G5Bullet_31/mp4/File_013_G5Bullet_31_F4E2C678CB5A_2024-09-15_14_0.mp4
2024-09-16 15:57:32,655 - Module(camera):Line(38) INFO - Renamed /mnt/geosense/cameras/G5Bullet_31/mp4/G5Bullet_31_F4E2C678CB5A_2024-09-15_15_0.mp4 to /mnt/geosense/cameras/G5Bullet_31/mp4/File_014_G5Bullet_31_F4E2C678CB5A_2024-09-15_15_0.mp4
2024-09-16 15:57:32,656 - Module(camera):Line(38) INFO - Renamed /mnt/geosense/cameras/G5Bullet_31/mp4/G5Bullet_31_F4E2C678CB5A_2024-09-15_16_0.mp4 to /mnt/geosense/cameras/G5Bullet_31/mp4/File_015_G5Bullet_31_F4E2C678CB5A_2024-09-15_16_0.mp4
2024-09-16 15:57:32,656 - Module(camera):Line(38) INFO - Renamed /mnt/geosense/cameras/G5Bullet_31/mp4/G5Bullet_31_F4E2C678CB5A_2024-09-15_17_0.mp4 to /mnt/geosense/cameras/G5Bullet_31/mp4/File_016_G5Bullet_31_F4E2C678CB5A_2024-09-15_17_0.mp4
2024-09-16 15:57:32,656 - Module(camera):Line(38) INFO - Renamed /mnt/geosense/cameras/G5Bullet_31/mp4/G5Bullet_31_F4E2C678CB5A_2024-09-15_18_0.mp4 to /mnt/geosense/cameras/G5Bullet_31/mp4/File_017_G5Bullet_31_F4E2C678CB5A_2024-09-15_18_0.mp4
2024-09-16 15:57:32,656 - Module(camera):Line(38) INFO - Renamed /mnt/geosense/cameras/G5Bullet_31/mp4/G5Bullet_31_F4E2C678CB5A_2024-09-15_19_0.mp4 to /mnt/geosense/cameras/G5Bullet_31/mp4/File_018_G5Bullet_31_F4E2C678CB5A_2024-09-15_19_0.mp4
2024-09-16 15:57:32,656 - Module(camera):Line(38) INFO - Renamed /mnt/geosense/cameras/G5Bullet_31/mp4/G5Bullet_31_F4E2C678CB5A_2024-09-15_20_0.mp4 to /mnt/geosense/cameras/G5Bullet_31/mp4/File_019_G5Bullet_31_F4E2C678CB5A_2024-09-15_20_0.mp4
2024-09-16 15:57:32,656 - Module(camera):Line(38) INFO - Renamed /mnt/geosense/cameras/G5Bullet_31/mp4/G5Bullet_31_F4E2C678CB5A_2024-09-15_21_0.mp4 to /mnt/geosense/cameras/G5Bullet_31/mp4/File_020_G5Bullet_31_F4E2C678CB5A_2024-09-15_21_0.mp4
2024-09-16 15:57:32,656 - Module(camera):Line(38) INFO - Renamed /mnt/geosense/cameras/G5Bullet_31/mp4/G5Bullet_31_F4E2C678CB5A_2024-09-15_22_0.mp4 to /mnt/geosense/cameras/G5Bullet_31/mp4/File_021_G5Bullet_31_F4E2C678CB5A_2024-09-15_22_0.mp4
2024-09-16 15:57:32,656 - Module(camera):Line(38) INFO - Renamed /mnt/geosense/cameras/G5Bullet_31/mp4/G5Bullet_31_F4E2C678CB5A_2024-09-15_23_0.mp4 to /mnt/geosense/cameras/G5Bullet_31/mp4/File_022_G5Bullet_31_F4E2C678CB5A_2024-09-15_23_0.mp4
2024-09-16 15:57:32,657 - Module(camera):Line(38) INFO - Renamed /mnt/geosense/cameras/G5Bullet_31/mp4/G5Bullet_31_F4E2C678CB5A_2024-09-15_24_0.mp4 to /mnt/geosense/cameras/G5Bullet_31/mp4/File_023_G5Bullet_31_F4E2C678CB5A_2024-09-15_24_0.mp4
2024-09-16 15:57:32,657 - Module(camera):Line(38) INFO - Renamed /mnt/geosense/cameras/G5Bullet_31/mp4/G5Bullet_31_F4E2C678CB5A_2024-09-15_25_0.mp4 to /mnt/geosense/cameras/G5Bullet_31/mp4/File_024_G5Bullet_31_F4E2C678CB5A_2024-09-15_25_0.mp4
2024-09-16 15:57:32,657 - Module(camera):Line(38) INFO - Renamed /mnt/geosense/cameras/G5Bullet_31/mp4/G5Bullet_31_F4E2C678CB5A_2024-09-15_26_0.mp4 to /mnt/geosense/cameras/G5Bullet_31/mp4/File_025_G5Bullet_31_F4E2C678CB5A_2024-09-15_26_0.mp4
2024-09-16 15:57:32,657 - Module(camera):Line(38) INFO - Renamed /mnt/geosense/cameras/G5Bullet_31/mp4/G5Bullet_31_F4E2C678CB5A_2024-09-15_27_0.mp4 to /mnt/geosense/cameras/G5Bullet_31/mp4/File_026_G5Bullet_31_F4E2C678CB5A_2024-09-15_27_0.mp4
2024-09-16 15:57:32,657 - Module(camera):Line(38) INFO - Renamed /mnt/geosense/cameras/G5Bullet_31/mp4/G5Bullet_31_F4E2C678CB5A_2024-09-15_28_0.mp4 to /mnt/geosense/cameras/G5Bullet_31/mp4/File_027_G5Bullet_31_F4E2C678CB5A_2024-09-15_28_0.mp4
2024-09-16 15:57:32,657 - Module(camera):Line(38) INFO - Renamed /mnt/geosense/cameras/G5Bullet_31/mp4/G5Bullet_31_F4E2C678CB5A_2024-09-15_29_0.mp4 to /mnt/geosense/cameras/G5Bullet_31/mp4/File_028_G5Bullet_31_F4E2C678CB5A_2024-09-15_29_0.mp4
2024-09-16 15:57:32,657 - Module(camera):Line(38) INFO - Renamed /mnt/geosense/cameras/G5Bullet_31/mp4/G5Bullet_31_F4E2C678CB5A_2024-09-15_30_0.mp4 to /mnt/geosense/cameras/G5Bullet_31/mp4/File_029_G5Bullet_31_F4E2C678CB5A_2024-09-15_30_0.mp4
2024-09-16 15:57:32,657 - Module(camera):Line(38) INFO - Renamed /mnt/geosense/cameras/G5Bullet_31/mp4/G5Bullet_31_F4E2C678CB5A_2024-09-15_31_0.mp4 to /mnt/geosense/cameras/G5Bullet_31/mp4/File_030_G5Bullet_31_F4E2C678CB5A_2024-09-15_31_0.mp4
2024-09-16 15:57:32,658 - Module(camera):Line(38) INFO - Renamed /mnt/geosense/cameras/G5Bullet_31/mp4/G5Bullet_31_F4E2C678CB5A_2024-09-15_32_0.mp4 to /mnt/geosense/cameras/G5Bullet_31/mp4/File_031_G5Bullet_31_F4E2C678CB5A_2024-09-15_32_0.mp4
2024-09-16 15:57:32,658 - Module(camera):Line(38) INFO - Renamed /mnt/geosense/cameras/G5Bullet_31/mp4/G5Bullet_31_F4E2C678CB5A_2024-09-15_33_0.mp4 to /mnt/geosense/cameras/G5Bullet_31/mp4/File_032_G5Bullet_31_F4E2C678CB5A_2024-09-15_33_0.mp4
2024-09-16 15:57:32,658 - Module(camera):Line(38) INFO - Renamed /mnt/geosense/cameras/G5Bullet_31/mp4/G5Bullet_31_F4E2C678CB5A_2024-09-15_34_0.mp4 to /mnt/geosense/cameras/G5Bullet_31/mp4/File_033_G5Bullet_31_F4E2C678CB5A_2024-09-15_34_0.mp4
2024-09-16 15:57:32,658 - Module(camera):Line(38) INFO - Renamed /mnt/geosense/cameras/G5Bullet_31/mp4/G5Bullet_31_F4E2C678CB5A_2024-09-15_35_0.mp4 to /mnt/geosense/cameras/G5Bullet_31/mp4/File_034_G5Bullet_31_F4E2C678CB5A_2024-09-15_35_0.mp4
2024-09-16 15:57:32,658 - Module(camera):Line(38) INFO - Renamed /mnt/geosense/cameras/G5Bullet_31/mp4/G5Bullet_31_F4E2C678CB5A_2024-09-15_36_0.mp4 to /mnt/geosense/cameras/G5Bullet_31/mp4/File_035_G5Bullet_31_F4E2C678CB5A_2024-09-15_36_0.mp4
2024-09-16 15:57:32,658 - Module(camera):Line(38) INFO - Renamed /mnt/geosense/cameras/G5Bullet_31/mp4/G5Bullet_31_F4E2C678CB5A_2024-09-15_37_0.mp4 to /mnt/geosense/cameras/G5Bullet_31/mp4/File_036_G5Bullet_31_F4E2C678CB5A_2024-09-15_37_0.mp4
2024-09-16 15:57:32,658 - Module(camera):Line(38) INFO - Renamed /mnt/geosense/cameras/G5Bullet_31/mp4/G5Bullet_31_F4E2C678CB5A_2024-09-15_38_0.mp4 to /mnt/geosense/cameras/G5Bullet_31/mp4/File_037_G5Bullet_31_F4E2C678CB5A_2024-09-15_38_0.mp4
2024-09-16 15:57:32,659 - Module(main):Line(72) INFO - Processing file /mnt/geosense/cameras/G5Bullet_31/mp4/File_000_G5Bullet_31_F4E2C678CB5A_2024-09-15_1_0.mp4...
2024-09-16 15:57:32,682 - Module(main):Line(65) INFO - Extract frames...
2024-09-16 15:57:32,682 - Module(camera):Line(32) INFO - Renaming .mp4 files...
2024-09-16 15:57:32,683 - Module(camera):Line(38) INFO - Renamed /mnt/geosense/cameras/G5Bullet_31/mp4/File_000_G5Bullet_31_F4E2C678CB5A_2024-09-15_1_0.mp4 to /mnt/geosense/cameras/G5Bullet_31/mp4/File_000_File_000_G5Bullet_31_F4E2C678CB5A_2024-09-15_1_0.mp4
2024-09-16 15:57:32,683 - Module(camera):Line(38) INFO - Renamed /mnt/geosense/cameras/G5Bullet_31/mp4/File_001_G5Bullet_31_F4E2C678CB5A_2024-09-15_2_0.mp4 to /mnt/geosense/cameras/G5Bullet_31/mp4/File_001_File_001_G5Bullet_31_F4E2C678CB5A_2024-09-15_2_0.mp4
2024-09-16 15:57:32,683 - Module(camera):Line(38) INFO - Renamed /mnt/geosense/cameras/G5Bullet_31/mp4/File_002_G5Bullet_31_F4E2C678CB5A_2024-09-15_3_0.mp4 to /mnt/geosense/cameras/G5Bullet_31/mp4/File_002_File_002_G5Bullet_31_F4E2C678CB5A_2024-09-15_3_0.mp4
2024-09-16 15:57:32,683 - Module(camera):Line(38) INFO - Renamed /mnt/geosense/cameras/G5Bullet_31/mp4/File_003_G5Bullet_31_F4E2C678CB5A_2024-09-15_4_0.mp4 to /mnt/geosense/cameras/G5Bullet_31/mp4/File_003_File_003_G5Bullet_31_F4E2C678CB5A_2024-09-15_4_0.mp4
2024-09-16 15:57:32,683 - Module(camera):Line(38) INFO - Renamed /mnt/geosense/cameras/G5Bullet_31/mp4/File_004_G5Bullet_31_F4E2C678CB5A_2024-09-15_5_0.mp4 to /mnt/geosense/cameras/G5Bullet_31/mp4/File_004_File_004_G5Bullet_31_F4E2C678CB5A_2024-09-15_5_0.mp4
2024-09-16 15:57:32,683 - Module(camera):Line(38) INFO - Renamed /mnt/geosense/cameras/G5Bullet_31/mp4/File_005_G5Bullet_31_F4E2C678CB5A_2024-09-15_6_0.mp4 to /mnt/geosense/cameras/G5Bullet_31/mp4/File_005_File_005_G5Bullet_31_F4E2C678CB5A_2024-09-15_6_0.mp4
2024-09-16 15:57:32,683 - Module(camera):Line(38) INFO - Renamed /mnt/geosense/cameras/G5Bullet_31/mp4/File_006_G5Bullet_31_F4E2C678CB5A_2024-09-15_7_0.mp4 to /mnt/geosense/cameras/G5Bullet_31/mp4/File_006_File_006_G5Bullet_31_F4E2C678CB5A_2024-09-15_7_0.mp4
2024-09-16 15:57:32,683 - Module(camera):Line(38) INFO - Renamed /mnt/geosense/cameras/G5Bullet_31/mp4/File_007_G5Bullet_31_F4E2C678CB5A_2024-09-15_8_0.mp4 to /mnt/geosense/cameras/G5Bullet_31/mp4/File_007_File_007_G5Bullet_31_F4E2C678CB5A_2024-09-15_8_0.mp4
2024-09-16 15:57:32,684 - Module(camera):Line(38) INFO - Renamed /mnt/geosense/cameras/G5Bullet_31/mp4/File_008_G5Bullet_31_F4E2C678CB5A_2024-09-15_9_0.mp4 to /mnt/geosense/cameras/G5Bullet_31/mp4/File_008_File_008_G5Bullet_31_F4E2C678CB5A_2024-09-15_9_0.mp4
2024-09-16 15:57:32,684 - Module(camera):Line(38) INFO - Renamed /mnt/geosense/cameras/G5Bullet_31/mp4/File_009_G5Bullet_31_F4E2C678CB5A_2024-09-15_10_0.mp4 to /mnt/geosense/cameras/G5Bullet_31/mp4/File_009_File_009_G5Bullet_31_F4E2C678CB5A_2024-09-15_10_0.mp4
2024-09-16 15:57:32,684 - Module(camera):Line(38) INFO - Renamed /mnt/geosense/cameras/G5Bullet_31/mp4/File_010_G5Bullet_31_F4E2C678CB5A_2024-09-15_11_0.mp4 to /mnt/geosense/cameras/G5Bullet_31/mp4/File_010_File_010_G5Bullet_31_F4E2C678CB5A_2024-09-15_11_0.mp4
2024-09-16 15:57:32,684 - Module(camera):Line(38) INFO - Renamed /mnt/geosense/cameras/G5Bullet_31/mp4/File_011_G5Bullet_31_F4E2C678CB5A_2024-09-15_12_0.mp4 to /mnt/geosense/cameras/G5Bullet_31/mp4/File_011_File_011_G5Bullet_31_F4E2C678CB5A_2024-09-15_12_0.mp4
2024-09-16 15:57:32,684 - Module(camera):Line(38) INFO - Renamed /mnt/geosense/cameras/G5Bullet_31/mp4/File_012_G5Bullet_31_F4E2C678CB5A_2024-09-15_13_0.mp4 to /mnt/geosense/cameras/G5Bullet_31/mp4/File_012_File_012_G5Bullet_31_F4E2C678CB5A_2024-09-15_13_0.mp4
2024-09-16 15:57:32,684 - Module(camera):Line(38) INFO - Renamed /mnt/geosense/cameras/G5Bullet_31/mp4/File_013_G5Bullet_31_F4E2C678CB5A_2024-09-15_14_0.mp4 to /mnt/geosense/cameras/G5Bullet_31/mp4/File_013_File_013_G5Bullet_31_F4E2C678CB5A_2024-09-15_14_0.mp4
2024-09-16 15:57:32,684 - Module(camera):Line(38) INFO - Renamed /mnt/geosense/cameras/G5Bullet_31/mp4/File_014_G5Bullet_31_F4E2C678CB5A_2024-09-15_15_0.mp4 to /mnt/geosense/cameras/G5Bullet_31/mp4/File_014_File_014_G5Bullet_31_F4E2C678CB5A_2024-09-15_15_0.mp4
2024-09-16 15:57:32,684 - Module(camera):Line(38) INFO - Renamed /mnt/geosense/cameras/G5Bullet_31/mp4/File_015_G5Bullet_31_F4E2C678CB5A_2024-09-15_16_0.mp4 to /mnt/geosense/cameras/G5Bullet_31/mp4/File_015_File_015_G5Bullet_31_F4E2C678CB5A_2024-09-15_16_0.mp4
2024-09-16 15:57:32,685 - Module(camera):Line(38) INFO - Renamed /mnt/geosense/cameras/G5Bullet_31/mp4/File_016_G5Bullet_31_F4E2C678CB5A_2024-09-15_17_0.mp4 to /mnt/geosense/cameras/G5Bullet_31/mp4/File_016_File_016_G5Bullet_31_F4E2C678CB5A_2024-09-15_17_0.mp4
2024-09-16 15:57:32,685 - Module(camera):Line(38) INFO - Renamed /mnt/geosense/cameras/G5Bullet_31/mp4/File_017_G5Bullet_31_F4E2C678CB5A_2024-09-15_18_0.mp4 to /mnt/geosense/cameras/G5Bullet_31/mp4/File_017_File_017_G5Bullet_31_F4E2C678CB5A_2024-09-15_18_0.mp4
2024-09-16 15:57:32,685 - Module(camera):Line(38) INFO - Renamed /mnt/geosense/cameras/G5Bullet_31/mp4/File_018_G5Bullet_31_F4E2C678CB5A_2024-09-15_19_0.mp4 to /mnt/geosense/cameras/G5Bullet_31/mp4/File_018_File_018_G5Bullet_31_F4E2C678CB5A_2024-09-15_19_0.mp4
2024-09-16 15:57:32,685 - Module(camera):Line(38) INFO - Renamed /mnt/geosense/cameras/G5Bullet_31/mp4/File_019_G5Bullet_31_F4E2C678CB5A_2024-09-15_20_0.mp4 to /mnt/geosense/cameras/G5Bullet_31/mp4/File_019_File_019_G5Bullet_31_F4E2C678CB5A_2024-09-15_20_0.mp4
2024-09-16 15:57:32,685 - Module(camera):Line(38) INFO - Renamed /mnt/geosense/cameras/G5Bullet_31/mp4/File_020_G5Bullet_31_F4E2C678CB5A_2024-09-15_21_0.mp4 to /mnt/geosense/cameras/G5Bullet_31/mp4/File_020_File_020_G5Bullet_31_F4E2C678CB5A_2024-09-15_21_0.mp4
2024-09-16 15:57:32,685 - Module(camera):Line(38) INFO - Renamed /mnt/geosense/cameras/G5Bullet_31/mp4/File_021_G5Bullet_31_F4E2C678CB5A_2024-09-15_22_0.mp4 to /mnt/geosense/cameras/G5Bullet_31/mp4/File_021_File_021_G5Bullet_31_F4E2C678CB5A_2024-09-15_22_0.mp4
2024-09-16 15:57:32,685 - Module(camera):Line(38) INFO - Renamed /mnt/geosense/cameras/G5Bullet_31/mp4/File_022_G5Bullet_31_F4E2C678CB5A_2024-09-15_23_0.mp4 to /mnt/geosense/cameras/G5Bullet_31/mp4/File_022_File_022_G5Bullet_31_F4E2C678CB5A_2024-09-15_23_0.mp4
2024-09-16 15:57:32,685 - Module(camera):Line(38) INFO - Renamed /mnt/geosense/cameras/G5Bullet_31/mp4/File_023_G5Bullet_31_F4E2C678CB5A_2024-09-15_24_0.mp4 to /mnt/geosense/cameras/G5Bullet_31/mp4/File_023_File_023_G5Bullet_31_F4E2C678CB5A_2024-09-15_24_0.mp4
2024-09-16 15:57:32,685 - Module(camera):Line(38) INFO - Renamed /mnt/geosense/cameras/G5Bullet_31/mp4/File_024_G5Bullet_31_F4E2C678CB5A_2024-09-15_25_0.mp4 to /mnt/geosense/cameras/G5Bullet_31/mp4/File_024_File_024_G5Bullet_31_F4E2C678CB5A_2024-09-15_25_0.mp4
2024-09-16 15:57:32,686 - Module(camera):Line(38) INFO - Renamed /mnt/geosense/cameras/G5Bullet_31/mp4/File_025_G5Bullet_31_F4E2C678CB5A_2024-09-15_26_0.mp4 to /mnt/geosense/cameras/G5Bullet_31/mp4/File_025_File_025_G5Bullet_31_F4E2C678CB5A_2024-09-15_26_0.mp4
2024-09-16 15:57:32,686 - Module(camera):Line(38) INFO - Renamed /mnt/geosense/cameras/G5Bullet_31/mp4/File_026_G5Bullet_31_F4E2C678CB5A_2024-09-15_27_0.mp4 to /mnt/geosense/cameras/G5Bullet_31/mp4/File_026_File_026_G5Bullet_31_F4E2C678CB5A_2024-09-15_27_0.mp4
2024-09-16 15:57:32,686 - Module(camera):Line(38) INFO - Renamed /mnt/geosense/cameras/G5Bullet_31/mp4/File_027_G5Bullet_31_F4E2C678CB5A_2024-09-15_28_0.mp4 to /mnt/geosense/cameras/G5Bullet_31/mp4/File_027_File_027_G5Bullet_31_F4E2C678CB5A_2024-09-15_28_0.mp4
2024-09-16 15:57:32,686 - Module(camera):Line(38) INFO - Renamed /mnt/geosense/cameras/G5Bullet_31/mp4/File_028_G5Bullet_31_F4E2C678CB5A_2024-09-15_29_0.mp4 to /mnt/geosense/cameras/G5Bullet_31/mp4/File_028_File_028_G5Bullet_31_F4E2C678CB5A_2024-09-15_29_0.mp4
2024-09-16 15:57:32,686 - Module(camera):Line(38) INFO - Renamed /mnt/geosense/cameras/G5Bullet_31/mp4/File_029_G5Bullet_31_F4E2C678CB5A_2024-09-15_30_0.mp4 to /mnt/geosense/cameras/G5Bullet_31/mp4/File_029_File_029_G5Bullet_31_F4E2C678CB5A_2024-09-15_30_0.mp4
2024-09-16 15:57:32,686 - Module(camera):Line(38) INFO - Renamed /mnt/geosense/cameras/G5Bullet_31/mp4/File_030_G5Bullet_31_F4E2C678CB5A_2024-09-15_31_0.mp4 to /mnt/geosense/cameras/G5Bullet_31/mp4/File_030_File_030_G5Bullet_31_F4E2C678CB5A_2024-09-15_31_0.mp4
2024-09-16 15:57:32,686 - Module(camera):Line(38) INFO - Renamed /mnt/geosense/cameras/G5Bullet_31/mp4/File_031_G5Bullet_31_F4E2C678CB5A_2024-09-15_32_0.mp4 to /mnt/geosense/cameras/G5Bullet_31/mp4/File_031_File_031_G5Bullet_31_F4E2C678CB5A_2024-09-15_32_0.mp4
2024-09-16 15:57:32,686 - Module(camera):Line(38) INFO - Renamed /mnt/geosense/cameras/G5Bullet_31/mp4/File_032_G5Bullet_31_F4E2C678CB5A_2024-09-15_33_0.mp4 to /mnt/geosense/cameras/G5Bullet_31/mp4/File_032_File_032_G5Bullet_31_F4E2C678CB5A_2024-09-15_33_0.mp4
2024-09-16 15:57:32,687 - Module(camera):Line(38) INFO - Renamed /mnt/geosense/cameras/G5Bullet_31/mp4/File_033_G5Bullet_31_F4E2C678CB5A_2024-09-15_34_0.mp4 to /mnt/geosense/cameras/G5Bullet_31/mp4/File_033_File_033_G5Bullet_31_F4E2C678CB5A_2024-09-15_34_0.mp4
2024-09-16 15:57:32,687 - Module(camera):Line(38) INFO - Renamed /mnt/geosense/cameras/G5Bullet_31/mp4/File_034_G5Bullet_31_F4E2C678CB5A_2024-09-15_35_0.mp4 to /mnt/geosense/cameras/G5Bullet_31/mp4/File_034_File_034_G5Bullet_31_F4E2C678CB5A_2024-09-15_35_0.mp4
2024-09-16 15:57:32,687 - Module(camera):Line(38) INFO - Renamed /mnt/geosense/cameras/G5Bullet_31/mp4/File_035_G5Bullet_31_F4E2C678CB5A_2024-09-15_36_0.mp4 to /mnt/geosense/cameras/G5Bullet_31/mp4/File_035_File_035_G5Bullet_31_F4E2C678CB5A_2024-09-15_36_0.mp4
2024-09-16 15:57:32,687 - Module(camera):Line(38) INFO - Renamed /mnt/geosense/cameras/G5Bullet_31/mp4/File_036_G5Bullet_31_F4E2C678CB5A_2024-09-15_37_0.mp4 to /mnt/geosense/cameras/G5Bullet_31/mp4/File_036_File_036_G5Bullet_31_F4E2C678CB5A_2024-09-15_37_0.mp4
2024-09-16 15:57:32,687 - Module(camera):Line(38) INFO - Renamed /mnt/geosense/cameras/G5Bullet_31/mp4/File_037_G5Bullet_31_F4E2C678CB5A_2024-09-15_38_0.mp4 to /mnt/geosense/cameras/G5Bullet_31/mp4/File_037_File_037_G5Bullet_31_F4E2C678CB5A_2024-09-15_38_0.mp4
2024-09-16 15:57:32,687 - Module(main):Line(72) INFO - Processing file /mnt/geosense/cameras/G5Bullet_31/mp4/File_000_File_000_G5Bullet_31_F4E2C678CB5A_2024-09-15_1_0.mp4...
2024-09-16 15:57:32,778 - Module(data_preprocessing):Line(132) INFO - Frame rate: 29.999799306898154
2024-09-16 15:57:32,778 - Module(data_preprocessing):Line(132) INFO - Frame rate: 29.999799306898154
2024-09-16 15:57:32,778 - Module(data_preprocessing):Line(133) INFO - Extracting frames from video '/mnt/geosense/cameras/G5Bullet_31/mp4/File_000_File_000_G5Bullet_31_F4E2C678CB5A_2024-09-15_1_0.mp4'...
2024-09-16 15:57:32,778 - Module(data_preprocessing):Line(133) INFO - Extracting frames from video '/mnt/geosense/cameras/G5Bullet_31/mp4/File_000_G5Bullet_31_F4E2C678CB5A_2024-09-15_1_0.mp4'...
2024-09-16 15:57:32,931 - Module(data_preprocessing):Line(169) INFO - Extracting frame 0...
2024-09-16 15:57:32,931 - Module(data_preprocessing):Line(173) INFO - Frame number internal: 3599
2024-09-16 15:57:32,944 - Module(data_preprocessing):Line(169) INFO - Extracting frame 0...
2024-09-16 15:57:32,945 - Module(data_preprocessing):Line(173) INFO - Frame number internal: 3599
2024-09-16 15:57:34,866 - Module(data_preprocessing):Line(169) INFO - Extracting frame 1...
2024-09-16 15:57:34,867 - Module(data_preprocessing):Line(173) INFO - Frame number internal: 7198
2024-09-16 15:57:34,868 - Module(data_preprocessing):Line(169) INFO - Extracting frame 1...
2024-09-16 15:57:34,868 - Module(data_preprocessing):Line(173) INFO - Frame number internal: 7198
2024-09-16 15:57:36,459 - Module(data_preprocessing):Line(169) INFO - Extracting frame 2...
2024-09-16 15:57:36,458 - Module(data_preprocessing):Line(169) INFO - Extracting frame 2...
2024-09-16 15:57:36,459 - Module(data_preprocessing):Line(173) INFO - Frame number internal: 10797
2024-09-16 15:57:36,459 - Module(data_preprocessing):Line(173) INFO - Frame number internal: 10797
2024-09-16 15:57:38,354 - Module(data_preprocessing):Line(169) INFO - Extracting frame 3...
2024-09-16 15:57:38,355 - Module(data_preprocessing):Line(173) INFO - Frame number internal: 14396
2024-09-16 15:57:38,365 - Module(data_preprocessing):Line(169) INFO - Extracting frame 3...
2024-09-16 15:57:38,365 - Module(data_preprocessing):Line(173) INFO - Frame number internal: 14396
2024-09-16 15:57:40,077 - Module(data_preprocessing):Line(169) INFO - Extracting frame 4...
2024-09-16 15:57:40,077 - Module(data_preprocessing):Line(169) INFO - Extracting frame 4...
2024-09-16 15:57:40,078 - Module(data_preprocessing):Line(173) INFO - Frame number internal: 17995
2024-09-16 15:57:40,078 - Module(data_preprocessing):Line(173) INFO - Frame number internal: 17995
2024-09-16 15:57:41,713 - Module(data_preprocessing):Line(169) INFO - Extracting frame 5...
2024-09-16 15:57:41,714 - Module(data_preprocessing):Line(173) INFO - Frame number internal: 21594
2024-09-16 15:57:41,714 - Module(data_preprocessing):Line(169) INFO - Extracting frame 5...
2024-09-16 15:57:41,714 - Module(data_preprocessing):Line(173) INFO - Frame number internal: 21594
2024-09-16 15:57:43,354 - Module(data_preprocessing):Line(169) INFO - Extracting frame 6...
2024-09-16 15:57:43,354 - Module(data_preprocessing):Line(169) INFO - Extracting frame 6...
2024-09-16 15:57:43,354 - Module(data_preprocessing):Line(173) INFO - Frame number internal: 25193
2024-09-16 15:57:43,355 - Module(data_preprocessing):Line(173) INFO - Frame number internal: 25193
2024-09-16 15:57:45,190 - Module(data_preprocessing):Line(169) INFO - Extracting frame 7...
2024-09-16 15:57:45,190 - Module(data_preprocessing):Line(169) INFO - Extracting frame 7...
2024-09-16 15:57:45,190 - Module(data_preprocessing):Line(173) INFO - Frame number internal: 28792
2024-09-16 15:57:45,191 - Module(data_preprocessing):Line(173) INFO - Frame number internal: 28792
2024-09-16 15:57:47,013 - Module(data_preprocessing):Line(169) INFO - Extracting frame 8...
2024-09-16 15:57:47,013 - Module(data_preprocessing):Line(173) INFO - Frame number internal: 32391
2024-09-16 15:57:47,017 - Module(data_preprocessing):Line(169) INFO - Extracting frame 8...
2024-09-16 15:57:47,017 - Module(data_preprocessing):Line(173) INFO - Frame number internal: 32391
2024-09-16 15:57:48,763 - Module(data_preprocessing):Line(169) INFO - Extracting frame 9...
2024-09-16 15:57:48,763 - Module(data_preprocessing):Line(169) INFO - Extracting frame 9...
2024-09-16 15:57:48,764 - Module(data_preprocessing):Line(173) INFO - Frame number internal: 35990
2024-09-16 15:57:48,764 - Module(data_preprocessing):Line(173) INFO - Frame number internal: 35990
2024-09-16 15:57:50,233 - Module(data_preprocessing):Line(169) INFO - Extracting frame 10...
2024-09-16 15:57:50,233 - Module(data_preprocessing):Line(169) INFO - Extracting frame 10...
2024-09-16 15:57:50,233 - Module(data_preprocessing):Line(173) INFO - Frame number internal: 39589
2024-09-16 15:57:50,233 - Module(data_preprocessing):Line(173) INFO - Frame number internal: 39589
2024-09-16 15:57:51,798 - Module(data_preprocessing):Line(169) INFO - Extracting frame 11...
2024-09-16 15:57:51,798 - Module(data_preprocessing):Line(169) INFO - Extracting frame 11...
2024-09-16 15:57:51,798 - Module(data_preprocessing):Line(173) INFO - Frame number internal: 43188
2024-09-16 15:57:51,799 - Module(data_preprocessing):Line(173) INFO - Frame number internal: 43188
2024-09-16 15:57:53,437 - Module(data_preprocessing):Line(169) INFO - Extracting frame 12...
2024-09-16 15:57:53,438 - Module(data_preprocessing):Line(173) INFO - Frame number internal: 46787
2024-09-16 15:57:53,439 - Module(data_preprocessing):Line(169) INFO - Extracting frame 12...
2024-09-16 15:57:53,439 - Module(data_preprocessing):Line(173) INFO - Frame number internal: 46787
2024-09-16 15:57:54,762 - Module(data_preprocessing):Line(169) INFO - Extracting frame 13...
2024-09-16 15:57:54,763 - Module(data_preprocessing):Line(173) INFO - Frame number internal: 50386
2024-09-16 15:57:54,763 - Module(data_preprocessing):Line(169) INFO - Extracting frame 13...
2024-09-16 15:57:54,763 - Module(data_preprocessing):Line(173) INFO - Frame number internal: 50386
2024-09-16 15:57:56,103 - Module(data_preprocessing):Line(169) INFO - Extracting frame 14...
2024-09-16 15:57:56,103 - Module(data_preprocessing):Line(169) INFO - Extracting frame 14...
2024-09-16 15:57:56,103 - Module(data_preprocessing):Line(173) INFO - Frame number internal: 53985
2024-09-16 15:57:56,103 - Module(data_preprocessing):Line(173) INFO - Frame number internal: 53985
2024-09-16 15:57:57,784 - Module(data_preprocessing):Line(169) INFO - Extracting frame 15...
2024-09-16 15:57:57,784 - Module(data_preprocessing):Line(169) INFO - Extracting frame 15...
2024-09-16 15:57:57,785 - Module(data_preprocessing):Line(173) INFO - Frame number internal: 57584
2024-09-16 15:57:57,785 - Module(data_preprocessing):Line(173) INFO - Frame number internal: 57584
2024-09-16 15:57:59,187 - Module(data_preprocessing):Line(169) INFO - Extracting frame 16...
2024-09-16 15:57:59,187 - Module(data_preprocessing):Line(169) INFO - Extracting frame 16...
2024-09-16 15:57:59,187 - Module(data_preprocessing):Line(173) INFO - Frame number internal: 61183
2024-09-16 15:57:59,187 - Module(data_preprocessing):Line(173) INFO - Frame number internal: 61183
2024-09-16 15:58:00,620 - Module(data_preprocessing):Line(169) INFO - Extracting frame 17...
2024-09-16 15:58:00,620 - Module(data_preprocessing):Line(169) INFO - Extracting frame 17...
2024-09-16 15:58:00,620 - Module(data_preprocessing):Line(173) INFO - Frame number internal: 64782
2024-09-16 15:58:00,620 - Module(data_preprocessing):Line(173) INFO - Frame number internal: 64782
2024-09-16 15:58:02,475 - Module(data_preprocessing):Line(169) INFO - Extracting frame 18...
2024-09-16 15:58:02,475 - Module(data_preprocessing):Line(169) INFO - Extracting frame 18...
2024-09-16 15:58:02,476 - Module(data_preprocessing):Line(173) INFO - Frame number internal: 68381
2024-09-16 15:58:02,476 - Module(data_preprocessing):Line(173) INFO - Frame number internal: 68381
2024-09-16 15:58:03,785 - Module(data_preprocessing):Line(169) INFO - Extracting frame 19...
2024-09-16 15:58:03,785 - Module(data_preprocessing):Line(169) INFO - Extracting frame 19...
2024-09-16 15:58:03,785 - Module(data_preprocessing):Line(173) INFO - Frame number internal: 71980
2024-09-16 15:58:03,785 - Module(data_preprocessing):Line(173) INFO - Frame number internal: 71980
2024-09-16 15:58:05,137 - Module(data_preprocessing):Line(169) INFO - Extracting frame 20...
2024-09-16 15:58:05,137 - Module(data_preprocessing):Line(169) INFO - Extracting frame 20...
2024-09-16 15:58:05,137 - Module(data_preprocessing):Line(173) INFO - Frame number internal: 75579
2024-09-16 15:58:05,137 - Module(data_preprocessing):Line(154) INFO - Break: frame_number_internal exceeds total number of frames.
2024-09-16 15:58:05,138 - Module(data_preprocessing):Line(173) INFO - Frame number internal: 75579
2024-09-16 15:58:05,138 - Module(data_preprocessing):Line(154) INFO - Break: frame_number_internal exceeds total number of frames.
2024-09-16 15:58:05,139 - Module(data_preprocessing):Line(176) INFO - All frames extracted.
2024-09-16 15:58:05,139 - Module(data_preprocessing):Line(177) INFO - Frame number: 0
2024-09-16 15:58:05,140 - Module(data_preprocessing):Line(176) INFO - All frames extracted.
2024-09-16 15:58:05,140 - Module(data_preprocessing):Line(177) INFO - Frame number: 0
2024-09-16 15:58:05,141 - Module(main):Line(91) INFO - Enhance frames...
2024-09-16 15:58:05,141 - Module(camera):Line(43) INFO - Grouping files in sets...
2024-09-16 15:58:05,142 - Module(main):Line(91) INFO - Enhance frames...
2024-09-16 15:58:05,142 - Module(camera):Line(43) INFO - Grouping files in sets...
2024-09-16 15:58:05,160 - Module(camera):Line(48) INFO - Moving files to staging directory...
2024-09-16 15:58:05,160 - Module(camera):Line(48) INFO - Moving files to staging directory...
2024-09-16 15:58:05,161 - Module(main):Line(95) ERROR - Error: [Errno 2] No such file or directory: '/mnt/geosense/cameras/G5Bullet_31/frames/frame_000000.jpg'
2024-09-16 15:58:05,161 - Module(main):Line(96) ERROR - Could not process file.
2024-09-16 15:58:05,162 - Module(main):Line(72) INFO - Processing file /mnt/geosense/cameras/G5Bullet_31/mp4/File_001_G5Bullet_31_F4E2C678CB5A_2024-09-15_2_0.mp4...
2024-09-16 15:58:05,168 - Module(data_preprocessing):Line(124) INFO - Error: Could not open video.
2024-09-16 15:58:05,168 - Module(main):Line(91) INFO - Enhance frames...
2024-09-16 15:58:05,168 - Module(camera):Line(43) INFO - Grouping files in sets...
2024-09-16 15:58:05,169 - Module(camera):Line(48) INFO - Moving files to staging directory...
2024-09-16 15:58:05,170 - Module(camera):Line(52) INFO - Keeping every third file and removing the others...
2024-09-16 15:58:05,171 - Module(camera):Line(52) INFO - Keeping every third file and removing the others...
2024-09-16 15:58:05,171 - Module(main):Line(95) ERROR - Error: [Errno 2] No such file or directory: '/mnt/geosense/cameras/G5Bullet_31/frames/staging/frame_000000.jpg'
2024-09-16 15:58:05,171 - Module(main):Line(96) ERROR - Could not process file.
2024-09-16 15:58:05,171 - Module(main):Line(72) INFO - Processing file /mnt/geosense/cameras/G5Bullet_31/mp4/File_001_File_001_G5Bullet_31_F4E2C678CB5A_2024-09-15_2_0.mp4...
2024-09-16 15:58:05,177 - Module(main):Line(72) INFO - Processing file /mnt/geosense/cameras/G5Bullet_31/mp4/File_002_G5Bullet_31_F4E2C678CB5A_2024-09-15_3_0.mp4...
2024-09-16 15:58:05,177 - Module(data_preprocessing):Line(124) INFO - Error: Could not open video.
2024-09-16 15:58:05,177 - Module(main):Line(91) INFO - Enhance frames...
2024-09-16 15:58:05,177 - Module(camera):Line(43) INFO - Grouping files in sets...
2024-09-16 15:58:05,178 - Module(camera):Line(48) INFO - Moving files to staging directory...
2024-09-16 15:58:05,178 - Module(camera):Line(52) INFO - Keeping every third file and removing the others...
2024-09-16 15:58:05,178 - Module(main):Line(72) INFO - Processing file /mnt/geosense/cameras/G5Bullet_31/mp4/File_003_G5Bullet_31_F4E2C678CB5A_2024-09-15_4_0.mp4...
2024-09-16 15:58:05,178 - Module(data_preprocessing):Line(124) INFO - Error: Could not open video.
2024-09-16 15:58:05,178 - Module(main):Line(91) INFO - Enhance frames...
2024-09-16 15:58:05,178 - Module(camera):Line(43) INFO - Grouping files in sets...
2024-09-16 15:58:05,179 - Module(camera):Line(48) INFO - Moving files to staging directory...
2024-09-16 15:58:05,179 - Module(camera):Line(52) INFO - Keeping every third file and removing the others...
2024-09-16 15:58:05,179 - Module(main):Line(72) INFO - Processing file /mnt/geosense/cameras/G5Bullet_31/mp4/File_004_G5Bullet_31_F4E2C678CB5A_2024-09-15_5_0.mp4...
2024-09-16 15:58:05,179 - Module(data_preprocessing):Line(124) INFO - Error: Could not open video.
2024-09-16 15:58:05,179 - Module(main):Line(91) INFO - Enhance frames...
2024-09-16 15:58:05,180 - Module(camera):Line(43) INFO - Grouping files in sets...
2024-09-16 15:58:05,180 - Module(camera):Line(48) INFO - Moving files to staging directory...
2024-09-16 15:58:05,180 - Module(camera):Line(52) INFO - Keeping every third file and removing the others...
2024-09-16 15:58:05,180 - Module(main):Line(72) INFO - Processing file /mnt/geosense/cameras/G5Bullet_31/mp4/File_005_G5Bullet_31_F4E2C678CB5A_2024-09-15_6_0.mp4...
2024-09-16 15:58:05,180 - Module(data_preprocessing):Line(124) INFO - Error: Could not open video.
2024-09-16 15:58:05,181 - Module(main):Line(91) INFO - Enhance frames...
2024-09-16 15:58:05,181 - Module(camera):Line(43) INFO - Grouping files in sets...
2024-09-16 15:58:05,181 - Module(camera):Line(48) INFO - Moving files to staging directory...
2024-09-16 15:58:05,181 - Module(camera):Line(52) INFO - Keeping every third file and removing the others...
2024-09-16 15:58:05,181 - Module(main):Line(72) INFO - Processing file /mnt/geosense/cameras/G5Bullet_31/mp4/File_006_G5Bullet_31_F4E2C678CB5A_2024-09-15_7_0.mp4...
2024-09-16 15:58:05,182 - Module(data_preprocessing):Line(124) INFO - Error: Could not open video.
2024-09-16 15:58:05,182 - Module(main):Line(91) INFO - Enhance frames...
2024-09-16 15:58:05,182 - Module(camera):Line(43) INFO - Grouping files in sets...
2024-09-16 15:58:05,182 - Module(camera):Line(48) INFO - Moving files to staging directory...
2024-09-16 15:58:05,182 - Module(camera):Line(52) INFO - Keeping every third file and removing the others...
2024-09-16 15:58:05,182 - Module(main):Line(72) INFO - Processing file /mnt/geosense/cameras/G5Bullet_31/mp4/File_007_G5Bullet_31_F4E2C678CB5A_2024-09-15_8_0.mp4...
2024-09-16 15:58:05,183 - Module(data_preprocessing):Line(124) INFO - Error: Could not open video.
2024-09-16 15:58:05,183 - Module(main):Line(91) INFO - Enhance frames...
2024-09-16 15:58:05,183 - Module(camera):Line(43) INFO - Grouping files in sets...
2024-09-16 15:58:05,183 - Module(camera):Line(48) INFO - Moving files to staging directory...
2024-09-16 15:58:05,183 - Module(camera):Line(52) INFO - Keeping every third file and removing the others...
2024-09-16 15:58:05,184 - Module(main):Line(72) INFO - Processing file /mnt/geosense/cameras/G5Bullet_31/mp4/File_008_G5Bullet_31_F4E2C678CB5A_2024-09-15_9_0.mp4...
2024-09-16 15:58:05,184 - Module(data_preprocessing):Line(124) INFO - Error: Could not open video.
2024-09-16 15:58:05,184 - Module(main):Line(91) INFO - Enhance frames...
2024-09-16 15:58:05,184 - Module(camera):Line(43) INFO - Grouping files in sets...
2024-09-16 15:58:05,184 - Module(camera):Line(48) INFO - Moving files to staging directory...
2024-09-16 15:58:05,184 - Module(camera):Line(52) INFO - Keeping every third file and removing the others...
2024-09-16 15:58:05,185 - Module(main):Line(72) INFO - Processing file /mnt/geosense/cameras/G5Bullet_31/mp4/File_009_G5Bullet_31_F4E2C678CB5A_2024-09-15_10_0.mp4...
2024-09-16 15:58:05,185 - Module(data_preprocessing):Line(124) INFO - Error: Could not open video.
2024-09-16 15:58:05,185 - Module(main):Line(91) INFO - Enhance frames...
2024-09-16 15:58:05,185 - Module(camera):Line(43) INFO - Grouping files in sets...
2024-09-16 15:58:05,186 - Module(camera):Line(48) INFO - Moving files to staging directory...
2024-09-16 15:58:05,186 - Module(camera):Line(52) INFO - Keeping every third file and removing the others...
2024-09-16 15:58:05,186 - Module(main):Line(72) INFO - Processing file /mnt/geosense/cameras/G5Bullet_31/mp4/File_010_G5Bullet_31_F4E2C678CB5A_2024-09-15_11_0.mp4...
2024-09-16 15:58:05,186 - Module(data_preprocessing):Line(124) INFO - Error: Could not open video.
2024-09-16 15:58:05,186 - Module(main):Line(91) INFO - Enhance frames...
2024-09-16 15:58:05,186 - Module(camera):Line(43) INFO - Grouping files in sets...
2024-09-16 15:58:05,187 - Module(camera):Line(48) INFO - Moving files to staging directory...
2024-09-16 15:58:05,187 - Module(camera):Line(52) INFO - Keeping every third file and removing the others...
2024-09-16 15:58:05,187 - Module(main):Line(72) INFO - Processing file /mnt/geosense/cameras/G5Bullet_31/mp4/File_011_G5Bullet_31_F4E2C678CB5A_2024-09-15_12_0.mp4...
2024-09-16 15:58:05,187 - Module(data_preprocessing):Line(124) INFO - Error: Could not open video.
2024-09-16 15:58:05,187 - Module(main):Line(91) INFO - Enhance frames...
2024-09-16 15:58:05,187 - Module(camera):Line(43) INFO - Grouping files in sets...
2024-09-16 15:58:05,188 - Module(camera):Line(48) INFO - Moving files to staging directory...
2024-09-16 15:58:05,188 - Module(camera):Line(52) INFO - Keeping every third file and removing the others...
2024-09-16 15:58:05,188 - Module(main):Line(72) INFO - Processing file /mnt/geosense/cameras/G5Bullet_31/mp4/File_012_G5Bullet_31_F4E2C678CB5A_2024-09-15_13_0.mp4...
2024-09-16 15:58:05,188 - Module(data_preprocessing):Line(124) INFO - Error: Could not open video.
2024-09-16 15:58:05,188 - Module(main):Line(91) INFO - Enhance frames...
2024-09-16 15:58:05,188 - Module(camera):Line(43) INFO - Grouping files in sets...
2024-09-16 15:58:05,189 - Module(camera):Line(48) INFO - Moving files to staging directory...
2024-09-16 15:58:05,189 - Module(camera):Line(52) INFO - Keeping every third file and removing the others...
2024-09-16 15:58:05,189 - Module(main):Line(72) INFO - Processing file /mnt/geosense/cameras/G5Bullet_31/mp4/File_013_G5Bullet_31_F4E2C678CB5A_2024-09-15_14_0.mp4...
2024-09-16 15:58:05,189 - Module(data_preprocessing):Line(124) INFO - Error: Could not open video.
2024-09-16 15:58:05,189 - Module(main):Line(91) INFO - Enhance frames...
2024-09-16 15:58:05,189 - Module(camera):Line(43) INFO - Grouping files in sets...
2024-09-16 15:58:05,190 - Module(camera):Line(48) INFO - Moving files to staging directory...
2024-09-16 15:58:05,190 - Module(camera):Line(52) INFO - Keeping every third file and removing the others...
2024-09-16 15:58:05,190 - Module(main):Line(72) INFO - Processing file /mnt/geosense/cameras/G5Bullet_31/mp4/File_014_G5Bullet_31_F4E2C678CB5A_2024-09-15_15_0.mp4...
2024-09-16 15:58:05,190 - Module(data_preprocessing):Line(124) INFO - Error: Could not open video.
2024-09-16 15:58:05,190 - Module(main):Line(91) INFO - Enhance frames...
2024-09-16 15:58:05,190 - Module(camera):Line(43) INFO - Grouping files in sets...
2024-09-16 15:58:05,191 - Module(camera):Line(48) INFO - Moving files to staging directory...
2024-09-16 15:58:05,191 - Module(camera):Line(52) INFO - Keeping every third file and removing the others...
2024-09-16 15:58:05,191 - Module(main):Line(72) INFO - Processing file /mnt/geosense/cameras/G5Bullet_31/mp4/File_015_G5Bullet_31_F4E2C678CB5A_2024-09-15_16_0.mp4...
2024-09-16 15:58:05,191 - Module(data_preprocessing):Line(124) INFO - Error: Could not open video.
2024-09-16 15:58:05,191 - Module(main):Line(91) INFO - Enhance frames...
2024-09-16 15:58:05,191 - Module(camera):Line(43) INFO - Grouping files in sets...
2024-09-16 15:58:05,192 - Module(camera):Line(48) INFO - Moving files to staging directory...
2024-09-16 15:58:05,192 - Module(camera):Line(52) INFO - Keeping every third file and removing the others...
2024-09-16 15:58:05,192 - Module(main):Line(72) INFO - Processing file /mnt/geosense/cameras/G5Bullet_31/mp4/File_016_G5Bullet_31_F4E2C678CB5A_2024-09-15_17_0.mp4...
2024-09-16 15:58:05,192 - Module(data_preprocessing):Line(124) INFO - Error: Could not open video.
2024-09-16 15:58:05,192 - Module(main):Line(91) INFO - Enhance frames...
2024-09-16 15:58:05,192 - Module(camera):Line(43) INFO - Grouping files in sets...
2024-09-16 15:58:05,193 - Module(camera):Line(48) INFO - Moving files to staging directory...
2024-09-16 15:58:05,193 - Module(camera):Line(52) INFO - Keeping every third file and removing the others...
2024-09-16 15:58:05,193 - Module(main):Line(72) INFO - Processing file /mnt/geosense/cameras/G5Bullet_31/mp4/File_017_G5Bullet_31_F4E2C678CB5A_2024-09-15_18_0.mp4...
2024-09-16 15:58:05,193 - Module(data_preprocessing):Line(124) INFO - Error: Could not open video.
2024-09-16 15:58:05,193 - Module(main):Line(91) INFO - Enhance frames...
2024-09-16 15:58:05,194 - Module(camera):Line(43) INFO - Grouping files in sets...
2024-09-16 15:58:05,194 - Module(camera):Line(48) INFO - Moving files to staging directory...
2024-09-16 15:58:05,194 - Module(camera):Line(52) INFO - Keeping every third file and removing the others...
2024-09-16 15:58:05,194 - Module(main):Line(72) INFO - Processing file /mnt/geosense/cameras/G5Bullet_31/mp4/File_018_G5Bullet_31_F4E2C678CB5A_2024-09-15_19_0.mp4...
2024-09-16 15:58:05,194 - Module(data_preprocessing):Line(124) INFO - Error: Could not open video.
2024-09-16 15:58:05,195 - Module(main):Line(91) INFO - Enhance frames...
2024-09-16 15:58:05,195 - Module(camera):Line(43) INFO - Grouping files in sets...
2024-09-16 15:58:05,195 - Module(camera):Line(48) INFO - Moving files to staging directory...
2024-09-16 15:58:05,195 - Module(camera):Line(52) INFO - Keeping every third file and removing the others...
2024-09-16 15:58:05,195 - Module(main):Line(72) INFO - Processing file /mnt/geosense/cameras/G5Bullet_31/mp4/File_019_G5Bullet_31_F4E2C678CB5A_2024-09-15_20_0.mp4...
2024-09-16 15:58:05,195 - Module(data_preprocessing):Line(124) INFO - Error: Could not open video.
2024-09-16 15:58:05,196 - Module(main):Line(91) INFO - Enhance frames...
2024-09-16 15:58:05,196 - Module(camera):Line(43) INFO - Grouping files in sets...
2024-09-16 15:58:05,196 - Module(camera):Line(48) INFO - Moving files to staging directory...
2024-09-16 15:58:05,196 - Module(camera):Line(52) INFO - Keeping every third file and removing the others...
2024-09-16 15:58:05,197 - Module(main):Line(72) INFO - Processing file /mnt/geosense/cameras/G5Bullet_31/mp4/File_020_G5Bullet_31_F4E2C678CB5A_2024-09-15_21_0.mp4...
2024-09-16 15:58:05,197 - Module(data_preprocessing):Line(124) INFO - Error: Could not open video.
2024-09-16 15:58:05,197 - Module(main):Line(91) INFO - Enhance frames...
2024-09-16 15:58:05,197 - Module(camera):Line(43) INFO - Grouping files in sets...
2024-09-16 15:58:05,197 - Module(camera):Line(48) INFO - Moving files to staging directory...
2024-09-16 15:58:05,197 - Module(camera):Line(52) INFO - Keeping every third file and removing the others...
2024-09-16 15:58:05,198 - Module(main):Line(72) INFO - Processing file /mnt/geosense/cameras/G5Bullet_31/mp4/File_021_G5Bullet_31_F4E2C678CB5A_2024-09-15_22_0.mp4...
2024-09-16 15:58:05,198 - Module(data_preprocessing):Line(124) INFO - Error: Could not open video.
2024-09-16 15:58:05,198 - Module(main):Line(91) INFO - Enhance frames...
2024-09-16 15:58:05,198 - Module(camera):Line(43) INFO - Grouping files in sets...
2024-09-16 15:58:05,198 - Module(camera):Line(48) INFO - Moving files to staging directory...
2024-09-16 15:58:05,198 - Module(camera):Line(52) INFO - Keeping every third file and removing the others...
2024-09-16 15:58:05,199 - Module(main):Line(72) INFO - Processing file /mnt/geosense/cameras/G5Bullet_31/mp4/File_022_G5Bullet_31_F4E2C678CB5A_2024-09-15_23_0.mp4...
2024-09-16 15:58:05,199 - Module(data_preprocessing):Line(124) INFO - Error: Could not open video.
2024-09-16 15:58:05,199 - Module(main):Line(91) INFO - Enhance frames...
2024-09-16 15:58:05,199 - Module(camera):Line(43) INFO - Grouping files in sets...
2024-09-16 15:58:05,199 - Module(camera):Line(48) INFO - Moving files to staging directory...
2024-09-16 15:58:05,199 - Module(camera):Line(52) INFO - Keeping every third file and removing the others...
2024-09-16 15:58:05,200 - Module(main):Line(72) INFO - Processing file /mnt/geosense/cameras/G5Bullet_31/mp4/File_023_G5Bullet_31_F4E2C678CB5A_2024-09-15_24_0.mp4...
2024-09-16 15:58:05,200 - Module(data_preprocessing):Line(124) INFO - Error: Could not open video.
2024-09-16 15:58:05,200 - Module(main):Line(91) INFO - Enhance frames...
2024-09-16 15:58:05,200 - Module(camera):Line(43) INFO - Grouping files in sets...
2024-09-16 15:58:05,200 - Module(camera):Line(48) INFO - Moving files to staging directory...
2024-09-16 15:58:05,201 - Module(camera):Line(52) INFO - Keeping every third file and removing the others...
2024-09-16 15:58:05,201 - Module(main):Line(72) INFO - Processing file /mnt/geosense/cameras/G5Bullet_31/mp4/File_024_G5Bullet_31_F4E2C678CB5A_2024-09-15_25_0.mp4...
2024-09-16 15:58:05,201 - Module(data_preprocessing):Line(124) INFO - Error: Could not open video.
2024-09-16 15:58:05,201 - Module(main):Line(91) INFO - Enhance frames...
2024-09-16 15:58:05,201 - Module(camera):Line(43) INFO - Grouping files in sets...
2024-09-16 15:58:05,201 - Module(camera):Line(48) INFO - Moving files to staging directory...
2024-09-16 15:58:05,202 - Module(camera):Line(52) INFO - Keeping every third file and removing the others...
2024-09-16 15:58:05,202 - Module(main):Line(72) INFO - Processing file /mnt/geosense/cameras/G5Bullet_31/mp4/File_025_G5Bullet_31_F4E2C678CB5A_2024-09-15_26_0.mp4...
2024-09-16 15:58:05,202 - Module(data_preprocessing):Line(124) INFO - Error: Could not open video.
2024-09-16 15:58:05,202 - Module(main):Line(91) INFO - Enhance frames...
2024-09-16 15:58:05,202 - Module(camera):Line(43) INFO - Grouping files in sets...
2024-09-16 15:58:05,202 - Module(camera):Line(48) INFO - Moving files to staging directory...
2024-09-16 15:58:05,203 - Module(camera):Line(52) INFO - Keeping every third file and removing the others...
2024-09-16 15:58:05,203 - Module(main):Line(72) INFO - Processing file /mnt/geosense/cameras/G5Bullet_31/mp4/File_026_G5Bullet_31_F4E2C678CB5A_2024-09-15_27_0.mp4...
2024-09-16 15:58:05,203 - Module(data_preprocessing):Line(124) INFO - Error: Could not open video.
2024-09-16 15:58:05,203 - Module(main):Line(91) INFO - Enhance frames...
2024-09-16 15:58:05,203 - Module(camera):Line(43) INFO - Grouping files in sets...
2024-09-16 15:58:05,204 - Module(camera):Line(48) INFO - Moving files to staging directory...
2024-09-16 15:58:05,204 - Module(camera):Line(52) INFO - Keeping every third file and removing the others...
2024-09-16 15:58:05,204 - Module(main):Line(72) INFO - Processing file /mnt/geosense/cameras/G5Bullet_31/mp4/File_027_G5Bullet_31_F4E2C678CB5A_2024-09-15_28_0.mp4...
2024-09-16 15:58:05,204 - Module(data_preprocessing):Line(124) INFO - Error: Could not open video.
2024-09-16 15:58:05,204 - Module(main):Line(91) INFO - Enhance frames...
2024-09-16 15:58:05,204 - Module(camera):Line(43) INFO - Grouping files in sets...
2024-09-16 15:58:05,205 - Module(camera):Line(48) INFO - Moving files to staging directory...
2024-09-16 15:58:05,205 - Module(camera):Line(52) INFO - Keeping every third file and removing the others...
2024-09-16 15:58:05,205 - Module(main):Line(72) INFO - Processing file /mnt/geosense/cameras/G5Bullet_31/mp4/File_028_G5Bullet_31_F4E2C678CB5A_2024-09-15_29_0.mp4...
2024-09-16 15:58:05,205 - Module(data_preprocessing):Line(124) INFO - Error: Could not open video.
2024-09-16 15:58:05,205 - Module(main):Line(91) INFO - Enhance frames...
2024-09-16 15:58:05,205 - Module(camera):Line(43) INFO - Grouping files in sets...
2024-09-16 15:58:05,206 - Module(camera):Line(48) INFO - Moving files to staging directory...
2024-09-16 15:58:05,206 - Module(camera):Line(52) INFO - Keeping every third file and removing the others...
2024-09-16 15:58:05,206 - Module(main):Line(72) INFO - Processing file /mnt/geosense/cameras/G5Bullet_31/mp4/File_029_G5Bullet_31_F4E2C678CB5A_2024-09-15_30_0.mp4...
2024-09-16 15:58:05,206 - Module(data_preprocessing):Line(124) INFO - Error: Could not open video.
2024-09-16 15:58:05,206 - Module(main):Line(91) INFO - Enhance frames...
2024-09-16 15:58:05,207 - Module(camera):Line(43) INFO - Grouping files in sets...
2024-09-16 15:58:05,207 - Module(camera):Line(48) INFO - Moving files to staging directory...
2024-09-16 15:58:05,207 - Module(camera):Line(52) INFO - Keeping every third file and removing the others...
2024-09-16 15:58:05,207 - Module(main):Line(72) INFO - Processing file /mnt/geosense/cameras/G5Bullet_31/mp4/File_030_G5Bullet_31_F4E2C678CB5A_2024-09-15_31_0.mp4...
2024-09-16 15:58:05,207 - Module(data_preprocessing):Line(124) INFO - Error: Could not open video.
2024-09-16 15:58:05,207 - Module(main):Line(91) INFO - Enhance frames...
2024-09-16 15:58:05,208 - Module(camera):Line(43) INFO - Grouping files in sets...
2024-09-16 15:58:05,208 - Module(camera):Line(48) INFO - Moving files to staging directory...
2024-09-16 15:58:05,208 - Module(camera):Line(52) INFO - Keeping every third file and removing the others...
2024-09-16 15:58:05,208 - Module(main):Line(72) INFO - Processing file /mnt/geosense/cameras/G5Bullet_31/mp4/File_031_G5Bullet_31_F4E2C678CB5A_2024-09-15_32_0.mp4...
2024-09-16 15:58:05,208 - Module(data_preprocessing):Line(124) INFO - Error: Could not open video.
2024-09-16 15:58:05,208 - Module(main):Line(91) INFO - Enhance frames...
2024-09-16 15:58:05,209 - Module(camera):Line(43) INFO - Grouping files in sets...
2024-09-16 15:58:05,209 - Module(camera):Line(48) INFO - Moving files to staging directory...
2024-09-16 15:58:05,209 - Module(camera):Line(52) INFO - Keeping every third file and removing the others...
2024-09-16 15:58:05,209 - Module(main):Line(72) INFO - Processing file /mnt/geosense/cameras/G5Bullet_31/mp4/File_032_G5Bullet_31_F4E2C678CB5A_2024-09-15_33_0.mp4...
2024-09-16 15:58:05,209 - Module(data_preprocessing):Line(124) INFO - Error: Could not open video.
2024-09-16 15:58:05,210 - Module(main):Line(91) INFO - Enhance frames...
2024-09-16 15:58:05,210 - Module(camera):Line(43) INFO - Grouping files in sets...
2024-09-16 15:58:05,210 - Module(camera):Line(48) INFO - Moving files to staging directory...
2024-09-16 15:58:05,210 - Module(camera):Line(52) INFO - Keeping every third file and removing the others...
2024-09-16 15:58:05,210 - Module(main):Line(72) INFO - Processing file /mnt/geosense/cameras/G5Bullet_31/mp4/File_033_G5Bullet_31_F4E2C678CB5A_2024-09-15_34_0.mp4...
2024-09-16 15:58:05,210 - Module(data_preprocessing):Line(124) INFO - Error: Could not open video.
2024-09-16 15:58:05,211 - Module(main):Line(91) INFO - Enhance frames...
2024-09-16 15:58:05,211 - Module(camera):Line(43) INFO - Grouping files in sets...
2024-09-16 15:58:05,211 - Module(camera):Line(48) INFO - Moving files to staging directory...
2024-09-16 15:58:05,211 - Module(camera):Line(52) INFO - Keeping every third file and removing the others...
2024-09-16 15:58:05,212 - Module(main):Line(72) INFO - Processing file /mnt/geosense/cameras/G5Bullet_31/mp4/File_034_G5Bullet_31_F4E2C678CB5A_2024-09-15_35_0.mp4...
2024-09-16 15:58:05,212 - Module(data_preprocessing):Line(124) INFO - Error: Could not open video.
2024-09-16 15:58:05,212 - Module(main):Line(91) INFO - Enhance frames...
2024-09-16 15:58:05,212 - Module(camera):Line(43) INFO - Grouping files in sets...
2024-09-16 15:58:05,212 - Module(camera):Line(48) INFO - Moving files to staging directory...
2024-09-16 15:58:05,212 - Module(camera):Line(52) INFO - Keeping every third file and removing the others...
2024-09-16 15:58:05,213 - Module(main):Line(72) INFO - Processing file /mnt/geosense/cameras/G5Bullet_31/mp4/File_035_G5Bullet_31_F4E2C678CB5A_2024-09-15_36_0.mp4...
2024-09-16 15:58:05,213 - Module(data_preprocessing):Line(124) INFO - Error: Could not open video.
2024-09-16 15:58:05,213 - Module(main):Line(91) INFO - Enhance frames...
2024-09-16 15:58:05,213 - Module(camera):Line(43) INFO - Grouping files in sets...
2024-09-16 15:58:05,214 - Module(camera):Line(48) INFO - Moving files to staging directory...
2024-09-16 15:58:05,214 - Module(camera):Line(52) INFO - Keeping every third file and removing the others...
2024-09-16 15:58:05,214 - Module(main):Line(72) INFO - Processing file /mnt/geosense/cameras/G5Bullet_31/mp4/File_036_G5Bullet_31_F4E2C678CB5A_2024-09-15_37_0.mp4...
2024-09-16 15:58:05,215 - Module(data_preprocessing):Line(124) INFO - Error: Could not open video.
2024-09-16 15:58:05,215 - Module(main):Line(91) INFO - Enhance frames...
2024-09-16 15:58:05,215 - Module(camera):Line(43) INFO - Grouping files in sets...
2024-09-16 15:58:05,215 - Module(camera):Line(48) INFO - Moving files to staging directory...
2024-09-16 15:58:05,215 - Module(camera):Line(52) INFO - Keeping every third file and removing the others...
2024-09-16 15:58:05,216 - Module(main):Line(72) INFO - Processing file /mnt/geosense/cameras/G5Bullet_31/mp4/File_037_G5Bullet_31_F4E2C678CB5A_2024-09-15_38_0.mp4...
2024-09-16 15:58:05,216 - Module(data_preprocessing):Line(124) INFO - Error: Could not open video.
2024-09-16 15:58:05,216 - Module(main):Line(91) INFO - Enhance frames...
2024-09-16 15:58:05,216 - Module(camera):Line(43) INFO - Grouping files in sets...
2024-09-16 15:58:05,216 - Module(camera):Line(48) INFO - Moving files to staging directory...
2024-09-16 15:58:05,217 - Module(camera):Line(52) INFO - Keeping every third file and removing the others...
2024-09-16 15:58:05,217 - Module(main):Line(99) INFO - Generate video...
2024-09-16 15:58:05,217 - Module(main):Line(102) INFO - Exporting video to /mnt/geosense/cameras/G5Bullet_31/video_timelapse_export/G5Bullet_31_2024-09-15_fr30.mp4...
2024-09-16 15:58:05,251 - Module(data_preprocessing):Line(132) INFO - Frame rate: 29.999920909803627
2024-09-16 15:58:05,252 - Module(data_preprocessing):Line(133) INFO - Extracting frames from video '/mnt/geosense/cameras/G5Bullet_31/mp4/File_001_File_001_G5Bullet_31_F4E2C678CB5A_2024-09-15_2_0.mp4'...
2024-09-16 15:58:05,394 - Module(data_preprocessing):Line(169) INFO - Extracting frame 21...
2024-09-16 15:58:05,394 - Module(data_preprocessing):Line(173) INFO - Frame number internal: 3599
2024-09-16 15:58:06,986 - Module(data_preprocessing):Line(169) INFO - Extracting frame 22...
2024-09-16 15:58:06,986 - Module(data_preprocessing):Line(173) INFO - Frame number internal: 7198
2024-09-16 15:58:08,304 - Module(data_preprocessing):Line(169) INFO - Extracting frame 23...
2024-09-16 15:58:08,304 - Module(data_preprocessing):Line(173) INFO - Frame number internal: 10797
2024-09-16 15:58:09,693 - Module(data_preprocessing):Line(169) INFO - Extracting frame 24...
2024-09-16 15:58:09,693 - Module(data_preprocessing):Line(173) INFO - Frame number internal: 14396
2024-09-16 15:58:11,071 - Module(data_preprocessing):Line(169) INFO - Extracting frame 25...
2024-09-16 15:58:11,072 - Module(data_preprocessing):Line(173) INFO - Frame number internal: 17995
2024-09-16 15:58:12,471 - Module(data_preprocessing):Line(169) INFO - Extracting frame 26...
2024-09-16 15:58:12,472 - Module(data_preprocessing):Line(173) INFO - Frame number internal: 21594
2024-09-16 15:58:14,052 - Module(data_preprocessing):Line(169) INFO - Extracting frame 27...
2024-09-16 15:58:14,052 - Module(data_preprocessing):Line(173) INFO - Frame number internal: 25193
2024-09-16 15:58:15,462 - Module(data_preprocessing):Line(169) INFO - Extracting frame 28...
2024-09-16 15:58:15,463 - Module(data_preprocessing):Line(173) INFO - Frame number internal: 28792
2024-09-16 15:58:16,701 - Module(main):Line(111) INFO - Transfering video to Pylos: /mnt/gsdata/projects/ecosense/AngleCam2_0/data/raw_videos/G5Bullet_31/2024/09/15
2024-09-16 15:58:16,817 - Module(data_preprocessing):Line(169) INFO - Extracting frame 29...
2024-09-16 15:58:16,817 - Module(data_preprocessing):Line(173) INFO - Frame number internal: 32391
2024-09-16 15:58:17,815 - Module(data_preprocessing):Line(169) INFO - Extracting frame 30...
2024-09-16 15:58:17,815 - Module(data_preprocessing):Line(173) INFO - Frame number internal: 35990
2024-09-16 15:58:18,457 - Module(data_preprocessing):Line(169) INFO - Extracting frame 31...
2024-09-16 15:58:18,457 - Module(data_preprocessing):Line(173) INFO - Frame number internal: 39589
2024-09-16 15:58:19,047 - Module(data_preprocessing):Line(169) INFO - Extracting frame 32...
2024-09-16 15:58:19,047 - Module(data_preprocessing):Line(173) INFO - Frame number internal: 43188
2024-09-16 15:58:19,812 - Module(data_preprocessing):Line(169) INFO - Extracting frame 33...
2024-09-16 15:58:19,813 - Module(data_preprocessing):Line(173) INFO - Frame number internal: 46787
2024-09-16 15:58:21,350 - Module(data_preprocessing):Line(169) INFO - Extracting frame 34...
2024-09-16 15:58:21,351 - Module(data_preprocessing):Line(173) INFO - Frame number internal: 50386
2024-09-16 15:58:21,691 - Module(main):Line(123) INFO - ::: Successful transfer of video to Pylos. :::
2024-09-16 15:58:21,692 - Module(logger):Line(76) INFO - --------------------------------------------------
2024-09-16 15:58:21,692 - Module(logger):Line(77) INFO - --------------------------------------------------
2024-09-16 15:58:22,804 - Module(data_preprocessing):Line(169) INFO - Extracting frame 35...
2024-09-16 15:58:22,805 - Module(data_preprocessing):Line(173) INFO - Frame number internal: 53985
2024-09-16 15:58:24,172 - Module(data_preprocessing):Line(169) INFO - Extracting frame 36...
2024-09-16 15:58:24,173 - Module(data_preprocessing):Line(173) INFO - Frame number internal: 57584
2024-09-16 15:58:25,358 - Module(data_preprocessing):Line(169) INFO - Extracting frame 37...
2024-09-16 15:58:25,358 - Module(data_preprocessing):Line(173) INFO - Frame number internal: 61183
2024-09-16 15:58:26,545 - Module(data_preprocessing):Line(169) INFO - Extracting frame 38...
2024-09-16 15:58:26,545 - Module(data_preprocessing):Line(173) INFO - Frame number internal: 64782
2024-09-16 15:58:27,516 - Module(data_preprocessing):Line(169) INFO - Extracting frame 39...
2024-09-16 15:58:27,517 - Module(data_preprocessing):Line(173) INFO - Frame number internal: 68381
2024-09-16 15:58:28,369 - Module(data_preprocessing):Line(169) INFO - Extracting frame 40...
2024-09-16 15:58:28,369 - Module(data_preprocessing):Line(173) INFO - Frame number internal: 71980
2024-09-16 15:58:29,077 - Module(data_preprocessing):Line(169) INFO - Extracting frame 41...
2024-09-16 15:58:29,077 - Module(data_preprocessing):Line(173) INFO - Frame number internal: 75579
2024-09-16 15:58:29,790 - Module(data_preprocessing):Line(169) INFO - Extracting frame 42...
2024-09-16 15:58:29,790 - Module(data_preprocessing):Line(173) INFO - Frame number internal: 79178
2024-09-16 15:58:30,503 - Module(data_preprocessing):Line(169) INFO - Extracting frame 43...
2024-09-16 15:58:30,503 - Module(data_preprocessing):Line(173) INFO - Frame number internal: 82777
2024-09-16 15:58:31,241 - Module(data_preprocessing):Line(169) INFO - Extracting frame 44...
2024-09-16 15:58:31,242 - Module(data_preprocessing):Line(173) INFO - Frame number internal: 86376
2024-09-16 15:58:32,004 - Module(data_preprocessing):Line(169) INFO - Extracting frame 45...
2024-09-16 15:58:32,005 - Module(data_preprocessing):Line(173) INFO - Frame number internal: 89975
2024-09-16 15:58:32,642 - Module(data_preprocessing):Line(169) INFO - Extracting frame 46...
2024-09-16 15:58:32,642 - Module(data_preprocessing):Line(173) INFO - Frame number internal: 93574
2024-09-16 15:58:32,643 - Module(data_preprocessing):Line(154) INFO - Break: frame_number_internal exceeds total number of frames.
2024-09-16 15:58:32,661 - Module(data_preprocessing):Line(176) INFO - All frames extracted.
2024-09-16 15:58:32,661 - Module(data_preprocessing):Line(177) INFO - Frame number: 21
2024-09-16 15:58:32,664 - Module(main):Line(91) INFO - Enhance frames...
2024-09-16 15:58:32,664 - Module(camera):Line(43) INFO - Grouping files in sets...
2024-09-16 15:58:32,665 - Module(camera):Line(48) INFO - Moving files to staging directory...
2024-09-16 15:58:32,667 - Module(camera):Line(52) INFO - Keeping every third file and removing the others...
2024-09-16 15:58:32,668 - Module(main):Line(72) INFO - Processing file /mnt/geosense/cameras/G5Bullet_31/mp4/File_002_File_002_G5Bullet_31_F4E2C678CB5A_2024-09-15_3_0.mp4...
2024-09-16 15:58:32,677 - Module(data_preprocessing):Line(124) INFO - Error: Could not open video.
2024-09-16 15:58:32,677 - Module(main):Line(91) INFO - Enhance frames...
2024-09-16 15:58:32,677 - Module(camera):Line(43) INFO - Grouping files in sets...
2024-09-16 15:58:32,677 - Module(camera):Line(48) INFO - Moving files to staging directory...
2024-09-16 15:58:32,678 - Module(camera):Line(52) INFO - Keeping every third file and removing the others...
2024-09-16 15:58:32,678 - Module(main):Line(72) INFO - Processing file /mnt/geosense/cameras/G5Bullet_31/mp4/File_003_File_003_G5Bullet_31_F4E2C678CB5A_2024-09-15_4_0.mp4...
2024-09-16 15:58:32,678 - Module(data_preprocessing):Line(124) INFO - Error: Could not open video.
2024-09-16 15:58:32,678 - Module(main):Line(91) INFO - Enhance frames...
2024-09-16 15:58:32,678 - Module(camera):Line(43) INFO - Grouping files in sets...
2024-09-16 15:58:32,678 - Module(camera):Line(48) INFO - Moving files to staging directory...
2024-09-16 15:58:32,679 - Module(camera):Line(52) INFO - Keeping every third file and removing the others...
2024-09-16 15:58:32,679 - Module(main):Line(72) INFO - Processing file /mnt/geosense/cameras/G5Bullet_31/mp4/File_004_File_004_G5Bullet_31_F4E2C678CB5A_2024-09-15_5_0.mp4...
2024-09-16 15:58:32,679 - Module(data_preprocessing):Line(124) INFO - Error: Could not open video.
2024-09-16 15:58:32,679 - Module(main):Line(91) INFO - Enhance frames...
2024-09-16 15:58:32,679 - Module(camera):Line(43) INFO - Grouping files in sets...
2024-09-16 15:58:32,679 - Module(camera):Line(48) INFO - Moving files to staging directory...
2024-09-16 15:58:32,680 - Module(camera):Line(52) INFO - Keeping every third file and removing the others...
2024-09-16 15:58:32,680 - Module(main):Line(72) INFO - Processing file /mnt/geosense/cameras/G5Bullet_31/mp4/File_005_File_005_G5Bullet_31_F4E2C678CB5A_2024-09-15_6_0.mp4...
2024-09-16 15:58:32,680 - Module(data_preprocessing):Line(124) INFO - Error: Could not open video.
2024-09-16 15:58:32,680 - Module(main):Line(91) INFO - Enhance frames...
2024-09-16 15:58:32,680 - Module(camera):Line(43) INFO - Grouping files in sets...
2024-09-16 15:58:32,681 - Module(camera):Line(48) INFO - Moving files to staging directory...
2024-09-16 15:58:32,681 - Module(camera):Line(52) INFO - Keeping every third file and removing the others...
2024-09-16 15:58:32,681 - Module(main):Line(72) INFO - Processing file /mnt/geosense/cameras/G5Bullet_31/mp4/File_006_File_006_G5Bullet_31_F4E2C678CB5A_2024-09-15_7_0.mp4...
2024-09-16 15:58:32,681 - Module(data_preprocessing):Line(124) INFO - Error: Could not open video.
2024-09-16 15:58:32,681 - Module(main):Line(91) INFO - Enhance frames...
2024-09-16 15:58:32,681 - Module(camera):Line(43) INFO - Grouping files in sets...
2024-09-16 15:58:32,681 - Module(camera):Line(48) INFO - Moving files to staging directory...
2024-09-16 15:58:32,682 - Module(camera):Line(52) INFO - Keeping every third file and removing the others...
2024-09-16 15:58:32,682 - Module(main):Line(72) INFO - Processing file /mnt/geosense/cameras/G5Bullet_31/mp4/File_007_File_007_G5Bullet_31_F4E2C678CB5A_2024-09-15_8_0.mp4...
2024-09-16 15:58:32,682 - Module(data_preprocessing):Line(124) INFO - Error: Could not open video.
2024-09-16 15:58:32,682 - Module(main):Line(91) INFO - Enhance frames...
2024-09-16 15:58:32,682 - Module(camera):Line(43) INFO - Grouping files in sets...
2024-09-16 15:58:32,682 - Module(camera):Line(48) INFO - Moving files to staging directory...
2024-09-16 15:58:32,683 - Module(camera):Line(52) INFO - Keeping every third file and removing the others...
2024-09-16 15:58:32,683 - Module(main):Line(72) INFO - Processing file /mnt/geosense/cameras/G5Bullet_31/mp4/File_008_File_008_G5Bullet_31_F4E2C678CB5A_2024-09-15_9_0.mp4...
2024-09-16 15:58:32,683 - Module(data_preprocessing):Line(124) INFO - Error: Could not open video.
2024-09-16 15:58:32,683 - Module(main):Line(91) INFO - Enhance frames...
2024-09-16 15:58:32,683 - Module(camera):Line(43) INFO - Grouping files in sets...
2024-09-16 15:58:32,683 - Module(camera):Line(48) INFO - Moving files to staging directory...
2024-09-16 15:58:32,684 - Module(camera):Line(52) INFO - Keeping every third file and removing the others...
2024-09-16 15:58:32,684 - Module(main):Line(72) INFO - Processing file /mnt/geosense/cameras/G5Bullet_31/mp4/File_009_File_009_G5Bullet_31_F4E2C678CB5A_2024-09-15_10_0.mp4...
2024-09-16 15:58:32,684 - Module(data_preprocessing):Line(124) INFO - Error: Could not open video.
2024-09-16 15:58:32,684 - Module(main):Line(91) INFO - Enhance frames...
2024-09-16 15:58:32,684 - Module(camera):Line(43) INFO - Grouping files in sets...
2024-09-16 15:58:32,684 - Module(camera):Line(48) INFO - Moving files to staging directory...
2024-09-16 15:58:32,685 - Module(camera):Line(52) INFO - Keeping every third file and removing the others...
2024-09-16 15:58:32,685 - Module(main):Line(72) INFO - Processing file /mnt/geosense/cameras/G5Bullet_31/mp4/File_010_File_010_G5Bullet_31_F4E2C678CB5A_2024-09-15_11_0.mp4...
2024-09-16 15:58:32,685 - Module(data_preprocessing):Line(124) INFO - Error: Could not open video.
2024-09-16 15:58:32,685 - Module(main):Line(91) INFO - Enhance frames...
2024-09-16 15:58:32,685 - Module(camera):Line(43) INFO - Grouping files in sets...
2024-09-16 15:58:32,685 - Module(camera):Line(48) INFO - Moving files to staging directory...
2024-09-16 15:58:32,686 - Module(camera):Line(52) INFO - Keeping every third file and removing the others...
2024-09-16 15:58:32,686 - Module(main):Line(72) INFO - Processing file /mnt/geosense/cameras/G5Bullet_31/mp4/File_011_File_011_G5Bullet_31_F4E2C678CB5A_2024-09-15_12_0.mp4...
2024-09-16 15:58:32,686 - Module(data_preprocessing):Line(124) INFO - Error: Could not open video.
2024-09-16 15:58:32,686 - Module(main):Line(91) INFO - Enhance frames...
2024-09-16 15:58:32,686 - Module(camera):Line(43) INFO - Grouping files in sets...
2024-09-16 15:58:32,686 - Module(camera):Line(48) INFO - Moving files to staging directory...
2024-09-16 15:58:32,687 - Module(camera):Line(52) INFO - Keeping every third file and removing the others...
2024-09-16 15:58:32,687 - Module(main):Line(72) INFO - Processing file /mnt/geosense/cameras/G5Bullet_31/mp4/File_012_File_012_G5Bullet_31_F4E2C678CB5A_2024-09-15_13_0.mp4...
2024-09-16 15:58:32,687 - Module(data_preprocessing):Line(124) INFO - Error: Could not open video.
2024-09-16 15:58:32,687 - Module(main):Line(91) INFO - Enhance frames...
2024-09-16 15:58:32,687 - Module(camera):Line(43) INFO - Grouping files in sets...
2024-09-16 15:58:32,687 - Module(camera):Line(48) INFO - Moving files to staging directory...
2024-09-16 15:58:32,687 - Module(camera):Line(52) INFO - Keeping every third file and removing the others...
2024-09-16 15:58:32,688 - Module(main):Line(72) INFO - Processing file /mnt/geosense/cameras/G5Bullet_31/mp4/File_013_File_013_G5Bullet_31_F4E2C678CB5A_2024-09-15_14_0.mp4...
2024-09-16 15:58:32,688 - Module(data_preprocessing):Line(124) INFO - Error: Could not open video.
2024-09-16 15:58:32,688 - Module(main):Line(91) INFO - Enhance frames...
2024-09-16 15:58:32,688 - Module(camera):Line(43) INFO - Grouping files in sets...
2024-09-16 15:58:32,688 - Module(camera):Line(48) INFO - Moving files to staging directory...
2024-09-16 15:58:32,689 - Module(camera):Line(52) INFO - Keeping every third file and removing the others...
2024-09-16 15:58:32,689 - Module(main):Line(72) INFO - Processing file /mnt/geosense/cameras/G5Bullet_31/mp4/File_014_File_014_G5Bullet_31_F4E2C678CB5A_2024-09-15_15_0.mp4...
2024-09-16 15:58:32,689 - Module(data_preprocessing):Line(124) INFO - Error: Could not open video.
2024-09-16 15:58:32,689 - Module(main):Line(91) INFO - Enhance frames...
2024-09-16 15:58:32,689 - Module(camera):Line(43) INFO - Grouping files in sets...
2024-09-16 15:58:32,689 - Module(camera):Line(48) INFO - Moving files to staging directory...
2024-09-16 15:58:32,690 - Module(camera):Line(52) INFO - Keeping every third file and removing the others...
2024-09-16 15:58:32,690 - Module(main):Line(72) INFO - Processing file /mnt/geosense/cameras/G5Bullet_31/mp4/File_015_File_015_G5Bullet_31_F4E2C678CB5A_2024-09-15_16_0.mp4...
2024-09-16 15:58:32,690 - Module(data_preprocessing):Line(124) INFO - Error: Could not open video.
2024-09-16 15:58:32,690 - Module(main):Line(91) INFO - Enhance frames...
2024-09-16 15:58:32,690 - Module(camera):Line(43) INFO - Grouping files in sets...
2024-09-16 15:58:32,690 - Module(camera):Line(48) INFO - Moving files to staging directory...
2024-09-16 15:58:32,691 - Module(camera):Line(52) INFO - Keeping every third file and removing the others...
2024-09-16 15:58:32,691 - Module(main):Line(72) INFO - Processing file /mnt/geosense/cameras/G5Bullet_31/mp4/File_016_File_016_G5Bullet_31_F4E2C678CB5A_2024-09-15_17_0.mp4...
2024-09-16 15:58:32,691 - Module(data_preprocessing):Line(124) INFO - Error: Could not open video.
2024-09-16 15:58:32,691 - Module(main):Line(91) INFO - Enhance frames...
2024-09-16 15:58:32,691 - Module(camera):Line(43) INFO - Grouping files in sets...
2024-09-16 15:58:32,691 - Module(camera):Line(48) INFO - Moving files to staging directory...
2024-09-16 15:58:32,691 - Module(camera):Line(52) INFO - Keeping every third file and removing the others...
2024-09-16 15:58:32,692 - Module(main):Line(72) INFO - Processing file /mnt/geosense/cameras/G5Bullet_31/mp4/File_017_File_017_G5Bullet_31_F4E2C678CB5A_2024-09-15_18_0.mp4...
2024-09-16 15:58:32,692 - Module(data_preprocessing):Line(124) INFO - Error: Could not open video.
2024-09-16 15:58:32,692 - Module(main):Line(91) INFO - Enhance frames...
2024-09-16 15:58:32,692 - Module(camera):Line(43) INFO - Grouping files in sets...
2024-09-16 15:58:32,692 - Module(camera):Line(48) INFO - Moving files to staging directory...
2024-09-16 15:58:32,692 - Module(camera):Line(52) INFO - Keeping every third file and removing the others...
2024-09-16 15:58:32,693 - Module(main):Line(72) INFO - Processing file /mnt/geosense/cameras/G5Bullet_31/mp4/File_018_File_018_G5Bullet_31_F4E2C678CB5A_2024-09-15_19_0.mp4...
2024-09-16 15:58:32,693 - Module(data_preprocessing):Line(124) INFO - Error: Could not open video.
2024-09-16 15:58:32,693 - Module(main):Line(91) INFO - Enhance frames...
2024-09-16 15:58:32,693 - Module(camera):Line(43) INFO - Grouping files in sets...
2024-09-16 15:58:32,693 - Module(camera):Line(48) INFO - Moving files to staging directory...
2024-09-16 15:58:32,693 - Module(camera):Line(52) INFO - Keeping every third file and removing the others...
2024-09-16 15:58:32,694 - Module(main):Line(72) INFO - Processing file /mnt/geosense/cameras/G5Bullet_31/mp4/File_019_File_019_G5Bullet_31_F4E2C678CB5A_2024-09-15_20_0.mp4...
2024-09-16 15:58:32,694 - Module(data_preprocessing):Line(124) INFO - Error: Could not open video.
2024-09-16 15:58:32,694 - Module(main):Line(91) INFO - Enhance frames...
2024-09-16 15:58:32,694 - Module(camera):Line(43) INFO - Grouping files in sets...
2024-09-16 15:58:32,694 - Module(camera):Line(48) INFO - Moving files to staging directory...
2024-09-16 15:58:32,694 - Module(camera):Line(52) INFO - Keeping every third file and removing the others...
2024-09-16 15:58:32,694 - Module(main):Line(72) INFO - Processing file /mnt/geosense/cameras/G5Bullet_31/mp4/File_020_File_020_G5Bullet_31_F4E2C678CB5A_2024-09-15_21_0.mp4...
2024-09-16 15:58:32,695 - Module(data_preprocessing):Line(124) INFO - Error: Could not open video.
2024-09-16 15:58:32,695 - Module(main):Line(91) INFO - Enhance frames...
2024-09-16 15:58:32,695 - Module(camera):Line(43) INFO - Grouping files in sets...
2024-09-16 15:58:32,695 - Module(camera):Line(48) INFO - Moving files to staging directory...
2024-09-16 15:58:32,695 - Module(camera):Line(52) INFO - Keeping every third file and removing the others...
2024-09-16 15:58:32,695 - Module(main):Line(72) INFO - Processing file /mnt/geosense/cameras/G5Bullet_31/mp4/File_021_File_021_G5Bullet_31_F4E2C678CB5A_2024-09-15_22_0.mp4...
2024-09-16 15:58:32,695 - Module(data_preprocessing):Line(124) INFO - Error: Could not open video.
2024-09-16 15:58:32,696 - Module(main):Line(91) INFO - Enhance frames...
2024-09-16 15:58:32,696 - Module(camera):Line(43) INFO - Grouping files in sets...
2024-09-16 15:58:32,696 - Module(camera):Line(48) INFO - Moving files to staging directory...
2024-09-16 15:58:32,696 - Module(camera):Line(52) INFO - Keeping every third file and removing the others...
2024-09-16 15:58:32,696 - Module(main):Line(72) INFO - Processing file /mnt/geosense/cameras/G5Bullet_31/mp4/File_022_File_022_G5Bullet_31_F4E2C678CB5A_2024-09-15_23_0.mp4...
2024-09-16 15:58:32,696 - Module(data_preprocessing):Line(124) INFO - Error: Could not open video.
2024-09-16 15:58:32,697 - Module(main):Line(91) INFO - Enhance frames...
2024-09-16 15:58:32,697 - Module(camera):Line(43) INFO - Grouping files in sets...
2024-09-16 15:58:32,697 - Module(camera):Line(48) INFO - Moving files to staging directory...
2024-09-16 15:58:32,697 - Module(camera):Line(52) INFO - Keeping every third file and removing the others...
2024-09-16 15:58:32,697 - Module(main):Line(72) INFO - Processing file /mnt/geosense/cameras/G5Bullet_31/mp4/File_023_File_023_G5Bullet_31_F4E2C678CB5A_2024-09-15_24_0.mp4...
2024-09-16 15:58:32,697 - Module(data_preprocessing):Line(124) INFO - Error: Could not open video.
2024-09-16 15:58:32,697 - Module(main):Line(91) INFO - Enhance frames...
2024-09-16 15:58:32,698 - Module(camera):Line(43) INFO - Grouping files in sets...
2024-09-16 15:58:32,698 - Module(camera):Line(48) INFO - Moving files to staging directory...
2024-09-16 15:58:32,698 - Module(camera):Line(52) INFO - Keeping every third file and removing the others...
2024-09-16 15:58:32,698 - Module(main):Line(72) INFO - Processing file /mnt/geosense/cameras/G5Bullet_31/mp4/File_024_File_024_G5Bullet_31_F4E2C678CB5A_2024-09-15_25_0.mp4...
2024-09-16 15:58:32,698 - Module(data_preprocessing):Line(124) INFO - Error: Could not open video.
2024-09-16 15:58:32,698 - Module(main):Line(91) INFO - Enhance frames...
2024-09-16 15:58:32,698 - Module(camera):Line(43) INFO - Grouping files in sets...
2024-09-16 15:58:32,699 - Module(camera):Line(48) INFO - Moving files to staging directory...
2024-09-16 15:58:32,699 - Module(camera):Line(52) INFO - Keeping every third file and removing the others...
2024-09-16 15:58:32,699 - Module(main):Line(72) INFO - Processing file /mnt/geosense/cameras/G5Bullet_31/mp4/File_025_File_025_G5Bullet_31_F4E2C678CB5A_2024-09-15_26_0.mp4...
2024-09-16 15:58:32,699 - Module(data_preprocessing):Line(124) INFO - Error: Could not open video.
2024-09-16 15:58:32,699 - Module(main):Line(91) INFO - Enhance frames...
2024-09-16 15:58:32,699 - Module(camera):Line(43) INFO - Grouping files in sets...
2024-09-16 15:58:32,700 - Module(camera):Line(48) INFO - Moving files to staging directory...
2024-09-16 15:58:32,700 - Module(camera):Line(52) INFO - Keeping every third file and removing the others...
2024-09-16 15:58:32,700 - Module(main):Line(72) INFO - Processing file /mnt/geosense/cameras/G5Bullet_31/mp4/File_026_File_026_G5Bullet_31_F4E2C678CB5A_2024-09-15_27_0.mp4...
2024-09-16 15:58:32,700 - Module(data_preprocessing):Line(124) INFO - Error: Could not open video.
2024-09-16 15:58:32,700 - Module(main):Line(91) INFO - Enhance frames...
2024-09-16 15:58:32,700 - Module(camera):Line(43) INFO - Grouping files in sets...
2024-09-16 15:58:32,701 - Module(camera):Line(48) INFO - Moving files to staging directory...
2024-09-16 15:58:32,701 - Module(camera):Line(52) INFO - Keeping every third file and removing the others...
2024-09-16 15:58:32,701 - Module(main):Line(72) INFO - Processing file /mnt/geosense/cameras/G5Bullet_31/mp4/File_027_File_027_G5Bullet_31_F4E2C678CB5A_2024-09-15_28_0.mp4...
2024-09-16 15:58:32,701 - Module(data_preprocessing):Line(124) INFO - Error: Could not open video.
2024-09-16 15:58:32,701 - Module(main):Line(91) INFO - Enhance frames...
2024-09-16 15:58:32,701 - Module(camera):Line(43) INFO - Grouping files in sets...
2024-09-16 15:58:32,701 - Module(camera):Line(48) INFO - Moving files to staging directory...
2024-09-16 15:58:32,702 - Module(camera):Line(52) INFO - Keeping every third file and removing the others...
2024-09-16 15:58:32,702 - Module(main):Line(72) INFO - Processing file /mnt/geosense/cameras/G5Bullet_31/mp4/File_028_File_028_G5Bullet_31_F4E2C678CB5A_2024-09-15_29_0.mp4...
2024-09-16 15:58:32,702 - Module(data_preprocessing):Line(124) INFO - Error: Could not open video.
2024-09-16 15:58:32,702 - Module(main):Line(91) INFO - Enhance frames...
2024-09-16 15:58:32,702 - Module(camera):Line(43) INFO - Grouping files in sets...
2024-09-16 15:58:32,702 - Module(camera):Line(48) INFO - Moving files to staging directory...
2024-09-16 15:58:32,702 - Module(camera):Line(52) INFO - Keeping every third file and removing the others...
2024-09-16 15:58:32,703 - Module(main):Line(72) INFO - Processing file /mnt/geosense/cameras/G5Bullet_31/mp4/File_029_File_029_G5Bullet_31_F4E2C678CB5A_2024-09-15_30_0.mp4...
2024-09-16 15:58:32,703 - Module(data_preprocessing):Line(124) INFO - Error: Could not open video.
2024-09-16 15:58:32,703 - Module(main):Line(91) INFO - Enhance frames...
2024-09-16 15:58:32,703 - Module(camera):Line(43) INFO - Grouping files in sets...
2024-09-16 15:58:32,703 - Module(camera):Line(48) INFO - Moving files to staging directory...
2024-09-16 15:58:32,703 - Module(camera):Line(52) INFO - Keeping every third file and removing the others...
2024-09-16 15:58:32,704 - Module(main):Line(72) INFO - Processing file /mnt/geosense/cameras/G5Bullet_31/mp4/File_030_File_030_G5Bullet_31_F4E2C678CB5A_2024-09-15_31_0.mp4...
2024-09-16 15:58:32,704 - Module(data_preprocessing):Line(124) INFO - Error: Could not open video.
2024-09-16 15:58:32,704 - Module(main):Line(91) INFO - Enhance frames...
2024-09-16 15:58:32,704 - Module(camera):Line(43) INFO - Grouping files in sets...
2024-09-16 15:58:32,704 - Module(camera):Line(48) INFO - Moving files to staging directory...
2024-09-16 15:58:32,704 - Module(camera):Line(52) INFO - Keeping every third file and removing the others...
2024-09-16 15:58:32,705 - Module(main):Line(72) INFO - Processing file /mnt/geosense/cameras/G5Bullet_31/mp4/File_031_File_031_G5Bullet_31_F4E2C678CB5A_2024-09-15_32_0.mp4...
2024-09-16 15:58:32,705 - Module(data_preprocessing):Line(124) INFO - Error: Could not open video.
2024-09-16 15:58:32,705 - Module(main):Line(91) INFO - Enhance frames...
2024-09-16 15:58:32,705 - Module(camera):Line(43) INFO - Grouping files in sets...
2024-09-16 15:58:32,705 - Module(camera):Line(48) INFO - Moving files to staging directory...
2024-09-16 15:58:32,705 - Module(camera):Line(52) INFO - Keeping every third file and removing the others...
2024-09-16 15:58:32,705 - Module(main):Line(72) INFO - Processing file /mnt/geosense/cameras/G5Bullet_31/mp4/File_032_File_032_G5Bullet_31_F4E2C678CB5A_2024-09-15_33_0.mp4...
2024-09-16 15:58:32,706 - Module(data_preprocessing):Line(124) INFO - Error: Could not open video.
2024-09-16 15:58:32,706 - Module(main):Line(91) INFO - Enhance frames...
2024-09-16 15:58:32,706 - Module(camera):Line(43) INFO - Grouping files in sets...
2024-09-16 15:58:32,706 - Module(camera):Line(48) INFO - Moving files to staging directory...
2024-09-16 15:58:32,706 - Module(camera):Line(52) INFO - Keeping every third file and removing the others...
2024-09-16 15:58:32,706 - Module(main):Line(72) INFO - Processing file /mnt/geosense/cameras/G5Bullet_31/mp4/File_033_File_033_G5Bullet_31_F4E2C678CB5A_2024-09-15_34_0.mp4...
2024-09-16 15:58:32,707 - Module(data_preprocessing):Line(124) INFO - Error: Could not open video.
2024-09-16 15:58:32,707 - Module(main):Line(91) INFO - Enhance frames...
2024-09-16 15:58:32,707 - Module(camera):Line(43) INFO - Grouping files in sets...
2024-09-16 15:58:32,707 - Module(camera):Line(48) INFO - Moving files to staging directory...
2024-09-16 15:58:32,707 - Module(camera):Line(52) INFO - Keeping every third file and removing the others...
2024-09-16 15:58:32,707 - Module(main):Line(72) INFO - Processing file /mnt/geosense/cameras/G5Bullet_31/mp4/File_034_File_034_G5Bullet_31_F4E2C678CB5A_2024-09-15_35_0.mp4...
2024-09-16 15:58:32,707 - Module(data_preprocessing):Line(124) INFO - Error: Could not open video.
2024-09-16 15:58:32,708 - Module(main):Line(91) INFO - Enhance frames...
2024-09-16 15:58:32,708 - Module(camera):Line(43) INFO - Grouping files in sets...
2024-09-16 15:58:32,708 - Module(camera):Line(48) INFO - Moving files to staging directory...
2024-09-16 15:58:32,708 - Module(camera):Line(52) INFO - Keeping every third file and removing the others...
2024-09-16 15:58:32,708 - Module(main):Line(72) INFO - Processing file /mnt/geosense/cameras/G5Bullet_31/mp4/File_035_File_035_G5Bullet_31_F4E2C678CB5A_2024-09-15_36_0.mp4...
2024-09-16 15:58:32,708 - Module(data_preprocessing):Line(124) INFO - Error: Could not open video.
2024-09-16 15:58:32,709 - Module(main):Line(91) INFO - Enhance frames...
2024-09-16 15:58:32,709 - Module(camera):Line(43) INFO - Grouping files in sets...
2024-09-16 15:58:32,709 - Module(camera):Line(48) INFO - Moving files to staging directory...
2024-09-16 15:58:32,709 - Module(camera):Line(52) INFO - Keeping every third file and removing the others...
2024-09-16 15:58:32,709 - Module(main):Line(72) INFO - Processing file /mnt/geosense/cameras/G5Bullet_31/mp4/File_036_File_036_G5Bullet_31_F4E2C678CB5A_2024-09-15_37_0.mp4...
2024-09-16 15:58:32,709 - Module(data_preprocessing):Line(124) INFO - Error: Could not open video.
2024-09-16 15:58:32,709 - Module(main):Line(91) INFO - Enhance frames...
2024-09-16 15:58:32,710 - Module(camera):Line(43) INFO - Grouping files in sets...
2024-09-16 15:58:32,710 - Module(camera):Line(48) INFO - Moving files to staging directory...
2024-09-16 15:58:32,710 - Module(camera):Line(52) INFO - Keeping every third file and removing the others...
2024-09-16 15:58:32,710 - Module(main):Line(72) INFO - Processing file /mnt/geosense/cameras/G5Bullet_31/mp4/File_037_File_037_G5Bullet_31_F4E2C678CB5A_2024-09-15_38_0.mp4...
2024-09-16 15:58:32,710 - Module(data_preprocessing):Line(124) INFO - Error: Could not open video.
2024-09-16 15:58:32,710 - Module(main):Line(91) INFO - Enhance frames...
2024-09-16 15:58:32,711 - Module(camera):Line(43) INFO - Grouping files in sets...
2024-09-16 15:58:32,711 - Module(camera):Line(48) INFO - Moving files to staging directory...
2024-09-16 15:58:32,711 - Module(camera):Line(52) INFO - Keeping every third file and removing the others...
2024-09-16 15:58:32,711 - Module(main):Line(99) INFO - Generate video...
2024-09-16 15:58:32,711 - Module(main):Line(102) INFO - Exporting video to /mnt/geosense/cameras/G5Bullet_31/video_timelapse_export/G5Bullet_31_2024-09-15_fr30.mp4...
2024-09-16 15:58:41,223 - Module(main):Line(111) INFO - Transfering video to Pylos: /mnt/gsdata/projects/ecosense/AngleCam2_0/data/raw_videos/G5Bullet_31/2024/09/15
2024-09-16 15:58:45,243 - Module(main):Line(123) INFO - ::: Successful transfer of video to Pylos. :::
2024-09-16 15:58:45,243 - Module(logger):Line(76) INFO - --------------------------------------------------
2024-09-16 15:58:45,243 - Module(logger):Line(77) INFO - --------------------------------------------------
