2024-09-16 14:52:48,777 - Module(logger):Line(76) INFO - --------------------------------------------------
2024-09-16 14:52:48,778 - Module(logger):Line(77) INFO - --------------------------------------------------
2024-09-16 14:52:48,778 - Module(main):Line(56) INFO - ::: Processing camera G5Bullet_28 :::
2024-09-16 14:52:48,778 - Module(logger):Line(76) INFO - --------------------------------------------------
2024-09-16 14:52:48,778 - Module(logger):Line(77) INFO - --------------------------------------------------
2024-09-16 14:52:48,778 - Module(main):Line(59) INFO - Transfering data from NVR (/volume1/videos/2024-09-15/G5Bullet_28/*0.mp4) to VM (/mnt/geosense/cameras/G5Bullet_28/mp4)...
2024-09-16 14:53:01,575 - Module(logger):Line(76) INFO - --------------------------------------------------
2024-09-16 14:53:01,576 - Module(logger):Line(77) INFO - --------------------------------------------------
2024-09-16 14:53:01,576 - Module(main):Line(56) INFO - ::: Processing camera G5Bullet_28 :::
2024-09-16 14:53:01,576 - Module(logger):Line(76) INFO - --------------------------------------------------
2024-09-16 14:53:01,576 - Module(logger):Line(77) INFO - --------------------------------------------------
2024-09-16 14:53:01,576 - Module(main):Line(59) INFO - Transfering data from NVR (/volume1/videos/2024-09-15/G5Bullet_28/*0.mp4) to VM (/mnt/geosense/cameras/G5Bullet_28/mp4)...
2024-09-16 15:35:59,914 - Module(main):Line(65) INFO - Extract frames...
2024-09-16 15:35:59,915 - Module(camera):Line(32) INFO - Renaming .mp4 files...
2024-09-16 15:36:00,350 - Module(camera):Line(38) INFO - Renamed /mnt/geosense/cameras/G5Bullet_28/mp4/G5Bullet_28_F4E2C678D5F6_2024-09-15_1_0.mp4 to /mnt/geosense/cameras/G5Bullet_28/mp4/File_000_G5Bullet_28_F4E2C678D5F6_2024-09-15_1_0.mp4
2024-09-16 15:36:00,350 - Module(camera):Line(38) INFO - Renamed /mnt/geosense/cameras/G5Bullet_28/mp4/G5Bullet_28_F4E2C678D5F6_2024-09-15_2_0.mp4 to /mnt/geosense/cameras/G5Bullet_28/mp4/File_001_G5Bullet_28_F4E2C678D5F6_2024-09-15_2_0.mp4
2024-09-16 15:36:00,350 - Module(camera):Line(38) INFO - Renamed /mnt/geosense/cameras/G5Bullet_28/mp4/G5Bullet_28_F4E2C678D5F6_2024-09-15_3_0.mp4 to /mnt/geosense/cameras/G5Bullet_28/mp4/File_002_G5Bullet_28_F4E2C678D5F6_2024-09-15_3_0.mp4
2024-09-16 15:36:00,351 - Module(camera):Line(38) INFO - Renamed /mnt/geosense/cameras/G5Bullet_28/mp4/G5Bullet_28_F4E2C678D5F6_2024-09-15_4_0.mp4 to /mnt/geosense/cameras/G5Bullet_28/mp4/File_003_G5Bullet_28_F4E2C678D5F6_2024-09-15_4_0.mp4
2024-09-16 15:36:00,351 - Module(camera):Line(38) INFO - Renamed /mnt/geosense/cameras/G5Bullet_28/mp4/G5Bullet_28_F4E2C678D5F6_2024-09-15_5_0.mp4 to /mnt/geosense/cameras/G5Bullet_28/mp4/File_004_G5Bullet_28_F4E2C678D5F6_2024-09-15_5_0.mp4
2024-09-16 15:36:00,351 - Module(camera):Line(38) INFO - Renamed /mnt/geosense/cameras/G5Bullet_28/mp4/G5Bullet_28_F4E2C678D5F6_2024-09-15_6_0.mp4 to /mnt/geosense/cameras/G5Bullet_28/mp4/File_005_G5Bullet_28_F4E2C678D5F6_2024-09-15_6_0.mp4
2024-09-16 15:36:00,351 - Module(camera):Line(38) INFO - Renamed /mnt/geosense/cameras/G5Bullet_28/mp4/G5Bullet_28_F4E2C678D5F6_2024-09-15_7_0.mp4 to /mnt/geosense/cameras/G5Bullet_28/mp4/File_006_G5Bullet_28_F4E2C678D5F6_2024-09-15_7_0.mp4
2024-09-16 15:36:00,351 - Module(camera):Line(38) INFO - Renamed /mnt/geosense/cameras/G5Bullet_28/mp4/G5Bullet_28_F4E2C678D5F6_2024-09-15_8_0.mp4 to /mnt/geosense/cameras/G5Bullet_28/mp4/File_007_G5Bullet_28_F4E2C678D5F6_2024-09-15_8_0.mp4
2024-09-16 15:36:00,351 - Module(camera):Line(38) INFO - Renamed /mnt/geosense/cameras/G5Bullet_28/mp4/G5Bullet_28_F4E2C678D5F6_2024-09-15_9_0.mp4 to /mnt/geosense/cameras/G5Bullet_28/mp4/File_008_G5Bullet_28_F4E2C678D5F6_2024-09-15_9_0.mp4
2024-09-16 15:36:00,351 - Module(camera):Line(38) INFO - Renamed /mnt/geosense/cameras/G5Bullet_28/mp4/G5Bullet_28_F4E2C678D5F6_2024-09-15_10_0.mp4 to /mnt/geosense/cameras/G5Bullet_28/mp4/File_009_G5Bullet_28_F4E2C678D5F6_2024-09-15_10_0.mp4
2024-09-16 15:36:00,351 - Module(camera):Line(38) INFO - Renamed /mnt/geosense/cameras/G5Bullet_28/mp4/G5Bullet_28_F4E2C678D5F6_2024-09-15_11_0.mp4 to /mnt/geosense/cameras/G5Bullet_28/mp4/File_010_G5Bullet_28_F4E2C678D5F6_2024-09-15_11_0.mp4
2024-09-16 15:36:00,352 - Module(camera):Line(38) INFO - Renamed /mnt/geosense/cameras/G5Bullet_28/mp4/G5Bullet_28_F4E2C678D5F6_2024-09-15_12_0.mp4 to /mnt/geosense/cameras/G5Bullet_28/mp4/File_011_G5Bullet_28_F4E2C678D5F6_2024-09-15_12_0.mp4
2024-09-16 15:36:00,352 - Module(camera):Line(38) INFO - Renamed /mnt/geosense/cameras/G5Bullet_28/mp4/G5Bullet_28_F4E2C678D5F6_2024-09-15_13_0.mp4 to /mnt/geosense/cameras/G5Bullet_28/mp4/File_012_G5Bullet_28_F4E2C678D5F6_2024-09-15_13_0.mp4
2024-09-16 15:36:00,352 - Module(camera):Line(38) INFO - Renamed /mnt/geosense/cameras/G5Bullet_28/mp4/G5Bullet_28_F4E2C678D5F6_2024-09-15_14_0.mp4 to /mnt/geosense/cameras/G5Bullet_28/mp4/File_013_G5Bullet_28_F4E2C678D5F6_2024-09-15_14_0.mp4
2024-09-16 15:36:00,352 - Module(camera):Line(38) INFO - Renamed /mnt/geosense/cameras/G5Bullet_28/mp4/G5Bullet_28_F4E2C678D5F6_2024-09-15_15_0.mp4 to /mnt/geosense/cameras/G5Bullet_28/mp4/File_014_G5Bullet_28_F4E2C678D5F6_2024-09-15_15_0.mp4
2024-09-16 15:36:00,352 - Module(camera):Line(38) INFO - Renamed /mnt/geosense/cameras/G5Bullet_28/mp4/G5Bullet_28_F4E2C678D5F6_2024-09-15_16_0.mp4 to /mnt/geosense/cameras/G5Bullet_28/mp4/File_015_G5Bullet_28_F4E2C678D5F6_2024-09-15_16_0.mp4
2024-09-16 15:36:00,352 - Module(camera):Line(38) INFO - Renamed /mnt/geosense/cameras/G5Bullet_28/mp4/G5Bullet_28_F4E2C678D5F6_2024-09-15_17_0.mp4 to /mnt/geosense/cameras/G5Bullet_28/mp4/File_016_G5Bullet_28_F4E2C678D5F6_2024-09-15_17_0.mp4
2024-09-16 15:36:00,352 - Module(camera):Line(38) INFO - Renamed /mnt/geosense/cameras/G5Bullet_28/mp4/G5Bullet_28_F4E2C678D5F6_2024-09-15_18_0.mp4 to /mnt/geosense/cameras/G5Bullet_28/mp4/File_017_G5Bullet_28_F4E2C678D5F6_2024-09-15_18_0.mp4
2024-09-16 15:36:00,352 - Module(camera):Line(38) INFO - Renamed /mnt/geosense/cameras/G5Bullet_28/mp4/G5Bullet_28_F4E2C678D5F6_2024-09-15_19_0.mp4 to /mnt/geosense/cameras/G5Bullet_28/mp4/File_018_G5Bullet_28_F4E2C678D5F6_2024-09-15_19_0.mp4
2024-09-16 15:36:00,352 - Module(camera):Line(38) INFO - Renamed /mnt/geosense/cameras/G5Bullet_28/mp4/G5Bullet_28_F4E2C678D5F6_2024-09-15_20_0.mp4 to /mnt/geosense/cameras/G5Bullet_28/mp4/File_019_G5Bullet_28_F4E2C678D5F6_2024-09-15_20_0.mp4
2024-09-16 15:36:00,353 - Module(camera):Line(38) INFO - Renamed /mnt/geosense/cameras/G5Bullet_28/mp4/G5Bullet_28_F4E2C678D5F6_2024-09-15_21_0.mp4 to /mnt/geosense/cameras/G5Bullet_28/mp4/File_020_G5Bullet_28_F4E2C678D5F6_2024-09-15_21_0.mp4
2024-09-16 15:36:00,353 - Module(camera):Line(38) INFO - Renamed /mnt/geosense/cameras/G5Bullet_28/mp4/G5Bullet_28_F4E2C678D5F6_2024-09-15_22_0.mp4 to /mnt/geosense/cameras/G5Bullet_28/mp4/File_021_G5Bullet_28_F4E2C678D5F6_2024-09-15_22_0.mp4
2024-09-16 15:36:00,353 - Module(camera):Line(38) INFO - Renamed /mnt/geosense/cameras/G5Bullet_28/mp4/G5Bullet_28_F4E2C678D5F6_2024-09-15_23_0.mp4 to /mnt/geosense/cameras/G5Bullet_28/mp4/File_022_G5Bullet_28_F4E2C678D5F6_2024-09-15_23_0.mp4
2024-09-16 15:36:00,353 - Module(camera):Line(38) INFO - Renamed /mnt/geosense/cameras/G5Bullet_28/mp4/G5Bullet_28_F4E2C678D5F6_2024-09-15_24_0.mp4 to /mnt/geosense/cameras/G5Bullet_28/mp4/File_023_G5Bullet_28_F4E2C678D5F6_2024-09-15_24_0.mp4
2024-09-16 15:36:00,353 - Module(camera):Line(38) INFO - Renamed /mnt/geosense/cameras/G5Bullet_28/mp4/G5Bullet_28_F4E2C678D5F6_2024-09-15_25_0.mp4 to /mnt/geosense/cameras/G5Bullet_28/mp4/File_024_G5Bullet_28_F4E2C678D5F6_2024-09-15_25_0.mp4
2024-09-16 15:36:00,353 - Module(camera):Line(38) INFO - Renamed /mnt/geosense/cameras/G5Bullet_28/mp4/G5Bullet_28_F4E2C678D5F6_2024-09-15_26_0.mp4 to /mnt/geosense/cameras/G5Bullet_28/mp4/File_025_G5Bullet_28_F4E2C678D5F6_2024-09-15_26_0.mp4
2024-09-16 15:36:00,353 - Module(camera):Line(38) INFO - Renamed /mnt/geosense/cameras/G5Bullet_28/mp4/G5Bullet_28_F4E2C678D5F6_2024-09-15_27_0.mp4 to /mnt/geosense/cameras/G5Bullet_28/mp4/File_026_G5Bullet_28_F4E2C678D5F6_2024-09-15_27_0.mp4
2024-09-16 15:36:00,354 - Module(camera):Line(38) INFO - Renamed /mnt/geosense/cameras/G5Bullet_28/mp4/G5Bullet_28_F4E2C678D5F6_2024-09-15_28_0.mp4 to /mnt/geosense/cameras/G5Bullet_28/mp4/File_027_G5Bullet_28_F4E2C678D5F6_2024-09-15_28_0.mp4
2024-09-16 15:36:00,354 - Module(camera):Line(38) INFO - Renamed /mnt/geosense/cameras/G5Bullet_28/mp4/G5Bullet_28_F4E2C678D5F6_2024-09-15_29_0.mp4 to /mnt/geosense/cameras/G5Bullet_28/mp4/File_028_G5Bullet_28_F4E2C678D5F6_2024-09-15_29_0.mp4
2024-09-16 15:36:00,354 - Module(camera):Line(38) INFO - Renamed /mnt/geosense/cameras/G5Bullet_28/mp4/G5Bullet_28_F4E2C678D5F6_2024-09-15_30_0.mp4 to /mnt/geosense/cameras/G5Bullet_28/mp4/File_029_G5Bullet_28_F4E2C678D5F6_2024-09-15_30_0.mp4
2024-09-16 15:36:00,354 - Module(camera):Line(38) INFO - Renamed /mnt/geosense/cameras/G5Bullet_28/mp4/G5Bullet_28_F4E2C678D5F6_2024-09-15_31_0.mp4 to /mnt/geosense/cameras/G5Bullet_28/mp4/File_030_G5Bullet_28_F4E2C678D5F6_2024-09-15_31_0.mp4
2024-09-16 15:36:00,354 - Module(camera):Line(38) INFO - Renamed /mnt/geosense/cameras/G5Bullet_28/mp4/G5Bullet_28_F4E2C678D5F6_2024-09-15_32_0.mp4 to /mnt/geosense/cameras/G5Bullet_28/mp4/File_031_G5Bullet_28_F4E2C678D5F6_2024-09-15_32_0.mp4
2024-09-16 15:36:00,354 - Module(camera):Line(38) INFO - Renamed /mnt/geosense/cameras/G5Bullet_28/mp4/G5Bullet_28_F4E2C678D5F6_2024-09-15_33_0.mp4 to /mnt/geosense/cameras/G5Bullet_28/mp4/File_032_G5Bullet_28_F4E2C678D5F6_2024-09-15_33_0.mp4
2024-09-16 15:36:00,354 - Module(camera):Line(38) INFO - Renamed /mnt/geosense/cameras/G5Bullet_28/mp4/G5Bullet_28_F4E2C678D5F6_2024-09-15_34_0.mp4 to /mnt/geosense/cameras/G5Bullet_28/mp4/File_033_G5Bullet_28_F4E2C678D5F6_2024-09-15_34_0.mp4
2024-09-16 15:36:00,354 - Module(camera):Line(38) INFO - Renamed /mnt/geosense/cameras/G5Bullet_28/mp4/G5Bullet_28_F4E2C678D5F6_2024-09-15_35_0.mp4 to /mnt/geosense/cameras/G5Bullet_28/mp4/File_034_G5Bullet_28_F4E2C678D5F6_2024-09-15_35_0.mp4
2024-09-16 15:36:00,355 - Module(camera):Line(38) INFO - Renamed /mnt/geosense/cameras/G5Bullet_28/mp4/G5Bullet_28_F4E2C678D5F6_2024-09-15_36_0.mp4 to /mnt/geosense/cameras/G5Bullet_28/mp4/File_035_G5Bullet_28_F4E2C678D5F6_2024-09-15_36_0.mp4
2024-09-16 15:36:00,355 - Module(camera):Line(38) INFO - Renamed /mnt/geosense/cameras/G5Bullet_28/mp4/G5Bullet_28_F4E2C678D5F6_2024-09-15_37_0.mp4 to /mnt/geosense/cameras/G5Bullet_28/mp4/File_036_G5Bullet_28_F4E2C678D5F6_2024-09-15_37_0.mp4
2024-09-16 15:36:00,355 - Module(camera):Line(38) INFO - Renamed /mnt/geosense/cameras/G5Bullet_28/mp4/G5Bullet_28_F4E2C678D5F6_2024-09-15_38_0.mp4 to /mnt/geosense/cameras/G5Bullet_28/mp4/File_037_G5Bullet_28_F4E2C678D5F6_2024-09-15_38_0.mp4
2024-09-16 15:36:00,355 - Module(camera):Line(38) INFO - Renamed /mnt/geosense/cameras/G5Bullet_28/mp4/G5Bullet_28_F4E2C678D5F6_2024-09-15_39_0.mp4 to /mnt/geosense/cameras/G5Bullet_28/mp4/File_038_G5Bullet_28_F4E2C678D5F6_2024-09-15_39_0.mp4
2024-09-16 15:36:00,355 - Module(camera):Line(38) INFO - Renamed /mnt/geosense/cameras/G5Bullet_28/mp4/G5Bullet_28_F4E2C678D5F6_2024-09-15_40_0.mp4 to /mnt/geosense/cameras/G5Bullet_28/mp4/File_039_G5Bullet_28_F4E2C678D5F6_2024-09-15_40_0.mp4
2024-09-16 15:36:00,355 - Module(camera):Line(38) INFO - Renamed /mnt/geosense/cameras/G5Bullet_28/mp4/G5Bullet_28_F4E2C678D5F6_2024-09-15_41_0.mp4 to /mnt/geosense/cameras/G5Bullet_28/mp4/File_040_G5Bullet_28_F4E2C678D5F6_2024-09-15_41_0.mp4
2024-09-16 15:36:00,355 - Module(camera):Line(38) INFO - Renamed /mnt/geosense/cameras/G5Bullet_28/mp4/G5Bullet_28_F4E2C678D5F6_2024-09-15_42_0.mp4 to /mnt/geosense/cameras/G5Bullet_28/mp4/File_041_G5Bullet_28_F4E2C678D5F6_2024-09-15_42_0.mp4
2024-09-16 15:36:00,355 - Module(camera):Line(38) INFO - Renamed /mnt/geosense/cameras/G5Bullet_28/mp4/G5Bullet_28_F4E2C678D5F6_2024-09-15_43_0.mp4 to /mnt/geosense/cameras/G5Bullet_28/mp4/File_042_G5Bullet_28_F4E2C678D5F6_2024-09-15_43_0.mp4
2024-09-16 15:36:00,356 - Module(camera):Line(38) INFO - Renamed /mnt/geosense/cameras/G5Bullet_28/mp4/G5Bullet_28_F4E2C678D5F6_2024-09-15_44_0.mp4 to /mnt/geosense/cameras/G5Bullet_28/mp4/File_043_G5Bullet_28_F4E2C678D5F6_2024-09-15_44_0.mp4
2024-09-16 15:36:00,356 - Module(main):Line(72) INFO - Processing file /mnt/geosense/cameras/G5Bullet_28/mp4/File_000_G5Bullet_28_F4E2C678D5F6_2024-09-15_1_0.mp4...
2024-09-16 15:36:00,374 - Module(main):Line(65) INFO - Extract frames...
2024-09-16 15:36:00,375 - Module(camera):Line(32) INFO - Renaming .mp4 files...
2024-09-16 15:36:00,375 - Module(camera):Line(38) INFO - Renamed /mnt/geosense/cameras/G5Bullet_28/mp4/File_000_G5Bullet_28_F4E2C678D5F6_2024-09-15_1_0.mp4 to /mnt/geosense/cameras/G5Bullet_28/mp4/File_000_File_000_G5Bullet_28_F4E2C678D5F6_2024-09-15_1_0.mp4
2024-09-16 15:36:00,375 - Module(camera):Line(38) INFO - Renamed /mnt/geosense/cameras/G5Bullet_28/mp4/File_001_G5Bullet_28_F4E2C678D5F6_2024-09-15_2_0.mp4 to /mnt/geosense/cameras/G5Bullet_28/mp4/File_001_File_001_G5Bullet_28_F4E2C678D5F6_2024-09-15_2_0.mp4
2024-09-16 15:36:00,375 - Module(camera):Line(38) INFO - Renamed /mnt/geosense/cameras/G5Bullet_28/mp4/File_002_G5Bullet_28_F4E2C678D5F6_2024-09-15_3_0.mp4 to /mnt/geosense/cameras/G5Bullet_28/mp4/File_002_File_002_G5Bullet_28_F4E2C678D5F6_2024-09-15_3_0.mp4
2024-09-16 15:36:00,375 - Module(camera):Line(38) INFO - Renamed /mnt/geosense/cameras/G5Bullet_28/mp4/File_003_G5Bullet_28_F4E2C678D5F6_2024-09-15_4_0.mp4 to /mnt/geosense/cameras/G5Bullet_28/mp4/File_003_File_003_G5Bullet_28_F4E2C678D5F6_2024-09-15_4_0.mp4
2024-09-16 15:36:00,376 - Module(camera):Line(38) INFO - Renamed /mnt/geosense/cameras/G5Bullet_28/mp4/File_004_G5Bullet_28_F4E2C678D5F6_2024-09-15_5_0.mp4 to /mnt/geosense/cameras/G5Bullet_28/mp4/File_004_File_004_G5Bullet_28_F4E2C678D5F6_2024-09-15_5_0.mp4
2024-09-16 15:36:00,376 - Module(camera):Line(38) INFO - Renamed /mnt/geosense/cameras/G5Bullet_28/mp4/File_005_G5Bullet_28_F4E2C678D5F6_2024-09-15_6_0.mp4 to /mnt/geosense/cameras/G5Bullet_28/mp4/File_005_File_005_G5Bullet_28_F4E2C678D5F6_2024-09-15_6_0.mp4
2024-09-16 15:36:00,376 - Module(camera):Line(38) INFO - Renamed /mnt/geosense/cameras/G5Bullet_28/mp4/File_006_G5Bullet_28_F4E2C678D5F6_2024-09-15_7_0.mp4 to /mnt/geosense/cameras/G5Bullet_28/mp4/File_006_File_006_G5Bullet_28_F4E2C678D5F6_2024-09-15_7_0.mp4
2024-09-16 15:36:00,376 - Module(camera):Line(38) INFO - Renamed /mnt/geosense/cameras/G5Bullet_28/mp4/File_007_G5Bullet_28_F4E2C678D5F6_2024-09-15_8_0.mp4 to /mnt/geosense/cameras/G5Bullet_28/mp4/File_007_File_007_G5Bullet_28_F4E2C678D5F6_2024-09-15_8_0.mp4
2024-09-16 15:36:00,376 - Module(camera):Line(38) INFO - Renamed /mnt/geosense/cameras/G5Bullet_28/mp4/File_008_G5Bullet_28_F4E2C678D5F6_2024-09-15_9_0.mp4 to /mnt/geosense/cameras/G5Bullet_28/mp4/File_008_File_008_G5Bullet_28_F4E2C678D5F6_2024-09-15_9_0.mp4
2024-09-16 15:36:00,376 - Module(camera):Line(38) INFO - Renamed /mnt/geosense/cameras/G5Bullet_28/mp4/File_009_G5Bullet_28_F4E2C678D5F6_2024-09-15_10_0.mp4 to /mnt/geosense/cameras/G5Bullet_28/mp4/File_009_File_009_G5Bullet_28_F4E2C678D5F6_2024-09-15_10_0.mp4
2024-09-16 15:36:00,376 - Module(camera):Line(38) INFO - Renamed /mnt/geosense/cameras/G5Bullet_28/mp4/File_010_G5Bullet_28_F4E2C678D5F6_2024-09-15_11_0.mp4 to /mnt/geosense/cameras/G5Bullet_28/mp4/File_010_File_010_G5Bullet_28_F4E2C678D5F6_2024-09-15_11_0.mp4
2024-09-16 15:36:00,376 - Module(camera):Line(38) INFO - Renamed /mnt/geosense/cameras/G5Bullet_28/mp4/File_011_G5Bullet_28_F4E2C678D5F6_2024-09-15_12_0.mp4 to /mnt/geosense/cameras/G5Bullet_28/mp4/File_011_File_011_G5Bullet_28_F4E2C678D5F6_2024-09-15_12_0.mp4
2024-09-16 15:36:00,377 - Module(camera):Line(38) INFO - Renamed /mnt/geosense/cameras/G5Bullet_28/mp4/File_012_G5Bullet_28_F4E2C678D5F6_2024-09-15_13_0.mp4 to /mnt/geosense/cameras/G5Bullet_28/mp4/File_012_File_012_G5Bullet_28_F4E2C678D5F6_2024-09-15_13_0.mp4
2024-09-16 15:36:00,377 - Module(camera):Line(38) INFO - Renamed /mnt/geosense/cameras/G5Bullet_28/mp4/File_013_G5Bullet_28_F4E2C678D5F6_2024-09-15_14_0.mp4 to /mnt/geosense/cameras/G5Bullet_28/mp4/File_013_File_013_G5Bullet_28_F4E2C678D5F6_2024-09-15_14_0.mp4
2024-09-16 15:36:00,377 - Module(camera):Line(38) INFO - Renamed /mnt/geosense/cameras/G5Bullet_28/mp4/File_014_G5Bullet_28_F4E2C678D5F6_2024-09-15_15_0.mp4 to /mnt/geosense/cameras/G5Bullet_28/mp4/File_014_File_014_G5Bullet_28_F4E2C678D5F6_2024-09-15_15_0.mp4
2024-09-16 15:36:00,377 - Module(camera):Line(38) INFO - Renamed /mnt/geosense/cameras/G5Bullet_28/mp4/File_015_G5Bullet_28_F4E2C678D5F6_2024-09-15_16_0.mp4 to /mnt/geosense/cameras/G5Bullet_28/mp4/File_015_File_015_G5Bullet_28_F4E2C678D5F6_2024-09-15_16_0.mp4
2024-09-16 15:36:00,377 - Module(camera):Line(38) INFO - Renamed /mnt/geosense/cameras/G5Bullet_28/mp4/File_016_G5Bullet_28_F4E2C678D5F6_2024-09-15_17_0.mp4 to /mnt/geosense/cameras/G5Bullet_28/mp4/File_016_File_016_G5Bullet_28_F4E2C678D5F6_2024-09-15_17_0.mp4
2024-09-16 15:36:00,377 - Module(camera):Line(38) INFO - Renamed /mnt/geosense/cameras/G5Bullet_28/mp4/File_017_G5Bullet_28_F4E2C678D5F6_2024-09-15_18_0.mp4 to /mnt/geosense/cameras/G5Bullet_28/mp4/File_017_File_017_G5Bullet_28_F4E2C678D5F6_2024-09-15_18_0.mp4
2024-09-16 15:36:00,377 - Module(camera):Line(38) INFO - Renamed /mnt/geosense/cameras/G5Bullet_28/mp4/File_018_G5Bullet_28_F4E2C678D5F6_2024-09-15_19_0.mp4 to /mnt/geosense/cameras/G5Bullet_28/mp4/File_018_File_018_G5Bullet_28_F4E2C678D5F6_2024-09-15_19_0.mp4
2024-09-16 15:36:00,378 - Module(camera):Line(38) INFO - Renamed /mnt/geosense/cameras/G5Bullet_28/mp4/File_019_G5Bullet_28_F4E2C678D5F6_2024-09-15_20_0.mp4 to /mnt/geosense/cameras/G5Bullet_28/mp4/File_019_File_019_G5Bullet_28_F4E2C678D5F6_2024-09-15_20_0.mp4
2024-09-16 15:36:00,378 - Module(camera):Line(38) INFO - Renamed /mnt/geosense/cameras/G5Bullet_28/mp4/File_020_G5Bullet_28_F4E2C678D5F6_2024-09-15_21_0.mp4 to /mnt/geosense/cameras/G5Bullet_28/mp4/File_020_File_020_G5Bullet_28_F4E2C678D5F6_2024-09-15_21_0.mp4
2024-09-16 15:36:00,378 - Module(camera):Line(38) INFO - Renamed /mnt/geosense/cameras/G5Bullet_28/mp4/File_021_G5Bullet_28_F4E2C678D5F6_2024-09-15_22_0.mp4 to /mnt/geosense/cameras/G5Bullet_28/mp4/File_021_File_021_G5Bullet_28_F4E2C678D5F6_2024-09-15_22_0.mp4
2024-09-16 15:36:00,378 - Module(camera):Line(38) INFO - Renamed /mnt/geosense/cameras/G5Bullet_28/mp4/File_022_G5Bullet_28_F4E2C678D5F6_2024-09-15_23_0.mp4 to /mnt/geosense/cameras/G5Bullet_28/mp4/File_022_File_022_G5Bullet_28_F4E2C678D5F6_2024-09-15_23_0.mp4
2024-09-16 15:36:00,378 - Module(camera):Line(38) INFO - Renamed /mnt/geosense/cameras/G5Bullet_28/mp4/File_023_G5Bullet_28_F4E2C678D5F6_2024-09-15_24_0.mp4 to /mnt/geosense/cameras/G5Bullet_28/mp4/File_023_File_023_G5Bullet_28_F4E2C678D5F6_2024-09-15_24_0.mp4
2024-09-16 15:36:00,378 - Module(camera):Line(38) INFO - Renamed /mnt/geosense/cameras/G5Bullet_28/mp4/File_024_G5Bullet_28_F4E2C678D5F6_2024-09-15_25_0.mp4 to /mnt/geosense/cameras/G5Bullet_28/mp4/File_024_File_024_G5Bullet_28_F4E2C678D5F6_2024-09-15_25_0.mp4
2024-09-16 15:36:00,378 - Module(camera):Line(38) INFO - Renamed /mnt/geosense/cameras/G5Bullet_28/mp4/File_025_G5Bullet_28_F4E2C678D5F6_2024-09-15_26_0.mp4 to /mnt/geosense/cameras/G5Bullet_28/mp4/File_025_File_025_G5Bullet_28_F4E2C678D5F6_2024-09-15_26_0.mp4
2024-09-16 15:36:00,378 - Module(camera):Line(38) INFO - Renamed /mnt/geosense/cameras/G5Bullet_28/mp4/File_026_G5Bullet_28_F4E2C678D5F6_2024-09-15_27_0.mp4 to /mnt/geosense/cameras/G5Bullet_28/mp4/File_026_File_026_G5Bullet_28_F4E2C678D5F6_2024-09-15_27_0.mp4
2024-09-16 15:36:00,379 - Module(camera):Line(38) INFO - Renamed /mnt/geosense/cameras/G5Bullet_28/mp4/File_027_G5Bullet_28_F4E2C678D5F6_2024-09-15_28_0.mp4 to /mnt/geosense/cameras/G5Bullet_28/mp4/File_027_File_027_G5Bullet_28_F4E2C678D5F6_2024-09-15_28_0.mp4
2024-09-16 15:36:00,379 - Module(camera):Line(38) INFO - Renamed /mnt/geosense/cameras/G5Bullet_28/mp4/File_028_G5Bullet_28_F4E2C678D5F6_2024-09-15_29_0.mp4 to /mnt/geosense/cameras/G5Bullet_28/mp4/File_028_File_028_G5Bullet_28_F4E2C678D5F6_2024-09-15_29_0.mp4
2024-09-16 15:36:00,379 - Module(camera):Line(38) INFO - Renamed /mnt/geosense/cameras/G5Bullet_28/mp4/File_029_G5Bullet_28_F4E2C678D5F6_2024-09-15_30_0.mp4 to /mnt/geosense/cameras/G5Bullet_28/mp4/File_029_File_029_G5Bullet_28_F4E2C678D5F6_2024-09-15_30_0.mp4
2024-09-16 15:36:00,379 - Module(camera):Line(38) INFO - Renamed /mnt/geosense/cameras/G5Bullet_28/mp4/File_030_G5Bullet_28_F4E2C678D5F6_2024-09-15_31_0.mp4 to /mnt/geosense/cameras/G5Bullet_28/mp4/File_030_File_030_G5Bullet_28_F4E2C678D5F6_2024-09-15_31_0.mp4
2024-09-16 15:36:00,379 - Module(camera):Line(38) INFO - Renamed /mnt/geosense/cameras/G5Bullet_28/mp4/File_031_G5Bullet_28_F4E2C678D5F6_2024-09-15_32_0.mp4 to /mnt/geosense/cameras/G5Bullet_28/mp4/File_031_File_031_G5Bullet_28_F4E2C678D5F6_2024-09-15_32_0.mp4
2024-09-16 15:36:00,379 - Module(camera):Line(38) INFO - Renamed /mnt/geosense/cameras/G5Bullet_28/mp4/File_032_G5Bullet_28_F4E2C678D5F6_2024-09-15_33_0.mp4 to /mnt/geosense/cameras/G5Bullet_28/mp4/File_032_File_032_G5Bullet_28_F4E2C678D5F6_2024-09-15_33_0.mp4
2024-09-16 15:36:00,379 - Module(camera):Line(38) INFO - Renamed /mnt/geosense/cameras/G5Bullet_28/mp4/File_033_G5Bullet_28_F4E2C678D5F6_2024-09-15_34_0.mp4 to /mnt/geosense/cameras/G5Bullet_28/mp4/File_033_File_033_G5Bullet_28_F4E2C678D5F6_2024-09-15_34_0.mp4
2024-09-16 15:36:00,380 - Module(camera):Line(38) INFO - Renamed /mnt/geosense/cameras/G5Bullet_28/mp4/File_034_G5Bullet_28_F4E2C678D5F6_2024-09-15_35_0.mp4 to /mnt/geosense/cameras/G5Bullet_28/mp4/File_034_File_034_G5Bullet_28_F4E2C678D5F6_2024-09-15_35_0.mp4
2024-09-16 15:36:00,380 - Module(camera):Line(38) INFO - Renamed /mnt/geosense/cameras/G5Bullet_28/mp4/File_035_G5Bullet_28_F4E2C678D5F6_2024-09-15_36_0.mp4 to /mnt/geosense/cameras/G5Bullet_28/mp4/File_035_File_035_G5Bullet_28_F4E2C678D5F6_2024-09-15_36_0.mp4
2024-09-16 15:36:00,380 - Module(camera):Line(38) INFO - Renamed /mnt/geosense/cameras/G5Bullet_28/mp4/File_036_G5Bullet_28_F4E2C678D5F6_2024-09-15_37_0.mp4 to /mnt/geosense/cameras/G5Bullet_28/mp4/File_036_File_036_G5Bullet_28_F4E2C678D5F6_2024-09-15_37_0.mp4
2024-09-16 15:36:00,380 - Module(camera):Line(38) INFO - Renamed /mnt/geosense/cameras/G5Bullet_28/mp4/File_037_G5Bullet_28_F4E2C678D5F6_2024-09-15_38_0.mp4 to /mnt/geosense/cameras/G5Bullet_28/mp4/File_037_File_037_G5Bullet_28_F4E2C678D5F6_2024-09-15_38_0.mp4
2024-09-16 15:36:00,380 - Module(camera):Line(38) INFO - Renamed /mnt/geosense/cameras/G5Bullet_28/mp4/File_038_G5Bullet_28_F4E2C678D5F6_2024-09-15_39_0.mp4 to /mnt/geosense/cameras/G5Bullet_28/mp4/File_038_File_038_G5Bullet_28_F4E2C678D5F6_2024-09-15_39_0.mp4
2024-09-16 15:36:00,380 - Module(camera):Line(38) INFO - Renamed /mnt/geosense/cameras/G5Bullet_28/mp4/File_039_G5Bullet_28_F4E2C678D5F6_2024-09-15_40_0.mp4 to /mnt/geosense/cameras/G5Bullet_28/mp4/File_039_File_039_G5Bullet_28_F4E2C678D5F6_2024-09-15_40_0.mp4
2024-09-16 15:36:00,380 - Module(camera):Line(38) INFO - Renamed /mnt/geosense/cameras/G5Bullet_28/mp4/File_040_G5Bullet_28_F4E2C678D5F6_2024-09-15_41_0.mp4 to /mnt/geosense/cameras/G5Bullet_28/mp4/File_040_File_040_G5Bullet_28_F4E2C678D5F6_2024-09-15_41_0.mp4
2024-09-16 15:36:00,380 - Module(camera):Line(38) INFO - Renamed /mnt/geosense/cameras/G5Bullet_28/mp4/File_041_G5Bullet_28_F4E2C678D5F6_2024-09-15_42_0.mp4 to /mnt/geosense/cameras/G5Bullet_28/mp4/File_041_File_041_G5Bullet_28_F4E2C678D5F6_2024-09-15_42_0.mp4
2024-09-16 15:36:00,381 - Module(camera):Line(38) INFO - Renamed /mnt/geosense/cameras/G5Bullet_28/mp4/File_042_G5Bullet_28_F4E2C678D5F6_2024-09-15_43_0.mp4 to /mnt/geosense/cameras/G5Bullet_28/mp4/File_042_File_042_G5Bullet_28_F4E2C678D5F6_2024-09-15_43_0.mp4
2024-09-16 15:36:00,381 - Module(camera):Line(38) INFO - Renamed /mnt/geosense/cameras/G5Bullet_28/mp4/File_043_G5Bullet_28_F4E2C678D5F6_2024-09-15_44_0.mp4 to /mnt/geosense/cameras/G5Bullet_28/mp4/File_043_File_043_G5Bullet_28_F4E2C678D5F6_2024-09-15_44_0.mp4
2024-09-16 15:36:00,381 - Module(main):Line(72) INFO - Processing file /mnt/geosense/cameras/G5Bullet_28/mp4/File_000_File_000_G5Bullet_28_F4E2C678D5F6_2024-09-15_1_0.mp4...
2024-09-16 15:36:00,462 - Module(data_preprocessing):Line(132) INFO - Frame rate: 29.999875709327203
2024-09-16 15:36:00,462 - Module(data_preprocessing):Line(132) INFO - Frame rate: 29.999875709327203
2024-09-16 15:36:00,463 - Module(data_preprocessing):Line(133) INFO - Extracting frames from video '/mnt/geosense/cameras/G5Bullet_28/mp4/File_000_File_000_G5Bullet_28_F4E2C678D5F6_2024-09-15_1_0.mp4'...
2024-09-16 15:36:00,463 - Module(data_preprocessing):Line(133) INFO - Extracting frames from video '/mnt/geosense/cameras/G5Bullet_28/mp4/File_000_G5Bullet_28_F4E2C678D5F6_2024-09-15_1_0.mp4'...
2024-09-16 15:36:00,634 - Module(data_preprocessing):Line(169) INFO - Extracting frame 0...
2024-09-16 15:36:00,634 - Module(data_preprocessing):Line(169) INFO - Extracting frame 0...
2024-09-16 15:36:00,634 - Module(data_preprocessing):Line(173) INFO - Frame number internal: 3599
2024-09-16 15:36:00,634 - Module(data_preprocessing):Line(173) INFO - Frame number internal: 3599
2024-09-16 15:36:02,636 - Module(data_preprocessing):Line(169) INFO - Extracting frame 1...
2024-09-16 15:36:02,636 - Module(data_preprocessing):Line(173) INFO - Frame number internal: 7198
2024-09-16 15:36:02,638 - Module(data_preprocessing):Line(169) INFO - Extracting frame 1...
2024-09-16 15:36:02,638 - Module(data_preprocessing):Line(173) INFO - Frame number internal: 7198
2024-09-16 15:36:04,456 - Module(data_preprocessing):Line(169) INFO - Extracting frame 2...
2024-09-16 15:36:04,457 - Module(data_preprocessing):Line(173) INFO - Frame number internal: 10797
2024-09-16 15:36:04,475 - Module(data_preprocessing):Line(169) INFO - Extracting frame 2...
2024-09-16 15:36:04,475 - Module(data_preprocessing):Line(173) INFO - Frame number internal: 10797
2024-09-16 15:36:06,087 - Module(data_preprocessing):Line(169) INFO - Extracting frame 3...
2024-09-16 15:36:06,087 - Module(data_preprocessing):Line(173) INFO - Frame number internal: 14396
2024-09-16 15:36:06,110 - Module(data_preprocessing):Line(169) INFO - Extracting frame 3...
2024-09-16 15:36:06,110 - Module(data_preprocessing):Line(173) INFO - Frame number internal: 14396
2024-09-16 15:36:07,942 - Module(data_preprocessing):Line(169) INFO - Extracting frame 4...
2024-09-16 15:36:07,942 - Module(data_preprocessing):Line(173) INFO - Frame number internal: 17995
2024-09-16 15:36:07,971 - Module(data_preprocessing):Line(169) INFO - Extracting frame 4...
2024-09-16 15:36:07,971 - Module(data_preprocessing):Line(173) INFO - Frame number internal: 17995
2024-09-16 15:36:09,491 - Module(data_preprocessing):Line(169) INFO - Extracting frame 5...
2024-09-16 15:36:09,492 - Module(data_preprocessing):Line(173) INFO - Frame number internal: 21594
2024-09-16 15:36:09,524 - Module(data_preprocessing):Line(169) INFO - Extracting frame 5...
2024-09-16 15:36:09,524 - Module(data_preprocessing):Line(173) INFO - Frame number internal: 21594
2024-09-16 15:36:10,969 - Module(data_preprocessing):Line(169) INFO - Extracting frame 6...
2024-09-16 15:36:10,970 - Module(data_preprocessing):Line(173) INFO - Frame number internal: 25193
2024-09-16 15:36:11,014 - Module(data_preprocessing):Line(169) INFO - Extracting frame 6...
2024-09-16 15:36:11,014 - Module(data_preprocessing):Line(173) INFO - Frame number internal: 25193
2024-09-16 15:36:12,392 - Module(data_preprocessing):Line(169) INFO - Extracting frame 7...
2024-09-16 15:36:12,393 - Module(data_preprocessing):Line(173) INFO - Frame number internal: 28792
2024-09-16 15:36:12,434 - Module(data_preprocessing):Line(169) INFO - Extracting frame 7...
2024-09-16 15:36:12,435 - Module(data_preprocessing):Line(173) INFO - Frame number internal: 28792
2024-09-16 15:36:14,025 - Module(data_preprocessing):Line(169) INFO - Extracting frame 8...
2024-09-16 15:36:14,026 - Module(data_preprocessing):Line(173) INFO - Frame number internal: 32391
2024-09-16 15:36:14,093 - Module(data_preprocessing):Line(169) INFO - Extracting frame 8...
2024-09-16 15:36:14,093 - Module(data_preprocessing):Line(173) INFO - Frame number internal: 32391
2024-09-16 15:36:15,644 - Module(data_preprocessing):Line(169) INFO - Extracting frame 9...
2024-09-16 15:36:15,645 - Module(data_preprocessing):Line(173) INFO - Frame number internal: 35990
2024-09-16 15:36:15,701 - Module(data_preprocessing):Line(169) INFO - Extracting frame 9...
2024-09-16 15:36:15,701 - Module(data_preprocessing):Line(173) INFO - Frame number internal: 35990
2024-09-16 15:36:17,489 - Module(data_preprocessing):Line(169) INFO - Extracting frame 10...
2024-09-16 15:36:17,489 - Module(data_preprocessing):Line(173) INFO - Frame number internal: 39589
2024-09-16 15:36:17,521 - Module(data_preprocessing):Line(169) INFO - Extracting frame 10...
2024-09-16 15:36:17,521 - Module(data_preprocessing):Line(173) INFO - Frame number internal: 39589
2024-09-16 15:36:19,376 - Module(data_preprocessing):Line(169) INFO - Extracting frame 11...
2024-09-16 15:36:19,377 - Module(data_preprocessing):Line(173) INFO - Frame number internal: 43188
2024-09-16 15:36:19,402 - Module(data_preprocessing):Line(169) INFO - Extracting frame 11...
2024-09-16 15:36:19,403 - Module(data_preprocessing):Line(173) INFO - Frame number internal: 43188
2024-09-16 15:36:21,245 - Module(data_preprocessing):Line(169) INFO - Extracting frame 12...
2024-09-16 15:36:21,246 - Module(data_preprocessing):Line(173) INFO - Frame number internal: 46787
2024-09-16 15:36:21,282 - Module(data_preprocessing):Line(169) INFO - Extracting frame 12...
2024-09-16 15:36:21,283 - Module(data_preprocessing):Line(173) INFO - Frame number internal: 46787
2024-09-16 15:36:22,725 - Module(data_preprocessing):Line(169) INFO - Extracting frame 13...
2024-09-16 15:36:22,725 - Module(data_preprocessing):Line(173) INFO - Frame number internal: 50386
2024-09-16 15:36:22,759 - Module(data_preprocessing):Line(169) INFO - Extracting frame 13...
2024-09-16 15:36:22,759 - Module(data_preprocessing):Line(173) INFO - Frame number internal: 50386
2024-09-16 15:36:24,227 - Module(data_preprocessing):Line(169) INFO - Extracting frame 14...
2024-09-16 15:36:24,228 - Module(data_preprocessing):Line(173) INFO - Frame number internal: 53985
2024-09-16 15:36:24,252 - Module(data_preprocessing):Line(169) INFO - Extracting frame 14...
2024-09-16 15:36:24,252 - Module(data_preprocessing):Line(173) INFO - Frame number internal: 53985
2024-09-16 15:36:25,792 - Module(data_preprocessing):Line(169) INFO - Extracting frame 15...
2024-09-16 15:36:25,793 - Module(data_preprocessing):Line(173) INFO - Frame number internal: 57584
2024-09-16 15:36:25,827 - Module(data_preprocessing):Line(169) INFO - Extracting frame 15...
2024-09-16 15:36:25,828 - Module(data_preprocessing):Line(173) INFO - Frame number internal: 57584
2024-09-16 15:36:27,129 - Module(data_preprocessing):Line(169) INFO - Extracting frame 16...
2024-09-16 15:36:27,130 - Module(data_preprocessing):Line(173) INFO - Frame number internal: 61183
2024-09-16 15:36:27,167 - Module(data_preprocessing):Line(169) INFO - Extracting frame 16...
2024-09-16 15:36:27,167 - Module(data_preprocessing):Line(173) INFO - Frame number internal: 61183
2024-09-16 15:36:28,684 - Module(data_preprocessing):Line(169) INFO - Extracting frame 17...
2024-09-16 15:36:28,685 - Module(data_preprocessing):Line(173) INFO - Frame number internal: 64782
2024-09-16 15:36:28,713 - Module(data_preprocessing):Line(169) INFO - Extracting frame 17...
2024-09-16 15:36:28,713 - Module(data_preprocessing):Line(173) INFO - Frame number internal: 64782
2024-09-16 15:36:30,031 - Module(data_preprocessing):Line(169) INFO - Extracting frame 18...
2024-09-16 15:36:30,031 - Module(data_preprocessing):Line(173) INFO - Frame number internal: 68381
2024-09-16 15:36:30,031 - Module(data_preprocessing):Line(154) INFO - Break: frame_number_internal exceeds total number of frames.
2024-09-16 15:36:30,033 - Module(data_preprocessing):Line(176) INFO - All frames extracted.
2024-09-16 15:36:30,034 - Module(data_preprocessing):Line(177) INFO - Frame number: 0
2024-09-16 15:36:30,036 - Module(main):Line(91) INFO - Enhance frames...
2024-09-16 15:36:30,036 - Module(camera):Line(43) INFO - Grouping files in sets...
2024-09-16 15:36:30,037 - Module(camera):Line(48) INFO - Moving files to staging directory...
2024-09-16 15:36:30,038 - Module(camera):Line(52) INFO - Keeping every third file and removing the others...
2024-09-16 15:36:30,039 - Module(main):Line(72) INFO - Processing file /mnt/geosense/cameras/G5Bullet_28/mp4/File_001_G5Bullet_28_F4E2C678D5F6_2024-09-15_2_0.mp4...
2024-09-16 15:36:30,050 - Module(data_preprocessing):Line(124) INFO - Error: Could not open video.
2024-09-16 15:36:30,050 - Module(main):Line(91) INFO - Enhance frames...
2024-09-16 15:36:30,051 - Module(camera):Line(43) INFO - Grouping files in sets...
2024-09-16 15:36:30,051 - Module(camera):Line(48) INFO - Moving files to staging directory...
2024-09-16 15:36:30,051 - Module(camera):Line(52) INFO - Keeping every third file and removing the others...
2024-09-16 15:36:30,052 - Module(main):Line(72) INFO - Processing file /mnt/geosense/cameras/G5Bullet_28/mp4/File_002_G5Bullet_28_F4E2C678D5F6_2024-09-15_3_0.mp4...
2024-09-16 15:36:30,052 - Module(data_preprocessing):Line(124) INFO - Error: Could not open video.
2024-09-16 15:36:30,052 - Module(main):Line(91) INFO - Enhance frames...
2024-09-16 15:36:30,052 - Module(camera):Line(43) INFO - Grouping files in sets...
2024-09-16 15:36:30,052 - Module(camera):Line(48) INFO - Moving files to staging directory...
2024-09-16 15:36:30,053 - Module(camera):Line(52) INFO - Keeping every third file and removing the others...
2024-09-16 15:36:30,054 - Module(main):Line(72) INFO - Processing file /mnt/geosense/cameras/G5Bullet_28/mp4/File_003_G5Bullet_28_F4E2C678D5F6_2024-09-15_4_0.mp4...
2024-09-16 15:36:30,054 - Module(data_preprocessing):Line(124) INFO - Error: Could not open video.
2024-09-16 15:36:30,054 - Module(main):Line(91) INFO - Enhance frames...
2024-09-16 15:36:30,054 - Module(camera):Line(43) INFO - Grouping files in sets...
2024-09-16 15:36:30,054 - Module(camera):Line(48) INFO - Moving files to staging directory...
2024-09-16 15:36:30,054 - Module(camera):Line(52) INFO - Keeping every third file and removing the others...
2024-09-16 15:36:30,054 - Module(main):Line(72) INFO - Processing file /mnt/geosense/cameras/G5Bullet_28/mp4/File_004_G5Bullet_28_F4E2C678D5F6_2024-09-15_5_0.mp4...
2024-09-16 15:36:30,054 - Module(data_preprocessing):Line(124) INFO - Error: Could not open video.
2024-09-16 15:36:30,055 - Module(main):Line(91) INFO - Enhance frames...
2024-09-16 15:36:30,055 - Module(camera):Line(43) INFO - Grouping files in sets...
2024-09-16 15:36:30,055 - Module(camera):Line(48) INFO - Moving files to staging directory...
2024-09-16 15:36:30,055 - Module(camera):Line(52) INFO - Keeping every third file and removing the others...
2024-09-16 15:36:30,055 - Module(main):Line(72) INFO - Processing file /mnt/geosense/cameras/G5Bullet_28/mp4/File_005_G5Bullet_28_F4E2C678D5F6_2024-09-15_6_0.mp4...
2024-09-16 15:36:30,055 - Module(data_preprocessing):Line(124) INFO - Error: Could not open video.
2024-09-16 15:36:30,055 - Module(main):Line(91) INFO - Enhance frames...
2024-09-16 15:36:30,055 - Module(camera):Line(43) INFO - Grouping files in sets...
2024-09-16 15:36:30,058 - Module(camera):Line(48) INFO - Moving files to staging directory...
2024-09-16 15:36:30,058 - Module(camera):Line(52) INFO - Keeping every third file and removing the others...
2024-09-16 15:36:30,059 - Module(main):Line(72) INFO - Processing file /mnt/geosense/cameras/G5Bullet_28/mp4/File_006_G5Bullet_28_F4E2C678D5F6_2024-09-15_7_0.mp4...
2024-09-16 15:36:30,059 - Module(data_preprocessing):Line(124) INFO - Error: Could not open video.
2024-09-16 15:36:30,059 - Module(main):Line(91) INFO - Enhance frames...
2024-09-16 15:36:30,059 - Module(camera):Line(43) INFO - Grouping files in sets...
2024-09-16 15:36:30,059 - Module(camera):Line(48) INFO - Moving files to staging directory...
2024-09-16 15:36:30,059 - Module(camera):Line(52) INFO - Keeping every third file and removing the others...
2024-09-16 15:36:30,059 - Module(main):Line(72) INFO - Processing file /mnt/geosense/cameras/G5Bullet_28/mp4/File_007_G5Bullet_28_F4E2C678D5F6_2024-09-15_8_0.mp4...
2024-09-16 15:36:30,059 - Module(data_preprocessing):Line(124) INFO - Error: Could not open video.
2024-09-16 15:36:30,059 - Module(data_preprocessing):Line(169) INFO - Extracting frame 18...
2024-09-16 15:36:30,060 - Module(main):Line(91) INFO - Enhance frames...
2024-09-16 15:36:30,060 - Module(camera):Line(43) INFO - Grouping files in sets...
2024-09-16 15:36:30,060 - Module(data_preprocessing):Line(173) INFO - Frame number internal: 68381
2024-09-16 15:36:30,060 - Module(data_preprocessing):Line(154) INFO - Break: frame_number_internal exceeds total number of frames.
2024-09-16 15:36:30,060 - Module(camera):Line(48) INFO - Moving files to staging directory...
2024-09-16 15:36:30,060 - Module(camera):Line(52) INFO - Keeping every third file and removing the others...
2024-09-16 15:36:30,060 - Module(main):Line(72) INFO - Processing file /mnt/geosense/cameras/G5Bullet_28/mp4/File_008_G5Bullet_28_F4E2C678D5F6_2024-09-15_9_0.mp4...
2024-09-16 15:36:30,060 - Module(data_preprocessing):Line(124) INFO - Error: Could not open video.
2024-09-16 15:36:30,060 - Module(main):Line(91) INFO - Enhance frames...
2024-09-16 15:36:30,061 - Module(data_preprocessing):Line(176) INFO - All frames extracted.
2024-09-16 15:36:30,061 - Module(data_preprocessing):Line(177) INFO - Frame number: 0
2024-09-16 15:36:30,060 - Module(camera):Line(43) INFO - Grouping files in sets...
2024-09-16 15:36:30,063 - Module(camera):Line(48) INFO - Moving files to staging directory...
2024-09-16 15:36:30,063 - Module(camera):Line(52) INFO - Keeping every third file and removing the others...
2024-09-16 15:36:30,063 - Module(main):Line(72) INFO - Processing file /mnt/geosense/cameras/G5Bullet_28/mp4/File_009_G5Bullet_28_F4E2C678D5F6_2024-09-15_10_0.mp4...
2024-09-16 15:36:30,063 - Module(data_preprocessing):Line(124) INFO - Error: Could not open video.
2024-09-16 15:36:30,063 - Module(main):Line(91) INFO - Enhance frames...
2024-09-16 15:36:30,063 - Module(camera):Line(43) INFO - Grouping files in sets...
2024-09-16 15:36:30,063 - Module(camera):Line(48) INFO - Moving files to staging directory...
2024-09-16 15:36:30,064 - Module(main):Line(91) INFO - Enhance frames...
2024-09-16 15:36:30,064 - Module(camera):Line(43) INFO - Grouping files in sets...
2024-09-16 15:36:30,064 - Module(camera):Line(48) INFO - Moving files to staging directory...
2024-09-16 15:36:30,064 - Module(camera):Line(52) INFO - Keeping every third file and removing the others...
2024-09-16 15:36:30,064 - Module(main):Line(72) INFO - Processing file /mnt/geosense/cameras/G5Bullet_28/mp4/File_001_File_001_G5Bullet_28_F4E2C678D5F6_2024-09-15_2_0.mp4...
2024-09-16 15:36:30,065 - Module(camera):Line(52) INFO - Keeping every third file and removing the others...
2024-09-16 15:36:30,065 - Module(main):Line(72) INFO - Processing file /mnt/geosense/cameras/G5Bullet_28/mp4/File_010_G5Bullet_28_F4E2C678D5F6_2024-09-15_11_0.mp4...
2024-09-16 15:36:30,065 - Module(data_preprocessing):Line(124) INFO - Error: Could not open video.
2024-09-16 15:36:30,065 - Module(main):Line(91) INFO - Enhance frames...
2024-09-16 15:36:30,065 - Module(camera):Line(43) INFO - Grouping files in sets...
2024-09-16 15:36:30,065 - Module(camera):Line(48) INFO - Moving files to staging directory...
2024-09-16 15:36:30,065 - Module(camera):Line(52) INFO - Keeping every third file and removing the others...
2024-09-16 15:36:30,066 - Module(main):Line(72) INFO - Processing file /mnt/geosense/cameras/G5Bullet_28/mp4/File_011_G5Bullet_28_F4E2C678D5F6_2024-09-15_12_0.mp4...
2024-09-16 15:36:30,066 - Module(data_preprocessing):Line(124) INFO - Error: Could not open video.
2024-09-16 15:36:30,066 - Module(main):Line(91) INFO - Enhance frames...
2024-09-16 15:36:30,066 - Module(camera):Line(43) INFO - Grouping files in sets...
2024-09-16 15:36:30,066 - Module(camera):Line(48) INFO - Moving files to staging directory...
2024-09-16 15:36:30,066 - Module(camera):Line(52) INFO - Keeping every third file and removing the others...
2024-09-16 15:36:30,066 - Module(main):Line(72) INFO - Processing file /mnt/geosense/cameras/G5Bullet_28/mp4/File_012_G5Bullet_28_F4E2C678D5F6_2024-09-15_13_0.mp4...
2024-09-16 15:36:30,066 - Module(data_preprocessing):Line(124) INFO - Error: Could not open video.
2024-09-16 15:36:30,067 - Module(main):Line(91) INFO - Enhance frames...
2024-09-16 15:36:30,067 - Module(camera):Line(43) INFO - Grouping files in sets...
2024-09-16 15:36:30,067 - Module(camera):Line(48) INFO - Moving files to staging directory...
2024-09-16 15:36:30,067 - Module(camera):Line(52) INFO - Keeping every third file and removing the others...
2024-09-16 15:36:30,067 - Module(main):Line(72) INFO - Processing file /mnt/geosense/cameras/G5Bullet_28/mp4/File_013_G5Bullet_28_F4E2C678D5F6_2024-09-15_14_0.mp4...
2024-09-16 15:36:30,067 - Module(data_preprocessing):Line(124) INFO - Error: Could not open video.
2024-09-16 15:36:30,068 - Module(main):Line(91) INFO - Enhance frames...
2024-09-16 15:36:30,068 - Module(camera):Line(43) INFO - Grouping files in sets...
2024-09-16 15:36:30,068 - Module(camera):Line(48) INFO - Moving files to staging directory...
2024-09-16 15:36:30,068 - Module(camera):Line(52) INFO - Keeping every third file and removing the others...
2024-09-16 15:36:30,068 - Module(main):Line(72) INFO - Processing file /mnt/geosense/cameras/G5Bullet_28/mp4/File_014_G5Bullet_28_F4E2C678D5F6_2024-09-15_15_0.mp4...
2024-09-16 15:36:30,068 - Module(data_preprocessing):Line(124) INFO - Error: Could not open video.
2024-09-16 15:36:30,069 - Module(main):Line(91) INFO - Enhance frames...
2024-09-16 15:36:30,069 - Module(camera):Line(43) INFO - Grouping files in sets...
2024-09-16 15:36:30,069 - Module(camera):Line(48) INFO - Moving files to staging directory...
2024-09-16 15:36:30,069 - Module(camera):Line(52) INFO - Keeping every third file and removing the others...
2024-09-16 15:36:30,069 - Module(main):Line(72) INFO - Processing file /mnt/geosense/cameras/G5Bullet_28/mp4/File_015_G5Bullet_28_F4E2C678D5F6_2024-09-15_16_0.mp4...
2024-09-16 15:36:30,070 - Module(data_preprocessing):Line(124) INFO - Error: Could not open video.
2024-09-16 15:36:30,070 - Module(main):Line(91) INFO - Enhance frames...
2024-09-16 15:36:30,070 - Module(camera):Line(43) INFO - Grouping files in sets...
2024-09-16 15:36:30,070 - Module(camera):Line(48) INFO - Moving files to staging directory...
2024-09-16 15:36:30,070 - Module(camera):Line(52) INFO - Keeping every third file and removing the others...
2024-09-16 15:36:30,070 - Module(main):Line(72) INFO - Processing file /mnt/geosense/cameras/G5Bullet_28/mp4/File_016_G5Bullet_28_F4E2C678D5F6_2024-09-15_17_0.mp4...
2024-09-16 15:36:30,070 - Module(data_preprocessing):Line(124) INFO - Error: Could not open video.
2024-09-16 15:36:30,071 - Module(main):Line(91) INFO - Enhance frames...
2024-09-16 15:36:30,071 - Module(camera):Line(43) INFO - Grouping files in sets...
2024-09-16 15:36:30,071 - Module(camera):Line(48) INFO - Moving files to staging directory...
2024-09-16 15:36:30,071 - Module(camera):Line(52) INFO - Keeping every third file and removing the others...
2024-09-16 15:36:30,071 - Module(main):Line(72) INFO - Processing file /mnt/geosense/cameras/G5Bullet_28/mp4/File_017_G5Bullet_28_F4E2C678D5F6_2024-09-15_18_0.mp4...
2024-09-16 15:36:30,072 - Module(data_preprocessing):Line(124) INFO - Error: Could not open video.
2024-09-16 15:36:30,072 - Module(main):Line(91) INFO - Enhance frames...
2024-09-16 15:36:30,072 - Module(camera):Line(43) INFO - Grouping files in sets...
2024-09-16 15:36:30,072 - Module(camera):Line(48) INFO - Moving files to staging directory...
2024-09-16 15:36:30,072 - Module(camera):Line(52) INFO - Keeping every third file and removing the others...
2024-09-16 15:36:30,072 - Module(main):Line(72) INFO - Processing file /mnt/geosense/cameras/G5Bullet_28/mp4/File_018_G5Bullet_28_F4E2C678D5F6_2024-09-15_19_0.mp4...
2024-09-16 15:36:30,072 - Module(data_preprocessing):Line(124) INFO - Error: Could not open video.
2024-09-16 15:36:30,072 - Module(main):Line(91) INFO - Enhance frames...
2024-09-16 15:36:30,075 - Module(camera):Line(43) INFO - Grouping files in sets...
2024-09-16 15:36:30,075 - Module(camera):Line(48) INFO - Moving files to staging directory...
2024-09-16 15:36:30,075 - Module(camera):Line(52) INFO - Keeping every third file and removing the others...
2024-09-16 15:36:30,076 - Module(main):Line(72) INFO - Processing file /mnt/geosense/cameras/G5Bullet_28/mp4/File_019_G5Bullet_28_F4E2C678D5F6_2024-09-15_20_0.mp4...
2024-09-16 15:36:30,076 - Module(data_preprocessing):Line(124) INFO - Error: Could not open video.
2024-09-16 15:36:30,076 - Module(main):Line(91) INFO - Enhance frames...
2024-09-16 15:36:30,076 - Module(camera):Line(43) INFO - Grouping files in sets...
2024-09-16 15:36:30,076 - Module(camera):Line(48) INFO - Moving files to staging directory...
2024-09-16 15:36:30,076 - Module(camera):Line(52) INFO - Keeping every third file and removing the others...
2024-09-16 15:36:30,076 - Module(main):Line(72) INFO - Processing file /mnt/geosense/cameras/G5Bullet_28/mp4/File_020_G5Bullet_28_F4E2C678D5F6_2024-09-15_21_0.mp4...
2024-09-16 15:36:30,076 - Module(data_preprocessing):Line(124) INFO - Error: Could not open video.
2024-09-16 15:36:30,077 - Module(main):Line(91) INFO - Enhance frames...
2024-09-16 15:36:30,077 - Module(camera):Line(43) INFO - Grouping files in sets...
2024-09-16 15:36:30,077 - Module(camera):Line(48) INFO - Moving files to staging directory...
2024-09-16 15:36:30,077 - Module(camera):Line(52) INFO - Keeping every third file and removing the others...
2024-09-16 15:36:30,077 - Module(main):Line(72) INFO - Processing file /mnt/geosense/cameras/G5Bullet_28/mp4/File_021_G5Bullet_28_F4E2C678D5F6_2024-09-15_22_0.mp4...
2024-09-16 15:36:30,077 - Module(data_preprocessing):Line(124) INFO - Error: Could not open video.
2024-09-16 15:36:30,077 - Module(main):Line(91) INFO - Enhance frames...
2024-09-16 15:36:30,077 - Module(camera):Line(43) INFO - Grouping files in sets...
2024-09-16 15:36:30,077 - Module(camera):Line(48) INFO - Moving files to staging directory...
2024-09-16 15:36:30,078 - Module(camera):Line(52) INFO - Keeping every third file and removing the others...
2024-09-16 15:36:30,078 - Module(main):Line(72) INFO - Processing file /mnt/geosense/cameras/G5Bullet_28/mp4/File_022_G5Bullet_28_F4E2C678D5F6_2024-09-15_23_0.mp4...
2024-09-16 15:36:30,078 - Module(data_preprocessing):Line(124) INFO - Error: Could not open video.
2024-09-16 15:36:30,078 - Module(main):Line(91) INFO - Enhance frames...
2024-09-16 15:36:30,078 - Module(camera):Line(43) INFO - Grouping files in sets...
2024-09-16 15:36:30,078 - Module(camera):Line(48) INFO - Moving files to staging directory...
2024-09-16 15:36:30,078 - Module(camera):Line(52) INFO - Keeping every third file and removing the others...
2024-09-16 15:36:30,078 - Module(main):Line(72) INFO - Processing file /mnt/geosense/cameras/G5Bullet_28/mp4/File_023_G5Bullet_28_F4E2C678D5F6_2024-09-15_24_0.mp4...
2024-09-16 15:36:30,079 - Module(data_preprocessing):Line(124) INFO - Error: Could not open video.
2024-09-16 15:36:30,079 - Module(main):Line(91) INFO - Enhance frames...
2024-09-16 15:36:30,079 - Module(camera):Line(43) INFO - Grouping files in sets...
2024-09-16 15:36:30,079 - Module(camera):Line(48) INFO - Moving files to staging directory...
2024-09-16 15:36:30,079 - Module(camera):Line(52) INFO - Keeping every third file and removing the others...
2024-09-16 15:36:30,079 - Module(main):Line(72) INFO - Processing file /mnt/geosense/cameras/G5Bullet_28/mp4/File_024_G5Bullet_28_F4E2C678D5F6_2024-09-15_25_0.mp4...
2024-09-16 15:36:30,079 - Module(data_preprocessing):Line(124) INFO - Error: Could not open video.
2024-09-16 15:36:30,079 - Module(main):Line(91) INFO - Enhance frames...
2024-09-16 15:36:30,079 - Module(camera):Line(43) INFO - Grouping files in sets...
2024-09-16 15:36:30,080 - Module(camera):Line(48) INFO - Moving files to staging directory...
2024-09-16 15:36:30,080 - Module(camera):Line(52) INFO - Keeping every third file and removing the others...
2024-09-16 15:36:30,080 - Module(main):Line(72) INFO - Processing file /mnt/geosense/cameras/G5Bullet_28/mp4/File_025_G5Bullet_28_F4E2C678D5F6_2024-09-15_26_0.mp4...
2024-09-16 15:36:30,080 - Module(data_preprocessing):Line(124) INFO - Error: Could not open video.
2024-09-16 15:36:30,080 - Module(main):Line(91) INFO - Enhance frames...
2024-09-16 15:36:30,080 - Module(camera):Line(43) INFO - Grouping files in sets...
2024-09-16 15:36:30,080 - Module(camera):Line(48) INFO - Moving files to staging directory...
2024-09-16 15:36:30,080 - Module(camera):Line(52) INFO - Keeping every third file and removing the others...
2024-09-16 15:36:30,081 - Module(main):Line(72) INFO - Processing file /mnt/geosense/cameras/G5Bullet_28/mp4/File_026_G5Bullet_28_F4E2C678D5F6_2024-09-15_27_0.mp4...
2024-09-16 15:36:30,081 - Module(data_preprocessing):Line(124) INFO - Error: Could not open video.
2024-09-16 15:36:30,081 - Module(main):Line(91) INFO - Enhance frames...
2024-09-16 15:36:30,081 - Module(camera):Line(43) INFO - Grouping files in sets...
2024-09-16 15:36:30,081 - Module(camera):Line(48) INFO - Moving files to staging directory...
2024-09-16 15:36:30,081 - Module(camera):Line(52) INFO - Keeping every third file and removing the others...
2024-09-16 15:36:30,081 - Module(main):Line(72) INFO - Processing file /mnt/geosense/cameras/G5Bullet_28/mp4/File_027_G5Bullet_28_F4E2C678D5F6_2024-09-15_28_0.mp4...
2024-09-16 15:36:30,081 - Module(data_preprocessing):Line(124) INFO - Error: Could not open video.
2024-09-16 15:36:30,082 - Module(main):Line(91) INFO - Enhance frames...
2024-09-16 15:36:30,082 - Module(camera):Line(43) INFO - Grouping files in sets...
2024-09-16 15:36:30,082 - Module(camera):Line(48) INFO - Moving files to staging directory...
2024-09-16 15:36:30,082 - Module(camera):Line(52) INFO - Keeping every third file and removing the others...
2024-09-16 15:36:30,082 - Module(main):Line(72) INFO - Processing file /mnt/geosense/cameras/G5Bullet_28/mp4/File_028_G5Bullet_28_F4E2C678D5F6_2024-09-15_29_0.mp4...
2024-09-16 15:36:30,082 - Module(data_preprocessing):Line(124) INFO - Error: Could not open video.
2024-09-16 15:36:30,082 - Module(main):Line(91) INFO - Enhance frames...
2024-09-16 15:36:30,082 - Module(camera):Line(43) INFO - Grouping files in sets...
2024-09-16 15:36:30,083 - Module(camera):Line(48) INFO - Moving files to staging directory...
2024-09-16 15:36:30,083 - Module(camera):Line(52) INFO - Keeping every third file and removing the others...
2024-09-16 15:36:30,083 - Module(main):Line(72) INFO - Processing file /mnt/geosense/cameras/G5Bullet_28/mp4/File_029_G5Bullet_28_F4E2C678D5F6_2024-09-15_30_0.mp4...
2024-09-16 15:36:30,083 - Module(data_preprocessing):Line(124) INFO - Error: Could not open video.
2024-09-16 15:36:30,083 - Module(main):Line(91) INFO - Enhance frames...
2024-09-16 15:36:30,083 - Module(camera):Line(43) INFO - Grouping files in sets...
2024-09-16 15:36:30,083 - Module(camera):Line(48) INFO - Moving files to staging directory...
2024-09-16 15:36:30,083 - Module(camera):Line(52) INFO - Keeping every third file and removing the others...
2024-09-16 15:36:30,083 - Module(main):Line(72) INFO - Processing file /mnt/geosense/cameras/G5Bullet_28/mp4/File_030_G5Bullet_28_F4E2C678D5F6_2024-09-15_31_0.mp4...
2024-09-16 15:36:30,084 - Module(data_preprocessing):Line(124) INFO - Error: Could not open video.
2024-09-16 15:36:30,084 - Module(main):Line(91) INFO - Enhance frames...
2024-09-16 15:36:30,084 - Module(camera):Line(43) INFO - Grouping files in sets...
2024-09-16 15:36:30,084 - Module(camera):Line(48) INFO - Moving files to staging directory...
2024-09-16 15:36:30,084 - Module(camera):Line(52) INFO - Keeping every third file and removing the others...
2024-09-16 15:36:30,084 - Module(main):Line(72) INFO - Processing file /mnt/geosense/cameras/G5Bullet_28/mp4/File_031_G5Bullet_28_F4E2C678D5F6_2024-09-15_32_0.mp4...
2024-09-16 15:36:30,084 - Module(data_preprocessing):Line(124) INFO - Error: Could not open video.
2024-09-16 15:36:30,084 - Module(main):Line(91) INFO - Enhance frames...
2024-09-16 15:36:30,085 - Module(camera):Line(43) INFO - Grouping files in sets...
2024-09-16 15:36:30,085 - Module(camera):Line(48) INFO - Moving files to staging directory...
2024-09-16 15:36:30,085 - Module(camera):Line(52) INFO - Keeping every third file and removing the others...
2024-09-16 15:36:30,085 - Module(main):Line(72) INFO - Processing file /mnt/geosense/cameras/G5Bullet_28/mp4/File_032_G5Bullet_28_F4E2C678D5F6_2024-09-15_33_0.mp4...
2024-09-16 15:36:30,085 - Module(data_preprocessing):Line(124) INFO - Error: Could not open video.
2024-09-16 15:36:30,085 - Module(main):Line(91) INFO - Enhance frames...
2024-09-16 15:36:30,085 - Module(camera):Line(43) INFO - Grouping files in sets...
2024-09-16 15:36:30,085 - Module(camera):Line(48) INFO - Moving files to staging directory...
2024-09-16 15:36:30,086 - Module(camera):Line(52) INFO - Keeping every third file and removing the others...
2024-09-16 15:36:30,086 - Module(main):Line(72) INFO - Processing file /mnt/geosense/cameras/G5Bullet_28/mp4/File_033_G5Bullet_28_F4E2C678D5F6_2024-09-15_34_0.mp4...
2024-09-16 15:36:30,086 - Module(data_preprocessing):Line(124) INFO - Error: Could not open video.
2024-09-16 15:36:30,086 - Module(main):Line(91) INFO - Enhance frames...
2024-09-16 15:36:30,086 - Module(camera):Line(43) INFO - Grouping files in sets...
2024-09-16 15:36:30,086 - Module(camera):Line(48) INFO - Moving files to staging directory...
2024-09-16 15:36:30,086 - Module(camera):Line(52) INFO - Keeping every third file and removing the others...
2024-09-16 15:36:30,086 - Module(main):Line(72) INFO - Processing file /mnt/geosense/cameras/G5Bullet_28/mp4/File_034_G5Bullet_28_F4E2C678D5F6_2024-09-15_35_0.mp4...
2024-09-16 15:36:30,086 - Module(data_preprocessing):Line(124) INFO - Error: Could not open video.
2024-09-16 15:36:30,087 - Module(main):Line(91) INFO - Enhance frames...
2024-09-16 15:36:30,087 - Module(camera):Line(43) INFO - Grouping files in sets...
2024-09-16 15:36:30,087 - Module(camera):Line(48) INFO - Moving files to staging directory...
2024-09-16 15:36:30,087 - Module(camera):Line(52) INFO - Keeping every third file and removing the others...
2024-09-16 15:36:30,087 - Module(main):Line(72) INFO - Processing file /mnt/geosense/cameras/G5Bullet_28/mp4/File_035_G5Bullet_28_F4E2C678D5F6_2024-09-15_36_0.mp4...
2024-09-16 15:36:30,087 - Module(data_preprocessing):Line(124) INFO - Error: Could not open video.
2024-09-16 15:36:30,087 - Module(main):Line(91) INFO - Enhance frames...
2024-09-16 15:36:30,087 - Module(camera):Line(43) INFO - Grouping files in sets...
2024-09-16 15:36:30,088 - Module(camera):Line(48) INFO - Moving files to staging directory...
2024-09-16 15:36:30,088 - Module(camera):Line(52) INFO - Keeping every third file and removing the others...
2024-09-16 15:36:30,088 - Module(main):Line(72) INFO - Processing file /mnt/geosense/cameras/G5Bullet_28/mp4/File_036_G5Bullet_28_F4E2C678D5F6_2024-09-15_37_0.mp4...
2024-09-16 15:36:30,088 - Module(data_preprocessing):Line(124) INFO - Error: Could not open video.
2024-09-16 15:36:30,088 - Module(main):Line(91) INFO - Enhance frames...
2024-09-16 15:36:30,088 - Module(camera):Line(43) INFO - Grouping files in sets...
2024-09-16 15:36:30,088 - Module(camera):Line(48) INFO - Moving files to staging directory...
2024-09-16 15:36:30,088 - Module(camera):Line(52) INFO - Keeping every third file and removing the others...
2024-09-16 15:36:30,088 - Module(main):Line(72) INFO - Processing file /mnt/geosense/cameras/G5Bullet_28/mp4/File_037_G5Bullet_28_F4E2C678D5F6_2024-09-15_38_0.mp4...
2024-09-16 15:36:30,089 - Module(data_preprocessing):Line(124) INFO - Error: Could not open video.
2024-09-16 15:36:30,089 - Module(main):Line(91) INFO - Enhance frames...
2024-09-16 15:36:30,089 - Module(camera):Line(43) INFO - Grouping files in sets...
2024-09-16 15:36:30,089 - Module(camera):Line(48) INFO - Moving files to staging directory...
2024-09-16 15:36:30,089 - Module(camera):Line(52) INFO - Keeping every third file and removing the others...
2024-09-16 15:36:30,089 - Module(main):Line(72) INFO - Processing file /mnt/geosense/cameras/G5Bullet_28/mp4/File_038_G5Bullet_28_F4E2C678D5F6_2024-09-15_39_0.mp4...
2024-09-16 15:36:30,089 - Module(data_preprocessing):Line(124) INFO - Error: Could not open video.
2024-09-16 15:36:30,089 - Module(main):Line(91) INFO - Enhance frames...
2024-09-16 15:36:30,090 - Module(camera):Line(43) INFO - Grouping files in sets...
2024-09-16 15:36:30,090 - Module(camera):Line(48) INFO - Moving files to staging directory...
2024-09-16 15:36:30,090 - Module(camera):Line(52) INFO - Keeping every third file and removing the others...
2024-09-16 15:36:30,090 - Module(main):Line(72) INFO - Processing file /mnt/geosense/cameras/G5Bullet_28/mp4/File_039_G5Bullet_28_F4E2C678D5F6_2024-09-15_40_0.mp4...
2024-09-16 15:36:30,090 - Module(data_preprocessing):Line(124) INFO - Error: Could not open video.
2024-09-16 15:36:30,090 - Module(main):Line(91) INFO - Enhance frames...
2024-09-16 15:36:30,090 - Module(camera):Line(43) INFO - Grouping files in sets...
2024-09-16 15:36:30,090 - Module(camera):Line(48) INFO - Moving files to staging directory...
2024-09-16 15:36:30,091 - Module(camera):Line(52) INFO - Keeping every third file and removing the others...
2024-09-16 15:36:30,091 - Module(main):Line(72) INFO - Processing file /mnt/geosense/cameras/G5Bullet_28/mp4/File_040_G5Bullet_28_F4E2C678D5F6_2024-09-15_41_0.mp4...
2024-09-16 15:36:30,091 - Module(data_preprocessing):Line(124) INFO - Error: Could not open video.
2024-09-16 15:36:30,091 - Module(main):Line(91) INFO - Enhance frames...
2024-09-16 15:36:30,091 - Module(camera):Line(43) INFO - Grouping files in sets...
2024-09-16 15:36:30,091 - Module(camera):Line(48) INFO - Moving files to staging directory...
2024-09-16 15:36:30,091 - Module(camera):Line(52) INFO - Keeping every third file and removing the others...
2024-09-16 15:36:30,091 - Module(main):Line(72) INFO - Processing file /mnt/geosense/cameras/G5Bullet_28/mp4/File_041_G5Bullet_28_F4E2C678D5F6_2024-09-15_42_0.mp4...
2024-09-16 15:36:30,091 - Module(data_preprocessing):Line(124) INFO - Error: Could not open video.
2024-09-16 15:36:30,092 - Module(main):Line(91) INFO - Enhance frames...
2024-09-16 15:36:30,092 - Module(camera):Line(43) INFO - Grouping files in sets...
2024-09-16 15:36:30,092 - Module(camera):Line(48) INFO - Moving files to staging directory...
2024-09-16 15:36:30,092 - Module(camera):Line(52) INFO - Keeping every third file and removing the others...
2024-09-16 15:36:30,092 - Module(main):Line(72) INFO - Processing file /mnt/geosense/cameras/G5Bullet_28/mp4/File_042_G5Bullet_28_F4E2C678D5F6_2024-09-15_43_0.mp4...
2024-09-16 15:36:30,092 - Module(data_preprocessing):Line(124) INFO - Error: Could not open video.
2024-09-16 15:36:30,092 - Module(main):Line(91) INFO - Enhance frames...
2024-09-16 15:36:30,092 - Module(camera):Line(43) INFO - Grouping files in sets...
2024-09-16 15:36:30,093 - Module(camera):Line(48) INFO - Moving files to staging directory...
2024-09-16 15:36:30,093 - Module(camera):Line(52) INFO - Keeping every third file and removing the others...
2024-09-16 15:36:30,093 - Module(main):Line(72) INFO - Processing file /mnt/geosense/cameras/G5Bullet_28/mp4/File_043_G5Bullet_28_F4E2C678D5F6_2024-09-15_44_0.mp4...
2024-09-16 15:36:30,093 - Module(data_preprocessing):Line(124) INFO - Error: Could not open video.
2024-09-16 15:36:30,093 - Module(main):Line(91) INFO - Enhance frames...
2024-09-16 15:36:30,093 - Module(camera):Line(43) INFO - Grouping files in sets...
2024-09-16 15:36:30,093 - Module(camera):Line(48) INFO - Moving files to staging directory...
2024-09-16 15:36:30,093 - Module(camera):Line(52) INFO - Keeping every third file and removing the others...
2024-09-16 15:36:30,094 - Module(main):Line(99) INFO - Generate video...
2024-09-16 15:36:30,094 - Module(main):Line(102) INFO - Exporting video to /mnt/geosense/cameras/G5Bullet_28/video_timelapse_export/G5Bullet_28_2024-09-15_fr30.mp4...
2024-09-16 15:36:30,161 - Module(data_preprocessing):Line(132) INFO - Frame rate: 29.99963565257317
2024-09-16 15:36:30,162 - Module(data_preprocessing):Line(133) INFO - Extracting frames from video '/mnt/geosense/cameras/G5Bullet_28/mp4/File_001_File_001_G5Bullet_28_F4E2C678D5F6_2024-09-15_2_0.mp4'...
2024-09-16 15:36:30,363 - Module(data_preprocessing):Line(169) INFO - Extracting frame 19...
2024-09-16 15:36:30,364 - Module(data_preprocessing):Line(173) INFO - Frame number internal: 3599
2024-09-16 15:36:32,007 - Module(data_preprocessing):Line(169) INFO - Extracting frame 20...
2024-09-16 15:36:32,010 - Module(data_preprocessing):Line(173) INFO - Frame number internal: 7198
2024-09-16 15:36:33,547 - Module(data_preprocessing):Line(169) INFO - Extracting frame 21...
2024-09-16 15:36:33,547 - Module(data_preprocessing):Line(173) INFO - Frame number internal: 10797
2024-09-16 15:36:34,948 - Module(data_preprocessing):Line(169) INFO - Extracting frame 22...
2024-09-16 15:36:34,948 - Module(data_preprocessing):Line(173) INFO - Frame number internal: 14396
2024-09-16 15:36:36,236 - Module(data_preprocessing):Line(169) INFO - Extracting frame 23...
2024-09-16 15:36:36,237 - Module(data_preprocessing):Line(173) INFO - Frame number internal: 17995
2024-09-16 15:36:37,771 - Module(data_preprocessing):Line(169) INFO - Extracting frame 24...
2024-09-16 15:36:37,772 - Module(data_preprocessing):Line(173) INFO - Frame number internal: 21594
2024-09-16 15:36:39,108 - Module(data_preprocessing):Line(169) INFO - Extracting frame 25...
2024-09-16 15:36:39,109 - Module(data_preprocessing):Line(173) INFO - Frame number internal: 25193
2024-09-16 15:36:40,703 - Module(data_preprocessing):Line(169) INFO - Extracting frame 26...
2024-09-16 15:36:40,703 - Module(data_preprocessing):Line(173) INFO - Frame number internal: 28792
2024-09-16 15:36:40,721 - Module(main):Line(111) INFO - Transfering video to Pylos: /mnt/gsdata/projects/ecosense/AngleCam2_0/data/raw_videos/G5Bullet_28/2024/09/15
2024-09-16 15:36:41,591 - Module(data_preprocessing):Line(169) INFO - Extracting frame 27...
2024-09-16 15:36:41,591 - Module(data_preprocessing):Line(173) INFO - Frame number internal: 32391
2024-09-16 15:36:42,425 - Module(data_preprocessing):Line(169) INFO - Extracting frame 28...
2024-09-16 15:36:42,425 - Module(data_preprocessing):Line(173) INFO - Frame number internal: 35990
2024-09-16 15:36:43,111 - Module(data_preprocessing):Line(169) INFO - Extracting frame 29...
2024-09-16 15:36:43,111 - Module(data_preprocessing):Line(173) INFO - Frame number internal: 39589
2024-09-16 15:36:43,866 - Module(data_preprocessing):Line(169) INFO - Extracting frame 30...
2024-09-16 15:36:43,866 - Module(data_preprocessing):Line(173) INFO - Frame number internal: 43188
2024-09-16 15:36:45,199 - Module(data_preprocessing):Line(169) INFO - Extracting frame 31...
2024-09-16 15:36:45,199 - Module(data_preprocessing):Line(173) INFO - Frame number internal: 46787
2024-09-16 15:36:46,221 - Module(main):Line(123) INFO - ::: Successful transfer of video to Pylos. :::
2024-09-16 15:36:46,221 - Module(logger):Line(76) INFO - --------------------------------------------------
2024-09-16 15:36:46,221 - Module(logger):Line(77) INFO - --------------------------------------------------
2024-09-16 15:36:46,598 - Module(data_preprocessing):Line(169) INFO - Extracting frame 32...
2024-09-16 15:36:46,598 - Module(data_preprocessing):Line(173) INFO - Frame number internal: 50386
2024-09-16 15:36:47,968 - Module(data_preprocessing):Line(169) INFO - Extracting frame 33...
2024-09-16 15:36:47,968 - Module(data_preprocessing):Line(173) INFO - Frame number internal: 53985
2024-09-16 15:36:49,164 - Module(data_preprocessing):Line(169) INFO - Extracting frame 34...
2024-09-16 15:36:49,165 - Module(data_preprocessing):Line(173) INFO - Frame number internal: 57584
2024-09-16 15:36:50,564 - Module(data_preprocessing):Line(169) INFO - Extracting frame 35...
2024-09-16 15:36:50,564 - Module(data_preprocessing):Line(173) INFO - Frame number internal: 61183
2024-09-16 15:36:51,517 - Module(data_preprocessing):Line(169) INFO - Extracting frame 36...
2024-09-16 15:36:51,518 - Module(data_preprocessing):Line(173) INFO - Frame number internal: 64782
2024-09-16 15:36:52,258 - Module(data_preprocessing):Line(169) INFO - Extracting frame 37...
2024-09-16 15:36:52,258 - Module(data_preprocessing):Line(173) INFO - Frame number internal: 68381
2024-09-16 15:36:52,933 - Module(data_preprocessing):Line(169) INFO - Extracting frame 38...
2024-09-16 15:36:52,933 - Module(data_preprocessing):Line(173) INFO - Frame number internal: 71980
2024-09-16 15:36:53,631 - Module(data_preprocessing):Line(169) INFO - Extracting frame 39...
2024-09-16 15:36:53,631 - Module(data_preprocessing):Line(173) INFO - Frame number internal: 75579
2024-09-16 15:36:54,291 - Module(data_preprocessing):Line(169) INFO - Extracting frame 40...
2024-09-16 15:36:54,291 - Module(data_preprocessing):Line(173) INFO - Frame number internal: 79178
2024-09-16 15:36:55,009 - Module(data_preprocessing):Line(169) INFO - Extracting frame 41...
2024-09-16 15:36:55,009 - Module(data_preprocessing):Line(173) INFO - Frame number internal: 82777
2024-09-16 15:36:55,691 - Module(data_preprocessing):Line(169) INFO - Extracting frame 42...
2024-09-16 15:36:55,691 - Module(data_preprocessing):Line(173) INFO - Frame number internal: 86376
2024-09-16 15:36:56,304 - Module(data_preprocessing):Line(169) INFO - Extracting frame 43...
2024-09-16 15:36:56,305 - Module(data_preprocessing):Line(173) INFO - Frame number internal: 89975
2024-09-16 15:36:56,305 - Module(data_preprocessing):Line(154) INFO - Break: frame_number_internal exceeds total number of frames.
2024-09-16 15:36:56,322 - Module(data_preprocessing):Line(176) INFO - All frames extracted.
2024-09-16 15:36:56,322 - Module(data_preprocessing):Line(177) INFO - Frame number: 19
2024-09-16 15:36:56,325 - Module(main):Line(91) INFO - Enhance frames...
2024-09-16 15:36:56,326 - Module(camera):Line(43) INFO - Grouping files in sets...
2024-09-16 15:36:56,326 - Module(camera):Line(48) INFO - Moving files to staging directory...
2024-09-16 15:36:56,328 - Module(camera):Line(52) INFO - Keeping every third file and removing the others...
2024-09-16 15:36:56,329 - Module(main):Line(72) INFO - Processing file /mnt/geosense/cameras/G5Bullet_28/mp4/File_002_File_002_G5Bullet_28_F4E2C678D5F6_2024-09-15_3_0.mp4...
2024-09-16 15:36:56,334 - Module(data_preprocessing):Line(124) INFO - Error: Could not open video.
2024-09-16 15:36:56,334 - Module(main):Line(91) INFO - Enhance frames...
2024-09-16 15:36:56,334 - Module(camera):Line(43) INFO - Grouping files in sets...
2024-09-16 15:36:56,334 - Module(camera):Line(48) INFO - Moving files to staging directory...
2024-09-16 15:36:56,335 - Module(camera):Line(52) INFO - Keeping every third file and removing the others...
2024-09-16 15:36:56,335 - Module(main):Line(72) INFO - Processing file /mnt/geosense/cameras/G5Bullet_28/mp4/File_003_File_003_G5Bullet_28_F4E2C678D5F6_2024-09-15_4_0.mp4...
2024-09-16 15:36:56,335 - Module(data_preprocessing):Line(124) INFO - Error: Could not open video.
2024-09-16 15:36:56,335 - Module(main):Line(91) INFO - Enhance frames...
2024-09-16 15:36:56,335 - Module(camera):Line(43) INFO - Grouping files in sets...
2024-09-16 15:36:56,335 - Module(camera):Line(48) INFO - Moving files to staging directory...
2024-09-16 15:36:56,335 - Module(camera):Line(52) INFO - Keeping every third file and removing the others...
2024-09-16 15:36:56,335 - Module(main):Line(72) INFO - Processing file /mnt/geosense/cameras/G5Bullet_28/mp4/File_004_File_004_G5Bullet_28_F4E2C678D5F6_2024-09-15_5_0.mp4...
2024-09-16 15:36:56,336 - Module(data_preprocessing):Line(124) INFO - Error: Could not open video.
2024-09-16 15:36:56,336 - Module(main):Line(91) INFO - Enhance frames...
2024-09-16 15:36:56,336 - Module(camera):Line(43) INFO - Grouping files in sets...
2024-09-16 15:36:56,336 - Module(camera):Line(48) INFO - Moving files to staging directory...
2024-09-16 15:36:56,336 - Module(camera):Line(52) INFO - Keeping every third file and removing the others...
2024-09-16 15:36:56,336 - Module(main):Line(72) INFO - Processing file /mnt/geosense/cameras/G5Bullet_28/mp4/File_005_File_005_G5Bullet_28_F4E2C678D5F6_2024-09-15_6_0.mp4...
2024-09-16 15:36:56,336 - Module(data_preprocessing):Line(124) INFO - Error: Could not open video.
2024-09-16 15:36:56,337 - Module(main):Line(91) INFO - Enhance frames...
2024-09-16 15:36:56,337 - Module(camera):Line(43) INFO - Grouping files in sets...
2024-09-16 15:36:56,337 - Module(camera):Line(48) INFO - Moving files to staging directory...
2024-09-16 15:36:56,337 - Module(camera):Line(52) INFO - Keeping every third file and removing the others...
2024-09-16 15:36:56,338 - Module(main):Line(72) INFO - Processing file /mnt/geosense/cameras/G5Bullet_28/mp4/File_006_File_006_G5Bullet_28_F4E2C678D5F6_2024-09-15_7_0.mp4...
2024-09-16 15:36:56,338 - Module(data_preprocessing):Line(124) INFO - Error: Could not open video.
2024-09-16 15:36:56,338 - Module(main):Line(91) INFO - Enhance frames...
2024-09-16 15:36:56,338 - Module(camera):Line(43) INFO - Grouping files in sets...
2024-09-16 15:36:56,338 - Module(camera):Line(48) INFO - Moving files to staging directory...
2024-09-16 15:36:56,339 - Module(camera):Line(52) INFO - Keeping every third file and removing the others...
2024-09-16 15:36:56,339 - Module(main):Line(72) INFO - Processing file /mnt/geosense/cameras/G5Bullet_28/mp4/File_007_File_007_G5Bullet_28_F4E2C678D5F6_2024-09-15_8_0.mp4...
2024-09-16 15:36:56,339 - Module(data_preprocessing):Line(124) INFO - Error: Could not open video.
2024-09-16 15:36:56,339 - Module(main):Line(91) INFO - Enhance frames...
2024-09-16 15:36:56,339 - Module(camera):Line(43) INFO - Grouping files in sets...
2024-09-16 15:36:56,340 - Module(camera):Line(48) INFO - Moving files to staging directory...
2024-09-16 15:36:56,340 - Module(camera):Line(52) INFO - Keeping every third file and removing the others...
2024-09-16 15:36:56,340 - Module(main):Line(72) INFO - Processing file /mnt/geosense/cameras/G5Bullet_28/mp4/File_008_File_008_G5Bullet_28_F4E2C678D5F6_2024-09-15_9_0.mp4...
2024-09-16 15:36:56,340 - Module(data_preprocessing):Line(124) INFO - Error: Could not open video.
2024-09-16 15:36:56,340 - Module(main):Line(91) INFO - Enhance frames...
2024-09-16 15:36:56,340 - Module(camera):Line(43) INFO - Grouping files in sets...
2024-09-16 15:36:56,340 - Module(camera):Line(48) INFO - Moving files to staging directory...
2024-09-16 15:36:56,340 - Module(camera):Line(52) INFO - Keeping every third file and removing the others...
2024-09-16 15:36:56,341 - Module(main):Line(72) INFO - Processing file /mnt/geosense/cameras/G5Bullet_28/mp4/File_009_File_009_G5Bullet_28_F4E2C678D5F6_2024-09-15_10_0.mp4...
2024-09-16 15:36:56,341 - Module(data_preprocessing):Line(124) INFO - Error: Could not open video.
2024-09-16 15:36:56,341 - Module(main):Line(91) INFO - Enhance frames...
2024-09-16 15:36:56,341 - Module(camera):Line(43) INFO - Grouping files in sets...
2024-09-16 15:36:56,341 - Module(camera):Line(48) INFO - Moving files to staging directory...
2024-09-16 15:36:56,341 - Module(camera):Line(52) INFO - Keeping every third file and removing the others...
2024-09-16 15:36:56,341 - Module(main):Line(72) INFO - Processing file /mnt/geosense/cameras/G5Bullet_28/mp4/File_010_File_010_G5Bullet_28_F4E2C678D5F6_2024-09-15_11_0.mp4...
2024-09-16 15:36:56,341 - Module(data_preprocessing):Line(124) INFO - Error: Could not open video.
2024-09-16 15:36:56,342 - Module(main):Line(91) INFO - Enhance frames...
2024-09-16 15:36:56,342 - Module(camera):Line(43) INFO - Grouping files in sets...
2024-09-16 15:36:56,342 - Module(camera):Line(48) INFO - Moving files to staging directory...
2024-09-16 15:36:56,342 - Module(camera):Line(52) INFO - Keeping every third file and removing the others...
2024-09-16 15:36:56,342 - Module(main):Line(72) INFO - Processing file /mnt/geosense/cameras/G5Bullet_28/mp4/File_011_File_011_G5Bullet_28_F4E2C678D5F6_2024-09-15_12_0.mp4...
2024-09-16 15:36:56,342 - Module(data_preprocessing):Line(124) INFO - Error: Could not open video.
2024-09-16 15:36:56,342 - Module(main):Line(91) INFO - Enhance frames...
2024-09-16 15:36:56,342 - Module(camera):Line(43) INFO - Grouping files in sets...
2024-09-16 15:36:56,343 - Module(camera):Line(48) INFO - Moving files to staging directory...
2024-09-16 15:36:56,343 - Module(camera):Line(52) INFO - Keeping every third file and removing the others...
2024-09-16 15:36:56,343 - Module(main):Line(72) INFO - Processing file /mnt/geosense/cameras/G5Bullet_28/mp4/File_012_File_012_G5Bullet_28_F4E2C678D5F6_2024-09-15_13_0.mp4...
2024-09-16 15:36:56,343 - Module(data_preprocessing):Line(124) INFO - Error: Could not open video.
2024-09-16 15:36:56,343 - Module(main):Line(91) INFO - Enhance frames...
2024-09-16 15:36:56,343 - Module(camera):Line(43) INFO - Grouping files in sets...
2024-09-16 15:36:56,343 - Module(camera):Line(48) INFO - Moving files to staging directory...
2024-09-16 15:36:56,343 - Module(camera):Line(52) INFO - Keeping every third file and removing the others...
2024-09-16 15:36:56,343 - Module(main):Line(72) INFO - Processing file /mnt/geosense/cameras/G5Bullet_28/mp4/File_013_File_013_G5Bullet_28_F4E2C678D5F6_2024-09-15_14_0.mp4...
2024-09-16 15:36:56,344 - Module(data_preprocessing):Line(124) INFO - Error: Could not open video.
2024-09-16 15:36:56,344 - Module(main):Line(91) INFO - Enhance frames...
2024-09-16 15:36:56,344 - Module(camera):Line(43) INFO - Grouping files in sets...
2024-09-16 15:36:56,344 - Module(camera):Line(48) INFO - Moving files to staging directory...
2024-09-16 15:36:56,344 - Module(camera):Line(52) INFO - Keeping every third file and removing the others...
2024-09-16 15:36:56,344 - Module(main):Line(72) INFO - Processing file /mnt/geosense/cameras/G5Bullet_28/mp4/File_014_File_014_G5Bullet_28_F4E2C678D5F6_2024-09-15_15_0.mp4...
2024-09-16 15:36:56,344 - Module(data_preprocessing):Line(124) INFO - Error: Could not open video.
2024-09-16 15:36:56,344 - Module(main):Line(91) INFO - Enhance frames...
2024-09-16 15:36:56,345 - Module(camera):Line(43) INFO - Grouping files in sets...
2024-09-16 15:36:56,345 - Module(camera):Line(48) INFO - Moving files to staging directory...
2024-09-16 15:36:56,345 - Module(camera):Line(52) INFO - Keeping every third file and removing the others...
2024-09-16 15:36:56,345 - Module(main):Line(72) INFO - Processing file /mnt/geosense/cameras/G5Bullet_28/mp4/File_015_File_015_G5Bullet_28_F4E2C678D5F6_2024-09-15_16_0.mp4...
2024-09-16 15:36:56,345 - Module(data_preprocessing):Line(124) INFO - Error: Could not open video.
2024-09-16 15:36:56,345 - Module(main):Line(91) INFO - Enhance frames...
2024-09-16 15:36:56,345 - Module(camera):Line(43) INFO - Grouping files in sets...
2024-09-16 15:36:56,345 - Module(camera):Line(48) INFO - Moving files to staging directory...
2024-09-16 15:36:56,346 - Module(camera):Line(52) INFO - Keeping every third file and removing the others...
2024-09-16 15:36:56,346 - Module(main):Line(72) INFO - Processing file /mnt/geosense/cameras/G5Bullet_28/mp4/File_016_File_016_G5Bullet_28_F4E2C678D5F6_2024-09-15_17_0.mp4...
2024-09-16 15:36:56,346 - Module(data_preprocessing):Line(124) INFO - Error: Could not open video.
2024-09-16 15:36:56,346 - Module(main):Line(91) INFO - Enhance frames...
2024-09-16 15:36:56,346 - Module(camera):Line(43) INFO - Grouping files in sets...
2024-09-16 15:36:56,346 - Module(camera):Line(48) INFO - Moving files to staging directory...
2024-09-16 15:36:56,346 - Module(camera):Line(52) INFO - Keeping every third file and removing the others...
2024-09-16 15:36:56,346 - Module(main):Line(72) INFO - Processing file /mnt/geosense/cameras/G5Bullet_28/mp4/File_017_File_017_G5Bullet_28_F4E2C678D5F6_2024-09-15_18_0.mp4...
2024-09-16 15:36:56,347 - Module(data_preprocessing):Line(124) INFO - Error: Could not open video.
2024-09-16 15:36:56,347 - Module(main):Line(91) INFO - Enhance frames...
2024-09-16 15:36:56,347 - Module(camera):Line(43) INFO - Grouping files in sets...
2024-09-16 15:36:56,347 - Module(camera):Line(48) INFO - Moving files to staging directory...
2024-09-16 15:36:56,347 - Module(camera):Line(52) INFO - Keeping every third file and removing the others...
2024-09-16 15:36:56,347 - Module(main):Line(72) INFO - Processing file /mnt/geosense/cameras/G5Bullet_28/mp4/File_018_File_018_G5Bullet_28_F4E2C678D5F6_2024-09-15_19_0.mp4...
2024-09-16 15:36:56,347 - Module(data_preprocessing):Line(124) INFO - Error: Could not open video.
2024-09-16 15:36:56,347 - Module(main):Line(91) INFO - Enhance frames...
2024-09-16 15:36:56,348 - Module(camera):Line(43) INFO - Grouping files in sets...
2024-09-16 15:36:56,348 - Module(camera):Line(48) INFO - Moving files to staging directory...
2024-09-16 15:36:56,348 - Module(camera):Line(52) INFO - Keeping every third file and removing the others...
2024-09-16 15:36:56,348 - Module(main):Line(72) INFO - Processing file /mnt/geosense/cameras/G5Bullet_28/mp4/File_019_File_019_G5Bullet_28_F4E2C678D5F6_2024-09-15_20_0.mp4...
2024-09-16 15:36:56,348 - Module(data_preprocessing):Line(124) INFO - Error: Could not open video.
2024-09-16 15:36:56,348 - Module(main):Line(91) INFO - Enhance frames...
2024-09-16 15:36:56,348 - Module(camera):Line(43) INFO - Grouping files in sets...
2024-09-16 15:36:56,348 - Module(camera):Line(48) INFO - Moving files to staging directory...
2024-09-16 15:36:56,349 - Module(camera):Line(52) INFO - Keeping every third file and removing the others...
2024-09-16 15:36:56,349 - Module(main):Line(72) INFO - Processing file /mnt/geosense/cameras/G5Bullet_28/mp4/File_020_File_020_G5Bullet_28_F4E2C678D5F6_2024-09-15_21_0.mp4...
2024-09-16 15:36:56,349 - Module(data_preprocessing):Line(124) INFO - Error: Could not open video.
2024-09-16 15:36:56,349 - Module(main):Line(91) INFO - Enhance frames...
2024-09-16 15:36:56,349 - Module(camera):Line(43) INFO - Grouping files in sets...
2024-09-16 15:36:56,349 - Module(camera):Line(48) INFO - Moving files to staging directory...
2024-09-16 15:36:56,349 - Module(camera):Line(52) INFO - Keeping every third file and removing the others...
2024-09-16 15:36:56,349 - Module(main):Line(72) INFO - Processing file /mnt/geosense/cameras/G5Bullet_28/mp4/File_021_File_021_G5Bullet_28_F4E2C678D5F6_2024-09-15_22_0.mp4...
2024-09-16 15:36:56,350 - Module(data_preprocessing):Line(124) INFO - Error: Could not open video.
2024-09-16 15:36:56,350 - Module(main):Line(91) INFO - Enhance frames...
2024-09-16 15:36:56,350 - Module(camera):Line(43) INFO - Grouping files in sets...
2024-09-16 15:36:56,350 - Module(camera):Line(48) INFO - Moving files to staging directory...
2024-09-16 15:36:56,350 - Module(camera):Line(52) INFO - Keeping every third file and removing the others...
2024-09-16 15:36:56,350 - Module(main):Line(72) INFO - Processing file /mnt/geosense/cameras/G5Bullet_28/mp4/File_022_File_022_G5Bullet_28_F4E2C678D5F6_2024-09-15_23_0.mp4...
2024-09-16 15:36:56,350 - Module(data_preprocessing):Line(124) INFO - Error: Could not open video.
2024-09-16 15:36:56,350 - Module(main):Line(91) INFO - Enhance frames...
2024-09-16 15:36:56,351 - Module(camera):Line(43) INFO - Grouping files in sets...
2024-09-16 15:36:56,351 - Module(camera):Line(48) INFO - Moving files to staging directory...
2024-09-16 15:36:56,351 - Module(camera):Line(52) INFO - Keeping every third file and removing the others...
2024-09-16 15:36:56,351 - Module(main):Line(72) INFO - Processing file /mnt/geosense/cameras/G5Bullet_28/mp4/File_023_File_023_G5Bullet_28_F4E2C678D5F6_2024-09-15_24_0.mp4...
2024-09-16 15:36:56,351 - Module(data_preprocessing):Line(124) INFO - Error: Could not open video.
2024-09-16 15:36:56,351 - Module(main):Line(91) INFO - Enhance frames...
2024-09-16 15:36:56,351 - Module(camera):Line(43) INFO - Grouping files in sets...
2024-09-16 15:36:56,351 - Module(camera):Line(48) INFO - Moving files to staging directory...
2024-09-16 15:36:56,351 - Module(camera):Line(52) INFO - Keeping every third file and removing the others...
2024-09-16 15:36:56,352 - Module(main):Line(72) INFO - Processing file /mnt/geosense/cameras/G5Bullet_28/mp4/File_024_File_024_G5Bullet_28_F4E2C678D5F6_2024-09-15_25_0.mp4...
2024-09-16 15:36:56,352 - Module(data_preprocessing):Line(124) INFO - Error: Could not open video.
2024-09-16 15:36:56,352 - Module(main):Line(91) INFO - Enhance frames...
2024-09-16 15:36:56,352 - Module(camera):Line(43) INFO - Grouping files in sets...
2024-09-16 15:36:56,352 - Module(camera):Line(48) INFO - Moving files to staging directory...
2024-09-16 15:36:56,352 - Module(camera):Line(52) INFO - Keeping every third file and removing the others...
2024-09-16 15:36:56,352 - Module(main):Line(72) INFO - Processing file /mnt/geosense/cameras/G5Bullet_28/mp4/File_025_File_025_G5Bullet_28_F4E2C678D5F6_2024-09-15_26_0.mp4...
2024-09-16 15:36:56,352 - Module(data_preprocessing):Line(124) INFO - Error: Could not open video.
2024-09-16 15:36:56,353 - Module(main):Line(91) INFO - Enhance frames...
2024-09-16 15:36:56,353 - Module(camera):Line(43) INFO - Grouping files in sets...
2024-09-16 15:36:56,353 - Module(camera):Line(48) INFO - Moving files to staging directory...
2024-09-16 15:36:56,353 - Module(camera):Line(52) INFO - Keeping every third file and removing the others...
2024-09-16 15:36:56,353 - Module(main):Line(72) INFO - Processing file /mnt/geosense/cameras/G5Bullet_28/mp4/File_026_File_026_G5Bullet_28_F4E2C678D5F6_2024-09-15_27_0.mp4...
2024-09-16 15:36:56,353 - Module(data_preprocessing):Line(124) INFO - Error: Could not open video.
2024-09-16 15:36:56,353 - Module(main):Line(91) INFO - Enhance frames...
2024-09-16 15:36:56,353 - Module(camera):Line(43) INFO - Grouping files in sets...
2024-09-16 15:36:56,354 - Module(camera):Line(48) INFO - Moving files to staging directory...
2024-09-16 15:36:56,354 - Module(camera):Line(52) INFO - Keeping every third file and removing the others...
2024-09-16 15:36:56,354 - Module(main):Line(72) INFO - Processing file /mnt/geosense/cameras/G5Bullet_28/mp4/File_027_File_027_G5Bullet_28_F4E2C678D5F6_2024-09-15_28_0.mp4...
2024-09-16 15:36:56,354 - Module(data_preprocessing):Line(124) INFO - Error: Could not open video.
2024-09-16 15:36:56,354 - Module(main):Line(91) INFO - Enhance frames...
2024-09-16 15:36:56,354 - Module(camera):Line(43) INFO - Grouping files in sets...
2024-09-16 15:36:56,354 - Module(camera):Line(48) INFO - Moving files to staging directory...
2024-09-16 15:36:56,354 - Module(camera):Line(52) INFO - Keeping every third file and removing the others...
2024-09-16 15:36:56,355 - Module(main):Line(72) INFO - Processing file /mnt/geosense/cameras/G5Bullet_28/mp4/File_028_File_028_G5Bullet_28_F4E2C678D5F6_2024-09-15_29_0.mp4...
2024-09-16 15:36:56,355 - Module(data_preprocessing):Line(124) INFO - Error: Could not open video.
2024-09-16 15:36:56,355 - Module(main):Line(91) INFO - Enhance frames...
2024-09-16 15:36:56,355 - Module(camera):Line(43) INFO - Grouping files in sets...
2024-09-16 15:36:56,355 - Module(camera):Line(48) INFO - Moving files to staging directory...
2024-09-16 15:36:56,355 - Module(camera):Line(52) INFO - Keeping every third file and removing the others...
2024-09-16 15:36:56,355 - Module(main):Line(72) INFO - Processing file /mnt/geosense/cameras/G5Bullet_28/mp4/File_029_File_029_G5Bullet_28_F4E2C678D5F6_2024-09-15_30_0.mp4...
2024-09-16 15:36:56,355 - Module(data_preprocessing):Line(124) INFO - Error: Could not open video.
2024-09-16 15:36:56,356 - Module(main):Line(91) INFO - Enhance frames...
2024-09-16 15:36:56,356 - Module(camera):Line(43) INFO - Grouping files in sets...
2024-09-16 15:36:56,356 - Module(camera):Line(48) INFO - Moving files to staging directory...
2024-09-16 15:36:56,356 - Module(camera):Line(52) INFO - Keeping every third file and removing the others...
2024-09-16 15:36:56,356 - Module(main):Line(72) INFO - Processing file /mnt/geosense/cameras/G5Bullet_28/mp4/File_030_File_030_G5Bullet_28_F4E2C678D5F6_2024-09-15_31_0.mp4...
2024-09-16 15:36:56,356 - Module(data_preprocessing):Line(124) INFO - Error: Could not open video.
2024-09-16 15:36:56,356 - Module(main):Line(91) INFO - Enhance frames...
2024-09-16 15:36:56,356 - Module(camera):Line(43) INFO - Grouping files in sets...
2024-09-16 15:36:56,357 - Module(camera):Line(48) INFO - Moving files to staging directory...
2024-09-16 15:36:56,357 - Module(camera):Line(52) INFO - Keeping every third file and removing the others...
2024-09-16 15:36:56,357 - Module(main):Line(72) INFO - Processing file /mnt/geosense/cameras/G5Bullet_28/mp4/File_031_File_031_G5Bullet_28_F4E2C678D5F6_2024-09-15_32_0.mp4...
2024-09-16 15:36:56,357 - Module(data_preprocessing):Line(124) INFO - Error: Could not open video.
2024-09-16 15:36:56,357 - Module(main):Line(91) INFO - Enhance frames...
2024-09-16 15:36:56,357 - Module(camera):Line(43) INFO - Grouping files in sets...
2024-09-16 15:36:56,357 - Module(camera):Line(48) INFO - Moving files to staging directory...
2024-09-16 15:36:56,357 - Module(camera):Line(52) INFO - Keeping every third file and removing the others...
2024-09-16 15:36:56,357 - Module(main):Line(72) INFO - Processing file /mnt/geosense/cameras/G5Bullet_28/mp4/File_032_File_032_G5Bullet_28_F4E2C678D5F6_2024-09-15_33_0.mp4...
2024-09-16 15:36:56,358 - Module(data_preprocessing):Line(124) INFO - Error: Could not open video.
2024-09-16 15:36:56,358 - Module(main):Line(91) INFO - Enhance frames...
2024-09-16 15:36:56,358 - Module(camera):Line(43) INFO - Grouping files in sets...
2024-09-16 15:36:56,358 - Module(camera):Line(48) INFO - Moving files to staging directory...
2024-09-16 15:36:56,358 - Module(camera):Line(52) INFO - Keeping every third file and removing the others...
2024-09-16 15:36:56,358 - Module(main):Line(72) INFO - Processing file /mnt/geosense/cameras/G5Bullet_28/mp4/File_033_File_033_G5Bullet_28_F4E2C678D5F6_2024-09-15_34_0.mp4...
2024-09-16 15:36:56,358 - Module(data_preprocessing):Line(124) INFO - Error: Could not open video.
2024-09-16 15:36:56,359 - Module(main):Line(91) INFO - Enhance frames...
2024-09-16 15:36:56,359 - Module(camera):Line(43) INFO - Grouping files in sets...
2024-09-16 15:36:56,359 - Module(camera):Line(48) INFO - Moving files to staging directory...
2024-09-16 15:36:56,359 - Module(camera):Line(52) INFO - Keeping every third file and removing the others...
2024-09-16 15:36:56,359 - Module(main):Line(72) INFO - Processing file /mnt/geosense/cameras/G5Bullet_28/mp4/File_034_File_034_G5Bullet_28_F4E2C678D5F6_2024-09-15_35_0.mp4...
2024-09-16 15:36:56,359 - Module(data_preprocessing):Line(124) INFO - Error: Could not open video.
2024-09-16 15:36:56,359 - Module(main):Line(91) INFO - Enhance frames...
2024-09-16 15:36:56,359 - Module(camera):Line(43) INFO - Grouping files in sets...
2024-09-16 15:36:56,360 - Module(camera):Line(48) INFO - Moving files to staging directory...
2024-09-16 15:36:56,360 - Module(camera):Line(52) INFO - Keeping every third file and removing the others...
2024-09-16 15:36:56,360 - Module(main):Line(72) INFO - Processing file /mnt/geosense/cameras/G5Bullet_28/mp4/File_035_File_035_G5Bullet_28_F4E2C678D5F6_2024-09-15_36_0.mp4...
2024-09-16 15:36:56,360 - Module(data_preprocessing):Line(124) INFO - Error: Could not open video.
2024-09-16 15:36:56,360 - Module(main):Line(91) INFO - Enhance frames...
2024-09-16 15:36:56,360 - Module(camera):Line(43) INFO - Grouping files in sets...
2024-09-16 15:36:56,360 - Module(camera):Line(48) INFO - Moving files to staging directory...
2024-09-16 15:36:56,360 - Module(camera):Line(52) INFO - Keeping every third file and removing the others...
2024-09-16 15:36:56,360 - Module(main):Line(72) INFO - Processing file /mnt/geosense/cameras/G5Bullet_28/mp4/File_036_File_036_G5Bullet_28_F4E2C678D5F6_2024-09-15_37_0.mp4...
2024-09-16 15:36:56,361 - Module(data_preprocessing):Line(124) INFO - Error: Could not open video.
2024-09-16 15:36:56,361 - Module(main):Line(91) INFO - Enhance frames...
2024-09-16 15:36:56,361 - Module(camera):Line(43) INFO - Grouping files in sets...
2024-09-16 15:36:56,361 - Module(camera):Line(48) INFO - Moving files to staging directory...
2024-09-16 15:36:56,361 - Module(camera):Line(52) INFO - Keeping every third file and removing the others...
2024-09-16 15:36:56,361 - Module(main):Line(72) INFO - Processing file /mnt/geosense/cameras/G5Bullet_28/mp4/File_037_File_037_G5Bullet_28_F4E2C678D5F6_2024-09-15_38_0.mp4...
2024-09-16 15:36:56,361 - Module(data_preprocessing):Line(124) INFO - Error: Could not open video.
2024-09-16 15:36:56,361 - Module(main):Line(91) INFO - Enhance frames...
2024-09-16 15:36:56,362 - Module(camera):Line(43) INFO - Grouping files in sets...
2024-09-16 15:36:56,362 - Module(camera):Line(48) INFO - Moving files to staging directory...
2024-09-16 15:36:56,362 - Module(camera):Line(52) INFO - Keeping every third file and removing the others...
2024-09-16 15:36:56,362 - Module(main):Line(72) INFO - Processing file /mnt/geosense/cameras/G5Bullet_28/mp4/File_038_File_038_G5Bullet_28_F4E2C678D5F6_2024-09-15_39_0.mp4...
2024-09-16 15:36:56,362 - Module(data_preprocessing):Line(124) INFO - Error: Could not open video.
2024-09-16 15:36:56,362 - Module(main):Line(91) INFO - Enhance frames...
2024-09-16 15:36:56,362 - Module(camera):Line(43) INFO - Grouping files in sets...
2024-09-16 15:36:56,362 - Module(camera):Line(48) INFO - Moving files to staging directory...
2024-09-16 15:36:56,363 - Module(camera):Line(52) INFO - Keeping every third file and removing the others...
2024-09-16 15:36:56,363 - Module(main):Line(72) INFO - Processing file /mnt/geosense/cameras/G5Bullet_28/mp4/File_039_File_039_G5Bullet_28_F4E2C678D5F6_2024-09-15_40_0.mp4...
2024-09-16 15:36:56,363 - Module(data_preprocessing):Line(124) INFO - Error: Could not open video.
2024-09-16 15:36:56,363 - Module(main):Line(91) INFO - Enhance frames...
2024-09-16 15:36:56,363 - Module(camera):Line(43) INFO - Grouping files in sets...
2024-09-16 15:36:56,363 - Module(camera):Line(48) INFO - Moving files to staging directory...
2024-09-16 15:36:56,363 - Module(camera):Line(52) INFO - Keeping every third file and removing the others...
2024-09-16 15:36:56,363 - Module(main):Line(72) INFO - Processing file /mnt/geosense/cameras/G5Bullet_28/mp4/File_040_File_040_G5Bullet_28_F4E2C678D5F6_2024-09-15_41_0.mp4...
2024-09-16 15:36:56,364 - Module(data_preprocessing):Line(124) INFO - Error: Could not open video.
2024-09-16 15:36:56,364 - Module(main):Line(91) INFO - Enhance frames...
2024-09-16 15:36:56,364 - Module(camera):Line(43) INFO - Grouping files in sets...
2024-09-16 15:36:56,364 - Module(camera):Line(48) INFO - Moving files to staging directory...
2024-09-16 15:36:56,364 - Module(camera):Line(52) INFO - Keeping every third file and removing the others...
2024-09-16 15:36:56,364 - Module(main):Line(72) INFO - Processing file /mnt/geosense/cameras/G5Bullet_28/mp4/File_041_File_041_G5Bullet_28_F4E2C678D5F6_2024-09-15_42_0.mp4...
2024-09-16 15:36:56,364 - Module(data_preprocessing):Line(124) INFO - Error: Could not open video.
2024-09-16 15:36:56,364 - Module(main):Line(91) INFO - Enhance frames...
2024-09-16 15:36:56,365 - Module(camera):Line(43) INFO - Grouping files in sets...
2024-09-16 15:36:56,365 - Module(camera):Line(48) INFO - Moving files to staging directory...
2024-09-16 15:36:56,365 - Module(camera):Line(52) INFO - Keeping every third file and removing the others...
2024-09-16 15:36:56,365 - Module(main):Line(72) INFO - Processing file /mnt/geosense/cameras/G5Bullet_28/mp4/File_042_File_042_G5Bullet_28_F4E2C678D5F6_2024-09-15_43_0.mp4...
2024-09-16 15:36:56,365 - Module(data_preprocessing):Line(124) INFO - Error: Could not open video.
2024-09-16 15:36:56,365 - Module(main):Line(91) INFO - Enhance frames...
2024-09-16 15:36:56,365 - Module(camera):Line(43) INFO - Grouping files in sets...
2024-09-16 15:36:56,365 - Module(camera):Line(48) INFO - Moving files to staging directory...
2024-09-16 15:36:56,366 - Module(camera):Line(52) INFO - Keeping every third file and removing the others...
2024-09-16 15:36:56,366 - Module(main):Line(72) INFO - Processing file /mnt/geosense/cameras/G5Bullet_28/mp4/File_043_File_043_G5Bullet_28_F4E2C678D5F6_2024-09-15_44_0.mp4...
2024-09-16 15:36:56,366 - Module(data_preprocessing):Line(124) INFO - Error: Could not open video.
2024-09-16 15:36:56,366 - Module(main):Line(91) INFO - Enhance frames...
2024-09-16 15:36:56,366 - Module(camera):Line(43) INFO - Grouping files in sets...
2024-09-16 15:36:56,366 - Module(camera):Line(48) INFO - Moving files to staging directory...
2024-09-16 15:36:56,366 - Module(camera):Line(52) INFO - Keeping every third file and removing the others...
2024-09-16 15:36:56,366 - Module(main):Line(99) INFO - Generate video...
2024-09-16 15:36:56,366 - Module(main):Line(102) INFO - Exporting video to /mnt/geosense/cameras/G5Bullet_28/video_timelapse_export/G5Bullet_28_2024-09-15_fr30.mp4...
2024-09-16 15:37:03,749 - Module(main):Line(111) INFO - Transfering video to Pylos: /mnt/gsdata/projects/ecosense/AngleCam2_0/data/raw_videos/G5Bullet_28/2024/09/15
2024-09-16 15:37:06,607 - Module(main):Line(123) INFO - ::: Successful transfer of video to Pylos. :::
2024-09-16 15:37:06,608 - Module(logger):Line(76) INFO - --------------------------------------------------
2024-09-16 15:37:06,608 - Module(logger):Line(77) INFO - --------------------------------------------------
