[2024-09-04 15:22:21,682][main][INFO] - --------------------------------------------------
[2024-09-04 15:22:21,682][main][INFO] - --------------------------------------------------
[2024-09-04 15:22:21,682][main][INFO] - ::: Processing camera G5Bullet_26 :::
[2024-09-04 15:22:21,682][main][INFO] - --------------------------------------------------
[2024-09-04 15:22:21,683][main][INFO] - --------------------------------------------------
[2024-09-04 15:22:21,683][main][INFO] - Transfering data from NVR to VM...
[2024-09-04 15:53:45,665][main][INFO] - Extract frames...
[2024-09-04 15:53:45,667][main][INFO] - Renaming .mp4 files...
[2024-09-04 15:53:45,667][main][INFO] - Renamed /mnt/geosense/cameras/G5Bullet_26/mp4/G5Bullet_26_F4E2C678D12A_2024-09-03_1_0.mp4 to /mnt/geosense/cameras/G5Bullet_26/mp4/File_000_G5Bullet_26_F4E2C678D12A_2024-09-03_1_0.mp4
[2024-09-04 15:53:45,668][main][INFO] - Renamed /mnt/geosense/cameras/G5Bullet_26/mp4/G5Bullet_26_F4E2C678D12A_2024-09-03_2_0.mp4 to /mnt/geosense/cameras/G5Bullet_26/mp4/File_001_G5Bullet_26_F4E2C678D12A_2024-09-03_2_0.mp4
[2024-09-04 15:53:45,668][main][INFO] - Renamed /mnt/geosense/cameras/G5Bullet_26/mp4/G5Bullet_26_F4E2C678D12A_2024-09-03_3_0.mp4 to /mnt/geosense/cameras/G5Bullet_26/mp4/File_002_G5Bullet_26_F4E2C678D12A_2024-09-03_3_0.mp4
[2024-09-04 15:53:45,668][main][INFO] - Renamed /mnt/geosense/cameras/G5Bullet_26/mp4/G5Bullet_26_F4E2C678D12A_2024-09-03_4_0.mp4 to /mnt/geosense/cameras/G5Bullet_26/mp4/File_003_G5Bullet_26_F4E2C678D12A_2024-09-03_4_0.mp4
[2024-09-04 15:53:45,668][main][INFO] - Renamed /mnt/geosense/cameras/G5Bullet_26/mp4/G5Bullet_26_F4E2C678D12A_2024-09-03_5_0.mp4 to /mnt/geosense/cameras/G5Bullet_26/mp4/File_004_G5Bullet_26_F4E2C678D12A_2024-09-03_5_0.mp4
[2024-09-04 15:53:45,668][main][INFO] - Renamed /mnt/geosense/cameras/G5Bullet_26/mp4/G5Bullet_26_F4E2C678D12A_2024-09-03_6_0.mp4 to /mnt/geosense/cameras/G5Bullet_26/mp4/File_005_G5Bullet_26_F4E2C678D12A_2024-09-03_6_0.mp4
[2024-09-04 15:53:45,668][main][INFO] - Renamed /mnt/geosense/cameras/G5Bullet_26/mp4/G5Bullet_26_F4E2C678D12A_2024-09-03_7_0.mp4 to /mnt/geosense/cameras/G5Bullet_26/mp4/File_006_G5Bullet_26_F4E2C678D12A_2024-09-03_7_0.mp4
[2024-09-04 15:53:45,669][main][INFO] - Renamed /mnt/geosense/cameras/G5Bullet_26/mp4/G5Bullet_26_F4E2C678D12A_2024-09-03_8_0.mp4 to /mnt/geosense/cameras/G5Bullet_26/mp4/File_007_G5Bullet_26_F4E2C678D12A_2024-09-03_8_0.mp4
[2024-09-04 15:53:45,669][main][INFO] - Renamed /mnt/geosense/cameras/G5Bullet_26/mp4/G5Bullet_26_F4E2C678D12A_2024-09-03_9_0.mp4 to /mnt/geosense/cameras/G5Bullet_26/mp4/File_008_G5Bullet_26_F4E2C678D12A_2024-09-03_9_0.mp4
[2024-09-04 15:53:45,669][main][INFO] - Renamed /mnt/geosense/cameras/G5Bullet_26/mp4/G5Bullet_26_F4E2C678D12A_2024-09-03_10_0.mp4 to /mnt/geosense/cameras/G5Bullet_26/mp4/File_009_G5Bullet_26_F4E2C678D12A_2024-09-03_10_0.mp4
[2024-09-04 15:53:45,669][main][INFO] - Renamed /mnt/geosense/cameras/G5Bullet_26/mp4/G5Bullet_26_F4E2C678D12A_2024-09-03_11_0.mp4 to /mnt/geosense/cameras/G5Bullet_26/mp4/File_010_G5Bullet_26_F4E2C678D12A_2024-09-03_11_0.mp4
[2024-09-04 15:53:45,669][main][INFO] - Renamed /mnt/geosense/cameras/G5Bullet_26/mp4/G5Bullet_26_F4E2C678D12A_2024-09-03_12_0.mp4 to /mnt/geosense/cameras/G5Bullet_26/mp4/File_011_G5Bullet_26_F4E2C678D12A_2024-09-03_12_0.mp4
[2024-09-04 15:53:45,669][main][INFO] - Renamed /mnt/geosense/cameras/G5Bullet_26/mp4/G5Bullet_26_F4E2C678D12A_2024-09-03_13_0.mp4 to /mnt/geosense/cameras/G5Bullet_26/mp4/File_012_G5Bullet_26_F4E2C678D12A_2024-09-03_13_0.mp4
[2024-09-04 15:53:45,669][main][INFO] - Renamed /mnt/geosense/cameras/G5Bullet_26/mp4/G5Bullet_26_F4E2C678D12A_2024-09-03_14_0.mp4 to /mnt/geosense/cameras/G5Bullet_26/mp4/File_013_G5Bullet_26_F4E2C678D12A_2024-09-03_14_0.mp4
[2024-09-04 15:53:45,670][main][INFO] - Renamed /mnt/geosense/cameras/G5Bullet_26/mp4/G5Bullet_26_F4E2C678D12A_2024-09-03_15_0.mp4 to /mnt/geosense/cameras/G5Bullet_26/mp4/File_014_G5Bullet_26_F4E2C678D12A_2024-09-03_15_0.mp4
[2024-09-04 15:53:45,670][main][INFO] - Renamed /mnt/geosense/cameras/G5Bullet_26/mp4/G5Bullet_26_F4E2C678D12A_2024-09-03_16_0.mp4 to /mnt/geosense/cameras/G5Bullet_26/mp4/File_015_G5Bullet_26_F4E2C678D12A_2024-09-03_16_0.mp4
[2024-09-04 15:53:45,670][main][INFO] - Renamed /mnt/geosense/cameras/G5Bullet_26/mp4/G5Bullet_26_F4E2C678D12A_2024-09-03_17_0.mp4 to /mnt/geosense/cameras/G5Bullet_26/mp4/File_016_G5Bullet_26_F4E2C678D12A_2024-09-03_17_0.mp4
[2024-09-04 15:53:45,670][main][INFO] - Renamed /mnt/geosense/cameras/G5Bullet_26/mp4/G5Bullet_26_F4E2C678D12A_2024-09-03_18_0.mp4 to /mnt/geosense/cameras/G5Bullet_26/mp4/File_017_G5Bullet_26_F4E2C678D12A_2024-09-03_18_0.mp4
[2024-09-04 15:53:45,670][main][INFO] - Renamed /mnt/geosense/cameras/G5Bullet_26/mp4/G5Bullet_26_F4E2C678D12A_2024-09-03_19_0.mp4 to /mnt/geosense/cameras/G5Bullet_26/mp4/File_018_G5Bullet_26_F4E2C678D12A_2024-09-03_19_0.mp4
[2024-09-04 15:53:45,670][main][INFO] - Renamed /mnt/geosense/cameras/G5Bullet_26/mp4/G5Bullet_26_F4E2C678D12A_2024-09-03_20_0.mp4 to /mnt/geosense/cameras/G5Bullet_26/mp4/File_019_G5Bullet_26_F4E2C678D12A_2024-09-03_20_0.mp4
[2024-09-04 15:53:45,670][main][INFO] - Renamed /mnt/geosense/cameras/G5Bullet_26/mp4/G5Bullet_26_F4E2C678D12A_2024-09-03_21_0.mp4 to /mnt/geosense/cameras/G5Bullet_26/mp4/File_020_G5Bullet_26_F4E2C678D12A_2024-09-03_21_0.mp4
[2024-09-04 15:53:45,671][main][INFO] - Renamed /mnt/geosense/cameras/G5Bullet_26/mp4/G5Bullet_26_F4E2C678D12A_2024-09-03_22_0.mp4 to /mnt/geosense/cameras/G5Bullet_26/mp4/File_021_G5Bullet_26_F4E2C678D12A_2024-09-03_22_0.mp4
[2024-09-04 15:53:45,671][main][INFO] - Renamed /mnt/geosense/cameras/G5Bullet_26/mp4/G5Bullet_26_F4E2C678D12A_2024-09-03_23_0.mp4 to /mnt/geosense/cameras/G5Bullet_26/mp4/File_022_G5Bullet_26_F4E2C678D12A_2024-09-03_23_0.mp4
[2024-09-04 15:53:45,671][main][INFO] - Renamed /mnt/geosense/cameras/G5Bullet_26/mp4/G5Bullet_26_F4E2C678D12A_2024-09-03_24_0.mp4 to /mnt/geosense/cameras/G5Bullet_26/mp4/File_023_G5Bullet_26_F4E2C678D12A_2024-09-03_24_0.mp4
[2024-09-04 15:53:45,671][main][INFO] - Renamed /mnt/geosense/cameras/G5Bullet_26/mp4/G5Bullet_26_F4E2C678D12A_2024-09-03_25_0.mp4 to /mnt/geosense/cameras/G5Bullet_26/mp4/File_024_G5Bullet_26_F4E2C678D12A_2024-09-03_25_0.mp4
[2024-09-04 15:53:45,671][main][INFO] - Renamed /mnt/geosense/cameras/G5Bullet_26/mp4/G5Bullet_26_F4E2C678D12A_2024-09-03_26_0.mp4 to /mnt/geosense/cameras/G5Bullet_26/mp4/File_025_G5Bullet_26_F4E2C678D12A_2024-09-03_26_0.mp4
[2024-09-04 15:53:45,671][main][INFO] - Renamed /mnt/geosense/cameras/G5Bullet_26/mp4/G5Bullet_26_F4E2C678D12A_2024-09-03_27_0.mp4 to /mnt/geosense/cameras/G5Bullet_26/mp4/File_026_G5Bullet_26_F4E2C678D12A_2024-09-03_27_0.mp4
[2024-09-04 15:53:45,671][main][INFO] - Renamed /mnt/geosense/cameras/G5Bullet_26/mp4/G5Bullet_26_F4E2C678D12A_2024-09-03_28_0.mp4 to /mnt/geosense/cameras/G5Bullet_26/mp4/File_027_G5Bullet_26_F4E2C678D12A_2024-09-03_28_0.mp4
[2024-09-04 15:53:45,672][main][INFO] - Renamed /mnt/geosense/cameras/G5Bullet_26/mp4/G5Bullet_26_F4E2C678D12A_2024-09-03_29_0.mp4 to /mnt/geosense/cameras/G5Bullet_26/mp4/File_028_G5Bullet_26_F4E2C678D12A_2024-09-03_29_0.mp4
[2024-09-04 15:53:45,672][main][INFO] - Renamed /mnt/geosense/cameras/G5Bullet_26/mp4/G5Bullet_26_F4E2C678D12A_2024-09-03_30_0.mp4 to /mnt/geosense/cameras/G5Bullet_26/mp4/File_029_G5Bullet_26_F4E2C678D12A_2024-09-03_30_0.mp4
[2024-09-04 15:53:45,672][main][INFO] - Renamed /mnt/geosense/cameras/G5Bullet_26/mp4/G5Bullet_26_F4E2C678D12A_2024-09-03_31_0.mp4 to /mnt/geosense/cameras/G5Bullet_26/mp4/File_030_G5Bullet_26_F4E2C678D12A_2024-09-03_31_0.mp4
[2024-09-04 15:53:45,672][main][INFO] - Renamed /mnt/geosense/cameras/G5Bullet_26/mp4/G5Bullet_26_F4E2C678D12A_2024-09-03_32_0.mp4 to /mnt/geosense/cameras/G5Bullet_26/mp4/File_031_G5Bullet_26_F4E2C678D12A_2024-09-03_32_0.mp4
[2024-09-04 15:53:45,672][main][INFO] - Renamed /mnt/geosense/cameras/G5Bullet_26/mp4/G5Bullet_26_F4E2C678D12A_2024-09-03_33_0.mp4 to /mnt/geosense/cameras/G5Bullet_26/mp4/File_032_G5Bullet_26_F4E2C678D12A_2024-09-03_33_0.mp4
[2024-09-04 15:53:45,672][main][INFO] - Renamed /mnt/geosense/cameras/G5Bullet_26/mp4/G5Bullet_26_F4E2C678D12A_2024-09-03_34_0.mp4 to /mnt/geosense/cameras/G5Bullet_26/mp4/File_033_G5Bullet_26_F4E2C678D12A_2024-09-03_34_0.mp4
[2024-09-04 15:53:45,673][main][INFO] - Renamed /mnt/geosense/cameras/G5Bullet_26/mp4/G5Bullet_26_F4E2C678D12A_2024-09-03_35_0.mp4 to /mnt/geosense/cameras/G5Bullet_26/mp4/File_034_G5Bullet_26_F4E2C678D12A_2024-09-03_35_0.mp4
[2024-09-04 15:53:45,673][main][INFO] - Renamed /mnt/geosense/cameras/G5Bullet_26/mp4/G5Bullet_26_F4E2C678D12A_2024-09-03_36_0.mp4 to /mnt/geosense/cameras/G5Bullet_26/mp4/File_035_G5Bullet_26_F4E2C678D12A_2024-09-03_36_0.mp4
[2024-09-04 15:53:45,673][main][INFO] - Renamed /mnt/geosense/cameras/G5Bullet_26/mp4/G5Bullet_26_F4E2C678D12A_2024-09-03_37_0.mp4 to /mnt/geosense/cameras/G5Bullet_26/mp4/File_036_G5Bullet_26_F4E2C678D12A_2024-09-03_37_0.mp4
[2024-09-04 15:53:45,673][main][INFO] - Renamed /mnt/geosense/cameras/G5Bullet_26/mp4/G5Bullet_26_F4E2C678D12A_2024-09-03_38_0.mp4 to /mnt/geosense/cameras/G5Bullet_26/mp4/File_037_G5Bullet_26_F4E2C678D12A_2024-09-03_38_0.mp4
[2024-09-04 15:53:45,673][main][INFO] - Renamed /mnt/geosense/cameras/G5Bullet_26/mp4/G5Bullet_26_F4E2C678D12A_2024-09-03_39_0.mp4 to /mnt/geosense/cameras/G5Bullet_26/mp4/File_038_G5Bullet_26_F4E2C678D12A_2024-09-03_39_0.mp4
[2024-09-04 15:53:45,673][main][INFO] - Renamed /mnt/geosense/cameras/G5Bullet_26/mp4/G5Bullet_26_F4E2C678D12A_2024-09-03_40_0.mp4 to /mnt/geosense/cameras/G5Bullet_26/mp4/File_039_G5Bullet_26_F4E2C678D12A_2024-09-03_40_0.mp4
[2024-09-04 15:53:45,674][main][INFO] - Processing file /mnt/geosense/cameras/G5Bullet_26/mp4/File_000_G5Bullet_26_F4E2C678D12A_2024-09-03_1_0.mp4...
[2024-09-04 15:55:45,770][main][INFO] - All frames extracted.
[2024-09-04 15:55:45,771][main][INFO] - Total frames extracted: 419
[2024-09-04 15:55:45,772][main][INFO] - Grouping files in sets...
