[2024-09-05 10:50:28,579][main][INFO] - --------------------------------------------------
[2024-09-05 10:50:28,579][main][INFO] - --------------------------------------------------
[2024-09-05 10:50:28,579][main][INFO] - ::: Processing camera G5Bullet_31 :::
[2024-09-05 10:50:28,580][main][INFO] - --------------------------------------------------
[2024-09-05 10:50:28,580][main][INFO] - --------------------------------------------------
[2024-09-05 10:50:28,580][main][INFO] - Transfering data from NVR (/volume1/videos/G5Bullet_31/*0.mp4) to VM (/mnt/geosense/cameras/G5Bullet_31/mp4)...
[2024-09-05 10:50:28,580][main][INFO] - Extract frames...
[2024-09-05 10:50:28,580][main][INFO] - Renaming .mp4 files...
[2024-09-05 10:50:28,580][main][INFO] - Renamed /mnt/geosense/cameras/G5Bullet_31/mp4/File_000_File_000_G5Bullet_31_F4E2C678CB5A_2024-09-03_1_0.mp4 to /mnt/geosense/cameras/G5Bullet_31/mp4/File_000_File_000_File_000_G5Bullet_31_F4E2C678CB5A_2024-09-03_1_0.mp4
[2024-09-05 10:50:28,580][main][INFO] - Renamed /mnt/geosense/cameras/G5Bullet_31/mp4/File_001_File_001_G5Bullet_31_F4E2C678CB5A_2024-09-03_2_0.mp4 to /mnt/geosense/cameras/G5Bullet_31/mp4/File_001_File_001_File_001_G5Bullet_31_F4E2C678CB5A_2024-09-03_2_0.mp4
[2024-09-05 10:50:28,581][main][INFO] - Renamed /mnt/geosense/cameras/G5Bullet_31/mp4/File_002_File_002_G5Bullet_31_F4E2C678CB5A_2024-09-03_3_0.mp4 to /mnt/geosense/cameras/G5Bullet_31/mp4/File_002_File_002_File_002_G5Bullet_31_F4E2C678CB5A_2024-09-03_3_0.mp4
[2024-09-05 10:50:28,581][main][INFO] - Renamed /mnt/geosense/cameras/G5Bullet_31/mp4/File_003_File_003_G5Bullet_31_F4E2C678CB5A_2024-09-03_4_0.mp4 to /mnt/geosense/cameras/G5Bullet_31/mp4/File_003_File_003_File_003_G5Bullet_31_F4E2C678CB5A_2024-09-03_4_0.mp4
[2024-09-05 10:50:28,581][main][INFO] - Renamed /mnt/geosense/cameras/G5Bullet_31/mp4/File_004_File_004_G5Bullet_31_F4E2C678CB5A_2024-09-03_5_0.mp4 to /mnt/geosense/cameras/G5Bullet_31/mp4/File_004_File_004_File_004_G5Bullet_31_F4E2C678CB5A_2024-09-03_5_0.mp4
[2024-09-05 10:50:28,581][main][INFO] - Renamed /mnt/geosense/cameras/G5Bullet_31/mp4/File_005_File_005_G5Bullet_31_F4E2C678CB5A_2024-09-03_6_0.mp4 to /mnt/geosense/cameras/G5Bullet_31/mp4/File_005_File_005_File_005_G5Bullet_31_F4E2C678CB5A_2024-09-03_6_0.mp4
[2024-09-05 10:50:28,581][main][INFO] - Renamed /mnt/geosense/cameras/G5Bullet_31/mp4/File_006_File_006_G5Bullet_31_F4E2C678CB5A_2024-09-03_7_0.mp4 to /mnt/geosense/cameras/G5Bullet_31/mp4/File_006_File_006_File_006_G5Bullet_31_F4E2C678CB5A_2024-09-03_7_0.mp4
[2024-09-05 10:50:28,581][main][INFO] - Renamed /mnt/geosense/cameras/G5Bullet_31/mp4/File_007_File_007_G5Bullet_31_F4E2C678CB5A_2024-09-03_8_0.mp4 to /mnt/geosense/cameras/G5Bullet_31/mp4/File_007_File_007_File_007_G5Bullet_31_F4E2C678CB5A_2024-09-03_8_0.mp4
[2024-09-05 10:50:28,581][main][INFO] - Renamed /mnt/geosense/cameras/G5Bullet_31/mp4/File_008_File_008_G5Bullet_31_F4E2C678CB5A_2024-09-03_9_0.mp4 to /mnt/geosense/cameras/G5Bullet_31/mp4/File_008_File_008_File_008_G5Bullet_31_F4E2C678CB5A_2024-09-03_9_0.mp4
[2024-09-05 10:50:28,581][main][INFO] - Renamed /mnt/geosense/cameras/G5Bullet_31/mp4/File_009_File_009_G5Bullet_31_F4E2C678CB5A_2024-09-03_10_0.mp4 to /mnt/geosense/cameras/G5Bullet_31/mp4/File_009_File_009_File_009_G5Bullet_31_F4E2C678CB5A_2024-09-03_10_0.mp4
[2024-09-05 10:50:28,586][main][INFO] - Renamed /mnt/geosense/cameras/G5Bullet_31/mp4/File_010_File_010_G5Bullet_31_F4E2C678CB5A_2024-09-03_11_0.mp4 to /mnt/geosense/cameras/G5Bullet_31/mp4/File_010_File_010_File_010_G5Bullet_31_F4E2C678CB5A_2024-09-03_11_0.mp4
[2024-09-05 10:50:28,587][main][INFO] - Renamed /mnt/geosense/cameras/G5Bullet_31/mp4/File_011_File_011_G5Bullet_31_F4E2C678CB5A_2024-09-03_12_0.mp4 to /mnt/geosense/cameras/G5Bullet_31/mp4/File_011_File_011_File_011_G5Bullet_31_F4E2C678CB5A_2024-09-03_12_0.mp4
[2024-09-05 10:50:28,587][main][INFO] - Renamed /mnt/geosense/cameras/G5Bullet_31/mp4/File_012_File_012_G5Bullet_31_F4E2C678CB5A_2024-09-03_13_0.mp4 to /mnt/geosense/cameras/G5Bullet_31/mp4/File_012_File_012_File_012_G5Bullet_31_F4E2C678CB5A_2024-09-03_13_0.mp4
[2024-09-05 10:50:28,587][main][INFO] - Renamed /mnt/geosense/cameras/G5Bullet_31/mp4/File_013_File_013_G5Bullet_31_F4E2C678CB5A_2024-09-03_14_0.mp4 to /mnt/geosense/cameras/G5Bullet_31/mp4/File_013_File_013_File_013_G5Bullet_31_F4E2C678CB5A_2024-09-03_14_0.mp4
[2024-09-05 10:50:28,587][main][INFO] - Renamed /mnt/geosense/cameras/G5Bullet_31/mp4/File_014_File_014_G5Bullet_31_F4E2C678CB5A_2024-09-03_15_0.mp4 to /mnt/geosense/cameras/G5Bullet_31/mp4/File_014_File_014_File_014_G5Bullet_31_F4E2C678CB5A_2024-09-03_15_0.mp4
[2024-09-05 10:50:28,587][main][INFO] - Renamed /mnt/geosense/cameras/G5Bullet_31/mp4/File_015_File_015_G5Bullet_31_F4E2C678CB5A_2024-09-03_16_0.mp4 to /mnt/geosense/cameras/G5Bullet_31/mp4/File_015_File_015_File_015_G5Bullet_31_F4E2C678CB5A_2024-09-03_16_0.mp4
[2024-09-05 10:50:28,587][main][INFO] - Renamed /mnt/geosense/cameras/G5Bullet_31/mp4/File_016_File_016_G5Bullet_31_F4E2C678CB5A_2024-09-03_17_0.mp4 to /mnt/geosense/cameras/G5Bullet_31/mp4/File_016_File_016_File_016_G5Bullet_31_F4E2C678CB5A_2024-09-03_17_0.mp4
[2024-09-05 10:50:28,587][main][INFO] - Renamed /mnt/geosense/cameras/G5Bullet_31/mp4/File_017_File_017_G5Bullet_31_F4E2C678CB5A_2024-09-03_18_0.mp4 to /mnt/geosense/cameras/G5Bullet_31/mp4/File_017_File_017_File_017_G5Bullet_31_F4E2C678CB5A_2024-09-03_18_0.mp4
[2024-09-05 10:50:28,588][main][INFO] - Renamed /mnt/geosense/cameras/G5Bullet_31/mp4/File_018_File_018_G5Bullet_31_F4E2C678CB5A_2024-09-03_19_0.mp4 to /mnt/geosense/cameras/G5Bullet_31/mp4/File_018_File_018_File_018_G5Bullet_31_F4E2C678CB5A_2024-09-03_19_0.mp4
[2024-09-05 10:50:28,588][main][INFO] - Renamed /mnt/geosense/cameras/G5Bullet_31/mp4/File_019_File_019_G5Bullet_31_F4E2C678CB5A_2024-09-03_20_0.mp4 to /mnt/geosense/cameras/G5Bullet_31/mp4/File_019_File_019_File_019_G5Bullet_31_F4E2C678CB5A_2024-09-03_20_0.mp4
[2024-09-05 10:50:28,588][main][INFO] - Renamed /mnt/geosense/cameras/G5Bullet_31/mp4/File_020_File_020_G5Bullet_31_F4E2C678CB5A_2024-09-03_21_0.mp4 to /mnt/geosense/cameras/G5Bullet_31/mp4/File_020_File_020_File_020_G5Bullet_31_F4E2C678CB5A_2024-09-03_21_0.mp4
[2024-09-05 10:50:28,588][main][INFO] - Renamed /mnt/geosense/cameras/G5Bullet_31/mp4/File_021_File_021_G5Bullet_31_F4E2C678CB5A_2024-09-03_22_0.mp4 to /mnt/geosense/cameras/G5Bullet_31/mp4/File_021_File_021_File_021_G5Bullet_31_F4E2C678CB5A_2024-09-03_22_0.mp4
[2024-09-05 10:50:28,588][main][INFO] - Renamed /mnt/geosense/cameras/G5Bullet_31/mp4/File_022_File_022_G5Bullet_31_F4E2C678CB5A_2024-09-03_23_0.mp4 to /mnt/geosense/cameras/G5Bullet_31/mp4/File_022_File_022_File_022_G5Bullet_31_F4E2C678CB5A_2024-09-03_23_0.mp4
[2024-09-05 10:50:28,588][main][INFO] - Renamed /mnt/geosense/cameras/G5Bullet_31/mp4/File_023_File_023_G5Bullet_31_F4E2C678CB5A_2024-09-03_24_0.mp4 to /mnt/geosense/cameras/G5Bullet_31/mp4/File_023_File_023_File_023_G5Bullet_31_F4E2C678CB5A_2024-09-03_24_0.mp4
[2024-09-05 10:50:28,588][main][INFO] - Renamed /mnt/geosense/cameras/G5Bullet_31/mp4/File_024_File_024_G5Bullet_31_F4E2C678CB5A_2024-09-03_25_0.mp4 to /mnt/geosense/cameras/G5Bullet_31/mp4/File_024_File_024_File_024_G5Bullet_31_F4E2C678CB5A_2024-09-03_25_0.mp4
[2024-09-05 10:50:28,588][main][INFO] - Renamed /mnt/geosense/cameras/G5Bullet_31/mp4/File_025_File_025_G5Bullet_31_F4E2C678CB5A_2024-09-03_26_0.mp4 to /mnt/geosense/cameras/G5Bullet_31/mp4/File_025_File_025_File_025_G5Bullet_31_F4E2C678CB5A_2024-09-03_26_0.mp4
[2024-09-05 10:50:28,589][main][INFO] - Renamed /mnt/geosense/cameras/G5Bullet_31/mp4/File_026_File_026_G5Bullet_31_F4E2C678CB5A_2024-09-03_27_0.mp4 to /mnt/geosense/cameras/G5Bullet_31/mp4/File_026_File_026_File_026_G5Bullet_31_F4E2C678CB5A_2024-09-03_27_0.mp4
[2024-09-05 10:50:28,589][main][INFO] - Renamed /mnt/geosense/cameras/G5Bullet_31/mp4/File_027_File_027_G5Bullet_31_F4E2C678CB5A_2024-09-03_28_0.mp4 to /mnt/geosense/cameras/G5Bullet_31/mp4/File_027_File_027_File_027_G5Bullet_31_F4E2C678CB5A_2024-09-03_28_0.mp4
[2024-09-05 10:50:28,589][main][INFO] - Renamed /mnt/geosense/cameras/G5Bullet_31/mp4/File_028_File_028_G5Bullet_31_F4E2C678CB5A_2024-09-03_29_0.mp4 to /mnt/geosense/cameras/G5Bullet_31/mp4/File_028_File_028_File_028_G5Bullet_31_F4E2C678CB5A_2024-09-03_29_0.mp4
[2024-09-05 10:50:28,589][main][INFO] - Renamed /mnt/geosense/cameras/G5Bullet_31/mp4/File_029_File_029_G5Bullet_31_F4E2C678CB5A_2024-09-03_30_0.mp4 to /mnt/geosense/cameras/G5Bullet_31/mp4/File_029_File_029_File_029_G5Bullet_31_F4E2C678CB5A_2024-09-03_30_0.mp4
[2024-09-05 10:50:28,589][main][INFO] - Processing file /mnt/geosense/cameras/G5Bullet_31/mp4/File_000_File_000_File_000_G5Bullet_31_F4E2C678CB5A_2024-09-03_1_0.mp4...
[2024-09-05 10:50:28,934][main][INFO] - Extracting frame 0...
[2024-09-05 10:50:33,012][main][INFO] - Extracting frame 300...
[2024-09-05 10:50:36,862][main][INFO] - Extracting frame 600...
[2024-09-05 10:50:40,415][main][INFO] - Extracting frame 900...
[2024-09-05 10:50:42,437][main][INFO] - Extracting frame 1200...
[2024-09-05 10:50:44,342][main][INFO] - Extracting frame 1500...
[2024-09-05 10:50:46,361][main][INFO] - Extracting frame 1800...
[2024-09-05 10:50:48,323][main][INFO] - Extracting frame 2100...
[2024-09-05 10:50:50,272][main][INFO] - Extracting frame 2400...
[2024-09-05 10:50:52,241][main][INFO] - Extracting frame 2700...
[2024-09-05 10:50:54,132][main][INFO] - Extracting frame 3000...
[2024-09-05 10:50:56,102][main][INFO] - Extracting frame 3300...
[2024-09-05 10:50:58,112][main][INFO] - Extracting frame 3600...
[2024-09-05 10:51:00,111][main][INFO] - Extracting frame 3900...
[2024-09-05 10:51:02,087][main][INFO] - Extracting frame 4200...
[2024-09-05 10:51:04,043][main][INFO] - Extracting frame 4500...
[2024-09-05 10:51:05,965][main][INFO] - Extracting frame 4800...
[2024-09-05 10:51:07,999][main][INFO] - Extracting frame 5100...
[2024-09-05 10:51:09,967][main][INFO] - Extracting frame 5400...
[2024-09-05 10:51:11,957][main][INFO] - Extracting frame 5700...
[2024-09-05 10:51:13,895][main][INFO] - Extracting frame 6000...
[2024-09-05 10:51:15,838][main][INFO] - Extracting frame 6300...
[2024-09-05 10:51:17,837][main][INFO] - Extracting frame 6600...
[2024-09-05 10:51:19,796][main][INFO] - Extracting frame 6900...
[2024-09-05 10:51:21,797][main][INFO] - Extracting frame 7200...
[2024-09-05 10:51:23,744][main][INFO] - Extracting frame 7500...
[2024-09-05 10:51:25,747][main][INFO] - Extracting frame 7800...
[2024-09-05 10:51:27,756][main][INFO] - Extracting frame 8100...
[2024-09-05 10:51:29,715][main][INFO] - Extracting frame 8400...
[2024-09-05 10:51:31,701][main][INFO] - Extracting frame 8700...
[2024-09-05 10:51:33,650][main][INFO] - Extracting frame 9000...
[2024-09-05 10:51:35,569][main][INFO] - Extracting frame 9300...
[2024-09-05 10:51:37,587][main][INFO] - Extracting frame 9600...
[2024-09-05 10:51:39,527][main][INFO] - Extracting frame 9900...
[2024-09-05 10:51:41,464][main][INFO] - Extracting frame 10200...
[2024-09-05 10:51:43,434][main][INFO] - Extracting frame 10500...
[2024-09-05 10:51:45,340][main][INFO] - Extracting frame 10800...
[2024-09-05 10:51:47,321][main][INFO] - Extracting frame 11100...
[2024-09-05 10:51:49,302][main][INFO] - Extracting frame 11400...
[2024-09-05 10:51:51,243][main][INFO] - Extracting frame 11700...
[2024-09-05 10:51:53,250][main][INFO] - Extracting frame 12000...
[2024-09-05 10:51:55,178][main][INFO] - Extracting frame 12300...
[2024-09-05 10:51:57,089][main][INFO] - Extracting frame 12600...
[2024-09-05 10:51:59,092][main][INFO] - Extracting frame 12900...
[2024-09-05 10:52:01,051][main][INFO] - Extracting frame 13200...
[2024-09-05 10:52:03,027][main][INFO] - Extracting frame 13500...
[2024-09-05 10:52:04,943][main][INFO] - Extracting frame 13800...
[2024-09-05 10:52:06,821][main][INFO] - Extracting frame 14100...
[2024-09-05 10:52:08,838][main][INFO] - Extracting frame 14400...
[2024-09-05 10:52:10,831][main][INFO] - Extracting frame 14700...
[2024-09-05 10:52:12,793][main][INFO] - Extracting frame 15000...
[2024-09-05 10:52:14,687][main][INFO] - Extracting frame 15300...
[2024-09-05 10:52:16,570][main][INFO] - Extracting frame 15600...
[2024-09-05 10:52:18,558][main][INFO] - Extracting frame 15900...
[2024-09-05 10:52:20,543][main][INFO] - Extracting frame 16200...
[2024-09-05 10:52:22,496][main][INFO] - Extracting frame 16500...
[2024-09-05 10:52:24,457][main][INFO] - Extracting frame 16800...
[2024-09-05 10:52:26,395][main][INFO] - Extracting frame 17100...
[2024-09-05 10:52:28,416][main][INFO] - Extracting frame 17400...
