[2024-09-04 16:57:43,644][main][INFO] - --------------------------------------------------
[2024-09-04 16:57:43,806][main][INFO] - --------------------------------------------------
[2024-09-04 16:57:43,806][main][INFO] - ::: Processing camera G5Bullet_07 with MAC address F4E2C678CCA0 :::
[2024-09-04 16:57:43,807][main][INFO] - Source directory: /srv/unifi-protect/video/2024/09/02
[2024-09-04 16:57:43,808][main][INFO] - Destination directory: /volume1/videos/2024-09-02/G5Bullet_07
[2024-09-04 16:57:43,808][main][INFO] - --------------------------------------------------
[2024-09-04 16:57:43,809][main][INFO] - --------------------------------------------------
[2024-09-04 16:57:58,611][main][INFO] - Successfully converted /srv/unifi-protect/video/2024/09/02/F4E2C678CCA0_0_rotating_1725229084805.ubv to /volume1/videos/2024-09-02/G5Bullet_07/G5Bullet_07_F4E2C678CCA0_2024-09-02_1
[2024-09-04 16:58:14,988][main][INFO] - Successfully converted /srv/unifi-protect/video/2024/09/02/F4E2C678CCA0_0_rotating_1725230400307.ubv to /volume1/videos/2024-09-02/G5Bullet_07/G5Bullet_07_F4E2C678CCA0_2024-09-02_2
[2024-09-04 16:58:30,488][main][INFO] - Successfully converted /srv/unifi-protect/video/2024/09/02/F4E2C678CCA0_0_rotating_1725231860683.ubv to /volume1/videos/2024-09-02/G5Bullet_07/G5Bullet_07_F4E2C678CCA0_2024-09-02_3
[2024-09-04 16:58:44,880][main][INFO] - Successfully converted /srv/unifi-protect/video/2024/09/02/F4E2C678CCA0_0_rotating_1725233251084.ubv to /volume1/videos/2024-09-02/G5Bullet_07/G5Bullet_07_F4E2C678CCA0_2024-09-02_4
[2024-09-04 16:58:59,820][main][INFO] - Successfully converted /srv/unifi-protect/video/2024/09/02/F4E2C678CCA0_0_rotating_1725234946732.ubv to /volume1/videos/2024-09-02/G5Bullet_07/G5Bullet_07_F4E2C678CCA0_2024-09-02_5
[2024-09-04 16:59:14,606][main][INFO] - Successfully converted /srv/unifi-protect/video/2024/09/02/F4E2C678CCA0_0_rotating_1725236440081.ubv to /volume1/videos/2024-09-02/G5Bullet_07/G5Bullet_07_F4E2C678CCA0_2024-09-02_6
[2024-09-04 16:59:31,251][main][INFO] - Successfully converted /srv/unifi-protect/video/2024/09/02/F4E2C678CCA0_0_rotating_1725237983132.ubv to /volume1/videos/2024-09-02/G5Bullet_07/G5Bullet_07_F4E2C678CCA0_2024-09-02_7
[2024-09-04 16:59:46,479][main][INFO] - Successfully converted /srv/unifi-protect/video/2024/09/02/F4E2C678CCA0_0_rotating_1725239423158.ubv to /volume1/videos/2024-09-02/G5Bullet_07/G5Bullet_07_F4E2C678CCA0_2024-09-02_8
[2024-09-04 17:00:04,705][main][INFO] - Successfully converted /srv/unifi-protect/video/2024/09/02/F4E2C678CCA0_0_rotating_1725240850849.ubv to /volume1/videos/2024-09-02/G5Bullet_07/G5Bullet_07_F4E2C678CCA0_2024-09-02_9
[2024-09-04 17:00:22,431][main][INFO] - Successfully converted /srv/unifi-protect/video/2024/09/02/F4E2C678CCA0_0_rotating_1725242224205.ubv to /volume1/videos/2024-09-02/G5Bullet_07/G5Bullet_07_F4E2C678CCA0_2024-09-02_10
[2024-09-04 17:00:38,064][main][INFO] - Successfully converted /srv/unifi-protect/video/2024/09/02/F4E2C678CCA0_0_rotating_1725243589871.ubv to /volume1/videos/2024-09-02/G5Bullet_07/G5Bullet_07_F4E2C678CCA0_2024-09-02_11
[2024-09-04 17:00:56,393][main][INFO] - Successfully converted /srv/unifi-protect/video/2024/09/02/F4E2C678CCA0_0_rotating_1725244975262.ubv to /volume1/videos/2024-09-02/G5Bullet_07/G5Bullet_07_F4E2C678CCA0_2024-09-02_12
[2024-09-04 17:01:12,888][main][INFO] - Successfully converted /srv/unifi-protect/video/2024/09/02/F4E2C678CCA0_0_rotating_1725246350817.ubv to /volume1/videos/2024-09-02/G5Bullet_07/G5Bullet_07_F4E2C678CCA0_2024-09-02_13
[2024-09-04 17:01:28,732][main][INFO] - Successfully converted /srv/unifi-protect/video/2024/09/02/F4E2C678CCA0_0_rotating_1725247786242.ubv to /volume1/videos/2024-09-02/G5Bullet_07/G5Bullet_07_F4E2C678CCA0_2024-09-02_14
[2024-09-04 17:01:44,212][main][INFO] - Successfully converted /srv/unifi-protect/video/2024/09/02/F4E2C678CCA0_0_rotating_1725249296793.ubv to /volume1/videos/2024-09-02/G5Bullet_07/G5Bullet_07_F4E2C678CCA0_2024-09-02_15
[2024-09-04 17:02:02,058][main][INFO] - Successfully converted /srv/unifi-protect/video/2024/09/02/F4E2C678CCA0_0_rotating_1725250847197.ubv to /volume1/videos/2024-09-02/G5Bullet_07/G5Bullet_07_F4E2C678CCA0_2024-09-02_16
[2024-09-04 17:02:23,442][main][INFO] - Successfully converted /srv/unifi-protect/video/2024/09/02/F4E2C678CCA0_0_rotating_1725252482791.ubv to /volume1/videos/2024-09-02/G5Bullet_07/G5Bullet_07_F4E2C678CCA0_2024-09-02_17
[2024-09-04 17:02:44,472][main][INFO] - Successfully converted /srv/unifi-protect/video/2024/09/02/F4E2C678CCA0_0_rotating_1725254044664.ubv to /volume1/videos/2024-09-02/G5Bullet_07/G5Bullet_07_F4E2C678CCA0_2024-09-02_18
[2024-09-04 17:03:05,652][main][INFO] - Successfully converted /srv/unifi-protect/video/2024/09/02/F4E2C678CCA0_0_rotating_1725255595665.ubv to /volume1/videos/2024-09-02/G5Bullet_07/G5Bullet_07_F4E2C678CCA0_2024-09-02_19
[2024-09-04 17:03:20,991][main][INFO] - Successfully converted /srv/unifi-protect/video/2024/09/02/F4E2C678CCA0_0_rotating_1725257256600.ubv to /volume1/videos/2024-09-02/G5Bullet_07/G5Bullet_07_F4E2C678CCA0_2024-09-02_20
[2024-09-04 17:03:39,642][main][INFO] - Successfully converted /srv/unifi-protect/video/2024/09/02/F4E2C678CCA0_0_rotating_1725258935065.ubv to /volume1/videos/2024-09-02/G5Bullet_07/G5Bullet_07_F4E2C678CCA0_2024-09-02_21
[2024-09-04 17:03:58,300][main][INFO] - Successfully converted /srv/unifi-protect/video/2024/09/02/F4E2C678CCA0_0_rotating_1725260552545.ubv to /volume1/videos/2024-09-02/G5Bullet_07/G5Bullet_07_F4E2C678CCA0_2024-09-02_22
[2024-09-04 17:04:13,793][main][INFO] - Successfully converted /srv/unifi-protect/video/2024/09/02/F4E2C678CCA0_0_rotating_1725262150052.ubv to /volume1/videos/2024-09-02/G5Bullet_07/G5Bullet_07_F4E2C678CCA0_2024-09-02_23
[2024-09-04 17:04:30,210][main][INFO] - Successfully converted /srv/unifi-protect/video/2024/09/02/F4E2C678CCA0_0_rotating_1725263780746.ubv to /volume1/videos/2024-09-02/G5Bullet_07/G5Bullet_07_F4E2C678CCA0_2024-09-02_24
[2024-09-04 17:04:44,248][main][INFO] - Successfully converted /srv/unifi-protect/video/2024/09/02/F4E2C678CCA0_0_rotating_1725265441404.ubv to /volume1/videos/2024-09-02/G5Bullet_07/G5Bullet_07_F4E2C678CCA0_2024-09-02_25
[2024-09-04 17:05:00,619][main][INFO] - Successfully converted /srv/unifi-protect/video/2024/09/02/F4E2C678CCA0_0_rotating_1725267131789.ubv to /volume1/videos/2024-09-02/G5Bullet_07/G5Bullet_07_F4E2C678CCA0_2024-09-02_26
[2024-09-04 17:05:15,766][main][INFO] - Successfully converted /srv/unifi-protect/video/2024/09/02/F4E2C678CCA0_0_rotating_1725268909277.ubv to /volume1/videos/2024-09-02/G5Bullet_07/G5Bullet_07_F4E2C678CCA0_2024-09-02_27
[2024-09-04 17:05:33,625][main][INFO] - Successfully converted /srv/unifi-protect/video/2024/09/02/F4E2C678CCA0_0_rotating_1725270659848.ubv to /volume1/videos/2024-09-02/G5Bullet_07/G5Bullet_07_F4E2C678CCA0_2024-09-02_28
[2024-09-04 17:05:51,244][main][INFO] - Successfully converted /srv/unifi-protect/video/2024/09/02/F4E2C678CCA0_0_rotating_1725272455430.ubv to /volume1/videos/2024-09-02/G5Bullet_07/G5Bullet_07_F4E2C678CCA0_2024-09-02_29
[2024-09-04 17:06:09,599][main][INFO] - Successfully converted /srv/unifi-protect/video/2024/09/02/F4E2C678CCA0_0_rotating_1725274216136.ubv to /volume1/videos/2024-09-02/G5Bullet_07/G5Bullet_07_F4E2C678CCA0_2024-09-02_30
[2024-09-04 17:06:31,442][main][INFO] - Successfully converted /srv/unifi-protect/video/2024/09/02/F4E2C678CCA0_0_rotating_1725276103011.ubv to /volume1/videos/2024-09-02/G5Bullet_07/G5Bullet_07_F4E2C678CCA0_2024-09-02_31
[2024-09-04 17:06:47,055][main][INFO] - Successfully converted /srv/unifi-protect/video/2024/09/02/F4E2C678CCA0_0_rotating_1725277882527.ubv to /volume1/videos/2024-09-02/G5Bullet_07/G5Bullet_07_F4E2C678CCA0_2024-09-02_32
[2024-09-04 17:07:02,562][main][INFO] - Successfully converted /srv/unifi-protect/video/2024/09/02/F4E2C678CCA0_0_rotating_1725279598344.ubv to /volume1/videos/2024-09-02/G5Bullet_07/G5Bullet_07_F4E2C678CCA0_2024-09-02_33
[2024-09-04 17:07:21,318][main][INFO] - Successfully converted /srv/unifi-protect/video/2024/09/02/F4E2C678CCA0_0_rotating_1725281418370.ubv to /volume1/videos/2024-09-02/G5Bullet_07/G5Bullet_07_F4E2C678CCA0_2024-09-02_34
[2024-09-04 17:07:36,377][main][INFO] - Successfully converted /srv/unifi-protect/video/2024/09/02/F4E2C678CCA0_0_rotating_1725283278984.ubv to /volume1/videos/2024-09-02/G5Bullet_07/G5Bullet_07_F4E2C678CCA0_2024-09-02_35
[2024-09-04 17:07:55,186][main][INFO] - Successfully converted /srv/unifi-protect/video/2024/09/02/F4E2C678CCA0_0_rotating_1725285131198.ubv to /volume1/videos/2024-09-02/G5Bullet_07/G5Bullet_07_F4E2C678CCA0_2024-09-02_36
[2024-09-04 17:08:11,536][main][INFO] - Successfully converted /srv/unifi-protect/video/2024/09/02/F4E2C678CCA0_0_rotating_1725286906339.ubv to /volume1/videos/2024-09-02/G5Bullet_07/G5Bullet_07_F4E2C678CCA0_2024-09-02_37
[2024-09-04 17:08:32,012][main][INFO] - Successfully converted /srv/unifi-protect/video/2024/09/02/F4E2C678CCA0_0_rotating_1725288837160.ubv to /volume1/videos/2024-09-02/G5Bullet_07/G5Bullet_07_F4E2C678CCA0_2024-09-02_38
[2024-09-04 17:08:48,456][main][INFO] - Successfully converted /srv/unifi-protect/video/2024/09/02/F4E2C678CCA0_0_rotating_1725291066619.ubv to /volume1/videos/2024-09-02/G5Bullet_07/G5Bullet_07_F4E2C678CCA0_2024-09-02_39
[2024-09-04 17:09:04,775][main][INFO] - Successfully converted /srv/unifi-protect/video/2024/09/02/F4E2C678CCA0_0_rotating_1725293222582.ubv to /volume1/videos/2024-09-02/G5Bullet_07/G5Bullet_07_F4E2C678CCA0_2024-09-02_40
[2024-09-04 17:09:22,158][main][INFO] - Successfully converted /srv/unifi-protect/video/2024/09/02/F4E2C678CCA0_0_rotating_1725295228029.ubv to /volume1/videos/2024-09-02/G5Bullet_07/G5Bullet_07_F4E2C678CCA0_2024-09-02_41
[2024-09-04 17:09:37,442][main][INFO] - Successfully converted /srv/unifi-protect/video/2024/09/02/F4E2C678CCA0_0_rotating_1725297053637.ubv to /volume1/videos/2024-09-02/G5Bullet_07/G5Bullet_07_F4E2C678CCA0_2024-09-02_42
[2024-09-04 17:09:54,460][main][INFO] - Successfully converted /srv/unifi-protect/video/2024/09/02/F4E2C678CCA0_0_rotating_1725299024262.ubv to /volume1/videos/2024-09-02/G5Bullet_07/G5Bullet_07_F4E2C678CCA0_2024-09-02_43
[2024-09-04 17:10:11,448][main][INFO] - Successfully converted /srv/unifi-protect/video/2024/09/02/F4E2C678CCA0_0_rotating_1725301240665.ubv to /volume1/videos/2024-09-02/G5Bullet_07/G5Bullet_07_F4E2C678CCA0_2024-09-02_44
[2024-09-04 17:10:41,961][main][INFO] - Successfully converted /srv/unifi-protect/video/2024/09/02/F4E2C678CCA0_0_rotating_1725303060528.ubv to /volume1/videos/2024-09-02/G5Bullet_07/G5Bullet_07_F4E2C678CCA0_2024-09-02_45
[2024-09-04 17:11:13,729][main][INFO] - Successfully converted /srv/unifi-protect/video/2024/09/02/F4E2C678CCA0_0_rotating_1725305006184.ubv to /volume1/videos/2024-09-02/G5Bullet_07/G5Bullet_07_F4E2C678CCA0_2024-09-02_46
[2024-09-04 17:11:42,079][main][INFO] - Successfully converted /srv/unifi-protect/video/2024/09/02/F4E2C678CCA0_0_rotating_1725307397087.ubv to /volume1/videos/2024-09-02/G5Bullet_07/G5Bullet_07_F4E2C678CCA0_2024-09-02_47
[2024-09-04 17:12:09,001][main][INFO] - Successfully converted /srv/unifi-protect/video/2024/09/02/F4E2C678CCA0_0_rotating_1725310415708.ubv to /volume1/videos/2024-09-02/G5Bullet_07/G5Bullet_07_F4E2C678CCA0_2024-09-02_48
[2024-09-04 17:12:34,520][main][INFO] - Successfully converted /srv/unifi-protect/video/2024/09/02/F4E2C678CCA0_0_rotating_1725313449058.ubv to /volume1/videos/2024-09-02/G5Bullet_07/G5Bullet_07_F4E2C678CCA0_2024-09-02_49
[2024-09-04 17:12:34,522][main][INFO] - --------------------------------------------------
[2024-09-04 17:12:34,523][main][INFO] - --------------------------------------------------
[2024-09-04 17:12:34,524][main][INFO] - ::: Processing camera G5Bullet_26 with MAC address F4E2C678D12A :::
[2024-09-04 17:12:34,524][main][INFO] - Source directory: /srv/unifi-protect/video/2024/09/02
[2024-09-04 17:12:34,525][main][INFO] - Destination directory: /volume1/videos/2024-09-02/G5Bullet_26
[2024-09-04 17:12:34,526][main][INFO] - --------------------------------------------------
[2024-09-04 17:12:34,526][main][INFO] - --------------------------------------------------
[2024-09-04 17:13:02,075][main][INFO] - Successfully converted /srv/unifi-protect/video/2024/09/02/F4E2C678D12A_0_rotating_1725229340203.ubv to /volume1/videos/2024-09-02/G5Bullet_26/G5Bullet_26_F4E2C678D12A_2024-09-02_1
[2024-09-04 17:13:24,221][main][INFO] - Successfully converted /srv/unifi-protect/video/2024/09/02/F4E2C678D12A_0_rotating_1725230680321.ubv to /volume1/videos/2024-09-02/G5Bullet_26/G5Bullet_26_F4E2C678D12A_2024-09-02_2
[2024-09-04 17:13:49,713][main][INFO] - Successfully converted /srv/unifi-protect/video/2024/09/02/F4E2C678D12A_0_rotating_1725232175906.ubv to /volume1/videos/2024-09-02/G5Bullet_26/G5Bullet_26_F4E2C678D12A_2024-09-02_3
[2024-09-04 17:14:15,326][main][INFO] - Successfully converted /srv/unifi-protect/video/2024/09/02/F4E2C678D12A_0_rotating_1725233617021.ubv to /volume1/videos/2024-09-02/G5Bullet_26/G5Bullet_26_F4E2C678D12A_2024-09-02_4
[2024-09-04 17:14:38,695][main][INFO] - Successfully converted /srv/unifi-protect/video/2024/09/02/F4E2C678D12A_0_rotating_1725235406861.ubv to /volume1/videos/2024-09-02/G5Bullet_26/G5Bullet_26_F4E2C678D12A_2024-09-02_5
[2024-09-04 17:15:04,563][main][INFO] - Successfully converted /srv/unifi-protect/video/2024/09/02/F4E2C678D12A_0_rotating_1725236992479.ubv to /volume1/videos/2024-09-02/G5Bullet_26/G5Bullet_26_F4E2C678D12A_2024-09-02_6
[2024-09-04 17:15:29,198][main][INFO] - Successfully converted /srv/unifi-protect/video/2024/09/02/F4E2C678D12A_0_rotating_1725238558255.ubv to /volume1/videos/2024-09-02/G5Bullet_26/G5Bullet_26_F4E2C678D12A_2024-09-02_7
[2024-09-04 17:15:55,071][main][INFO] - Successfully converted /srv/unifi-protect/video/2024/09/02/F4E2C678D12A_0_rotating_1725240053454.ubv to /volume1/videos/2024-09-02/G5Bullet_26/G5Bullet_26_F4E2C678D12A_2024-09-02_8
[2024-09-04 17:16:24,681][main][INFO] - Successfully converted /srv/unifi-protect/video/2024/09/02/F4E2C678D12A_0_rotating_1725241534066.ubv to /volume1/videos/2024-09-02/G5Bullet_26/G5Bullet_26_F4E2C678D12A_2024-09-02_9
[2024-09-04 17:16:51,558][main][INFO] - Successfully converted /srv/unifi-protect/video/2024/09/02/F4E2C678D12A_0_rotating_1725242934661.ubv to /volume1/videos/2024-09-02/G5Bullet_26/G5Bullet_26_F4E2C678D12A_2024-09-02_10
[2024-09-04 17:17:18,452][main][INFO] - Successfully converted /srv/unifi-protect/video/2024/09/02/F4E2C678D12A_0_rotating_1725244354982.ubv to /volume1/videos/2024-09-02/G5Bullet_26/G5Bullet_26_F4E2C678D12A_2024-09-02_11
[2024-09-04 17:17:48,419][main][INFO] - Successfully converted /srv/unifi-protect/video/2024/09/02/F4E2C678D12A_0_rotating_1725245805472.ubv to /volume1/videos/2024-09-02/G5Bullet_26/G5Bullet_26_F4E2C678D12A_2024-09-02_12
[2024-09-04 17:18:20,516][main][INFO] - Successfully converted /srv/unifi-protect/video/2024/09/02/F4E2C678D12A_0_rotating_1725247316060.ubv to /volume1/videos/2024-09-02/G5Bullet_26/G5Bullet_26_F4E2C678D12A_2024-09-02_13
[2024-09-04 17:18:49,194][main][INFO] - Successfully converted /srv/unifi-protect/video/2024/09/02/F4E2C678D12A_0_rotating_1725248881456.ubv to /volume1/videos/2024-09-02/G5Bullet_26/G5Bullet_26_F4E2C678D12A_2024-09-02_14
[2024-09-04 17:19:18,090][main][INFO] - Successfully converted /srv/unifi-protect/video/2024/09/02/F4E2C678D12A_0_rotating_1725250541965.ubv to /volume1/videos/2024-09-02/G5Bullet_26/G5Bullet_26_F4E2C678D12A_2024-09-02_15
[2024-09-04 17:19:46,924][main][INFO] - Successfully converted /srv/unifi-protect/video/2024/09/02/F4E2C678D12A_0_rotating_1725252321184.ubv to /volume1/videos/2024-09-02/G5Bullet_26/G5Bullet_26_F4E2C678D12A_2024-09-02_16
[2024-09-04 17:20:16,172][main][INFO] - Successfully converted /srv/unifi-protect/video/2024/09/02/F4E2C678D12A_0_rotating_1725253837961.ubv to /volume1/videos/2024-09-02/G5Bullet_26/G5Bullet_26_F4E2C678D12A_2024-09-02_17
[2024-09-04 17:20:50,663][main][INFO] - Successfully converted /srv/unifi-protect/video/2024/09/02/F4E2C678D12A_0_rotating_1725255304547.ubv to /volume1/videos/2024-09-02/G5Bullet_26/G5Bullet_26_F4E2C678D12A_2024-09-02_18
[2024-09-04 17:21:28,731][main][INFO] - Successfully converted /srv/unifi-protect/video/2024/09/02/F4E2C678D12A_0_rotating_1725256960189.ubv to /volume1/videos/2024-09-02/G5Bullet_26/G5Bullet_26_F4E2C678D12A_2024-09-02_19
[2024-09-04 17:21:51,236][main][INFO] - Successfully converted /srv/unifi-protect/video/2024/09/02/F4E2C678D12A_0_rotating_1725258725642.ubv to /volume1/videos/2024-09-02/G5Bullet_26/G5Bullet_26_F4E2C678D12A_2024-09-02_20
[2024-09-04 17:22:15,868][main][INFO] - Successfully converted /srv/unifi-protect/video/2024/09/02/F4E2C678D12A_0_rotating_1725260517220.ubv to /volume1/videos/2024-09-02/G5Bullet_26/G5Bullet_26_F4E2C678D12A_2024-09-02_21
[2024-09-04 17:22:42,505][main][INFO] - Successfully converted /srv/unifi-protect/video/2024/09/02/F4E2C678D12A_0_rotating_1725262162788.ubv to /volume1/videos/2024-09-02/G5Bullet_26/G5Bullet_26_F4E2C678D12A_2024-09-02_22
[2024-09-04 17:23:06,912][main][INFO] - Successfully converted /srv/unifi-protect/video/2024/09/02/F4E2C678D12A_0_rotating_1725263678631.ubv to /volume1/videos/2024-09-02/G5Bullet_26/G5Bullet_26_F4E2C678D12A_2024-09-02_23
[2024-09-04 17:23:32,926][main][INFO] - Successfully converted /srv/unifi-protect/video/2024/09/02/F4E2C678D12A_0_rotating_1725265213711.ubv to /volume1/videos/2024-09-02/G5Bullet_26/G5Bullet_26_F4E2C678D12A_2024-09-02_24
[2024-09-04 17:23:58,189][main][INFO] - Successfully converted /srv/unifi-protect/video/2024/09/02/F4E2C678D12A_0_rotating_1725266785247.ubv to /volume1/videos/2024-09-02/G5Bullet_26/G5Bullet_26_F4E2C678D12A_2024-09-02_25
[2024-09-04 17:24:19,601][main][INFO] - Successfully converted /srv/unifi-protect/video/2024/09/02/F4E2C678D12A_0_rotating_1725268441088.ubv to /volume1/videos/2024-09-02/G5Bullet_26/G5Bullet_26_F4E2C678D12A_2024-09-02_26
[2024-09-04 17:24:44,724][main][INFO] - Successfully converted /srv/unifi-protect/video/2024/09/02/F4E2C678D12A_0_rotating_1725270071422.ubv to /volume1/videos/2024-09-02/G5Bullet_26/G5Bullet_26_F4E2C678D12A_2024-09-02_27
[2024-09-04 17:25:11,205][main][INFO] - Successfully converted /srv/unifi-protect/video/2024/09/02/F4E2C678D12A_0_rotating_1725271701825.ubv to /volume1/videos/2024-09-02/G5Bullet_26/G5Bullet_26_F4E2C678D12A_2024-09-02_28
[2024-09-04 17:25:37,255][main][INFO] - Successfully converted /srv/unifi-protect/video/2024/09/02/F4E2C678D12A_0_rotating_1725273417389.ubv to /volume1/videos/2024-09-02/G5Bullet_26/G5Bullet_26_F4E2C678D12A_2024-09-02_29
[2024-09-04 17:26:03,448][main][INFO] - Successfully converted /srv/unifi-protect/video/2024/09/02/F4E2C678D12A_0_rotating_1725275243919.ubv to /volume1/videos/2024-09-02/G5Bullet_26/G5Bullet_26_F4E2C678D12A_2024-09-02_30
[2024-09-04 17:26:34,046][main][INFO] - Successfully converted /srv/unifi-protect/video/2024/09/02/F4E2C678D12A_0_rotating_1725276970570.ubv to /volume1/videos/2024-09-02/G5Bullet_26/G5Bullet_26_F4E2C678D12A_2024-09-02_31
[2024-09-04 17:26:59,949][main][INFO] - Successfully converted /srv/unifi-protect/video/2024/09/02/F4E2C678D12A_0_rotating_1725278761390.ubv to /volume1/videos/2024-09-02/G5Bullet_26/G5Bullet_26_F4E2C678D12A_2024-09-02_32
[2024-09-04 17:27:25,791][main][INFO] - Successfully converted /srv/unifi-protect/video/2024/09/02/F4E2C678D12A_0_rotating_1725280436734.ubv to /volume1/videos/2024-09-02/G5Bullet_26/G5Bullet_26_F4E2C678D12A_2024-09-02_33
[2024-09-04 17:27:49,477][main][INFO] - Successfully converted /srv/unifi-protect/video/2024/09/02/F4E2C678D12A_0_rotating_1725282192217.ubv to /volume1/videos/2024-09-02/G5Bullet_26/G5Bullet_26_F4E2C678D12A_2024-09-02_34
[2024-09-04 17:28:14,247][main][INFO] - Successfully converted /srv/unifi-protect/video/2024/09/02/F4E2C678D12A_0_rotating_1725284253837.ubv to /volume1/videos/2024-09-02/G5Bullet_26/G5Bullet_26_F4E2C678D12A_2024-09-02_35
[2024-09-04 17:28:39,900][main][INFO] - Successfully converted /srv/unifi-protect/video/2024/09/02/F4E2C678D12A_0_rotating_1725286161616.ubv to /volume1/videos/2024-09-02/G5Bullet_26/G5Bullet_26_F4E2C678D12A_2024-09-02_36
[2024-09-04 17:29:09,612][main][INFO] - Successfully converted /srv/unifi-protect/video/2024/09/02/F4E2C678D12A_0_rotating_1725288167194.ubv to /volume1/videos/2024-09-02/G5Bullet_26/G5Bullet_26_F4E2C678D12A_2024-09-02_37
[2024-09-04 17:29:36,600][main][INFO] - Successfully converted /srv/unifi-protect/video/2024/09/02/F4E2C678D12A_0_rotating_1725290427995.ubv to /volume1/videos/2024-09-02/G5Bullet_26/G5Bullet_26_F4E2C678D12A_2024-09-02_38
[2024-09-04 17:30:01,978][main][INFO] - Successfully converted /srv/unifi-protect/video/2024/09/02/F4E2C678D12A_0_rotating_1725292874143.ubv to /volume1/videos/2024-09-02/G5Bullet_26/G5Bullet_26_F4E2C678D12A_2024-09-02_39
[2024-09-04 17:30:29,808][main][INFO] - Successfully converted /srv/unifi-protect/video/2024/09/02/F4E2C678D12A_0_rotating_1725295109516.ubv to /volume1/videos/2024-09-02/G5Bullet_26/G5Bullet_26_F4E2C678D12A_2024-09-02_40
[2024-09-04 17:30:58,473][main][INFO] - Successfully converted /srv/unifi-protect/video/2024/09/02/F4E2C678D12A_0_rotating_1725296764077.ubv to /volume1/videos/2024-09-02/G5Bullet_26/G5Bullet_26_F4E2C678D12A_2024-09-02_41
[2024-09-04 17:31:28,976][main][INFO] - Successfully converted /srv/unifi-protect/video/2024/09/02/F4E2C678D12A_0_rotating_1725298694682.ubv to /volume1/videos/2024-09-02/G5Bullet_26/G5Bullet_26_F4E2C678D12A_2024-09-02_42
[2024-09-04 17:31:56,756][main][INFO] - Successfully converted /srv/unifi-protect/video/2024/09/02/F4E2C678D12A_0_rotating_1725301070417.ubv to /volume1/videos/2024-09-02/G5Bullet_26/G5Bullet_26_F4E2C678D12A_2024-09-02_43
[2024-09-04 17:32:27,748][main][INFO] - Successfully converted /srv/unifi-protect/video/2024/09/02/F4E2C678D12A_0_rotating_1725303043018.ubv to /volume1/videos/2024-09-02/G5Bullet_26/G5Bullet_26_F4E2C678D12A_2024-09-02_44
[2024-09-04 17:33:02,986][main][INFO] - Successfully converted /srv/unifi-protect/video/2024/09/02/F4E2C678D12A_0_rotating_1725305581949.ubv to /volume1/videos/2024-09-02/G5Bullet_26/G5Bullet_26_F4E2C678D12A_2024-09-02_45
[2024-09-04 17:33:26,859][main][INFO] - Successfully converted /srv/unifi-protect/video/2024/09/02/F4E2C678D12A_0_rotating_1725308987942.ubv to /volume1/videos/2024-09-02/G5Bullet_26/G5Bullet_26_F4E2C678D12A_2024-09-02_46
[2024-09-04 17:33:53,481][main][INFO] - Successfully converted /srv/unifi-protect/video/2024/09/02/F4E2C678D12A_0_rotating_1725313009555.ubv to /volume1/videos/2024-09-02/G5Bullet_26/G5Bullet_26_F4E2C678D12A_2024-09-02_47
[2024-09-04 17:33:53,484][main][INFO] - --------------------------------------------------
[2024-09-04 17:33:53,485][main][INFO] - --------------------------------------------------
[2024-09-04 17:33:53,485][main][INFO] - ::: Processing camera G5Bullet_27 with MAC address F4E2C678D10D :::
[2024-09-04 17:33:53,486][main][INFO] - Source directory: /srv/unifi-protect/video/2024/09/02
[2024-09-04 17:33:53,486][main][INFO] - Destination directory: /volume1/videos/2024-09-02/G5Bullet_27
[2024-09-04 17:33:53,487][main][INFO] - --------------------------------------------------
[2024-09-04 17:33:53,487][main][INFO] - --------------------------------------------------
[2024-09-04 17:34:17,079][main][INFO] - Successfully converted /srv/unifi-protect/video/2024/09/02/F4E2C678D10D_0_rotating_1725229626817.ubv to /volume1/videos/2024-09-02/G5Bullet_27/G5Bullet_27_F4E2C678D10D_2024-09-02_1
[2024-09-04 17:34:45,374][main][INFO] - Successfully converted /srv/unifi-protect/video/2024/09/02/F4E2C678D10D_0_rotating_1725231124617.ubv to /volume1/videos/2024-09-02/G5Bullet_27/G5Bullet_27_F4E2C678D10D_2024-09-02_2
[2024-09-04 17:35:05,527][main][INFO] - Successfully converted /srv/unifi-protect/video/2024/09/02/F4E2C678D10D_0_rotating_1725232783958.ubv to /volume1/videos/2024-09-02/G5Bullet_27/G5Bullet_27_F4E2C678D10D_2024-09-02_3
[2024-09-04 17:35:30,993][main][INFO] - Successfully converted /srv/unifi-protect/video/2024/09/02/F4E2C678D10D_0_rotating_1725234820073.ubv to /volume1/videos/2024-09-02/G5Bullet_27/G5Bullet_27_F4E2C678D10D_2024-09-02_4
[2024-09-04 17:35:55,706][main][INFO] - Successfully converted /srv/unifi-protect/video/2024/09/02/F4E2C678D10D_0_rotating_1725236985805.ubv to /volume1/videos/2024-09-02/G5Bullet_27/G5Bullet_27_F4E2C678D10D_2024-09-02_5
[2024-09-04 17:36:22,171][main][INFO] - Successfully converted /srv/unifi-protect/video/2024/09/02/F4E2C678D10D_0_rotating_1725238948134.ubv to /volume1/videos/2024-09-02/G5Bullet_27/G5Bullet_27_F4E2C678D10D_2024-09-02_6
[2024-09-04 17:36:49,163][main][INFO] - Successfully converted /srv/unifi-protect/video/2024/09/02/F4E2C678D10D_0_rotating_1725240799051.ubv to /volume1/videos/2024-09-02/G5Bullet_27/G5Bullet_27_F4E2C678D10D_2024-09-02_7
[2024-09-04 17:37:16,698][main][INFO] - Successfully converted /srv/unifi-protect/video/2024/09/02/F4E2C678D10D_0_rotating_1725242668005.ubv to /volume1/videos/2024-09-02/G5Bullet_27/G5Bullet_27_F4E2C678D10D_2024-09-02_8
[2024-09-04 17:37:46,010][main][INFO] - Successfully converted /srv/unifi-protect/video/2024/09/02/F4E2C678D10D_0_rotating_1725244308722.ubv to /volume1/videos/2024-09-02/G5Bullet_27/G5Bullet_27_F4E2C678D10D_2024-09-02_9
[2024-09-04 17:38:21,613][main][INFO] - Successfully converted /srv/unifi-protect/video/2024/09/02/F4E2C678D10D_0_rotating_1725246325621.ubv to /volume1/videos/2024-09-02/G5Bullet_27/G5Bullet_27_F4E2C678D10D_2024-09-02_10
[2024-09-04 17:38:53,553][main][INFO] - Successfully converted /srv/unifi-protect/video/2024/09/02/F4E2C678D10D_0_rotating_1725248305537.ubv to /volume1/videos/2024-09-02/G5Bullet_27/G5Bullet_27_F4E2C678D10D_2024-09-02_11
[2024-09-04 17:39:25,245][main][INFO] - Successfully converted /srv/unifi-protect/video/2024/09/02/F4E2C678D10D_0_rotating_1725250509714.ubv to /volume1/videos/2024-09-02/G5Bullet_27/G5Bullet_27_F4E2C678D10D_2024-09-02_12
[2024-09-04 17:39:54,597][main][INFO] - Successfully converted /srv/unifi-protect/video/2024/09/02/F4E2C678D10D_0_rotating_1725252984547.ubv to /volume1/videos/2024-09-02/G5Bullet_27/G5Bullet_27_F4E2C678D10D_2024-09-02_13
[2024-09-04 17:40:27,788][main][INFO] - Successfully converted /srv/unifi-protect/video/2024/09/02/F4E2C678D10D_0_rotating_1725254769619.ubv to /volume1/videos/2024-09-02/G5Bullet_27/G5Bullet_27_F4E2C678D10D_2024-09-02_14
[2024-09-04 17:40:49,789][main][INFO] - Successfully converted /srv/unifi-protect/video/2024/09/02/F4E2C678D10D_0_rotating_1725256914780.ubv to /volume1/videos/2024-09-02/G5Bullet_27/G5Bullet_27_F4E2C678D10D_2024-09-02_15
[2024-09-04 17:41:06,352][main][INFO] - Successfully converted /srv/unifi-protect/video/2024/09/02/F4E2C678D10D_0_rotating_1725259144825.ubv to /volume1/videos/2024-09-02/G5Bullet_27/G5Bullet_27_F4E2C678D10D_2024-09-02_16
[2024-09-04 17:41:25,720][main][INFO] - Successfully converted /srv/unifi-protect/video/2024/09/02/F4E2C678D10D_0_rotating_1725261034914.ubv to /volume1/videos/2024-09-02/G5Bullet_27/G5Bullet_27_F4E2C678D10D_2024-09-02_17
[2024-09-04 17:41:40,931][main][INFO] - Successfully converted /srv/unifi-protect/video/2024/09/02/F4E2C678D10D_0_rotating_1725262992619.ubv to /volume1/videos/2024-09-02/G5Bullet_27/G5Bullet_27_F4E2C678D10D_2024-09-02_18
[2024-09-04 17:41:54,970][main][INFO] - Successfully converted /srv/unifi-protect/video/2024/09/02/F4E2C678D10D_0_rotating_1725264694196.ubv to /volume1/videos/2024-09-02/G5Bullet_27/G5Bullet_27_F4E2C678D10D_2024-09-02_19
[2024-09-04 17:42:13,012][main][INFO] - Successfully converted /srv/unifi-protect/video/2024/09/02/F4E2C678D10D_0_rotating_1725266294107.ubv to /volume1/videos/2024-09-02/G5Bullet_27/G5Bullet_27_F4E2C678D10D_2024-09-02_20
[2024-09-04 17:42:31,543][main][INFO] - Successfully converted /srv/unifi-protect/video/2024/09/02/F4E2C678D10D_0_rotating_1725267896255.ubv to /volume1/videos/2024-09-02/G5Bullet_27/G5Bullet_27_F4E2C678D10D_2024-09-02_21
[2024-09-04 17:42:49,994][main][INFO] - Successfully converted /srv/unifi-protect/video/2024/09/02/F4E2C678D10D_0_rotating_1725270326319.ubv to /volume1/videos/2024-09-02/G5Bullet_27/G5Bullet_27_F4E2C678D10D_2024-09-02_22
[2024-09-04 17:43:04,888][main][INFO] - Successfully converted /srv/unifi-protect/video/2024/09/02/F4E2C678D10D_0_rotating_1725271963602.ubv to /volume1/videos/2024-09-02/G5Bullet_27/G5Bullet_27_F4E2C678D10D_2024-09-02_23
[2024-09-04 17:43:20,671][main][INFO] - Successfully converted /srv/unifi-protect/video/2024/09/02/F4E2C678D10D_0_rotating_1725273598830.ubv to /volume1/videos/2024-09-02/G5Bullet_27/G5Bullet_27_F4E2C678D10D_2024-09-02_24
[2024-09-04 17:43:40,141][main][INFO] - Successfully converted /srv/unifi-protect/video/2024/09/02/F4E2C678D10D_0_rotating_1725275519397.ubv to /volume1/videos/2024-09-02/G5Bullet_27/G5Bullet_27_F4E2C678D10D_2024-09-02_25
[2024-09-04 17:43:55,500][main][INFO] - Successfully converted /srv/unifi-protect/video/2024/09/02/F4E2C678D10D_0_rotating_1725277180939.ubv to /volume1/videos/2024-09-02/G5Bullet_27/G5Bullet_27_F4E2C678D10D_2024-09-02_26
[2024-09-04 17:44:16,632][main][INFO] - Successfully converted /srv/unifi-protect/video/2024/09/02/F4E2C678D10D_0_rotating_1725278891624.ubv to /volume1/videos/2024-09-02/G5Bullet_27/G5Bullet_27_F4E2C678D10D_2024-09-02_27
[2024-09-04 17:44:35,336][main][INFO] - Successfully converted /srv/unifi-protect/video/2024/09/02/F4E2C678D10D_0_rotating_1725280628571.ubv to /volume1/videos/2024-09-02/G5Bullet_27/G5Bullet_27_F4E2C678D10D_2024-09-02_28
[2024-09-04 17:44:53,153][main][INFO] - Successfully converted /srv/unifi-protect/video/2024/09/02/F4E2C678D10D_0_rotating_1725282353601.ubv to /volume1/videos/2024-09-02/G5Bullet_27/G5Bullet_27_F4E2C678D10D_2024-09-02_29
[2024-09-04 17:45:08,899][main][INFO] - Successfully converted /srv/unifi-protect/video/2024/09/02/F4E2C678D10D_0_rotating_1725284253704.ubv to /volume1/videos/2024-09-02/G5Bullet_27/G5Bullet_27_F4E2C678D10D_2024-09-02_30
[2024-09-04 17:45:24,598][main][INFO] - Successfully converted /srv/unifi-protect/video/2024/09/02/F4E2C678D10D_0_rotating_1725286027223.ubv to /volume1/videos/2024-09-02/G5Bullet_27/G5Bullet_27_F4E2C678D10D_2024-09-02_31
[2024-09-04 17:45:49,491][main][INFO] - Successfully converted /srv/unifi-protect/video/2024/09/02/F4E2C678D10D_0_rotating_1725287966042.ubv to /volume1/videos/2024-09-02/G5Bullet_27/G5Bullet_27_F4E2C678D10D_2024-09-02_32
[2024-09-04 17:46:03,250][main][INFO] - Successfully converted /srv/unifi-protect/video/2024/09/02/F4E2C678D10D_0_rotating_1725290171122.ubv to /volume1/videos/2024-09-02/G5Bullet_27/G5Bullet_27_F4E2C678D10D_2024-09-02_33
[2024-09-04 17:46:17,026][main][INFO] - Successfully converted /srv/unifi-protect/video/2024/09/02/F4E2C678D10D_0_rotating_1725292785970.ubv to /volume1/videos/2024-09-02/G5Bullet_27/G5Bullet_27_F4E2C678D10D_2024-09-02_34
[2024-09-04 17:46:37,697][main][INFO] - Successfully converted /srv/unifi-protect/video/2024/09/02/F4E2C678D10D_0_rotating_1725295395876.ubv to /volume1/videos/2024-09-02/G5Bullet_27/G5Bullet_27_F4E2C678D10D_2024-09-02_35
[2024-09-04 17:46:56,226][main][INFO] - Successfully converted /srv/unifi-protect/video/2024/09/02/F4E2C678D10D_0_rotating_1725297235973.ubv to /volume1/videos/2024-09-02/G5Bullet_27/G5Bullet_27_F4E2C678D10D_2024-09-02_36
[2024-09-04 17:47:16,392][main][INFO] - Successfully converted /srv/unifi-protect/video/2024/09/02/F4E2C678D10D_0_rotating_1725300030885.ubv to /volume1/videos/2024-09-02/G5Bullet_27/G5Bullet_27_F4E2C678D10D_2024-09-02_37
[2024-09-04 17:47:36,277][main][INFO] - Successfully converted /srv/unifi-protect/video/2024/09/02/F4E2C678D10D_0_rotating_1725303245871.ubv to /volume1/videos/2024-09-02/G5Bullet_27/G5Bullet_27_F4E2C678D10D_2024-09-02_38
[2024-09-04 17:47:55,506][main][INFO] - Successfully converted /srv/unifi-protect/video/2024/09/02/F4E2C678D10D_0_rotating_1725306905991.ubv to /volume1/videos/2024-09-02/G5Bullet_27/G5Bullet_27_F4E2C678D10D_2024-09-02_39
[2024-09-04 17:48:17,339][main][INFO] - Successfully converted /srv/unifi-protect/video/2024/09/02/F4E2C678D10D_0_rotating_1725310761003.ubv to /volume1/videos/2024-09-02/G5Bullet_27/G5Bullet_27_F4E2C678D10D_2024-09-02_40
[2024-09-04 17:48:17,343][main][INFO] - --------------------------------------------------
[2024-09-04 17:48:17,344][main][INFO] - --------------------------------------------------
[2024-09-04 17:48:17,345][main][INFO] - ::: Processing camera G5Bullet_31 with MAC address F4E2C678CB5A :::
[2024-09-04 17:48:17,345][main][INFO] - Source directory: /srv/unifi-protect/video/2024/09/02
[2024-09-04 17:48:17,346][main][INFO] - Destination directory: /volume1/videos/2024-09-02/G5Bullet_31
[2024-09-04 17:48:17,348][main][INFO] - --------------------------------------------------
[2024-09-04 17:48:17,349][main][INFO] - --------------------------------------------------
[2024-09-04 17:48:33,854][main][INFO] - Successfully converted /srv/unifi-protect/video/2024/09/02/F4E2C678CB5A_0_rotating_1725230122366.ubv to /volume1/videos/2024-09-02/G5Bullet_31/G5Bullet_31_F4E2C678CB5A_2024-09-02_1
[2024-09-04 17:48:49,705][main][INFO] - Successfully converted /srv/unifi-protect/video/2024/09/02/F4E2C678CB5A_0_rotating_1725232263814.ubv to /volume1/videos/2024-09-02/G5Bullet_31/G5Bullet_31_F4E2C678CB5A_2024-09-02_2
[2024-09-04 17:49:05,968][main][INFO] - Successfully converted /srv/unifi-protect/video/2024/09/02/F4E2C678CB5A_0_rotating_1725234332800.ubv to /volume1/videos/2024-09-02/G5Bullet_31/G5Bullet_31_F4E2C678CB5A_2024-09-02_3
[2024-09-04 17:49:21,854][main][INFO] - Successfully converted /srv/unifi-protect/video/2024/09/02/F4E2C678CB5A_0_rotating_1725236726980.ubv to /volume1/videos/2024-09-02/G5Bullet_31/G5Bullet_31_F4E2C678CB5A_2024-09-02_4
[2024-09-04 17:49:37,749][main][INFO] - Successfully converted /srv/unifi-protect/video/2024/09/02/F4E2C678CB5A_0_rotating_1725238995343.ubv to /volume1/videos/2024-09-02/G5Bullet_31/G5Bullet_31_F4E2C678CB5A_2024-09-02_5
[2024-09-04 17:49:54,197][main][INFO] - Successfully converted /srv/unifi-protect/video/2024/09/02/F4E2C678CB5A_0_rotating_1725241123257.ubv to /volume1/videos/2024-09-02/G5Bullet_31/G5Bullet_31_F4E2C678CB5A_2024-09-02_6
[2024-09-04 17:50:12,252][main][INFO] - Successfully converted /srv/unifi-protect/video/2024/09/02/F4E2C678CB5A_0_rotating_1725243620360.ubv to /volume1/videos/2024-09-02/G5Bullet_31/G5Bullet_31_F4E2C678CB5A_2024-09-02_7
[2024-09-04 17:50:30,068][main][INFO] - Successfully converted /srv/unifi-protect/video/2024/09/02/F4E2C678CB5A_0_rotating_1725245539022.ubv to /volume1/videos/2024-09-02/G5Bullet_31/G5Bullet_31_F4E2C678CB5A_2024-09-02_8
[2024-09-04 17:50:48,499][main][INFO] - Successfully converted /srv/unifi-protect/video/2024/09/02/F4E2C678CB5A_0_rotating_1725247974563.ubv to /volume1/videos/2024-09-02/G5Bullet_31/G5Bullet_31_F4E2C678CB5A_2024-09-02_9
[2024-09-04 17:51:03,690][main][INFO] - Successfully converted /srv/unifi-protect/video/2024/09/02/F4E2C678CB5A_0_rotating_1725250491295.ubv to /volume1/videos/2024-09-02/G5Bullet_31/G5Bullet_31_F4E2C678CB5A_2024-09-02_10
[2024-09-04 17:51:24,705][main][INFO] - Successfully converted /srv/unifi-protect/video/2024/09/02/F4E2C678CB5A_0_rotating_1725253822471.ubv to /volume1/videos/2024-09-02/G5Bullet_31/G5Bullet_31_F4E2C678CB5A_2024-09-02_11
[2024-09-04 17:51:45,096][main][INFO] - Successfully converted /srv/unifi-protect/video/2024/09/02/F4E2C678CB5A_0_rotating_1725256714082.ubv to /volume1/videos/2024-09-02/G5Bullet_31/G5Bullet_31_F4E2C678CB5A_2024-09-02_12
[2024-09-04 17:51:58,811][main][INFO] - Successfully converted /srv/unifi-protect/video/2024/09/02/F4E2C678CB5A_0_rotating_1725259849148.ubv to /volume1/videos/2024-09-02/G5Bullet_31/G5Bullet_31_F4E2C678CB5A_2024-09-02_13
[2024-09-04 17:52:15,295][main][INFO] - Successfully converted /srv/unifi-protect/video/2024/09/02/F4E2C678CB5A_0_rotating_1725262401620.ubv to /volume1/videos/2024-09-02/G5Bullet_31/G5Bullet_31_F4E2C678CB5A_2024-09-02_14
[2024-09-04 17:52:29,538][main][INFO] - Successfully converted /srv/unifi-protect/video/2024/09/02/F4E2C678CB5A_0_rotating_1725264366831.ubv to /volume1/videos/2024-09-02/G5Bullet_31/G5Bullet_31_F4E2C678CB5A_2024-09-02_15
[2024-09-04 17:52:46,903][main][INFO] - Successfully converted /srv/unifi-protect/video/2024/09/02/F4E2C678CB5A_0_rotating_1725266611135.ubv to /volume1/videos/2024-09-02/G5Bullet_31/G5Bullet_31_F4E2C678CB5A_2024-09-02_16
[2024-09-04 17:53:02,072][main][INFO] - Successfully converted /srv/unifi-protect/video/2024/09/02/F4E2C678CB5A_0_rotating_1725268478537.ubv to /volume1/videos/2024-09-02/G5Bullet_31/G5Bullet_31_F4E2C678CB5A_2024-09-02_17
[2024-09-04 17:53:20,553][main][INFO] - Successfully converted /srv/unifi-protect/video/2024/09/02/F4E2C678CB5A_0_rotating_1725270352411.ubv to /volume1/videos/2024-09-02/G5Bullet_31/G5Bullet_31_F4E2C678CB5A_2024-09-02_18
[2024-09-04 17:53:34,244][main][INFO] - Successfully converted /srv/unifi-protect/video/2024/09/02/F4E2C678CB5A_0_rotating_1725272705383.ubv to /volume1/videos/2024-09-02/G5Bullet_31/G5Bullet_31_F4E2C678CB5A_2024-09-02_19
[2024-09-04 17:53:50,973][main][INFO] - Successfully converted /srv/unifi-protect/video/2024/09/02/F4E2C678CB5A_0_rotating_1725275191590.ubv to /volume1/videos/2024-09-02/G5Bullet_31/G5Bullet_31_F4E2C678CB5A_2024-09-02_20
[2024-09-04 17:54:10,306][main][INFO] - Successfully converted /srv/unifi-protect/video/2024/09/02/F4E2C678CB5A_0_rotating_1725277354112.ubv to /volume1/videos/2024-09-02/G5Bullet_31/G5Bullet_31_F4E2C678CB5A_2024-09-02_21
[2024-09-04 17:54:25,365][main][INFO] - Successfully converted /srv/unifi-protect/video/2024/09/02/F4E2C678CB5A_0_rotating_1725279834318.ubv to /volume1/videos/2024-09-02/G5Bullet_31/G5Bullet_31_F4E2C678CB5A_2024-09-02_22
[2024-09-04 17:54:39,574][main][INFO] - Successfully converted /srv/unifi-protect/video/2024/09/02/F4E2C678CB5A_0_rotating_1725282028877.ubv to /volume1/videos/2024-09-02/G5Bullet_31/G5Bullet_31_F4E2C678CB5A_2024-09-02_23
[2024-09-04 17:54:54,733][main][INFO] - Successfully converted /srv/unifi-protect/video/2024/09/02/F4E2C678CB5A_0_rotating_1725284816851.ubv to /volume1/videos/2024-09-02/G5Bullet_31/G5Bullet_31_F4E2C678CB5A_2024-09-02_24
[2024-09-04 17:55:10,078][main][INFO] - Successfully converted /srv/unifi-protect/video/2024/09/02/F4E2C678CB5A_0_rotating_1725287478957.ubv to /volume1/videos/2024-09-02/G5Bullet_31/G5Bullet_31_F4E2C678CB5A_2024-09-02_25
[2024-09-04 17:55:31,226][main][INFO] - Successfully converted /srv/unifi-protect/video/2024/09/02/F4E2C678CB5A_0_rotating_1725290645817.ubv to /volume1/videos/2024-09-02/G5Bullet_31/G5Bullet_31_F4E2C678CB5A_2024-09-02_26
[2024-09-04 17:55:46,036][main][INFO] - Successfully converted /srv/unifi-protect/video/2024/09/02/F4E2C678CB5A_0_rotating_1725294397815.ubv to /volume1/videos/2024-09-02/G5Bullet_31/G5Bullet_31_F4E2C678CB5A_2024-09-02_27
[2024-09-04 17:56:05,056][main][INFO] - Successfully converted /srv/unifi-protect/video/2024/09/02/F4E2C678CB5A_0_rotating_1725297222151.ubv to /volume1/videos/2024-09-02/G5Bullet_31/G5Bullet_31_F4E2C678CB5A_2024-09-02_28
[2024-09-04 17:56:26,484][main][INFO] - Successfully converted /srv/unifi-protect/video/2024/09/02/F4E2C678CB5A_0_rotating_1725300680471.ubv to /volume1/videos/2024-09-02/G5Bullet_31/G5Bullet_31_F4E2C678CB5A_2024-09-02_29
[2024-09-04 17:56:50,169][main][INFO] - Successfully converted /srv/unifi-protect/video/2024/09/02/F4E2C678CB5A_0_rotating_1725304932608.ubv to /volume1/videos/2024-09-02/G5Bullet_31/G5Bullet_31_F4E2C678CB5A_2024-09-02_30
[2024-09-04 17:57:05,734][main][INFO] - Successfully converted /srv/unifi-protect/video/2024/09/02/F4E2C678CB5A_0_rotating_1725309682646.ubv to /volume1/videos/2024-09-02/G5Bullet_31/G5Bullet_31_F4E2C678CB5A_2024-09-02_31
[2024-09-04 17:57:05,736][main][INFO] - --------------------------------------------------
[2024-09-04 17:57:05,737][main][INFO] - --------------------------------------------------
[2024-09-04 17:57:05,737][main][INFO] - ::: Processing camera G5Bullet_32 with MAC address F4E2C678CCB4 :::
[2024-09-04 17:57:05,737][main][INFO] - Source directory: /srv/unifi-protect/video/2024/09/02
[2024-09-04 17:57:05,738][main][INFO] - Destination directory: /volume1/videos/2024-09-02/G5Bullet_32
[2024-09-04 17:57:05,738][main][INFO] - --------------------------------------------------
[2024-09-04 17:57:05,738][main][INFO] - --------------------------------------------------
[2024-09-04 17:57:23,949][main][INFO] - Successfully converted /srv/unifi-protect/video/2024/09/02/F4E2C678CCB4_0_rotating_1725228166671.ubv to /volume1/videos/2024-09-02/G5Bullet_32/G5Bullet_32_F4E2C678CCB4_2024-09-02_1
[2024-09-04 17:57:41,493][main][INFO] - Successfully converted /srv/unifi-protect/video/2024/09/02/F4E2C678CCB4_0_rotating_1725229784503.ubv to /volume1/videos/2024-09-02/G5Bullet_32/G5Bullet_32_F4E2C678CCB4_2024-09-02_2
[2024-09-04 17:58:00,899][main][INFO] - Successfully converted /srv/unifi-protect/video/2024/09/02/F4E2C678CCB4_0_rotating_1725231442559.ubv to /volume1/videos/2024-09-02/G5Bullet_32/G5Bullet_32_F4E2C678CCB4_2024-09-02_3
[2024-09-04 17:58:15,756][main][INFO] - Successfully converted /srv/unifi-protect/video/2024/09/02/F4E2C678CCB4_0_rotating_1725233423342.ubv to /volume1/videos/2024-09-02/G5Bullet_32/G5Bullet_32_F4E2C678CCB4_2024-09-02_4
[2024-09-04 17:58:33,056][main][INFO] - Successfully converted /srv/unifi-protect/video/2024/09/02/F4E2C678CCB4_0_rotating_1725236044020.ubv to /volume1/videos/2024-09-02/G5Bullet_32/G5Bullet_32_F4E2C678CCB4_2024-09-02_5
[2024-09-04 17:58:49,902][main][INFO] - Successfully converted /srv/unifi-protect/video/2024/09/02/F4E2C678CCB4_0_rotating_1725238341032.ubv to /volume1/videos/2024-09-02/G5Bullet_32/G5Bullet_32_F4E2C678CCB4_2024-09-02_6
[2024-09-04 17:59:05,321][main][INFO] - Successfully converted /srv/unifi-protect/video/2024/09/02/F4E2C678CCB4_0_rotating_1725240595689.ubv to /volume1/videos/2024-09-02/G5Bullet_32/G5Bullet_32_F4E2C678CCB4_2024-09-02_7
[2024-09-04 17:59:18,849][main][INFO] - Successfully converted /srv/unifi-protect/video/2024/09/02/F4E2C678CCB4_0_rotating_1725242666375.ubv to /volume1/videos/2024-09-02/G5Bullet_32/G5Bullet_32_F4E2C678CCB4_2024-09-02_8
[2024-09-04 17:59:32,809][main][INFO] - Successfully converted /srv/unifi-protect/video/2024/09/02/F4E2C678CCB4_0_rotating_1725244707120.ubv to /volume1/videos/2024-09-02/G5Bullet_32/G5Bullet_32_F4E2C678CCB4_2024-09-02_9
[2024-09-04 17:59:49,806][main][INFO] - Successfully converted /srv/unifi-protect/video/2024/09/02/F4E2C678CCB4_0_rotating_1725246953072.ubv to /volume1/videos/2024-09-02/G5Bullet_32/G5Bullet_32_F4E2C678CCB4_2024-09-02_10
[2024-09-04 18:00:06,122][main][INFO] - Successfully converted /srv/unifi-protect/video/2024/09/02/F4E2C678CCB4_0_rotating_1725249618662.ubv to /volume1/videos/2024-09-02/G5Bullet_32/G5Bullet_32_F4E2C678CCB4_2024-09-02_11
[2024-09-04 18:00:25,067][main][INFO] - Successfully converted /srv/unifi-protect/video/2024/09/02/F4E2C678CCB4_0_rotating_1725252955061.ubv to /volume1/videos/2024-09-02/G5Bullet_32/G5Bullet_32_F4E2C678CCB4_2024-09-02_12
[2024-09-04 18:00:43,604][main][INFO] - Successfully converted /srv/unifi-protect/video/2024/09/02/F4E2C678CCB4_0_rotating_1725255505857.ubv to /volume1/videos/2024-09-02/G5Bullet_32/G5Bullet_32_F4E2C678CCB4_2024-09-02_13
[2024-09-04 18:00:58,673][main][INFO] - Successfully converted /srv/unifi-protect/video/2024/09/02/F4E2C678CCB4_0_rotating_1725258456651.ubv to /volume1/videos/2024-09-02/G5Bullet_32/G5Bullet_32_F4E2C678CCB4_2024-09-02_14
[2024-09-04 18:01:14,750][main][INFO] - Successfully converted /srv/unifi-protect/video/2024/09/02/F4E2C678CCB4_0_rotating_1725261077849.ubv to /volume1/videos/2024-09-02/G5Bullet_32/G5Bullet_32_F4E2C678CCB4_2024-09-02_15
[2024-09-04 18:01:32,740][main][INFO] - Successfully converted /srv/unifi-protect/video/2024/09/02/F4E2C678CCB4_0_rotating_1725262938440.ubv to /volume1/videos/2024-09-02/G5Bullet_32/G5Bullet_32_F4E2C678CCB4_2024-09-02_16
[2024-09-04 18:01:45,959][main][INFO] - Successfully converted /srv/unifi-protect/video/2024/09/02/F4E2C678CCB4_0_rotating_1725264733959.ubv to /volume1/videos/2024-09-02/G5Bullet_32/G5Bullet_32_F4E2C678CCB4_2024-09-02_17
[2024-09-04 18:02:01,374][main][INFO] - Successfully converted /srv/unifi-protect/video/2024/09/02/F4E2C678CCB4_0_rotating_1725266719531.ubv to /volume1/videos/2024-09-02/G5Bullet_32/G5Bullet_32_F4E2C678CCB4_2024-09-02_18
[2024-09-04 18:02:14,811][main][INFO] - Successfully converted /srv/unifi-protect/video/2024/09/02/F4E2C678CCB4_0_rotating_1725268655544.ubv to /volume1/videos/2024-09-02/G5Bullet_32/G5Bullet_32_F4E2C678CCB4_2024-09-02_19
[2024-09-04 18:02:32,059][main][INFO] - Successfully converted /srv/unifi-protect/video/2024/09/02/F4E2C678CCB4_0_rotating_1725270520922.ubv to /volume1/videos/2024-09-02/G5Bullet_32/G5Bullet_32_F4E2C678CCB4_2024-09-02_20
[2024-09-04 18:02:48,243][main][INFO] - Successfully converted /srv/unifi-protect/video/2024/09/02/F4E2C678CCB4_0_rotating_1725272566583.ubv to /volume1/videos/2024-09-02/G5Bullet_32/G5Bullet_32_F4E2C678CCB4_2024-09-02_21
[2024-09-04 18:03:05,164][main][INFO] - Successfully converted /srv/unifi-protect/video/2024/09/02/F4E2C678CCB4_0_rotating_1725274624793.ubv to /volume1/videos/2024-09-02/G5Bullet_32/G5Bullet_32_F4E2C678CCB4_2024-09-02_22
[2024-09-04 18:03:24,424][main][INFO] - Successfully converted /srv/unifi-protect/video/2024/09/02/F4E2C678CCB4_0_rotating_1725276817897.ubv to /volume1/videos/2024-09-02/G5Bullet_32/G5Bullet_32_F4E2C678CCB4_2024-09-02_23
[2024-09-04 18:03:44,478][main][INFO] - Successfully converted /srv/unifi-protect/video/2024/09/02/F4E2C678CCB4_0_rotating_1725279043875.ubv to /volume1/videos/2024-09-02/G5Bullet_32/G5Bullet_32_F4E2C678CCB4_2024-09-02_24
[2024-09-04 18:04:01,406][main][INFO] - Successfully converted /srv/unifi-protect/video/2024/09/02/F4E2C678CCB4_0_rotating_1725281084595.ubv to /volume1/videos/2024-09-02/G5Bullet_32/G5Bullet_32_F4E2C678CCB4_2024-09-02_25
[2024-09-04 18:04:15,414][main][INFO] - Successfully converted /srv/unifi-protect/video/2024/09/02/F4E2C678CCB4_0_rotating_1725283495367.ubv to /volume1/videos/2024-09-02/G5Bullet_32/G5Bullet_32_F4E2C678CCB4_2024-09-02_26
[2024-09-04 18:04:29,817][main][INFO] - Successfully converted /srv/unifi-protect/video/2024/09/02/F4E2C678CCB4_0_rotating_1725285811181.ubv to /volume1/videos/2024-09-02/G5Bullet_32/G5Bullet_32_F4E2C678CCB4_2024-09-02_27
[2024-09-04 18:04:53,911][main][INFO] - Successfully converted /srv/unifi-protect/video/2024/09/02/F4E2C678CCB4_0_rotating_1725288354052.ubv to /volume1/videos/2024-09-02/G5Bullet_32/G5Bullet_32_F4E2C678CCB4_2024-09-02_28
[2024-09-04 18:05:09,389][main][INFO] - Successfully converted /srv/unifi-protect/video/2024/09/02/F4E2C678CCB4_0_rotating_1725291703610.ubv to /volume1/videos/2024-09-02/G5Bullet_32/G5Bullet_32_F4E2C678CCB4_2024-09-02_29
[2024-09-04 18:05:30,135][main][INFO] - Successfully converted /srv/unifi-protect/video/2024/09/02/F4E2C678CCB4_0_rotating_1725295224813.ubv to /volume1/videos/2024-09-02/G5Bullet_32/G5Bullet_32_F4E2C678CCB4_2024-09-02_30
[2024-09-04 18:05:50,003][main][INFO] - Successfully converted /srv/unifi-protect/video/2024/09/02/F4E2C678CCB4_0_rotating_1725298300819.ubv to /volume1/videos/2024-09-02/G5Bullet_32/G5Bullet_32_F4E2C678CCB4_2024-09-02_31
[2024-09-04 18:06:15,350][main][INFO] - Successfully converted /srv/unifi-protect/video/2024/09/02/F4E2C678CCB4_0_rotating_1725301927609.ubv to /volume1/videos/2024-09-02/G5Bullet_32/G5Bullet_32_F4E2C678CCB4_2024-09-02_32
[2024-09-04 18:06:28,494][main][INFO] - Successfully converted /srv/unifi-protect/video/2024/09/02/F4E2C678CCB4_0_rotating_1725306508576.ubv to /volume1/videos/2024-09-02/G5Bullet_32/G5Bullet_32_F4E2C678CCB4_2024-09-02_33
[2024-09-04 18:06:42,655][main][INFO] - Successfully converted /srv/unifi-protect/video/2024/09/02/F4E2C678CCB4_0_rotating_1725311395258.ubv to /volume1/videos/2024-09-02/G5Bullet_32/G5Bullet_32_F4E2C678CCB4_2024-09-02_34
[2024-09-04 18:06:42,658][main][INFO] - --------------------------------------------------
[2024-09-04 18:06:42,659][main][INFO] - --------------------------------------------------
[2024-09-04 18:06:42,660][main][INFO] - ::: Processing camera G5Bullet_34 with MAC address F4E2C678CBF2 :::
[2024-09-04 18:06:42,661][main][INFO] - Source directory: /srv/unifi-protect/video/2024/09/02
[2024-09-04 18:06:42,662][main][INFO] - Destination directory: /volume1/videos/2024-09-02/G5Bullet_34
[2024-09-04 18:06:42,663][main][INFO] - --------------------------------------------------
[2024-09-04 18:06:42,664][main][INFO] - --------------------------------------------------
[2024-09-04 18:06:56,707][main][INFO] - Successfully converted /srv/unifi-protect/video/2024/09/02/F4E2C678CBF2_0_rotating_1725229057728.ubv to /volume1/videos/2024-09-02/G5Bullet_34/G5Bullet_34_F4E2C678CBF2_2024-09-02_1
[2024-09-04 18:07:17,400][main][INFO] - Successfully converted /srv/unifi-protect/video/2024/09/02/F4E2C678CBF2_0_rotating_1725231148712.ubv to /volume1/videos/2024-09-02/G5Bullet_34/G5Bullet_34_F4E2C678CBF2_2024-09-02_2
[2024-09-04 18:07:35,843][main][INFO] - Successfully converted /srv/unifi-protect/video/2024/09/02/F4E2C678CBF2_0_rotating_1725232856571.ubv to /volume1/videos/2024-09-02/G5Bullet_34/G5Bullet_34_F4E2C678CBF2_2024-09-02_3
[2024-09-04 18:07:51,787][main][INFO] - Successfully converted /srv/unifi-protect/video/2024/09/02/F4E2C678CBF2_0_rotating_1725234742210.ubv to /volume1/videos/2024-09-02/G5Bullet_34/G5Bullet_34_F4E2C678CBF2_2024-09-02_4
[2024-09-04 18:08:07,888][main][INFO] - Successfully converted /srv/unifi-protect/video/2024/09/02/F4E2C678CBF2_0_rotating_1725236833989.ubv to /volume1/videos/2024-09-02/G5Bullet_34/G5Bullet_34_F4E2C678CBF2_2024-09-02_5
[2024-09-04 18:08:24,486][main][INFO] - Successfully converted /srv/unifi-protect/video/2024/09/02/F4E2C678CBF2_0_rotating_1725238817729.ubv to /volume1/videos/2024-09-02/G5Bullet_34/G5Bullet_34_F4E2C678CBF2_2024-09-02_6
[2024-09-04 18:08:39,992][main][INFO] - Successfully converted /srv/unifi-protect/video/2024/09/02/F4E2C678CBF2_0_rotating_1725240792223.ubv to /volume1/videos/2024-09-02/G5Bullet_34/G5Bullet_34_F4E2C678CBF2_2024-09-02_7
[2024-09-04 18:08:58,351][main][INFO] - Successfully converted /srv/unifi-protect/video/2024/09/02/F4E2C678CBF2_0_rotating_1725242865857.ubv to /volume1/videos/2024-09-02/G5Bullet_34/G5Bullet_34_F4E2C678CBF2_2024-09-02_8
[2024-09-04 18:09:14,674][main][INFO] - Successfully converted /srv/unifi-protect/video/2024/09/02/F4E2C678CBF2_0_rotating_1725245004153.ubv to /volume1/videos/2024-09-02/G5Bullet_34/G5Bullet_34_F4E2C678CBF2_2024-09-02_9
[2024-09-04 18:09:31,463][main][INFO] - Successfully converted /srv/unifi-protect/video/2024/09/02/F4E2C678CBF2_0_rotating_1725247166412.ubv to /volume1/videos/2024-09-02/G5Bullet_34/G5Bullet_34_F4E2C678CBF2_2024-09-02_10
[2024-09-04 18:09:49,209][main][INFO] - Successfully converted /srv/unifi-protect/video/2024/09/02/F4E2C678CBF2_0_rotating_1725249611529.ubv to /volume1/videos/2024-09-02/G5Bullet_34/G5Bullet_34_F4E2C678CBF2_2024-09-02_11
[2024-09-04 18:10:05,482][main][INFO] - Successfully converted /srv/unifi-protect/video/2024/09/02/F4E2C678CBF2_0_rotating_1725253026513.ubv to /volume1/videos/2024-09-02/G5Bullet_34/G5Bullet_34_F4E2C678CBF2_2024-09-02_12
[2024-09-04 18:10:27,627][main][INFO] - Successfully converted /srv/unifi-protect/video/2024/09/02/F4E2C678CBF2_0_rotating_1725255876372.ubv to /volume1/videos/2024-09-02/G5Bullet_34/G5Bullet_34_F4E2C678CBF2_2024-09-02_13
[2024-09-04 18:10:40,971][main][INFO] - Successfully converted /srv/unifi-protect/video/2024/09/02/F4E2C678CBF2_0_rotating_1725258871331.ubv to /volume1/videos/2024-09-02/G5Bullet_34/G5Bullet_34_F4E2C678CBF2_2024-09-02_14
[2024-09-04 18:10:58,545][main][INFO] - Successfully converted /srv/unifi-protect/video/2024/09/02/F4E2C678CBF2_0_rotating_1725261571388.ubv to /volume1/videos/2024-09-02/G5Bullet_34/G5Bullet_34_F4E2C678CBF2_2024-09-02_15
[2024-09-04 18:11:11,497][main][INFO] - Successfully converted /srv/unifi-protect/video/2024/09/02/F4E2C678CBF2_0_rotating_1725263561741.ubv to /volume1/videos/2024-09-02/G5Bullet_34/G5Bullet_34_F4E2C678CBF2_2024-09-02_16
[2024-09-04 18:11:26,307][main][INFO] - Successfully converted /srv/unifi-protect/video/2024/09/02/F4E2C678CBF2_0_rotating_1725265321700.ubv to /volume1/videos/2024-09-02/G5Bullet_34/G5Bullet_34_F4E2C678CBF2_2024-09-02_17
[2024-09-04 18:11:40,108][main][INFO] - Successfully converted /srv/unifi-protect/video/2024/09/02/F4E2C678CBF2_0_rotating_1725267061551.ubv to /volume1/videos/2024-09-02/G5Bullet_34/G5Bullet_34_F4E2C678CBF2_2024-09-02_18
[2024-09-04 18:11:57,209][main][INFO] - Successfully converted /srv/unifi-protect/video/2024/09/02/F4E2C678CBF2_0_rotating_1725269042872.ubv to /volume1/videos/2024-09-02/G5Bullet_34/G5Bullet_34_F4E2C678CBF2_2024-09-02_19
[2024-09-04 18:12:12,950][main][INFO] - Successfully converted /srv/unifi-protect/video/2024/09/02/F4E2C678CBF2_0_rotating_1725270833379.ubv to /volume1/videos/2024-09-02/G5Bullet_34/G5Bullet_34_F4E2C678CBF2_2024-09-02_20
[2024-09-04 18:12:33,132][main][INFO] - Successfully converted /srv/unifi-protect/video/2024/09/02/F4E2C678CBF2_0_rotating_1725272758949.ubv to /volume1/videos/2024-09-02/G5Bullet_34/G5Bullet_34_F4E2C678CBF2_2024-09-02_21
[2024-09-04 18:12:49,420][main][INFO] - Successfully converted /srv/unifi-protect/video/2024/09/02/F4E2C678CBF2_0_rotating_1725274843152.ubv to /volume1/videos/2024-09-02/G5Bullet_34/G5Bullet_34_F4E2C678CBF2_2024-09-02_22
[2024-09-04 18:13:04,587][main][INFO] - Successfully converted /srv/unifi-protect/video/2024/09/02/F4E2C678CBF2_0_rotating_1725276708429.ubv to /volume1/videos/2024-09-02/G5Bullet_34/G5Bullet_34_F4E2C678CBF2_2024-09-02_23
[2024-09-04 18:13:25,334][main][INFO] - Successfully converted /srv/unifi-protect/video/2024/09/02/F4E2C678CBF2_0_rotating_1725278939584.ubv to /volume1/videos/2024-09-02/G5Bullet_34/G5Bullet_34_F4E2C678CBF2_2024-09-02_24
[2024-09-04 18:13:39,866][main][INFO] - Successfully converted /srv/unifi-protect/video/2024/09/02/F4E2C678CBF2_0_rotating_1725280754834.ubv to /volume1/videos/2024-09-02/G5Bullet_34/G5Bullet_34_F4E2C678CBF2_2024-09-02_25
[2024-09-04 18:13:52,914][main][INFO] - Successfully converted /srv/unifi-protect/video/2024/09/02/F4E2C678CBF2_0_rotating_1725283040179.ubv to /volume1/videos/2024-09-02/G5Bullet_34/G5Bullet_34_F4E2C678CBF2_2024-09-02_26
[2024-09-04 18:14:08,459][main][INFO] - Successfully converted /srv/unifi-protect/video/2024/09/02/F4E2C678CBF2_0_rotating_1725285250235.ubv to /volume1/videos/2024-09-02/G5Bullet_34/G5Bullet_34_F4E2C678CBF2_2024-09-02_27
[2024-09-04 18:14:25,166][main][INFO] - Successfully converted /srv/unifi-protect/video/2024/09/02/F4E2C678CBF2_0_rotating_1725287510143.ubv to /volume1/videos/2024-09-02/G5Bullet_34/G5Bullet_34_F4E2C678CBF2_2024-09-02_28
[2024-09-04 18:14:40,307][main][INFO] - Successfully converted /srv/unifi-protect/video/2024/09/02/F4E2C678CBF2_0_rotating_1725290255429.ubv to /volume1/videos/2024-09-02/G5Bullet_34/G5Bullet_34_F4E2C678CBF2_2024-09-02_29
[2024-09-04 18:14:55,685][main][INFO] - Successfully converted /srv/unifi-protect/video/2024/09/02/F4E2C678CBF2_0_rotating_1725293465204.ubv to /volume1/videos/2024-09-02/G5Bullet_34/G5Bullet_34_F4E2C678CBF2_2024-09-02_30
[2024-09-04 18:15:12,428][main][INFO] - Successfully converted /srv/unifi-protect/video/2024/09/02/F4E2C678CBF2_0_rotating_1725296415479.ubv to /volume1/videos/2024-09-02/G5Bullet_34/G5Bullet_34_F4E2C678CBF2_2024-09-02_31
[2024-09-04 18:15:31,683][main][INFO] - Successfully converted /srv/unifi-protect/video/2024/09/02/F4E2C678CBF2_0_rotating_1725299880078.ubv to /volume1/videos/2024-09-02/G5Bullet_34/G5Bullet_34_F4E2C678CBF2_2024-09-02_32
[2024-09-04 18:15:48,504][main][INFO] - Successfully converted /srv/unifi-protect/video/2024/09/02/F4E2C678CBF2_0_rotating_1725303385317.ubv to /volume1/videos/2024-09-02/G5Bullet_34/G5Bullet_34_F4E2C678CBF2_2024-09-02_33
[2024-09-04 18:16:06,011][main][INFO] - Successfully converted /srv/unifi-protect/video/2024/09/02/F4E2C678CBF2_0_rotating_1725307585201.ubv to /volume1/videos/2024-09-02/G5Bullet_34/G5Bullet_34_F4E2C678CBF2_2024-09-02_34
[2024-09-04 18:16:21,519][main][INFO] - Successfully converted /srv/unifi-protect/video/2024/09/02/F4E2C678CBF2_0_rotating_1725312020304.ubv to /volume1/videos/2024-09-02/G5Bullet_34/G5Bullet_34_F4E2C678CBF2_2024-09-02_35
[2024-09-04 18:16:21,521][main][INFO] - --------------------------------------------------
[2024-09-04 18:16:21,522][main][INFO] - --------------------------------------------------
[2024-09-04 18:16:21,522][main][INFO] - ::: Processing camera G5Bullet_36 with MAC address F4E2C678CBBE :::
[2024-09-04 18:16:21,522][main][INFO] - Source directory: /srv/unifi-protect/video/2024/09/02
[2024-09-04 18:16:21,523][main][INFO] - Destination directory: /volume1/videos/2024-09-02/G5Bullet_36
[2024-09-04 18:16:21,523][main][INFO] - --------------------------------------------------
[2024-09-04 18:16:21,523][main][INFO] - --------------------------------------------------
[2024-09-04 18:16:35,414][main][INFO] - Successfully converted /srv/unifi-protect/video/2024/09/02/F4E2C678CBBE_0_rotating_1725228253863.ubv to /volume1/videos/2024-09-02/G5Bullet_36/G5Bullet_36_F4E2C678CBBE_2024-09-02_1
[2024-09-04 18:16:48,402][main][INFO] - Successfully converted /srv/unifi-protect/video/2024/09/02/F4E2C678CBBE_0_rotating_1725230434744.ubv to /volume1/videos/2024-09-02/G5Bullet_36/G5Bullet_36_F4E2C678CBBE_2024-09-02_2
[2024-09-04 18:17:06,824][main][INFO] - Successfully converted /srv/unifi-protect/video/2024/09/02/F4E2C678CBBE_0_rotating_1725231825755.ubv to /volume1/videos/2024-09-02/G5Bullet_36/G5Bullet_36_F4E2C678CBBE_2024-09-02_3
[2024-09-04 18:17:26,027][main][INFO] - Successfully converted /srv/unifi-protect/video/2024/09/02/F4E2C678CBBE_0_rotating_1725233686710.ubv to /volume1/videos/2024-09-02/G5Bullet_36/G5Bullet_36_F4E2C678CBBE_2024-09-02_4
[2024-09-04 18:17:40,256][main][INFO] - Successfully converted /srv/unifi-protect/video/2024/09/02/F4E2C678CBBE_0_rotating_1725235446528.ubv to /volume1/videos/2024-09-02/G5Bullet_36/G5Bullet_36_F4E2C678CBBE_2024-09-02_5
[2024-09-04 18:17:57,435][main][INFO] - Successfully converted /srv/unifi-protect/video/2024/09/02/F4E2C678CBBE_0_rotating_1725237118092.ubv to /volume1/videos/2024-09-02/G5Bullet_36/G5Bullet_36_F4E2C678CBBE_2024-09-02_6
[2024-09-04 18:18:15,303][main][INFO] - Successfully converted /srv/unifi-protect/video/2024/09/02/F4E2C678CBBE_0_rotating_1725238898964.ubv to /volume1/videos/2024-09-02/G5Bullet_36/G5Bullet_36_F4E2C678CBBE_2024-09-02_7
[2024-09-04 18:18:35,815][main][INFO] - Successfully converted /srv/unifi-protect/video/2024/09/02/F4E2C678CBBE_0_rotating_1725240859721.ubv to /volume1/videos/2024-09-02/G5Bullet_36/G5Bullet_36_F4E2C678CBBE_2024-09-02_8
[2024-09-04 18:18:49,937][main][INFO] - Successfully converted /srv/unifi-protect/video/2024/09/02/F4E2C678CBBE_0_rotating_1725243296535.ubv to /volume1/videos/2024-09-02/G5Bullet_36/G5Bullet_36_F4E2C678CBBE_2024-09-02_9
[2024-09-04 18:19:06,048][main][INFO] - Successfully converted /srv/unifi-protect/video/2024/09/02/F4E2C678CBBE_0_rotating_1725244882423.ubv to /volume1/videos/2024-09-02/G5Bullet_36/G5Bullet_36_F4E2C678CBBE_2024-09-02_10
[2024-09-04 18:19:22,514][main][INFO] - Successfully converted /srv/unifi-protect/video/2024/09/02/F4E2C678CBBE_0_rotating_1725246456005.ubv to /volume1/videos/2024-09-02/G5Bullet_36/G5Bullet_36_F4E2C678CBBE_2024-09-02_11
[2024-09-04 18:19:40,956][main][INFO] - Successfully converted /srv/unifi-protect/video/2024/09/02/F4E2C678CBBE_0_rotating_1725247939650.ubv to /volume1/videos/2024-09-02/G5Bullet_36/G5Bullet_36_F4E2C678CBBE_2024-09-02_12
[2024-09-04 18:19:55,045][main][INFO] - Successfully converted /srv/unifi-protect/video/2024/09/02/F4E2C678CBBE_0_rotating_1725249415271.ubv to /volume1/videos/2024-09-02/G5Bullet_36/G5Bullet_36_F4E2C678CBBE_2024-09-02_13
[2024-09-04 18:20:13,623][main][INFO] - Successfully converted /srv/unifi-protect/video/2024/09/02/F4E2C678CBBE_0_rotating_1725251190020.ubv to /volume1/videos/2024-09-02/G5Bullet_36/G5Bullet_36_F4E2C678CBBE_2024-09-02_14
[2024-09-04 18:20:31,504][main][INFO] - Successfully converted /srv/unifi-protect/video/2024/09/02/F4E2C678CBBE_0_rotating_1725252871700.ubv to /volume1/videos/2024-09-02/G5Bullet_36/G5Bullet_36_F4E2C678CBBE_2024-09-02_15
[2024-09-04 18:20:47,842][main][INFO] - Successfully converted /srv/unifi-protect/video/2024/09/02/F4E2C678CBBE_0_rotating_1725254314315.ubv to /volume1/videos/2024-09-02/G5Bullet_36/G5Bullet_36_F4E2C678CBBE_2024-09-02_16
[2024-09-04 18:21:09,585][main][INFO] - Successfully converted /srv/unifi-protect/video/2024/09/02/F4E2C678CBBE_0_rotating_1725255878690.ubv to /volume1/videos/2024-09-02/G5Bullet_36/G5Bullet_36_F4E2C678CBBE_2024-09-02_17
[2024-09-04 18:21:24,449][main][INFO] - Successfully converted /srv/unifi-protect/video/2024/09/02/F4E2C678CBBE_0_rotating_1725257418607.ubv to /volume1/videos/2024-09-02/G5Bullet_36/G5Bullet_36_F4E2C678CBBE_2024-09-02_18
[2024-09-04 18:21:38,010][main][INFO] - Successfully converted /srv/unifi-protect/video/2024/09/02/F4E2C678CBBE_0_rotating_1725259052124.ubv to /volume1/videos/2024-09-02/G5Bullet_36/G5Bullet_36_F4E2C678CBBE_2024-09-02_19
[2024-09-04 18:21:50,729][main][INFO] - Successfully converted /srv/unifi-protect/video/2024/09/02/F4E2C678CBBE_0_rotating_1725260856179.ubv to /volume1/videos/2024-09-02/G5Bullet_36/G5Bullet_36_F4E2C678CBBE_2024-09-02_20
[2024-09-04 18:21:55,198][main][INFO] - Successfully converted /srv/unifi-protect/video/2024/09/02/F4E2C678CBBE_0_rotating_1725262930895.ubv to /volume1/videos/2024-09-02/G5Bullet_36/G5Bullet_36_F4E2C678CBBE_2024-09-02_21
[2024-09-04 18:22:08,787][main][INFO] - Successfully converted /srv/unifi-protect/video/2024/09/02/F4E2C678CBBE_0_rotating_1725265524396.ubv to /volume1/videos/2024-09-02/G5Bullet_36/G5Bullet_36_F4E2C678CBBE_2024-09-02_22
[2024-09-04 18:22:24,262][main][INFO] - Successfully converted /srv/unifi-protect/video/2024/09/02/F4E2C678CBBE_0_rotating_1725267403848.ubv to /volume1/videos/2024-09-02/G5Bullet_36/G5Bullet_36_F4E2C678CBBE_2024-09-02_23
[2024-09-04 18:22:42,694][main][INFO] - Successfully converted /srv/unifi-protect/video/2024/09/02/F4E2C678CBBE_0_rotating_1725269032657.ubv to /volume1/videos/2024-09-02/G5Bullet_36/G5Bullet_36_F4E2C678CBBE_2024-09-02_24
[2024-09-04 18:22:58,922][main][INFO] - Successfully converted /srv/unifi-protect/video/2024/09/02/F4E2C678CBBE_0_rotating_1725270378601.ubv to /volume1/videos/2024-09-02/G5Bullet_36/G5Bullet_36_F4E2C678CBBE_2024-09-02_25
[2024-09-04 18:23:12,114][main][INFO] - Successfully converted /srv/unifi-protect/video/2024/09/02/F4E2C678CBBE_0_rotating_1725272049636.ubv to /volume1/videos/2024-09-02/G5Bullet_36/G5Bullet_36_F4E2C678CBBE_2024-09-02_26
[2024-09-04 18:23:26,348][main][INFO] - Successfully converted /srv/unifi-protect/video/2024/09/02/F4E2C678CBBE_0_rotating_1725273776548.ubv to /volume1/videos/2024-09-02/G5Bullet_36/G5Bullet_36_F4E2C678CBBE_2024-09-02_27
[2024-09-04 18:23:42,465][main][INFO] - Successfully converted /srv/unifi-protect/video/2024/09/02/F4E2C678CBBE_0_rotating_1725275510013.ubv to /volume1/videos/2024-09-02/G5Bullet_36/G5Bullet_36_F4E2C678CBBE_2024-09-02_28
[2024-09-04 18:24:04,446][main][INFO] - Successfully converted /srv/unifi-protect/video/2024/09/02/F4E2C678CBBE_0_rotating_1725277370968.ubv to /volume1/videos/2024-09-02/G5Bullet_36/G5Bullet_36_F4E2C678CBBE_2024-09-02_29
[2024-09-04 18:24:14,809][main][INFO] - Successfully converted /srv/unifi-protect/video/2024/09/02/F4E2C678CBBE_0_rotating_1725279497518.ubv to /volume1/videos/2024-09-02/G5Bullet_36/G5Bullet_36_F4E2C678CBBE_2024-09-02_30
[2024-09-04 18:24:29,412][main][INFO] - Successfully converted /srv/unifi-protect/video/2024/09/02/F4E2C678CBBE_0_rotating_1725281197037.ubv to /volume1/videos/2024-09-02/G5Bullet_36/G5Bullet_36_F4E2C678CBBE_2024-09-02_31
[2024-09-04 18:24:43,213][main][INFO] - Successfully converted /srv/unifi-protect/video/2024/09/02/F4E2C678CBBE_0_rotating_1725282851688.ubv to /volume1/videos/2024-09-02/G5Bullet_36/G5Bullet_36_F4E2C678CBBE_2024-09-02_32
[2024-09-04 18:24:56,817][main][INFO] - Successfully converted /srv/unifi-protect/video/2024/09/02/F4E2C678CBBE_0_rotating_1725284553012.ubv to /volume1/videos/2024-09-02/G5Bullet_36/G5Bullet_36_F4E2C678CBBE_2024-09-02_33
[2024-09-04 18:25:09,109][main][INFO] - Successfully converted /srv/unifi-protect/video/2024/09/02/F4E2C678CBBE_0_rotating_1725286063142.ubv to /volume1/videos/2024-09-02/G5Bullet_36/G5Bullet_36_F4E2C678CBBE_2024-09-02_34
[2024-09-04 18:25:22,525][main][INFO] - Successfully converted /srv/unifi-protect/video/2024/09/02/F4E2C678CBBE_0_rotating_1725287733235.ubv to /volume1/videos/2024-09-02/G5Bullet_36/G5Bullet_36_F4E2C678CBBE_2024-09-02_35
[2024-09-04 18:25:35,877][main][INFO] - Successfully converted /srv/unifi-protect/video/2024/09/02/F4E2C678CBBE_0_rotating_1725289457185.ubv to /volume1/videos/2024-09-02/G5Bullet_36/G5Bullet_36_F4E2C678CBBE_2024-09-02_36
[2024-09-04 18:25:48,908][main][INFO] - Successfully converted /srv/unifi-protect/video/2024/09/02/F4E2C678CBBE_0_rotating_1725291832214.ubv to /volume1/videos/2024-09-02/G5Bullet_36/G5Bullet_36_F4E2C678CBBE_2024-09-02_37
[2024-09-04 18:26:04,682][main][INFO] - Successfully converted /srv/unifi-protect/video/2024/09/02/F4E2C678CBBE_0_rotating_1725293872139.ubv to /volume1/videos/2024-09-02/G5Bullet_36/G5Bullet_36_F4E2C678CBBE_2024-09-02_38
[2024-09-04 18:26:19,956][main][INFO] - Successfully converted /srv/unifi-protect/video/2024/09/02/F4E2C678CBBE_0_rotating_1725295571935.ubv to /volume1/videos/2024-09-02/G5Bullet_36/G5Bullet_36_F4E2C678CBBE_2024-09-02_39
[2024-09-04 18:26:34,932][main][INFO] - Successfully converted /srv/unifi-protect/video/2024/09/02/F4E2C678CBBE_0_rotating_1725296833496.ubv to /volume1/videos/2024-09-02/G5Bullet_36/G5Bullet_36_F4E2C678CBBE_2024-09-02_40
[2024-09-04 18:26:50,477][main][INFO] - Successfully converted /srv/unifi-protect/video/2024/09/02/F4E2C678CBBE_0_rotating_1725298293350.ubv to /volume1/videos/2024-09-02/G5Bullet_36/G5Bullet_36_F4E2C678CBBE_2024-09-02_41
[2024-09-04 18:27:06,881][main][INFO] - Successfully converted /srv/unifi-protect/video/2024/09/02/F4E2C678CBBE_0_rotating_1725300708486.ubv to /volume1/videos/2024-09-02/G5Bullet_36/G5Bullet_36_F4E2C678CBBE_2024-09-02_42
[2024-09-04 18:27:23,761][main][INFO] - Successfully converted /srv/unifi-protect/video/2024/09/02/F4E2C678CBBE_0_rotating_1725302963398.ubv to /volume1/videos/2024-09-02/G5Bullet_36/G5Bullet_36_F4E2C678CBBE_2024-09-02_43
[2024-09-04 18:27:40,769][main][INFO] - Successfully converted /srv/unifi-protect/video/2024/09/02/F4E2C678CBBE_0_rotating_1725305903446.ubv to /volume1/videos/2024-09-02/G5Bullet_36/G5Bullet_36_F4E2C678CBBE_2024-09-02_44
[2024-09-04 18:27:56,564][main][INFO] - Successfully converted /srv/unifi-protect/video/2024/09/02/F4E2C678CBBE_0_rotating_1725309958711.ubv to /volume1/videos/2024-09-02/G5Bullet_36/G5Bullet_36_F4E2C678CBBE_2024-09-02_45
[2024-09-04 18:28:15,081][main][INFO] - Successfully converted /srv/unifi-protect/video/2024/09/02/F4E2C678CBBE_0_rotating_1725313913588.ubv to /volume1/videos/2024-09-02/G5Bullet_36/G5Bullet_36_F4E2C678CBBE_2024-09-02_46
[2024-09-04 18:28:15,083][main][INFO] - --------------------------------------------------
[2024-09-04 18:28:15,085][main][INFO] - --------------------------------------------------
[2024-09-04 18:28:15,086][main][INFO] - ::: Processing camera G5Bullet_39 with MAC address F4E2C678CBC7 :::
[2024-09-04 18:28:15,087][main][INFO] - Source directory: /srv/unifi-protect/video/2024/09/02
[2024-09-04 18:28:15,088][main][INFO] - Destination directory: /volume1/videos/2024-09-02/G5Bullet_39
[2024-09-04 18:28:15,089][main][INFO] - --------------------------------------------------
[2024-09-04 18:28:15,090][main][INFO] - --------------------------------------------------
[2024-09-04 18:28:29,083][main][INFO] - Successfully converted /srv/unifi-protect/video/2024/09/02/F4E2C678CBC7_0_rotating_1725229349563.ubv to /volume1/videos/2024-09-02/G5Bullet_39/G5Bullet_39_F4E2C678CBC7_2024-09-02_1
[2024-09-04 18:28:44,125][main][INFO] - Successfully converted /srv/unifi-protect/video/2024/09/02/F4E2C678CBC7_0_rotating_1725230890102.ubv to /volume1/videos/2024-09-02/G5Bullet_39/G5Bullet_39_F4E2C678CBC7_2024-09-02_2
[2024-09-04 18:28:56,837][main][INFO] - Successfully converted /srv/unifi-protect/video/2024/09/02/F4E2C678CBC7_0_rotating_1725232810378.ubv to /volume1/videos/2024-09-02/G5Bullet_39/G5Bullet_39_F4E2C678CBC7_2024-09-02_3
[2024-09-04 18:29:10,887][main][INFO] - Successfully converted /srv/unifi-protect/video/2024/09/02/F4E2C678CBC7_0_rotating_1725235056159.ubv to /volume1/videos/2024-09-02/G5Bullet_39/G5Bullet_39_F4E2C678CBC7_2024-09-02_4
[2024-09-04 18:29:23,201][main][INFO] - Successfully converted /srv/unifi-protect/video/2024/09/02/F4E2C678CBC7_0_rotating_1725237231800.ubv to /volume1/videos/2024-09-02/G5Bullet_39/G5Bullet_39_F4E2C678CBC7_2024-09-02_5
[2024-09-04 18:29:37,798][main][INFO] - Successfully converted /srv/unifi-protect/video/2024/09/02/F4E2C678CBC7_0_rotating_1725239072336.ubv to /volume1/videos/2024-09-02/G5Bullet_39/G5Bullet_39_F4E2C678CBC7_2024-09-02_6
[2024-09-04 18:29:50,016][main][INFO] - Successfully converted /srv/unifi-protect/video/2024/09/02/F4E2C678CBC7_0_rotating_1725240958167.ubv to /volume1/videos/2024-09-02/G5Bullet_39/G5Bullet_39_F4E2C678CBC7_2024-09-02_7
[2024-09-04 18:30:04,909][main][INFO] - Successfully converted /srv/unifi-protect/video/2024/09/02/F4E2C678CBC7_0_rotating_1725242658657.ubv to /volume1/videos/2024-09-02/G5Bullet_39/G5Bullet_39_F4E2C678CBC7_2024-09-02_8
[2024-09-04 18:30:20,161][main][INFO] - Successfully converted /srv/unifi-protect/video/2024/09/02/F4E2C678CBC7_0_rotating_1725244359439.ubv to /volume1/videos/2024-09-02/G5Bullet_39/G5Bullet_39_F4E2C678CBC7_2024-09-02_9
[2024-09-04 18:30:37,394][main][INFO] - Successfully converted /srv/unifi-protect/video/2024/09/02/F4E2C678CBC7_0_rotating_1725246094733.ubv to /volume1/videos/2024-09-02/G5Bullet_39/G5Bullet_39_F4E2C678CBC7_2024-09-02_10
[2024-09-04 18:30:52,878][main][INFO] - Successfully converted /srv/unifi-protect/video/2024/09/02/F4E2C678CBC7_0_rotating_1725247995386.ubv to /volume1/videos/2024-09-02/G5Bullet_39/G5Bullet_39_F4E2C678CBC7_2024-09-02_11
[2024-09-04 18:31:10,324][main][INFO] - Successfully converted /srv/unifi-protect/video/2024/09/02/F4E2C678CBC7_0_rotating_1725250046251.ubv to /volume1/videos/2024-09-02/G5Bullet_39/G5Bullet_39_F4E2C678CBC7_2024-09-02_12
[2024-09-04 18:31:28,923][main][INFO] - Successfully converted /srv/unifi-protect/video/2024/09/02/F4E2C678CBC7_0_rotating_1725252651971.ubv to /volume1/videos/2024-09-02/G5Bullet_39/G5Bullet_39_F4E2C678CBC7_2024-09-02_13
[2024-09-04 18:31:42,489][main][INFO] - Successfully converted /srv/unifi-protect/video/2024/09/02/F4E2C678CBC7_0_rotating_1725254412504.ubv to /volume1/videos/2024-09-02/G5Bullet_39/G5Bullet_39_F4E2C678CBC7_2024-09-02_14
[2024-09-04 18:32:00,783][main][INFO] - Successfully converted /srv/unifi-protect/video/2024/09/02/F4E2C678CBC7_0_rotating_1725256358124.ubv to /volume1/videos/2024-09-02/G5Bullet_39/G5Bullet_39_F4E2C678CBC7_2024-09-02_15
[2024-09-04 18:32:13,209][main][INFO] - Successfully converted /srv/unifi-protect/video/2024/09/02/F4E2C678CBC7_0_rotating_1725258533954.ubv to /volume1/videos/2024-09-02/G5Bullet_39/G5Bullet_39_F4E2C678CBC7_2024-09-02_16
[2024-09-04 18:32:28,029][main][INFO] - Successfully converted /srv/unifi-protect/video/2024/09/02/F4E2C678CBC7_0_rotating_1725260589749.ubv to /volume1/videos/2024-09-02/G5Bullet_39/G5Bullet_39_F4E2C678CBC7_2024-09-02_17
[2024-09-04 18:32:41,598][main][INFO] - Successfully converted /srv/unifi-protect/video/2024/09/02/F4E2C678CBC7_0_rotating_1725262270163.ubv to /volume1/videos/2024-09-02/G5Bullet_39/G5Bullet_39_F4E2C678CBC7_2024-09-02_18
[2024-09-04 18:32:55,370][main][INFO] - Successfully converted /srv/unifi-protect/video/2024/09/02/F4E2C678CBC7_0_rotating_1725263867823.ubv to /volume1/videos/2024-09-02/G5Bullet_39/G5Bullet_39_F4E2C678CBC7_2024-09-02_19
[2024-09-04 18:33:09,965][main][INFO] - Successfully converted /srv/unifi-protect/video/2024/09/02/F4E2C678CBC7_0_rotating_1725265449435.ubv to /volume1/videos/2024-09-02/G5Bullet_39/G5Bullet_39_F4E2C678CBC7_2024-09-02_20
[2024-09-04 18:33:22,884][main][INFO] - Successfully converted /srv/unifi-protect/video/2024/09/02/F4E2C678CBC7_0_rotating_1725267035021.ubv to /volume1/videos/2024-09-02/G5Bullet_39/G5Bullet_39_F4E2C678CBC7_2024-09-02_21
[2024-09-04 18:33:36,627][main][INFO] - Successfully converted /srv/unifi-protect/video/2024/09/02/F4E2C678CBC7_0_rotating_1725268740516.ubv to /volume1/videos/2024-09-02/G5Bullet_39/G5Bullet_39_F4E2C678CBC7_2024-09-02_22
[2024-09-04 18:33:49,545][main][INFO] - Successfully converted /srv/unifi-protect/video/2024/09/02/F4E2C678CBC7_0_rotating_1725270306326.ubv to /volume1/videos/2024-09-02/G5Bullet_39/G5Bullet_39_F4E2C678CBC7_2024-09-02_23
[2024-09-04 18:34:02,809][main][INFO] - Successfully converted /srv/unifi-protect/video/2024/09/02/F4E2C678CBC7_0_rotating_1725271959710.ubv to /volume1/videos/2024-09-02/G5Bullet_39/G5Bullet_39_F4E2C678CBC7_2024-09-02_24
[2024-09-04 18:34:16,090][main][INFO] - Successfully converted /srv/unifi-protect/video/2024/09/02/F4E2C678CBC7_0_rotating_1725273724993.ubv to /volume1/videos/2024-09-02/G5Bullet_39/G5Bullet_39_F4E2C678CBC7_2024-09-02_25
[2024-09-04 18:34:34,015][main][INFO] - Successfully converted /srv/unifi-protect/video/2024/09/02/F4E2C678CBC7_0_rotating_1725275660873.ubv to /volume1/videos/2024-09-02/G5Bullet_39/G5Bullet_39_F4E2C678CBC7_2024-09-02_26
[2024-09-04 18:34:50,631][main][INFO] - Successfully converted /srv/unifi-protect/video/2024/09/02/F4E2C678CBC7_0_rotating_1725277381278.ubv to /volume1/videos/2024-09-02/G5Bullet_39/G5Bullet_39_F4E2C678CBC7_2024-09-02_27
[2024-09-04 18:35:06,812][main][INFO] - Successfully converted /srv/unifi-protect/video/2024/09/02/F4E2C678CBC7_0_rotating_1725279176960.ubv to /volume1/videos/2024-09-02/G5Bullet_39/G5Bullet_39_F4E2C678CBC7_2024-09-02_28
[2024-09-04 18:35:22,090][main][INFO] - Successfully converted /srv/unifi-protect/video/2024/09/02/F4E2C678CBC7_0_rotating_1725280922829.ubv to /volume1/videos/2024-09-02/G5Bullet_39/G5Bullet_39_F4E2C678CBC7_2024-09-02_29
[2024-09-04 18:35:35,038][main][INFO] - Successfully converted /srv/unifi-protect/video/2024/09/02/F4E2C678CBC7_0_rotating_1725282823119.ubv to /volume1/videos/2024-09-02/G5Bullet_39/G5Bullet_39_F4E2C678CBC7_2024-09-02_30
[2024-09-04 18:35:48,192][main][INFO] - Successfully converted /srv/unifi-protect/video/2024/09/02/F4E2C678CBC7_0_rotating_1725284853765.ubv to /volume1/videos/2024-09-02/G5Bullet_39/G5Bullet_39_F4E2C678CBC7_2024-09-02_31
[2024-09-04 18:36:01,594][main][INFO] - Successfully converted /srv/unifi-protect/video/2024/09/02/F4E2C678CBC7_0_rotating_1725286704450.ubv to /volume1/videos/2024-09-02/G5Bullet_39/G5Bullet_39_F4E2C678CBC7_2024-09-02_32
[2024-09-04 18:36:17,322][main][INFO] - Successfully converted /srv/unifi-protect/video/2024/09/02/F4E2C678CBC7_0_rotating_1725288641053.ubv to /volume1/videos/2024-09-02/G5Bullet_39/G5Bullet_39_F4E2C678CBC7_2024-09-02_33
[2024-09-04 18:36:33,935][main][INFO] - Successfully converted /srv/unifi-protect/video/2024/09/02/F4E2C678CBC7_0_rotating_1725291045619.ubv to /volume1/videos/2024-09-02/G5Bullet_39/G5Bullet_39_F4E2C678CBC7_2024-09-02_34
[2024-09-04 18:36:48,675][main][INFO] - Successfully converted /srv/unifi-protect/video/2024/09/02/F4E2C678CBC7_0_rotating_1725293693568.ubv to /volume1/videos/2024-09-02/G5Bullet_39/G5Bullet_39_F4E2C678CBC7_2024-09-02_35
[2024-09-04 18:37:05,754][main][INFO] - Successfully converted /srv/unifi-protect/video/2024/09/02/F4E2C678CBC7_0_rotating_1725295947444.ubv to /volume1/videos/2024-09-02/G5Bullet_39/G5Bullet_39_F4E2C678CBC7_2024-09-02_36
[2024-09-04 18:37:24,735][main][INFO] - Successfully converted /srv/unifi-protect/video/2024/09/02/F4E2C678CBC7_0_rotating_1725297733087.ubv to /volume1/videos/2024-09-02/G5Bullet_39/G5Bullet_39_F4E2C678CBC7_2024-09-02_37
[2024-09-04 18:37:44,998][main][INFO] - Successfully converted /srv/unifi-protect/video/2024/09/02/F4E2C678CBC7_0_rotating_1725300779007.ubv to /volume1/videos/2024-09-02/G5Bullet_39/G5Bullet_39_F4E2C678CBC7_2024-09-02_38
[2024-09-04 18:38:01,551][main][INFO] - Successfully converted /srv/unifi-protect/video/2024/09/02/F4E2C678CBC7_0_rotating_1725303805021.ubv to /volume1/videos/2024-09-02/G5Bullet_39/G5Bullet_39_F4E2C678CBC7_2024-09-02_39
[2024-09-04 18:38:16,109][main][INFO] - Successfully converted /srv/unifi-protect/video/2024/09/02/F4E2C678CBC7_0_rotating_1725309016664.ubv to /volume1/videos/2024-09-02/G5Bullet_39/G5Bullet_39_F4E2C678CBC7_2024-09-02_40
[2024-09-04 18:38:31,556][main][INFO] - Successfully converted /srv/unifi-protect/video/2024/09/02/F4E2C678CBC7_0_rotating_1725313853543.ubv to /volume1/videos/2024-09-02/G5Bullet_39/G5Bullet_39_F4E2C678CBC7_2024-09-02_41
[2024-09-04 18:38:31,564][main][INFO] - --------------------------------------------------
[2024-09-04 18:38:31,565][main][INFO] - --------------------------------------------------
[2024-09-04 18:38:31,566][main][INFO] - ::: Processing camera G5Bullet_40 with MAC address F4E2C678CCB5 :::
[2024-09-04 18:38:31,567][main][INFO] - Source directory: /srv/unifi-protect/video/2024/09/02
[2024-09-04 18:38:31,568][main][INFO] - Destination directory: /volume1/videos/2024-09-02/G5Bullet_40
[2024-09-04 18:38:31,569][main][INFO] - --------------------------------------------------
[2024-09-04 18:38:31,570][main][INFO] - --------------------------------------------------
[2024-09-04 18:38:46,533][main][INFO] - Successfully converted /srv/unifi-protect/video/2024/09/02/F4E2C678CCB5_0_rotating_1725228963214.ubv to /volume1/videos/2024-09-02/G5Bullet_40/G5Bullet_40_F4E2C678CCB5_2024-09-02_1
[2024-09-04 18:39:01,634][main][INFO] - Successfully converted /srv/unifi-protect/video/2024/09/02/F4E2C678CCB5_0_rotating_1725230798500.ubv to /volume1/videos/2024-09-02/G5Bullet_40/G5Bullet_40_F4E2C678CCB5_2024-09-02_2
[2024-09-04 18:39:13,896][main][INFO] - Successfully converted /srv/unifi-protect/video/2024/09/02/F4E2C678CCB5_0_rotating_1725232874267.ubv to /volume1/videos/2024-09-02/G5Bullet_40/G5Bullet_40_F4E2C678CCB5_2024-09-02_3
[2024-09-04 18:39:27,206][main][INFO] - Successfully converted /srv/unifi-protect/video/2024/09/02/F4E2C678CCB5_0_rotating_1725235314903.ubv to /volume1/videos/2024-09-02/G5Bullet_40/G5Bullet_40_F4E2C678CCB5_2024-09-02_4
[2024-09-04 18:39:40,767][main][INFO] - Successfully converted /srv/unifi-protect/video/2024/09/02/F4E2C678CCB5_0_rotating_1725237715832.ubv to /volume1/videos/2024-09-02/G5Bullet_40/G5Bullet_40_F4E2C678CCB5_2024-09-02_5
[2024-09-04 18:39:54,082][main][INFO] - Successfully converted /srv/unifi-protect/video/2024/09/02/F4E2C678CCB5_0_rotating_1725239791418.ubv to /volume1/videos/2024-09-02/G5Bullet_40/G5Bullet_40_F4E2C678CCB5_2024-09-02_6
[2024-09-04 18:40:08,059][main][INFO] - Successfully converted /srv/unifi-protect/video/2024/09/02/F4E2C678CCB5_0_rotating_1725241807092.ubv to /volume1/videos/2024-09-02/G5Bullet_40/G5Bullet_40_F4E2C678CCB5_2024-09-02_7
[2024-09-04 18:40:25,907][main][INFO] - Successfully converted /srv/unifi-protect/video/2024/09/02/F4E2C678CCB5_0_rotating_1725243717861.ubv to /volume1/videos/2024-09-02/G5Bullet_40/G5Bullet_40_F4E2C678CCB5_2024-09-02_8
[2024-09-04 18:40:42,560][main][INFO] - Successfully converted /srv/unifi-protect/video/2024/09/02/F4E2C678CCB5_0_rotating_1725245718495.ubv to /volume1/videos/2024-09-02/G5Bullet_40/G5Bullet_40_F4E2C678CCB5_2024-09-02_9
[2024-09-04 18:41:00,137][main][INFO] - Successfully converted /srv/unifi-protect/video/2024/09/02/F4E2C678CCB5_0_rotating_1725247734365.ubv to /volume1/videos/2024-09-02/G5Bullet_40/G5Bullet_40_F4E2C678CCB5_2024-09-02_10
[2024-09-04 18:41:22,219][main][INFO] - Successfully converted /srv/unifi-protect/video/2024/09/02/F4E2C678CCB5_0_rotating_1725249819839.ubv to /volume1/videos/2024-09-02/G5Bullet_40/G5Bullet_40_F4E2C678CCB5_2024-09-02_11
[2024-09-04 18:41:35,917][main][INFO] - Successfully converted /srv/unifi-protect/video/2024/09/02/F4E2C678CCB5_0_rotating_1725251975762.ubv to /volume1/videos/2024-09-02/G5Bullet_40/G5Bullet_40_F4E2C678CCB5_2024-09-02_12
[2024-09-04 18:41:53,236][main][INFO] - Successfully converted /srv/unifi-protect/video/2024/09/02/F4E2C678CCB5_0_rotating_1725253594797.ubv to /volume1/videos/2024-09-02/G5Bullet_40/G5Bullet_40_F4E2C678CCB5_2024-09-02_13
[2024-09-04 18:42:13,741][main][INFO] - Successfully converted /srv/unifi-protect/video/2024/09/02/F4E2C678CCB5_0_rotating_1725255186881.ubv to /volume1/videos/2024-09-02/G5Bullet_40/G5Bullet_40_F4E2C678CCB5_2024-09-02_14
[2024-09-04 18:42:33,989][main][INFO] - Successfully converted /srv/unifi-protect/video/2024/09/02/F4E2C678CCB5_0_rotating_1725256922391.ubv to /volume1/videos/2024-09-02/G5Bullet_40/G5Bullet_40_F4E2C678CCB5_2024-09-02_15
[2024-09-04 18:42:50,438][main][INFO] - Successfully converted /srv/unifi-protect/video/2024/09/02/F4E2C678CCB5_0_rotating_1725258788182.ubv to /volume1/videos/2024-09-02/G5Bullet_40/G5Bullet_40_F4E2C678CCB5_2024-09-02_16
[2024-09-04 18:43:04,526][main][INFO] - Successfully converted /srv/unifi-protect/video/2024/09/02/F4E2C678CCB5_0_rotating_1725260573587.ubv to /volume1/videos/2024-09-02/G5Bullet_40/G5Bullet_40_F4E2C678CCB5_2024-09-02_17
[2024-09-04 18:43:17,614][main][INFO] - Successfully converted /srv/unifi-protect/video/2024/09/02/F4E2C678CCB5_0_rotating_1725262165396.ubv to /volume1/videos/2024-09-02/G5Bullet_40/G5Bullet_40_F4E2C678CCB5_2024-09-02_18
[2024-09-04 18:43:31,514][main][INFO] - Successfully converted /srv/unifi-protect/video/2024/09/02/F4E2C678CCB5_0_rotating_1725263695881.ubv to /volume1/videos/2024-09-02/G5Bullet_40/G5Bullet_40_F4E2C678CCB5_2024-09-02_19
[2024-09-04 18:43:45,516][main][INFO] - Successfully converted /srv/unifi-protect/video/2024/09/02/F4E2C678CCB5_0_rotating_1725265216539.ubv to /volume1/videos/2024-09-02/G5Bullet_40/G5Bullet_40_F4E2C678CCB5_2024-09-02_20
[2024-09-04 18:43:58,882][main][INFO] - Successfully converted /srv/unifi-protect/video/2024/09/02/F4E2C678CCB5_0_rotating_1725266782015.ubv to /volume1/videos/2024-09-02/G5Bullet_40/G5Bullet_40_F4E2C678CCB5_2024-09-02_21
[2024-09-04 18:44:14,198][main][INFO] - Successfully converted /srv/unifi-protect/video/2024/09/02/F4E2C678CCB5_0_rotating_1725268382387.ubv to /volume1/videos/2024-09-02/G5Bullet_40/G5Bullet_40_F4E2C678CCB5_2024-09-02_22
[2024-09-04 18:44:28,723][main][INFO] - Successfully converted /srv/unifi-protect/video/2024/09/02/F4E2C678CCB5_0_rotating_1725269982805.ubv to /volume1/videos/2024-09-02/G5Bullet_40/G5Bullet_40_F4E2C678CCB5_2024-09-02_23
[2024-09-04 18:44:42,761][main][INFO] - Successfully converted /srv/unifi-protect/video/2024/09/02/F4E2C678CCB5_0_rotating_1725271573414.ubv to /volume1/videos/2024-09-02/G5Bullet_40/G5Bullet_40_F4E2C678CCB5_2024-09-02_24
[2024-09-04 18:44:54,401][main][INFO] - Successfully converted /srv/unifi-protect/video/2024/09/02/F4E2C678CCB5_0_rotating_1725273268885.ubv to /volume1/videos/2024-09-02/G5Bullet_40/G5Bullet_40_F4E2C678CCB5_2024-09-02_25
[2024-09-04 18:45:09,651][main][INFO] - Successfully converted /srv/unifi-protect/video/2024/09/02/F4E2C678CCB5_0_rotating_1725275164791.ubv to /volume1/videos/2024-09-02/G5Bullet_40/G5Bullet_40_F4E2C678CCB5_2024-09-02_26
[2024-09-04 18:45:28,040][main][INFO] - Successfully converted /srv/unifi-protect/video/2024/09/02/F4E2C678CCB5_0_rotating_1725276855062.ubv to /volume1/videos/2024-09-02/G5Bullet_40/G5Bullet_40_F4E2C678CCB5_2024-09-02_27
[2024-09-04 18:45:44,869][main][INFO] - Successfully converted /srv/unifi-protect/video/2024/09/02/F4E2C678CCB5_0_rotating_1725278735866.ubv to /volume1/videos/2024-09-02/G5Bullet_40/G5Bullet_40_F4E2C678CCB5_2024-09-02_28
[2024-09-04 18:45:57,909][main][INFO] - Successfully converted /srv/unifi-protect/video/2024/09/02/F4E2C678CCB5_0_rotating_1725280418555.ubv to /volume1/videos/2024-09-02/G5Bullet_40/G5Bullet_40_F4E2C678CCB5_2024-09-02_29
[2024-09-04 18:46:11,051][main][INFO] - Successfully converted /srv/unifi-protect/video/2024/09/02/F4E2C678CCB5_0_rotating_1725282182063.ubv to /volume1/videos/2024-09-02/G5Bullet_40/G5Bullet_40_F4E2C678CCB5_2024-09-02_30
[2024-09-04 18:46:25,409][main][INFO] - Successfully converted /srv/unifi-protect/video/2024/09/02/F4E2C678CCB5_0_rotating_1725284123799.ubv to /volume1/videos/2024-09-02/G5Bullet_40/G5Bullet_40_F4E2C678CCB5_2024-09-02_31
[2024-09-04 18:46:38,988][main][INFO] - Successfully converted /srv/unifi-protect/video/2024/09/02/F4E2C678CCB5_0_rotating_1725285944887.ubv to /volume1/videos/2024-09-02/G5Bullet_40/G5Bullet_40_F4E2C678CCB5_2024-09-02_32
[2024-09-04 18:46:52,347][main][INFO] - Successfully converted /srv/unifi-protect/video/2024/09/02/F4E2C678CCB5_0_rotating_1725287733912.ubv to /volume1/videos/2024-09-02/G5Bullet_40/G5Bullet_40_F4E2C678CCB5_2024-09-02_33
[2024-09-04 18:47:06,342][main][INFO] - Successfully converted /srv/unifi-protect/video/2024/09/02/F4E2C678CCB5_0_rotating_1725289624295.ubv to /volume1/videos/2024-09-02/G5Bullet_40/G5Bullet_40_F4E2C678CCB5_2024-09-02_34
[2024-09-04 18:47:24,846][main][INFO] - Successfully converted /srv/unifi-protect/video/2024/09/02/F4E2C678CCB5_0_rotating_1725292005037.ubv to /volume1/videos/2024-09-02/G5Bullet_40/G5Bullet_40_F4E2C678CCB5_2024-09-02_35
[2024-09-04 18:47:40,585][main][INFO] - Successfully converted /srv/unifi-protect/video/2024/09/02/F4E2C678CCB5_0_rotating_1725294260974.ubv to /volume1/videos/2024-09-02/G5Bullet_40/G5Bullet_40_F4E2C678CCB5_2024-09-02_36
[2024-09-04 18:47:59,396][main][INFO] - Successfully converted /srv/unifi-protect/video/2024/09/02/F4E2C678CCB5_0_rotating_1725296051560.ubv to /volume1/videos/2024-09-02/G5Bullet_40/G5Bullet_40_F4E2C678CCB5_2024-09-02_37
[2024-09-04 18:48:16,350][main][INFO] - Successfully converted /srv/unifi-protect/video/2024/09/02/F4E2C678CCB5_0_rotating_1725297722073.ubv to /volume1/videos/2024-09-02/G5Bullet_40/G5Bullet_40_F4E2C678CCB5_2024-09-02_38
[2024-09-04 18:48:34,930][main][INFO] - Successfully converted /srv/unifi-protect/video/2024/09/02/F4E2C678CCB5_0_rotating_1725299907594.ubv to /volume1/videos/2024-09-02/G5Bullet_40/G5Bullet_40_F4E2C678CCB5_2024-09-02_39
[2024-09-04 18:48:52,600][main][INFO] - Successfully converted /srv/unifi-protect/video/2024/09/02/F4E2C678CCB5_0_rotating_1725302423647.ubv to /volume1/videos/2024-09-02/G5Bullet_40/G5Bullet_40_F4E2C678CCB5_2024-09-02_40
[2024-09-04 18:49:08,469][main][INFO] - Successfully converted /srv/unifi-protect/video/2024/09/02/F4E2C678CCB5_0_rotating_1725305755798.ubv to /volume1/videos/2024-09-02/G5Bullet_40/G5Bullet_40_F4E2C678CCB5_2024-09-02_41
[2024-09-04 18:49:23,099][main][INFO] - Successfully converted /srv/unifi-protect/video/2024/09/02/F4E2C678CCB5_0_rotating_1725310326150.ubv to /volume1/videos/2024-09-02/G5Bullet_40/G5Bullet_40_F4E2C678CCB5_2024-09-02_42
[2024-09-04 18:49:23,103][main][INFO] - --------------------------------------------------
[2024-09-04 18:49:23,103][main][INFO] - --------------------------------------------------
[2024-09-04 18:49:23,103][main][INFO] - ::: Processing camera G5Bullet_43 with MAC address F4E2C679D61A :::
[2024-09-04 18:49:23,104][main][INFO] - Source directory: /srv/unifi-protect/video/2024/09/02
[2024-09-04 18:49:23,104][main][INFO] - Destination directory: /volume1/videos/2024-09-02/G5Bullet_43
[2024-09-04 18:49:23,104][main][INFO] - --------------------------------------------------
[2024-09-04 18:49:23,105][main][INFO] - --------------------------------------------------
[2024-09-04 18:49:37,578][main][INFO] - Successfully converted /srv/unifi-protect/video/2024/09/02/F4E2C679D61A_0_rotating_1725229237110.ubv to /volume1/videos/2024-09-02/G5Bullet_43/G5Bullet_43_F4E2C679D61A_2024-09-02_1
[2024-09-04 18:49:52,769][main][INFO] - Successfully converted /srv/unifi-protect/video/2024/09/02/F4E2C679D61A_0_rotating_1725230714041.ubv to /volume1/videos/2024-09-02/G5Bullet_43/G5Bullet_43_F4E2C679D61A_2024-09-02_2
[2024-09-04 18:50:06,567][main][INFO] - Successfully converted /srv/unifi-protect/video/2024/09/02/F4E2C679D61A_0_rotating_1725232628497.ubv to /volume1/videos/2024-09-02/G5Bullet_43/G5Bullet_43_F4E2C679D61A_2024-09-02_3
[2024-09-04 18:50:20,731][main][INFO] - Successfully converted /srv/unifi-protect/video/2024/09/02/F4E2C679D61A_0_rotating_1725234548848.ubv to /volume1/videos/2024-09-02/G5Bullet_43/G5Bullet_43_F4E2C679D61A_2024-09-02_4
[2024-09-04 18:50:34,884][main][INFO] - Successfully converted /srv/unifi-protect/video/2024/09/02/F4E2C679D61A_0_rotating_1725236474617.ubv to /volume1/videos/2024-09-02/G5Bullet_43/G5Bullet_43_F4E2C679D61A_2024-09-02_5
[2024-09-04 18:50:49,179][main][INFO] - Successfully converted /srv/unifi-protect/video/2024/09/02/F4E2C679D61A_0_rotating_1725238175069.ubv to /volume1/videos/2024-09-02/G5Bullet_43/G5Bullet_43_F4E2C679D61A_2024-09-02_6
[2024-09-04 18:51:04,529][main][INFO] - Successfully converted /srv/unifi-protect/video/2024/09/02/F4E2C679D61A_0_rotating_1725239805546.ubv to /volume1/videos/2024-09-02/G5Bullet_43/G5Bullet_43_F4E2C679D61A_2024-09-02_7
[2024-09-04 18:51:20,531][main][INFO] - Successfully converted /srv/unifi-protect/video/2024/09/02/F4E2C679D61A_0_rotating_1725241371006.ubv to /volume1/videos/2024-09-02/G5Bullet_43/G5Bullet_43_F4E2C679D61A_2024-09-02_8
[2024-09-04 18:51:35,003][main][INFO] - Successfully converted /srv/unifi-protect/video/2024/09/02/F4E2C679D61A_0_rotating_1725242899269.ubv to /volume1/videos/2024-09-02/G5Bullet_43/G5Bullet_43_F4E2C679D61A_2024-09-02_9
[2024-09-04 18:51:50,965][main][INFO] - Successfully converted /srv/unifi-protect/video/2024/09/02/F4E2C679D61A_0_rotating_1725244442078.ubv to /volume1/videos/2024-09-02/G5Bullet_43/G5Bullet_43_F4E2C679D61A_2024-09-02_10
[2024-09-04 18:52:05,890][main][INFO] - Successfully converted /srv/unifi-protect/video/2024/09/02/F4E2C679D61A_0_rotating_1725246047613.ubv to /volume1/videos/2024-09-02/G5Bullet_43/G5Bullet_43_F4E2C679D61A_2024-09-02_11
[2024-09-04 18:52:26,251][main][INFO] - Successfully converted /srv/unifi-protect/video/2024/09/02/F4E2C679D61A_0_rotating_1725247913243.ubv to /volume1/videos/2024-09-02/G5Bullet_43/G5Bullet_43_F4E2C679D61A_2024-09-02_12
[2024-09-04 18:52:42,345][main][INFO] - Successfully converted /srv/unifi-protect/video/2024/09/02/F4E2C679D61A_0_rotating_1725249788979.ubv to /volume1/videos/2024-09-02/G5Bullet_43/G5Bullet_43_F4E2C679D61A_2024-09-02_13
[2024-09-04 18:53:01,117][main][INFO] - Successfully converted /srv/unifi-protect/video/2024/09/02/F4E2C679D61A_0_rotating_1725251754634.ubv to /volume1/videos/2024-09-02/G5Bullet_43/G5Bullet_43_F4E2C679D61A_2024-09-02_14
[2024-09-04 18:53:22,584][main][INFO] - Successfully converted /srv/unifi-protect/video/2024/09/02/F4E2C679D61A_0_rotating_1725253330139.ubv to /volume1/videos/2024-09-02/G5Bullet_43/G5Bullet_43_F4E2C679D61A_2024-09-02_15
[2024-09-04 18:53:40,902][main][INFO] - Successfully converted /srv/unifi-protect/video/2024/09/02/F4E2C679D61A_0_rotating_1725254990698.ubv to /volume1/videos/2024-09-02/G5Bullet_43/G5Bullet_43_F4E2C679D61A_2024-09-02_16
[2024-09-04 18:53:59,007][main][INFO] - Successfully converted /srv/unifi-protect/video/2024/09/02/F4E2C679D61A_0_rotating_1725256651436.ubv to /volume1/videos/2024-09-02/G5Bullet_43/G5Bullet_43_F4E2C679D61A_2024-09-02_17
[2024-09-04 18:54:16,016][main][INFO] - Successfully converted /srv/unifi-protect/video/2024/09/02/F4E2C679D61A_0_rotating_1725258256847.ubv to /volume1/videos/2024-09-02/G5Bullet_43/G5Bullet_43_F4E2C679D61A_2024-09-02_18
[2024-09-04 18:54:34,138][main][INFO] - Successfully converted /srv/unifi-protect/video/2024/09/02/F4E2C679D61A_0_rotating_1725259987332.ubv to /volume1/videos/2024-09-02/G5Bullet_43/G5Bullet_43_F4E2C679D61A_2024-09-02_19
[2024-09-04 18:54:50,250][main][INFO] - Successfully converted /srv/unifi-protect/video/2024/09/02/F4E2C679D61A_0_rotating_1725261623009.ubv to /volume1/videos/2024-09-02/G5Bullet_43/G5Bullet_43_F4E2C679D61A_2024-09-02_20
[2024-09-04 18:55:05,038][main][INFO] - Successfully converted /srv/unifi-protect/video/2024/09/02/F4E2C679D61A_0_rotating_1725263138422.ubv to /volume1/videos/2024-09-02/G5Bullet_43/G5Bullet_43_F4E2C679D61A_2024-09-02_21
[2024-09-04 18:55:21,175][main][INFO] - Successfully converted /srv/unifi-protect/video/2024/09/02/F4E2C679D61A_0_rotating_1725264673966.ubv to /volume1/videos/2024-09-02/G5Bullet_43/G5Bullet_43_F4E2C679D61A_2024-09-02_22
[2024-09-04 18:55:33,658][main][INFO] - Successfully converted /srv/unifi-protect/video/2024/09/02/F4E2C679D61A_0_rotating_1725266279675.ubv to /volume1/videos/2024-09-02/G5Bullet_43/G5Bullet_43_F4E2C679D61A_2024-09-02_23
[2024-09-04 18:55:50,803][main][INFO] - Successfully converted /srv/unifi-protect/video/2024/09/02/F4E2C679D61A_0_rotating_1725267869055.ubv to /volume1/videos/2024-09-02/G5Bullet_43/G5Bullet_43_F4E2C679D61A_2024-09-02_24
[2024-09-04 18:56:05,833][main][INFO] - Successfully converted /srv/unifi-protect/video/2024/09/02/F4E2C679D61A_0_rotating_1725269574815.ubv to /volume1/videos/2024-09-02/G5Bullet_43/G5Bullet_43_F4E2C679D61A_2024-09-02_25
[2024-09-04 18:56:22,057][main][INFO] - Successfully converted /srv/unifi-protect/video/2024/09/02/F4E2C679D61A_0_rotating_1725271225289.ubv to /volume1/videos/2024-09-02/G5Bullet_43/G5Bullet_43_F4E2C679D61A_2024-09-02_26
[2024-09-04 18:56:37,933][main][INFO] - Successfully converted /srv/unifi-protect/video/2024/09/02/F4E2C679D61A_0_rotating_1725272856690.ubv to /volume1/videos/2024-09-02/G5Bullet_43/G5Bullet_43_F4E2C679D61A_2024-09-02_27
[2024-09-04 18:56:50,539][main][INFO] - Successfully converted /srv/unifi-protect/video/2024/09/02/F4E2C679D61A_0_rotating_1725274557356.ubv to /volume1/videos/2024-09-02/G5Bullet_43/G5Bullet_43_F4E2C679D61A_2024-09-02_28
[2024-09-04 18:57:07,106][main][INFO] - Successfully converted /srv/unifi-protect/video/2024/09/02/F4E2C679D61A_0_rotating_1725276308076.ubv to /volume1/videos/2024-09-02/G5Bullet_43/G5Bullet_43_F4E2C679D61A_2024-09-02_29
[2024-09-04 18:57:29,099][main][INFO] - Successfully converted /srv/unifi-protect/video/2024/09/02/F4E2C679D61A_0_rotating_1725278008831.ubv to /volume1/videos/2024-09-02/G5Bullet_43/G5Bullet_43_F4E2C679D61A_2024-09-02_30
[2024-09-04 18:57:43,630][main][INFO] - Successfully converted /srv/unifi-protect/video/2024/09/02/F4E2C679D61A_0_rotating_1725279655240.ubv to /volume1/videos/2024-09-02/G5Bullet_43/G5Bullet_43_F4E2C679D61A_2024-09-02_31
[2024-09-04 18:57:58,313][main][INFO] - Successfully converted /srv/unifi-protect/video/2024/09/02/F4E2C679D61A_0_rotating_1725281290612.ubv to /volume1/videos/2024-09-02/G5Bullet_43/G5Bullet_43_F4E2C679D61A_2024-09-02_32
[2024-09-04 18:58:15,059][main][INFO] - Successfully converted /srv/unifi-protect/video/2024/09/02/F4E2C679D61A_0_rotating_1725283031308.ubv to /volume1/videos/2024-09-02/G5Bullet_43/G5Bullet_43_F4E2C679D61A_2024-09-02_33
[2024-09-04 18:58:29,419][main][INFO] - Successfully converted /srv/unifi-protect/video/2024/09/02/F4E2C679D61A_0_rotating_1725284891800.ubv to /volume1/videos/2024-09-02/G5Bullet_43/G5Bullet_43_F4E2C679D61A_2024-09-02_34
[2024-09-04 18:58:43,822][main][INFO] - Successfully converted /srv/unifi-protect/video/2024/09/02/F4E2C679D61A_0_rotating_1725286587394.ubv to /volume1/videos/2024-09-02/G5Bullet_43/G5Bullet_43_F4E2C679D61A_2024-09-02_35
[2024-09-04 18:58:59,626][main][INFO] - Successfully converted /srv/unifi-protect/video/2024/09/02/F4E2C679D61A_0_rotating_1725288368187.ubv to /volume1/videos/2024-09-02/G5Bullet_43/G5Bullet_43_F4E2C679D61A_2024-09-02_36
[2024-09-04 18:59:13,214][main][INFO] - Successfully converted /srv/unifi-protect/video/2024/09/02/F4E2C679D61A_0_rotating_1725290268558.ubv to /volume1/videos/2024-09-02/G5Bullet_43/G5Bullet_43_F4E2C679D61A_2024-09-02_37
[2024-09-04 18:59:31,164][main][INFO] - Successfully converted /srv/unifi-protect/video/2024/09/02/F4E2C679D61A_0_rotating_1725292154243.ubv to /volume1/videos/2024-09-02/G5Bullet_43/G5Bullet_43_F4E2C679D61A_2024-09-02_38
[2024-09-04 18:59:47,087][main][INFO] - Successfully converted /srv/unifi-protect/video/2024/09/02/F4E2C679D61A_0_rotating_1725293939634.ubv to /volume1/videos/2024-09-02/G5Bullet_43/G5Bullet_43_F4E2C679D61A_2024-09-02_39
[2024-09-04 19:00:05,975][main][INFO] - Successfully converted /srv/unifi-protect/video/2024/09/02/F4E2C679D61A_0_rotating_1725295810375.ubv to /volume1/videos/2024-09-02/G5Bullet_43/G5Bullet_43_F4E2C679D61A_2024-09-02_40
[2024-09-04 19:00:22,042][main][INFO] - Successfully converted /srv/unifi-protect/video/2024/09/02/F4E2C679D61A_0_rotating_1725297565848.ubv to /volume1/videos/2024-09-02/G5Bullet_43/G5Bullet_43_F4E2C679D61A_2024-09-02_41
[2024-09-04 19:00:37,182][main][INFO] - Successfully converted /srv/unifi-protect/video/2024/09/02/F4E2C679D61A_0_rotating_1725299676637.ubv to /volume1/videos/2024-09-02/G5Bullet_43/G5Bullet_43_F4E2C679D61A_2024-09-02_42
[2024-09-04 19:00:56,608][main][INFO] - Successfully converted /srv/unifi-protect/video/2024/09/02/F4E2C679D61A_0_rotating_1725302072356.ubv to /volume1/videos/2024-09-02/G5Bullet_43/G5Bullet_43_F4E2C679D61A_2024-09-02_43
[2024-09-04 19:01:12,146][main][INFO] - Successfully converted /srv/unifi-protect/video/2024/09/02/F4E2C679D61A_0_rotating_1725304348194.ubv to /volume1/videos/2024-09-02/G5Bullet_43/G5Bullet_43_F4E2C679D61A_2024-09-02_44
[2024-09-04 19:01:27,400][main][INFO] - Successfully converted /srv/unifi-protect/video/2024/09/02/F4E2C679D61A_0_rotating_1725306613985.ubv to /volume1/videos/2024-09-02/G5Bullet_43/G5Bullet_43_F4E2C679D61A_2024-09-02_45
[2024-09-04 19:01:40,675][main][INFO] - Successfully converted /srv/unifi-protect/video/2024/09/02/F4E2C679D61A_0_rotating_1725309830145.ubv to /volume1/videos/2024-09-02/G5Bullet_43/G5Bullet_43_F4E2C679D61A_2024-09-02_46
[2024-09-04 19:01:55,016][main][INFO] - Successfully converted /srv/unifi-protect/video/2024/09/02/F4E2C679D61A_0_rotating_1725312581070.ubv to /volume1/videos/2024-09-02/G5Bullet_43/G5Bullet_43_F4E2C679D61A_2024-09-02_47
