[2024-09-05 11:59:20,871][main][INFO] - --------------------------------------------------
[2024-09-05 11:59:20,871][main][INFO] - --------------------------------------------------
[2024-09-05 11:59:20,871][main][INFO] - ::: Processing camera G5Bullet_31 :::
[2024-09-05 11:59:20,871][main][INFO] - --------------------------------------------------
[2024-09-05 11:59:20,871][main][INFO] - --------------------------------------------------
[2024-09-05 11:59:20,871][main][INFO] - Transfering data from NVR (/volume1/videos/G5Bullet_31/*0.mp4) to VM (/mnt/geosense/cameras/G5Bullet_31/mp4)...
[2024-09-05 11:59:20,872][main][INFO] - Extract frames...
[2024-09-05 11:59:20,872][main][INFO] - Processing file /mnt/geosense/cameras/G5Bullet_31/mp4/File_000_File_000_File_000_File_000_File_000_File_000_File_000_File_000_File_000_G5Bullet_31_F4E2C678CB5A_2024-09-03_1_0.mp4...
[2024-09-05 11:59:20,944][main][INFO] - Frame rate: 29.999695
[2024-09-05 11:59:20,944][main][INFO] - Extracting frames from video '/mnt/geosense/cameras/G5Bullet_31/mp4/File_000_File_000_File_000_File_000_File_000_File_000_File_000_File_000_File_000_G5Bullet_31_F4E2C678CB5A_2024-09-03_1_0.mp4'...
[2024-09-05 11:59:58,694][main][INFO] - All frames extracted.
[2024-09-05 11:59:58,694][main][INFO] - Total frames extracted: 142121
[2024-09-05 11:59:58,695][main][INFO] - Duration: 4737.414832 seconds
[2024-09-05 11:59:58,695][main][INFO] - frame_number: 142121
[2024-09-05 11:59:58,695][main][INFO] - Enhance frames...
[2024-09-05 11:59:58,695][main][INFO] - Grouping files in sets...
[2024-09-05 11:59:58,696][main][INFO] - Moving files to staging directory...
[2024-09-05 11:59:58,698][main][INFO] - Keeping every third file and removing the others...
[2024-09-05 11:59:58,842][main][INFO] - Processing file /mnt/geosense/cameras/G5Bullet_31/mp4/File_001_File_001_File_001_File_001_File_001_File_001_File_001_File_001_File_001_G5Bullet_31_F4E2C678CB5A_2024-09-03_2_0.mp4...
[2024-09-05 11:59:58,900][main][INFO] - Frame rate: 29.999948
[2024-09-05 11:59:58,900][main][INFO] - Extracting frames from video '/mnt/geosense/cameras/G5Bullet_31/mp4/File_001_File_001_File_001_File_001_File_001_File_001_File_001_File_001_File_001_G5Bullet_31_F4E2C678CB5A_2024-09-03_2_0.mp4'...
[2024-09-05 12:00:52,340][main][INFO] - All frames extracted.
[2024-09-05 12:00:52,340][main][INFO] - Total frames extracted: 138523
[2024-09-05 12:00:52,341][main][INFO] - Duration: 4617.441392 seconds
[2024-09-05 12:00:52,341][main][INFO] - frame_number: 138523
[2024-09-05 12:00:52,341][main][INFO] - Enhance frames...
[2024-09-05 12:00:52,341][main][INFO] - Grouping files in sets...
[2024-09-05 12:00:52,342][main][INFO] - Moving files to staging directory...
[2024-09-05 12:00:52,344][main][INFO] - Keeping every third file and removing the others...
[2024-09-05 12:00:52,451][main][INFO] - Processing file /mnt/geosense/cameras/G5Bullet_31/mp4/File_002_File_002_File_002_File_002_File_002_File_002_File_002_File_002_File_002_G5Bullet_31_F4E2C678CB5A_2024-09-03_3_0.mp4...
[2024-09-05 12:00:52,525][main][INFO] - Frame rate: 29.999778
[2024-09-05 12:00:52,525][main][INFO] - Extracting frames from video '/mnt/geosense/cameras/G5Bullet_31/mp4/File_002_File_002_File_002_File_002_File_002_File_002_File_002_File_002_File_002_G5Bullet_31_F4E2C678CB5A_2024-09-03_3_0.mp4'...
