[2024-09-03 17:18:34,933][main][INFO] - Transfering data...
[2024-09-03 17:18:34,933][main][INFO] - Extract frames...
[2024-09-03 17:18:34,934][main][INFO] - Processing file /mnt/geosense/cameras/G5Bullet_07/mp4/File_000_File_000_File_000_G5Bullet_07_F4E2C678CCA0_1_0.mp4...
[2024-09-03 17:18:34,934][main][INFO] - Grouping files in sets...
[2024-09-03 17:18:34,937][main][INFO] - Removed /mnt/geosense/cameras/G5Bullet_07/frames2/hq_frames/frame_000002.jpg
[2024-09-03 17:18:34,937][main][INFO] - Removed /mnt/geosense/cameras/G5Bullet_07/frames2/hq_frames/frame_000003.jpg
[2024-09-03 17:18:34,938][main][INFO] - Removed /mnt/geosense/cameras/G5Bullet_07/frames2/hq_frames/frame_000009.jpg
[2024-09-03 17:18:34,938][main][INFO] - Removed /mnt/geosense/cameras/G5Bullet_07/frames2/hq_frames/frame_000012.jpg
[2024-09-03 17:18:34,939][main][INFO] - Removed /mnt/geosense/cameras/G5Bullet_07/frames2/hq_frames/frame_000017.jpg
[2024-09-03 17:18:34,940][main][INFO] - Removed /mnt/geosense/cameras/G5Bullet_07/frames2/hq_frames/frame_000018.jpg
[2024-09-03 17:18:34,940][main][INFO] - Removed /mnt/geosense/cameras/G5Bullet_07/frames2/hq_frames/frame_000025.jpg
[2024-09-03 17:18:34,941][main][INFO] - Removed /mnt/geosense/cameras/G5Bullet_07/frames2/hq_frames/frame_000026.jpg
[2024-09-03 17:18:34,942][main][INFO] - Removed /mnt/geosense/cameras/G5Bullet_07/frames2/hq_frames/frame_000033.jpg
[2024-09-03 17:18:34,942][main][INFO] - Removed /mnt/geosense/cameras/G5Bullet_07/frames2/hq_frames/frame_000034.jpg
[2024-09-03 17:18:34,943][main][INFO] - Removed /mnt/geosense/cameras/G5Bullet_07/frames2/hq_frames/frame_000040.jpg
[2024-09-03 17:18:34,943][main][INFO] - Removed /mnt/geosense/cameras/G5Bullet_07/frames2/hq_frames/frame_000041.jpg
[2024-09-03 17:18:34,944][main][INFO] - Removed /mnt/geosense/cameras/G5Bullet_07/frames2/hq_frames/frame_000045.jpg
[2024-09-03 17:18:34,944][main][INFO] - Removed /mnt/geosense/cameras/G5Bullet_07/frames2/hq_frames/frame_000049.jpg
[2024-09-03 17:18:34,945][main][INFO] - Removed /mnt/geosense/cameras/G5Bullet_07/frames2/hq_frames/frame_000053.jpg
[2024-09-03 17:18:34,946][main][INFO] - Removed /mnt/geosense/cameras/G5Bullet_07/frames2/hq_frames/frame_000054.jpg
[2024-09-03 17:18:34,946][main][INFO] - Removed /mnt/geosense/cameras/G5Bullet_07/frames2/hq_frames/frame_000063.jpg
[2024-09-03 17:18:34,947][main][INFO] - Removed /mnt/geosense/cameras/G5Bullet_07/frames2/hq_frames/frame_000064.jpg
[2024-09-03 17:18:34,947][main][INFO] - Removed /mnt/geosense/cameras/G5Bullet_07/frames2/hq_frames/frame_000066.jpg
[2024-09-03 17:18:34,948][main][INFO] - Removed /mnt/geosense/cameras/G5Bullet_07/frames2/hq_frames/frame_000067.jpg
[2024-09-03 17:18:34,948][main][INFO] - Removed /mnt/geosense/cameras/G5Bullet_07/frames2/hq_frames/frame_000134.jpg
[2024-09-03 17:18:34,949][main][INFO] - Removed /mnt/geosense/cameras/G5Bullet_07/frames2/hq_frames/frame_000153.jpg
[2024-09-03 17:18:34,950][main][INFO] - Removed /mnt/geosense/cameras/G5Bullet_07/frames2/hq_frames/frame_000528.jpg
[2024-09-03 17:18:34,950][main][INFO] - Removed /mnt/geosense/cameras/G5Bullet_07/frames2/hq_frames/frame_000812.jpg
[2024-09-03 17:18:34,951][main][INFO] - Removed /mnt/geosense/cameras/G5Bullet_07/frames2/hq_frames/frame_001152.jpg
[2024-09-03 17:18:34,952][main][INFO] - Removed /mnt/geosense/cameras/G5Bullet_07/frames2/hq_frames/frame_001212.jpg
[2024-09-03 17:18:34,952][main][INFO] - Removed /mnt/geosense/cameras/G5Bullet_07/frames2/hq_frames/frame_001260.jpg
[2024-09-03 17:18:34,953][main][INFO] - Removed /mnt/geosense/cameras/G5Bullet_07/frames2/hq_frames/frame_001373.jpg
[2024-09-03 17:18:34,954][main][INFO] - Removed /mnt/geosense/cameras/G5Bullet_07/frames2/hq_frames/frame_001791.jpg
[2024-09-03 17:18:34,955][main][INFO] - Removed /mnt/geosense/cameras/G5Bullet_07/frames2/hq_frames/frame_001810.jpg
[2024-09-03 17:18:34,955][main][INFO] - Removed /mnt/geosense/cameras/G5Bullet_07/frames2/hq_frames/frame_002139.jpg
[2024-09-03 17:18:34,956][main][INFO] - Removed /mnt/geosense/cameras/G5Bullet_07/frames2/hq_frames/frame_002241.jpg
[2024-09-03 17:18:34,957][main][INFO] - Removed /mnt/geosense/cameras/G5Bullet_07/frames2/hq_frames/frame_002516.jpg
[2024-09-03 17:18:34,957][main][INFO] - Removed /mnt/geosense/cameras/G5Bullet_07/frames2/hq_frames/frame_002554.jpg
[2024-09-03 17:18:34,958][main][INFO] - Removed /mnt/geosense/cameras/G5Bullet_07/frames2/hq_frames/frame_002737.jpg
[2024-09-03 17:18:34,958][main][INFO] - Removed /mnt/geosense/cameras/G5Bullet_07/frames2/hq_frames/frame_002752.jpg
[2024-09-03 17:18:34,959][main][INFO] - Removed /mnt/geosense/cameras/G5Bullet_07/frames2/hq_frames/frame_003449.jpg
[2024-09-03 17:18:34,960][main][INFO] - Removed /mnt/geosense/cameras/G5Bullet_07/frames2/hq_frames/frame_003495.jpg
[2024-09-03 17:18:34,960][main][INFO] - Removed /mnt/geosense/cameras/G5Bullet_07/frames2/hq_frames/frame_003777.jpg
[2024-09-03 17:18:34,961][main][INFO] - Removed /mnt/geosense/cameras/G5Bullet_07/frames2/hq_frames/frame_003788.jpg
[2024-09-03 17:18:34,961][main][INFO] - Removed /mnt/geosense/cameras/G5Bullet_07/frames2/hq_frames/frame_004019.jpg
[2024-09-03 17:18:34,962][main][INFO] - Removed /mnt/geosense/cameras/G5Bullet_07/frames2/hq_frames/frame_004110.jpg
[2024-09-03 17:18:34,963][main][INFO] - Removed /mnt/geosense/cameras/G5Bullet_07/frames2/hq_frames/frame_004670.jpg
[2024-09-03 17:18:34,964][main][INFO] - Removed /mnt/geosense/cameras/G5Bullet_07/frames2/hq_frames/frame_004691.jpg
[2024-09-03 17:18:34,964][main][INFO] - Removed /mnt/geosense/cameras/G5Bullet_07/frames2/hq_frames/frame_004775.jpg
[2024-09-03 17:18:34,965][main][INFO] - Removed /mnt/geosense/cameras/G5Bullet_07/frames2/hq_frames/frame_004807.jpg
[2024-09-03 17:18:34,965][main][INFO] - Removed /mnt/geosense/cameras/G5Bullet_07/frames2/hq_frames/frame_005415.jpg
[2024-09-03 17:18:34,966][main][INFO] - Removed /mnt/geosense/cameras/G5Bullet_07/frames2/hq_frames/frame_005468.jpg
[2024-09-03 17:18:34,966][main][INFO] - Generate video...
[2024-09-03 17:18:34,966][main][INFO] - Exporting video to /mnt/geosense/cameras/G5Bullet_07/video_timelapse_export/G5Bullet_07_2024-09-03_fr30.mp4...
