[2024-09-04 16:14:15,027][main][INFO] - --------------------------------------------------
[2024-09-04 16:14:15,028][main][INFO] - --------------------------------------------------
[2024-09-04 16:14:15,028][main][INFO] - ::: Processing camera G5Bullet_26 :::
[2024-09-04 16:14:15,028][main][INFO] - --------------------------------------------------
[2024-09-04 16:14:15,028][main][INFO] - --------------------------------------------------
[2024-09-04 16:14:15,028][main][INFO] - Transfering data from NVR (/volume1/videos/G5Bullet_26/*0.mp4) to VM (/mnt/geosense/cameras/G5Bullet_26/mp4)...
[2024-09-04 16:34:24,393][main][INFO] - Extract frames...
[2024-09-04 16:34:24,394][main][INFO] - Renaming .mp4 files...
[2024-09-04 16:34:24,394][main][INFO] - Renamed /mnt/geosense/cameras/G5Bullet_26/mp4/G5Bullet_26_F4E2C678D12A_2024-09-03_1_0.mp4 to /mnt/geosense/cameras/G5Bullet_26/mp4/File_000_G5Bullet_26_F4E2C678D12A_2024-09-03_1_0.mp4
[2024-09-04 16:34:24,395][main][INFO] - Renamed /mnt/geosense/cameras/G5Bullet_26/mp4/G5Bullet_26_F4E2C678D12A_2024-09-03_10_0.mp4 to /mnt/geosense/cameras/G5Bullet_26/mp4/File_001_G5Bullet_26_F4E2C678D12A_2024-09-03_10_0.mp4
[2024-09-04 16:34:24,395][main][INFO] - Renamed /mnt/geosense/cameras/G5Bullet_26/mp4/G5Bullet_26_F4E2C678D12A_2024-09-03_11_0.mp4 to /mnt/geosense/cameras/G5Bullet_26/mp4/File_002_G5Bullet_26_F4E2C678D12A_2024-09-03_11_0.mp4
[2024-09-04 16:34:24,395][main][INFO] - Renamed /mnt/geosense/cameras/G5Bullet_26/mp4/G5Bullet_26_F4E2C678D12A_2024-09-03_12_0.mp4 to /mnt/geosense/cameras/G5Bullet_26/mp4/File_003_G5Bullet_26_F4E2C678D12A_2024-09-03_12_0.mp4
[2024-09-04 16:34:24,395][main][INFO] - Renamed /mnt/geosense/cameras/G5Bullet_26/mp4/G5Bullet_26_F4E2C678D12A_2024-09-03_13_0.mp4 to /mnt/geosense/cameras/G5Bullet_26/mp4/File_004_G5Bullet_26_F4E2C678D12A_2024-09-03_13_0.mp4
[2024-09-04 16:34:24,395][main][INFO] - Renamed /mnt/geosense/cameras/G5Bullet_26/mp4/G5Bullet_26_F4E2C678D12A_2024-09-03_14_0.mp4 to /mnt/geosense/cameras/G5Bullet_26/mp4/File_005_G5Bullet_26_F4E2C678D12A_2024-09-03_14_0.mp4
[2024-09-04 16:34:24,395][main][INFO] - Renamed /mnt/geosense/cameras/G5Bullet_26/mp4/G5Bullet_26_F4E2C678D12A_2024-09-03_15_0.mp4 to /mnt/geosense/cameras/G5Bullet_26/mp4/File_006_G5Bullet_26_F4E2C678D12A_2024-09-03_15_0.mp4
[2024-09-04 16:34:24,395][main][INFO] - Renamed /mnt/geosense/cameras/G5Bullet_26/mp4/G5Bullet_26_F4E2C678D12A_2024-09-03_16_0.mp4 to /mnt/geosense/cameras/G5Bullet_26/mp4/File_007_G5Bullet_26_F4E2C678D12A_2024-09-03_16_0.mp4
[2024-09-04 16:34:24,395][main][INFO] - Renamed /mnt/geosense/cameras/G5Bullet_26/mp4/G5Bullet_26_F4E2C678D12A_2024-09-03_17_0.mp4 to /mnt/geosense/cameras/G5Bullet_26/mp4/File_008_G5Bullet_26_F4E2C678D12A_2024-09-03_17_0.mp4
[2024-09-04 16:34:24,396][main][INFO] - Renamed /mnt/geosense/cameras/G5Bullet_26/mp4/G5Bullet_26_F4E2C678D12A_2024-09-03_18_0.mp4 to /mnt/geosense/cameras/G5Bullet_26/mp4/File_009_G5Bullet_26_F4E2C678D12A_2024-09-03_18_0.mp4
[2024-09-04 16:34:24,396][main][INFO] - Renamed /mnt/geosense/cameras/G5Bullet_26/mp4/G5Bullet_26_F4E2C678D12A_2024-09-03_19_0.mp4 to /mnt/geosense/cameras/G5Bullet_26/mp4/File_010_G5Bullet_26_F4E2C678D12A_2024-09-03_19_0.mp4
[2024-09-04 16:34:24,396][main][INFO] - Renamed /mnt/geosense/cameras/G5Bullet_26/mp4/G5Bullet_26_F4E2C678D12A_2024-09-03_20_0.mp4 to /mnt/geosense/cameras/G5Bullet_26/mp4/File_011_G5Bullet_26_F4E2C678D12A_2024-09-03_20_0.mp4
[2024-09-04 16:34:24,396][main][INFO] - Renamed /mnt/geosense/cameras/G5Bullet_26/mp4/G5Bullet_26_F4E2C678D12A_2024-09-03_21_0.mp4 to /mnt/geosense/cameras/G5Bullet_26/mp4/File_012_G5Bullet_26_F4E2C678D12A_2024-09-03_21_0.mp4
[2024-09-04 16:34:24,396][main][INFO] - Renamed /mnt/geosense/cameras/G5Bullet_26/mp4/G5Bullet_26_F4E2C678D12A_2024-09-03_22_0.mp4 to /mnt/geosense/cameras/G5Bullet_26/mp4/File_013_G5Bullet_26_F4E2C678D12A_2024-09-03_22_0.mp4
[2024-09-04 16:34:24,396][main][INFO] - Renamed /mnt/geosense/cameras/G5Bullet_26/mp4/G5Bullet_26_F4E2C678D12A_2024-09-03_23_0.mp4 to /mnt/geosense/cameras/G5Bullet_26/mp4/File_014_G5Bullet_26_F4E2C678D12A_2024-09-03_23_0.mp4
[2024-09-04 16:34:24,396][main][INFO] - Renamed /mnt/geosense/cameras/G5Bullet_26/mp4/G5Bullet_26_F4E2C678D12A_2024-09-03_24_0.mp4 to /mnt/geosense/cameras/G5Bullet_26/mp4/File_015_G5Bullet_26_F4E2C678D12A_2024-09-03_24_0.mp4
[2024-09-04 16:34:24,396][main][INFO] - Renamed /mnt/geosense/cameras/G5Bullet_26/mp4/G5Bullet_26_F4E2C678D12A_2024-09-03_25_0.mp4 to /mnt/geosense/cameras/G5Bullet_26/mp4/File_016_G5Bullet_26_F4E2C678D12A_2024-09-03_25_0.mp4
[2024-09-04 16:34:24,397][main][INFO] - Renamed /mnt/geosense/cameras/G5Bullet_26/mp4/G5Bullet_26_F4E2C678D12A_2024-09-03_26_0.mp4 to /mnt/geosense/cameras/G5Bullet_26/mp4/File_017_G5Bullet_26_F4E2C678D12A_2024-09-03_26_0.mp4
[2024-09-04 16:34:24,397][main][INFO] - Renamed /mnt/geosense/cameras/G5Bullet_26/mp4/G5Bullet_26_F4E2C678D12A_2024-09-03_27_0.mp4 to /mnt/geosense/cameras/G5Bullet_26/mp4/File_018_G5Bullet_26_F4E2C678D12A_2024-09-03_27_0.mp4
[2024-09-04 16:34:24,397][main][INFO] - Renamed /mnt/geosense/cameras/G5Bullet_26/mp4/G5Bullet_26_F4E2C678D12A_2024-09-03_28_0.mp4 to /mnt/geosense/cameras/G5Bullet_26/mp4/File_019_G5Bullet_26_F4E2C678D12A_2024-09-03_28_0.mp4
[2024-09-04 16:34:24,397][main][INFO] - Processing file /mnt/geosense/cameras/G5Bullet_26/mp4/File_000_G5Bullet_26_F4E2C678D12A_2024-09-03_1_0.mp4...
[2024-09-04 16:36:50,635][main][INFO] - All frames extracted.
[2024-09-04 16:36:50,635][main][INFO] - Total frames extracted: 419
[2024-09-04 16:36:50,636][main][INFO] - Grouping files in sets...
[2024-09-04 16:36:50,643][main][INFO] - Moving files to staging directory...
[2024-09-04 16:36:50,645][main][INFO] - Keeping every third file and removing the others...
[2024-09-04 16:36:50,697][main][INFO] - Processing file /mnt/geosense/cameras/G5Bullet_26/mp4/File_001_G5Bullet_26_F4E2C678D12A_2024-09-03_10_0.mp4...
[2024-09-04 16:38:24,140][main][INFO] - All frames extracted.
[2024-09-04 16:38:24,141][main][INFO] - Total frames extracted: 578
[2024-09-04 16:38:24,141][main][INFO] - Grouping files in sets...
[2024-09-04 16:38:24,143][main][INFO] - Moving files to staging directory...
[2024-09-04 16:38:24,144][main][INFO] - Keeping every third file and removing the others...
[2024-09-04 16:38:24,185][main][INFO] - Processing file /mnt/geosense/cameras/G5Bullet_26/mp4/File_002_G5Bullet_26_F4E2C678D12A_2024-09-03_11_0.mp4...
[2024-09-04 16:40:10,289][main][INFO] - All frames extracted.
[2024-09-04 16:40:10,305][main][INFO] - Total frames extracted: 732
[2024-09-04 16:40:10,305][main][INFO] - Grouping files in sets...
[2024-09-04 16:40:10,307][main][INFO] - Moving files to staging directory...
[2024-09-04 16:40:10,308][main][INFO] - Keeping every third file and removing the others...
[2024-09-04 16:40:10,527][main][INFO] - Processing file /mnt/geosense/cameras/G5Bullet_26/mp4/File_003_G5Bullet_26_F4E2C678D12A_2024-09-03_12_0.mp4...
[2024-09-04 16:42:10,436][main][INFO] - All frames extracted.
[2024-09-04 16:42:10,437][main][INFO] - Total frames extracted: 886
[2024-09-04 16:42:10,438][main][INFO] - Grouping files in sets...
[2024-09-04 16:42:10,440][main][INFO] - Moving files to staging directory...
[2024-09-04 16:42:10,441][main][INFO] - Keeping every third file and removing the others...
[2024-09-04 16:42:10,469][main][INFO] - Processing file /mnt/geosense/cameras/G5Bullet_26/mp4/File_004_G5Bullet_26_F4E2C678D12A_2024-09-03_13_0.mp4...
[2024-09-04 16:43:50,742][main][INFO] - All frames extracted.
[2024-09-04 16:43:50,743][main][INFO] - Total frames extracted: 1049
[2024-09-04 16:43:50,743][main][INFO] - Grouping files in sets...
[2024-09-04 16:43:50,746][main][INFO] - Moving files to staging directory...
[2024-09-04 16:43:50,747][main][INFO] - Keeping every third file and removing the others...
[2024-09-04 16:43:50,779][main][INFO] - Processing file /mnt/geosense/cameras/G5Bullet_26/mp4/File_005_G5Bullet_26_F4E2C678D12A_2024-09-03_14_0.mp4...
[2024-09-04 16:45:19,830][main][INFO] - All frames extracted.
[2024-09-04 16:45:19,831][main][INFO] - Total frames extracted: 1226
[2024-09-04 16:45:19,831][main][INFO] - Grouping files in sets...
[2024-09-04 16:45:19,833][main][INFO] - Moving files to staging directory...
[2024-09-04 16:45:19,834][main][INFO] - Keeping every third file and removing the others...
[2024-09-04 16:45:19,897][main][INFO] - Processing file /mnt/geosense/cameras/G5Bullet_26/mp4/File_006_G5Bullet_26_F4E2C678D12A_2024-09-03_15_0.mp4...
[2024-09-04 16:46:50,683][main][INFO] - All frames extracted.
[2024-09-04 16:46:50,689][main][INFO] - Total frames extracted: 1439
[2024-09-04 16:46:50,689][main][INFO] - Grouping files in sets...
[2024-09-04 16:46:50,692][main][INFO] - Moving files to staging directory...
[2024-09-04 16:46:50,693][main][INFO] - Keeping every third file and removing the others...
[2024-09-04 16:46:50,769][main][INFO] - Processing file /mnt/geosense/cameras/G5Bullet_26/mp4/File_007_G5Bullet_26_F4E2C678D12A_2024-09-03_16_0.mp4...
[2024-09-04 16:48:23,724][main][INFO] - All frames extracted.
[2024-09-04 16:48:23,724][main][INFO] - Total frames extracted: 1654
[2024-09-04 16:48:23,724][main][INFO] - Grouping files in sets...
[2024-09-04 16:48:23,726][main][INFO] - Moving files to staging directory...
[2024-09-04 16:48:23,727][main][INFO] - Keeping every third file and removing the others...
[2024-09-04 16:48:23,805][main][INFO] - Processing file /mnt/geosense/cameras/G5Bullet_26/mp4/File_008_G5Bullet_26_F4E2C678D12A_2024-09-03_17_0.mp4...
[2024-09-04 16:49:55,587][main][INFO] - All frames extracted.
[2024-09-04 16:49:55,588][main][INFO] - Total frames extracted: 1867
[2024-09-04 16:49:55,589][main][INFO] - Grouping files in sets...
[2024-09-04 16:49:55,591][main][INFO] - Moving files to staging directory...
[2024-09-04 16:49:55,592][main][INFO] - Keeping every third file and removing the others...
[2024-09-04 16:49:55,664][main][INFO] - Processing file /mnt/geosense/cameras/G5Bullet_26/mp4/File_009_G5Bullet_26_F4E2C678D12A_2024-09-03_18_0.mp4...
[2024-09-04 16:51:45,148][main][INFO] - All frames extracted.
[2024-09-04 16:51:45,149][main][INFO] - Total frames extracted: 2047
[2024-09-04 16:51:45,149][main][INFO] - Grouping files in sets...
[2024-09-04 16:51:45,151][main][INFO] - Moving files to staging directory...
[2024-09-04 16:51:45,152][main][INFO] - Keeping every third file and removing the others...
[2024-09-04 16:51:45,217][main][INFO] - Processing file /mnt/geosense/cameras/G5Bullet_26/mp4/File_010_G5Bullet_26_F4E2C678D12A_2024-09-03_19_0.mp4...
[2024-09-04 16:53:13,750][main][INFO] - All frames extracted.
[2024-09-04 16:53:13,751][main][INFO] - Total frames extracted: 2234
[2024-09-04 16:53:13,752][main][INFO] - Grouping files in sets...
[2024-09-04 16:53:13,754][main][INFO] - Moving files to staging directory...
[2024-09-04 16:53:13,755][main][INFO] - Keeping every third file and removing the others...
[2024-09-04 16:53:13,827][main][INFO] - Processing file /mnt/geosense/cameras/G5Bullet_26/mp4/File_011_G5Bullet_26_F4E2C678D12A_2024-09-03_20_0.mp4...
[2024-09-04 16:54:38,536][main][INFO] - All frames extracted.
[2024-09-04 16:54:38,537][main][INFO] - Total frames extracted: 2399
[2024-09-04 16:54:38,537][main][INFO] - Grouping files in sets...
[2024-09-04 16:54:38,539][main][INFO] - Moving files to staging directory...
[2024-09-04 16:54:38,540][main][INFO] - Keeping every third file and removing the others...
[2024-09-04 16:54:38,599][main][INFO] - Processing file /mnt/geosense/cameras/G5Bullet_26/mp4/File_012_G5Bullet_26_F4E2C678D12A_2024-09-03_21_0.mp4...
[2024-09-04 16:56:03,771][main][INFO] - All frames extracted.
[2024-09-04 16:56:03,772][main][INFO] - Total frames extracted: 2564
[2024-09-04 16:56:03,772][main][INFO] - Grouping files in sets...
[2024-09-04 16:56:03,774][main][INFO] - Moving files to staging directory...
[2024-09-04 16:56:03,775][main][INFO] - Keeping every third file and removing the others...
[2024-09-04 16:56:03,836][main][INFO] - Processing file /mnt/geosense/cameras/G5Bullet_26/mp4/File_013_G5Bullet_26_F4E2C678D12A_2024-09-03_22_0.mp4...
[2024-09-04 16:57:30,298][main][INFO] - All frames extracted.
[2024-09-04 16:57:30,299][main][INFO] - Total frames extracted: 2725
[2024-09-04 16:57:30,299][main][INFO] - Grouping files in sets...
[2024-09-04 16:57:30,301][main][INFO] - Moving files to staging directory...
[2024-09-04 16:57:30,302][main][INFO] - Keeping every third file and removing the others...
[2024-09-04 16:57:30,364][main][INFO] - Processing file /mnt/geosense/cameras/G5Bullet_26/mp4/File_014_G5Bullet_26_F4E2C678D12A_2024-09-03_23_0.mp4...
[2024-09-04 16:58:52,823][main][INFO] - All frames extracted.
[2024-09-04 16:58:52,824][main][INFO] - Total frames extracted: 2875
[2024-09-04 16:58:52,824][main][INFO] - Grouping files in sets...
[2024-09-04 16:58:52,826][main][INFO] - Moving files to staging directory...
[2024-09-04 16:58:52,827][main][INFO] - Keeping every third file and removing the others...
[2024-09-04 16:58:52,881][main][INFO] - Processing file /mnt/geosense/cameras/G5Bullet_26/mp4/File_015_G5Bullet_26_F4E2C678D12A_2024-09-03_24_0.mp4...
[2024-09-04 17:00:41,456][main][INFO] - All frames extracted.
[2024-09-04 17:00:41,535][main][INFO] - Total frames extracted: 3039
[2024-09-04 17:00:41,535][main][INFO] - Grouping files in sets...
[2024-09-04 17:00:41,537][main][INFO] - Moving files to staging directory...
[2024-09-04 17:00:41,538][main][INFO] - Keeping every third file and removing the others...
[2024-09-04 17:00:41,602][main][INFO] - Processing file /mnt/geosense/cameras/G5Bullet_26/mp4/File_016_G5Bullet_26_F4E2C678D12A_2024-09-03_25_0.mp4...
[2024-09-04 17:02:07,900][main][INFO] - All frames extracted.
[2024-09-04 17:02:07,902][main][INFO] - Total frames extracted: 3194
[2024-09-04 17:02:07,902][main][INFO] - Grouping files in sets...
[2024-09-04 17:02:07,904][main][INFO] - Moving files to staging directory...
[2024-09-04 17:02:07,904][main][INFO] - Keeping every third file and removing the others...
[2024-09-04 17:02:07,946][main][INFO] - Processing file /mnt/geosense/cameras/G5Bullet_26/mp4/File_017_G5Bullet_26_F4E2C678D12A_2024-09-03_26_0.mp4...
[2024-09-04 17:03:37,047][main][INFO] - All frames extracted.
[2024-09-04 17:03:37,048][main][INFO] - Total frames extracted: 3375
[2024-09-04 17:03:37,049][main][INFO] - Grouping files in sets...
[2024-09-04 17:03:37,051][main][INFO] - Moving files to staging directory...
[2024-09-04 17:03:37,052][main][INFO] - Keeping every third file and removing the others...
[2024-09-04 17:03:37,096][main][INFO] - Processing file /mnt/geosense/cameras/G5Bullet_26/mp4/File_018_G5Bullet_26_F4E2C678D12A_2024-09-03_27_0.mp4...
[2024-09-04 17:05:05,724][main][INFO] - All frames extracted.
[2024-09-04 17:05:05,725][main][INFO] - Total frames extracted: 3558
[2024-09-04 17:05:05,725][main][INFO] - Grouping files in sets...
[2024-09-04 17:05:05,727][main][INFO] - Moving files to staging directory...
[2024-09-04 17:05:05,728][main][INFO] - Keeping every third file and removing the others...
[2024-09-04 17:05:05,793][main][INFO] - Processing file /mnt/geosense/cameras/G5Bullet_26/mp4/File_019_G5Bullet_26_F4E2C678D12A_2024-09-03_28_0.mp4...
[2024-09-04 17:06:38,842][main][INFO] - All frames extracted.
[2024-09-04 17:06:38,843][main][INFO] - Total frames extracted: 3775
[2024-09-04 17:06:38,844][main][INFO] - Grouping files in sets...
[2024-09-04 17:06:38,846][main][INFO] - Moving files to staging directory...
[2024-09-04 17:06:38,847][main][INFO] - Keeping every third file and removing the others...
[2024-09-04 17:06:38,920][main][INFO] - Generate video...
[2024-09-04 17:06:38,920][main][INFO] - Exporting video to /mnt/geosense/cameras/G5Bullet_26/video_timelapse_export/G5Bullet_26_2024-09-03_fr30.mp4...
[2024-09-04 17:08:21,530][main][INFO] - Transfering video to Pylos...
[2024-09-04 17:10:11,810][main][INFO] - ::: Successfull transfer of video to Pylos. :::
[2024-09-04 17:10:11,815][main][INFO] - --------------------------------------------------
[2024-09-04 17:10:11,815][main][INFO] - --------------------------------------------------
[2024-09-04 17:10:11,844][main][INFO] - --------------------------------------------------
[2024-09-04 17:10:11,844][main][INFO] - --------------------------------------------------
[2024-09-04 17:10:11,844][main][INFO] - ::: Processing camera G5Bullet_27 :::
[2024-09-04 17:10:11,844][main][INFO] - --------------------------------------------------
[2024-09-04 17:10:11,844][main][INFO] - --------------------------------------------------
[2024-09-04 17:10:11,844][main][INFO] - Transfering data from NVR (/volume1/videos/G5Bullet_27/*0.mp4) to VM (/mnt/geosense/cameras/G5Bullet_27/mp4)...
[2024-09-04 17:40:35,574][main][INFO] - Extract frames...
[2024-09-04 17:40:35,647][main][INFO] - Renaming .mp4 files...
[2024-09-04 17:40:35,647][main][INFO] - Renamed /mnt/geosense/cameras/G5Bullet_27/mp4/G5Bullet_27_F4E2C678D10D_2024-09-03_1_0.mp4 to /mnt/geosense/cameras/G5Bullet_27/mp4/File_000_G5Bullet_27_F4E2C678D10D_2024-09-03_1_0.mp4
[2024-09-04 17:40:35,648][main][INFO] - Renamed /mnt/geosense/cameras/G5Bullet_27/mp4/G5Bullet_27_F4E2C678D10D_2024-09-03_2_0.mp4 to /mnt/geosense/cameras/G5Bullet_27/mp4/File_001_G5Bullet_27_F4E2C678D10D_2024-09-03_2_0.mp4
[2024-09-04 17:40:35,648][main][INFO] - Renamed /mnt/geosense/cameras/G5Bullet_27/mp4/G5Bullet_27_F4E2C678D10D_2024-09-03_3_0.mp4 to /mnt/geosense/cameras/G5Bullet_27/mp4/File_002_G5Bullet_27_F4E2C678D10D_2024-09-03_3_0.mp4
[2024-09-04 17:40:35,648][main][INFO] - Renamed /mnt/geosense/cameras/G5Bullet_27/mp4/G5Bullet_27_F4E2C678D10D_2024-09-03_4_0.mp4 to /mnt/geosense/cameras/G5Bullet_27/mp4/File_003_G5Bullet_27_F4E2C678D10D_2024-09-03_4_0.mp4
[2024-09-04 17:40:35,648][main][INFO] - Renamed /mnt/geosense/cameras/G5Bullet_27/mp4/G5Bullet_27_F4E2C678D10D_2024-09-03_5_0.mp4 to /mnt/geosense/cameras/G5Bullet_27/mp4/File_004_G5Bullet_27_F4E2C678D10D_2024-09-03_5_0.mp4
[2024-09-04 17:40:35,648][main][INFO] - Renamed /mnt/geosense/cameras/G5Bullet_27/mp4/G5Bullet_27_F4E2C678D10D_2024-09-03_6_0.mp4 to /mnt/geosense/cameras/G5Bullet_27/mp4/File_005_G5Bullet_27_F4E2C678D10D_2024-09-03_6_0.mp4
[2024-09-04 17:40:35,648][main][INFO] - Renamed /mnt/geosense/cameras/G5Bullet_27/mp4/G5Bullet_27_F4E2C678D10D_2024-09-03_7_0.mp4 to /mnt/geosense/cameras/G5Bullet_27/mp4/File_006_G5Bullet_27_F4E2C678D10D_2024-09-03_7_0.mp4
[2024-09-04 17:40:35,648][main][INFO] - Renamed /mnt/geosense/cameras/G5Bullet_27/mp4/G5Bullet_27_F4E2C678D10D_2024-09-03_8_0.mp4 to /mnt/geosense/cameras/G5Bullet_27/mp4/File_007_G5Bullet_27_F4E2C678D10D_2024-09-03_8_0.mp4
[2024-09-04 17:40:35,649][main][INFO] - Renamed /mnt/geosense/cameras/G5Bullet_27/mp4/G5Bullet_27_F4E2C678D10D_2024-09-03_9_0.mp4 to /mnt/geosense/cameras/G5Bullet_27/mp4/File_008_G5Bullet_27_F4E2C678D10D_2024-09-03_9_0.mp4
[2024-09-04 17:40:35,649][main][INFO] - Renamed /mnt/geosense/cameras/G5Bullet_27/mp4/G5Bullet_27_F4E2C678D10D_2024-09-03_10_0.mp4 to /mnt/geosense/cameras/G5Bullet_27/mp4/File_009_G5Bullet_27_F4E2C678D10D_2024-09-03_10_0.mp4
[2024-09-04 17:40:35,649][main][INFO] - Renamed /mnt/geosense/cameras/G5Bullet_27/mp4/G5Bullet_27_F4E2C678D10D_2024-09-03_11_0.mp4 to /mnt/geosense/cameras/G5Bullet_27/mp4/File_010_G5Bullet_27_F4E2C678D10D_2024-09-03_11_0.mp4
[2024-09-04 17:40:35,649][main][INFO] - Renamed /mnt/geosense/cameras/G5Bullet_27/mp4/G5Bullet_27_F4E2C678D10D_2024-09-03_12_0.mp4 to /mnt/geosense/cameras/G5Bullet_27/mp4/File_011_G5Bullet_27_F4E2C678D10D_2024-09-03_12_0.mp4
[2024-09-04 17:40:35,649][main][INFO] - Renamed /mnt/geosense/cameras/G5Bullet_27/mp4/G5Bullet_27_F4E2C678D10D_2024-09-03_13_0.mp4 to /mnt/geosense/cameras/G5Bullet_27/mp4/File_012_G5Bullet_27_F4E2C678D10D_2024-09-03_13_0.mp4
[2024-09-04 17:40:35,649][main][INFO] - Renamed /mnt/geosense/cameras/G5Bullet_27/mp4/G5Bullet_27_F4E2C678D10D_2024-09-03_14_0.mp4 to /mnt/geosense/cameras/G5Bullet_27/mp4/File_013_G5Bullet_27_F4E2C678D10D_2024-09-03_14_0.mp4
[2024-09-04 17:40:35,649][main][INFO] - Renamed /mnt/geosense/cameras/G5Bullet_27/mp4/G5Bullet_27_F4E2C678D10D_2024-09-03_15_0.mp4 to /mnt/geosense/cameras/G5Bullet_27/mp4/File_014_G5Bullet_27_F4E2C678D10D_2024-09-03_15_0.mp4
[2024-09-04 17:40:35,649][main][INFO] - Renamed /mnt/geosense/cameras/G5Bullet_27/mp4/G5Bullet_27_F4E2C678D10D_2024-09-03_16_0.mp4 to /mnt/geosense/cameras/G5Bullet_27/mp4/File_015_G5Bullet_27_F4E2C678D10D_2024-09-03_16_0.mp4
[2024-09-04 17:40:35,650][main][INFO] - Renamed /mnt/geosense/cameras/G5Bullet_27/mp4/G5Bullet_27_F4E2C678D10D_2024-09-03_17_0.mp4 to /mnt/geosense/cameras/G5Bullet_27/mp4/File_016_G5Bullet_27_F4E2C678D10D_2024-09-03_17_0.mp4
[2024-09-04 17:40:35,650][main][INFO] - Renamed /mnt/geosense/cameras/G5Bullet_27/mp4/G5Bullet_27_F4E2C678D10D_2024-09-03_18_0.mp4 to /mnt/geosense/cameras/G5Bullet_27/mp4/File_017_G5Bullet_27_F4E2C678D10D_2024-09-03_18_0.mp4
[2024-09-04 17:40:35,650][main][INFO] - Renamed /mnt/geosense/cameras/G5Bullet_27/mp4/G5Bullet_27_F4E2C678D10D_2024-09-03_19_0.mp4 to /mnt/geosense/cameras/G5Bullet_27/mp4/File_018_G5Bullet_27_F4E2C678D10D_2024-09-03_19_0.mp4
[2024-09-04 17:40:35,650][main][INFO] - Renamed /mnt/geosense/cameras/G5Bullet_27/mp4/G5Bullet_27_F4E2C678D10D_2024-09-03_20_0.mp4 to /mnt/geosense/cameras/G5Bullet_27/mp4/File_019_G5Bullet_27_F4E2C678D10D_2024-09-03_20_0.mp4
[2024-09-04 17:40:35,650][main][INFO] - Renamed /mnt/geosense/cameras/G5Bullet_27/mp4/G5Bullet_27_F4E2C678D10D_2024-09-03_21_0.mp4 to /mnt/geosense/cameras/G5Bullet_27/mp4/File_020_G5Bullet_27_F4E2C678D10D_2024-09-03_21_0.mp4
[2024-09-04 17:40:35,650][main][INFO] - Renamed /mnt/geosense/cameras/G5Bullet_27/mp4/G5Bullet_27_F4E2C678D10D_2024-09-03_22_0.mp4 to /mnt/geosense/cameras/G5Bullet_27/mp4/File_021_G5Bullet_27_F4E2C678D10D_2024-09-03_22_0.mp4
[2024-09-04 17:40:35,650][main][INFO] - Renamed /mnt/geosense/cameras/G5Bullet_27/mp4/G5Bullet_27_F4E2C678D10D_2024-09-03_23_0.mp4 to /mnt/geosense/cameras/G5Bullet_27/mp4/File_022_G5Bullet_27_F4E2C678D10D_2024-09-03_23_0.mp4
[2024-09-04 17:40:35,650][main][INFO] - Renamed /mnt/geosense/cameras/G5Bullet_27/mp4/G5Bullet_27_F4E2C678D10D_2024-09-03_24_0.mp4 to /mnt/geosense/cameras/G5Bullet_27/mp4/File_023_G5Bullet_27_F4E2C678D10D_2024-09-03_24_0.mp4
[2024-09-04 17:40:35,651][main][INFO] - Renamed /mnt/geosense/cameras/G5Bullet_27/mp4/G5Bullet_27_F4E2C678D10D_2024-09-03_25_0.mp4 to /mnt/geosense/cameras/G5Bullet_27/mp4/File_024_G5Bullet_27_F4E2C678D10D_2024-09-03_25_0.mp4
[2024-09-04 17:40:35,651][main][INFO] - Renamed /mnt/geosense/cameras/G5Bullet_27/mp4/G5Bullet_27_F4E2C678D10D_2024-09-03_26_0.mp4 to /mnt/geosense/cameras/G5Bullet_27/mp4/File_025_G5Bullet_27_F4E2C678D10D_2024-09-03_26_0.mp4
[2024-09-04 17:40:35,651][main][INFO] - Renamed /mnt/geosense/cameras/G5Bullet_27/mp4/G5Bullet_27_F4E2C678D10D_2024-09-03_27_0.mp4 to /mnt/geosense/cameras/G5Bullet_27/mp4/File_026_G5Bullet_27_F4E2C678D10D_2024-09-03_27_0.mp4
[2024-09-04 17:40:35,651][main][INFO] - Renamed /mnt/geosense/cameras/G5Bullet_27/mp4/G5Bullet_27_F4E2C678D10D_2024-09-03_28_0.mp4 to /mnt/geosense/cameras/G5Bullet_27/mp4/File_027_G5Bullet_27_F4E2C678D10D_2024-09-03_28_0.mp4
[2024-09-04 17:40:35,651][main][INFO] - Renamed /mnt/geosense/cameras/G5Bullet_27/mp4/G5Bullet_27_F4E2C678D10D_2024-09-03_29_0.mp4 to /mnt/geosense/cameras/G5Bullet_27/mp4/File_028_G5Bullet_27_F4E2C678D10D_2024-09-03_29_0.mp4
[2024-09-04 17:40:35,651][main][INFO] - Renamed /mnt/geosense/cameras/G5Bullet_27/mp4/G5Bullet_27_F4E2C678D10D_2024-09-03_30_0.mp4 to /mnt/geosense/cameras/G5Bullet_27/mp4/File_029_G5Bullet_27_F4E2C678D10D_2024-09-03_30_0.mp4
[2024-09-04 17:40:35,651][main][INFO] - Renamed /mnt/geosense/cameras/G5Bullet_27/mp4/G5Bullet_27_F4E2C678D10D_2024-09-03_31_0.mp4 to /mnt/geosense/cameras/G5Bullet_27/mp4/File_030_G5Bullet_27_F4E2C678D10D_2024-09-03_31_0.mp4
[2024-09-04 17:40:35,651][main][INFO] - Renamed /mnt/geosense/cameras/G5Bullet_27/mp4/G5Bullet_27_F4E2C678D10D_2024-09-03_32_0.mp4 to /mnt/geosense/cameras/G5Bullet_27/mp4/File_031_G5Bullet_27_F4E2C678D10D_2024-09-03_32_0.mp4
[2024-09-04 17:40:35,652][main][INFO] - Renamed /mnt/geosense/cameras/G5Bullet_27/mp4/G5Bullet_27_F4E2C678D10D_2024-09-03_33_0.mp4 to /mnt/geosense/cameras/G5Bullet_27/mp4/File_032_G5Bullet_27_F4E2C678D10D_2024-09-03_33_0.mp4
[2024-09-04 17:40:35,652][main][INFO] - Renamed /mnt/geosense/cameras/G5Bullet_27/mp4/G5Bullet_27_F4E2C678D10D_2024-09-03_34_0.mp4 to /mnt/geosense/cameras/G5Bullet_27/mp4/File_033_G5Bullet_27_F4E2C678D10D_2024-09-03_34_0.mp4
[2024-09-04 17:40:35,652][main][INFO] - Renamed /mnt/geosense/cameras/G5Bullet_27/mp4/G5Bullet_27_F4E2C678D10D_2024-09-03_35_0.mp4 to /mnt/geosense/cameras/G5Bullet_27/mp4/File_034_G5Bullet_27_F4E2C678D10D_2024-09-03_35_0.mp4
[2024-09-04 17:40:35,652][main][INFO] - Renamed /mnt/geosense/cameras/G5Bullet_27/mp4/G5Bullet_27_F4E2C678D10D_2024-09-03_36_0.mp4 to /mnt/geosense/cameras/G5Bullet_27/mp4/File_035_G5Bullet_27_F4E2C678D10D_2024-09-03_36_0.mp4
[2024-09-04 17:40:35,652][main][INFO] - Renamed /mnt/geosense/cameras/G5Bullet_27/mp4/G5Bullet_27_F4E2C678D10D_2024-09-03_37_0.mp4 to /mnt/geosense/cameras/G5Bullet_27/mp4/File_036_G5Bullet_27_F4E2C678D10D_2024-09-03_37_0.mp4
[2024-09-04 17:40:35,652][main][INFO] - Renamed /mnt/geosense/cameras/G5Bullet_27/mp4/G5Bullet_27_F4E2C678D10D_2024-09-03_38_0.mp4 to /mnt/geosense/cameras/G5Bullet_27/mp4/File_037_G5Bullet_27_F4E2C678D10D_2024-09-03_38_0.mp4
[2024-09-04 17:40:35,653][main][INFO] - Processing file /mnt/geosense/cameras/G5Bullet_27/mp4/File_000_G5Bullet_27_F4E2C678D10D_2024-09-03_1_0.mp4...
[2024-09-04 17:56:11,823][main][INFO] - All frames extracted.
[2024-09-04 17:56:11,824][main][INFO] - Total frames extracted: 10980
[2024-09-04 17:56:11,824][main][INFO] - Grouping files in sets...
[2024-09-04 17:56:11,975][main][INFO] - Moving files to staging directory...
[2024-09-04 17:56:12,078][main][INFO] - Keeping every third file and removing the others...
[2024-09-04 17:56:12,763][main][INFO] - Processing file /mnt/geosense/cameras/G5Bullet_27/mp4/File_001_G5Bullet_27_F4E2C678D10D_2024-09-03_2_0.mp4...
[2024-09-04 18:12:00,568][main][INFO] - All frames extracted.
[2024-09-04 18:12:00,570][main][INFO] - Total frames extracted: 22110
[2024-09-04 18:12:00,570][main][INFO] - Grouping files in sets...
[2024-09-04 18:12:00,717][main][INFO] - Moving files to staging directory...
[2024-09-04 18:12:00,769][main][INFO] - Keeping every third file and removing the others...
[2024-09-04 18:12:01,333][main][INFO] - Processing file /mnt/geosense/cameras/G5Bullet_27/mp4/File_002_G5Bullet_27_F4E2C678D10D_2024-09-03_3_0.mp4...
[2024-09-04 18:26:26,325][main][INFO] - All frames extracted.
[2024-09-04 18:26:26,326][main][INFO] - Total frames extracted: 32040
[2024-09-04 18:26:26,327][main][INFO] - Grouping files in sets...
[2024-09-04 18:26:26,535][main][INFO] - Moving files to staging directory...
[2024-09-04 18:26:26,585][main][INFO] - Keeping every third file and removing the others...
[2024-09-04 18:26:27,197][main][INFO] - Processing file /mnt/geosense/cameras/G5Bullet_27/mp4/File_003_G5Bullet_27_F4E2C678D10D_2024-09-03_4_0.mp4...
[2024-09-04 18:42:32,339][main][INFO] - All frames extracted.
[2024-09-04 18:42:32,340][main][INFO] - Total frames extracted: 43335
[2024-09-04 18:42:32,340][main][INFO] - Grouping files in sets...
[2024-09-04 18:42:32,484][main][INFO] - Moving files to staging directory...
[2024-09-04 18:42:32,537][main][INFO] - Keeping every third file and removing the others...
[2024-09-04 18:42:33,145][main][INFO] - Processing file /mnt/geosense/cameras/G5Bullet_27/mp4/File_004_G5Bullet_27_F4E2C678D10D_2024-09-03_5_0.mp4...
[2024-09-04 18:57:15,355][main][INFO] - All frames extracted.
[2024-09-04 18:57:15,356][main][INFO] - Total frames extracted: 53580
[2024-09-04 18:57:15,357][main][INFO] - Grouping files in sets...
[2024-09-04 18:57:15,484][main][INFO] - Moving files to staging directory...
[2024-09-04 18:57:15,529][main][INFO] - Keeping every third file and removing the others...
[2024-09-04 18:57:16,080][main][INFO] - Processing file /mnt/geosense/cameras/G5Bullet_27/mp4/File_005_G5Bullet_27_F4E2C678D10D_2024-09-03_6_0.mp4...
[2024-09-04 19:12:35,761][main][INFO] - All frames extracted.
[2024-09-04 19:12:35,762][main][INFO] - Total frames extracted: 64470
[2024-09-04 19:12:35,762][main][INFO] - Grouping files in sets...
[2024-09-04 19:12:35,923][main][INFO] - Moving files to staging directory...
[2024-09-04 19:12:35,976][main][INFO] - Keeping every third file and removing the others...
[2024-09-04 19:12:36,496][main][INFO] - Processing file /mnt/geosense/cameras/G5Bullet_27/mp4/File_006_G5Bullet_27_F4E2C678D10D_2024-09-03_7_0.mp4...
[2024-09-04 19:25:53,303][main][INFO] - All frames extracted.
[2024-09-04 19:25:53,304][main][INFO] - Total frames extracted: 73185
[2024-09-04 19:25:53,304][main][INFO] - Grouping files in sets...
[2024-09-04 19:25:53,477][main][INFO] - Moving files to staging directory...
[2024-09-04 19:25:53,514][main][INFO] - Keeping every third file and removing the others...
[2024-09-04 19:25:53,928][main][INFO] - Processing file /mnt/geosense/cameras/G5Bullet_27/mp4/File_007_G5Bullet_27_F4E2C678D10D_2024-09-03_8_0.mp4...
[2024-09-04 19:35:52,353][main][INFO] - All frames extracted.
[2024-09-04 19:35:52,354][main][INFO] - Total frames extracted: 78954
[2024-09-04 19:35:52,354][main][INFO] - Grouping files in sets...
[2024-09-04 19:35:52,423][main][INFO] - Moving files to staging directory...
[2024-09-04 19:35:52,448][main][INFO] - Keeping every third file and removing the others...
[2024-09-04 19:35:52,934][main][INFO] - Processing file /mnt/geosense/cameras/G5Bullet_27/mp4/File_008_G5Bullet_27_F4E2C678D10D_2024-09-03_9_0.mp4...
